=====================================================
Start Time  : Thu Oct  2 10:22:47 AM PDT 2025
Job ID/Name : 54070199 / parse_hmm.e%j
======================================================

Traceback (most recent call last):
  File "/central/groups/enviromics/data/GTDB/bin/Parse_tophits.py", line 16, in <module>
    hits['contig'] = hits['Hit'].str.split('_').str[:-1].str.join('_') 
                     ^^^^^^^^^^^^^^^
  File "/home/zshivji/miniconda3/envs/parse_hmm/lib/python3.12/site-packages/pandas/core/generic.py", line 6299, in __getattr__
    return object.__getattribute__(self, name)
           ^^^^^^^^^^^^^^^^^^^^^^^^^^^^^^^^^^^
  File "/home/zshivji/miniconda3/envs/parse_hmm/lib/python3.12/site-packages/pandas/core/accessor.py", line 224, in __get__
    accessor_obj = self._accessor(obj)
                   ^^^^^^^^^^^^^^^^^^^
  File "/home/zshivji/miniconda3/envs/parse_hmm/lib/python3.12/site-packages/pandas/core/strings/accessor.py", line 191, in __init__
    self._inferred_dtype = self._validate(data)
                           ^^^^^^^^^^^^^^^^^^^^
  File "/home/zshivji/miniconda3/envs/parse_hmm/lib/python3.12/site-packages/pandas/core/strings/accessor.py", line 245, in _validate
    raise AttributeError("Can only use .str accessor with string values!")
AttributeError: Can only use .str accessor with string values!. Did you mean: 'std'?
Found Zostera hits!

======================================================
End Time   : Thu Oct  2 10:23:03 AM PDT 2025
======================================================

