# hmmsearch :: search profile(s) against a sequence database
# HMMER 3.4 (Aug 2023); http://hmmer.org/
# Copyright (C) 2023 Howard Hughes Medical Institute.
# Freely distributed under the BSD open source license.
# - - - - - - - - - - - - - - - - - - - - - - - - - - - - - - - - - - - -
# query HMM file:                  ../HMMs/combined_nif_04012025.hmm
# target sequence database:        ../all_rep_proteins_aa/archaea/GB_GCA_021786335.1_protein.faa
# - - - - - - - - - - - - - - - - - - - - - - - - - - - - - - - - - - - -

Query:       nifH-03292025  [M=327]
Scores for complete sequences (score includes all domains):
   --- full sequence ---   --- best 1 domain ---    -#dom-
    E-value  score  bias    E-value  score  bias    exp  N  Sequence Description
    ------- ------ -----    ------- ------ -----   ---- --  -------- -----------

   [No hits detected that satisfy reporting thresholds]


Domain annotation for each sequence (and alignments):

   [No targets detected that satisfy reporting thresholds]


Internal pipeline statistics summary:
-------------------------------------
Query model(s):                            1  (327 nodes)
Target sequences:                       1410  (344296 residues searched)
Passed MSV filter:                        49  (0.0347518); expected 28.2 (0.02)
Passed bias filter:                       43  (0.0304965); expected 28.2 (0.02)
Passed Vit filter:                         0  (0); expected 1.4 (0.001)
Passed Fwd filter:                         0  (0); expected 0.0 (1e-05)
Initial search space (Z):               1410  [actual number of targets]
Domain search space  (domZ):               0  [number of targets reported over threshold]
# CPU time: 0.00u 0.00s 00:00:00.00 Elapsed: 00:00:00.00
# Mc/sec: 13633.96
//
Query:       nifD-03292025  [M=482]
Scores for complete sequences (score includes all domains):
   --- full sequence ---   --- best 1 domain ---    -#dom-
    E-value  score  bias    E-value  score  bias    exp  N  Sequence Description
    ------- ------ -----    ------- ------ -----   ---- --  -------- -----------

   [No hits detected that satisfy reporting thresholds]


Domain annotation for each sequence (and alignments):

   [No targets detected that satisfy reporting thresholds]


Internal pipeline statistics summary:
-------------------------------------
Query model(s):                            1  (482 nodes)
Target sequences:                       1410  (344296 residues searched)
Passed MSV filter:                        47  (0.0333333); expected 28.2 (0.02)
Passed bias filter:                       43  (0.0304965); expected 28.2 (0.02)
Passed Vit filter:                         7  (0.00496454); expected 1.4 (0.001)
Passed Fwd filter:                         0  (0); expected 0.0 (1e-05)
Initial search space (Z):               1410  [actual number of targets]
Domain search space  (domZ):               0  [number of targets reported over threshold]
# CPU time: 0.01u 0.00s 00:00:00.01 Elapsed: 00:00:00.00
# Mc/sec: 20482.38
//
Query:       nifK-03292025  [M=490]
Scores for complete sequences (score includes all domains):
   --- full sequence ---   --- best 1 domain ---    -#dom-
    E-value  score  bias    E-value  score  bias    exp  N  Sequence Description
    ------- ------ -----    ------- ------ -----   ---- --  -------- -----------

   [No hits detected that satisfy reporting thresholds]


Domain annotation for each sequence (and alignments):

   [No targets detected that satisfy reporting thresholds]


Internal pipeline statistics summary:
-------------------------------------
Query model(s):                            1  (490 nodes)
Target sequences:                       1410  (344296 residues searched)
Passed MSV filter:                        38  (0.0269504); expected 28.2 (0.02)
Passed bias filter:                       34  (0.0241135); expected 28.2 (0.02)
Passed Vit filter:                         2  (0.00141844); expected 1.4 (0.001)
Passed Fwd filter:                         0  (0); expected 0.0 (1e-05)
Initial search space (Z):               1410  [actual number of targets]
Domain search space  (domZ):               0  [number of targets reported over threshold]
# CPU time: 0.01u 0.00s 00:00:00.01 Elapsed: 00:00:00.00
# Mc/sec: 21300.02
//
Query:       nifB-03292025  [M=505]
Scores for complete sequences (score includes all domains):
   --- full sequence ---   --- best 1 domain ---    -#dom-
    E-value  score  bias    E-value  score  bias    exp  N  Sequence            Description
    ------- ------ -----    ------- ------ -----   ---- --  --------            -----------
    1.4e-08   30.0   0.0    8.1e-08   27.4   0.0    2.0  1  JAJYNM010000077.1_2  # 1071 # 2087 # 1 # ID=45_2;partial=00;s


Domain annotation for each sequence (and alignments):
>> JAJYNM010000077.1_2  # 1071 # 2087 # 1 # ID=45_2;partial=00;start_type=ATG;rbs_motif=None;rbs_spacer=None;gc_cont=0.5
   #    score  bias  c-Evalue  i-Evalue hmmfrom  hmm to    alifrom  ali to    envfrom  env to     acc
 ---   ------ ----- --------- --------- ------- -------    ------- -------    ------- -------    ----
   1 !   27.4   0.0   5.8e-11   8.1e-08      79     274 ..      22     196 ..      14     204 .. 0.86

  Alignments for each domain:
  == domain 1  score: 27.4 bits;  conditional E-value: 5.8e-11
        nifB-03292025  79 mHvavApaCNiqCnyCnRkydCanEsRPGvvsevLtpeqavkkvkavaaeipqlsVvGiAG....PGDalanpektfetlelvkeeapdl 164
                          + ++v   CN +C +C    d            +  pe     +++++++   lsV+Gi G     G++l   +   + ++++++  +  
  JAJYNM010000077.1_2  22 LRISVTDRCNFACLFCMPDKDK----------VKWLPEADQLSFEEIERSARVLSVLGIDGiritGGEPLLRRN-LEALISRLSRLDSVE 100
                          67899999*******9988776..........477899999999***************996665699999554.777888888888888 PP

        nifB-03292025 165 klClstNGLaLpeyvdelaelnvdhvtvTiNavdpeigakiypwvlyekkrytgeeaaeiLlerQlegleklaergv.lvKvNsvlipgv 253
                          +l ++tNG  L +++  l++ ++  vtv + ++                +r++++ + + L  r leg+++ ++ g+  vKvNsv i+g 
  JAJYNM010000077.1_2 101 TLDMTTNGWFLKQKARLLKDSGLRGVTVSLHSLKR--------------ERFSKISGMDAL-PRVLEGIDEAVRVGLdPVKVNSVAIKGY 175
                          999*************************9988765..............778888888877.589***********955*********** PP

        nifB-03292025 254 NdehlvevakkvkekgaflhN 274
                          Nd+++v++   ++++g  +  
  JAJYNM010000077.1_2 176 NDDEIVDLVDYTHSRGLSIRF 196
                          ********9999999988754 PP



Internal pipeline statistics summary:
-------------------------------------
Query model(s):                            1  (505 nodes)
Target sequences:                       1410  (344296 residues searched)
Passed MSV filter:                        35  (0.0248227); expected 28.2 (0.02)
Passed bias filter:                       32  (0.022695); expected 28.2 (0.02)
Passed Vit filter:                         5  (0.0035461); expected 1.4 (0.001)
Passed Fwd filter:                         1  (0.00070922); expected 0.0 (1e-05)
Initial search space (Z):               1410  [actual number of targets]
Domain search space  (domZ):               1  [number of targets reported over threshold]
# CPU time: 0.02u 0.01s 00:00:00.03 Elapsed: 00:00:00.01
# Mc/sec: 10025.82
//
Query:       nifE-03292025  [M=556]
Scores for complete sequences (score includes all domains):
   --- full sequence ---   --- best 1 domain ---    -#dom-
    E-value  score  bias    E-value  score  bias    exp  N  Sequence Description
    ------- ------ -----    ------- ------ -----   ---- --  -------- -----------

   [No hits detected that satisfy reporting thresholds]


Domain annotation for each sequence (and alignments):

   [No targets detected that satisfy reporting thresholds]


Internal pipeline statistics summary:
-------------------------------------
Query model(s):                            1  (556 nodes)
Target sequences:                       1410  (344296 residues searched)
Passed MSV filter:                        45  (0.0319149); expected 28.2 (0.02)
Passed bias filter:                       39  (0.0276596); expected 28.2 (0.02)
Passed Vit filter:                         5  (0.0035461); expected 1.4 (0.001)
Passed Fwd filter:                         0  (0); expected 0.0 (1e-05)
Initial search space (Z):               1410  [actual number of targets]
Domain search space  (domZ):               0  [number of targets reported over threshold]
# CPU time: 0.01u 0.00s 00:00:00.01 Elapsed: 00:00:00.01
# Mc/sec: 16373.80
//
Query:       nifN-03292025  [M=700]
Scores for complete sequences (score includes all domains):
   --- full sequence ---   --- best 1 domain ---    -#dom-
    E-value  score  bias    E-value  score  bias    exp  N  Sequence Description
    ------- ------ -----    ------- ------ -----   ---- --  -------- -----------

   [No hits detected that satisfy reporting thresholds]


Domain annotation for each sequence (and alignments):

   [No targets detected that satisfy reporting thresholds]


Internal pipeline statistics summary:
-------------------------------------
Query model(s):                            1  (700 nodes)
Target sequences:                       1410  (344296 residues searched)
Passed MSV filter:                        54  (0.0382979); expected 28.2 (0.02)
Passed bias filter:                       37  (0.0262411); expected 28.2 (0.02)
Passed Vit filter:                         6  (0.00425532); expected 1.4 (0.001)
Passed Fwd filter:                         0  (0); expected 0.0 (1e-05)
Initial search space (Z):               1410  [actual number of targets]
Domain search space  (domZ):               0  [number of targets reported over threshold]
# CPU time: 0.01u 0.00s 00:00:00.01 Elapsed: 00:00:00.00
# Mc/sec: 24792.73
//
Query:       pchlide-04012025  [M=508]
Scores for complete sequences (score includes all domains):
   --- full sequence ---   --- best 1 domain ---    -#dom-
    E-value  score  bias    E-value  score  bias    exp  N  Sequence Description
    ------- ------ -----    ------- ------ -----   ---- --  -------- -----------

   [No hits detected that satisfy reporting thresholds]


Domain annotation for each sequence (and alignments):

   [No targets detected that satisfy reporting thresholds]


Internal pipeline statistics summary:
-------------------------------------
Query model(s):                            1  (508 nodes)
Target sequences:                       1410  (344296 residues searched)
Passed MSV filter:                        35  (0.0248227); expected 28.2 (0.02)
Passed bias filter:                       31  (0.0219858); expected 28.2 (0.02)
Passed Vit filter:                         6  (0.00425532); expected 1.4 (0.001)
Passed Fwd filter:                         0  (0); expected 0.0 (1e-05)
Initial search space (Z):               1410  [actual number of targets]
Domain search space  (domZ):               0  [number of targets reported over threshold]
# CPU time: 0.01u 0.00s 00:00:00.01 Elapsed: 00:00:00.00
# Mc/sec: 23022.54
//
[ok]
# hmmsearch :: search profile(s) against a sequence database
# HMMER 3.4 (Aug 2023); http://hmmer.org/
# Copyright (C) 2023 Howard Hughes Medical Institute.
# Freely distributed under the BSD open source license.
# - - - - - - - - - - - - - - - - - - - - - - - - - - - - - - - - - - - -
# query HMM file:                  ../HMMs/nifV_07242025.hmm
# target sequence database:        ../all_rep_proteins_aa/archaea/GB_GCA_021786335.1_protein.faa
# - - - - - - - - - - - - - - - - - - - - - - - - - - - - - - - - - - - -

Query:       nifV-07242025  [M=437]
Scores for complete sequences (score includes all domains):
   --- full sequence ---   --- best 1 domain ---    -#dom-
    E-value  score  bias    E-value  score  bias    exp  N  Sequence Description
    ------- ------ -----    ------- ------ -----   ---- --  -------- -----------

   [No hits detected that satisfy reporting thresholds]


Domain annotation for each sequence (and alignments):

   [No targets detected that satisfy reporting thresholds]


Internal pipeline statistics summary:
-------------------------------------
Query model(s):                            1  (437 nodes)
Target sequences:                       1410  (344296 residues searched)
Passed MSV filter:                        41  (0.029078); expected 28.2 (0.02)
Passed bias filter:                       27  (0.0191489); expected 28.2 (0.02)
Passed Vit filter:                         2  (0.00141844); expected 1.4 (0.001)
Passed Fwd filter:                         0  (0); expected 0.0 (1e-05)
Initial search space (Z):               1410  [actual number of targets]
Domain search space  (domZ):               0  [number of targets reported over threshold]
# CPU time: 0.01u 0.00s 00:00:00.01 Elapsed: 00:00:00.00
# Mc/sec: 23312.87
//
[ok]
