# hmmsearch :: search profile(s) against a sequence database
# HMMER 3.4 (Aug 2023); http://hmmer.org/
# Copyright (C) 2023 Howard Hughes Medical Institute.
# Freely distributed under the BSD open source license.
# - - - - - - - - - - - - - - - - - - - - - - - - - - - - - - - - - - - -
# query HMM file:                  ../HMMs/combined_nif_04012025.hmm
# target sequence database:        ../all_rep_proteins_aa/archaea/GB_GCA_024720975.1_protein.faa
# - - - - - - - - - - - - - - - - - - - - - - - - - - - - - - - - - - - -

Query:       nifH-03292025  [M=327]
Scores for complete sequences (score includes all domains):
   --- full sequence ---   --- best 1 domain ---    -#dom-
    E-value  score  bias    E-value  score  bias    exp  N  Sequence             Description
    ------- ------ -----    ------- ------ -----   ---- --  --------             -----------
    6.2e-06   21.8   1.8      0.005   12.3   0.5    2.1  2  JANJXX010000005.1_36  # 26983 # 27723 # 1 # ID=25_36;partial=
    0.00011   17.7   0.0    0.00012   17.6   0.0    1.0  1  JANJXX010000029.1_6   # 2954 # 3058 # 1 # ID=22_6;partial=01;


Domain annotation for each sequence (and alignments):
>> JANJXX010000005.1_36  # 26983 # 27723 # 1 # ID=25_36;partial=00;start_type=ATG;rbs_motif=GGxGG;rbs_spacer=5-10bp;gc_c
   #    score  bias  c-Evalue  i-Evalue hmmfrom  hmm to    alifrom  ali to    envfrom  env to     acc
 ---   ------ ----- --------- --------- ------- -------    ------- -------    ------- -------    ----
   1 !   12.3   0.5   7.8e-06     0.005      15      38 ..      25      48 ..      10      53 .. 0.81
   2 !    9.0   0.0   7.5e-05     0.049     173     230 ..     169     224 ..     144     245 .. 0.81

  Alignments for each domain:
  == domain 1  score: 12.3 bits;  conditional E-value: 7.8e-06
         nifH-03292025 15 YGKGGiGKSttasnlsaalaeegk 38
                           GKGG+GK t+++ ls +l+e+g+
  JANJXX010000005.1_36 25 SGKGGVGKTTISTVLSLILSERGY 48
                          4*******************9985 PP

  == domain 2  score: 9.0 bits;  conditional E-value: 7.5e-05
         nifH-03292025 173 ikkyaeeggvrlgGlicNsrkvdkeeelveefaeklgtqiiafvprsnevqkaelekk 230
                           + k+  eg+ ++ G+++N+++  +++ lv+e+a+++ ++ +  vp ++ ++k   + +
  JANJXX010000005.1_36 169 LIKFMIEGNFNILGIVANMIR--NDDALVRELAKEFSIKFLGSVPFDQYFEKVLGNMQ 224
                           4567778999********976..5678********************99988655555 PP

>> JANJXX010000029.1_6  # 2954 # 3058 # 1 # ID=22_6;partial=01;start_type=GTG;rbs_motif=AGxAGG/AGGxGG;rbs_spacer=5-10bp;
   #    score  bias  c-Evalue  i-Evalue hmmfrom  hmm to    alifrom  ali to    envfrom  env to     acc
 ---   ------ ----- --------- --------- ------- -------    ------- -------    ------- -------    ----
   1 !   17.6   0.0   1.8e-07   0.00012      20      50 ..       1      31 [.       1      34 [. 0.93

  Alignments for each domain:
  == domain 1  score: 17.6 bits;  conditional E-value: 1.8e-07
        nifH-03292025 20 iGKSttasnlsaalaeegkkvlivGCdPKaD 50
                         +GK tta nlsa la +gk+ l +  dP a 
  JANJXX010000029.1_6  1 MGKTTTAVNLSAYLAISGKRTLLIDLDPQAA 31
                         5***************************985 PP



Internal pipeline statistics summary:
-------------------------------------
Query model(s):                            1  (327 nodes)
Target sequences:                       1296  (407861 residues searched)
Passed MSV filter:                        78  (0.0601852); expected 25.9 (0.02)
Passed bias filter:                       71  (0.054784); expected 25.9 (0.02)
Passed Vit filter:                         9  (0.00694444); expected 1.3 (0.001)
Passed Fwd filter:                         2  (0.00154321); expected 0.0 (1e-05)
Initial search space (Z):               1296  [actual number of targets]
Domain search space  (domZ):               2  [number of targets reported over threshold]
# CPU time: 0.01u 0.00s 00:00:00.01 Elapsed: 00:00:00.01
# Mc/sec: 7148.04
//
Query:       nifD-03292025  [M=482]
Scores for complete sequences (score includes all domains):
   --- full sequence ---   --- best 1 domain ---    -#dom-
    E-value  score  bias    E-value  score  bias    exp  N  Sequence Description
    ------- ------ -----    ------- ------ -----   ---- --  -------- -----------

   [No hits detected that satisfy reporting thresholds]


Domain annotation for each sequence (and alignments):

   [No targets detected that satisfy reporting thresholds]


Internal pipeline statistics summary:
-------------------------------------
Query model(s):                            1  (482 nodes)
Target sequences:                       1296  (407861 residues searched)
Passed MSV filter:                        81  (0.0625); expected 25.9 (0.02)
Passed bias filter:                       66  (0.0509259); expected 25.9 (0.02)
Passed Vit filter:                         1  (0.000771605); expected 1.3 (0.001)
Passed Fwd filter:                         0  (0); expected 0.0 (1e-05)
Initial search space (Z):               1296  [actual number of targets]
Domain search space  (domZ):               0  [number of targets reported over threshold]
# CPU time: 0.02u 0.00s 00:00:00.02 Elapsed: 00:00:00.00
# Mc/sec: 20108.85
//
Query:       nifK-03292025  [M=490]
Scores for complete sequences (score includes all domains):
   --- full sequence ---   --- best 1 domain ---    -#dom-
    E-value  score  bias    E-value  score  bias    exp  N  Sequence Description
    ------- ------ -----    ------- ------ -----   ---- --  -------- -----------

   [No hits detected that satisfy reporting thresholds]


Domain annotation for each sequence (and alignments):

   [No targets detected that satisfy reporting thresholds]


Internal pipeline statistics summary:
-------------------------------------
Query model(s):                            1  (490 nodes)
Target sequences:                       1296  (407861 residues searched)
Passed MSV filter:                        30  (0.0231481); expected 25.9 (0.02)
Passed bias filter:                       29  (0.0223765); expected 25.9 (0.02)
Passed Vit filter:                         6  (0.00462963); expected 1.3 (0.001)
Passed Fwd filter:                         0  (0); expected 0.0 (1e-05)
Initial search space (Z):               1296  [actual number of targets]
Domain search space  (domZ):               0  [number of targets reported over threshold]
# CPU time: 0.01u 0.00s 00:00:00.01 Elapsed: 00:00:00.01
# Mc/sec: 16603.48
//
Query:       nifB-03292025  [M=505]
Scores for complete sequences (score includes all domains):
   --- full sequence ---   --- best 1 domain ---    -#dom-
    E-value  score  bias    E-value  score  bias    exp  N  Sequence             Description
    ------- ------ -----    ------- ------ -----   ---- --  --------             -----------
    2.5e-07   25.7   0.6    8.3e-07   24.0   0.6    1.7  1  JANJXX010000005.1_4   # 1762 # 2697 # 1 # ID=25_4;partial=00;
    1.4e-05   20.0   0.0    4.6e-05   18.2   0.0    1.8  2  JANJXX010000004.1_53  # 53614 # 54642 # 1 # ID=24_53;partial=


Domain annotation for each sequence (and alignments):
>> JANJXX010000005.1_4  # 1762 # 2697 # 1 # ID=25_4;partial=00;start_type=ATG;rbs_motif=None;rbs_spacer=None;gc_cont=0.3
   #    score  bias  c-Evalue  i-Evalue hmmfrom  hmm to    alifrom  ali to    envfrom  env to     acc
 ---   ------ ----- --------- --------- ------- -------    ------- -------    ------- -------    ----
   1 !   24.0   0.6   1.3e-09   8.3e-07      79     261 ..      14     175 ..       3     190 .. 0.80

  Alignments for each domain:
  == domain 1  score: 24.0 bits;  conditional E-value: 1.3e-09
        nifB-03292025  79 mHvavApaCNiqCnyCnRk..ydCanEsRPGvvsevLtpeqavkkvkavaaeipqlsVvGiAGPGDalanpe..ktfetlelvkeeapdl 164
                          + + v   CN +C +C+ +  y C+ +s     +++L++e+ +++v  va+ ++ +  v i G G++l  p+  k+++tl+ +   + d+
  JANJXX010000005.1_4  14 IRIIVNVECNYNCIFCHSEgyYHCSKDS-----QQMLSVED-IQRVGLVARMFD-IDSVKITG-GEPLLHPSidKVISTLNDL--GFRDI 93 
                          56778889********8755599*9886.....47777777.999999998776.99999999.9***987611555555554..45666 PP

        nifB-03292025 165 klClstNGLaLpeyvdelaelnvdhvtvTiNavdpeigakiypwvlyekkrytgeeaaeiLlerQlegleklaergvl.vKvNsvlipgv 253
                             l tNG  L + v++l++ ++  + v                v  +++ry  +  ++ +l r l+g++  +e g+  vK+N v++ g+
  JANJXX010000005.1_4  94 S--LVTNGSLLEKLVERLKQSGLVRINVS--------------LVSLRENRYDAITRTNNMLPRVLRGIKLAKEVGLKpVKINVVVLQGL 167
                          5..68*****************9666654..............4677889999999999999**************966*********** PP

        nifB-03292025 254 Ndehlvev 261
                          Nd+++ + 
  JANJXX010000005.1_4 168 NDDEIFDF 175
                          ***99875 PP

>> JANJXX010000004.1_53  # 53614 # 54642 # 1 # ID=24_53;partial=00;start_type=ATG;rbs_motif=GGA/GAG/AGG;rbs_spacer=5-10b
   #    score  bias  c-Evalue  i-Evalue hmmfrom  hmm to    alifrom  ali to    envfrom  env to     acc
 ---   ------ ----- --------- --------- ------- -------    ------- -------    ------- -------    ----
   1 !   18.2   0.0   7.2e-08   4.6e-05     130     200 ..      23      90 ..       9     110 .. 0.86
   2 ?   -1.5   0.0      0.07        46     416     455 ..     168     208 ..     133     212 .. 0.67

  Alignments for each domain:
  == domain 1  score: 18.2 bits;  conditional E-value: 7.2e-08
         nifB-03292025 130 pqlsVvGiAGPGDalanpektfetlelvkeeapdlklClstNGLaLpeyvdelaelnvdhvtvTiNavdpe 200
                           ++++ v + G G++l+ p+    +++ +ke+    ++ l tNG+ L ++++e+++l+vd + + i  ++pe
  JANJXX010000004.1_53  23 NNIKAVTLSGLGEPLYHPK-ALWFIKELKERGA--RVLLNTNGIFLSKHLNEIIDLGVDALILSIEGLEPE 90 
                           5799999*********998.7888999988765..6678**************************999997 PP

  == domain 2  score: -1.5 bits;  conditional E-value: 0.07
         nifB-03292025 416 kyCkggegceee.edrleeilkalsdceavlcakiGeepke 455
                             C  +e+c++  +++le + ++l d+  v++++  ++p++
  JANJXX010000004.1_53 168 LACFNDEDCAKLySEQLEILGRKLVDVWNVFVSRSYTTPQQ 208
                           45666666665546667777777777777777776666666 PP



Internal pipeline statistics summary:
-------------------------------------
Query model(s):                            1  (505 nodes)
Target sequences:                       1296  (407861 residues searched)
Passed MSV filter:                        58  (0.0447531); expected 25.9 (0.02)
Passed bias filter:                       55  (0.0424383); expected 25.9 (0.02)
Passed Vit filter:                        11  (0.00848765); expected 1.3 (0.001)
Passed Fwd filter:                         2  (0.00154321); expected 0.0 (1e-05)
Initial search space (Z):               1296  [actual number of targets]
Domain search space  (domZ):               2  [number of targets reported over threshold]
# CPU time: 0.02u 0.00s 00:00:00.02 Elapsed: 00:00:00.01
# Mc/sec: 12673.91
//
Query:       nifE-03292025  [M=556]
Scores for complete sequences (score includes all domains):
   --- full sequence ---   --- best 1 domain ---    -#dom-
    E-value  score  bias    E-value  score  bias    exp  N  Sequence Description
    ------- ------ -----    ------- ------ -----   ---- --  -------- -----------

   [No hits detected that satisfy reporting thresholds]


Domain annotation for each sequence (and alignments):

   [No targets detected that satisfy reporting thresholds]


Internal pipeline statistics summary:
-------------------------------------
Query model(s):                            1  (556 nodes)
Target sequences:                       1296  (407861 residues searched)
Passed MSV filter:                        72  (0.0555556); expected 25.9 (0.02)
Passed bias filter:                       62  (0.0478395); expected 25.9 (0.02)
Passed Vit filter:                         8  (0.00617284); expected 1.3 (0.001)
Passed Fwd filter:                         0  (0); expected 0.0 (1e-05)
Initial search space (Z):               1296  [actual number of targets]
Domain search space  (domZ):               0  [number of targets reported over threshold]
# CPU time: 0.02u 0.00s 00:00:00.02 Elapsed: 00:00:00.01
# Mc/sec: 17857.55
//
Query:       nifN-03292025  [M=700]
Scores for complete sequences (score includes all domains):
   --- full sequence ---   --- best 1 domain ---    -#dom-
    E-value  score  bias    E-value  score  bias    exp  N  Sequence Description
    ------- ------ -----    ------- ------ -----   ---- --  -------- -----------

   [No hits detected that satisfy reporting thresholds]


Domain annotation for each sequence (and alignments):

   [No targets detected that satisfy reporting thresholds]


Internal pipeline statistics summary:
-------------------------------------
Query model(s):                            1  (700 nodes)
Target sequences:                       1296  (407861 residues searched)
Passed MSV filter:                        45  (0.0347222); expected 25.9 (0.02)
Passed bias filter:                       42  (0.0324074); expected 25.9 (0.02)
Passed Vit filter:                         6  (0.00462963); expected 1.3 (0.001)
Passed Fwd filter:                         0  (0); expected 0.0 (1e-05)
Initial search space (Z):               1296  [actual number of targets]
Domain search space  (domZ):               0  [number of targets reported over threshold]
# CPU time: 0.02u 0.00s 00:00:00.02 Elapsed: 00:00:00.01
# Mc/sec: 20901.24
//
Query:       pchlide-04012025  [M=508]
Scores for complete sequences (score includes all domains):
   --- full sequence ---   --- best 1 domain ---    -#dom-
    E-value  score  bias    E-value  score  bias    exp  N  Sequence Description
    ------- ------ -----    ------- ------ -----   ---- --  -------- -----------

   [No hits detected that satisfy reporting thresholds]


Domain annotation for each sequence (and alignments):

   [No targets detected that satisfy reporting thresholds]


Internal pipeline statistics summary:
-------------------------------------
Query model(s):                            1  (508 nodes)
Target sequences:                       1296  (407861 residues searched)
Passed MSV filter:                        52  (0.0401235); expected 25.9 (0.02)
Passed bias filter:                       45  (0.0347222); expected 25.9 (0.02)
Passed Vit filter:                         2  (0.00154321); expected 1.3 (0.001)
Passed Fwd filter:                         0  (0); expected 0.0 (1e-05)
Initial search space (Z):               1296  [actual number of targets]
Domain search space  (domZ):               0  [number of targets reported over threshold]
# CPU time: 0.01u 0.00s 00:00:00.01 Elapsed: 00:00:00.01
# Mc/sec: 18172.99
//
[ok]
# hmmsearch :: search profile(s) against a sequence database
# HMMER 3.4 (Aug 2023); http://hmmer.org/
# Copyright (C) 2023 Howard Hughes Medical Institute.
# Freely distributed under the BSD open source license.
# - - - - - - - - - - - - - - - - - - - - - - - - - - - - - - - - - - - -
# query HMM file:                  ../HMMs/nifV_07242025.hmm
# target sequence database:        ../all_rep_proteins_aa/archaea/GB_GCA_024720975.1_protein.faa
# - - - - - - - - - - - - - - - - - - - - - - - - - - - - - - - - - - - -

Query:       nifV-07242025  [M=437]
Scores for complete sequences (score includes all domains):
   --- full sequence ---   --- best 1 domain ---    -#dom-
    E-value  score  bias    E-value  score  bias    exp  N  Sequence Description
    ------- ------ -----    ------- ------ -----   ---- --  -------- -----------

   [No hits detected that satisfy reporting thresholds]


Domain annotation for each sequence (and alignments):

   [No targets detected that satisfy reporting thresholds]


Internal pipeline statistics summary:
-------------------------------------
Query model(s):                            1  (437 nodes)
Target sequences:                       1296  (407861 residues searched)
Passed MSV filter:                        32  (0.0246914); expected 25.9 (0.02)
Passed bias filter:                       27  (0.0208333); expected 25.9 (0.02)
Passed Vit filter:                         0  (0); expected 1.3 (0.001)
Passed Fwd filter:                         0  (0); expected 0.0 (1e-05)
Initial search space (Z):               1296  [actual number of targets]
Domain search space  (domZ):               0  [number of targets reported over threshold]
# CPU time: 0.01u 0.00s 00:00:00.01 Elapsed: 00:00:00.00
# Mc/sec: 21269.53
//
[ok]
