# hmmsearch :: search profile(s) against a sequence database
# HMMER 3.4 (Aug 2023); http://hmmer.org/
# Copyright (C) 2023 Howard Hughes Medical Institute.
# Freely distributed under the BSD open source license.
# - - - - - - - - - - - - - - - - - - - - - - - - - - - - - - - - - - - -
# query HMM file:                  ../HMMs/combined_nif_04012025.hmm
# target sequence database:        ../all_rep_proteins_aa/archaea/GB_GCA_016198685.1_protein.faa
# - - - - - - - - - - - - - - - - - - - - - - - - - - - - - - - - - - - -

Query:       nifH-03292025  [M=327]
Scores for complete sequences (score includes all domains):
   --- full sequence ---   --- best 1 domain ---    -#dom-
    E-value  score  bias    E-value  score  bias    exp  N  Sequence             Description
    ------- ------ -----    ------- ------ -----   ---- --  --------             -----------
    5.4e-14   48.1   1.5      4e-07   25.5   0.0    2.1  2  JACQID010000008.1_36  # 28419 # 29192 # 1 # ID=3_36;partial=0


Domain annotation for each sequence (and alignments):
>> JACQID010000008.1_36  # 28419 # 29192 # 1 # ID=3_36;partial=00;start_type=ATG;rbs_motif=None;rbs_spacer=None;gc_cont=
   #    score  bias  c-Evalue  i-Evalue hmmfrom  hmm to    alifrom  ali to    envfrom  env to     acc
 ---   ------ ----- --------- --------- ------- -------    ------- -------    ------- -------    ----
   1 !   21.7   0.5   5.2e-09   5.7e-06      11      42 ..       4      36 ..       1      39 [. 0.86
   2 !   25.5   0.0   3.7e-10     4e-07     150     254 ..     134     235 ..     114     248 .. 0.84

  Alignments for each domain:
  == domain 1  score: 21.7 bits;  conditional E-value: 5.2e-09
         nifH-03292025 11 kiAiY.GKGGiGKSttasnlsaalaeegkkvli 42
                           iAi  GKGG GK t+++nl a la++gk+v++
  JACQID010000008.1_36  4 VIAICsGKGGAGKTTVTANLGARLAQMGKNVVV 36
                          567643************************986 PP

  == domain 2  score: 25.5 bits;  conditional E-value: 3.7e-10
         nifH-03292025 150 devyivtsgemmalYaanniakgikkyaeeggvrlgGlicNsrkvdkeeelveefaekl.gtqiiafvprsnevqkaelekktvieaap 237
                           de ++v+  em ++  a   +k+ +k+ae+ g+++ G+++N+ k  ++e   e++   l g +++a++p + evqk+ + ++ vi ++p
  JACQID010000008.1_36 134 DELILVANPEMTSVTDA---LKA-AKLAEQVGTKIMGVVVNKVKGMRHEMKTEDIRLMLdGLEVLAEIPDDIEVQKSIAARTPVIYYSP 218
                           55566666666655443...333.5789999***************9999999998776479*************************** PP

         nifH-03292025 238 dseqakeyreLakkile 254
                           +se+a ++r+La  ++ 
  JACQID010000008.1_36 219 KSEAAYNLRRLAAWVSG 235
                           ************98865 PP



Internal pipeline statistics summary:
-------------------------------------
Query model(s):                            1  (327 nodes)
Target sequences:                       1104  (284973 residues searched)
Passed MSV filter:                        55  (0.0498188); expected 22.1 (0.02)
Passed bias filter:                       34  (0.0307971); expected 22.1 (0.02)
Passed Vit filter:                         3  (0.00271739); expected 1.1 (0.001)
Passed Fwd filter:                         1  (0.000905797); expected 0.0 (1e-05)
Initial search space (Z):               1104  [actual number of targets]
Domain search space  (domZ):               1  [number of targets reported over threshold]
# CPU time: 0.00u 0.00s 00:00:00.00 Elapsed: 00:00:00.00
# Mc/sec: 10819.44
//
Query:       nifD-03292025  [M=482]
Scores for complete sequences (score includes all domains):
   --- full sequence ---   --- best 1 domain ---    -#dom-
    E-value  score  bias    E-value  score  bias    exp  N  Sequence Description
    ------- ------ -----    ------- ------ -----   ---- --  -------- -----------

   [No hits detected that satisfy reporting thresholds]


Domain annotation for each sequence (and alignments):

   [No targets detected that satisfy reporting thresholds]


Internal pipeline statistics summary:
-------------------------------------
Query model(s):                            1  (482 nodes)
Target sequences:                       1104  (284973 residues searched)
Passed MSV filter:                        49  (0.0443841); expected 22.1 (0.02)
Passed bias filter:                       25  (0.0226449); expected 22.1 (0.02)
Passed Vit filter:                         3  (0.00271739); expected 1.1 (0.001)
Passed Fwd filter:                         0  (0); expected 0.0 (1e-05)
Initial search space (Z):               1104  [actual number of targets]
Domain search space  (domZ):               0  [number of targets reported over threshold]
# CPU time: 0.00u 0.00s 00:00:00.00 Elapsed: 00:00:00.00
# Mc/sec: 17953.42
//
Query:       nifK-03292025  [M=490]
Scores for complete sequences (score includes all domains):
   --- full sequence ---   --- best 1 domain ---    -#dom-
    E-value  score  bias    E-value  score  bias    exp  N  Sequence Description
    ------- ------ -----    ------- ------ -----   ---- --  -------- -----------

   [No hits detected that satisfy reporting thresholds]


Domain annotation for each sequence (and alignments):

   [No targets detected that satisfy reporting thresholds]


Internal pipeline statistics summary:
-------------------------------------
Query model(s):                            1  (490 nodes)
Target sequences:                       1104  (284973 residues searched)
Passed MSV filter:                        32  (0.0289855); expected 22.1 (0.02)
Passed bias filter:                       28  (0.0253623); expected 22.1 (0.02)
Passed Vit filter:                         3  (0.00271739); expected 1.1 (0.001)
Passed Fwd filter:                         0  (0); expected 0.0 (1e-05)
Initial search space (Z):               1104  [actual number of targets]
Domain search space  (domZ):               0  [number of targets reported over threshold]
# CPU time: 0.01u 0.00s 00:00:00.01 Elapsed: 00:00:00.00
# Mc/sec: 17774.82
//
Query:       nifB-03292025  [M=505]
Scores for complete sequences (score includes all domains):
   --- full sequence ---   --- best 1 domain ---    -#dom-
    E-value  score  bias    E-value  score  bias    exp  N  Sequence Description
    ------- ------ -----    ------- ------ -----   ---- --  -------- -----------

   [No hits detected that satisfy reporting thresholds]


Domain annotation for each sequence (and alignments):

   [No targets detected that satisfy reporting thresholds]


Internal pipeline statistics summary:
-------------------------------------
Query model(s):                            1  (505 nodes)
Target sequences:                       1104  (284973 residues searched)
Passed MSV filter:                        38  (0.0344203); expected 22.1 (0.02)
Passed bias filter:                       33  (0.0298913); expected 22.1 (0.02)
Passed Vit filter:                         3  (0.00271739); expected 1.1 (0.001)
Passed Fwd filter:                         0  (0); expected 0.0 (1e-05)
Initial search space (Z):               1104  [actual number of targets]
Domain search space  (domZ):               0  [number of targets reported over threshold]
# CPU time: 0.01u 0.00s 00:00:00.01 Elapsed: 00:00:00.00
# Mc/sec: 19086.12
//
Query:       nifE-03292025  [M=556]
Scores for complete sequences (score includes all domains):
   --- full sequence ---   --- best 1 domain ---    -#dom-
    E-value  score  bias    E-value  score  bias    exp  N  Sequence Description
    ------- ------ -----    ------- ------ -----   ---- --  -------- -----------

   [No hits detected that satisfy reporting thresholds]


Domain annotation for each sequence (and alignments):

   [No targets detected that satisfy reporting thresholds]


Internal pipeline statistics summary:
-------------------------------------
Query model(s):                            1  (556 nodes)
Target sequences:                       1104  (284973 residues searched)
Passed MSV filter:                        61  (0.0552536); expected 22.1 (0.02)
Passed bias filter:                       33  (0.0298913); expected 22.1 (0.02)
Passed Vit filter:                         6  (0.00543478); expected 1.1 (0.001)
Passed Fwd filter:                         0  (0); expected 0.0 (1e-05)
Initial search space (Z):               1104  [actual number of targets]
Domain search space  (domZ):               0  [number of targets reported over threshold]
# CPU time: 0.01u 0.00s 00:00:00.01 Elapsed: 00:00:00.00
# Mc/sec: 18172.86
//
Query:       nifN-03292025  [M=700]
Scores for complete sequences (score includes all domains):
   --- full sequence ---   --- best 1 domain ---    -#dom-
    E-value  score  bias    E-value  score  bias    exp  N  Sequence Description
    ------- ------ -----    ------- ------ -----   ---- --  -------- -----------

   [No hits detected that satisfy reporting thresholds]


Domain annotation for each sequence (and alignments):

   [No targets detected that satisfy reporting thresholds]


Internal pipeline statistics summary:
-------------------------------------
Query model(s):                            1  (700 nodes)
Target sequences:                       1104  (284973 residues searched)
Passed MSV filter:                        27  (0.0244565); expected 22.1 (0.02)
Passed bias filter:                       18  (0.0163043); expected 22.1 (0.02)
Passed Vit filter:                         1  (0.000905797); expected 1.1 (0.001)
Passed Fwd filter:                         0  (0); expected 0.0 (1e-05)
Initial search space (Z):               1104  [actual number of targets]
Domain search space  (domZ):               0  [number of targets reported over threshold]
# CPU time: 0.00u 0.01s 00:00:00.01 Elapsed: 00:00:00.00
# Mc/sec: 22293.50
//
Query:       pchlide-04012025  [M=508]
Scores for complete sequences (score includes all domains):
   --- full sequence ---   --- best 1 domain ---    -#dom-
    E-value  score  bias    E-value  score  bias    exp  N  Sequence Description
    ------- ------ -----    ------- ------ -----   ---- --  -------- -----------

   [No hits detected that satisfy reporting thresholds]


Domain annotation for each sequence (and alignments):

   [No targets detected that satisfy reporting thresholds]


Internal pipeline statistics summary:
-------------------------------------
Query model(s):                            1  (508 nodes)
Target sequences:                       1104  (284973 residues searched)
Passed MSV filter:                        30  (0.0271739); expected 22.1 (0.02)
Passed bias filter:                       23  (0.0208333); expected 22.1 (0.02)
Passed Vit filter:                         3  (0.00271739); expected 1.1 (0.001)
Passed Fwd filter:                         0  (0); expected 0.0 (1e-05)
Initial search space (Z):               1104  [actual number of targets]
Domain search space  (domZ):               0  [number of targets reported over threshold]
# CPU time: 0.01u 0.00s 00:00:00.01 Elapsed: 00:00:00.00
# Mc/sec: 18755.51
//
[ok]
# hmmsearch :: search profile(s) against a sequence database
# HMMER 3.4 (Aug 2023); http://hmmer.org/
# Copyright (C) 2023 Howard Hughes Medical Institute.
# Freely distributed under the BSD open source license.
# - - - - - - - - - - - - - - - - - - - - - - - - - - - - - - - - - - - -
# query HMM file:                  ../HMMs/nifV_07242025.hmm
# target sequence database:        ../all_rep_proteins_aa/archaea/GB_GCA_016198685.1_protein.faa
# - - - - - - - - - - - - - - - - - - - - - - - - - - - - - - - - - - - -

Query:       nifV-07242025  [M=437]
Scores for complete sequences (score includes all domains):
   --- full sequence ---   --- best 1 domain ---    -#dom-
    E-value  score  bias    E-value  score  bias    exp  N  Sequence Description
    ------- ------ -----    ------- ------ -----   ---- --  -------- -----------

   [No hits detected that satisfy reporting thresholds]


Domain annotation for each sequence (and alignments):

   [No targets detected that satisfy reporting thresholds]


Internal pipeline statistics summary:
-------------------------------------
Query model(s):                            1  (437 nodes)
Target sequences:                       1104  (284973 residues searched)
Passed MSV filter:                        30  (0.0271739); expected 22.1 (0.02)
Passed bias filter:                       25  (0.0226449); expected 22.1 (0.02)
Passed Vit filter:                         1  (0.000905797); expected 1.1 (0.001)
Passed Fwd filter:                         0  (0); expected 0.0 (1e-05)
Initial search space (Z):               1104  [actual number of targets]
Domain search space  (domZ):               0  [number of targets reported over threshold]
# CPU time: 0.01u 0.00s 00:00:00.01 Elapsed: 00:00:00.00
# Mc/sec: 16971.87
//
[ok]
