# hmmsearch :: search profile(s) against a sequence database
# HMMER 3.4 (Aug 2023); http://hmmer.org/
# Copyright (C) 2023 Howard Hughes Medical Institute.
# Freely distributed under the BSD open source license.
# - - - - - - - - - - - - - - - - - - - - - - - - - - - - - - - - - - - -
# query HMM file:                  ../HMMs/combined_nif_04012025.hmm
# target sequence database:        ../all_rep_proteins_aa/archaea/GB_GCA_021817305.1_protein.faa
# - - - - - - - - - - - - - - - - - - - - - - - - - - - - - - - - - - - -

Query:       nifH-03292025  [M=327]
Scores for complete sequences (score includes all domains):
   --- full sequence ---   --- best 1 domain ---    -#dom-
    E-value  score  bias    E-value  score  bias    exp  N  Sequence            Description
    ------- ------ -----    ------- ------ -----   ---- --  --------            -----------
    3.6e-06   22.2   0.4    2.8e-05   19.3   0.5    1.9  2  JAKAVL010000013.1_9  # 4717 # 5511 # 1 # ID=10_9;partial=00;s


Domain annotation for each sequence (and alignments):
>> JAKAVL010000013.1_9  # 4717 # 5511 # 1 # ID=10_9;partial=00;start_type=ATG;rbs_motif=GTG;rbs_spacer=7bp;gc_cont=0.548
   #    score  bias  c-Evalue  i-Evalue hmmfrom  hmm to    alifrom  ali to    envfrom  env to     acc
 ---   ------ ----- --------- --------- ------- -------    ------- -------    ------- -------    ----
   1 !   19.3   0.5   2.8e-08   2.8e-05      10      41 ..      36      68 ..      23      88 .. 0.87
   2 ?    0.6   0.0     0.014        14     175     249 ..     188     258 ..     176     263 .. 0.65

  Alignments for each domain:
  == domain 1  score: 19.3 bits;  conditional E-value: 2.8e-08
        nifH-03292025 10 rkiAiY.GKGGiGKSttasnlsaalaeegkkvl 41
                         +ki +Y  KGG+GK tta n++++l+ +g+kv 
  JAKAVL010000013.1_9 36 NKIGVYsAKGGVGKTTTAVNIAYTLSGMGYKVG 68
                         68999955***********************95 PP

  == domain 2  score: 0.6 bits;  conditional E-value: 0.014
        nifH-03292025 175 kyaeeggvrlgGlicNsrkvdkeeelveefaeklgtqiiafvprsnevqkaelekktvieaapdseqakeyreLa 249
                          ++a++ gv + G++ N+ +   + +  +e a++lg++++  v+++  ++    +++  + +  d++ ++ey+++ 
  JAKAVL010000013.1_9 188 RMAKRLGVAVLGVVENMSDG--NVKGGREAADALGCDLLGSVNSDPALSGFSDSGR--VAVLHDKKIKEEYMAIV 258
                          67889999999999998754..4555688899999999999888877654333332..23334445555555555 PP



Internal pipeline statistics summary:
-------------------------------------
Query model(s):                            1  (327 nodes)
Target sequences:                        997  (253578 residues searched)
Passed MSV filter:                        29  (0.0290873); expected 19.9 (0.02)
Passed bias filter:                       25  (0.0250752); expected 19.9 (0.02)
Passed Vit filter:                         1  (0.00100301); expected 1.0 (0.001)
Passed Fwd filter:                         1  (0.00100301); expected 0.0 (1e-05)
Initial search space (Z):                997  [actual number of targets]
Domain search space  (domZ):               1  [number of targets reported over threshold]
# CPU time: 0.00u 0.00s 00:00:00.00 Elapsed: 00:00:00.00
# Mc/sec: 9385.77
//
Query:       nifD-03292025  [M=482]
Scores for complete sequences (score includes all domains):
   --- full sequence ---   --- best 1 domain ---    -#dom-
    E-value  score  bias    E-value  score  bias    exp  N  Sequence Description
    ------- ------ -----    ------- ------ -----   ---- --  -------- -----------

   [No hits detected that satisfy reporting thresholds]


Domain annotation for each sequence (and alignments):

   [No targets detected that satisfy reporting thresholds]


Internal pipeline statistics summary:
-------------------------------------
Query model(s):                            1  (482 nodes)
Target sequences:                        997  (253578 residues searched)
Passed MSV filter:                        29  (0.0290873); expected 19.9 (0.02)
Passed bias filter:                       21  (0.0210632); expected 19.9 (0.02)
Passed Vit filter:                         4  (0.00401204); expected 1.0 (0.001)
Passed Fwd filter:                         0  (0); expected 0.0 (1e-05)
Initial search space (Z):                997  [actual number of targets]
Domain search space  (domZ):               0  [number of targets reported over threshold]
# CPU time: 0.01u 0.00s 00:00:00.01 Elapsed: 00:00:00.00
# Mc/sec: 13637.74
//
Query:       nifK-03292025  [M=490]
Scores for complete sequences (score includes all domains):
   --- full sequence ---   --- best 1 domain ---    -#dom-
    E-value  score  bias    E-value  score  bias    exp  N  Sequence Description
    ------- ------ -----    ------- ------ -----   ---- --  -------- -----------

   [No hits detected that satisfy reporting thresholds]


Domain annotation for each sequence (and alignments):

   [No targets detected that satisfy reporting thresholds]


Internal pipeline statistics summary:
-------------------------------------
Query model(s):                            1  (490 nodes)
Target sequences:                        997  (253578 residues searched)
Passed MSV filter:                        27  (0.0270812); expected 19.9 (0.02)
Passed bias filter:                       22  (0.0220662); expected 19.9 (0.02)
Passed Vit filter:                         0  (0); expected 1.0 (0.001)
Passed Fwd filter:                         0  (0); expected 0.0 (1e-05)
Initial search space (Z):                997  [actual number of targets]
Domain search space  (domZ):               0  [number of targets reported over threshold]
# CPU time: 0.01u 0.00s 00:00:00.01 Elapsed: 00:00:00.00
# Mc/sec: 18223.40
//
Query:       nifB-03292025  [M=505]
Scores for complete sequences (score includes all domains):
   --- full sequence ---   --- best 1 domain ---    -#dom-
    E-value  score  bias    E-value  score  bias    exp  N  Sequence             Description
    ------- ------ -----    ------- ------ -----   ---- --  --------             -----------
     0.0029   11.9   0.0     0.0032   11.8   0.0    1.0  1  JAKAVL010000028.1_49  # 37916 # 38233 # 1 # ID=50_49;partial=


Domain annotation for each sequence (and alignments):
>> JAKAVL010000028.1_49  # 37916 # 38233 # 1 # ID=50_49;partial=00;start_type=ATG;rbs_motif=None;rbs_spacer=None;gc_cont
   #    score  bias  c-Evalue  i-Evalue hmmfrom  hmm to    alifrom  ali to    envfrom  env to     acc
 ---   ------ ----- --------- --------- ------- -------    ------- -------    ------- -------    ----
   1 !   11.8   0.0   3.2e-06    0.0032     377     477 ..       4     100 ..       1     104 [. 0.75

  Alignments for each domain:
  == domain 1  score: 11.8 bits;  conditional E-value: 3.2e-06
         nifB-03292025 377 AvaskggkrvnqHFGhakefliyevsekevklveerkvekyCkggegceeeedrleeilkalsd..ceavlcakiGeepkekLeeagie 463
                            v s++  +v+ HFG +k+f++ e+ + +    e+r++    + +e   +e++   ++lk+l++  +++v+c+++    +++Le++ i 
  JAKAVL010000028.1_49   4 GVPSDDALTVSDHFGRSKTFVLIELWNGR----ERREIVDNPHNSEP--NEKRGHGRLLKMLAEnrVNMVVCVNLNPRMQKNLESMHIA 86 
                           688999999*************9987654....55665444443333..45666677777776544889******9999*********9 PP

         nifB-03292025 464 aveaealetieeal 477
                           +++ e  + i++ +
  JAKAVL010000028.1_49  87 VTRCEPGSRIDAII 100
                           99887777777665 PP



Internal pipeline statistics summary:
-------------------------------------
Query model(s):                            1  (505 nodes)
Target sequences:                        997  (253578 residues searched)
Passed MSV filter:                        38  (0.0381143); expected 19.9 (0.02)
Passed bias filter:                       27  (0.0270812); expected 19.9 (0.02)
Passed Vit filter:                         6  (0.00601805); expected 1.0 (0.001)
Passed Fwd filter:                         1  (0.00100301); expected 0.0 (1e-05)
Initial search space (Z):                997  [actual number of targets]
Domain search space  (domZ):               1  [number of targets reported over threshold]
# CPU time: 0.01u 0.00s 00:00:00.01 Elapsed: 00:00:00.01
# Mc/sec: 10731.49
//
Query:       nifE-03292025  [M=556]
Scores for complete sequences (score includes all domains):
   --- full sequence ---   --- best 1 domain ---    -#dom-
    E-value  score  bias    E-value  score  bias    exp  N  Sequence Description
    ------- ------ -----    ------- ------ -----   ---- --  -------- -----------

   [No hits detected that satisfy reporting thresholds]


Domain annotation for each sequence (and alignments):

   [No targets detected that satisfy reporting thresholds]


Internal pipeline statistics summary:
-------------------------------------
Query model(s):                            1  (556 nodes)
Target sequences:                        997  (253578 residues searched)
Passed MSV filter:                        42  (0.0421264); expected 19.9 (0.02)
Passed bias filter:                       31  (0.0310933); expected 19.9 (0.02)
Passed Vit filter:                         4  (0.00401204); expected 1.0 (0.001)
Passed Fwd filter:                         0  (0); expected 0.0 (1e-05)
Initial search space (Z):                997  [actual number of targets]
Domain search space  (domZ):               0  [number of targets reported over threshold]
# CPU time: 0.01u 0.00s 00:00:00.01 Elapsed: 00:00:00.00
# Mc/sec: 15428.19
//
Query:       nifN-03292025  [M=700]
Scores for complete sequences (score includes all domains):
   --- full sequence ---   --- best 1 domain ---    -#dom-
    E-value  score  bias    E-value  score  bias    exp  N  Sequence Description
    ------- ------ -----    ------- ------ -----   ---- --  -------- -----------

   [No hits detected that satisfy reporting thresholds]


Domain annotation for each sequence (and alignments):

   [No targets detected that satisfy reporting thresholds]


Internal pipeline statistics summary:
-------------------------------------
Query model(s):                            1  (700 nodes)
Target sequences:                        997  (253578 residues searched)
Passed MSV filter:                        34  (0.0341023); expected 19.9 (0.02)
Passed bias filter:                       25  (0.0250752); expected 19.9 (0.02)
Passed Vit filter:                         2  (0.00200602); expected 1.0 (0.001)
Passed Fwd filter:                         0  (0); expected 0.0 (1e-05)
Initial search space (Z):                997  [actual number of targets]
Domain search space  (domZ):               0  [number of targets reported over threshold]
# CPU time: 0.01u 0.00s 00:00:00.01 Elapsed: 00:00:00.00
# Mc/sec: 18567.69
//
Query:       pchlide-04012025  [M=508]
Scores for complete sequences (score includes all domains):
   --- full sequence ---   --- best 1 domain ---    -#dom-
    E-value  score  bias    E-value  score  bias    exp  N  Sequence Description
    ------- ------ -----    ------- ------ -----   ---- --  -------- -----------

   [No hits detected that satisfy reporting thresholds]


Domain annotation for each sequence (and alignments):

   [No targets detected that satisfy reporting thresholds]


Internal pipeline statistics summary:
-------------------------------------
Query model(s):                            1  (508 nodes)
Target sequences:                        997  (253578 residues searched)
Passed MSV filter:                        25  (0.0250752); expected 19.9 (0.02)
Passed bias filter:                       23  (0.0230692); expected 19.9 (0.02)
Passed Vit filter:                         2  (0.00200602); expected 1.0 (0.001)
Passed Fwd filter:                         0  (0); expected 0.0 (1e-05)
Initial search space (Z):                997  [actual number of targets]
Domain search space  (domZ):               0  [number of targets reported over threshold]
# CPU time: 0.01u 0.00s 00:00:00.01 Elapsed: 00:00:00.00
# Mc/sec: 18553.61
//
[ok]
# hmmsearch :: search profile(s) against a sequence database
# HMMER 3.4 (Aug 2023); http://hmmer.org/
# Copyright (C) 2023 Howard Hughes Medical Institute.
# Freely distributed under the BSD open source license.
# - - - - - - - - - - - - - - - - - - - - - - - - - - - - - - - - - - - -
# query HMM file:                  ../HMMs/nifV_07242025.hmm
# target sequence database:        ../all_rep_proteins_aa/archaea/GB_GCA_021817305.1_protein.faa
# - - - - - - - - - - - - - - - - - - - - - - - - - - - - - - - - - - - -

Query:       nifV-07242025  [M=437]
Scores for complete sequences (score includes all domains):
   --- full sequence ---   --- best 1 domain ---    -#dom-
    E-value  score  bias    E-value  score  bias    exp  N  Sequence Description
    ------- ------ -----    ------- ------ -----   ---- --  -------- -----------

   [No hits detected that satisfy reporting thresholds]


Domain annotation for each sequence (and alignments):

   [No targets detected that satisfy reporting thresholds]


Internal pipeline statistics summary:
-------------------------------------
Query model(s):                            1  (437 nodes)
Target sequences:                        997  (253578 residues searched)
Passed MSV filter:                        36  (0.0361083); expected 19.9 (0.02)
Passed bias filter:                       25  (0.0250752); expected 19.9 (0.02)
Passed Vit filter:                         1  (0.00100301); expected 1.0 (0.001)
Passed Fwd filter:                         0  (0); expected 0.0 (1e-05)
Initial search space (Z):                997  [actual number of targets]
Domain search space  (domZ):               0  [number of targets reported over threshold]
# CPU time: 0.01u 0.00s 00:00:00.01 Elapsed: 00:00:00.00
# Mc/sec: 14657.95
//
[ok]
