# hmmsearch :: search profile(s) against a sequence database
# HMMER 3.4 (Aug 2023); http://hmmer.org/
# Copyright (C) 2023 Howard Hughes Medical Institute.
# Freely distributed under the BSD open source license.
# - - - - - - - - - - - - - - - - - - - - - - - - - - - - - - - - - - - -
# query HMM file:                  ../HMMs/combined_nif_04012025.hmm
# target sequence database:        ../all_rep_proteins_aa/archaea/GB_GCA_021796295.1_protein.faa
# - - - - - - - - - - - - - - - - - - - - - - - - - - - - - - - - - - - -

Query:       nifH-03292025  [M=327]
Scores for complete sequences (score includes all domains):
   --- full sequence ---   --- best 1 domain ---    -#dom-
    E-value  score  bias    E-value  score  bias    exp  N  Sequence             Description
    ------- ------ -----    ------- ------ -----   ---- --  --------             -----------
    1.1e-07   27.0   0.0    8.6e-05   17.5   0.1    2.2  2  JAJYIA010000006.1_15  # 13164 # 13952 # -1 # ID=21_15;partial
    0.00018   16.4   0.2    0.00082   14.2   0.1    1.8  2  JAJYIA010000046.1_3   # 2246 # 3055 # -1 # ID=26_3;partial=00


Domain annotation for each sequence (and alignments):
>> JAJYIA010000006.1_15  # 13164 # 13952 # -1 # ID=21_15;partial=00;start_type=GTG;rbs_motif=GGTG;rbs_spacer=5bp;gc_cont
   #    score  bias  c-Evalue  i-Evalue hmmfrom  hmm to    alifrom  ali to    envfrom  env to     acc
 ---   ------ ----- --------- --------- ------- -------    ------- -------    ------- -------    ----
   1 !   17.5   0.1     2e-07   8.6e-05       9      40 ..      34      66 ..      23     107 .. 0.87
   2 !    7.6   0.0    0.0002     0.084     175     253 ..     187     261 ..     170     262 .. 0.87

  Alignments for each domain:
  == domain 1  score: 17.5 bits;  conditional E-value: 2e-07
         nifH-03292025  9 mrkiAiY.GKGGiGKSttasnlsaalaeegkkv 40
                           ++i +Y  KGG+GK tta nl++al + g++v
  JAJYIA010000006.1_15 34 KHRIGVYsAKGGVGKTTTAVNLAYALKSLGYNV 66
                          478999955*******************99987 PP

  == domain 2  score: 7.6 bits;  conditional E-value: 0.0002
         nifH-03292025 175 kyaeeggvrlgGlicNsrkvdkeeelveefaeklgtqiiafvprsnevqkaelekktvieaapdseqakeyreLakkil 253
                           ++a++ g++l G++ N+ k + e    + +a++lg++ +  +++s+e+ +  l+ k +i +  d+   +ey ++a+ki+
  JAJYIA010000006.1_15 187 RMAKRLGASLIGVVENMSKGNPEGG--RYVANELGCEFLGSIKESDEMWR--LSDKGIIPFISDQGIREEYISIARKII 261
                           6788999*********998777665..899****************9976..78999********************96 PP

>> JAJYIA010000046.1_3  # 2246 # 3055 # -1 # ID=26_3;partial=00;start_type=ATG;rbs_motif=None;rbs_spacer=None;gc_cont=0.
   #    score  bias  c-Evalue  i-Evalue hmmfrom  hmm to    alifrom  ali to    envfrom  env to     acc
 ---   ------ ----- --------- --------- ------- -------    ------- -------    ------- -------    ----
   1 !   14.2   0.1   1.9e-06   0.00082      17      46 ..      14      43 ..      11      57 .. 0.88
   2 ?   -0.1   0.0     0.046        19     147     225 ..     133     206 ..     112     237 .. 0.70

  Alignments for each domain:
  == domain 1  score: 14.2 bits;  conditional E-value: 1.9e-06
        nifH-03292025 17 KGGiGKSttasnlsaalaeegkkvlivGCd 46
                         KGG+GK t+a nl++ l  ++++vl v  d
  JAJYIA010000046.1_3 14 KGGVGKTTIAINLAVSLVYQDYEVLLVDTD 43
                         9************************99777 PP

  == domain 2  score: -0.1 bits;  conditional E-value: 0.046
        nifH-03292025 147 gkadevyivtsgemmalYaanniakgikkyaeeggvrlgGlicNsrkvdkeeelveefaeklgtqiiafvprsnevqka 225
                          ++ ++v ivt+ +m +  +   +a    ky+ + +     li+N+   +k e   e++ +++g   +a +p++++v ++
  JAJYIA010000046.1_3 133 KYINDVAIVTTPDMPSSASSAKLAANCDKYKIRYR-----LIVNRVGRNKFELEKEDVEKAFGDVAFAMLPEDKIVDES 206
                          56778888888888888888888888888876655.....555555555544444555555555566666666666665 PP



Internal pipeline statistics summary:
-------------------------------------
Query model(s):                            1  (327 nodes)
Target sequences:                        846  (233069 residues searched)
Passed MSV filter:                        33  (0.0390071); expected 16.9 (0.02)
Passed bias filter:                       25  (0.0295508); expected 16.9 (0.02)
Passed Vit filter:                         8  (0.00945626); expected 0.8 (0.001)
Passed Fwd filter:                         2  (0.00236407); expected 0.0 (1e-05)
Initial search space (Z):                846  [actual number of targets]
Domain search space  (domZ):               2  [number of targets reported over threshold]
# CPU time: 0.01u 0.00s 00:00:00.01 Elapsed: 00:00:00.01
# Mc/sec: 5693.54
//
Query:       nifD-03292025  [M=482]
Scores for complete sequences (score includes all domains):
   --- full sequence ---   --- best 1 domain ---    -#dom-
    E-value  score  bias    E-value  score  bias    exp  N  Sequence Description
    ------- ------ -----    ------- ------ -----   ---- --  -------- -----------

   [No hits detected that satisfy reporting thresholds]


Domain annotation for each sequence (and alignments):

   [No targets detected that satisfy reporting thresholds]


Internal pipeline statistics summary:
-------------------------------------
Query model(s):                            1  (482 nodes)
Target sequences:                        846  (233069 residues searched)
Passed MSV filter:                        33  (0.0390071); expected 16.9 (0.02)
Passed bias filter:                       24  (0.0283688); expected 16.9 (0.02)
Passed Vit filter:                         0  (0); expected 0.8 (0.001)
Passed Fwd filter:                         0  (0); expected 0.0 (1e-05)
Initial search space (Z):                846  [actual number of targets]
Domain search space  (domZ):               0  [number of targets reported over threshold]
# CPU time: 0.01u 0.00s 00:00:00.01 Elapsed: 00:00:00.00
# Mc/sec: 14851.64
//
Query:       nifK-03292025  [M=490]
Scores for complete sequences (score includes all domains):
   --- full sequence ---   --- best 1 domain ---    -#dom-
    E-value  score  bias    E-value  score  bias    exp  N  Sequence Description
    ------- ------ -----    ------- ------ -----   ---- --  -------- -----------

   [No hits detected that satisfy reporting thresholds]


Domain annotation for each sequence (and alignments):

   [No targets detected that satisfy reporting thresholds]


Internal pipeline statistics summary:
-------------------------------------
Query model(s):                            1  (490 nodes)
Target sequences:                        846  (233069 residues searched)
Passed MSV filter:                        16  (0.0189125); expected 16.9 (0.02)
Passed bias filter:                       11  (0.0130024); expected 16.9 (0.02)
Passed Vit filter:                         0  (0); expected 0.8 (0.001)
Passed Fwd filter:                         0  (0); expected 0.0 (1e-05)
Initial search space (Z):                846  [actual number of targets]
Domain search space  (domZ):               0  [number of targets reported over threshold]
# CPU time: 0.01u 0.00s 00:00:00.01 Elapsed: 00:00:00.00
# Mc/sec: 19510.62
//
Query:       nifB-03292025  [M=505]
Scores for complete sequences (score includes all domains):
   --- full sequence ---   --- best 1 domain ---    -#dom-
    E-value  score  bias    E-value  score  bias    exp  N  Sequence Description
    ------- ------ -----    ------- ------ -----   ---- --  -------- -----------

   [No hits detected that satisfy reporting thresholds]


Domain annotation for each sequence (and alignments):

   [No targets detected that satisfy reporting thresholds]


Internal pipeline statistics summary:
-------------------------------------
Query model(s):                            1  (505 nodes)
Target sequences:                        846  (233069 residues searched)
Passed MSV filter:                        21  (0.0248227); expected 16.9 (0.02)
Passed bias filter:                       17  (0.0200946); expected 16.9 (0.02)
Passed Vit filter:                         1  (0.00118203); expected 0.8 (0.001)
Passed Fwd filter:                         0  (0); expected 0.0 (1e-05)
Initial search space (Z):                846  [actual number of targets]
Domain search space  (domZ):               0  [number of targets reported over threshold]
# CPU time: 0.01u 0.01s 00:00:00.02 Elapsed: 00:00:00.00
# Mc/sec: 16257.30
//
Query:       nifE-03292025  [M=556]
Scores for complete sequences (score includes all domains):
   --- full sequence ---   --- best 1 domain ---    -#dom-
    E-value  score  bias    E-value  score  bias    exp  N  Sequence Description
    ------- ------ -----    ------- ------ -----   ---- --  -------- -----------

   [No hits detected that satisfy reporting thresholds]


Domain annotation for each sequence (and alignments):

   [No targets detected that satisfy reporting thresholds]


Internal pipeline statistics summary:
-------------------------------------
Query model(s):                            1  (556 nodes)
Target sequences:                        846  (233069 residues searched)
Passed MSV filter:                        34  (0.0401891); expected 16.9 (0.02)
Passed bias filter:                       26  (0.0307329); expected 16.9 (0.02)
Passed Vit filter:                         2  (0.00236407); expected 0.8 (0.001)
Passed Fwd filter:                         0  (0); expected 0.0 (1e-05)
Initial search space (Z):                846  [actual number of targets]
Domain search space  (domZ):               0  [number of targets reported over threshold]
# CPU time: 0.01u 0.00s 00:00:00.01 Elapsed: 00:00:00.01
# Mc/sec: 12596.98
//
Query:       nifN-03292025  [M=700]
Scores for complete sequences (score includes all domains):
   --- full sequence ---   --- best 1 domain ---    -#dom-
    E-value  score  bias    E-value  score  bias    exp  N  Sequence Description
    ------- ------ -----    ------- ------ -----   ---- --  -------- -----------

   [No hits detected that satisfy reporting thresholds]


Domain annotation for each sequence (and alignments):

   [No targets detected that satisfy reporting thresholds]


Internal pipeline statistics summary:
-------------------------------------
Query model(s):                            1  (700 nodes)
Target sequences:                        846  (233069 residues searched)
Passed MSV filter:                        20  (0.0236407); expected 16.9 (0.02)
Passed bias filter:                       13  (0.0153664); expected 16.9 (0.02)
Passed Vit filter:                         0  (0); expected 0.8 (0.001)
Passed Fwd filter:                         0  (0); expected 0.0 (1e-05)
Initial search space (Z):                846  [actual number of targets]
Domain search space  (domZ):               0  [number of targets reported over threshold]
# CPU time: 0.00u 0.00s 00:00:00.00 Elapsed: 00:00:00.00
# Mc/sec: 20256.89
//
Query:       pchlide-04012025  [M=508]
Scores for complete sequences (score includes all domains):
   --- full sequence ---   --- best 1 domain ---    -#dom-
    E-value  score  bias    E-value  score  bias    exp  N  Sequence Description
    ------- ------ -----    ------- ------ -----   ---- --  -------- -----------

   [No hits detected that satisfy reporting thresholds]


Domain annotation for each sequence (and alignments):

   [No targets detected that satisfy reporting thresholds]


Internal pipeline statistics summary:
-------------------------------------
Query model(s):                            1  (508 nodes)
Target sequences:                        846  (233069 residues searched)
Passed MSV filter:                        30  (0.035461); expected 16.9 (0.02)
Passed bias filter:                       26  (0.0307329); expected 16.9 (0.02)
Passed Vit filter:                         2  (0.00236407); expected 0.8 (0.001)
Passed Fwd filter:                         0  (0); expected 0.0 (1e-05)
Initial search space (Z):                846  [actual number of targets]
Domain search space  (domZ):               0  [number of targets reported over threshold]
# CPU time: 0.00u 0.00s 00:00:00.00 Elapsed: 00:00:00.00
# Mc/sec: 15610.92
//
[ok]
# hmmsearch :: search profile(s) against a sequence database
# HMMER 3.4 (Aug 2023); http://hmmer.org/
# Copyright (C) 2023 Howard Hughes Medical Institute.
# Freely distributed under the BSD open source license.
# - - - - - - - - - - - - - - - - - - - - - - - - - - - - - - - - - - - -
# query HMM file:                  ../HMMs/nifV_07242025.hmm
# target sequence database:        ../all_rep_proteins_aa/archaea/GB_GCA_021796295.1_protein.faa
# - - - - - - - - - - - - - - - - - - - - - - - - - - - - - - - - - - - -

Query:       nifV-07242025  [M=437]
Scores for complete sequences (score includes all domains):
   --- full sequence ---   --- best 1 domain ---    -#dom-
    E-value  score  bias    E-value  score  bias    exp  N  Sequence Description
    ------- ------ -----    ------- ------ -----   ---- --  -------- -----------

   [No hits detected that satisfy reporting thresholds]


Domain annotation for each sequence (and alignments):

   [No targets detected that satisfy reporting thresholds]


Internal pipeline statistics summary:
-------------------------------------
Query model(s):                            1  (437 nodes)
Target sequences:                        846  (233069 residues searched)
Passed MSV filter:                        26  (0.0307329); expected 16.9 (0.02)
Passed bias filter:                       20  (0.0236407); expected 16.9 (0.02)
Passed Vit filter:                         1  (0.00118203); expected 0.8 (0.001)
Passed Fwd filter:                         0  (0); expected 0.0 (1e-05)
Initial search space (Z):                846  [actual number of targets]
Domain search space  (domZ):               0  [number of targets reported over threshold]
# CPU time: 0.00u 0.00s 00:00:00.00 Elapsed: 00:00:00.00
# Mc/sec: 13972.59
//
[ok]
