# hmmsearch :: search profile(s) against a sequence database
# HMMER 3.4 (Aug 2023); http://hmmer.org/
# Copyright (C) 2023 Howard Hughes Medical Institute.
# Freely distributed under the BSD open source license.
# - - - - - - - - - - - - - - - - - - - - - - - - - - - - - - - - - - - -
# query HMM file:                  ../HMMs/combined_nif_04012025.hmm
# target sequence database:        ../all_rep_proteins_aa/archaea/GB_GCA_021821635.1_protein.faa
# - - - - - - - - - - - - - - - - - - - - - - - - - - - - - - - - - - - -

Query:       nifH-03292025  [M=327]
Scores for complete sequences (score includes all domains):
   --- full sequence ---   --- best 1 domain ---    -#dom-
    E-value  score  bias    E-value  score  bias    exp  N  Sequence             Description
    ------- ------ -----    ------- ------ -----   ---- --  --------             -----------
    5.3e-06   22.2   2.5    6.7e-06   21.8   0.3    2.0  2  JAKACH010000025.1_3   # 2145 # 2984 # -1 # ID=56_3;partial=00
    0.00025   16.7   0.0    0.00043   15.9   0.0    1.5  1  JAKACH010000047.1_7   # 7790 # 8599 # 1 # ID=9_7;partial=00;s
     0.0024   13.4   0.9     0.0024   13.4   0.9    1.5  2  JAKACH010000025.1_17  # 15448 # 16404 # -1 # ID=56_17;partial


Domain annotation for each sequence (and alignments):
>> JAKACH010000025.1_3  # 2145 # 2984 # -1 # ID=56_3;partial=00;start_type=ATG;rbs_motif=None;rbs_spacer=None;gc_cont=0.
   #    score  bias  c-Evalue  i-Evalue hmmfrom  hmm to    alifrom  ali to    envfrom  env to     acc
 ---   ------ ----- --------- --------- ------- -------    ------- -------    ------- -------    ----
   1 !   21.8   0.3   1.4e-08   6.7e-06      14      41 ..      37      64 ..      26      72 .. 0.88
   2 ?   -0.2   0.1     0.072        34     176     192 ..     189     205 ..     164     275 .. 0.66

  Alignments for each domain:
  == domain 1  score: 21.8 bits;  conditional E-value: 1.4e-08
        nifH-03292025 14 iYGKGGiGKSttasnlsaalaeegkkvl 41
                         + GKGG+GKSt+a nl++ la+ gk+v 
  JAKACH010000025.1_3 37 MSGKGGVGKSTVAVNLAVSLARLGKRVG 64
                         56***********************995 PP

  == domain 2  score: -0.2 bits;  conditional E-value: 0.072
        nifH-03292025 176 yaeeggvrlgGlicNsr 192
                          +a++ + ++ Gl+ N+ 
  JAKACH010000025.1_3 189 FATQLKLKVLGLVENMS 205
                          44555555555555543 PP

>> JAKACH010000047.1_7  # 7790 # 8599 # 1 # ID=9_7;partial=00;start_type=ATG;rbs_motif=None;rbs_spacer=None;gc_cont=0.43
   #    score  bias  c-Evalue  i-Evalue hmmfrom  hmm to    alifrom  ali to    envfrom  env to     acc
 ---   ------ ----- --------- --------- ------- -------    ------- -------    ------- -------    ----
   1 !   15.9   0.0   9.1e-07   0.00043      12      41 ..       3      32 ..       1      79 [. 0.87

  Alignments for each domain:
  == domain 1  score: 15.9 bits;  conditional E-value: 9.1e-07
        nifH-03292025 12 iAiYGKGGiGKSttasnlsaalaeegkkvl 41
                         iA+ GKGG+GK +++s  +  la  gk  +
  JAKACH010000047.1_7  3 IAFVGKGGVGKTSVSSAFALELAMFGKTLI 32
                         9***********************998765 PP

>> JAKACH010000025.1_17  # 15448 # 16404 # -1 # ID=56_17;partial=00;start_type=ATG;rbs_motif=None;rbs_spacer=None;gc_con
   #    score  bias  c-Evalue  i-Evalue hmmfrom  hmm to    alifrom  ali to    envfrom  env to     acc
 ---   ------ ----- --------- --------- ------- -------    ------- -------    ------- -------    ----
   1 !   13.4   0.9   5.1e-06    0.0024      12      46 ..      53      87 ..      43     100 .. 0.89
   2 ?   -3.1   0.0      0.53   2.5e+02     243     278 ..     235     268 ..     230     305 .. 0.58

  Alignments for each domain:
  == domain 1  score: 13.4 bits;  conditional E-value: 5.1e-06
         nifH-03292025 12 iAiYGKGGiGKSttasnlsaalaeegkkvlivGCd 46
                          i i G  G+GKSt+  nl+ +l  +gkkv ++  d
  JAKACH010000025.1_17 53 IGITGPPGVGKSTIIGNLASMLKGTGKKVAVIAID 87
                          7788999**********************998665 PP

  == domain 2  score: -3.1 bits;  conditional E-value: 0.53
         nifH-03292025 243 keyreLakkilenkklvipkplseeeleellaelgl 278
                           + y+eL  +i+++   v ++pls+++  +++ e++ 
  JAKACH010000025.1_17 235 DGYEELLAAIEKHLAYVRKSPLSAKK--RFFNEVKA 268
                           55777777777777777777777665..44444422 PP



Internal pipeline statistics summary:
-------------------------------------
Query model(s):                            1  (327 nodes)
Target sequences:                       1418  (410507 residues searched)
Passed MSV filter:                        72  (0.0507757); expected 28.4 (0.02)
Passed bias filter:                       59  (0.0416079); expected 28.4 (0.02)
Passed Vit filter:                        17  (0.0119887); expected 1.4 (0.001)
Passed Fwd filter:                         4  (0.00282087); expected 0.0 (1e-05)
Initial search space (Z):               1418  [actual number of targets]
Domain search space  (domZ):               3  [number of targets reported over threshold]
# CPU time: 0.02u 0.00s 00:00:00.02 Elapsed: 00:00:00.02
# Mc/sec: 5227.49
//
Query:       nifD-03292025  [M=482]
Scores for complete sequences (score includes all domains):
   --- full sequence ---   --- best 1 domain ---    -#dom-
    E-value  score  bias    E-value  score  bias    exp  N  Sequence Description
    ------- ------ -----    ------- ------ -----   ---- --  -------- -----------

   [No hits detected that satisfy reporting thresholds]


Domain annotation for each sequence (and alignments):

   [No targets detected that satisfy reporting thresholds]


Internal pipeline statistics summary:
-------------------------------------
Query model(s):                            1  (482 nodes)
Target sequences:                       1418  (410507 residues searched)
Passed MSV filter:                        58  (0.0409027); expected 28.4 (0.02)
Passed bias filter:                       43  (0.0303244); expected 28.4 (0.02)
Passed Vit filter:                         1  (0.000705219); expected 1.4 (0.001)
Passed Fwd filter:                         0  (0); expected 0.0 (1e-05)
Initial search space (Z):               1418  [actual number of targets]
Domain search space  (domZ):               0  [number of targets reported over threshold]
# CPU time: 0.01u 0.00s 00:00:00.01 Elapsed: 00:00:00.01
# Mc/sec: 17323.44
//
Query:       nifK-03292025  [M=490]
Scores for complete sequences (score includes all domains):
   --- full sequence ---   --- best 1 domain ---    -#dom-
    E-value  score  bias    E-value  score  bias    exp  N  Sequence Description
    ------- ------ -----    ------- ------ -----   ---- --  -------- -----------

   [No hits detected that satisfy reporting thresholds]


Domain annotation for each sequence (and alignments):

   [No targets detected that satisfy reporting thresholds]


Internal pipeline statistics summary:
-------------------------------------
Query model(s):                            1  (490 nodes)
Target sequences:                       1418  (410507 residues searched)
Passed MSV filter:                        36  (0.0253879); expected 28.4 (0.02)
Passed bias filter:                       29  (0.0204513); expected 28.4 (0.02)
Passed Vit filter:                         3  (0.00211566); expected 1.4 (0.001)
Passed Fwd filter:                         0  (0); expected 0.0 (1e-05)
Initial search space (Z):               1418  [actual number of targets]
Domain search space  (domZ):               0  [number of targets reported over threshold]
# CPU time: 0.01u 0.00s 00:00:00.01 Elapsed: 00:00:00.00
# Mc/sec: 24710.57
//
Query:       nifB-03292025  [M=505]
Scores for complete sequences (score includes all domains):
   --- full sequence ---   --- best 1 domain ---    -#dom-
    E-value  score  bias    E-value  score  bias    exp  N  Sequence            Description
    ------- ------ -----    ------- ------ -----   ---- --  --------            -----------
    2.5e-05   19.2   2.9    0.00021   16.2   2.9    2.3  1  JAKACH010000020.1_7  # 3877 # 4845 # -1 # ID=44_7;partial=00;


Domain annotation for each sequence (and alignments):
>> JAKACH010000020.1_7  # 3877 # 4845 # -1 # ID=44_7;partial=00;start_type=ATG;rbs_motif=None;rbs_spacer=None;gc_cont=0.
   #    score  bias  c-Evalue  i-Evalue hmmfrom  hmm to    alifrom  ali to    envfrom  env to     acc
 ---   ------ ----- --------- --------- ------- -------    ------- -------    ------- -------    ----
   1 !   16.2   2.9   1.5e-07   0.00021      79     271 ..      13     179 ..       4     185 .. 0.74

  Alignments for each domain:
  == domain 1  score: 16.2 bits;  conditional E-value: 1.5e-07
        nifB-03292025  79 mHvavApaCNiqCnyCnRkydCanEsRPGvvsevLtpeqavkkvkavaaeipqlsVvGiAGPGDalanpektfetlelvkeeapdlklCl 168
                          + v v   CN +C +C+   +       G+  ++L+ ++ + ++++va ++  ++ v   G G++    +  +e ++  ++ +   ++ +
  JAKACH010000020.1_7  13 LRVQVNTTCNFKCFFCHM--EG-----TGIQANQLSRDEII-RIIKVAGRLG-INKVKFTG-GEPTLRSD-IVEIIKETRS-IVSGEISM 90 
                          568888999999999964..33.....59999999999965.5666666654.44444444.77777655.5555555443.44457789 PP

        nifB-03292025 169 stNGLaLpeyvdelaelnvdhvtvTiNavdpeigakiypwvlyekkrytgeeaaeiLlerQlegleklaergvl.vKvNsvlipgvNdeh 257
                          +tNG  L + + +l++ ++d + + + ++dp  ga  +       + +tg +a    l r +eg+++ +++g+  vKvN v ++g+N+++
  JAKACH010000020.1_7  91 TTNGTRLTSIAPDLKKAGLDRINISMHSIDP--GA--F-------EFITGMDA----LGRVVEGIKAAQNAGLNpVKVNFVALKGINEDQ 165
                          9******************************..32..3.......33456666....4577888888888888559************** PP

        nifB-03292025 258 lvevakkvkekgaf 271
                          + ++ ++  e++ +
  JAKACH010000020.1_7 166 IWKMIQNSAENDYT 179
                          99988777776665 PP



Internal pipeline statistics summary:
-------------------------------------
Query model(s):                            1  (505 nodes)
Target sequences:                       1418  (410507 residues searched)
Passed MSV filter:                        42  (0.0296192); expected 28.4 (0.02)
Passed bias filter:                       37  (0.0260931); expected 28.4 (0.02)
Passed Vit filter:                         6  (0.00423131); expected 1.4 (0.001)
Passed Fwd filter:                         1  (0.000705219); expected 0.0 (1e-05)
Initial search space (Z):               1418  [actual number of targets]
Domain search space  (domZ):               1  [number of targets reported over threshold]
# CPU time: 0.02u 0.00s 00:00:00.02 Elapsed: 00:00:00.01
# Mc/sec: 10800.07
//
Query:       nifE-03292025  [M=556]
Scores for complete sequences (score includes all domains):
   --- full sequence ---   --- best 1 domain ---    -#dom-
    E-value  score  bias    E-value  score  bias    exp  N  Sequence Description
    ------- ------ -----    ------- ------ -----   ---- --  -------- -----------

   [No hits detected that satisfy reporting thresholds]


Domain annotation for each sequence (and alignments):

   [No targets detected that satisfy reporting thresholds]


Internal pipeline statistics summary:
-------------------------------------
Query model(s):                            1  (556 nodes)
Target sequences:                       1418  (410507 residues searched)
Passed MSV filter:                        56  (0.0394922); expected 28.4 (0.02)
Passed bias filter:                       46  (0.0324401); expected 28.4 (0.02)
Passed Vit filter:                         4  (0.00282087); expected 1.4 (0.001)
Passed Fwd filter:                         0  (0); expected 0.0 (1e-05)
Initial search space (Z):               1418  [actual number of targets]
Domain search space  (domZ):               0  [number of targets reported over threshold]
# CPU time: 0.01u 0.00s 00:00:00.01 Elapsed: 00:00:00.01
# Mc/sec: 20689.67
//
Query:       nifN-03292025  [M=700]
Scores for complete sequences (score includes all domains):
   --- full sequence ---   --- best 1 domain ---    -#dom-
    E-value  score  bias    E-value  score  bias    exp  N  Sequence Description
    ------- ------ -----    ------- ------ -----   ---- --  -------- -----------

   [No hits detected that satisfy reporting thresholds]


Domain annotation for each sequence (and alignments):

   [No targets detected that satisfy reporting thresholds]


Internal pipeline statistics summary:
-------------------------------------
Query model(s):                            1  (700 nodes)
Target sequences:                       1418  (410507 residues searched)
Passed MSV filter:                        50  (0.0352609); expected 28.4 (0.02)
Passed bias filter:                       41  (0.028914); expected 28.4 (0.02)
Passed Vit filter:                         1  (0.000705219); expected 1.4 (0.001)
Passed Fwd filter:                         0  (0); expected 0.0 (1e-05)
Initial search space (Z):               1418  [actual number of targets]
Domain search space  (domZ):               0  [number of targets reported over threshold]
# CPU time: 0.01u 0.00s 00:00:00.01 Elapsed: 00:00:00.01
# Mc/sec: 19153.76
//
Query:       pchlide-04012025  [M=508]
Scores for complete sequences (score includes all domains):
   --- full sequence ---   --- best 1 domain ---    -#dom-
    E-value  score  bias    E-value  score  bias    exp  N  Sequence Description
    ------- ------ -----    ------- ------ -----   ---- --  -------- -----------

   [No hits detected that satisfy reporting thresholds]


Domain annotation for each sequence (and alignments):

   [No targets detected that satisfy reporting thresholds]


Internal pipeline statistics summary:
-------------------------------------
Query model(s):                            1  (508 nodes)
Target sequences:                       1418  (410507 residues searched)
Passed MSV filter:                        35  (0.0246827); expected 28.4 (0.02)
Passed bias filter:                       30  (0.0211566); expected 28.4 (0.02)
Passed Vit filter:                         2  (0.00141044); expected 1.4 (0.001)
Passed Fwd filter:                         0  (0); expected 0.0 (1e-05)
Initial search space (Z):               1418  [actual number of targets]
Domain search space  (domZ):               0  [number of targets reported over threshold]
# CPU time: 0.02u 0.00s 00:00:00.02 Elapsed: 00:00:00.00
# Mc/sec: 24859.07
//
[ok]
# hmmsearch :: search profile(s) against a sequence database
# HMMER 3.4 (Aug 2023); http://hmmer.org/
# Copyright (C) 2023 Howard Hughes Medical Institute.
# Freely distributed under the BSD open source license.
# - - - - - - - - - - - - - - - - - - - - - - - - - - - - - - - - - - - -
# query HMM file:                  ../HMMs/nifV_07242025.hmm
# target sequence database:        ../all_rep_proteins_aa/archaea/GB_GCA_021821635.1_protein.faa
# - - - - - - - - - - - - - - - - - - - - - - - - - - - - - - - - - - - -

Query:       nifV-07242025  [M=437]
Scores for complete sequences (score includes all domains):
   --- full sequence ---   --- best 1 domain ---    -#dom-
    E-value  score  bias    E-value  score  bias    exp  N  Sequence Description
    ------- ------ -----    ------- ------ -----   ---- --  -------- -----------

   [No hits detected that satisfy reporting thresholds]


Domain annotation for each sequence (and alignments):

   [No targets detected that satisfy reporting thresholds]


Internal pipeline statistics summary:
-------------------------------------
Query model(s):                            1  (437 nodes)
Target sequences:                       1418  (410507 residues searched)
Passed MSV filter:                        46  (0.0324401); expected 28.4 (0.02)
Passed bias filter:                       35  (0.0246827); expected 28.4 (0.02)
Passed Vit filter:                         3  (0.00211566); expected 1.4 (0.001)
Passed Fwd filter:                         0  (0); expected 0.0 (1e-05)
Initial search space (Z):               1418  [actual number of targets]
Domain search space  (domZ):               0  [number of targets reported over threshold]
# CPU time: 0.01u 0.00s 00:00:00.01 Elapsed: 00:00:00.00
# Mc/sec: 24490.86
//
[ok]
