# hmmsearch :: search profile(s) against a sequence database
# HMMER 3.4 (Aug 2023); http://hmmer.org/
# Copyright (C) 2023 Howard Hughes Medical Institute.
# Freely distributed under the BSD open source license.
# - - - - - - - - - - - - - - - - - - - - - - - - - - - - - - - - - - - -
# query HMM file:                  ../HMMs/combined_nif_04012025.hmm
# target sequence database:        ../all_rep_proteins_aa/archaea/GB_GCA_902529885.1_protein.faa
# - - - - - - - - - - - - - - - - - - - - - - - - - - - - - - - - - - - -

Query:       nifH-03292025  [M=327]
Scores for complete sequences (score includes all domains):
   --- full sequence ---   --- best 1 domain ---    -#dom-
    E-value  score  bias    E-value  score  bias    exp  N  Sequence             Description
    ------- ------ -----    ------- ------ -----   ---- --  --------             -----------
    2.5e-08   29.0   0.1    0.00031   15.5   0.1    2.1  2  CABZYC010000002.1_20  # 14995 # 15711 # -1 # ID=2_20;partial=


Domain annotation for each sequence (and alignments):
>> CABZYC010000002.1_20  # 14995 # 15711 # -1 # ID=2_20;partial=00;start_type=ATG;rbs_motif=GGAG/GAGG;rbs_spacer=5-10bp;
   #    score  bias  c-Evalue  i-Evalue hmmfrom  hmm to    alifrom  ali to    envfrom  env to     acc
 ---   ------ ----- --------- --------- ------- -------    ------- -------    ------- -------    ----
   1 !   15.5   0.1     4e-07   0.00031      15      43 ..       9      37 ..       2      40 .. 0.92
   2 !   11.5   0.0   6.6e-06    0.0051     148     253 ..     132     235 ..     121     238 .. 0.80

  Alignments for each domain:
  == domain 1  score: 15.5 bits;  conditional E-value: 4e-07
         nifH-03292025 15 YGKGGiGKSttasnlsaalaeegkkvliv 43
                           GKGG+GK + a n+s +l e gk+v+ v
  CABZYC010000002.1_20  9 SGKGGVGKTSLAINVSHTLQELGKSVILV 37
                          5*************************987 PP

  == domain 2  score: 11.5 bits;  conditional E-value: 6.6e-06
         nifH-03292025 148 kadevyivtsgemmalYaanniakgikkyaeeggvrlgGlicNsrkvdkeeel..veefaeklgtqiiafvprsnevqkaelekktvie 234
                           ++dev+iv++  m ++      +k i+  ++ +g+ + G i N+      ++    +++ + lg+ i++ +++++++ +++  ++  ++
  CABZYC010000002.1_20 132 NSDEVIIVVTPTMASIME---SMKNIELCRK-KGTIVTGAILNMSGNWWSRSKldSNDVENLLGIPILTVLKSDKKMATSQHLQEPYVH 216
                           578999999998888764...3666766665.5667888999988765444440146788999************************** PP

         nifH-03292025 235 aapdseqakeyreLakkil 253
                            +p+s+ +++++++a+k +
  CABZYC010000002.1_20 217 LYPRSDITRRLKQFAQKTY 235
                           ***************9975 PP



Internal pipeline statistics summary:
-------------------------------------
Query model(s):                            1  (327 nodes)
Target sequences:                        779  (214878 residues searched)
Passed MSV filter:                        42  (0.0539153); expected 15.6 (0.02)
Passed bias filter:                       28  (0.0359435); expected 15.6 (0.02)
Passed Vit filter:                         4  (0.00513479); expected 0.8 (0.001)
Passed Fwd filter:                         2  (0.00256739); expected 0.0 (1e-05)
Initial search space (Z):                779  [actual number of targets]
Domain search space  (domZ):               1  [number of targets reported over threshold]
# CPU time: 0.01u 0.00s 00:00:00.01 Elapsed: 00:00:00.01
# Mc/sec: 4481.10
//
Query:       nifD-03292025  [M=482]
Scores for complete sequences (score includes all domains):
   --- full sequence ---   --- best 1 domain ---    -#dom-
    E-value  score  bias    E-value  score  bias    exp  N  Sequence Description
    ------- ------ -----    ------- ------ -----   ---- --  -------- -----------

   [No hits detected that satisfy reporting thresholds]


Domain annotation for each sequence (and alignments):

   [No targets detected that satisfy reporting thresholds]


Internal pipeline statistics summary:
-------------------------------------
Query model(s):                            1  (482 nodes)
Target sequences:                        779  (214878 residues searched)
Passed MSV filter:                        36  (0.0462131); expected 15.6 (0.02)
Passed bias filter:                       19  (0.0243902); expected 15.6 (0.02)
Passed Vit filter:                         3  (0.00385109); expected 0.8 (0.001)
Passed Fwd filter:                         0  (0); expected 0.0 (1e-05)
Initial search space (Z):                779  [actual number of targets]
Domain search space  (domZ):               0  [number of targets reported over threshold]
# CPU time: 0.01u 0.00s 00:00:00.01 Elapsed: 00:00:00.00
# Mc/sec: 14204.55
//
Query:       nifK-03292025  [M=490]
Scores for complete sequences (score includes all domains):
   --- full sequence ---   --- best 1 domain ---    -#dom-
    E-value  score  bias    E-value  score  bias    exp  N  Sequence Description
    ------- ------ -----    ------- ------ -----   ---- --  -------- -----------

   [No hits detected that satisfy reporting thresholds]


Domain annotation for each sequence (and alignments):

   [No targets detected that satisfy reporting thresholds]


Internal pipeline statistics summary:
-------------------------------------
Query model(s):                            1  (490 nodes)
Target sequences:                        779  (214878 residues searched)
Passed MSV filter:                        30  (0.0385109); expected 15.6 (0.02)
Passed bias filter:                       18  (0.0231065); expected 15.6 (0.02)
Passed Vit filter:                         1  (0.0012837); expected 0.8 (0.001)
Passed Fwd filter:                         0  (0); expected 0.0 (1e-05)
Initial search space (Z):                779  [actual number of targets]
Domain search space  (domZ):               0  [number of targets reported over threshold]
# CPU time: 0.00u 0.00s 00:00:00.00 Elapsed: 00:00:00.00
# Mc/sec: 16028.88
//
Query:       nifB-03292025  [M=505]
Scores for complete sequences (score includes all domains):
   --- full sequence ---   --- best 1 domain ---    -#dom-
    E-value  score  bias    E-value  score  bias    exp  N  Sequence Description
    ------- ------ -----    ------- ------ -----   ---- --  -------- -----------

   [No hits detected that satisfy reporting thresholds]


Domain annotation for each sequence (and alignments):

   [No targets detected that satisfy reporting thresholds]


Internal pipeline statistics summary:
-------------------------------------
Query model(s):                            1  (505 nodes)
Target sequences:                        779  (214878 residues searched)
Passed MSV filter:                        33  (0.042362); expected 15.6 (0.02)
Passed bias filter:                       17  (0.0218228); expected 15.6 (0.02)
Passed Vit filter:                         1  (0.0012837); expected 0.8 (0.001)
Passed Fwd filter:                         0  (0); expected 0.0 (1e-05)
Initial search space (Z):                779  [actual number of targets]
Domain search space  (domZ):               0  [number of targets reported over threshold]
# CPU time: 0.00u 0.00s 00:00:00.00 Elapsed: 00:00:00.00
# Mc/sec: 15790.73
//
Query:       nifE-03292025  [M=556]
Scores for complete sequences (score includes all domains):
   --- full sequence ---   --- best 1 domain ---    -#dom-
    E-value  score  bias    E-value  score  bias    exp  N  Sequence Description
    ------- ------ -----    ------- ------ -----   ---- --  -------- -----------

   [No hits detected that satisfy reporting thresholds]


Domain annotation for each sequence (and alignments):

   [No targets detected that satisfy reporting thresholds]


Internal pipeline statistics summary:
-------------------------------------
Query model(s):                            1  (556 nodes)
Target sequences:                        779  (214878 residues searched)
Passed MSV filter:                        50  (0.0641849); expected 15.6 (0.02)
Passed bias filter:                       27  (0.0346598); expected 15.6 (0.02)
Passed Vit filter:                         3  (0.00385109); expected 0.8 (0.001)
Passed Fwd filter:                         0  (0); expected 0.0 (1e-05)
Initial search space (Z):                779  [actual number of targets]
Domain search space  (domZ):               0  [number of targets reported over threshold]
# CPU time: 0.01u 0.00s 00:00:00.01 Elapsed: 00:00:00.00
# Mc/sec: 13647.37
//
Query:       nifN-03292025  [M=700]
Scores for complete sequences (score includes all domains):
   --- full sequence ---   --- best 1 domain ---    -#dom-
    E-value  score  bias    E-value  score  bias    exp  N  Sequence Description
    ------- ------ -----    ------- ------ -----   ---- --  -------- -----------

   [No hits detected that satisfy reporting thresholds]


Domain annotation for each sequence (and alignments):

   [No targets detected that satisfy reporting thresholds]


Internal pipeline statistics summary:
-------------------------------------
Query model(s):                            1  (700 nodes)
Target sequences:                        779  (214878 residues searched)
Passed MSV filter:                        28  (0.0359435); expected 15.6 (0.02)
Passed bias filter:                       15  (0.0192555); expected 15.6 (0.02)
Passed Vit filter:                         1  (0.0012837); expected 0.8 (0.001)
Passed Fwd filter:                         0  (0); expected 0.0 (1e-05)
Initial search space (Z):                779  [actual number of targets]
Domain search space  (domZ):               0  [number of targets reported over threshold]
# CPU time: 0.01u 0.00s 00:00:00.01 Elapsed: 00:00:00.00
# Mc/sec: 16817.37
//
Query:       pchlide-04012025  [M=508]
Scores for complete sequences (score includes all domains):
   --- full sequence ---   --- best 1 domain ---    -#dom-
    E-value  score  bias    E-value  score  bias    exp  N  Sequence Description
    ------- ------ -----    ------- ------ -----   ---- --  -------- -----------

   [No hits detected that satisfy reporting thresholds]


Domain annotation for each sequence (and alignments):

   [No targets detected that satisfy reporting thresholds]


Internal pipeline statistics summary:
-------------------------------------
Query model(s):                            1  (508 nodes)
Target sequences:                        779  (214878 residues searched)
Passed MSV filter:                        23  (0.029525); expected 15.6 (0.02)
Passed bias filter:                       16  (0.0205392); expected 15.6 (0.02)
Passed Vit filter:                         0  (0); expected 0.8 (0.001)
Passed Fwd filter:                         0  (0); expected 0.0 (1e-05)
Initial search space (Z):                779  [actual number of targets]
Domain search space  (domZ):               0  [number of targets reported over threshold]
# CPU time: 0.01u 0.00s 00:00:00.01 Elapsed: 00:00:00.00
# Mc/sec: 18023.88
//
[ok]
# hmmsearch :: search profile(s) against a sequence database
# HMMER 3.4 (Aug 2023); http://hmmer.org/
# Copyright (C) 2023 Howard Hughes Medical Institute.
# Freely distributed under the BSD open source license.
# - - - - - - - - - - - - - - - - - - - - - - - - - - - - - - - - - - - -
# query HMM file:                  ../HMMs/nifV_07242025.hmm
# target sequence database:        ../all_rep_proteins_aa/archaea/GB_GCA_902529885.1_protein.faa
# - - - - - - - - - - - - - - - - - - - - - - - - - - - - - - - - - - - -

Query:       nifV-07242025  [M=437]
Scores for complete sequences (score includes all domains):
   --- full sequence ---   --- best 1 domain ---    -#dom-
    E-value  score  bias    E-value  score  bias    exp  N  Sequence Description
    ------- ------ -----    ------- ------ -----   ---- --  -------- -----------

   [No hits detected that satisfy reporting thresholds]


Domain annotation for each sequence (and alignments):

   [No targets detected that satisfy reporting thresholds]


Internal pipeline statistics summary:
-------------------------------------
Query model(s):                            1  (437 nodes)
Target sequences:                        779  (214878 residues searched)
Passed MSV filter:                        19  (0.0243902); expected 15.6 (0.02)
Passed bias filter:                       16  (0.0205392); expected 15.6 (0.02)
Passed Vit filter:                         1  (0.0012837); expected 0.8 (0.001)
Passed Fwd filter:                         0  (0); expected 0.0 (1e-05)
Initial search space (Z):                779  [actual number of targets]
Domain search space  (domZ):               0  [number of targets reported over threshold]
# CPU time: 0.01u 0.00s 00:00:00.01 Elapsed: 00:00:00.00
# Mc/sec: 16440.76
//
[ok]
