# hmmsearch :: search profile(s) against a sequence database
# HMMER 3.4 (Aug 2023); http://hmmer.org/
# Copyright (C) 2023 Howard Hughes Medical Institute.
# Freely distributed under the BSD open source license.
# - - - - - - - - - - - - - - - - - - - - - - - - - - - - - - - - - - - -
# query HMM file:                  ../HMMs/combined_nif_04012025.hmm
# target sequence database:        ../all_rep_proteins_aa/archaea/GB_GCA_016185955.1_protein.faa
# - - - - - - - - - - - - - - - - - - - - - - - - - - - - - - - - - - - -

Query:       nifH-03292025  [M=327]
Scores for complete sequences (score includes all domains):
   --- full sequence ---   --- best 1 domain ---    -#dom-
    E-value  score  bias    E-value  score  bias    exp  N  Sequence            Description
    ------- ------ -----    ------- ------ -----   ---- --  --------            -----------
     0.0017   13.5   5.7     0.0024   13.0   1.6    2.1  2  JACPMQ010000020.1_4  # 5543 # 6082 # 1 # ID=7_4;partial=00;st


Domain annotation for each sequence (and alignments):
>> JACPMQ010000020.1_4  # 5543 # 6082 # 1 # ID=7_4;partial=00;start_type=ATG;rbs_motif=None;rbs_spacer=None;gc_cont=0.35
   #    score  bias  c-Evalue  i-Evalue hmmfrom  hmm to    alifrom  ali to    envfrom  env to     acc
 ---   ------ ----- --------- --------- ------- -------    ------- -------    ------- -------    ----
   1 !   13.0   1.6   2.3e-06    0.0024      11      37 ..       2      28 ..       1      81 [. 0.89
   2 !    2.9   0.1    0.0027       2.8     181     238 ..     101     157 ..      84     178 .. 0.72

  Alignments for each domain:
  == domain 1  score: 13.0 bits;  conditional E-value: 2.3e-06
        nifH-03292025 11 kiAiYGKGGiGKSttasnlsaalaeeg 37
                         +iAi GK+G GKSt+a++l+  l  + 
  JACPMQ010000020.1_4  2 RIAISGKAGSGKSTVANKLAKKLGLKH 28
                         8******************99987655 PP

  == domain 2  score: 2.9 bits;  conditional E-value: 0.0027
        nifH-03292025 181 gvrlgGlicNsrkvdkeeelveefaeklgtqiiafvprsnevqkaelekktvieaapd 238
                          +vr+  ++  +r  +k ++ ++++a+k++ + i++ +r +e+ +a++  k + + + d
  JACPMQ010000020.1_4 101 KVRVERVMKDNRGEEKSKD-ITSLAAKIKQREISERKRYKELYNADYYDKNLYDLMID 157
                          5666666666666666655.67788888888888888888888888877777766554 PP



Internal pipeline statistics summary:
-------------------------------------
Query model(s):                            1  (327 nodes)
Target sequences:                       1018  (285981 residues searched)
Passed MSV filter:                        95  (0.0933202); expected 20.4 (0.02)
Passed bias filter:                       49  (0.0481336); expected 20.4 (0.02)
Passed Vit filter:                         6  (0.00589391); expected 1.0 (0.001)
Passed Fwd filter:                         2  (0.00196464); expected 0.0 (1e-05)
Initial search space (Z):               1018  [actual number of targets]
Domain search space  (domZ):               1  [number of targets reported over threshold]
# CPU time: 0.01u 0.00s 00:00:00.01 Elapsed: 00:00:00.01
# Mc/sec: 5500.77
//
Query:       nifD-03292025  [M=482]
Scores for complete sequences (score includes all domains):
   --- full sequence ---   --- best 1 domain ---    -#dom-
    E-value  score  bias    E-value  score  bias    exp  N  Sequence Description
    ------- ------ -----    ------- ------ -----   ---- --  -------- -----------

   [No hits detected that satisfy reporting thresholds]


Domain annotation for each sequence (and alignments):

   [No targets detected that satisfy reporting thresholds]


Internal pipeline statistics summary:
-------------------------------------
Query model(s):                            1  (482 nodes)
Target sequences:                       1018  (285981 residues searched)
Passed MSV filter:                        84  (0.0825147); expected 20.4 (0.02)
Passed bias filter:                       33  (0.0324165); expected 20.4 (0.02)
Passed Vit filter:                         2  (0.00196464); expected 1.0 (0.001)
Passed Fwd filter:                         0  (0); expected 0.0 (1e-05)
Initial search space (Z):               1018  [actual number of targets]
Domain search space  (domZ):               0  [number of targets reported over threshold]
# CPU time: 0.01u 0.00s 00:00:00.01 Elapsed: 00:00:00.00
# Mc/sec: 15745.07
//
Query:       nifK-03292025  [M=490]
Scores for complete sequences (score includes all domains):
   --- full sequence ---   --- best 1 domain ---    -#dom-
    E-value  score  bias    E-value  score  bias    exp  N  Sequence Description
    ------- ------ -----    ------- ------ -----   ---- --  -------- -----------

   [No hits detected that satisfy reporting thresholds]


Domain annotation for each sequence (and alignments):

   [No targets detected that satisfy reporting thresholds]


Internal pipeline statistics summary:
-------------------------------------
Query model(s):                            1  (490 nodes)
Target sequences:                       1018  (285981 residues searched)
Passed MSV filter:                        46  (0.0451866); expected 20.4 (0.02)
Passed bias filter:                       29  (0.0284872); expected 20.4 (0.02)
Passed Vit filter:                         1  (0.000982318); expected 1.0 (0.001)
Passed Fwd filter:                         0  (0); expected 0.0 (1e-05)
Initial search space (Z):               1018  [actual number of targets]
Domain search space  (domZ):               0  [number of targets reported over threshold]
# CPU time: 0.01u 0.00s 00:00:00.01 Elapsed: 00:00:00.00
# Mc/sec: 17695.34
//
Query:       nifB-03292025  [M=505]
Scores for complete sequences (score includes all domains):
   --- full sequence ---   --- best 1 domain ---    -#dom-
    E-value  score  bias    E-value  score  bias    exp  N  Sequence            Description
    ------- ------ -----    ------- ------ -----   ---- --  --------            -----------
    0.00051   14.5   0.5      0.038    8.3   0.0    2.8  2  JACPMQ010000009.1_3  # 4535 # 5752 # -1 # ID=43_3;partial=00;


Domain annotation for each sequence (and alignments):
>> JACPMQ010000009.1_3  # 4535 # 5752 # -1 # ID=43_3;partial=00;start_type=ATG;rbs_motif=None;rbs_spacer=None;gc_cont=0.
   #    score  bias  c-Evalue  i-Evalue hmmfrom  hmm to    alifrom  ali to    envfrom  env to     acc
 ---   ------ ----- --------- --------- ------- -------    ------- -------    ------- -------    ----
   1 !    1.2   0.1    0.0051       5.2      86      95 ..     116     125 ..     110     144 .. 0.88
   2 !    8.3   0.0   3.7e-05     0.038     160     206 ..     186     234 ..     169     287 .. 0.75

  Alignments for each domain:
  == domain 1  score: 1.2 bits;  conditional E-value: 0.0051
        nifB-03292025  86 aCNiqCnyCn 95 
                          +CN++C yC+
  JACPMQ010000009.1_3 116 SCNLSCVYCS 125
                          7********6 PP

  == domain 2  score: 8.3 bits;  conditional E-value: 3.7e-05
        nifB-03292025 160 eapdlk.lClstNGLaLp.eyvdelaelnvdhvtvTiNavdpeigakiy 206
                          ++p++k + + tNG  L  + +d+la+ ++  + + +Na+d++ + k+ 
  JACPMQ010000009.1_3 186 KIPQVKsISIDTNGTLLNkQLIDDLAAAGLTRINLSLNALDKDTADKMA 234
                          56777635799***99872579********************9998864 PP



Internal pipeline statistics summary:
-------------------------------------
Query model(s):                            1  (505 nodes)
Target sequences:                       1018  (285981 residues searched)
Passed MSV filter:                        59  (0.0579568); expected 20.4 (0.02)
Passed bias filter:                       26  (0.0255403); expected 20.4 (0.02)
Passed Vit filter:                         5  (0.00491159); expected 1.0 (0.001)
Passed Fwd filter:                         1  (0.000982318); expected 0.0 (1e-05)
Initial search space (Z):               1018  [actual number of targets]
Domain search space  (domZ):               1  [number of targets reported over threshold]
# CPU time: 0.02u 0.00s 00:00:00.02 Elapsed: 00:00:00.01
# Mc/sec: 8424.07
//
Query:       nifE-03292025  [M=556]
Scores for complete sequences (score includes all domains):
   --- full sequence ---   --- best 1 domain ---    -#dom-
    E-value  score  bias    E-value  score  bias    exp  N  Sequence Description
    ------- ------ -----    ------- ------ -----   ---- --  -------- -----------

   [No hits detected that satisfy reporting thresholds]


Domain annotation for each sequence (and alignments):

   [No targets detected that satisfy reporting thresholds]


Internal pipeline statistics summary:
-------------------------------------
Query model(s):                            1  (556 nodes)
Target sequences:                       1018  (285981 residues searched)
Passed MSV filter:                        69  (0.06778); expected 20.4 (0.02)
Passed bias filter:                       30  (0.0294695); expected 20.4 (0.02)
Passed Vit filter:                         4  (0.00392927); expected 1.0 (0.001)
Passed Fwd filter:                         0  (0); expected 0.0 (1e-05)
Initial search space (Z):               1018  [actual number of targets]
Domain search space  (domZ):               0  [number of targets reported over threshold]
# CPU time: 0.01u 0.00s 00:00:00.01 Elapsed: 00:00:00.01
# Mc/sec: 15706.89
//
Query:       nifN-03292025  [M=700]
Scores for complete sequences (score includes all domains):
   --- full sequence ---   --- best 1 domain ---    -#dom-
    E-value  score  bias    E-value  score  bias    exp  N  Sequence Description
    ------- ------ -----    ------- ------ -----   ---- --  -------- -----------

   [No hits detected that satisfy reporting thresholds]


Domain annotation for each sequence (and alignments):

   [No targets detected that satisfy reporting thresholds]


Internal pipeline statistics summary:
-------------------------------------
Query model(s):                            1  (700 nodes)
Target sequences:                       1018  (285981 residues searched)
Passed MSV filter:                        53  (0.0520629); expected 20.4 (0.02)
Passed bias filter:                       34  (0.0333988); expected 20.4 (0.02)
Passed Vit filter:                         5  (0.00491159); expected 1.0 (0.001)
Passed Fwd filter:                         0  (0); expected 0.0 (1e-05)
Initial search space (Z):               1018  [actual number of targets]
Domain search space  (domZ):               0  [number of targets reported over threshold]
# CPU time: 0.02u 0.00s 00:00:00.02 Elapsed: 00:00:00.01
# Mc/sec: 15855.94
//
Query:       pchlide-04012025  [M=508]
Scores for complete sequences (score includes all domains):
   --- full sequence ---   --- best 1 domain ---    -#dom-
    E-value  score  bias    E-value  score  bias    exp  N  Sequence Description
    ------- ------ -----    ------- ------ -----   ---- --  -------- -----------

   [No hits detected that satisfy reporting thresholds]


Domain annotation for each sequence (and alignments):

   [No targets detected that satisfy reporting thresholds]


Internal pipeline statistics summary:
-------------------------------------
Query model(s):                            1  (508 nodes)
Target sequences:                       1018  (285981 residues searched)
Passed MSV filter:                        36  (0.0353635); expected 20.4 (0.02)
Passed bias filter:                       22  (0.021611); expected 20.4 (0.02)
Passed Vit filter:                         0  (0); expected 1.0 (0.001)
Passed Fwd filter:                         0  (0); expected 0.0 (1e-05)
Initial search space (Z):               1018  [actual number of targets]
Domain search space  (domZ):               0  [number of targets reported over threshold]
# CPU time: 0.01u 0.00s 00:00:00.01 Elapsed: 00:00:00.00
# Mc/sec: 19914.02
//
[ok]
# hmmsearch :: search profile(s) against a sequence database
# HMMER 3.4 (Aug 2023); http://hmmer.org/
# Copyright (C) 2023 Howard Hughes Medical Institute.
# Freely distributed under the BSD open source license.
# - - - - - - - - - - - - - - - - - - - - - - - - - - - - - - - - - - - -
# query HMM file:                  ../HMMs/nifV_07242025.hmm
# target sequence database:        ../all_rep_proteins_aa/archaea/GB_GCA_016185955.1_protein.faa
# - - - - - - - - - - - - - - - - - - - - - - - - - - - - - - - - - - - -

Query:       nifV-07242025  [M=437]
Scores for complete sequences (score includes all domains):
   --- full sequence ---   --- best 1 domain ---    -#dom-
    E-value  score  bias    E-value  score  bias    exp  N  Sequence Description
    ------- ------ -----    ------- ------ -----   ---- --  -------- -----------

   [No hits detected that satisfy reporting thresholds]


Domain annotation for each sequence (and alignments):

   [No targets detected that satisfy reporting thresholds]


Internal pipeline statistics summary:
-------------------------------------
Query model(s):                            1  (437 nodes)
Target sequences:                       1018  (285981 residues searched)
Passed MSV filter:                        41  (0.040275); expected 20.4 (0.02)
Passed bias filter:                       30  (0.0294695); expected 20.4 (0.02)
Passed Vit filter:                         2  (0.00196464); expected 1.0 (0.001)
Passed Fwd filter:                         0  (0); expected 0.0 (1e-05)
Initial search space (Z):               1018  [actual number of targets]
Domain search space  (domZ):               0  [number of targets reported over threshold]
# CPU time: 0.01u 0.00s 00:00:00.01 Elapsed: 00:00:00.00
# Mc/sec: 14710.83
//
[ok]
