# hmmsearch :: search profile(s) against a sequence database
# HMMER 3.4 (Aug 2023); http://hmmer.org/
# Copyright (C) 2023 Howard Hughes Medical Institute.
# Freely distributed under the BSD open source license.
# - - - - - - - - - - - - - - - - - - - - - - - - - - - - - - - - - - - -
# query HMM file:                  ../HMMs/combined_nif_04012025.hmm
# target sequence database:        ../all_rep_proteins_aa/archaea/GB_GCA_013330595.1_protein.faa
# - - - - - - - - - - - - - - - - - - - - - - - - - - - - - - - - - - - -

Query:       nifH-03292025  [M=327]
Scores for complete sequences (score includes all domains):
   --- full sequence ---   --- best 1 domain ---    -#dom-
    E-value  score  bias    E-value  score  bias    exp  N  Sequence         Description
    ------- ------ -----    ------- ------ -----   ---- --  --------         -----------
    0.00031   16.4   0.3     0.0052   12.4   0.1    2.1  2  DUIB01000061.1_3  # 1338 # 2027 # 1 # ID=14_3;partial=00;star


Domain annotation for each sequence (and alignments):
>> DUIB01000061.1_3  # 1338 # 2027 # 1 # ID=14_3;partial=00;start_type=ATG;rbs_motif=None;rbs_spacer=None;gc_cont=0.314
   #    score  bias  c-Evalue  i-Evalue hmmfrom  hmm to    alifrom  ali to    envfrom  env to     acc
 ---   ------ ----- --------- --------- ------- -------    ------- -------    ------- -------    ----
   1 !    2.1   0.0    0.0048       7.4      21      43 ..      27      49 ..      25      55 .. 0.91
   2 !   12.4   0.1   3.4e-06    0.0052     148     252 ..     136     228 ..     131     229 .. 0.82

  Alignments for each domain:
  == domain 1  score: 2.1 bits;  conditional E-value: 0.0048
     nifH-03292025 21 GKSttasnlsaalaeegkkvliv 43
                      GK t+a nl  al ++ k+v+++
  DUIB01000061.1_3 27 GKTTIALNLGLALHRMKKNVIVL 49
                      9*******************986 PP

  == domain 2  score: 12.4 bits;  conditional E-value: 3.4e-06
     nifH-03292025 148 kadevyivtsgemmalYaanniakgikkyaeeggvrlgGlicNsrkvdkeeelveefaeklgtqiiafvprsnevqkaelekktvieaapdse 240
                       + de  iv s e+ + Y +n i    k ++ ++++   G++ N+ + ++       + + l + +i+++p+++ + k+   k+ +++++p s+
  DUIB01000061.1_3 136 NIDEALIVHSPEYGSRYLMNAI----KLLK-KHKILNLGIVLNKSHEES-------VNSMLSIPVITKIPHHKSIVKSFNVKQPLLHIYPYSD 216
                       6789999999999999977755....4444.445666689999876544.......3456889****************************** PP

     nifH-03292025 241 qakeyreLakki 252
                         +++ +Lak++
  DUIB01000061.1_3 217 ISRKFYDLAKRL 228
                       *********985 PP



Internal pipeline statistics summary:
-------------------------------------
Query model(s):                            1  (327 nodes)
Target sequences:                       1521  (411050 residues searched)
Passed MSV filter:                        84  (0.0552268); expected 30.4 (0.02)
Passed bias filter:                       57  (0.0374753); expected 30.4 (0.02)
Passed Vit filter:                         6  (0.00394477); expected 1.5 (0.001)
Passed Fwd filter:                         2  (0.00131492); expected 0.0 (1e-05)
Initial search space (Z):               1521  [actual number of targets]
Domain search space  (domZ):               1  [number of targets reported over threshold]
# CPU time: 0.02u 0.00s 00:00:00.02 Elapsed: 00:00:00.02
# Mc/sec: 5704.69
//
Query:       nifD-03292025  [M=482]
Scores for complete sequences (score includes all domains):
   --- full sequence ---   --- best 1 domain ---    -#dom-
    E-value  score  bias    E-value  score  bias    exp  N  Sequence Description
    ------- ------ -----    ------- ------ -----   ---- --  -------- -----------

   [No hits detected that satisfy reporting thresholds]


Domain annotation for each sequence (and alignments):

   [No targets detected that satisfy reporting thresholds]


Internal pipeline statistics summary:
-------------------------------------
Query model(s):                            1  (482 nodes)
Target sequences:                       1521  (411050 residues searched)
Passed MSV filter:                       116  (0.0762656); expected 30.4 (0.02)
Passed bias filter:                       42  (0.0276134); expected 30.4 (0.02)
Passed Vit filter:                         4  (0.00262985); expected 1.5 (0.001)
Passed Fwd filter:                         0  (0); expected 0.0 (1e-05)
Initial search space (Z):               1521  [actual number of targets]
Domain search space  (domZ):               0  [number of targets reported over threshold]
# CPU time: 0.01u 0.00s 00:00:00.01 Elapsed: 00:00:00.00
# Mc/sec: 25068.49
//
Query:       nifK-03292025  [M=490]
Scores for complete sequences (score includes all domains):
   --- full sequence ---   --- best 1 domain ---    -#dom-
    E-value  score  bias    E-value  score  bias    exp  N  Sequence Description
    ------- ------ -----    ------- ------ -----   ---- --  -------- -----------

   [No hits detected that satisfy reporting thresholds]


Domain annotation for each sequence (and alignments):

   [No targets detected that satisfy reporting thresholds]


Internal pipeline statistics summary:
-------------------------------------
Query model(s):                            1  (490 nodes)
Target sequences:                       1521  (411050 residues searched)
Passed MSV filter:                        45  (0.0295858); expected 30.4 (0.02)
Passed bias filter:                       25  (0.0164366); expected 30.4 (0.02)
Passed Vit filter:                         1  (0.000657462); expected 1.5 (0.001)
Passed Fwd filter:                         0  (0); expected 0.0 (1e-05)
Initial search space (Z):               1521  [actual number of targets]
Domain search space  (domZ):               0  [number of targets reported over threshold]
# CPU time: 0.01u 0.00s 00:00:00.01 Elapsed: 00:00:00.00
# Mc/sec: 30858.84
//
Query:       nifB-03292025  [M=505]
Scores for complete sequences (score includes all domains):
   --- full sequence ---   --- best 1 domain ---    -#dom-
    E-value  score  bias    E-value  score  bias    exp  N  Sequence Description
    ------- ------ -----    ------- ------ -----   ---- --  -------- -----------

   [No hits detected that satisfy reporting thresholds]


Domain annotation for each sequence (and alignments):

   [No targets detected that satisfy reporting thresholds]


Internal pipeline statistics summary:
-------------------------------------
Query model(s):                            1  (505 nodes)
Target sequences:                       1521  (411050 residues searched)
Passed MSV filter:                        62  (0.0407627); expected 30.4 (0.02)
Passed bias filter:                       36  (0.0236686); expected 30.4 (0.02)
Passed Vit filter:                         5  (0.00328731); expected 1.5 (0.001)
Passed Fwd filter:                         0  (0); expected 0.0 (1e-05)
Initial search space (Z):               1521  [actual number of targets]
Domain search space  (domZ):               0  [number of targets reported over threshold]
# CPU time: 0.01u 0.00s 00:00:00.01 Elapsed: 00:00:00.00
# Mc/sec: 25988.63
//
Query:       nifE-03292025  [M=556]
Scores for complete sequences (score includes all domains):
   --- full sequence ---   --- best 1 domain ---    -#dom-
    E-value  score  bias    E-value  score  bias    exp  N  Sequence Description
    ------- ------ -----    ------- ------ -----   ---- --  -------- -----------

   [No hits detected that satisfy reporting thresholds]


Domain annotation for each sequence (and alignments):

   [No targets detected that satisfy reporting thresholds]


Internal pipeline statistics summary:
-------------------------------------
Query model(s):                            1  (556 nodes)
Target sequences:                       1521  (411050 residues searched)
Passed MSV filter:                        83  (0.0545694); expected 30.4 (0.02)
Passed bias filter:                       45  (0.0295858); expected 30.4 (0.02)
Passed Vit filter:                         5  (0.00328731); expected 1.5 (0.001)
Passed Fwd filter:                         0  (0); expected 0.0 (1e-05)
Initial search space (Z):               1521  [actual number of targets]
Domain search space  (domZ):               0  [number of targets reported over threshold]
# CPU time: 0.01u 0.00s 00:00:00.01 Elapsed: 00:00:00.00
# Mc/sec: 24819.10
//
Query:       nifN-03292025  [M=700]
Scores for complete sequences (score includes all domains):
   --- full sequence ---   --- best 1 domain ---    -#dom-
    E-value  score  bias    E-value  score  bias    exp  N  Sequence Description
    ------- ------ -----    ------- ------ -----   ---- --  -------- -----------

   [No hits detected that satisfy reporting thresholds]


Domain annotation for each sequence (and alignments):

   [No targets detected that satisfy reporting thresholds]


Internal pipeline statistics summary:
-------------------------------------
Query model(s):                            1  (700 nodes)
Target sequences:                       1521  (411050 residues searched)
Passed MSV filter:                        58  (0.0381328); expected 30.4 (0.02)
Passed bias filter:                       46  (0.0302433); expected 30.4 (0.02)
Passed Vit filter:                         4  (0.00262985); expected 1.5 (0.001)
Passed Fwd filter:                         0  (0); expected 0.0 (1e-05)
Initial search space (Z):               1521  [actual number of targets]
Domain search space  (domZ):               0  [number of targets reported over threshold]
# CPU time: 0.01u 0.00s 00:00:00.01 Elapsed: 00:00:00.01
# Mc/sec: 22683.93
//
Query:       pchlide-04012025  [M=508]
Scores for complete sequences (score includes all domains):
   --- full sequence ---   --- best 1 domain ---    -#dom-
    E-value  score  bias    E-value  score  bias    exp  N  Sequence Description
    ------- ------ -----    ------- ------ -----   ---- --  -------- -----------

   [No hits detected that satisfy reporting thresholds]


Domain annotation for each sequence (and alignments):

   [No targets detected that satisfy reporting thresholds]


Internal pipeline statistics summary:
-------------------------------------
Query model(s):                            1  (508 nodes)
Target sequences:                       1521  (411050 residues searched)
Passed MSV filter:                        60  (0.0394477); expected 30.4 (0.02)
Passed bias filter:                       40  (0.0262985); expected 30.4 (0.02)
Passed Vit filter:                         5  (0.00328731); expected 1.5 (0.001)
Passed Fwd filter:                         0  (0); expected 0.0 (1e-05)
Initial search space (Z):               1521  [actual number of targets]
Domain search space  (domZ):               0  [number of targets reported over threshold]
# CPU time: 0.01u 0.00s 00:00:00.01 Elapsed: 00:00:00.00
# Mc/sec: 29854.10
//
[ok]
# hmmsearch :: search profile(s) against a sequence database
# HMMER 3.4 (Aug 2023); http://hmmer.org/
# Copyright (C) 2023 Howard Hughes Medical Institute.
# Freely distributed under the BSD open source license.
# - - - - - - - - - - - - - - - - - - - - - - - - - - - - - - - - - - - -
# query HMM file:                  ../HMMs/nifV_07242025.hmm
# target sequence database:        ../all_rep_proteins_aa/archaea/GB_GCA_013330595.1_protein.faa
# - - - - - - - - - - - - - - - - - - - - - - - - - - - - - - - - - - - -

Query:       nifV-07242025  [M=437]
Scores for complete sequences (score includes all domains):
   --- full sequence ---   --- best 1 domain ---    -#dom-
    E-value  score  bias    E-value  score  bias    exp  N  Sequence Description
    ------- ------ -----    ------- ------ -----   ---- --  -------- -----------

   [No hits detected that satisfy reporting thresholds]


Domain annotation for each sequence (and alignments):

   [No targets detected that satisfy reporting thresholds]


Internal pipeline statistics summary:
-------------------------------------
Query model(s):                            1  (437 nodes)
Target sequences:                       1521  (411050 residues searched)
Passed MSV filter:                        35  (0.0230112); expected 30.4 (0.02)
Passed bias filter:                       29  (0.0190664); expected 30.4 (0.02)
Passed Vit filter:                         4  (0.00262985); expected 1.5 (0.001)
Passed Fwd filter:                         0  (0); expected 0.0 (1e-05)
Initial search space (Z):               1521  [actual number of targets]
Domain search space  (domZ):               0  [number of targets reported over threshold]
# CPU time: 0.01u 0.00s 00:00:00.01 Elapsed: 00:00:00.00
# Mc/sec: 24853.36
//
[ok]
