# hmmsearch :: search profile(s) against a sequence database
# HMMER 3.4 (Aug 2023); http://hmmer.org/
# Copyright (C) 2023 Howard Hughes Medical Institute.
# Freely distributed under the BSD open source license.
# - - - - - - - - - - - - - - - - - - - - - - - - - - - - - - - - - - - -
# query HMM file:                  ../HMMs/combined_nif_04012025.hmm
# target sequence database:        ../all_rep_proteins_aa/archaea/GB_GCA_027334165.1_protein.faa
# - - - - - - - - - - - - - - - - - - - - - - - - - - - - - - - - - - - -

Query:       nifH-03292025  [M=327]
Scores for complete sequences (score includes all domains):
   --- full sequence ---   --- best 1 domain ---    -#dom-
    E-value  score  bias    E-value  score  bias    exp  N  Sequence             Description
    ------- ------ -----    ------- ------ -----   ---- --  --------             -----------
    5.7e-07   24.6   0.1    2.8e-05   19.1   0.2    2.1  2  DAHWXM010000015.1_60  # 58935 # 59738 # -1 # ID=9_60;partial=


Domain annotation for each sequence (and alignments):
>> DAHWXM010000015.1_60  # 58935 # 59738 # -1 # ID=9_60;partial=00;start_type=ATG;rbs_motif=GGT;rbs_spacer=8bp;gc_cont=0
   #    score  bias  c-Evalue  i-Evalue hmmfrom  hmm to    alifrom  ali to    envfrom  env to     acc
 ---   ------ ----- --------- --------- ------- -------    ------- -------    ------- -------    ----
   1 !   19.1   0.2   3.3e-08   2.8e-05      10      40 ..      38      69 ..      25      78 .. 0.87
   2 !    3.6   0.0    0.0017       1.5     165     253 ..     182     264 ..     168     267 .. 0.71

  Alignments for each domain:
  == domain 1  score: 19.1 bits;  conditional E-value: 3.3e-08
         nifH-03292025 10 rkiAiY.GKGGiGKSttasnlsaalaeegkkv 40
                          +ki+iY  KGG+GK t+a nl++al  +g++v
  DAHWXM010000015.1_60 38 HKICIYsAKGGVGKTTVAVNLAYALRAMGYSV 69
                          79****55*********************987 PP

  == domain 2  score: 3.6 bits;  conditional E-value: 0.0017
         nifH-03292025 165 aanniakgikkyaeeggvrlgGlicNsrkvdkeeelveefaeklgtqiiafvprsnevqkaelekktvieaapdseqakeyreLakkil 253
                           a+n i  g  ++a++ gv++ G++ N+ +   +    +e+ae+l++ ++  +pr+       l+    + ++ ds  ++ ++ +a++i+
  DAHWXM010000015.1_60 182 AVNAIRSG--RMARRLGVSILGVVENMSEG--NIAGGKEVAEALECPVLGSIPRDARYG--ALSDAGSVPVDTDSGIMELFKGIASRII 264
                           44555554..67889999********9765..4556699***************98643..3444444555556666666666666665 PP



Internal pipeline statistics summary:
-------------------------------------
Query model(s):                            1  (327 nodes)
Target sequences:                        850  (248931 residues searched)
Passed MSV filter:                        40  (0.0470588); expected 17.0 (0.02)
Passed bias filter:                       31  (0.0364706); expected 17.0 (0.02)
Passed Vit filter:                         4  (0.00470588); expected 0.8 (0.001)
Passed Fwd filter:                         1  (0.00117647); expected 0.0 (1e-05)
Initial search space (Z):                850  [actual number of targets]
Domain search space  (domZ):               1  [number of targets reported over threshold]
# CPU time: 0.01u 0.00s 00:00:00.01 Elapsed: 00:00:00.01
# Mc/sec: 7860.90
//
Query:       nifD-03292025  [M=482]
Scores for complete sequences (score includes all domains):
   --- full sequence ---   --- best 1 domain ---    -#dom-
    E-value  score  bias    E-value  score  bias    exp  N  Sequence Description
    ------- ------ -----    ------- ------ -----   ---- --  -------- -----------

   [No hits detected that satisfy reporting thresholds]


Domain annotation for each sequence (and alignments):

   [No targets detected that satisfy reporting thresholds]


Internal pipeline statistics summary:
-------------------------------------
Query model(s):                            1  (482 nodes)
Target sequences:                        850  (248931 residues searched)
Passed MSV filter:                        28  (0.0329412); expected 17.0 (0.02)
Passed bias filter:                       21  (0.0247059); expected 17.0 (0.02)
Passed Vit filter:                         2  (0.00235294); expected 0.8 (0.001)
Passed Fwd filter:                         0  (0); expected 0.0 (1e-05)
Initial search space (Z):                850  [actual number of targets]
Domain search space  (domZ):               0  [number of targets reported over threshold]
# CPU time: 0.01u 0.00s 00:00:00.01 Elapsed: 00:00:00.00
# Mc/sec: 15246.54
//
Query:       nifK-03292025  [M=490]
Scores for complete sequences (score includes all domains):
   --- full sequence ---   --- best 1 domain ---    -#dom-
    E-value  score  bias    E-value  score  bias    exp  N  Sequence Description
    ------- ------ -----    ------- ------ -----   ---- --  -------- -----------

   [No hits detected that satisfy reporting thresholds]


Domain annotation for each sequence (and alignments):

   [No targets detected that satisfy reporting thresholds]


Internal pipeline statistics summary:
-------------------------------------
Query model(s):                            1  (490 nodes)
Target sequences:                        850  (248931 residues searched)
Passed MSV filter:                        26  (0.0305882); expected 17.0 (0.02)
Passed bias filter:                       23  (0.0270588); expected 17.0 (0.02)
Passed Vit filter:                         0  (0); expected 0.8 (0.001)
Passed Fwd filter:                         0  (0); expected 0.0 (1e-05)
Initial search space (Z):                850  [actual number of targets]
Domain search space  (domZ):               0  [number of targets reported over threshold]
# CPU time: 0.01u 0.00s 00:00:00.01 Elapsed: 00:00:00.00
# Mc/sec: 16649.76
//
Query:       nifB-03292025  [M=505]
Scores for complete sequences (score includes all domains):
   --- full sequence ---   --- best 1 domain ---    -#dom-
    E-value  score  bias    E-value  score  bias    exp  N  Sequence Description
    ------- ------ -----    ------- ------ -----   ---- --  -------- -----------

   [No hits detected that satisfy reporting thresholds]


Domain annotation for each sequence (and alignments):

   [No targets detected that satisfy reporting thresholds]


Internal pipeline statistics summary:
-------------------------------------
Query model(s):                            1  (505 nodes)
Target sequences:                        850  (248931 residues searched)
Passed MSV filter:                        34  (0.04); expected 17.0 (0.02)
Passed bias filter:                       24  (0.0282353); expected 17.0 (0.02)
Passed Vit filter:                         1  (0.00117647); expected 0.8 (0.001)
Passed Fwd filter:                         0  (0); expected 0.0 (1e-05)
Initial search space (Z):                850  [actual number of targets]
Domain search space  (domZ):               0  [number of targets reported over threshold]
# CPU time: 0.01u 0.00s 00:00:00.01 Elapsed: 00:00:00.00
# Mc/sec: 13492.74
//
Query:       nifE-03292025  [M=556]
Scores for complete sequences (score includes all domains):
   --- full sequence ---   --- best 1 domain ---    -#dom-
    E-value  score  bias    E-value  score  bias    exp  N  Sequence Description
    ------- ------ -----    ------- ------ -----   ---- --  -------- -----------

   [No hits detected that satisfy reporting thresholds]


Domain annotation for each sequence (and alignments):

   [No targets detected that satisfy reporting thresholds]


Internal pipeline statistics summary:
-------------------------------------
Query model(s):                            1  (556 nodes)
Target sequences:                        850  (248931 residues searched)
Passed MSV filter:                        43  (0.0505882); expected 17.0 (0.02)
Passed bias filter:                       35  (0.0411765); expected 17.0 (0.02)
Passed Vit filter:                         7  (0.00823529); expected 0.8 (0.001)
Passed Fwd filter:                         0  (0); expected 0.0 (1e-05)
Initial search space (Z):                850  [actual number of targets]
Domain search space  (domZ):               0  [number of targets reported over threshold]
# CPU time: 0.01u 0.00s 00:00:00.01 Elapsed: 00:00:00.01
# Mc/sec: 11407.39
//
Query:       nifN-03292025  [M=700]
Scores for complete sequences (score includes all domains):
   --- full sequence ---   --- best 1 domain ---    -#dom-
    E-value  score  bias    E-value  score  bias    exp  N  Sequence Description
    ------- ------ -----    ------- ------ -----   ---- --  -------- -----------

   [No hits detected that satisfy reporting thresholds]


Domain annotation for each sequence (and alignments):

   [No targets detected that satisfy reporting thresholds]


Internal pipeline statistics summary:
-------------------------------------
Query model(s):                            1  (700 nodes)
Target sequences:                        850  (248931 residues searched)
Passed MSV filter:                        31  (0.0364706); expected 17.0 (0.02)
Passed bias filter:                       20  (0.0235294); expected 17.0 (0.02)
Passed Vit filter:                         1  (0.00117647); expected 0.8 (0.001)
Passed Fwd filter:                         0  (0); expected 0.0 (1e-05)
Initial search space (Z):                850  [actual number of targets]
Domain search space  (domZ):               0  [number of targets reported over threshold]
# CPU time: 0.01u 0.00s 00:00:00.01 Elapsed: 00:00:00.01
# Mc/sec: 16997.66
//
Query:       pchlide-04012025  [M=508]
Scores for complete sequences (score includes all domains):
   --- full sequence ---   --- best 1 domain ---    -#dom-
    E-value  score  bias    E-value  score  bias    exp  N  Sequence Description
    ------- ------ -----    ------- ------ -----   ---- --  -------- -----------

   [No hits detected that satisfy reporting thresholds]


Domain annotation for each sequence (and alignments):

   [No targets detected that satisfy reporting thresholds]


Internal pipeline statistics summary:
-------------------------------------
Query model(s):                            1  (508 nodes)
Target sequences:                        850  (248931 residues searched)
Passed MSV filter:                        26  (0.0305882); expected 17.0 (0.02)
Passed bias filter:                       20  (0.0235294); expected 17.0 (0.02)
Passed Vit filter:                         2  (0.00235294); expected 0.8 (0.001)
Passed Fwd filter:                         0  (0); expected 0.0 (1e-05)
Initial search space (Z):                850  [actual number of targets]
Domain search space  (domZ):               0  [number of targets reported over threshold]
# CPU time: 0.01u 0.00s 00:00:00.01 Elapsed: 00:00:00.00
# Mc/sec: 16429.80
//
[ok]
# hmmsearch :: search profile(s) against a sequence database
# HMMER 3.4 (Aug 2023); http://hmmer.org/
# Copyright (C) 2023 Howard Hughes Medical Institute.
# Freely distributed under the BSD open source license.
# - - - - - - - - - - - - - - - - - - - - - - - - - - - - - - - - - - - -
# query HMM file:                  ../HMMs/nifV_07242025.hmm
# target sequence database:        ../all_rep_proteins_aa/archaea/GB_GCA_027334165.1_protein.faa
# - - - - - - - - - - - - - - - - - - - - - - - - - - - - - - - - - - - -

Query:       nifV-07242025  [M=437]
Scores for complete sequences (score includes all domains):
   --- full sequence ---   --- best 1 domain ---    -#dom-
    E-value  score  bias    E-value  score  bias    exp  N  Sequence Description
    ------- ------ -----    ------- ------ -----   ---- --  -------- -----------

   [No hits detected that satisfy reporting thresholds]


Domain annotation for each sequence (and alignments):

   [No targets detected that satisfy reporting thresholds]


Internal pipeline statistics summary:
-------------------------------------
Query model(s):                            1  (437 nodes)
Target sequences:                        850  (248931 residues searched)
Passed MSV filter:                        22  (0.0258824); expected 17.0 (0.02)
Passed bias filter:                       14  (0.0164706); expected 17.0 (0.02)
Passed Vit filter:                         0  (0); expected 0.8 (0.001)
Passed Fwd filter:                         0  (0); expected 0.0 (1e-05)
Initial search space (Z):                850  [actual number of targets]
Domain search space  (domZ):               0  [number of targets reported over threshold]
# CPU time: 0.01u 0.00s 00:00:00.01 Elapsed: 00:00:00.00
# Mc/sec: 17096.30
//
[ok]
