# hmmsearch :: search profile(s) against a sequence database
# HMMER 3.4 (Aug 2023); http://hmmer.org/
# Copyright (C) 2023 Howard Hughes Medical Institute.
# Freely distributed under the BSD open source license.
# - - - - - - - - - - - - - - - - - - - - - - - - - - - - - - - - - - - -
# query HMM file:                  ../HMMs/combined_nif_04012025.hmm
# target sequence database:        ../all_rep_proteins_aa/bacteria/GB_GCA_934096735.1_protein.faa
# - - - - - - - - - - - - - - - - - - - - - - - - - - - - - - - - - - - -

Query:       nifH-03292025  [M=327]
Scores for complete sequences (score includes all domains):
   --- full sequence ---   --- best 1 domain ---    -#dom-
    E-value  score  bias    E-value  score  bias    exp  N  Sequence              Description
    ------- ------ -----    ------- ------ -----   ---- --  --------              -----------
    1.3e-14   49.9   0.2    2.1e-08   29.5   0.1    2.1  2  CAKOMS010000001.1_101  # 77990 # 78775 # 1 # ID=1_101;partial


Domain annotation for each sequence (and alignments):
>> CAKOMS010000001.1_101  # 77990 # 78775 # 1 # ID=1_101;partial=00;start_type=ATG;rbs_motif=GGAG/GAGG;rbs_spacer=5-10bp
   #    score  bias  c-Evalue  i-Evalue hmmfrom  hmm to    alifrom  ali to    envfrom  env to     acc
 ---   ------ ----- --------- --------- ------- -------    ------- -------    ------- -------    ----
   1 !   29.5   0.1   2.2e-11   2.1e-08      17      55 ..      11      49 ..       5      83 .. 0.88
   2 !   18.6   0.0   4.4e-08   4.2e-05     149     255 ..     147     258 ..     143     261 .. 0.86

  Alignments for each domain:
  == domain 1  score: 29.5 bits;  conditional E-value: 2.2e-11
          nifH-03292025 17 KGGiGKSttasnlsaalaeegkkvlivGCdPKaDstrll 55
                           KGG+GK tt+ nl+aal +e+k+vli+  dP + +t+ l
  CAKOMS010000001.1_101 11 KGGVGKTTTSINLAAALGKENKRVLIIDLDPQSNATTGL 49
                           9********************************999876 PP

  == domain 2  score: 18.6 bits;  conditional E-value: 4.4e-08
          nifH-03292025 149 adevyivtsgemmalYaanniakgikkyaee..ggvrlgGlicNsrkvdke..eelveefaeklgtqiiaf.vprsnevqkaelekkt 231
                            +d+v+i + +e+ al     ++++i  ++++   + r+ G++  + + +++   e++ee+ + ++ +++++ +pr   + +a  ++k 
  CAKOMS010000001.1_101 147 SDSVIIPVQCEFFALEGITQLLNSIIMVQSSmnPTLRIEGVLLTMLDGRTNigLEVIEEIRKYFKDKVFNTiIPRLVRLVEAPSHGKP 234
                            5789999999**************99998884356788999999887665522799***********9976279************** PP

          nifH-03292025 232 vieaapdseqakeyreLakkilen 255
                            + e++p+s+++++y++Lak+++e 
  CAKOMS010000001.1_101 235 INEYDPTSRATEAYHNLAKEVIER 258
                            ********************9986 PP



Internal pipeline statistics summary:
-------------------------------------
Query model(s):                            1  (327 nodes)
Target sequences:                        941  (279513 residues searched)
Passed MSV filter:                        84  (0.0892667); expected 18.8 (0.02)
Passed bias filter:                       43  (0.0456961); expected 18.8 (0.02)
Passed Vit filter:                        10  (0.010627); expected 0.9 (0.001)
Passed Fwd filter:                         1  (0.0010627); expected 0.0 (1e-05)
Initial search space (Z):                941  [actual number of targets]
Domain search space  (domZ):               1  [number of targets reported over threshold]
# CPU time: 0.01u 0.00s 00:00:00.01 Elapsed: 00:00:00.01
# Mc/sec: 6048.72
//
Query:       nifD-03292025  [M=482]
Scores for complete sequences (score includes all domains):
   --- full sequence ---   --- best 1 domain ---    -#dom-
    E-value  score  bias    E-value  score  bias    exp  N  Sequence Description
    ------- ------ -----    ------- ------ -----   ---- --  -------- -----------

   [No hits detected that satisfy reporting thresholds]


Domain annotation for each sequence (and alignments):

   [No targets detected that satisfy reporting thresholds]


Internal pipeline statistics summary:
-------------------------------------
Query model(s):                            1  (482 nodes)
Target sequences:                        941  (279513 residues searched)
Passed MSV filter:                        84  (0.0892667); expected 18.8 (0.02)
Passed bias filter:                       26  (0.0276302); expected 18.8 (0.02)
Passed Vit filter:                         1  (0.0010627); expected 0.9 (0.001)
Passed Fwd filter:                         0  (0); expected 0.0 (1e-05)
Initial search space (Z):                941  [actual number of targets]
Domain search space  (domZ):               0  [number of targets reported over threshold]
# CPU time: 0.01u 0.01s 00:00:00.02 Elapsed: 00:00:00.00
# Mc/sec: 13593.18
//
Query:       nifK-03292025  [M=490]
Scores for complete sequences (score includes all domains):
   --- full sequence ---   --- best 1 domain ---    -#dom-
    E-value  score  bias    E-value  score  bias    exp  N  Sequence Description
    ------- ------ -----    ------- ------ -----   ---- --  -------- -----------

   [No hits detected that satisfy reporting thresholds]


Domain annotation for each sequence (and alignments):

   [No targets detected that satisfy reporting thresholds]


Internal pipeline statistics summary:
-------------------------------------
Query model(s):                            1  (490 nodes)
Target sequences:                        941  (279513 residues searched)
Passed MSV filter:                        42  (0.0446334); expected 18.8 (0.02)
Passed bias filter:                       16  (0.0170032); expected 18.8 (0.02)
Passed Vit filter:                         1  (0.0010627); expected 0.9 (0.001)
Passed Fwd filter:                         0  (0); expected 0.0 (1e-05)
Initial search space (Z):                941  [actual number of targets]
Domain search space  (domZ):               0  [number of targets reported over threshold]
# CPU time: 0.01u 0.00s 00:00:00.01 Elapsed: 00:00:00.00
# Mc/sec: 14313.49
//
Query:       nifB-03292025  [M=505]
Scores for complete sequences (score includes all domains):
   --- full sequence ---   --- best 1 domain ---    -#dom-
    E-value  score  bias    E-value  score  bias    exp  N  Sequence Description
    ------- ------ -----    ------- ------ -----   ---- --  -------- -----------

   [No hits detected that satisfy reporting thresholds]


Domain annotation for each sequence (and alignments):

   [No targets detected that satisfy reporting thresholds]


Internal pipeline statistics summary:
-------------------------------------
Query model(s):                            1  (505 nodes)
Target sequences:                        941  (279513 residues searched)
Passed MSV filter:                        42  (0.0446334); expected 18.8 (0.02)
Passed bias filter:                       21  (0.0223167); expected 18.8 (0.02)
Passed Vit filter:                         5  (0.0053135); expected 0.9 (0.001)
Passed Fwd filter:                         0  (0); expected 0.0 (1e-05)
Initial search space (Z):                941  [actual number of targets]
Domain search space  (domZ):               0  [number of targets reported over threshold]
# CPU time: 0.01u 0.00s 00:00:00.01 Elapsed: 00:00:00.01
# Mc/sec: 11973.87
//
Query:       nifE-03292025  [M=556]
Scores for complete sequences (score includes all domains):
   --- full sequence ---   --- best 1 domain ---    -#dom-
    E-value  score  bias    E-value  score  bias    exp  N  Sequence Description
    ------- ------ -----    ------- ------ -----   ---- --  -------- -----------

   [No hits detected that satisfy reporting thresholds]


Domain annotation for each sequence (and alignments):

   [No targets detected that satisfy reporting thresholds]


Internal pipeline statistics summary:
-------------------------------------
Query model(s):                            1  (556 nodes)
Target sequences:                        941  (279513 residues searched)
Passed MSV filter:                        58  (0.0616366); expected 18.8 (0.02)
Passed bias filter:                       26  (0.0276302); expected 18.8 (0.02)
Passed Vit filter:                         1  (0.0010627); expected 0.9 (0.001)
Passed Fwd filter:                         0  (0); expected 0.0 (1e-05)
Initial search space (Z):                941  [actual number of targets]
Domain search space  (domZ):               0  [number of targets reported over threshold]
# CPU time: 0.01u 0.00s 00:00:00.01 Elapsed: 00:00:00.01
# Mc/sec: 13619.18
//
Query:       nifN-03292025  [M=700]
Scores for complete sequences (score includes all domains):
   --- full sequence ---   --- best 1 domain ---    -#dom-
    E-value  score  bias    E-value  score  bias    exp  N  Sequence Description
    ------- ------ -----    ------- ------ -----   ---- --  -------- -----------

   [No hits detected that satisfy reporting thresholds]


Domain annotation for each sequence (and alignments):

   [No targets detected that satisfy reporting thresholds]


Internal pipeline statistics summary:
-------------------------------------
Query model(s):                            1  (700 nodes)
Target sequences:                        941  (279513 residues searched)
Passed MSV filter:                        50  (0.053135); expected 18.8 (0.02)
Passed bias filter:                       30  (0.031881); expected 18.8 (0.02)
Passed Vit filter:                         2  (0.0021254); expected 0.9 (0.001)
Passed Fwd filter:                         0  (0); expected 0.0 (1e-05)
Initial search space (Z):                941  [actual number of targets]
Domain search space  (domZ):               0  [number of targets reported over threshold]
# CPU time: 0.01u 0.00s 00:00:00.01 Elapsed: 00:00:00.01
# Mc/sec: 13517.02
//
Query:       pchlide-04012025  [M=508]
Scores for complete sequences (score includes all domains):
   --- full sequence ---   --- best 1 domain ---    -#dom-
    E-value  score  bias    E-value  score  bias    exp  N  Sequence Description
    ------- ------ -----    ------- ------ -----   ---- --  -------- -----------

   [No hits detected that satisfy reporting thresholds]


Domain annotation for each sequence (and alignments):

   [No targets detected that satisfy reporting thresholds]


Internal pipeline statistics summary:
-------------------------------------
Query model(s):                            1  (508 nodes)
Target sequences:                        941  (279513 residues searched)
Passed MSV filter:                        38  (0.0403826); expected 18.8 (0.02)
Passed bias filter:                       27  (0.0286929); expected 18.8 (0.02)
Passed Vit filter:                         2  (0.0021254); expected 0.9 (0.001)
Passed Fwd filter:                         0  (0); expected 0.0 (1e-05)
Initial search space (Z):                941  [actual number of targets]
Domain search space  (domZ):               0  [number of targets reported over threshold]
# CPU time: 0.01u 0.00s 00:00:00.01 Elapsed: 00:00:00.01
# Mc/sec: 12949.05
//
[ok]
# hmmsearch :: search profile(s) against a sequence database
# HMMER 3.4 (Aug 2023); http://hmmer.org/
# Copyright (C) 2023 Howard Hughes Medical Institute.
# Freely distributed under the BSD open source license.
# - - - - - - - - - - - - - - - - - - - - - - - - - - - - - - - - - - - -
# query HMM file:                  ../HMMs/nifV_07242025.hmm
# target sequence database:        ../all_rep_proteins_aa/bacteria/GB_GCA_934096735.1_protein.faa
# - - - - - - - - - - - - - - - - - - - - - - - - - - - - - - - - - - - -

Query:       nifV-07242025  [M=437]
Scores for complete sequences (score includes all domains):
   --- full sequence ---   --- best 1 domain ---    -#dom-
    E-value  score  bias    E-value  score  bias    exp  N  Sequence Description
    ------- ------ -----    ------- ------ -----   ---- --  -------- -----------

   [No hits detected that satisfy reporting thresholds]


Domain annotation for each sequence (and alignments):

   [No targets detected that satisfy reporting thresholds]


Internal pipeline statistics summary:
-------------------------------------
Query model(s):                            1  (437 nodes)
Target sequences:                        941  (279513 residues searched)
Passed MSV filter:                        21  (0.0223167); expected 18.8 (0.02)
Passed bias filter:                       17  (0.0180659); expected 18.8 (0.02)
Passed Vit filter:                         3  (0.0031881); expected 0.9 (0.001)
Passed Fwd filter:                         0  (0); expected 0.0 (1e-05)
Initial search space (Z):                941  [actual number of targets]
Domain search space  (domZ):               0  [number of targets reported over threshold]
# CPU time: 0.01u 0.00s 00:00:00.01 Elapsed: 00:00:00.00
# Mc/sec: 16581.24
//
[ok]
