# hmmsearch :: search profile(s) against a sequence database
# HMMER 3.4 (Aug 2023); http://hmmer.org/
# Copyright (C) 2023 Howard Hughes Medical Institute.
# Freely distributed under the BSD open source license.
# - - - - - - - - - - - - - - - - - - - - - - - - - - - - - - - - - - - -
# query HMM file:                  ../HMMs/combined_nif_04012025.hmm
# target sequence database:        ../all_rep_proteins_aa/bacteria/GB_GCA_018830465.1_protein.faa
# - - - - - - - - - - - - - - - - - - - - - - - - - - - - - - - - - - - -

Query:       nifH-03292025  [M=327]
Scores for complete sequences (score includes all domains):
   --- full sequence ---   --- best 1 domain ---    -#dom-
    E-value  score  bias    E-value  score  bias    exp  N  Sequence            Description
    ------- ------ -----    ------- ------ -----   ---- --  --------            -----------
    5.7e-14   47.2   0.1    4.2e-07   24.7   0.0    2.1  2  JAHJSI010000048.1_1  # 131 # 904 # 1 # ID=38_1;partial=00;sta
     0.0028   12.1   0.0     0.0047   11.3   0.0    1.3  1  JAHJSI010000007.1_8  # 6780 # 8465 # 1 # ID=23_8;partial=00;s
     0.0029   12.0   0.3      0.013    9.9   0.0    2.0  2  JAHJSI010000003.1_2  # 514 # 3015 # -1 # ID=45_2;partial=00;s


Domain annotation for each sequence (and alignments):
>> JAHJSI010000048.1_1  # 131 # 904 # 1 # ID=38_1;partial=00;start_type=ATG;rbs_motif=ATAATA;rbs_spacer=8bp;gc_cont=0.37
   #    score  bias  c-Evalue  i-Evalue hmmfrom  hmm to    alifrom  ali to    envfrom  env to     acc
 ---   ------ ----- --------- --------- ------- -------    ------- -------    ------- -------    ----
   1 !   24.7   0.0     2e-09   4.2e-07      17      55 ..      11      49 ..       3      69 .. 0.92
   2 !   20.7   0.0   3.1e-08   6.6e-06     149     256 ..     141     253 ..     138     257 .. 0.84

  Alignments for each domain:
  == domain 1  score: 24.7 bits;  conditional E-value: 2e-09
        nifH-03292025 17 KGGiGKSttasnlsaalaeegkkvlivGCdPKaDstrll 55
                         KGG+GK tt+ nl++ la  gk vl v  dP a +t+ +
  JAHJSI010000048.1_1 11 KGGVGKTTTSINLAVYLAALGKYVLLVDLDPQANATSGI 49
                         9*********************************99765 PP

  == domain 2  score: 20.7 bits;  conditional E-value: 3.1e-08
        nifH-03292025 149 adevyivtsgemmalYaanniakgikkyaee..ggvrlgGlicNsrkvdk..eeelveefaeklgtqiia.fvprsnevqkaelekktvi 233
                          ade+ i + +e+ al     ++++i+ ++e+   +v++ G +  + ++++   e++++e+ + +  +i+   +pr+  + ++   +k ++
  JAHJSI010000048.1_1 141 ADEILIPVQAEYFALEGLGQLMNTINLIKENikPEVKVLGAVLTMYDSRQklSEQVMHELYQYFPDKIFRsAIPRNVRLAESPSFGKSIL 230
                          99************************99998556788888777665544411578889999999999885279***************** PP

        nifH-03292025 234 eaapdseqakeyreLakkilenk 256
                          +++p+s+ ak+y++Lak++le +
  JAHJSI010000048.1_1 231 HYDPKSKGAKAYERLAKELLEMH 253
                          ******************98865 PP

>> JAHJSI010000007.1_8  # 6780 # 8465 # 1 # ID=23_8;partial=00;start_type=ATG;rbs_motif=ATAA;rbs_spacer=5bp;gc_cont=0.40
   #    score  bias  c-Evalue  i-Evalue hmmfrom  hmm to    alifrom  ali to    envfrom  env to     acc
 ---   ------ ----- --------- --------- ------- -------    ------- -------    ------- -------    ----
   1 !   11.3   0.0   2.2e-05    0.0047       9      52 ..      37      78 ..      29      95 .. 0.81

  Alignments for each domain:
  == domain 1  score: 11.3 bits;  conditional E-value: 2.2e-05
        nifH-03292025  9 mrkiAiYGKGGiGKSttasnlsaalaeegkkvlivGCdPKaDst 52
                          r++ + GK G+GKSt+ +n+     ++gk v +v  dP  D +
  JAHJSI010000007.1_8 37 RRHVYLIGKTGMGKSTVLENMIIQDIQNGKGVAVV--DPHGDLV 78
                         5778889***************9999999999887..7777655 PP

>> JAHJSI010000003.1_2  # 514 # 3015 # -1 # ID=45_2;partial=00;start_type=ATG;rbs_motif=TAA;rbs_spacer=3bp;gc_cont=0.392
   #    score  bias  c-Evalue  i-Evalue hmmfrom  hmm to    alifrom  ali to    envfrom  env to     acc
 ---   ------ ----- --------- --------- ------- -------    ------- -------    ------- -------    ----
   1 ?   -0.8   0.2      0.11        23     216     273 ..     231     285 ..     214     337 .. 0.43
   2 !    9.9   0.0   6.2e-05     0.013       9      56 ..     410     455 ..     401     468 .. 0.82

  Alignments for each domain:
  == domain 1  score: -0.8 bits;  conditional E-value: 0.11
        nifH-03292025 216 vprsnevqkaelekktvieaapdseqakeyreLakkilenkklvipkplseeeleell 273
                           p s+ +++   +++t    +++ +q ++yr+L++   e+    i+  + +  +e+ +
  JAHJSI010000003.1_2 231 TPASTAFRTLARSRRTS--EEEKARQNQTYRTLSQFE-EEAIARIQGKTAKSGFEANI 285
                          44444444333333332..223334444555554432.22222222222222222222 PP

  == domain 2  score: 9.9 bits;  conditional E-value: 6.2e-05
        nifH-03292025   9 mrkiAiYGKGGiGKSttasnlsaalaeegkkvlivGCdPKaDstrlll 56 
                           r++ + GK G+GKS+  snl+    e+g+ v ++  dP  D + ++l
  JAHJSI010000003.1_2 410 RRHLYVIGKSGVGKSALISNLAKQDIEAGHGVCVI--DPHGDLVDTIL 455
                          5667788****************999999999988..88888777776 PP



Internal pipeline statistics summary:
-------------------------------------
Query model(s):                            1  (327 nodes)
Target sequences:                        635  (189280 residues searched)
Passed MSV filter:                        47  (0.0740157); expected 12.7 (0.02)
Passed bias filter:                       29  (0.0456693); expected 12.7 (0.02)
Passed Vit filter:                         4  (0.00629921); expected 0.6 (0.001)
Passed Fwd filter:                         3  (0.00472441); expected 0.0 (1e-05)
Initial search space (Z):                635  [actual number of targets]
Domain search space  (domZ):               3  [number of targets reported over threshold]
# CPU time: 0.01u 0.00s 00:00:00.01 Elapsed: 00:00:00.01
# Mc/sec: 3733.24
//
Query:       nifD-03292025  [M=482]
Scores for complete sequences (score includes all domains):
   --- full sequence ---   --- best 1 domain ---    -#dom-
    E-value  score  bias    E-value  score  bias    exp  N  Sequence Description
    ------- ------ -----    ------- ------ -----   ---- --  -------- -----------

   [No hits detected that satisfy reporting thresholds]


Domain annotation for each sequence (and alignments):

   [No targets detected that satisfy reporting thresholds]


Internal pipeline statistics summary:
-------------------------------------
Query model(s):                            1  (482 nodes)
Target sequences:                        635  (189280 residues searched)
Passed MSV filter:                        31  (0.0488189); expected 12.7 (0.02)
Passed bias filter:                       21  (0.0330709); expected 12.7 (0.02)
Passed Vit filter:                         1  (0.0015748); expected 0.6 (0.001)
Passed Fwd filter:                         0  (0); expected 0.0 (1e-05)
Initial search space (Z):                635  [actual number of targets]
Domain search space  (domZ):               0  [number of targets reported over threshold]
# CPU time: 0.01u 0.00s 00:00:00.01 Elapsed: 00:00:00.00
# Mc/sec: 14061.72
//
Query:       nifK-03292025  [M=490]
Scores for complete sequences (score includes all domains):
   --- full sequence ---   --- best 1 domain ---    -#dom-
    E-value  score  bias    E-value  score  bias    exp  N  Sequence Description
    ------- ------ -----    ------- ------ -----   ---- --  -------- -----------

   [No hits detected that satisfy reporting thresholds]


Domain annotation for each sequence (and alignments):

   [No targets detected that satisfy reporting thresholds]


Internal pipeline statistics summary:
-------------------------------------
Query model(s):                            1  (490 nodes)
Target sequences:                        635  (189280 residues searched)
Passed MSV filter:                        24  (0.0377953); expected 12.7 (0.02)
Passed bias filter:                       18  (0.0283465); expected 12.7 (0.02)
Passed Vit filter:                         3  (0.00472441); expected 0.6 (0.001)
Passed Fwd filter:                         0  (0); expected 0.0 (1e-05)
Initial search space (Z):                635  [actual number of targets]
Domain search space  (domZ):               0  [number of targets reported over threshold]
# CPU time: 0.01u 0.00s 00:00:00.01 Elapsed: 00:00:00.00
# Mc/sec: 14629.17
//
Query:       nifB-03292025  [M=505]
Scores for complete sequences (score includes all domains):
   --- full sequence ---   --- best 1 domain ---    -#dom-
    E-value  score  bias    E-value  score  bias    exp  N  Sequence Description
    ------- ------ -----    ------- ------ -----   ---- --  -------- -----------

   [No hits detected that satisfy reporting thresholds]


Domain annotation for each sequence (and alignments):

   [No targets detected that satisfy reporting thresholds]


Internal pipeline statistics summary:
-------------------------------------
Query model(s):                            1  (505 nodes)
Target sequences:                        635  (189280 residues searched)
Passed MSV filter:                        15  (0.023622); expected 12.7 (0.02)
Passed bias filter:                       10  (0.015748); expected 12.7 (0.02)
Passed Vit filter:                         0  (0); expected 0.6 (0.001)
Passed Fwd filter:                         0  (0); expected 0.0 (1e-05)
Initial search space (Z):                635  [actual number of targets]
Domain search space  (domZ):               0  [number of targets reported over threshold]
# CPU time: 0.01u 0.00s 00:00:00.01 Elapsed: 00:00:00.00
# Mc/sec: 17749.24
//
Query:       nifE-03292025  [M=556]
Scores for complete sequences (score includes all domains):
   --- full sequence ---   --- best 1 domain ---    -#dom-
    E-value  score  bias    E-value  score  bias    exp  N  Sequence Description
    ------- ------ -----    ------- ------ -----   ---- --  -------- -----------

   [No hits detected that satisfy reporting thresholds]


Domain annotation for each sequence (and alignments):

   [No targets detected that satisfy reporting thresholds]


Internal pipeline statistics summary:
-------------------------------------
Query model(s):                            1  (556 nodes)
Target sequences:                        635  (189280 residues searched)
Passed MSV filter:                        31  (0.0488189); expected 12.7 (0.02)
Passed bias filter:                       21  (0.0330709); expected 12.7 (0.02)
Passed Vit filter:                         0  (0); expected 0.6 (0.001)
Passed Fwd filter:                         0  (0); expected 0.0 (1e-05)
Initial search space (Z):                635  [actual number of targets]
Domain search space  (domZ):               0  [number of targets reported over threshold]
# CPU time: 0.01u 0.00s 00:00:00.01 Elapsed: 00:00:00.00
# Mc/sec: 15593.08
//
Query:       nifN-03292025  [M=700]
Scores for complete sequences (score includes all domains):
   --- full sequence ---   --- best 1 domain ---    -#dom-
    E-value  score  bias    E-value  score  bias    exp  N  Sequence Description
    ------- ------ -----    ------- ------ -----   ---- --  -------- -----------

   [No hits detected that satisfy reporting thresholds]


Domain annotation for each sequence (and alignments):

   [No targets detected that satisfy reporting thresholds]


Internal pipeline statistics summary:
-------------------------------------
Query model(s):                            1  (700 nodes)
Target sequences:                        635  (189280 residues searched)
Passed MSV filter:                        23  (0.0362205); expected 12.7 (0.02)
Passed bias filter:                       14  (0.0220472); expected 12.7 (0.02)
Passed Vit filter:                         2  (0.00314961); expected 0.6 (0.001)
Passed Fwd filter:                         0  (0); expected 0.0 (1e-05)
Initial search space (Z):                635  [actual number of targets]
Domain search space  (domZ):               0  [number of targets reported over threshold]
# CPU time: 0.01u 0.00s 00:00:00.01 Elapsed: 00:00:00.00
# Mc/sec: 14751.63
//
Query:       pchlide-04012025  [M=508]
Scores for complete sequences (score includes all domains):
   --- full sequence ---   --- best 1 domain ---    -#dom-
    E-value  score  bias    E-value  score  bias    exp  N  Sequence Description
    ------- ------ -----    ------- ------ -----   ---- --  -------- -----------

   [No hits detected that satisfy reporting thresholds]


Domain annotation for each sequence (and alignments):

   [No targets detected that satisfy reporting thresholds]


Internal pipeline statistics summary:
-------------------------------------
Query model(s):                            1  (508 nodes)
Target sequences:                        635  (189280 residues searched)
Passed MSV filter:                        27  (0.0425197); expected 12.7 (0.02)
Passed bias filter:                       24  (0.0377953); expected 12.7 (0.02)
Passed Vit filter:                         1  (0.0015748); expected 0.6 (0.001)
Passed Fwd filter:                         0  (0); expected 0.0 (1e-05)
Initial search space (Z):                635  [actual number of targets]
Domain search space  (domZ):               0  [number of targets reported over threshold]
# CPU time: 0.01u 0.00s 00:00:00.01 Elapsed: 00:00:00.00
# Mc/sec: 14221.99
//
[ok]
# hmmsearch :: search profile(s) against a sequence database
# HMMER 3.4 (Aug 2023); http://hmmer.org/
# Copyright (C) 2023 Howard Hughes Medical Institute.
# Freely distributed under the BSD open source license.
# - - - - - - - - - - - - - - - - - - - - - - - - - - - - - - - - - - - -
# query HMM file:                  ../HMMs/nifV_07242025.hmm
# target sequence database:        ../all_rep_proteins_aa/bacteria/GB_GCA_018830465.1_protein.faa
# - - - - - - - - - - - - - - - - - - - - - - - - - - - - - - - - - - - -

Query:       nifV-07242025  [M=437]
Scores for complete sequences (score includes all domains):
   --- full sequence ---   --- best 1 domain ---    -#dom-
    E-value  score  bias    E-value  score  bias    exp  N  Sequence Description
    ------- ------ -----    ------- ------ -----   ---- --  -------- -----------

   [No hits detected that satisfy reporting thresholds]


Domain annotation for each sequence (and alignments):

   [No targets detected that satisfy reporting thresholds]


Internal pipeline statistics summary:
-------------------------------------
Query model(s):                            1  (437 nodes)
Target sequences:                        635  (189280 residues searched)
Passed MSV filter:                        21  (0.0330709); expected 12.7 (0.02)
Passed bias filter:                       14  (0.0220472); expected 12.7 (0.02)
Passed Vit filter:                         0  (0); expected 0.6 (0.001)
Passed Fwd filter:                         0  (0); expected 0.0 (1e-05)
Initial search space (Z):                635  [actual number of targets]
Domain search space  (domZ):               0  [number of targets reported over threshold]
# CPU time: 0.00u 0.00s 00:00:00.00 Elapsed: 00:00:00.00
# Mc/sec: 15623.73
//
[ok]
