# hmmsearch :: search profile(s) against a sequence database
# HMMER 3.4 (Aug 2023); http://hmmer.org/
# Copyright (C) 2023 Howard Hughes Medical Institute.
# Freely distributed under the BSD open source license.
# - - - - - - - - - - - - - - - - - - - - - - - - - - - - - - - - - - - -
# query HMM file:                  ../HMMs/combined_nif_04012025.hmm
# target sequence database:        ../all_rep_proteins_aa/bacteria/GB_GCA_016780695.1_protein.faa
# - - - - - - - - - - - - - - - - - - - - - - - - - - - - - - - - - - - -

Query:       nifH-03292025  [M=327]
Scores for complete sequences (score includes all domains):
   --- full sequence ---   --- best 1 domain ---    -#dom-
    E-value  score  bias    E-value  score  bias    exp  N  Sequence            Description
    ------- ------ -----    ------- ------ -----   ---- --  --------            -----------
      5e-12   41.8   0.0    5.2e-07   25.3   0.0    2.1  2  JADHLK010000070.1_3  # 2332 # 3117 # 1 # ID=22_3;partial=00;s


Domain annotation for each sequence (and alignments):
>> JADHLK010000070.1_3  # 2332 # 3117 # 1 # ID=22_3;partial=00;start_type=ATG;rbs_motif=AGGA;rbs_spacer=5-10bp;gc_cont=0
   #    score  bias  c-Evalue  i-Evalue hmmfrom  hmm to    alifrom  ali to    envfrom  env to     acc
 ---   ------ ----- --------- --------- ------- -------    ------- -------    ------- -------    ----
   1 !   25.3   0.0   4.1e-10   5.2e-07      12      52 ..       9      50 ..       1      68 [. 0.83
   2 !   14.6   0.0   7.3e-07   0.00092     149     258 ..     145     259 ..     143     261 .. 0.86

  Alignments for each domain:
  == domain 1  score: 25.3 bits;  conditional E-value: 4.1e-10
        nifH-03292025 12 iAiY.GKGGiGKSttasnlsaalaeegkkvlivGCdPKaDst 52
                         iAi   KGG+GK tt+ nl++ala  g +vl +  dP   ++
  JADHLK010000070.1_3  9 IAITnQKGGVGKTTTSVNLATALAACGMRVLLIDFDPQGNAS 50
                         565415*******************************87654 PP

  == domain 2  score: 14.6 bits;  conditional E-value: 7.3e-07
        nifH-03292025 149 adevyivtsgemmalYaanniakgikkyaee..ggvrlgGlicNsrkvdke..eelveefaeklgtqiiaf.vprsnevqkaelekktvi 233
                          ad+v +   +e+ al     ++++++ ++ +   g  l+G++  + +++++  +++v ++ +++g q+ ++ +pr+  v++a   ++ v+
  JADHLK010000070.1_3 145 ADSVLVPLQCEFYALEGLAQLLRTVEAVRGRlnPGLALQGIVLTMYDSRNNlsDQVVADVRAHFGEQVYQTvIPRNVRVSEAPSFGQPVL 234
                          77888888899999999999999999999875578899****98877665422899************986269**************** PP

        nifH-03292025 234 eaapdseqakeyreLakkilenkkl 258
                           ++ +++ a +y +La ++l+++k+
  JADHLK010000070.1_3 235 VYDLKCAGALAYAALAAELLQQEKK 259
                          *******************998875 PP



Internal pipeline statistics summary:
-------------------------------------
Query model(s):                            1  (327 nodes)
Target sequences:                       1255  (378300 residues searched)
Passed MSV filter:                        46  (0.0366534); expected 25.1 (0.02)
Passed bias filter:                       40  (0.0318725); expected 25.1 (0.02)
Passed Vit filter:                         7  (0.00557769); expected 1.3 (0.001)
Passed Fwd filter:                         2  (0.00159363); expected 0.0 (1e-05)
Initial search space (Z):               1255  [actual number of targets]
Domain search space  (domZ):               1  [number of targets reported over threshold]
# CPU time: 0.03u 0.00s 00:00:00.03 Elapsed: 00:00:00.03
# Mc/sec: 3582.03
//
Query:       nifD-03292025  [M=482]
Scores for complete sequences (score includes all domains):
   --- full sequence ---   --- best 1 domain ---    -#dom-
    E-value  score  bias    E-value  score  bias    exp  N  Sequence Description
    ------- ------ -----    ------- ------ -----   ---- --  -------- -----------

   [No hits detected that satisfy reporting thresholds]


Domain annotation for each sequence (and alignments):

   [No targets detected that satisfy reporting thresholds]


Internal pipeline statistics summary:
-------------------------------------
Query model(s):                            1  (482 nodes)
Target sequences:                       1255  (378300 residues searched)
Passed MSV filter:                        33  (0.0262948); expected 25.1 (0.02)
Passed bias filter:                       31  (0.0247012); expected 25.1 (0.02)
Passed Vit filter:                         3  (0.00239044); expected 1.3 (0.001)
Passed Fwd filter:                         0  (0); expected 0.0 (1e-05)
Initial search space (Z):               1255  [actual number of targets]
Domain search space  (domZ):               0  [number of targets reported over threshold]
# CPU time: 0.01u 0.00s 00:00:00.01 Elapsed: 00:00:00.01
# Mc/sec: 15866.49
//
Query:       nifK-03292025  [M=490]
Scores for complete sequences (score includes all domains):
   --- full sequence ---   --- best 1 domain ---    -#dom-
    E-value  score  bias    E-value  score  bias    exp  N  Sequence Description
    ------- ------ -----    ------- ------ -----   ---- --  -------- -----------

   [No hits detected that satisfy reporting thresholds]


Domain annotation for each sequence (and alignments):

   [No targets detected that satisfy reporting thresholds]


Internal pipeline statistics summary:
-------------------------------------
Query model(s):                            1  (490 nodes)
Target sequences:                       1255  (378300 residues searched)
Passed MSV filter:                        28  (0.0223108); expected 25.1 (0.02)
Passed bias filter:                       27  (0.0215139); expected 25.1 (0.02)
Passed Vit filter:                         1  (0.000796813); expected 1.3 (0.001)
Passed Fwd filter:                         0  (0); expected 0.0 (1e-05)
Initial search space (Z):               1255  [actual number of targets]
Domain search space  (domZ):               0  [number of targets reported over threshold]
# CPU time: 0.01u 0.00s 00:00:00.01 Elapsed: 00:00:00.01
# Mc/sec: 16740.70
//
Query:       nifB-03292025  [M=505]
Scores for complete sequences (score includes all domains):
   --- full sequence ---   --- best 1 domain ---    -#dom-
    E-value  score  bias    E-value  score  bias    exp  N  Sequence Description
    ------- ------ -----    ------- ------ -----   ---- --  -------- -----------

   [No hits detected that satisfy reporting thresholds]


Domain annotation for each sequence (and alignments):

   [No targets detected that satisfy reporting thresholds]


Internal pipeline statistics summary:
-------------------------------------
Query model(s):                            1  (505 nodes)
Target sequences:                       1255  (378300 residues searched)
Passed MSV filter:                        44  (0.0350598); expected 25.1 (0.02)
Passed bias filter:                       38  (0.0302789); expected 25.1 (0.02)
Passed Vit filter:                         6  (0.00478088); expected 1.3 (0.001)
Passed Fwd filter:                         0  (0); expected 0.0 (1e-05)
Initial search space (Z):               1255  [actual number of targets]
Domain search space  (domZ):               0  [number of targets reported over threshold]
# CPU time: 0.02u 0.00s 00:00:00.02 Elapsed: 00:00:00.01
# Mc/sec: 13799.03
//
Query:       nifE-03292025  [M=556]
Scores for complete sequences (score includes all domains):
   --- full sequence ---   --- best 1 domain ---    -#dom-
    E-value  score  bias    E-value  score  bias    exp  N  Sequence Description
    ------- ------ -----    ------- ------ -----   ---- --  -------- -----------

   [No hits detected that satisfy reporting thresholds]


Domain annotation for each sequence (and alignments):

   [No targets detected that satisfy reporting thresholds]


Internal pipeline statistics summary:
-------------------------------------
Query model(s):                            1  (556 nodes)
Target sequences:                       1255  (378300 residues searched)
Passed MSV filter:                        47  (0.0374502); expected 25.1 (0.02)
Passed bias filter:                       39  (0.0310757); expected 25.1 (0.02)
Passed Vit filter:                         2  (0.00159363); expected 1.3 (0.001)
Passed Fwd filter:                         0  (0); expected 0.0 (1e-05)
Initial search space (Z):               1255  [actual number of targets]
Domain search space  (domZ):               0  [number of targets reported over threshold]
# CPU time: 0.02u 0.01s 00:00:00.03 Elapsed: 00:00:00.01
# Mc/sec: 17145.64
//
Query:       nifN-03292025  [M=700]
Scores for complete sequences (score includes all domains):
   --- full sequence ---   --- best 1 domain ---    -#dom-
    E-value  score  bias    E-value  score  bias    exp  N  Sequence Description
    ------- ------ -----    ------- ------ -----   ---- --  -------- -----------

   [No hits detected that satisfy reporting thresholds]


Domain annotation for each sequence (and alignments):

   [No targets detected that satisfy reporting thresholds]


Internal pipeline statistics summary:
-------------------------------------
Query model(s):                            1  (700 nodes)
Target sequences:                       1255  (378300 residues searched)
Passed MSV filter:                        49  (0.0390438); expected 25.1 (0.02)
Passed bias filter:                       41  (0.0326693); expected 25.1 (0.02)
Passed Vit filter:                         5  (0.00398406); expected 1.3 (0.001)
Passed Fwd filter:                         0  (0); expected 0.0 (1e-05)
Initial search space (Z):               1255  [actual number of targets]
Domain search space  (domZ):               0  [number of targets reported over threshold]
# CPU time: 0.02u 0.00s 00:00:00.02 Elapsed: 00:00:00.01
# Mc/sec: 15311.71
//
Query:       pchlide-04012025  [M=508]
Scores for complete sequences (score includes all domains):
   --- full sequence ---   --- best 1 domain ---    -#dom-
    E-value  score  bias    E-value  score  bias    exp  N  Sequence Description
    ------- ------ -----    ------- ------ -----   ---- --  -------- -----------

   [No hits detected that satisfy reporting thresholds]


Domain annotation for each sequence (and alignments):

   [No targets detected that satisfy reporting thresholds]


Internal pipeline statistics summary:
-------------------------------------
Query model(s):                            1  (508 nodes)
Target sequences:                       1255  (378300 residues searched)
Passed MSV filter:                        30  (0.0239044); expected 25.1 (0.02)
Passed bias filter:                       29  (0.0231076); expected 25.1 (0.02)
Passed Vit filter:                         2  (0.00159363); expected 1.3 (0.001)
Passed Fwd filter:                         0  (0); expected 0.0 (1e-05)
Initial search space (Z):               1255  [actual number of targets]
Domain search space  (domZ):               0  [number of targets reported over threshold]
# CPU time: 0.01u 0.00s 00:00:00.01 Elapsed: 00:00:00.01
# Mc/sec: 17751.46
//
[ok]
# hmmsearch :: search profile(s) against a sequence database
# HMMER 3.4 (Aug 2023); http://hmmer.org/
# Copyright (C) 2023 Howard Hughes Medical Institute.
# Freely distributed under the BSD open source license.
# - - - - - - - - - - - - - - - - - - - - - - - - - - - - - - - - - - - -
# query HMM file:                  ../HMMs/nifV_07242025.hmm
# target sequence database:        ../all_rep_proteins_aa/bacteria/GB_GCA_016780695.1_protein.faa
# - - - - - - - - - - - - - - - - - - - - - - - - - - - - - - - - - - - -

Query:       nifV-07242025  [M=437]
Scores for complete sequences (score includes all domains):
   --- full sequence ---   --- best 1 domain ---    -#dom-
    E-value  score  bias    E-value  score  bias    exp  N  Sequence Description
    ------- ------ -----    ------- ------ -----   ---- --  -------- -----------

   [No hits detected that satisfy reporting thresholds]


Domain annotation for each sequence (and alignments):

   [No targets detected that satisfy reporting thresholds]


Internal pipeline statistics summary:
-------------------------------------
Query model(s):                            1  (437 nodes)
Target sequences:                       1255  (378300 residues searched)
Passed MSV filter:                        43  (0.0342629); expected 25.1 (0.02)
Passed bias filter:                       27  (0.0215139); expected 25.1 (0.02)
Passed Vit filter:                         1  (0.000796813); expected 1.3 (0.001)
Passed Fwd filter:                         0  (0); expected 0.0 (1e-05)
Initial search space (Z):               1255  [actual number of targets]
Domain search space  (domZ):               0  [number of targets reported over threshold]
# CPU time: 0.01u 0.00s 00:00:00.01 Elapsed: 00:00:00.00
# Mc/sec: 20290.82
//
[ok]
