# hmmsearch :: search profile(s) against a sequence database
# HMMER 3.4 (Aug 2023); http://hmmer.org/
# Copyright (C) 2023 Howard Hughes Medical Institute.
# Freely distributed under the BSD open source license.
# - - - - - - - - - - - - - - - - - - - - - - - - - - - - - - - - - - - -
# query HMM file:                  ../HMMs/combined_nif_04012025.hmm
# target sequence database:        ../all_rep_proteins_aa/bacteria/GB_GCA_944332725.1_protein.faa
# - - - - - - - - - - - - - - - - - - - - - - - - - - - - - - - - - - - -

Query:       nifH-03292025  [M=327]
Scores for complete sequences (score includes all domains):
   --- full sequence ---   --- best 1 domain ---    -#dom-
    E-value  score  bias    E-value  score  bias    exp  N  Sequence             Description
    ------- ------ -----    ------- ------ -----   ---- --  --------             -----------
      2e-11   39.8   1.9    4.1e-07   25.7   1.3    2.4  3  CALVKO010000023.1_21  # 13862 # 14647 # -1 # ID=23_21;partial


Domain annotation for each sequence (and alignments):
>> CALVKO010000023.1_21  # 13862 # 14647 # -1 # ID=23_21;partial=00;start_type=ATG;rbs_motif=None;rbs_spacer=None;gc_con
   #    score  bias  c-Evalue  i-Evalue hmmfrom  hmm to    alifrom  ali to    envfrom  env to     acc
 ---   ------ ----- --------- --------- ------- -------    ------- -------    ------- -------    ----
   1 !   25.7   1.3   3.2e-10   4.1e-07      17      82 ..      11      75 ..       3      88 .. 0.80
   2 ?   -0.8   0.0     0.035        45     202     251 ..      71     123 ..      66     127 .. 0.72
   3 !   12.2   0.0     4e-06    0.0051     150     256 ..     148     259 ..     144     261 .. 0.83

  Alignments for each domain:
  == domain 1  score: 25.7 bits;  conditional E-value: 3.2e-10
         nifH-03292025 17 KGGiGKSttasnlsaalaeegkkvlivGCdPKaDstrll..lggkaqktvldllrekgedleledvvk 82
                          KGG+GK tt+ nl+a l   gkkvl v  d    st+ +   +++++kt+ dl+ +k    +l++v+ 
  CALVKO010000023.1_21 11 KGGVGKTTTSINLAASLGVLGKKVLLVDLDSQGNSTTGVgvSKSSHEKTIYDLIIDKA---TLDEVII 75
                          9***********************************9752156778999999999775...3444443 PP

  == domain 2  score: -0.8 bits;  conditional E-value: 0.035
         nifH-03292025 202 eefaeklgtqiiafvprsnevqkaele...kktvieaapdseqakeyreLakk 251
                           +e+  k++ + ++ +p s  +  a++e   +  + + +++s+q k+y ++ak+
  CALVKO010000023.1_21  71 DEVIIKTKFKNLSIIPASINLAGADIElmeRSRIDHSFNKSSQLKKYLDIAKE 123
                           55666677777788888888888887522155566778999999999999986 PP

  == domain 3  score: 12.2 bits;  conditional E-value: 4e-06
         nifH-03292025 150 devyivtsgemmalYaanniakgikkyaee..ggvrlgGlicNsrkvdk..eeelveefaeklgtqiiaf.vprsnevqkaelekktvi 233
                           ++v+i + +e+ al     ++++i  ++++   + ++ G++  + ++++    e+vee+ + ++ ++  + +pr  ++++a  ++k ++
  CALVKO010000023.1_21 148 NSVIIPVQCEFFALEGITQLLQSILFIQKDlnPNLNIEGVLLTMLDSRTilGLEVVEEIKAYFKEKVYDTiIPRLIKISEAPSHGKPIL 236
                           5678888889999999999999999998874456677898887766655226799***********9975279**************** PP

         nifH-03292025 234 eaapdseqakeyreLakkilenk 256
                            ++p+++ + +y +Lak++++++
  CALVKO010000023.1_21 237 AYDPKNRGTMAYLNLAKEVIDHD 259
                           ******************99875 PP



Internal pipeline statistics summary:
-------------------------------------
Query model(s):                            1  (327 nodes)
Target sequences:                       1285  (368824 residues searched)
Passed MSV filter:                       125  (0.0972763); expected 25.7 (0.02)
Passed bias filter:                       67  (0.0521401); expected 25.7 (0.02)
Passed Vit filter:                        10  (0.0077821); expected 1.3 (0.001)
Passed Fwd filter:                         1  (0.00077821); expected 0.0 (1e-05)
Initial search space (Z):               1285  [actual number of targets]
Domain search space  (domZ):               1  [number of targets reported over threshold]
# CPU time: 0.01u 0.00s 00:00:00.01 Elapsed: 00:00:00.01
# Mc/sec: 7060.45
//
Query:       nifD-03292025  [M=482]
Scores for complete sequences (score includes all domains):
   --- full sequence ---   --- best 1 domain ---    -#dom-
    E-value  score  bias    E-value  score  bias    exp  N  Sequence Description
    ------- ------ -----    ------- ------ -----   ---- --  -------- -----------

   [No hits detected that satisfy reporting thresholds]


Domain annotation for each sequence (and alignments):

   [No targets detected that satisfy reporting thresholds]


Internal pipeline statistics summary:
-------------------------------------
Query model(s):                            1  (482 nodes)
Target sequences:                       1285  (368824 residues searched)
Passed MSV filter:                       107  (0.0832685); expected 25.7 (0.02)
Passed bias filter:                       33  (0.0256809); expected 25.7 (0.02)
Passed Vit filter:                         1  (0.00077821); expected 1.3 (0.001)
Passed Fwd filter:                         0  (0); expected 0.0 (1e-05)
Initial search space (Z):               1285  [actual number of targets]
Domain search space  (domZ):               0  [number of targets reported over threshold]
# CPU time: 0.01u 0.00s 00:00:00.01 Elapsed: 00:00:00.00
# Mc/sec: 18331.99
//
Query:       nifK-03292025  [M=490]
Scores for complete sequences (score includes all domains):
   --- full sequence ---   --- best 1 domain ---    -#dom-
    E-value  score  bias    E-value  score  bias    exp  N  Sequence Description
    ------- ------ -----    ------- ------ -----   ---- --  -------- -----------

   [No hits detected that satisfy reporting thresholds]


Domain annotation for each sequence (and alignments):

   [No targets detected that satisfy reporting thresholds]


Internal pipeline statistics summary:
-------------------------------------
Query model(s):                            1  (490 nodes)
Target sequences:                       1285  (368824 residues searched)
Passed MSV filter:                        51  (0.0396887); expected 25.7 (0.02)
Passed bias filter:                       20  (0.0155642); expected 25.7 (0.02)
Passed Vit filter:                         1  (0.00077821); expected 1.3 (0.001)
Passed Fwd filter:                         0  (0); expected 0.0 (1e-05)
Initial search space (Z):               1285  [actual number of targets]
Domain search space  (domZ):               0  [number of targets reported over threshold]
# CPU time: 0.02u 0.00s 00:00:00.02 Elapsed: 00:00:00.00
# Mc/sec: 20208.48
//
Query:       nifB-03292025  [M=505]
Scores for complete sequences (score includes all domains):
   --- full sequence ---   --- best 1 domain ---    -#dom-
    E-value  score  bias    E-value  score  bias    exp  N  Sequence Description
    ------- ------ -----    ------- ------ -----   ---- --  -------- -----------

   [No hits detected that satisfy reporting thresholds]


Domain annotation for each sequence (and alignments):

   [No targets detected that satisfy reporting thresholds]


Internal pipeline statistics summary:
-------------------------------------
Query model(s):                            1  (505 nodes)
Target sequences:                       1285  (368824 residues searched)
Passed MSV filter:                        73  (0.0568093); expected 25.7 (0.02)
Passed bias filter:                       41  (0.0319066); expected 25.7 (0.02)
Passed Vit filter:                         2  (0.00155642); expected 1.3 (0.001)
Passed Fwd filter:                         0  (0); expected 0.0 (1e-05)
Initial search space (Z):               1285  [actual number of targets]
Domain search space  (domZ):               0  [number of targets reported over threshold]
# CPU time: 0.01u 0.01s 00:00:00.02 Elapsed: 00:00:00.01
# Mc/sec: 18240.53
//
Query:       nifE-03292025  [M=556]
Scores for complete sequences (score includes all domains):
   --- full sequence ---   --- best 1 domain ---    -#dom-
    E-value  score  bias    E-value  score  bias    exp  N  Sequence Description
    ------- ------ -----    ------- ------ -----   ---- --  -------- -----------

   [No hits detected that satisfy reporting thresholds]


Domain annotation for each sequence (and alignments):

   [No targets detected that satisfy reporting thresholds]


Internal pipeline statistics summary:
-------------------------------------
Query model(s):                            1  (556 nodes)
Target sequences:                       1285  (368824 residues searched)
Passed MSV filter:                        88  (0.0684825); expected 25.7 (0.02)
Passed bias filter:                       34  (0.0264591); expected 25.7 (0.02)
Passed Vit filter:                         1  (0.00077821); expected 1.3 (0.001)
Passed Fwd filter:                         0  (0); expected 0.0 (1e-05)
Initial search space (Z):               1285  [actual number of targets]
Domain search space  (domZ):               0  [number of targets reported over threshold]
# CPU time: 0.01u 0.00s 00:00:00.01 Elapsed: 00:00:00.01
# Mc/sec: 18439.97
//
Query:       nifN-03292025  [M=700]
Scores for complete sequences (score includes all domains):
   --- full sequence ---   --- best 1 domain ---    -#dom-
    E-value  score  bias    E-value  score  bias    exp  N  Sequence Description
    ------- ------ -----    ------- ------ -----   ---- --  -------- -----------

   [No hits detected that satisfy reporting thresholds]


Domain annotation for each sequence (and alignments):

   [No targets detected that satisfy reporting thresholds]


Internal pipeline statistics summary:
-------------------------------------
Query model(s):                            1  (700 nodes)
Target sequences:                       1285  (368824 residues searched)
Passed MSV filter:                        67  (0.0521401); expected 25.7 (0.02)
Passed bias filter:                       47  (0.0365759); expected 25.7 (0.02)
Passed Vit filter:                         3  (0.00233463); expected 1.3 (0.001)
Passed Fwd filter:                         0  (0); expected 0.0 (1e-05)
Initial search space (Z):               1285  [actual number of targets]
Domain search space  (domZ):               0  [number of targets reported over threshold]
# CPU time: 0.01u 0.00s 00:00:00.01 Elapsed: 00:00:00.01
# Mc/sec: 17083.44
//
Query:       pchlide-04012025  [M=508]
Scores for complete sequences (score includes all domains):
   --- full sequence ---   --- best 1 domain ---    -#dom-
    E-value  score  bias    E-value  score  bias    exp  N  Sequence Description
    ------- ------ -----    ------- ------ -----   ---- --  -------- -----------

   [No hits detected that satisfy reporting thresholds]


Domain annotation for each sequence (and alignments):

   [No targets detected that satisfy reporting thresholds]


Internal pipeline statistics summary:
-------------------------------------
Query model(s):                            1  (508 nodes)
Target sequences:                       1285  (368824 residues searched)
Passed MSV filter:                        54  (0.0420233); expected 25.7 (0.02)
Passed bias filter:                       37  (0.0287938); expected 25.7 (0.02)
Passed Vit filter:                         1  (0.00077821); expected 1.3 (0.001)
Passed Fwd filter:                         0  (0); expected 0.0 (1e-05)
Initial search space (Z):               1285  [actual number of targets]
Domain search space  (domZ):               0  [number of targets reported over threshold]
# CPU time: 0.01u 0.00s 00:00:00.01 Elapsed: 00:00:00.00
# Mc/sec: 22470.50
//
[ok]
# hmmsearch :: search profile(s) against a sequence database
# HMMER 3.4 (Aug 2023); http://hmmer.org/
# Copyright (C) 2023 Howard Hughes Medical Institute.
# Freely distributed under the BSD open source license.
# - - - - - - - - - - - - - - - - - - - - - - - - - - - - - - - - - - - -
# query HMM file:                  ../HMMs/nifV_07242025.hmm
# target sequence database:        ../all_rep_proteins_aa/bacteria/GB_GCA_944332725.1_protein.faa
# - - - - - - - - - - - - - - - - - - - - - - - - - - - - - - - - - - - -

Query:       nifV-07242025  [M=437]
Scores for complete sequences (score includes all domains):
   --- full sequence ---   --- best 1 domain ---    -#dom-
    E-value  score  bias    E-value  score  bias    exp  N  Sequence Description
    ------- ------ -----    ------- ------ -----   ---- --  -------- -----------

   [No hits detected that satisfy reporting thresholds]


Domain annotation for each sequence (and alignments):

   [No targets detected that satisfy reporting thresholds]


Internal pipeline statistics summary:
-------------------------------------
Query model(s):                            1  (437 nodes)
Target sequences:                       1285  (368824 residues searched)
Passed MSV filter:                        20  (0.0155642); expected 25.7 (0.02)
Passed bias filter:                       19  (0.014786); expected 25.7 (0.02)
Passed Vit filter:                         0  (0); expected 1.3 (0.001)
Passed Fwd filter:                         0  (0); expected 0.0 (1e-05)
Initial search space (Z):               1285  [actual number of targets]
Domain search space  (domZ):               0  [number of targets reported over threshold]
# CPU time: 0.01u 0.00s 00:00:00.01 Elapsed: 00:00:00.00
# Mc/sec: 21189.23
//
[ok]
