# hmmsearch :: search profile(s) against a sequence database
# HMMER 3.4 (Aug 2023); http://hmmer.org/
# Copyright (C) 2023 Howard Hughes Medical Institute.
# Freely distributed under the BSD open source license.
# - - - - - - - - - - - - - - - - - - - - - - - - - - - - - - - - - - - -
# query HMM file:                  ../HMMs/combined_nif_04012025.hmm
# target sequence database:        ../all_rep_proteins_aa/bacteria/GB_GCA_947572405.1_protein.faa
# - - - - - - - - - - - - - - - - - - - - - - - - - - - - - - - - - - - -

Query:       nifH-03292025  [M=327]
Scores for complete sequences (score includes all domains):
   --- full sequence ---   --- best 1 domain ---    -#dom-
    E-value  score  bias    E-value  score  bias    exp  N  Sequence            Description
    ------- ------ -----    ------- ------ -----   ---- --  --------            -----------
    1.9e-10   36.8   0.2      1e-05   21.2   0.3    2.1  2  CANPBV010000003.1_9  # 7145 # 7930 # -1 # ID=3_9;partial=00;s
      0.002   13.7   0.0     0.0036   12.9   0.0    1.4  1  CANPBV010000087.1_3  # 1425 # 2651 # 1 # ID=87_3;partial=00;s
     0.0056   12.2   0.2      0.013   11.1   0.0    1.6  2  CANPBV010000047.1_5  # 5022 # 5783 # -1 # ID=47_5;partial=00;


Domain annotation for each sequence (and alignments):
>> CANPBV010000003.1_9  # 7145 # 7930 # -1 # ID=3_9;partial=00;start_type=ATG;rbs_motif=3Base/5BMM;rbs_spacer=13-15bp;gc
   #    score  bias  c-Evalue  i-Evalue hmmfrom  hmm to    alifrom  ali to    envfrom  env to     acc
 ---   ------ ----- --------- --------- ------- -------    ------- -------    ------- -------    ----
   1 !   21.2   0.3   2.2e-08     1e-05      17      79 ..      11      72 ..       3      88 .. 0.76
   2 !   13.6   0.0   4.4e-06    0.0021     150     255 ..     148     258 ..     144     261 .. 0.75

  Alignments for each domain:
  == domain 1  score: 21.2 bits;  conditional E-value: 2.2e-08
        nifH-03292025 17 KGGiGKSttasnlsaalaeegkkvlivGCdPKaDstrl..llggkaqktvldllrekgedleled 79
                         KGG+GK t + nl+a l    +kvl v  dP   +t+   + +g+ +k + dl+ ++    ++++
  CANPBV010000003.1_9 11 KGGVGKTTSSINLAASLGALREKVLLVDLDPQGNATTGvgIDKGEVKKNIYDLMIDNA---TIDE 72
                         9*******************************99997522567777888888777553...3333 PP

  == domain 2  score: 13.6 bits;  conditional E-value: 4.4e-06
        nifH-03292025 150 devyivtsgemmalYaanniakgikkyaee..ggvrlgGlicNsrkvdke..eelveefaeklgtqiiaf.vprsnevqkaelekktvie 234
                          d+v+i + +e+ al     ++++i   +++   +  + G++  + + +++   e+ve++ + ++ ++  + +pr   +++a  ++k +i 
  CANPBV010000003.1_9 148 DSVIIPVQCEFFALEGIMQLLNTIMLAQKNlnPTLDIEGVLLTMLDNRTNlgLEVVEDIKSYFKERVYDTiIPRLVRLSEAPSHGKPIIA 237
                          6677777777777777777777776666662234455677666655444311689999999999999975279***************** PP

        nifH-03292025 235 aapdseqakeyreLakkilen 255
                          ++p+s+ +++y +Lak++le 
  CANPBV010000003.1_9 238 YDPNSRGTEAYLNLAKEVLER 258
                          ******************986 PP

>> CANPBV010000087.1_3  # 1425 # 2651 # 1 # ID=87_3;partial=00;start_type=ATG;rbs_motif=AGGAG/GGAGG;rbs_spacer=11-12bp;g
   #    score  bias  c-Evalue  i-Evalue hmmfrom  hmm to    alifrom  ali to    envfrom  env to     acc
 ---   ------ ----- --------- --------- ------- -------    ------- -------    ------- -------    ----
   1 !   12.9   0.0   7.6e-06    0.0036       5      34 ..      35      64 ..      31     107 .. 0.84

  Alignments for each domain:
  == domain 1  score: 12.9 bits;  conditional E-value: 7.6e-06
        nifH-03292025  5 makkmrkiAiYGKGGiGKSttasnlsaala 34
                         ++kk+  + +YGK GiGK t+a+ ++  l 
  CANPBV010000087.1_3 35 NNKKLFSMILYGKPGIGKTTIANAIVEELE 64
                         566778889*************99998775 PP

>> CANPBV010000047.1_5  # 5022 # 5783 # -1 # ID=47_5;partial=00;start_type=ATG;rbs_motif=GGAG/GAGG;rbs_spacer=5-10bp;gc_
   #    score  bias  c-Evalue  i-Evalue hmmfrom  hmm to    alifrom  ali to    envfrom  env to     acc
 ---   ------ ----- --------- --------- ------- -------    ------- -------    ------- -------    ----
   1 !   11.1   0.0   2.7e-05     0.013      17      43 ..      15      41 ..       4      68 .. 0.94
   2 ?   -1.8   0.0      0.23   1.1e+02     256     271 ..     186     216 ..     145     250 .. 0.50

  Alignments for each domain:
  == domain 1  score: 11.1 bits;  conditional E-value: 2.7e-05
        nifH-03292025 17 KGGiGKSttasnlsaalaeegkkvliv 43
                         KGG GK tt  nl+ +++ + kkvli+
  CANPBV010000047.1_5 15 KGGTGKTTTLLNLAGIFSLQKKKVLII 41
                         9************************98 PP

  == domain 2  score: -1.8 bits;  conditional E-value: 0.23
        nifH-03292025 256 k...............klvipkplseeelee 271
                          +               + vipk +  +++++
  CANPBV010000047.1_5 186 EhfskydvknilkgsiDYVIPKNFYLKNIDK 216
                          0333333333333333444444444444444 PP



Internal pipeline statistics summary:
-------------------------------------
Query model(s):                            1  (327 nodes)
Target sequences:                       1416  (402309 residues searched)
Passed MSV filter:                       132  (0.0932203); expected 28.3 (0.02)
Passed bias filter:                       85  (0.0600282); expected 28.3 (0.02)
Passed Vit filter:                        14  (0.00988701); expected 1.4 (0.001)
Passed Fwd filter:                         3  (0.00211864); expected 0.0 (1e-05)
Initial search space (Z):               1416  [actual number of targets]
Domain search space  (domZ):               3  [number of targets reported over threshold]
# CPU time: 0.02u 0.00s 00:00:00.02 Elapsed: 00:00:00.02
# Mc/sec: 5709.00
//
Query:       nifD-03292025  [M=482]
Scores for complete sequences (score includes all domains):
   --- full sequence ---   --- best 1 domain ---    -#dom-
    E-value  score  bias    E-value  score  bias    exp  N  Sequence Description
    ------- ------ -----    ------- ------ -----   ---- --  -------- -----------

   [No hits detected that satisfy reporting thresholds]


Domain annotation for each sequence (and alignments):

   [No targets detected that satisfy reporting thresholds]


Internal pipeline statistics summary:
-------------------------------------
Query model(s):                            1  (482 nodes)
Target sequences:                       1416  (402309 residues searched)
Passed MSV filter:                       115  (0.0812147); expected 28.3 (0.02)
Passed bias filter:                       38  (0.0268362); expected 28.3 (0.02)
Passed Vit filter:                         2  (0.00141243); expected 1.4 (0.001)
Passed Fwd filter:                         0  (0); expected 0.0 (1e-05)
Initial search space (Z):               1416  [actual number of targets]
Domain search space  (domZ):               0  [number of targets reported over threshold]
# CPU time: 0.01u 0.00s 00:00:00.01 Elapsed: 00:00:00.00
# Mc/sec: 21145.85
//
Query:       nifK-03292025  [M=490]
Scores for complete sequences (score includes all domains):
   --- full sequence ---   --- best 1 domain ---    -#dom-
    E-value  score  bias    E-value  score  bias    exp  N  Sequence Description
    ------- ------ -----    ------- ------ -----   ---- --  -------- -----------

   [No hits detected that satisfy reporting thresholds]


Domain annotation for each sequence (and alignments):

   [No targets detected that satisfy reporting thresholds]


Internal pipeline statistics summary:
-------------------------------------
Query model(s):                            1  (490 nodes)
Target sequences:                       1416  (402309 residues searched)
Passed MSV filter:                        68  (0.0480226); expected 28.3 (0.02)
Passed bias filter:                       29  (0.0204802); expected 28.3 (0.02)
Passed Vit filter:                         2  (0.00141243); expected 1.4 (0.001)
Passed Fwd filter:                         0  (0); expected 0.0 (1e-05)
Initial search space (Z):               1416  [actual number of targets]
Domain search space  (domZ):               0  [number of targets reported over threshold]
# CPU time: 0.01u 0.00s 00:00:00.01 Elapsed: 00:00:00.00
# Mc/sec: 21970.27
//
Query:       nifB-03292025  [M=505]
Scores for complete sequences (score includes all domains):
   --- full sequence ---   --- best 1 domain ---    -#dom-
    E-value  score  bias    E-value  score  bias    exp  N  Sequence Description
    ------- ------ -----    ------- ------ -----   ---- --  -------- -----------

   [No hits detected that satisfy reporting thresholds]


Domain annotation for each sequence (and alignments):

   [No targets detected that satisfy reporting thresholds]


Internal pipeline statistics summary:
-------------------------------------
Query model(s):                            1  (505 nodes)
Target sequences:                       1416  (402309 residues searched)
Passed MSV filter:                        65  (0.045904); expected 28.3 (0.02)
Passed bias filter:                       36  (0.0254237); expected 28.3 (0.02)
Passed Vit filter:                         2  (0.00141243); expected 1.4 (0.001)
Passed Fwd filter:                         0  (0); expected 0.0 (1e-05)
Initial search space (Z):               1416  [actual number of targets]
Domain search space  (domZ):               0  [number of targets reported over threshold]
# CPU time: 0.01u 0.00s 00:00:00.01 Elapsed: 00:00:00.00
# Mc/sec: 22718.96
//
Query:       nifE-03292025  [M=556]
Scores for complete sequences (score includes all domains):
   --- full sequence ---   --- best 1 domain ---    -#dom-
    E-value  score  bias    E-value  score  bias    exp  N  Sequence Description
    ------- ------ -----    ------- ------ -----   ---- --  -------- -----------

   [No hits detected that satisfy reporting thresholds]


Domain annotation for each sequence (and alignments):

   [No targets detected that satisfy reporting thresholds]


Internal pipeline statistics summary:
-------------------------------------
Query model(s):                            1  (556 nodes)
Target sequences:                       1416  (402309 residues searched)
Passed MSV filter:                        95  (0.0670904); expected 28.3 (0.02)
Passed bias filter:                       45  (0.0317797); expected 28.3 (0.02)
Passed Vit filter:                         6  (0.00423729); expected 1.4 (0.001)
Passed Fwd filter:                         0  (0); expected 0.0 (1e-05)
Initial search space (Z):               1416  [actual number of targets]
Domain search space  (domZ):               0  [number of targets reported over threshold]
# CPU time: 0.01u 0.01s 00:00:00.02 Elapsed: 00:00:00.01
# Mc/sec: 16565.22
//
Query:       nifN-03292025  [M=700]
Scores for complete sequences (score includes all domains):
   --- full sequence ---   --- best 1 domain ---    -#dom-
    E-value  score  bias    E-value  score  bias    exp  N  Sequence Description
    ------- ------ -----    ------- ------ -----   ---- --  -------- -----------

   [No hits detected that satisfy reporting thresholds]


Domain annotation for each sequence (and alignments):

   [No targets detected that satisfy reporting thresholds]


Internal pipeline statistics summary:
-------------------------------------
Query model(s):                            1  (700 nodes)
Target sequences:                       1416  (402309 residues searched)
Passed MSV filter:                        64  (0.0451977); expected 28.3 (0.02)
Passed bias filter:                       46  (0.0324859); expected 28.3 (0.02)
Passed Vit filter:                         4  (0.00282486); expected 1.4 (0.001)
Passed Fwd filter:                         0  (0); expected 0.0 (1e-05)
Initial search space (Z):               1416  [actual number of targets]
Domain search space  (domZ):               0  [number of targets reported over threshold]
# CPU time: 0.02u 0.00s 00:00:00.02 Elapsed: 00:00:00.01
# Mc/sec: 19890.54
//
Query:       pchlide-04012025  [M=508]
Scores for complete sequences (score includes all domains):
   --- full sequence ---   --- best 1 domain ---    -#dom-
    E-value  score  bias    E-value  score  bias    exp  N  Sequence Description
    ------- ------ -----    ------- ------ -----   ---- --  -------- -----------

   [No hits detected that satisfy reporting thresholds]


Domain annotation for each sequence (and alignments):

   [No targets detected that satisfy reporting thresholds]


Internal pipeline statistics summary:
-------------------------------------
Query model(s):                            1  (508 nodes)
Target sequences:                       1416  (402309 residues searched)
Passed MSV filter:                        53  (0.0374294); expected 28.3 (0.02)
Passed bias filter:                       34  (0.0240113); expected 28.3 (0.02)
Passed Vit filter:                         2  (0.00141243); expected 1.4 (0.001)
Passed Fwd filter:                         0  (0); expected 0.0 (1e-05)
Initial search space (Z):               1416  [actual number of targets]
Domain search space  (domZ):               0  [number of targets reported over threshold]
# CPU time: 0.02u 0.00s 00:00:00.02 Elapsed: 00:00:00.00
# Mc/sec: 20933.33
//
[ok]
# hmmsearch :: search profile(s) against a sequence database
# HMMER 3.4 (Aug 2023); http://hmmer.org/
# Copyright (C) 2023 Howard Hughes Medical Institute.
# Freely distributed under the BSD open source license.
# - - - - - - - - - - - - - - - - - - - - - - - - - - - - - - - - - - - -
# query HMM file:                  ../HMMs/nifV_07242025.hmm
# target sequence database:        ../all_rep_proteins_aa/bacteria/GB_GCA_947572405.1_protein.faa
# - - - - - - - - - - - - - - - - - - - - - - - - - - - - - - - - - - - -

Query:       nifV-07242025  [M=437]
Scores for complete sequences (score includes all domains):
   --- full sequence ---   --- best 1 domain ---    -#dom-
    E-value  score  bias    E-value  score  bias    exp  N  Sequence Description
    ------- ------ -----    ------- ------ -----   ---- --  -------- -----------

   [No hits detected that satisfy reporting thresholds]


Domain annotation for each sequence (and alignments):

   [No targets detected that satisfy reporting thresholds]


Internal pipeline statistics summary:
-------------------------------------
Query model(s):                            1  (437 nodes)
Target sequences:                       1416  (402309 residues searched)
Passed MSV filter:                        42  (0.029661); expected 28.3 (0.02)
Passed bias filter:                       33  (0.0233051); expected 28.3 (0.02)
Passed Vit filter:                         2  (0.00141243); expected 1.4 (0.001)
Passed Fwd filter:                         0  (0); expected 0.0 (1e-05)
Initial search space (Z):               1416  [actual number of targets]
Domain search space  (domZ):               0  [number of targets reported over threshold]
# CPU time: 0.01u 0.00s 00:00:00.01 Elapsed: 00:00:00.00
# Mc/sec: 22507.46
//
[ok]
