# hmmsearch :: search profile(s) against a sequence database
# HMMER 3.4 (Aug 2023); http://hmmer.org/
# Copyright (C) 2023 Howard Hughes Medical Institute.
# Freely distributed under the BSD open source license.
# - - - - - - - - - - - - - - - - - - - - - - - - - - - - - - - - - - - -
# query HMM file:                  ../HMMs/combined_nif_04012025.hmm
# target sequence database:        ../all_rep_proteins_aa/bacteria/GB_GCA_902538855.1_protein.faa
# - - - - - - - - - - - - - - - - - - - - - - - - - - - - - - - - - - - -

Query:       nifH-03292025  [M=327]
Scores for complete sequences (score includes all domains):
   --- full sequence ---   --- best 1 domain ---    -#dom-
    E-value  score  bias    E-value  score  bias    exp  N  Sequence            Description
    ------- ------ -----    ------- ------ -----   ---- --  --------            -----------
    5.9e-10   34.2   0.2    8.4e-05   17.2   0.2    2.1  2  CACBGS010000016.1_3  # 952 # 1758 # 1 # ID=16_3;partial=00;st
    3.8e-06   21.6   1.4    1.9e-05   19.4   0.2    2.0  2  CACBGS010000021.1_1  # 1 # 783 # 1 # ID=21_1;partial=10;start


Domain annotation for each sequence (and alignments):
>> CACBGS010000016.1_3  # 952 # 1758 # 1 # ID=16_3;partial=00;start_type=ATG;rbs_motif=AGGA;rbs_spacer=5-10bp;gc_cont=0.
   #    score  bias  c-Evalue  i-Evalue hmmfrom  hmm to    alifrom  ali to    envfrom  env to     acc
 ---   ------ ----- --------- --------- ------- -------    ------- -------    ------- -------    ----
   1 !   17.2   0.2   2.4e-07   8.4e-05      17      69 ..      10      64 ..       5      81 .. 0.78
   2 !   14.9   0.0   1.2e-06   0.00043     149     257 ..     139     252 ..     134     264 .. 0.84

  Alignments for each domain:
  == domain 1  score: 17.2 bits;  conditional E-value: 2.4e-07
        nifH-03292025 17 KGGiGKSttasnlsaalaeegkkvlivGCdPKaDstrl..llggkaqktvldllr 69
                         KGG+GK tta+ l+aa++ + ++vl v  d    +t    ++  ++ kt+ ++l 
  CACBGS010000016.1_3 10 KGGVGKTTTATSLAAAFSAMRTNVLLVDLDSQCNATVAsgITTDNSNKTLSEVLL 64
                         9**************************9998887775322666666666666655 PP

  == domain 2  score: 14.9 bits;  conditional E-value: 1.2e-06
        nifH-03292025 149 adevyivtsgemmalYaanniakgikkyaee..ggvrlgGlicNsrkvdk..eeelveefaeklgtqiiaf.vprsnevqkaelekktvi 233
                          ad  +i + +e++al     ++k+i+ ++++  +++++ Gl+  + + ++   +++ ++++ ++g ++ ++ +pr+  + +a  +++ ++
  CACBGS010000016.1_3 139 ADATVIPVQCEYLALEGLAKLLKTIEALKQSldTDIQIDGLLRTMFDGRNllTRQVSDQLVGSFGNKVYQTvIPRNVRLAEAPSHGMPIV 228
                          56667778899***************9999876889999**988776655336778888888888888875269**************** PP

        nifH-03292025 234 eaapdseqakeyreLakkilenkk 257
                          +++++s  a++y +La +i++ ++
  CACBGS010000016.1_3 229 SYDKRSLGAAAYLALAAEIMRRQH 252
                          *******************98775 PP

>> CACBGS010000021.1_1  # 1 # 783 # 1 # ID=21_1;partial=10;start_type=Edge;rbs_motif=None;rbs_spacer=None;gc_cont=0.419
   #    score  bias  c-Evalue  i-Evalue hmmfrom  hmm to    alifrom  ali to    envfrom  env to     acc
 ---   ------ ----- --------- --------- ------- -------    ------- -------    ------- -------    ----
   1 !   19.4   0.2   5.3e-08   1.9e-05      17      40 ..       7      30 ..       4      37 .. 0.91
   2 ?    1.1   0.1     0.019       6.6     198     254 ..     183     238 ..     141     257 .. 0.64

  Alignments for each domain:
  == domain 1  score: 19.4 bits;  conditional E-value: 5.3e-08
        nifH-03292025 17 KGGiGKSttasnlsaalaeegkkv 40
                         KGG+GKSt+a+n++ ala++g +v
  CACBGS010000021.1_1  7 KGGVGKSTIATNIALALAQAGAEV 30
                         9********************998 PP

  == domain 2  score: 1.1 bits;  conditional E-value: 0.019
        nifH-03292025 198 eelveefaeklgtqiiafvprsnevqkaelekktvieaapdseqakeyreLakkile 254
                          +e +++ a++ ++  +  +p ++ + ++  ++k ++ ++++++ +k+++++a ++++
  CACBGS010000021.1_1 183 TEDIKAWAKQYNIPHLGSIPLHQDMATSASTGKPIM-CNNKHTLQKNFQRIAISLAA 238
                          355788999999999999999999999988888876.45567777888888876654 PP



Internal pipeline statistics summary:
-------------------------------------
Query model(s):                            1  (327 nodes)
Target sequences:                        704  (245730 residues searched)
Passed MSV filter:                        34  (0.0482955); expected 14.1 (0.02)
Passed bias filter:                       24  (0.0340909); expected 14.1 (0.02)
Passed Vit filter:                         5  (0.00710227); expected 0.7 (0.001)
Passed Fwd filter:                         2  (0.00284091); expected 0.0 (1e-05)
Initial search space (Z):                704  [actual number of targets]
Domain search space  (domZ):               2  [number of targets reported over threshold]
# CPU time: 0.01u 0.00s 00:00:00.01 Elapsed: 00:00:00.01
# Mc/sec: 6643.06
//
Query:       nifD-03292025  [M=482]
Scores for complete sequences (score includes all domains):
   --- full sequence ---   --- best 1 domain ---    -#dom-
    E-value  score  bias    E-value  score  bias    exp  N  Sequence Description
    ------- ------ -----    ------- ------ -----   ---- --  -------- -----------

   [No hits detected that satisfy reporting thresholds]


Domain annotation for each sequence (and alignments):

   [No targets detected that satisfy reporting thresholds]


Internal pipeline statistics summary:
-------------------------------------
Query model(s):                            1  (482 nodes)
Target sequences:                        704  (245730 residues searched)
Passed MSV filter:                        30  (0.0426136); expected 14.1 (0.02)
Passed bias filter:                       19  (0.0269886); expected 14.1 (0.02)
Passed Vit filter:                         2  (0.00284091); expected 0.7 (0.001)
Passed Fwd filter:                         0  (0); expected 0.0 (1e-05)
Initial search space (Z):                704  [actual number of targets]
Domain search space  (domZ):               0  [number of targets reported over threshold]
# CPU time: 0.01u 0.00s 00:00:00.01 Elapsed: 00:00:00.00
# Mc/sec: 13289.06
//
Query:       nifK-03292025  [M=490]
Scores for complete sequences (score includes all domains):
   --- full sequence ---   --- best 1 domain ---    -#dom-
    E-value  score  bias    E-value  score  bias    exp  N  Sequence Description
    ------- ------ -----    ------- ------ -----   ---- --  -------- -----------

   [No hits detected that satisfy reporting thresholds]


Domain annotation for each sequence (and alignments):

   [No targets detected that satisfy reporting thresholds]


Internal pipeline statistics summary:
-------------------------------------
Query model(s):                            1  (490 nodes)
Target sequences:                        704  (245730 residues searched)
Passed MSV filter:                        18  (0.0255682); expected 14.1 (0.02)
Passed bias filter:                       11  (0.015625); expected 14.1 (0.02)
Passed Vit filter:                         1  (0.00142045); expected 0.7 (0.001)
Passed Fwd filter:                         0  (0); expected 0.0 (1e-05)
Initial search space (Z):                704  [actual number of targets]
Domain search space  (domZ):               0  [number of targets reported over threshold]
# CPU time: 0.01u 0.00s 00:00:00.01 Elapsed: 00:00:00.00
# Mc/sec: 18571.45
//
Query:       nifB-03292025  [M=505]
Scores for complete sequences (score includes all domains):
   --- full sequence ---   --- best 1 domain ---    -#dom-
    E-value  score  bias    E-value  score  bias    exp  N  Sequence Description
    ------- ------ -----    ------- ------ -----   ---- --  -------- -----------

   [No hits detected that satisfy reporting thresholds]


Domain annotation for each sequence (and alignments):

   [No targets detected that satisfy reporting thresholds]


Internal pipeline statistics summary:
-------------------------------------
Query model(s):                            1  (505 nodes)
Target sequences:                        704  (245730 residues searched)
Passed MSV filter:                        29  (0.0411932); expected 14.1 (0.02)
Passed bias filter:                       10  (0.0142045); expected 14.1 (0.02)
Passed Vit filter:                         0  (0); expected 0.7 (0.001)
Passed Fwd filter:                         0  (0); expected 0.0 (1e-05)
Initial search space (Z):                704  [actual number of targets]
Domain search space  (domZ):               0  [number of targets reported over threshold]
# CPU time: 0.01u 0.00s 00:00:00.01 Elapsed: 00:00:00.00
# Mc/sec: 20049.19
//
Query:       nifE-03292025  [M=556]
Scores for complete sequences (score includes all domains):
   --- full sequence ---   --- best 1 domain ---    -#dom-
    E-value  score  bias    E-value  score  bias    exp  N  Sequence Description
    ------- ------ -----    ------- ------ -----   ---- --  -------- -----------

   [No hits detected that satisfy reporting thresholds]


Domain annotation for each sequence (and alignments):

   [No targets detected that satisfy reporting thresholds]


Internal pipeline statistics summary:
-------------------------------------
Query model(s):                            1  (556 nodes)
Target sequences:                        704  (245730 residues searched)
Passed MSV filter:                        35  (0.0497159); expected 14.1 (0.02)
Passed bias filter:                       17  (0.0241477); expected 14.1 (0.02)
Passed Vit filter:                         3  (0.00426136); expected 0.7 (0.001)
Passed Fwd filter:                         0  (0); expected 0.0 (1e-05)
Initial search space (Z):                704  [actual number of targets]
Domain search space  (domZ):               0  [number of targets reported over threshold]
# CPU time: 0.01u 0.00s 00:00:00.01 Elapsed: 00:00:00.00
# Mc/sec: 16925.77
//
Query:       nifN-03292025  [M=700]
Scores for complete sequences (score includes all domains):
   --- full sequence ---   --- best 1 domain ---    -#dom-
    E-value  score  bias    E-value  score  bias    exp  N  Sequence Description
    ------- ------ -----    ------- ------ -----   ---- --  -------- -----------

   [No hits detected that satisfy reporting thresholds]


Domain annotation for each sequence (and alignments):

   [No targets detected that satisfy reporting thresholds]


Internal pipeline statistics summary:
-------------------------------------
Query model(s):                            1  (700 nodes)
Target sequences:                        704  (245730 residues searched)
Passed MSV filter:                        24  (0.0340909); expected 14.1 (0.02)
Passed bias filter:                        9  (0.0127841); expected 14.1 (0.02)
Passed Vit filter:                         0  (0); expected 0.7 (0.001)
Passed Fwd filter:                         0  (0); expected 0.0 (1e-05)
Initial search space (Z):                704  [actual number of targets]
Domain search space  (domZ):               0  [number of targets reported over threshold]
# CPU time: 0.01u 0.00s 00:00:00.01 Elapsed: 00:00:00.01
# Mc/sec: 16952.77
//
Query:       pchlide-04012025  [M=508]
Scores for complete sequences (score includes all domains):
   --- full sequence ---   --- best 1 domain ---    -#dom-
    E-value  score  bias    E-value  score  bias    exp  N  Sequence Description
    ------- ------ -----    ------- ------ -----   ---- --  -------- -----------

   [No hits detected that satisfy reporting thresholds]


Domain annotation for each sequence (and alignments):

   [No targets detected that satisfy reporting thresholds]


Internal pipeline statistics summary:
-------------------------------------
Query model(s):                            1  (508 nodes)
Target sequences:                        704  (245730 residues searched)
Passed MSV filter:                        22  (0.03125); expected 14.1 (0.02)
Passed bias filter:                       16  (0.0227273); expected 14.1 (0.02)
Passed Vit filter:                         1  (0.00142045); expected 0.7 (0.001)
Passed Fwd filter:                         0  (0); expected 0.0 (1e-05)
Initial search space (Z):                704  [actual number of targets]
Domain search space  (domZ):               0  [number of targets reported over threshold]
# CPU time: 0.01u 0.00s 00:00:00.01 Elapsed: 00:00:00.00
# Mc/sec: 16937.72
//
[ok]
# hmmsearch :: search profile(s) against a sequence database
# HMMER 3.4 (Aug 2023); http://hmmer.org/
# Copyright (C) 2023 Howard Hughes Medical Institute.
# Freely distributed under the BSD open source license.
# - - - - - - - - - - - - - - - - - - - - - - - - - - - - - - - - - - - -
# query HMM file:                  ../HMMs/nifV_07242025.hmm
# target sequence database:        ../all_rep_proteins_aa/bacteria/GB_GCA_902538855.1_protein.faa
# - - - - - - - - - - - - - - - - - - - - - - - - - - - - - - - - - - - -

Query:       nifV-07242025  [M=437]
Scores for complete sequences (score includes all domains):
   --- full sequence ---   --- best 1 domain ---    -#dom-
    E-value  score  bias    E-value  score  bias    exp  N  Sequence Description
    ------- ------ -----    ------- ------ -----   ---- --  -------- -----------

   [No hits detected that satisfy reporting thresholds]


Domain annotation for each sequence (and alignments):

   [No targets detected that satisfy reporting thresholds]


Internal pipeline statistics summary:
-------------------------------------
Query model(s):                            1  (437 nodes)
Target sequences:                        704  (245730 residues searched)
Passed MSV filter:                        16  (0.0227273); expected 14.1 (0.02)
Passed bias filter:                       10  (0.0142045); expected 14.1 (0.02)
Passed Vit filter:                         1  (0.00142045); expected 0.7 (0.001)
Passed Fwd filter:                         0  (0); expected 0.0 (1e-05)
Initial search space (Z):                704  [actual number of targets]
Domain search space  (domZ):               0  [number of targets reported over threshold]
# CPU time: 0.01u 0.00s 00:00:00.01 Elapsed: 00:00:00.00
# Mc/sec: 16499.95
//
[ok]
