# hmmsearch :: search profile(s) against a sequence database
# HMMER 3.4 (Aug 2023); http://hmmer.org/
# Copyright (C) 2023 Howard Hughes Medical Institute.
# Freely distributed under the BSD open source license.
# - - - - - - - - - - - - - - - - - - - - - - - - - - - - - - - - - - - -
# query HMM file:                  ../HMMs/combined_nif_04012025.hmm
# target sequence database:        ../all_rep_proteins_aa/bacteria/GB_GCA_949286645.1_protein.faa
# - - - - - - - - - - - - - - - - - - - - - - - - - - - - - - - - - - - -

Query:       nifH-03292025  [M=327]
Scores for complete sequences (score includes all domains):
   --- full sequence ---   --- best 1 domain ---    -#dom-
    E-value  score  bias    E-value  score  bias    exp  N  Sequence            Description
    ------- ------ -----    ------- ------ -----   ---- --  --------            -----------
      5e-12   41.8   0.3    8.5e-08   27.9   0.5    2.2  2  CASEDN010000008.1_3  # 2266 # 3054 # 1 # ID=8_3;partial=00;st
     0.0049   12.2   0.0     0.0059   12.0   0.0    1.1  1  CASEDN010000080.1_3  # 1474 # 2109 # 1 # ID=80_3;partial=01;s


Domain annotation for each sequence (and alignments):
>> CASEDN010000008.1_3  # 2266 # 3054 # 1 # ID=8_3;partial=00;start_type=ATG;rbs_motif=GGA/GAG/AGG;rbs_spacer=5-10bp;gc_
   #    score  bias  c-Evalue  i-Evalue hmmfrom  hmm to    alifrom  ali to    envfrom  env to     acc
 ---   ------ ----- --------- --------- ------- -------    ------- -------    ------- -------    ----
   1 !   27.9   0.5   1.3e-10   8.5e-08      17      70 ..      11      66 ..       5      85 .. 0.76
   2 !   11.5   0.0   1.3e-05     0.008     149     255 ..     148     259 ..     145     262 .. 0.82

  Alignments for each domain:
  == domain 1  score: 27.9 bits;  conditional E-value: 1.3e-10
        nifH-03292025 17 KGGiGKSttasnlsaalaeegkkvlivGCdPKaDstrll..lggkaqktvldllre 70
                         KGG+GK tt+ nlsa la  gkkvl +  dP   +t+ +   +g    ++ d+l +
  CASEDN010000008.1_3 11 KGGVGKTTTSINLSASLAFLGKKVLLIDLDPQGNTTTGVgiNKGDIDLSIYDVLTN 66
                         9*******************************999975411444444555555554 PP

  == domain 2  score: 11.5 bits;  conditional E-value: 1.3e-05
        nifH-03292025 149 adevyivtsgemmalYaanniakgikkyaee..ggvrlgGlicNsrkvdke..eelveefaeklgtqiiaf.vprsnevqkaelekktvi 233
                          +d+v+i + +e+ al     ++++i+  +++   +  + G++  + +++++   e+v+++ + ++ ++ ++ +pr   +++a  +++ +i
  CASEDN010000008.1_3 148 SDSVIIPVQCEFFALEGIMQLLNTIRLAQKQlnPNLDIEGVLLTMLDSRTNlgFEVVDDIRKFFKEKVYNTiIPRLIRLTEAPSHGEPII 237
                          5778888888999999999999999888887445566789888877666552268999999999999987527999************** PP

        nifH-03292025 234 eaapdseqakeyreLakkilen 255
                           ++p+s+  ++y +Lak++++ 
  CASEDN010000008.1_3 238 VYDPKSKGSEAYLNLAKEVIDR 259
                          ******************9875 PP

>> CASEDN010000080.1_3  # 1474 # 2109 # 1 # ID=80_3;partial=01;start_type=ATG;rbs_motif=AGGA;rbs_spacer=5-10bp;gc_cont=0
   #    score  bias  c-Evalue  i-Evalue hmmfrom  hmm to    alifrom  ali to    envfrom  env to     acc
 ---   ------ ----- --------- --------- ------- -------    ------- -------    ------- -------    ----
   1 !   12.0   0.0   9.5e-06    0.0059       6      57 ..      36      86 ..      31     118 .. 0.72

  Alignments for each domain:
  == domain 1  score: 12.0 bits;  conditional E-value: 9.5e-06
        nifH-03292025  6 akkmrkiAiYGKGGiGKSttasnlsaalaeegkkvlivGCdPKaDstrlllg 57
                         +kk+  + +YGK GiGK ++a+ +   l  + ++ l    + K+D   ++ +
  CASEDN010000080.1_3 36 NKKLFSMILYGKPGIGKTSIANAIINDLGVR-HRFLNATVNSKKDLDIVIEE 86
                         566778899************9999988765.55666666666665555555 PP



Internal pipeline statistics summary:
-------------------------------------
Query model(s):                            1  (327 nodes)
Target sequences:                       1257  (318476 residues searched)
Passed MSV filter:                        96  (0.0763723); expected 25.1 (0.02)
Passed bias filter:                       58  (0.0461416); expected 25.1 (0.02)
Passed Vit filter:                        17  (0.0135243); expected 1.3 (0.001)
Passed Fwd filter:                         2  (0.00159109); expected 0.0 (1e-05)
Initial search space (Z):               1257  [actual number of targets]
Domain search space  (domZ):               2  [number of targets reported over threshold]
# CPU time: 0.01u 0.00s 00:00:00.01 Elapsed: 00:00:00.01
# Mc/sec: 6830.95
//
Query:       nifD-03292025  [M=482]
Scores for complete sequences (score includes all domains):
   --- full sequence ---   --- best 1 domain ---    -#dom-
    E-value  score  bias    E-value  score  bias    exp  N  Sequence Description
    ------- ------ -----    ------- ------ -----   ---- --  -------- -----------

   [No hits detected that satisfy reporting thresholds]


Domain annotation for each sequence (and alignments):

   [No targets detected that satisfy reporting thresholds]


Internal pipeline statistics summary:
-------------------------------------
Query model(s):                            1  (482 nodes)
Target sequences:                       1257  (318476 residues searched)
Passed MSV filter:                        80  (0.0636436); expected 25.1 (0.02)
Passed bias filter:                       30  (0.0238663); expected 25.1 (0.02)
Passed Vit filter:                         2  (0.00159109); expected 1.3 (0.001)
Passed Fwd filter:                         0  (0); expected 0.0 (1e-05)
Initial search space (Z):               1257  [actual number of targets]
Domain search space  (domZ):               0  [number of targets reported over threshold]
# CPU time: 0.01u 0.00s 00:00:00.01 Elapsed: 00:00:00.00
# Mc/sec: 18901.64
//
Query:       nifK-03292025  [M=490]
Scores for complete sequences (score includes all domains):
   --- full sequence ---   --- best 1 domain ---    -#dom-
    E-value  score  bias    E-value  score  bias    exp  N  Sequence Description
    ------- ------ -----    ------- ------ -----   ---- --  -------- -----------

   [No hits detected that satisfy reporting thresholds]


Domain annotation for each sequence (and alignments):

   [No targets detected that satisfy reporting thresholds]


Internal pipeline statistics summary:
-------------------------------------
Query model(s):                            1  (490 nodes)
Target sequences:                       1257  (318476 residues searched)
Passed MSV filter:                        68  (0.0540971); expected 25.1 (0.02)
Passed bias filter:                       29  (0.0230708); expected 25.1 (0.02)
Passed Vit filter:                         1  (0.000795545); expected 1.3 (0.001)
Passed Fwd filter:                         0  (0); expected 0.0 (1e-05)
Initial search space (Z):               1257  [actual number of targets]
Domain search space  (domZ):               0  [number of targets reported over threshold]
# CPU time: 0.01u 0.00s 00:00:00.01 Elapsed: 00:00:00.00
# Mc/sec: 16380.49
//
Query:       nifB-03292025  [M=505]
Scores for complete sequences (score includes all domains):
   --- full sequence ---   --- best 1 domain ---    -#dom-
    E-value  score  bias    E-value  score  bias    exp  N  Sequence Description
    ------- ------ -----    ------- ------ -----   ---- --  -------- -----------

   [No hits detected that satisfy reporting thresholds]


Domain annotation for each sequence (and alignments):

   [No targets detected that satisfy reporting thresholds]


Internal pipeline statistics summary:
-------------------------------------
Query model(s):                            1  (505 nodes)
Target sequences:                       1257  (318476 residues searched)
Passed MSV filter:                        57  (0.0453461); expected 25.1 (0.02)
Passed bias filter:                       33  (0.026253); expected 25.1 (0.02)
Passed Vit filter:                         1  (0.000795545); expected 1.3 (0.001)
Passed Fwd filter:                         0  (0); expected 0.0 (1e-05)
Initial search space (Z):               1257  [actual number of targets]
Domain search space  (domZ):               0  [number of targets reported over threshold]
# CPU time: 0.01u 0.00s 00:00:00.01 Elapsed: 00:00:00.00
# Mc/sec: 19015.35
//
Query:       nifE-03292025  [M=556]
Scores for complete sequences (score includes all domains):
   --- full sequence ---   --- best 1 domain ---    -#dom-
    E-value  score  bias    E-value  score  bias    exp  N  Sequence Description
    ------- ------ -----    ------- ------ -----   ---- --  -------- -----------

   [No hits detected that satisfy reporting thresholds]


Domain annotation for each sequence (and alignments):

   [No targets detected that satisfy reporting thresholds]


Internal pipeline statistics summary:
-------------------------------------
Query model(s):                            1  (556 nodes)
Target sequences:                       1257  (318476 residues searched)
Passed MSV filter:                        54  (0.0429594); expected 25.1 (0.02)
Passed bias filter:                       26  (0.0206842); expected 25.1 (0.02)
Passed Vit filter:                         3  (0.00238663); expected 1.3 (0.001)
Passed Fwd filter:                         0  (0); expected 0.0 (1e-05)
Initial search space (Z):               1257  [actual number of targets]
Domain search space  (domZ):               0  [number of targets reported over threshold]
# CPU time: 0.01u 0.00s 00:00:00.01 Elapsed: 00:00:00.01
# Mc/sec: 16216.87
//
Query:       nifN-03292025  [M=700]
Scores for complete sequences (score includes all domains):
   --- full sequence ---   --- best 1 domain ---    -#dom-
    E-value  score  bias    E-value  score  bias    exp  N  Sequence Description
    ------- ------ -----    ------- ------ -----   ---- --  -------- -----------

   [No hits detected that satisfy reporting thresholds]


Domain annotation for each sequence (and alignments):

   [No targets detected that satisfy reporting thresholds]


Internal pipeline statistics summary:
-------------------------------------
Query model(s):                            1  (700 nodes)
Target sequences:                       1257  (318476 residues searched)
Passed MSV filter:                        48  (0.0381862); expected 25.1 (0.02)
Passed bias filter:                       35  (0.0278441); expected 25.1 (0.02)
Passed Vit filter:                         2  (0.00159109); expected 1.3 (0.001)
Passed Fwd filter:                         0  (0); expected 0.0 (1e-05)
Initial search space (Z):               1257  [actual number of targets]
Domain search space  (domZ):               0  [number of targets reported over threshold]
# CPU time: 0.02u 0.00s 00:00:00.02 Elapsed: 00:00:00.01
# Mc/sec: 19328.31
//
Query:       pchlide-04012025  [M=508]
Scores for complete sequences (score includes all domains):
   --- full sequence ---   --- best 1 domain ---    -#dom-
    E-value  score  bias    E-value  score  bias    exp  N  Sequence Description
    ------- ------ -----    ------- ------ -----   ---- --  -------- -----------

   [No hits detected that satisfy reporting thresholds]


Domain annotation for each sequence (and alignments):

   [No targets detected that satisfy reporting thresholds]


Internal pipeline statistics summary:
-------------------------------------
Query model(s):                            1  (508 nodes)
Target sequences:                       1257  (318476 residues searched)
Passed MSV filter:                        52  (0.0413683); expected 25.1 (0.02)
Passed bias filter:                       39  (0.0310263); expected 25.1 (0.02)
Passed Vit filter:                         3  (0.00238663); expected 1.3 (0.001)
Passed Fwd filter:                         0  (0); expected 0.0 (1e-05)
Initial search space (Z):               1257  [actual number of targets]
Domain search space  (domZ):               0  [number of targets reported over threshold]
# CPU time: 0.01u 0.00s 00:00:00.01 Elapsed: 00:00:00.01
# Mc/sec: 15915.43
//
[ok]
# hmmsearch :: search profile(s) against a sequence database
# HMMER 3.4 (Aug 2023); http://hmmer.org/
# Copyright (C) 2023 Howard Hughes Medical Institute.
# Freely distributed under the BSD open source license.
# - - - - - - - - - - - - - - - - - - - - - - - - - - - - - - - - - - - -
# query HMM file:                  ../HMMs/nifV_07242025.hmm
# target sequence database:        ../all_rep_proteins_aa/bacteria/GB_GCA_949286645.1_protein.faa
# - - - - - - - - - - - - - - - - - - - - - - - - - - - - - - - - - - - -

Query:       nifV-07242025  [M=437]
Scores for complete sequences (score includes all domains):
   --- full sequence ---   --- best 1 domain ---    -#dom-
    E-value  score  bias    E-value  score  bias    exp  N  Sequence Description
    ------- ------ -----    ------- ------ -----   ---- --  -------- -----------

   [No hits detected that satisfy reporting thresholds]


Domain annotation for each sequence (and alignments):

   [No targets detected that satisfy reporting thresholds]


Internal pipeline statistics summary:
-------------------------------------
Query model(s):                            1  (437 nodes)
Target sequences:                       1257  (318476 residues searched)
Passed MSV filter:                        28  (0.0222753); expected 25.1 (0.02)
Passed bias filter:                       24  (0.0190931); expected 25.1 (0.02)
Passed Vit filter:                         1  (0.000795545); expected 1.3 (0.001)
Passed Fwd filter:                         0  (0); expected 0.0 (1e-05)
Initial search space (Z):               1257  [actual number of targets]
Domain search space  (domZ):               0  [number of targets reported over threshold]
# CPU time: 0.01u 0.00s 00:00:00.01 Elapsed: 00:00:00.00
# Mc/sec: 18610.19
//
[ok]
