# hmmsearch :: search profile(s) against a sequence database
# HMMER 3.4 (Aug 2023); http://hmmer.org/
# Copyright (C) 2023 Howard Hughes Medical Institute.
# Freely distributed under the BSD open source license.
# - - - - - - - - - - - - - - - - - - - - - - - - - - - - - - - - - - - -
# query HMM file:                  ../HMMs/combined_nif_04012025.hmm
# target sequence database:        ../all_rep_proteins_aa/bacteria/GB_GCA_002774575.1_protein.faa
# - - - - - - - - - - - - - - - - - - - - - - - - - - - - - - - - - - - -

Query:       nifH-03292025  [M=327]
Scores for complete sequences (score includes all domains):
   --- full sequence ---   --- best 1 domain ---    -#dom-
    E-value  score  bias    E-value  score  bias    exp  N  Sequence         Description
    ------- ------ -----    ------- ------ -----   ---- --  --------         -----------
    3.1e-13   44.9   0.0    1.3e-06   23.2   0.1    2.1  2  PEXW01000010.1_6  # 1805 # 2587 # -1 # ID=71_6;partial=00;sta


Domain annotation for each sequence (and alignments):
>> PEXW01000010.1_6  # 1805 # 2587 # -1 # ID=71_6;partial=00;start_type=ATG;rbs_motif=AAAAA;rbs_spacer=15bp;gc_cont=0.46
   #    score  bias  c-Evalue  i-Evalue hmmfrom  hmm to    alifrom  ali to    envfrom  env to     acc
 ---   ------ ----- --------- --------- ------- -------    ------- -------    ------- -------    ----
   1 !   23.2   0.1   1.9e-09   1.3e-06      14      51 ..      13      50 ..       1      68 [. 0.81
   2 !   20.0   0.0   1.7e-08   1.2e-05     149     255 ..     146     257 ..     143     260 .. 0.85

  Alignments for each domain:
  == domain 1  score: 23.2 bits;  conditional E-value: 1.9e-09
     nifH-03292025 14 iYGKGGiGKSttasnlsaalaeegkkvlivGCdPKaDs 51
                      +  KGG+GK tta nl+a la  gk vl v  dP   +
  PEXW01000010.1_6 13 VNQKGGVGKTTTAINLAAELAALGKFVLLVDIDPQGNA 50
                      456*******************************8655 PP

  == domain 2  score: 20.0 bits;  conditional E-value: 1.7e-08
     nifH-03292025 149 adevyivtsgemmalYaanniakgikkyaee..ggvrlgGlicNsrkvdke..eelveefaeklgtqiiaf.vprsnevqkaelekktvieaa 236
                       a+e+ i + +e+ al     ++++i+ ++++   g ++ G+++ + + +++  + + +e+ + +  +i+ + +pr+  + +a   +k + +++
  PEXW01000010.1_6 146 AEEILIPVQTEYYALEGLGQLVQTINLVKQNlqPGLNVLGVVMTMFDDRNKlsQAVFQELYQYFPNKIFRTvIPRNVRLAEAPSYGKSIRHFD 238
                       89999999****************99888874467888999998876655422678899999999999875279******************* PP

     nifH-03292025 237 pdseqakeyreLakkilen 255
                       p+s+ ak+y++La++il++
  PEXW01000010.1_6 239 PKSKGAKAYEKLAREILDT 257
                       ****************876 PP



Internal pipeline statistics summary:
-------------------------------------
Query model(s):                            1  (327 nodes)
Target sequences:                        693  (189234 residues searched)
Passed MSV filter:                        40  (0.0577201); expected 13.9 (0.02)
Passed bias filter:                       34  (0.049062); expected 13.9 (0.02)
Passed Vit filter:                         9  (0.012987); expected 0.7 (0.001)
Passed Fwd filter:                         1  (0.001443); expected 0.0 (1e-05)
Initial search space (Z):                693  [actual number of targets]
Domain search space  (domZ):               1  [number of targets reported over threshold]
# CPU time: 0.01u 0.00s 00:00:00.01 Elapsed: 00:00:00.00
# Mc/sec: 6552.70
//
Query:       nifD-03292025  [M=482]
Scores for complete sequences (score includes all domains):
   --- full sequence ---   --- best 1 domain ---    -#dom-
    E-value  score  bias    E-value  score  bias    exp  N  Sequence Description
    ------- ------ -----    ------- ------ -----   ---- --  -------- -----------

   [No hits detected that satisfy reporting thresholds]


Domain annotation for each sequence (and alignments):

   [No targets detected that satisfy reporting thresholds]


Internal pipeline statistics summary:
-------------------------------------
Query model(s):                            1  (482 nodes)
Target sequences:                        693  (189234 residues searched)
Passed MSV filter:                        24  (0.034632); expected 13.9 (0.02)
Passed bias filter:                       18  (0.025974); expected 13.9 (0.02)
Passed Vit filter:                         2  (0.002886); expected 0.7 (0.001)
Passed Fwd filter:                         0  (0); expected 0.0 (1e-05)
Initial search space (Z):                693  [actual number of targets]
Domain search space  (domZ):               0  [number of targets reported over threshold]
# CPU time: 0.01u 0.00s 00:00:00.01 Elapsed: 00:00:00.00
# Mc/sec: 15446.27
//
Query:       nifK-03292025  [M=490]
Scores for complete sequences (score includes all domains):
   --- full sequence ---   --- best 1 domain ---    -#dom-
    E-value  score  bias    E-value  score  bias    exp  N  Sequence Description
    ------- ------ -----    ------- ------ -----   ---- --  -------- -----------

   [No hits detected that satisfy reporting thresholds]


Domain annotation for each sequence (and alignments):

   [No targets detected that satisfy reporting thresholds]


Internal pipeline statistics summary:
-------------------------------------
Query model(s):                            1  (490 nodes)
Target sequences:                        693  (189234 residues searched)
Passed MSV filter:                        13  (0.018759); expected 13.9 (0.02)
Passed bias filter:                        8  (0.011544); expected 13.9 (0.02)
Passed Vit filter:                         1  (0.001443); expected 0.7 (0.001)
Passed Fwd filter:                         0  (0); expected 0.0 (1e-05)
Initial search space (Z):                693  [actual number of targets]
Domain search space  (domZ):               0  [number of targets reported over threshold]
# CPU time: 0.00u 0.00s 00:00:00.00 Elapsed: 00:00:00.00
# Mc/sec: 19549.71
//
Query:       nifB-03292025  [M=505]
Scores for complete sequences (score includes all domains):
   --- full sequence ---   --- best 1 domain ---    -#dom-
    E-value  score  bias    E-value  score  bias    exp  N  Sequence Description
    ------- ------ -----    ------- ------ -----   ---- --  -------- -----------

   [No hits detected that satisfy reporting thresholds]


Domain annotation for each sequence (and alignments):

   [No targets detected that satisfy reporting thresholds]


Internal pipeline statistics summary:
-------------------------------------
Query model(s):                            1  (505 nodes)
Target sequences:                        693  (189234 residues searched)
Passed MSV filter:                        22  (0.031746); expected 13.9 (0.02)
Passed bias filter:                       15  (0.021645); expected 13.9 (0.02)
Passed Vit filter:                         2  (0.002886); expected 0.7 (0.001)
Passed Fwd filter:                         0  (0); expected 0.0 (1e-05)
Initial search space (Z):                693  [actual number of targets]
Domain search space  (domZ):               0  [number of targets reported over threshold]
# CPU time: 0.00u 0.00s 00:00:00.00 Elapsed: 00:00:00.00
# Mc/sec: 16819.81
//
Query:       nifE-03292025  [M=556]
Scores for complete sequences (score includes all domains):
   --- full sequence ---   --- best 1 domain ---    -#dom-
    E-value  score  bias    E-value  score  bias    exp  N  Sequence Description
    ------- ------ -----    ------- ------ -----   ---- --  -------- -----------

   [No hits detected that satisfy reporting thresholds]


Domain annotation for each sequence (and alignments):

   [No targets detected that satisfy reporting thresholds]


Internal pipeline statistics summary:
-------------------------------------
Query model(s):                            1  (556 nodes)
Target sequences:                        693  (189234 residues searched)
Passed MSV filter:                        31  (0.044733); expected 13.9 (0.02)
Passed bias filter:                       21  (0.030303); expected 13.9 (0.02)
Passed Vit filter:                         0  (0); expected 0.7 (0.001)
Passed Fwd filter:                         0  (0); expected 0.0 (1e-05)
Initial search space (Z):                693  [actual number of targets]
Domain search space  (domZ):               0  [number of targets reported over threshold]
# CPU time: 0.00u 0.00s 00:00:00.00 Elapsed: 00:00:00.00
# Mc/sec: 16465.80
//
Query:       nifN-03292025  [M=700]
Scores for complete sequences (score includes all domains):
   --- full sequence ---   --- best 1 domain ---    -#dom-
    E-value  score  bias    E-value  score  bias    exp  N  Sequence Description
    ------- ------ -----    ------- ------ -----   ---- --  -------- -----------

   [No hits detected that satisfy reporting thresholds]


Domain annotation for each sequence (and alignments):

   [No targets detected that satisfy reporting thresholds]


Internal pipeline statistics summary:
-------------------------------------
Query model(s):                            1  (700 nodes)
Target sequences:                        693  (189234 residues searched)
Passed MSV filter:                        25  (0.036075); expected 13.9 (0.02)
Passed bias filter:                       18  (0.025974); expected 13.9 (0.02)
Passed Vit filter:                         3  (0.004329); expected 0.7 (0.001)
Passed Fwd filter:                         0  (0); expected 0.0 (1e-05)
Initial search space (Z):                693  [actual number of targets]
Domain search space  (domZ):               0  [number of targets reported over threshold]
# CPU time: 0.01u 0.00s 00:00:00.01 Elapsed: 00:00:00.00
# Mc/sec: 17279.05
//
Query:       pchlide-04012025  [M=508]
Scores for complete sequences (score includes all domains):
   --- full sequence ---   --- best 1 domain ---    -#dom-
    E-value  score  bias    E-value  score  bias    exp  N  Sequence Description
    ------- ------ -----    ------- ------ -----   ---- --  -------- -----------

   [No hits detected that satisfy reporting thresholds]


Domain annotation for each sequence (and alignments):

   [No targets detected that satisfy reporting thresholds]


Internal pipeline statistics summary:
-------------------------------------
Query model(s):                            1  (508 nodes)
Target sequences:                        693  (189234 residues searched)
Passed MSV filter:                        24  (0.034632); expected 13.9 (0.02)
Passed bias filter:                       19  (0.027417); expected 13.9 (0.02)
Passed Vit filter:                         1  (0.001443); expected 0.7 (0.001)
Passed Fwd filter:                         0  (0); expected 0.0 (1e-05)
Initial search space (Z):                693  [actual number of targets]
Domain search space  (domZ):               0  [number of targets reported over threshold]
# CPU time: 0.01u 0.00s 00:00:00.01 Elapsed: 00:00:00.00
# Mc/sec: 16521.79
//
[ok]
# hmmsearch :: search profile(s) against a sequence database
# HMMER 3.4 (Aug 2023); http://hmmer.org/
# Copyright (C) 2023 Howard Hughes Medical Institute.
# Freely distributed under the BSD open source license.
# - - - - - - - - - - - - - - - - - - - - - - - - - - - - - - - - - - - -
# query HMM file:                  ../HMMs/nifV_07242025.hmm
# target sequence database:        ../all_rep_proteins_aa/bacteria/GB_GCA_002774575.1_protein.faa
# - - - - - - - - - - - - - - - - - - - - - - - - - - - - - - - - - - - -

Query:       nifV-07242025  [M=437]
Scores for complete sequences (score includes all domains):
   --- full sequence ---   --- best 1 domain ---    -#dom-
    E-value  score  bias    E-value  score  bias    exp  N  Sequence Description
    ------- ------ -----    ------- ------ -----   ---- --  -------- -----------

   [No hits detected that satisfy reporting thresholds]


Domain annotation for each sequence (and alignments):

   [No targets detected that satisfy reporting thresholds]


Internal pipeline statistics summary:
-------------------------------------
Query model(s):                            1  (437 nodes)
Target sequences:                        693  (189234 residues searched)
Passed MSV filter:                        23  (0.033189); expected 13.9 (0.02)
Passed bias filter:                       16  (0.023088); expected 13.9 (0.02)
Passed Vit filter:                         3  (0.004329); expected 0.7 (0.001)
Passed Fwd filter:                         0  (0); expected 0.0 (1e-05)
Initial search space (Z):                693  [actual number of targets]
Domain search space  (domZ):               0  [number of targets reported over threshold]
# CPU time: 0.00u 0.00s 00:00:00.00 Elapsed: 00:00:00.00
# Mc/sec: 13099.49
//
[ok]
