# hmmsearch :: search profile(s) against a sequence database
# HMMER 3.4 (Aug 2023); http://hmmer.org/
# Copyright (C) 2023 Howard Hughes Medical Institute.
# Freely distributed under the BSD open source license.
# - - - - - - - - - - - - - - - - - - - - - - - - - - - - - - - - - - - -
# query HMM file:                  ../HMMs/combined_nif_04012025.hmm
# target sequence database:        ../all_rep_proteins_aa/bacteria/GB_GCA_001773295.1_protein.faa
# - - - - - - - - - - - - - - - - - - - - - - - - - - - - - - - - - - - -

Query:       nifH-03292025  [M=327]
Scores for complete sequences (score includes all domains):
   --- full sequence ---   --- best 1 domain ---    -#dom-
    E-value  score  bias    E-value  score  bias    exp  N  Sequence          Description
    ------- ------ -----    ------- ------ -----   ---- --  --------          -----------
  ------ inclusion threshold ------
      0.027    9.8   3.3      0.054    8.8   0.0    2.2  2  MEWG01000045.1_17  # 14679 # 16115 # 1 # ID=45_17;partial=00;


Domain annotation for each sequence (and alignments):
>> MEWG01000045.1_17  # 14679 # 16115 # 1 # ID=45_17;partial=00;start_type=ATG;rbs_motif=None;rbs_spacer=None;gc_cont=0.
   #    score  bias  c-Evalue  i-Evalue hmmfrom  hmm to    alifrom  ali to    envfrom  env to     acc
 ---   ------ ----- --------- --------- ------- -------    ------- -------    ------- -------    ----
   1 ?    8.8   0.0   4.4e-05     0.054       8      34 ..      26      52 ..      19      62 .. 0.78
   2 ?    0.7   0.8     0.013        16     187     288 ..     194     292 ..     176     314 .. 0.66

  Alignments for each domain:
  == domain 1  score: 8.8 bits;  conditional E-value: 4.4e-05
      nifH-03292025  8 kmrkiAiYGKGGiGKSttasnlsaala 34
                       + rk+A+ GK G GKSt  + +s  + 
  MEWG01000045.1_17 26 NNRKVALVGKNGCGKSTLFKIISGEIV 52
                       579**************9887776655 PP

  == domain 2  score: 0.7 bits;  conditional E-value: 0.013
      nifH-03292025 187 licNsrkvdkeeelveefaeklgtqiiafvprsnevqkaelekktvieaapdseqakeyreLakkilenk.klvipkplseeeleellaelg 277
                        ++ N  + ++e+    ++ +k + + i+fv+++ ++++  le+  v +++ +  + +  +++ ++i++nk ++++ k +se ++e+ +++ +
  MEWG01000045.1_17 194 FVGNYDNYKEEKL---RLINKWDEEYIQFVKKKAQLERL-LERARVHKVSRKGGTEQVKSRIKREIEDNKkEKYLDKRMSEVQFETGVTHSK 281
                        5555555544443...66777788888888888888764.7777888888888888888888888877762456677777777777776666 PP

      nifH-03292025 278 lleeedevgkk 288
                        l+++ ++v+k+
  MEWG01000045.1_17 282 LMTRFESVSKS 292
                        66666555544 PP



Internal pipeline statistics summary:
-------------------------------------
Query model(s):                            1  (327 nodes)
Target sequences:                       1226  (324743 residues searched)
Passed MSV filter:                        60  (0.0489396); expected 24.5 (0.02)
Passed bias filter:                       43  (0.0350734); expected 24.5 (0.02)
Passed Vit filter:                         8  (0.00652529); expected 1.2 (0.001)
Passed Fwd filter:                         1  (0.000815661); expected 0.0 (1e-05)
Initial search space (Z):               1226  [actual number of targets]
Domain search space  (domZ):               1  [number of targets reported over threshold]
# CPU time: 0.01u 0.00s 00:00:00.01 Elapsed: 00:00:00.01
# Mc/sec: 7045.12
//
Query:       nifD-03292025  [M=482]
Scores for complete sequences (score includes all domains):
   --- full sequence ---   --- best 1 domain ---    -#dom-
    E-value  score  bias    E-value  score  bias    exp  N  Sequence Description
    ------- ------ -----    ------- ------ -----   ---- --  -------- -----------

   [No hits detected that satisfy reporting thresholds]


Domain annotation for each sequence (and alignments):

   [No targets detected that satisfy reporting thresholds]


Internal pipeline statistics summary:
-------------------------------------
Query model(s):                            1  (482 nodes)
Target sequences:                       1226  (324743 residues searched)
Passed MSV filter:                        55  (0.0448613); expected 24.5 (0.02)
Passed bias filter:                       35  (0.0285481); expected 24.5 (0.02)
Passed Vit filter:                         5  (0.0040783); expected 1.2 (0.001)
Passed Fwd filter:                         0  (0); expected 0.0 (1e-05)
Initial search space (Z):               1226  [actual number of targets]
Domain search space  (domZ):               0  [number of targets reported over threshold]
# CPU time: 0.01u 0.00s 00:00:00.01 Elapsed: 00:00:00.00
# Mc/sec: 16469.16
//
Query:       nifK-03292025  [M=490]
Scores for complete sequences (score includes all domains):
   --- full sequence ---   --- best 1 domain ---    -#dom-
    E-value  score  bias    E-value  score  bias    exp  N  Sequence Description
    ------- ------ -----    ------- ------ -----   ---- --  -------- -----------

   [No hits detected that satisfy reporting thresholds]


Domain annotation for each sequence (and alignments):

   [No targets detected that satisfy reporting thresholds]


Internal pipeline statistics summary:
-------------------------------------
Query model(s):                            1  (490 nodes)
Target sequences:                       1226  (324743 residues searched)
Passed MSV filter:                        34  (0.0277325); expected 24.5 (0.02)
Passed bias filter:                       27  (0.0220228); expected 24.5 (0.02)
Passed Vit filter:                         6  (0.00489396); expected 1.2 (0.001)
Passed Fwd filter:                         0  (0); expected 0.0 (1e-05)
Initial search space (Z):               1226  [actual number of targets]
Domain search space  (domZ):               0  [number of targets reported over threshold]
# CPU time: 0.01u 0.00s 00:00:00.01 Elapsed: 00:00:00.01
# Mc/sec: 13909.60
//
Query:       nifB-03292025  [M=505]
Scores for complete sequences (score includes all domains):
   --- full sequence ---   --- best 1 domain ---    -#dom-
    E-value  score  bias    E-value  score  bias    exp  N  Sequence Description
    ------- ------ -----    ------- ------ -----   ---- --  -------- -----------

   [No hits detected that satisfy reporting thresholds]


Domain annotation for each sequence (and alignments):

   [No targets detected that satisfy reporting thresholds]


Internal pipeline statistics summary:
-------------------------------------
Query model(s):                            1  (505 nodes)
Target sequences:                       1226  (324743 residues searched)
Passed MSV filter:                        38  (0.0309951); expected 24.5 (0.02)
Passed bias filter:                       29  (0.0236542); expected 24.5 (0.02)
Passed Vit filter:                         2  (0.00163132); expected 1.2 (0.001)
Passed Fwd filter:                         0  (0); expected 0.0 (1e-05)
Initial search space (Z):               1226  [actual number of targets]
Domain search space  (domZ):               0  [number of targets reported over threshold]
# CPU time: 0.00u 0.00s 00:00:00.00 Elapsed: 00:00:00.00
# Mc/sec: 18980.50
//
Query:       nifE-03292025  [M=556]
Scores for complete sequences (score includes all domains):
   --- full sequence ---   --- best 1 domain ---    -#dom-
    E-value  score  bias    E-value  score  bias    exp  N  Sequence Description
    ------- ------ -----    ------- ------ -----   ---- --  -------- -----------

   [No hits detected that satisfy reporting thresholds]


Domain annotation for each sequence (and alignments):

   [No targets detected that satisfy reporting thresholds]


Internal pipeline statistics summary:
-------------------------------------
Query model(s):                            1  (556 nodes)
Target sequences:                       1226  (324743 residues searched)
Passed MSV filter:                        53  (0.04323); expected 24.5 (0.02)
Passed bias filter:                       39  (0.0318108); expected 24.5 (0.02)
Passed Vit filter:                         1  (0.000815661); expected 1.2 (0.001)
Passed Fwd filter:                         0  (0); expected 0.0 (1e-05)
Initial search space (Z):               1226  [actual number of targets]
Domain search space  (domZ):               0  [number of targets reported over threshold]
# CPU time: 0.01u 0.00s 00:00:00.01 Elapsed: 00:00:00.01
# Mc/sec: 16242.90
//
Query:       nifN-03292025  [M=700]
Scores for complete sequences (score includes all domains):
   --- full sequence ---   --- best 1 domain ---    -#dom-
    E-value  score  bias    E-value  score  bias    exp  N  Sequence Description
    ------- ------ -----    ------- ------ -----   ---- --  -------- -----------

   [No hits detected that satisfy reporting thresholds]


Domain annotation for each sequence (and alignments):

   [No targets detected that satisfy reporting thresholds]


Internal pipeline statistics summary:
-------------------------------------
Query model(s):                            1  (700 nodes)
Target sequences:                       1226  (324743 residues searched)
Passed MSV filter:                        43  (0.0350734); expected 24.5 (0.02)
Passed bias filter:                       30  (0.0244698); expected 24.5 (0.02)
Passed Vit filter:                         2  (0.00163132); expected 1.2 (0.001)
Passed Fwd filter:                         0  (0); expected 0.0 (1e-05)
Initial search space (Z):               1226  [actual number of targets]
Domain search space  (domZ):               0  [number of targets reported over threshold]
# CPU time: 0.01u 0.00s 00:00:00.01 Elapsed: 00:00:00.01
# Mc/sec: 20021.56
//
Query:       pchlide-04012025  [M=508]
Scores for complete sequences (score includes all domains):
   --- full sequence ---   --- best 1 domain ---    -#dom-
    E-value  score  bias    E-value  score  bias    exp  N  Sequence Description
    ------- ------ -----    ------- ------ -----   ---- --  -------- -----------

   [No hits detected that satisfy reporting thresholds]


Domain annotation for each sequence (and alignments):

   [No targets detected that satisfy reporting thresholds]


Internal pipeline statistics summary:
-------------------------------------
Query model(s):                            1  (508 nodes)
Target sequences:                       1226  (324743 residues searched)
Passed MSV filter:                        30  (0.0244698); expected 24.5 (0.02)
Passed bias filter:                       27  (0.0220228); expected 24.5 (0.02)
Passed Vit filter:                         3  (0.00244698); expected 1.2 (0.001)
Passed Fwd filter:                         0  (0); expected 0.0 (1e-05)
Initial search space (Z):               1226  [actual number of targets]
Domain search space  (domZ):               0  [number of targets reported over threshold]
# CPU time: 0.01u 0.00s 00:00:00.01 Elapsed: 00:00:00.00
# Mc/sec: 20248.96
//
[ok]
# hmmsearch :: search profile(s) against a sequence database
# HMMER 3.4 (Aug 2023); http://hmmer.org/
# Copyright (C) 2023 Howard Hughes Medical Institute.
# Freely distributed under the BSD open source license.
# - - - - - - - - - - - - - - - - - - - - - - - - - - - - - - - - - - - -
# query HMM file:                  ../HMMs/nifV_07242025.hmm
# target sequence database:        ../all_rep_proteins_aa/bacteria/GB_GCA_001773295.1_protein.faa
# - - - - - - - - - - - - - - - - - - - - - - - - - - - - - - - - - - - -

Query:       nifV-07242025  [M=437]
Scores for complete sequences (score includes all domains):
   --- full sequence ---   --- best 1 domain ---    -#dom-
    E-value  score  bias    E-value  score  bias    exp  N  Sequence Description
    ------- ------ -----    ------- ------ -----   ---- --  -------- -----------

   [No hits detected that satisfy reporting thresholds]


Domain annotation for each sequence (and alignments):

   [No targets detected that satisfy reporting thresholds]


Internal pipeline statistics summary:
-------------------------------------
Query model(s):                            1  (437 nodes)
Target sequences:                       1226  (324743 residues searched)
Passed MSV filter:                        33  (0.0269168); expected 24.5 (0.02)
Passed bias filter:                       23  (0.0187602); expected 24.5 (0.02)
Passed Vit filter:                         0  (0); expected 1.2 (0.001)
Passed Fwd filter:                         0  (0); expected 0.0 (1e-05)
Initial search space (Z):               1226  [actual number of targets]
Domain search space  (domZ):               0  [number of targets reported over threshold]
# CPU time: 0.01u 0.00s 00:00:00.01 Elapsed: 00:00:00.00
# Mc/sec: 19340.04
//
[ok]
