# hmmsearch :: search profile(s) against a sequence database
# HMMER 3.4 (Aug 2023); http://hmmer.org/
# Copyright (C) 2023 Howard Hughes Medical Institute.
# Freely distributed under the BSD open source license.
# - - - - - - - - - - - - - - - - - - - - - - - - - - - - - - - - - - - -
# query HMM file:                  ../HMMs/combined_nif_04012025.hmm
# target sequence database:        ../all_rep_proteins_aa/bacteria/GB_GCA_003231075.1_protein.faa
# - - - - - - - - - - - - - - - - - - - - - - - - - - - - - - - - - - - -

Query:       nifH-03292025  [M=327]
Scores for complete sequences (score includes all domains):
   --- full sequence ---   --- best 1 domain ---    -#dom-
    E-value  score  bias    E-value  score  bias    exp  N  Sequence         Description
    ------- ------ -----    ------- ------ -----   ---- --  --------         -----------
    4.9e-08   28.1   0.0    2.9e-07   25.6   0.1    1.9  2  QIIF01000143.1_4  # 3114 # 3857 # 1 # ID=83_4;partial=01;star


Domain annotation for each sequence (and alignments):
>> QIIF01000143.1_4  # 3114 # 3857 # 1 # ID=83_4;partial=01;start_type=ATG;rbs_motif=TAA;rbs_spacer=10bp;gc_cont=0.468
   #    score  bias  c-Evalue  i-Evalue hmmfrom  hmm to    alifrom  ali to    envfrom  env to     acc
 ---   ------ ----- --------- --------- ------- -------    ------- -------    ------- -------    ----
   1 !   25.6   0.1   3.4e-10   2.9e-07      17      54 ..      24      61 ..       8      70 .. 0.89
   2 ?    0.1   0.0     0.019        16     149     237 ..     154     247 ..     152     248 .] 0.71

  Alignments for each domain:
  == domain 1  score: 25.6 bits;  conditional E-value: 3.4e-10
     nifH-03292025 17 KGGiGKSttasnlsaalaeegkkvlivGCdPKaDstrl 54
                      KGG+GK tta nl a la  gk+vl v  dP a +t+ 
  QIIF01000143.1_4 24 KGGVGKTTTAVNLGAYLALLGKHVLLVDIDPQANATSG 61
                      9********************************99975 PP

  == domain 2  score: 0.1 bits;  conditional E-value: 0.019
     nifH-03292025 149 adevyivtsgemmalYaanniakgikkyaeeggvrlg..G.li.cNsrkvdkeeelveefaeklgtqiiaf.vprsnevqkaelekktvieaa 236
                       ade+ i + +e+ al  +  ++++i  ++++ + +lg  G +i +  r+ +   ++++e+ + +  +++   +prs  + +a   ++ +++++
  QIIF01000143.1_4 154 ADEILIPIQSEYYALEGVGQLLNTIGLVQANLKPELGimGaVItMFDRRNKLSGSVMNELYQYFPNKVFRSvIPRSVRLAEAPSYGRSILHYD 246
                       899999999999999999999999888888876666522312313345555566777888888877877642688988998888888888887 PP

     nifH-03292025 237 p 237
                       p
  QIIF01000143.1_4 247 P 247
                       7 PP



Internal pipeline statistics summary:
-------------------------------------
Query model(s):                            1  (327 nodes)
Target sequences:                        862  (245628 residues searched)
Passed MSV filter:                        65  (0.075406); expected 17.2 (0.02)
Passed bias filter:                       39  (0.0452436); expected 17.2 (0.02)
Passed Vit filter:                         5  (0.00580046); expected 0.9 (0.001)
Passed Fwd filter:                         1  (0.00116009); expected 0.0 (1e-05)
Initial search space (Z):                862  [actual number of targets]
Domain search space  (domZ):               1  [number of targets reported over threshold]
# CPU time: 0.01u 0.00s 00:00:00.01 Elapsed: 00:00:00.00
# Mc/sec: 8302.19
//
Query:       nifD-03292025  [M=482]
Scores for complete sequences (score includes all domains):
   --- full sequence ---   --- best 1 domain ---    -#dom-
    E-value  score  bias    E-value  score  bias    exp  N  Sequence Description
    ------- ------ -----    ------- ------ -----   ---- --  -------- -----------

   [No hits detected that satisfy reporting thresholds]


Domain annotation for each sequence (and alignments):

   [No targets detected that satisfy reporting thresholds]


Internal pipeline statistics summary:
-------------------------------------
Query model(s):                            1  (482 nodes)
Target sequences:                        862  (245628 residues searched)
Passed MSV filter:                        59  (0.0684455); expected 17.2 (0.02)
Passed bias filter:                       24  (0.0278422); expected 17.2 (0.02)
Passed Vit filter:                         1  (0.00116009); expected 0.9 (0.001)
Passed Fwd filter:                         0  (0); expected 0.0 (1e-05)
Initial search space (Z):                862  [actual number of targets]
Domain search space  (domZ):               0  [number of targets reported over threshold]
# CPU time: 0.01u 0.00s 00:00:00.01 Elapsed: 00:00:00.00
# Mc/sec: 15332.92
//
Query:       nifK-03292025  [M=490]
Scores for complete sequences (score includes all domains):
   --- full sequence ---   --- best 1 domain ---    -#dom-
    E-value  score  bias    E-value  score  bias    exp  N  Sequence Description
    ------- ------ -----    ------- ------ -----   ---- --  -------- -----------

   [No hits detected that satisfy reporting thresholds]


Domain annotation for each sequence (and alignments):

   [No targets detected that satisfy reporting thresholds]


Internal pipeline statistics summary:
-------------------------------------
Query model(s):                            1  (490 nodes)
Target sequences:                        862  (245628 residues searched)
Passed MSV filter:                        30  (0.0348028); expected 17.2 (0.02)
Passed bias filter:                       23  (0.0266821); expected 17.2 (0.02)
Passed Vit filter:                         3  (0.00348028); expected 0.9 (0.001)
Passed Fwd filter:                         0  (0); expected 0.0 (1e-05)
Initial search space (Z):                862  [actual number of targets]
Domain search space  (domZ):               0  [number of targets reported over threshold]
# CPU time: 0.01u 0.00s 00:00:00.01 Elapsed: 00:00:00.00
# Mc/sec: 13444.15
//
Query:       nifB-03292025  [M=505]
Scores for complete sequences (score includes all domains):
   --- full sequence ---   --- best 1 domain ---    -#dom-
    E-value  score  bias    E-value  score  bias    exp  N  Sequence Description
    ------- ------ -----    ------- ------ -----   ---- --  -------- -----------

   [No hits detected that satisfy reporting thresholds]


Domain annotation for each sequence (and alignments):

   [No targets detected that satisfy reporting thresholds]


Internal pipeline statistics summary:
-------------------------------------
Query model(s):                            1  (505 nodes)
Target sequences:                        862  (245628 residues searched)
Passed MSV filter:                        33  (0.0382831); expected 17.2 (0.02)
Passed bias filter:                       20  (0.0232019); expected 17.2 (0.02)
Passed Vit filter:                         1  (0.00116009); expected 0.9 (0.001)
Passed Fwd filter:                         0  (0); expected 0.0 (1e-05)
Initial search space (Z):                862  [actual number of targets]
Domain search space  (domZ):               0  [number of targets reported over threshold]
# CPU time: 0.01u 0.00s 00:00:00.01 Elapsed: 00:00:00.00
# Mc/sec: 16109.49
//
Query:       nifE-03292025  [M=556]
Scores for complete sequences (score includes all domains):
   --- full sequence ---   --- best 1 domain ---    -#dom-
    E-value  score  bias    E-value  score  bias    exp  N  Sequence Description
    ------- ------ -----    ------- ------ -----   ---- --  -------- -----------

   [No hits detected that satisfy reporting thresholds]


Domain annotation for each sequence (and alignments):

   [No targets detected that satisfy reporting thresholds]


Internal pipeline statistics summary:
-------------------------------------
Query model(s):                            1  (556 nodes)
Target sequences:                        862  (245628 residues searched)
Passed MSV filter:                        53  (0.0614849); expected 17.2 (0.02)
Passed bias filter:                       29  (0.0336427); expected 17.2 (0.02)
Passed Vit filter:                         5  (0.00580046); expected 0.9 (0.001)
Passed Fwd filter:                         0  (0); expected 0.0 (1e-05)
Initial search space (Z):                862  [actual number of targets]
Domain search space  (domZ):               0  [number of targets reported over threshold]
# CPU time: 0.01u 0.00s 00:00:00.01 Elapsed: 00:00:00.01
# Mc/sec: 12577.81
//
Query:       nifN-03292025  [M=700]
Scores for complete sequences (score includes all domains):
   --- full sequence ---   --- best 1 domain ---    -#dom-
    E-value  score  bias    E-value  score  bias    exp  N  Sequence Description
    ------- ------ -----    ------- ------ -----   ---- --  -------- -----------

   [No hits detected that satisfy reporting thresholds]


Domain annotation for each sequence (and alignments):

   [No targets detected that satisfy reporting thresholds]


Internal pipeline statistics summary:
-------------------------------------
Query model(s):                            1  (700 nodes)
Target sequences:                        862  (245628 residues searched)
Passed MSV filter:                        42  (0.0487239); expected 17.2 (0.02)
Passed bias filter:                       36  (0.0417633); expected 17.2 (0.02)
Passed Vit filter:                         2  (0.00232019); expected 0.9 (0.001)
Passed Fwd filter:                         0  (0); expected 0.0 (1e-05)
Initial search space (Z):                862  [actual number of targets]
Domain search space  (domZ):               0  [number of targets reported over threshold]
# CPU time: 0.01u 0.00s 00:00:00.01 Elapsed: 00:00:00.01
# Mc/sec: 14597.60
//
Query:       pchlide-04012025  [M=508]
Scores for complete sequences (score includes all domains):
   --- full sequence ---   --- best 1 domain ---    -#dom-
    E-value  score  bias    E-value  score  bias    exp  N  Sequence Description
    ------- ------ -----    ------- ------ -----   ---- --  -------- -----------

   [No hits detected that satisfy reporting thresholds]


Domain annotation for each sequence (and alignments):

   [No targets detected that satisfy reporting thresholds]


Internal pipeline statistics summary:
-------------------------------------
Query model(s):                            1  (508 nodes)
Target sequences:                        862  (245628 residues searched)
Passed MSV filter:                        29  (0.0336427); expected 17.2 (0.02)
Passed bias filter:                       22  (0.025522); expected 17.2 (0.02)
Passed Vit filter:                         0  (0); expected 0.9 (0.001)
Passed Fwd filter:                         0  (0); expected 0.0 (1e-05)
Initial search space (Z):                862  [actual number of targets]
Domain search space  (domZ):               0  [number of targets reported over threshold]
# CPU time: 0.00u 0.00s 00:00:00.00 Elapsed: 00:00:00.00
# Mc/sec: 17238.01
//
[ok]
# hmmsearch :: search profile(s) against a sequence database
# HMMER 3.4 (Aug 2023); http://hmmer.org/
# Copyright (C) 2023 Howard Hughes Medical Institute.
# Freely distributed under the BSD open source license.
# - - - - - - - - - - - - - - - - - - - - - - - - - - - - - - - - - - - -
# query HMM file:                  ../HMMs/nifV_07242025.hmm
# target sequence database:        ../all_rep_proteins_aa/bacteria/GB_GCA_003231075.1_protein.faa
# - - - - - - - - - - - - - - - - - - - - - - - - - - - - - - - - - - - -

Query:       nifV-07242025  [M=437]
Scores for complete sequences (score includes all domains):
   --- full sequence ---   --- best 1 domain ---    -#dom-
    E-value  score  bias    E-value  score  bias    exp  N  Sequence Description
    ------- ------ -----    ------- ------ -----   ---- --  -------- -----------

   [No hits detected that satisfy reporting thresholds]


Domain annotation for each sequence (and alignments):

   [No targets detected that satisfy reporting thresholds]


Internal pipeline statistics summary:
-------------------------------------
Query model(s):                            1  (437 nodes)
Target sequences:                        862  (245628 residues searched)
Passed MSV filter:                        19  (0.0220418); expected 17.2 (0.02)
Passed bias filter:                       14  (0.0162413); expected 17.2 (0.02)
Passed Vit filter:                         1  (0.00116009); expected 0.9 (0.001)
Passed Fwd filter:                         0  (0); expected 0.0 (1e-05)
Initial search space (Z):                862  [actual number of targets]
Domain search space  (domZ):               0  [number of targets reported over threshold]
# CPU time: 0.01u 0.00s 00:00:00.01 Elapsed: 00:00:00.00
# Mc/sec: 16309.68
//
[ok]
