# hmmsearch :: search profile(s) against a sequence database
# HMMER 3.4 (Aug 2023); http://hmmer.org/
# Copyright (C) 2023 Howard Hughes Medical Institute.
# Freely distributed under the BSD open source license.
# - - - - - - - - - - - - - - - - - - - - - - - - - - - - - - - - - - - -
# query HMM file:                  ../HMMs/combined_nif_04012025.hmm
# target sequence database:        ../all_rep_proteins_aa/bacteria/GB_GCA_947623935.1_protein.faa
# - - - - - - - - - - - - - - - - - - - - - - - - - - - - - - - - - - - -

Query:       nifH-03292025  [M=327]
Scores for complete sequences (score includes all domains):
   --- full sequence ---   --- best 1 domain ---    -#dom-
    E-value  score  bias    E-value  score  bias    exp  N  Sequence             Description
    ------- ------ -----    ------- ------ -----   ---- --  --------             -----------
    1.2e-14   50.2   2.2    1.2e-08   30.5   0.8    2.0  2  CANQIE010000001.1_63  # 59663 # 60451 # 1 # ID=1_63;partial=0
     0.0005   15.3   0.1     0.0005   15.3   0.1    2.3  2  CANQIE010000011.1_40  # 35897 # 37000 # -1 # ID=11_40;partial


Domain annotation for each sequence (and alignments):
>> CANQIE010000001.1_63  # 59663 # 60451 # 1 # ID=1_63;partial=00;start_type=ATG;rbs_motif=GGA/GAG/AGG;rbs_spacer=5-10bp
   #    score  bias  c-Evalue  i-Evalue hmmfrom  hmm to    alifrom  ali to    envfrom  env to     acc
 ---   ------ ----- --------- --------- ------- -------    ------- -------    ------- -------    ----
   1 !   30.5   0.8   2.1e-11   1.2e-08      17      72 ..      11      68 ..       3      85 .. 0.83
   2 !   19.2   0.0   6.1e-08   3.4e-05     148     256 ..     146     259 ..     144     262 .. 0.87

  Alignments for each domain:
  == domain 1  score: 30.5 bits;  conditional E-value: 2.1e-11
         nifH-03292025 17 KGGiGKSttasnlsaalaeegkkvlivGCdPKaDstrl..llggkaqktvldllrekg 72
                          KGG+GK tt+ nlsa la  gkkvl++  dP   +t+   + +g+  k+v d+l +k 
  CANQIE010000001.1_63 11 KGGVGKTTTSINLSASLALLGKKVLMIDLDPQGNATTGvgINKGEITKSVYDVLTQKC 68
                          9*******************************99997522678899999999999875 PP

  == domain 2  score: 19.2 bits;  conditional E-value: 6.1e-08
         nifH-03292025 148 kadevyivtsgemmalYaanniakgikkyaee..ggvrlgGlicNsrkvdke..eelveefaeklgtqiiaf.vprsnevqkaelekkt 231
                            a++v+i + +e+ al     ++k+i   +++   + ++ G++  + +++++   e+vee+ + ++ ++ ++ +pr   +++a  ++k 
  CANQIE010000001.1_63 146 AANSVIIPVQCEFFALEGITQLLKTIMLAQKNlnPNLNIEGVLLTMLDSRTNlgIEVVEEIRKYFKERVYNTiIPRLVRLTEAPSHGKP 234
                           5889999999****************9998884466778999999877666522799***********9975279************** PP

         nifH-03292025 232 vieaapdseqakeyreLakkilenk 256
                           +i ++p+s+  ++y +Lak+++e +
  CANQIE010000001.1_63 235 IIAYDPKSRGSEAYLNLAKEVIERN 259
                           ********************99865 PP

>> CANQIE010000011.1_40  # 35897 # 37000 # -1 # ID=11_40;partial=00;start_type=ATG;rbs_motif=AGGAG;rbs_spacer=5-10bp;gc_
   #    score  bias  c-Evalue  i-Evalue hmmfrom  hmm to    alifrom  ali to    envfrom  env to     acc
 ---   ------ ----- --------- --------- ------- -------    ------- -------    ------- -------    ----
   1 ?    0.7   1.0     0.025        14     257     311 ..      23      75 ..       4     124 .. 0.56
   2 !   15.3   0.1   9.1e-07    0.0005      12      84 ..     166     237 ..     155     255 .. 0.71

  Alignments for each domain:
  == domain 1  score: 0.7 bits;  conditional E-value: 0.025
         nifH-03292025 257 klvipkplseeeleellaelglleeedevgkkaaeaaaaaakllglegvldlaek 311
                           +l+ +kp  eee +e+ +e +  ++e++++k+++e  + + +++ ++g ++  ++
  CANQIE010000011.1_40  23 TLYEEKPSLEEEKQEVSVEKKTEKKEKAKEKEEKE--TLKEVKIYEKGLTKTRQS 75 
                           34444555555555555555444444333332222..222222223333333333 PP

  == domain 2  score: 15.3 bits;  conditional E-value: 9.1e-07
         nifH-03292025  12 iAiYGKGGiGKSttasnlsaalaeegkkvlivGCdP.KaDstrlllggkaqktvldllrekgedleledvvkeG 84 
                           i + G  G+GK tt ++++  l eegkkvl v  d  +a +t  l +  ++k  +d + + +e ++   vv++G
  CANQIE010000011.1_40 166 ILFVGVNGVGKTTTIAKIAWKLKEEGKKVLLVAGDTfRAGATMQLKE-WSEKVGVDFIGK-EEGVDPASVVFDG 237
                           6678999***********************99877624455554443.333333344433.3445555666655 PP



Internal pipeline statistics summary:
-------------------------------------
Query model(s):                            1  (327 nodes)
Target sequences:                       1113  (351015 residues searched)
Passed MSV filter:                        82  (0.0736748); expected 22.3 (0.02)
Passed bias filter:                       48  (0.0431267); expected 22.3 (0.02)
Passed Vit filter:                         8  (0.00718778); expected 1.1 (0.001)
Passed Fwd filter:                         2  (0.00179695); expected 0.0 (1e-05)
Initial search space (Z):               1113  [actual number of targets]
Domain search space  (domZ):               2  [number of targets reported over threshold]
# CPU time: 0.01u 0.00s 00:00:00.01 Elapsed: 00:00:00.01
# Mc/sec: 5902.79
//
Query:       nifD-03292025  [M=482]
Scores for complete sequences (score includes all domains):
   --- full sequence ---   --- best 1 domain ---    -#dom-
    E-value  score  bias    E-value  score  bias    exp  N  Sequence Description
    ------- ------ -----    ------- ------ -----   ---- --  -------- -----------

   [No hits detected that satisfy reporting thresholds]


Domain annotation for each sequence (and alignments):

   [No targets detected that satisfy reporting thresholds]


Internal pipeline statistics summary:
-------------------------------------
Query model(s):                            1  (482 nodes)
Target sequences:                       1113  (351015 residues searched)
Passed MSV filter:                        89  (0.0799641); expected 22.3 (0.02)
Passed bias filter:                       28  (0.0251572); expected 22.3 (0.02)
Passed Vit filter:                         0  (0); expected 1.1 (0.001)
Passed Fwd filter:                         0  (0); expected 0.0 (1e-05)
Initial search space (Z):               1113  [actual number of targets]
Domain search space  (domZ):               0  [number of targets reported over threshold]
# CPU time: 0.01u 0.00s 00:00:00.01 Elapsed: 00:00:00.00
# Mc/sec: 17871.84
//
Query:       nifK-03292025  [M=490]
Scores for complete sequences (score includes all domains):
   --- full sequence ---   --- best 1 domain ---    -#dom-
    E-value  score  bias    E-value  score  bias    exp  N  Sequence Description
    ------- ------ -----    ------- ------ -----   ---- --  -------- -----------

   [No hits detected that satisfy reporting thresholds]


Domain annotation for each sequence (and alignments):

   [No targets detected that satisfy reporting thresholds]


Internal pipeline statistics summary:
-------------------------------------
Query model(s):                            1  (490 nodes)
Target sequences:                       1113  (351015 residues searched)
Passed MSV filter:                        52  (0.0467206); expected 22.3 (0.02)
Passed bias filter:                       25  (0.0224618); expected 22.3 (0.02)
Passed Vit filter:                         1  (0.000898473); expected 1.1 (0.001)
Passed Fwd filter:                         0  (0); expected 0.0 (1e-05)
Initial search space (Z):               1113  [actual number of targets]
Domain search space  (domZ):               0  [number of targets reported over threshold]
# CPU time: 0.01u 0.00s 00:00:00.01 Elapsed: 00:00:00.00
# Mc/sec: 17323.05
//
Query:       nifB-03292025  [M=505]
Scores for complete sequences (score includes all domains):
   --- full sequence ---   --- best 1 domain ---    -#dom-
    E-value  score  bias    E-value  score  bias    exp  N  Sequence            Description
    ------- ------ -----    ------- ------ -----   ---- --  --------            -----------
  ------ inclusion threshold ------
      0.015    9.7   1.5      0.016    9.7   0.5    1.5  2  CANQIE010000025.1_2  # 465 # 1295 # -1 # ID=25_2;partial=00;s


Domain annotation for each sequence (and alignments):
>> CANQIE010000025.1_2  # 465 # 1295 # -1 # ID=25_2;partial=00;start_type=ATG;rbs_motif=GGA/GAG/AGG;rbs_spacer=5-10bp;gc
   #    score  bias  c-Evalue  i-Evalue hmmfrom  hmm to    alifrom  ali to    envfrom  env to     acc
 ---   ------ ----- --------- --------- ------- -------    ------- -------    ------- -------    ----
   1 ?    9.7   0.5   1.4e-05     0.016      75      96 ..       2      23 ..       1      28 [. 0.92
   2 ?   -3.4   0.0      0.13   1.4e+02      51      69 ..      83     101 ..      61     105 .. 0.64

  Alignments for each domain:
  == domain 1  score: 9.7 bits;  conditional E-value: 1.4e-05
        nifB-03292025 75 kfaRmHvavApaCNiqCnyCnR 96
                         +f R+ v +   CN++C +C++
  CANQIE010000025.1_2  2 QFKRIYVEITNRCNLACSFCSK 23
                         699*****************86 PP

  == domain 2  score: -3.4 bits;  conditional E-value: 0.13
        nifB-03292025  51 kkeleeevaekvknhPCys 69 
                          + +l +e +e + +hPC s
  CANQIE010000025.1_2  83 NGTLLKERKEILLKHPCLS 101
                          3444445555566677766 PP



Internal pipeline statistics summary:
-------------------------------------
Query model(s):                            1  (505 nodes)
Target sequences:                       1113  (351015 residues searched)
Passed MSV filter:                        55  (0.049416); expected 22.3 (0.02)
Passed bias filter:                       35  (0.0314465); expected 22.3 (0.02)
Passed Vit filter:                         8  (0.00718778); expected 1.1 (0.001)
Passed Fwd filter:                         1  (0.000898473); expected 0.0 (1e-05)
Initial search space (Z):               1113  [actual number of targets]
Domain search space  (domZ):               1  [number of targets reported over threshold]
# CPU time: 0.02u 0.00s 00:00:00.02 Elapsed: 00:00:00.01
# Mc/sec: 12417.14
//
Query:       nifE-03292025  [M=556]
Scores for complete sequences (score includes all domains):
   --- full sequence ---   --- best 1 domain ---    -#dom-
    E-value  score  bias    E-value  score  bias    exp  N  Sequence             Description
    ------- ------ -----    ------- ------ -----   ---- --  --------             -----------
     0.0063   11.0   1.0       0.09    7.2   0.2    2.1  2  CANQIE010000004.1_35  # 38722 # 39510 # -1 # ID=4_35;partial=


Domain annotation for each sequence (and alignments):
>> CANQIE010000004.1_35  # 38722 # 39510 # -1 # ID=4_35;partial=00;start_type=ATG;rbs_motif=AGGAG;rbs_spacer=5-10bp;gc_c
   #    score  bias  c-Evalue  i-Evalue hmmfrom  hmm to    alifrom  ali to    envfrom  env to     acc
 ---   ------ ----- --------- --------- ------- -------    ------- -------    ------- -------    ----
   1 !    7.2   0.2   8.1e-05      0.09     343     386 ..       2      46 ..       1      93 [. 0.75
   2 !    2.4   0.0    0.0023       2.5     215     232 ..     104     123 ..      94     130 .. 0.77

  Alignments for each domain:
  == domain 1  score: 7.2 bits;  conditional E-value: 8.1e-05
         nifE-03292025 343 rLkGkkallytggv.kawslvsalrelGmevvatgtkksteedke 386
                           +L Gk a+++ g+    +++v+++ + G +v++++ ++   e  e
  CANQIE010000004.1_35   2 KLDGKIAYVTGGAMgNGLGVVKMFLKYGATVIVADYNERVFEVEE 46 
                           79***********99*******************76655444443 PP

  == domain 2  score: 2.4 bits;  conditional E-value: 0.0023
         nifE-03292025 215 ttky..dinliGefNiaGel 232
                           +++y  din+iG++N++ ++
  CANQIE010000004.1_35 104 VRDYhfDINIIGTWNVTKAI 123
                           444445**********8765 PP



Internal pipeline statistics summary:
-------------------------------------
Query model(s):                            1  (556 nodes)
Target sequences:                       1113  (351015 residues searched)
Passed MSV filter:                        58  (0.0521114); expected 22.3 (0.02)
Passed bias filter:                       33  (0.0296496); expected 22.3 (0.02)
Passed Vit filter:                         2  (0.00179695); expected 1.1 (0.001)
Passed Fwd filter:                         1  (0.000898473); expected 0.0 (1e-05)
Initial search space (Z):               1113  [actual number of targets]
Domain search space  (domZ):               1  [number of targets reported over threshold]
# CPU time: 0.02u 0.00s 00:00:00.02 Elapsed: 00:00:00.01
# Mc/sec: 10817.16
//
Query:       nifN-03292025  [M=700]
Scores for complete sequences (score includes all domains):
   --- full sequence ---   --- best 1 domain ---    -#dom-
    E-value  score  bias    E-value  score  bias    exp  N  Sequence Description
    ------- ------ -----    ------- ------ -----   ---- --  -------- -----------

   [No hits detected that satisfy reporting thresholds]


Domain annotation for each sequence (and alignments):

   [No targets detected that satisfy reporting thresholds]


Internal pipeline statistics summary:
-------------------------------------
Query model(s):                            1  (700 nodes)
Target sequences:                       1113  (351015 residues searched)
Passed MSV filter:                        57  (0.0512129); expected 22.3 (0.02)
Passed bias filter:                       41  (0.0368374); expected 22.3 (0.02)
Passed Vit filter:                         4  (0.00359389); expected 1.1 (0.001)
Passed Fwd filter:                         1  (0.000898473); expected 0.0 (1e-05)
Initial search space (Z):               1113  [actual number of targets]
Domain search space  (domZ):               0  [number of targets reported over threshold]
# CPU time: 0.03u 0.00s 00:00:00.03 Elapsed: 00:00:00.03
# Mc/sec: 7654.14
//
Query:       pchlide-04012025  [M=508]
Scores for complete sequences (score includes all domains):
   --- full sequence ---   --- best 1 domain ---    -#dom-
    E-value  score  bias    E-value  score  bias    exp  N  Sequence Description
    ------- ------ -----    ------- ------ -----   ---- --  -------- -----------

   [No hits detected that satisfy reporting thresholds]


Domain annotation for each sequence (and alignments):

   [No targets detected that satisfy reporting thresholds]


Internal pipeline statistics summary:
-------------------------------------
Query model(s):                            1  (508 nodes)
Target sequences:                       1113  (351015 residues searched)
Passed MSV filter:                        39  (0.0350404); expected 22.3 (0.02)
Passed bias filter:                       26  (0.0233603); expected 22.3 (0.02)
Passed Vit filter:                         2  (0.00179695); expected 1.1 (0.001)
Passed Fwd filter:                         0  (0); expected 0.0 (1e-05)
Initial search space (Z):               1113  [actual number of targets]
Domain search space  (domZ):               0  [number of targets reported over threshold]
# CPU time: 0.01u 0.00s 00:00:00.01 Elapsed: 00:00:00.00
# Mc/sec: 19270.11
//
[ok]
# hmmsearch :: search profile(s) against a sequence database
# HMMER 3.4 (Aug 2023); http://hmmer.org/
# Copyright (C) 2023 Howard Hughes Medical Institute.
# Freely distributed under the BSD open source license.
# - - - - - - - - - - - - - - - - - - - - - - - - - - - - - - - - - - - -
# query HMM file:                  ../HMMs/nifV_07242025.hmm
# target sequence database:        ../all_rep_proteins_aa/bacteria/GB_GCA_947623935.1_protein.faa
# - - - - - - - - - - - - - - - - - - - - - - - - - - - - - - - - - - - -

Query:       nifV-07242025  [M=437]
Scores for complete sequences (score includes all domains):
   --- full sequence ---   --- best 1 domain ---    -#dom-
    E-value  score  bias    E-value  score  bias    exp  N  Sequence Description
    ------- ------ -----    ------- ------ -----   ---- --  -------- -----------

   [No hits detected that satisfy reporting thresholds]


Domain annotation for each sequence (and alignments):

   [No targets detected that satisfy reporting thresholds]


Internal pipeline statistics summary:
-------------------------------------
Query model(s):                            1  (437 nodes)
Target sequences:                       1113  (351015 residues searched)
Passed MSV filter:                        30  (0.0269542); expected 22.3 (0.02)
Passed bias filter:                       21  (0.0188679); expected 22.3 (0.02)
Passed Vit filter:                         2  (0.00179695); expected 1.1 (0.001)
Passed Fwd filter:                         0  (0); expected 0.0 (1e-05)
Initial search space (Z):               1113  [actual number of targets]
Domain search space  (domZ):               0  [number of targets reported over threshold]
# CPU time: 0.01u 0.00s 00:00:00.01 Elapsed: 00:00:00.00
# Mc/sec: 18809.36
//
[ok]
