# hmmsearch :: search profile(s) against a sequence database
# HMMER 3.4 (Aug 2023); http://hmmer.org/
# Copyright (C) 2023 Howard Hughes Medical Institute.
# Freely distributed under the BSD open source license.
# - - - - - - - - - - - - - - - - - - - - - - - - - - - - - - - - - - - -
# query HMM file:                  ../HMMs/combined_nif_04012025.hmm
# target sequence database:        ../all_rep_proteins_aa/bacteria/GB_GCA_000994805.1_protein.faa
# - - - - - - - - - - - - - - - - - - - - - - - - - - - - - - - - - - - -

Query:       nifH-03292025  [M=327]
Scores for complete sequences (score includes all domains):
   --- full sequence ---   --- best 1 domain ---    -#dom-
    E-value  score  bias    E-value  score  bias    exp  N  Sequence          Description
    ------- ------ -----    ------- ------ -----   ---- --  --------          -----------
    2.2e-13   45.2   0.0    2.2e-07   25.6   0.0    2.1  2  LCEQ01000016.1_15  # 9676 # 10464 # 1 # ID=16_15;partial=00;s


Domain annotation for each sequence (and alignments):
>> LCEQ01000016.1_15  # 9676 # 10464 # 1 # ID=16_15;partial=00;start_type=ATG;rbs_motif=None;rbs_spacer=None;gc_cont=0.4
   #    score  bias  c-Evalue  i-Evalue hmmfrom  hmm to    alifrom  ali to    envfrom  env to     acc
 ---   ------ ----- --------- --------- ------- -------    ------- -------    ------- -------    ----
   1 !   25.6   0.0   3.4e-10   2.2e-07      17      55 ..      11      49 ..       2      67 .. 0.91
   2 !   17.7   0.0   8.7e-08   5.4e-05     149     257 ..     141     254 ..     139     260 .. 0.82

  Alignments for each domain:
  == domain 1  score: 25.6 bits;  conditional E-value: 3.4e-10
      nifH-03292025 17 KGGiGKSttasnlsaalaeegkkvlivGCdPKaDstrll 55
                       KGG GKStta nl a la  gk vl v  dP a +t  l
  LCEQ01000016.1_15 11 KGGTGKSTTAVNLGAYLAALGKYVLLVDLDPQANATVGL 49
                       9*********************************99766 PP

  == domain 2  score: 17.7 bits;  conditional E-value: 8.7e-08
      nifH-03292025 149 adevyivtsgemmalYaanniakgikkyaee..ggvrlgG..licNsrkvdkeeelveefaeklgtqii.afvprsnevqkaelekktviea 235
                        a+ev+i + +e+ al     ++++i+ ++++  ++ +++G  l +  r+++  +e+v+e+ +++   ++ a +pr   + +a   +kt++++
  LCEQ01000016.1_15 141 AEEVIIPVQCEYYALEGLGQLLETIELIRNNlgRDLKVKGalLTMYDRRQKLCREVVKEVRRNFPGYVFsAIIPRAVSLAEAPSFGKTILQF 232
                        8999999999999999999999999999998655667777324455667777789999999998766651678******************* PP

      nifH-03292025 236 apdseqakeyreLakkilenkk 257
                        +p+s   ++yreLa++i++ +k
  LCEQ01000016.1_15 233 DPHSLGGSAYRELAQEIINLDK 254
                        *****************88654 PP



Internal pipeline statistics summary:
-------------------------------------
Query model(s):                            1  (327 nodes)
Target sequences:                        626  (167935 residues searched)
Passed MSV filter:                        21  (0.0335463); expected 12.5 (0.02)
Passed bias filter:                       16  (0.0255591); expected 12.5 (0.02)
Passed Vit filter:                         2  (0.00319489); expected 0.6 (0.001)
Passed Fwd filter:                         1  (0.00159744); expected 0.0 (1e-05)
Initial search space (Z):                626  [actual number of targets]
Domain search space  (domZ):               1  [number of targets reported over threshold]
# CPU time: 0.00u 0.00s 00:00:00.00 Elapsed: 00:00:00.01
# Mc/sec: 3801.94
//
Query:       nifD-03292025  [M=482]
Scores for complete sequences (score includes all domains):
   --- full sequence ---   --- best 1 domain ---    -#dom-
    E-value  score  bias    E-value  score  bias    exp  N  Sequence Description
    ------- ------ -----    ------- ------ -----   ---- --  -------- -----------

   [No hits detected that satisfy reporting thresholds]


Domain annotation for each sequence (and alignments):

   [No targets detected that satisfy reporting thresholds]


Internal pipeline statistics summary:
-------------------------------------
Query model(s):                            1  (482 nodes)
Target sequences:                        626  (167935 residues searched)
Passed MSV filter:                        31  (0.0495208); expected 12.5 (0.02)
Passed bias filter:                       22  (0.0351438); expected 12.5 (0.02)
Passed Vit filter:                         2  (0.00319489); expected 0.6 (0.001)
Passed Fwd filter:                         0  (0); expected 0.0 (1e-05)
Initial search space (Z):                626  [actual number of targets]
Domain search space  (domZ):               0  [number of targets reported over threshold]
# CPU time: 0.00u 0.00s 00:00:00.00 Elapsed: 00:00:00.00
# Mc/sec: 13588.00
//
Query:       nifK-03292025  [M=490]
Scores for complete sequences (score includes all domains):
   --- full sequence ---   --- best 1 domain ---    -#dom-
    E-value  score  bias    E-value  score  bias    exp  N  Sequence Description
    ------- ------ -----    ------- ------ -----   ---- --  -------- -----------

   [No hits detected that satisfy reporting thresholds]


Domain annotation for each sequence (and alignments):

   [No targets detected that satisfy reporting thresholds]


Internal pipeline statistics summary:
-------------------------------------
Query model(s):                            1  (490 nodes)
Target sequences:                        626  (167935 residues searched)
Passed MSV filter:                        13  (0.0207668); expected 12.5 (0.02)
Passed bias filter:                       11  (0.0175719); expected 12.5 (0.02)
Passed Vit filter:                         3  (0.00479233); expected 0.6 (0.001)
Passed Fwd filter:                         0  (0); expected 0.0 (1e-05)
Initial search space (Z):                626  [actual number of targets]
Domain search space  (domZ):               0  [number of targets reported over threshold]
# CPU time: 0.00u 0.00s 00:00:00.00 Elapsed: 00:00:00.00
# Mc/sec: 14149.21
//
Query:       nifB-03292025  [M=505]
Scores for complete sequences (score includes all domains):
   --- full sequence ---   --- best 1 domain ---    -#dom-
    E-value  score  bias    E-value  score  bias    exp  N  Sequence Description
    ------- ------ -----    ------- ------ -----   ---- --  -------- -----------

   [No hits detected that satisfy reporting thresholds]


Domain annotation for each sequence (and alignments):

   [No targets detected that satisfy reporting thresholds]


Internal pipeline statistics summary:
-------------------------------------
Query model(s):                            1  (505 nodes)
Target sequences:                        626  (167935 residues searched)
Passed MSV filter:                        14  (0.0223642); expected 12.5 (0.02)
Passed bias filter:                       11  (0.0175719); expected 12.5 (0.02)
Passed Vit filter:                         0  (0); expected 0.6 (0.001)
Passed Fwd filter:                         0  (0); expected 0.0 (1e-05)
Initial search space (Z):                626  [actual number of targets]
Domain search space  (domZ):               0  [number of targets reported over threshold]
# CPU time: 0.00u 0.00s 00:00:00.00 Elapsed: 00:00:00.00
# Mc/sec: 16279.76
//
Query:       nifE-03292025  [M=556]
Scores for complete sequences (score includes all domains):
   --- full sequence ---   --- best 1 domain ---    -#dom-
    E-value  score  bias    E-value  score  bias    exp  N  Sequence Description
    ------- ------ -----    ------- ------ -----   ---- --  -------- -----------

   [No hits detected that satisfy reporting thresholds]


Domain annotation for each sequence (and alignments):

   [No targets detected that satisfy reporting thresholds]


Internal pipeline statistics summary:
-------------------------------------
Query model(s):                            1  (556 nodes)
Target sequences:                        626  (167935 residues searched)
Passed MSV filter:                        29  (0.0463259); expected 12.5 (0.02)
Passed bias filter:                       19  (0.0303514); expected 12.5 (0.02)
Passed Vit filter:                         2  (0.00319489); expected 0.6 (0.001)
Passed Fwd filter:                         0  (0); expected 0.0 (1e-05)
Initial search space (Z):                626  [actual number of targets]
Domain search space  (domZ):               0  [number of targets reported over threshold]
# CPU time: 0.00u 0.00s 00:00:00.00 Elapsed: 00:00:00.00
# Mc/sec: 13675.44
//
Query:       nifN-03292025  [M=700]
Scores for complete sequences (score includes all domains):
   --- full sequence ---   --- best 1 domain ---    -#dom-
    E-value  score  bias    E-value  score  bias    exp  N  Sequence Description
    ------- ------ -----    ------- ------ -----   ---- --  -------- -----------

   [No hits detected that satisfy reporting thresholds]


Domain annotation for each sequence (and alignments):

   [No targets detected that satisfy reporting thresholds]


Internal pipeline statistics summary:
-------------------------------------
Query model(s):                            1  (700 nodes)
Target sequences:                        626  (167935 residues searched)
Passed MSV filter:                        19  (0.0303514); expected 12.5 (0.02)
Passed bias filter:                       18  (0.028754); expected 12.5 (0.02)
Passed Vit filter:                         2  (0.00319489); expected 0.6 (0.001)
Passed Fwd filter:                         0  (0); expected 0.0 (1e-05)
Initial search space (Z):                626  [actual number of targets]
Domain search space  (domZ):               0  [number of targets reported over threshold]
# CPU time: 0.01u 0.00s 00:00:00.01 Elapsed: 00:00:00.00
# Mc/sec: 12743.37
//
Query:       pchlide-04012025  [M=508]
Scores for complete sequences (score includes all domains):
   --- full sequence ---   --- best 1 domain ---    -#dom-
    E-value  score  bias    E-value  score  bias    exp  N  Sequence Description
    ------- ------ -----    ------- ------ -----   ---- --  -------- -----------

   [No hits detected that satisfy reporting thresholds]


Domain annotation for each sequence (and alignments):

   [No targets detected that satisfy reporting thresholds]


Internal pipeline statistics summary:
-------------------------------------
Query model(s):                            1  (508 nodes)
Target sequences:                        626  (167935 residues searched)
Passed MSV filter:                        22  (0.0351438); expected 12.5 (0.02)
Passed bias filter:                       16  (0.0255591); expected 12.5 (0.02)
Passed Vit filter:                         1  (0.00159744); expected 0.6 (0.001)
Passed Fwd filter:                         0  (0); expected 0.0 (1e-05)
Initial search space (Z):                626  [actual number of targets]
Domain search space  (domZ):               0  [number of targets reported over threshold]
# CPU time: 0.01u 0.00s 00:00:00.01 Elapsed: 00:00:00.00
# Mc/sec: 13479.44
//
[ok]
# hmmsearch :: search profile(s) against a sequence database
# HMMER 3.4 (Aug 2023); http://hmmer.org/
# Copyright (C) 2023 Howard Hughes Medical Institute.
# Freely distributed under the BSD open source license.
# - - - - - - - - - - - - - - - - - - - - - - - - - - - - - - - - - - - -
# query HMM file:                  ../HMMs/nifV_07242025.hmm
# target sequence database:        ../all_rep_proteins_aa/bacteria/GB_GCA_000994805.1_protein.faa
# - - - - - - - - - - - - - - - - - - - - - - - - - - - - - - - - - - - -

Query:       nifV-07242025  [M=437]
Scores for complete sequences (score includes all domains):
   --- full sequence ---   --- best 1 domain ---    -#dom-
    E-value  score  bias    E-value  score  bias    exp  N  Sequence Description
    ------- ------ -----    ------- ------ -----   ---- --  -------- -----------

   [No hits detected that satisfy reporting thresholds]


Domain annotation for each sequence (and alignments):

   [No targets detected that satisfy reporting thresholds]


Internal pipeline statistics summary:
-------------------------------------
Query model(s):                            1  (437 nodes)
Target sequences:                        626  (167935 residues searched)
Passed MSV filter:                        18  (0.028754); expected 12.5 (0.02)
Passed bias filter:                       13  (0.0207668); expected 12.5 (0.02)
Passed Vit filter:                         2  (0.00319489); expected 0.6 (0.001)
Passed Fwd filter:                         0  (0); expected 0.0 (1e-05)
Initial search space (Z):                626  [actual number of targets]
Domain search space  (domZ):               0  [number of targets reported over threshold]
# CPU time: 0.00u 0.00s 00:00:00.00 Elapsed: 00:00:00.00
# Mc/sec: 14951.46
//
[ok]
