# hmmsearch :: search profile(s) against a sequence database
# HMMER 3.4 (Aug 2023); http://hmmer.org/
# Copyright (C) 2023 Howard Hughes Medical Institute.
# Freely distributed under the BSD open source license.
# - - - - - - - - - - - - - - - - - - - - - - - - - - - - - - - - - - - -
# query HMM file:                  ../HMMs/combined_nif_04012025.hmm
# target sequence database:        ../all_rep_proteins_aa/bacteria/GB_GCA_002791475.1_protein.faa
# - - - - - - - - - - - - - - - - - - - - - - - - - - - - - - - - - - - -

Query:       nifH-03292025  [M=327]
Scores for complete sequences (score includes all domains):
   --- full sequence ---   --- best 1 domain ---    -#dom-
    E-value  score  bias    E-value  score  bias    exp  N  Sequence         Description
    ------- ------ -----    ------- ------ -----   ---- --  --------         -----------
      0.004   11.0   1.9     0.0096    9.7   0.0    2.3  3  PFXE01000011.1_6  # 3938 # 5632 # -1 # ID=31_6;partial=00;sta


Domain annotation for each sequence (and alignments):
>> PFXE01000011.1_6  # 3938 # 5632 # -1 # ID=31_6;partial=00;start_type=ATG;rbs_motif=TACTA;rbs_spacer=8bp;gc_cont=0.401
   #    score  bias  c-Evalue  i-Evalue hmmfrom  hmm to    alifrom  ali to    envfrom  env to     acc
 ---   ------ ----- --------- --------- ------- -------    ------- -------    ------- -------    ----
   1 !    9.7   0.0   2.3e-05    0.0096       6      37 ..      27      58 ..      22      86 .. 0.80
   2 ?   -2.1   0.0     0.091        38     205     276 ..     251     326 ..     242     359 .. 0.64
   3 ?   -1.2   0.6     0.048        20     257     285 ..     462     490 ..     405     552 .. 0.56

  Alignments for each domain:
  == domain 1  score: 9.7 bits;  conditional E-value: 2.3e-05
     nifH-03292025  6 akkmrkiAiYGKGGiGKSttasnlsaalaeeg 37
                      ++++r++ + GK G+GKSt  +n+++   ++g
  PFXE01000011.1_6 27 KDRTRHVYVIGKTGMGKSTLLENMAVQDIQNG 58
                      56689999***************998766555 PP

  == domain 2  score: -2.1 bits;  conditional E-value: 0.091
     nifH-03292025 205 aeklgtqiiafvprsnevqkaelekktvieaapdseqakeyreLakki.....lenkklvipkplseeeleellael 276
                       a+ lg+ ii+++     +++a+++++t+ +  +     +e++++a++      +e +k  ++  + ++ +e++ +e+
  PFXE01000011.1_6 251 ANLLGSMIITKIYL-AALSRADVNETTLSKLPNFYLYVDEFQSFANESfadilSEARKYRLNLTIAHQYIEQMSEEV 326
                       66667777777654.45677888888887777777777777777765322222444445555555555555555555 PP

  == domain 3  score: -1.2 bits;  conditional E-value: 0.048
     nifH-03292025 257 klvipkplseeeleellaelglleeedev 285
                       k+v ++p ++ +le+l  + +  +++ ++
  PFXE01000011.1_6 462 KEVNREPQNKISLENLKSNSNRNSKNPSK 490
                       33333333333333333333222222111 PP



Internal pipeline statistics summary:
-------------------------------------
Query model(s):                            1  (327 nodes)
Target sequences:                        416  (113719 residues searched)
Passed MSV filter:                        25  (0.0600962); expected 8.3 (0.02)
Passed bias filter:                       13  (0.03125); expected 8.3 (0.02)
Passed Vit filter:                         3  (0.00721154); expected 0.4 (0.001)
Passed Fwd filter:                         1  (0.00240385); expected 0.0 (1e-05)
Initial search space (Z):                416  [actual number of targets]
Domain search space  (domZ):               1  [number of targets reported over threshold]
# CPU time: 0.00u 0.00s 00:00:00.00 Elapsed: 00:00:00.00
# Mc/sec: 5167.87
//
Query:       nifD-03292025  [M=482]
Scores for complete sequences (score includes all domains):
   --- full sequence ---   --- best 1 domain ---    -#dom-
    E-value  score  bias    E-value  score  bias    exp  N  Sequence Description
    ------- ------ -----    ------- ------ -----   ---- --  -------- -----------

   [No hits detected that satisfy reporting thresholds]


Domain annotation for each sequence (and alignments):

   [No targets detected that satisfy reporting thresholds]


Internal pipeline statistics summary:
-------------------------------------
Query model(s):                            1  (482 nodes)
Target sequences:                        416  (113719 residues searched)
Passed MSV filter:                        21  (0.0504808); expected 8.3 (0.02)
Passed bias filter:                       12  (0.0288462); expected 8.3 (0.02)
Passed Vit filter:                         2  (0.00480769); expected 0.4 (0.001)
Passed Fwd filter:                         0  (0); expected 0.0 (1e-05)
Initial search space (Z):                416  [actual number of targets]
Domain search space  (domZ):               0  [number of targets reported over threshold]
# CPU time: 0.00u 0.00s 00:00:00.00 Elapsed: 00:00:00.00
# Mc/sec: 13029.20
//
Query:       nifK-03292025  [M=490]
Scores for complete sequences (score includes all domains):
   --- full sequence ---   --- best 1 domain ---    -#dom-
    E-value  score  bias    E-value  score  bias    exp  N  Sequence Description
    ------- ------ -----    ------- ------ -----   ---- --  -------- -----------

   [No hits detected that satisfy reporting thresholds]


Domain annotation for each sequence (and alignments):

   [No targets detected that satisfy reporting thresholds]


Internal pipeline statistics summary:
-------------------------------------
Query model(s):                            1  (490 nodes)
Target sequences:                        416  (113719 residues searched)
Passed MSV filter:                        12  (0.0288462); expected 8.3 (0.02)
Passed bias filter:                        8  (0.0192308); expected 8.3 (0.02)
Passed Vit filter:                         0  (0); expected 0.4 (0.001)
Passed Fwd filter:                         0  (0); expected 0.0 (1e-05)
Initial search space (Z):                416  [actual number of targets]
Domain search space  (domZ):               0  [number of targets reported over threshold]
# CPU time: 0.00u 0.00s 00:00:00.00 Elapsed: 00:00:00.00
# Mc/sec: 15367.68
//
Query:       nifB-03292025  [M=505]
Scores for complete sequences (score includes all domains):
   --- full sequence ---   --- best 1 domain ---    -#dom-
    E-value  score  bias    E-value  score  bias    exp  N  Sequence Description
    ------- ------ -----    ------- ------ -----   ---- --  -------- -----------

   [No hits detected that satisfy reporting thresholds]


Domain annotation for each sequence (and alignments):

   [No targets detected that satisfy reporting thresholds]


Internal pipeline statistics summary:
-------------------------------------
Query model(s):                            1  (505 nodes)
Target sequences:                        416  (113719 residues searched)
Passed MSV filter:                        12  (0.0288462); expected 8.3 (0.02)
Passed bias filter:                        7  (0.0168269); expected 8.3 (0.02)
Passed Vit filter:                         1  (0.00240385); expected 0.4 (0.001)
Passed Fwd filter:                         0  (0); expected 0.0 (1e-05)
Initial search space (Z):                416  [actual number of targets]
Domain search space  (domZ):               0  [number of targets reported over threshold]
# CPU time: 0.01u 0.00s 00:00:00.01 Elapsed: 00:00:00.00
# Mc/sec: 14105.86
//
Query:       nifE-03292025  [M=556]
Scores for complete sequences (score includes all domains):
   --- full sequence ---   --- best 1 domain ---    -#dom-
    E-value  score  bias    E-value  score  bias    exp  N  Sequence Description
    ------- ------ -----    ------- ------ -----   ---- --  -------- -----------

   [No hits detected that satisfy reporting thresholds]


Domain annotation for each sequence (and alignments):

   [No targets detected that satisfy reporting thresholds]


Internal pipeline statistics summary:
-------------------------------------
Query model(s):                            1  (556 nodes)
Target sequences:                        416  (113719 residues searched)
Passed MSV filter:                        18  (0.0432692); expected 8.3 (0.02)
Passed bias filter:                       11  (0.0264423); expected 8.3 (0.02)
Passed Vit filter:                         2  (0.00480769); expected 0.4 (0.001)
Passed Fwd filter:                         0  (0); expected 0.0 (1e-05)
Initial search space (Z):                416  [actual number of targets]
Domain search space  (domZ):               0  [number of targets reported over threshold]
# CPU time: 0.01u 0.00s 00:00:00.01 Elapsed: 00:00:00.00
# Mc/sec: 10897.09
//
Query:       nifN-03292025  [M=700]
Scores for complete sequences (score includes all domains):
   --- full sequence ---   --- best 1 domain ---    -#dom-
    E-value  score  bias    E-value  score  bias    exp  N  Sequence Description
    ------- ------ -----    ------- ------ -----   ---- --  -------- -----------

   [No hits detected that satisfy reporting thresholds]


Domain annotation for each sequence (and alignments):

   [No targets detected that satisfy reporting thresholds]


Internal pipeline statistics summary:
-------------------------------------
Query model(s):                            1  (700 nodes)
Target sequences:                        416  (113719 residues searched)
Passed MSV filter:                        14  (0.0336538); expected 8.3 (0.02)
Passed bias filter:                       11  (0.0264423); expected 8.3 (0.02)
Passed Vit filter:                         1  (0.00240385); expected 0.4 (0.001)
Passed Fwd filter:                         0  (0); expected 0.0 (1e-05)
Initial search space (Z):                416  [actual number of targets]
Domain search space  (domZ):               0  [number of targets reported over threshold]
# CPU time: 0.01u 0.00s 00:00:00.01 Elapsed: 00:00:00.00
# Mc/sec: 13401.80
//
Query:       pchlide-04012025  [M=508]
Scores for complete sequences (score includes all domains):
   --- full sequence ---   --- best 1 domain ---    -#dom-
    E-value  score  bias    E-value  score  bias    exp  N  Sequence Description
    ------- ------ -----    ------- ------ -----   ---- --  -------- -----------

   [No hits detected that satisfy reporting thresholds]


Domain annotation for each sequence (and alignments):

   [No targets detected that satisfy reporting thresholds]


Internal pipeline statistics summary:
-------------------------------------
Query model(s):                            1  (508 nodes)
Target sequences:                        416  (113719 residues searched)
Passed MSV filter:                        13  (0.03125); expected 8.3 (0.02)
Passed bias filter:                       11  (0.0264423); expected 8.3 (0.02)
Passed Vit filter:                         0  (0); expected 0.4 (0.001)
Passed Fwd filter:                         0  (0); expected 0.0 (1e-05)
Initial search space (Z):                416  [actual number of targets]
Domain search space  (domZ):               0  [number of targets reported over threshold]
# CPU time: 0.01u 0.00s 00:00:00.01 Elapsed: 00:00:00.00
# Mc/sec: 15043.29
//
[ok]
# hmmsearch :: search profile(s) against a sequence database
# HMMER 3.4 (Aug 2023); http://hmmer.org/
# Copyright (C) 2023 Howard Hughes Medical Institute.
# Freely distributed under the BSD open source license.
# - - - - - - - - - - - - - - - - - - - - - - - - - - - - - - - - - - - -
# query HMM file:                  ../HMMs/nifV_07242025.hmm
# target sequence database:        ../all_rep_proteins_aa/bacteria/GB_GCA_002791475.1_protein.faa
# - - - - - - - - - - - - - - - - - - - - - - - - - - - - - - - - - - - -

Query:       nifV-07242025  [M=437]
Scores for complete sequences (score includes all domains):
   --- full sequence ---   --- best 1 domain ---    -#dom-
    E-value  score  bias    E-value  score  bias    exp  N  Sequence Description
    ------- ------ -----    ------- ------ -----   ---- --  -------- -----------

   [No hits detected that satisfy reporting thresholds]


Domain annotation for each sequence (and alignments):

   [No targets detected that satisfy reporting thresholds]


Internal pipeline statistics summary:
-------------------------------------
Query model(s):                            1  (437 nodes)
Target sequences:                        416  (113719 residues searched)
Passed MSV filter:                         6  (0.0144231); expected 8.3 (0.02)
Passed bias filter:                        3  (0.00721154); expected 8.3 (0.02)
Passed Vit filter:                         0  (0); expected 0.4 (0.001)
Passed Fwd filter:                         0  (0); expected 0.0 (1e-05)
Initial search space (Z):                416  [actual number of targets]
Domain search space  (domZ):               0  [number of targets reported over threshold]
# CPU time: 0.00u 0.00s 00:00:00.00 Elapsed: 00:00:00.00
# Mc/sec: 15766.80
//
[ok]
