# hmmsearch :: search profile(s) against a sequence database
# HMMER 3.4 (Aug 2023); http://hmmer.org/
# Copyright (C) 2023 Howard Hughes Medical Institute.
# Freely distributed under the BSD open source license.
# - - - - - - - - - - - - - - - - - - - - - - - - - - - - - - - - - - - -
# query HMM file:                  ../HMMs/combined_nif_04012025.hmm
# target sequence database:        ../all_rep_proteins_aa/bacteria/GB_GCA_022705905.1_protein.faa
# - - - - - - - - - - - - - - - - - - - - - - - - - - - - - - - - - - - -

Query:       nifH-03292025  [M=327]
Scores for complete sequences (score includes all domains):
   --- full sequence ---   --- best 1 domain ---    -#dom-
    E-value  score  bias    E-value  score  bias    exp  N  Sequence            Description
    ------- ------ -----    ------- ------ -----   ---- --  --------            -----------
    1.9e-11   39.4   0.0    3.7e-07   25.4   0.1    2.1  2  JAKJDO010000034.1_1  # 1 # 816 # 1 # ID=39_1;partial=10;start


Domain annotation for each sequence (and alignments):
>> JAKJDO010000034.1_1  # 1 # 816 # 1 # ID=39_1;partial=10;start_type=Edge;rbs_motif=None;rbs_spacer=None;gc_cont=0.370
   #    score  bias  c-Evalue  i-Evalue hmmfrom  hmm to    alifrom  ali to    envfrom  env to     acc
 ---   ------ ----- --------- --------- ------- -------    ------- -------    ------- -------    ----
   1 !   25.4   0.1   3.9e-10   3.7e-07      17      55 ..      25      63 ..      12      78 .. 0.90
   2 !   11.9   0.0   4.8e-06    0.0046     149     254 ..     155     265 ..     152     270 .. 0.79

  Alignments for each domain:
  == domain 1  score: 25.4 bits;  conditional E-value: 3.9e-10
        nifH-03292025 17 KGGiGKSttasnlsaalaeegkkvlivGCdPKaDstrll 55
                         KGG+GK tta nl a la  gk vl v  dP a +t+ +
  JAKJDO010000034.1_1 25 KGGVGKTTTAINLGAYLAYLGKDVLLVDIDPQANATSGI 63
                         9*********************************99866 PP

  == domain 2  score: 11.9 bits;  conditional E-value: 4.8e-06
        nifH-03292025 149 adevyivtsgemmalYaanniakgikkyaeeggvrlg..GlicNsrk..vdkeeelveefaeklgtqiia.fvprsnevqkaelekktvi 233
                          adev i + +e+ al     ++++i  ++++ + +lg  G +  + +   +  +++++e+ + +  +++   +prs  + +a   ++ ++
  JAKJDO010000034.1_1 155 ADEVLIPIQSEYFALEGLSQLLETIGLVQNNLKPELGikGAVITMFDnrNRLSTSVMNELYKYFPNRVFRsIIPRSVRLAEAPSFGRSIL 244
                          899999999**************99999999777765335444443300333567788888888888876257***************** PP

        nifH-03292025 234 eaapdseqakeyreLakkile 254
                          +++p+s+  ++y++La++ ++
  JAKJDO010000034.1_1 245 HYDPKSKGGRAYERLAREFID 265
                          ****************98765 PP



Internal pipeline statistics summary:
-------------------------------------
Query model(s):                            1  (327 nodes)
Target sequences:                        947  (278767 residues searched)
Passed MSV filter:                        65  (0.0686378); expected 18.9 (0.02)
Passed bias filter:                       35  (0.0369588); expected 18.9 (0.02)
Passed Vit filter:                         5  (0.00527983); expected 0.9 (0.001)
Passed Fwd filter:                         1  (0.00105597); expected 0.0 (1e-05)
Initial search space (Z):                947  [actual number of targets]
Domain search space  (domZ):               1  [number of targets reported over threshold]
# CPU time: 0.01u 0.00s 00:00:00.01 Elapsed: 00:00:00.01
# Mc/sec: 8481.10
//
Query:       nifD-03292025  [M=482]
Scores for complete sequences (score includes all domains):
   --- full sequence ---   --- best 1 domain ---    -#dom-
    E-value  score  bias    E-value  score  bias    exp  N  Sequence Description
    ------- ------ -----    ------- ------ -----   ---- --  -------- -----------

   [No hits detected that satisfy reporting thresholds]


Domain annotation for each sequence (and alignments):

   [No targets detected that satisfy reporting thresholds]


Internal pipeline statistics summary:
-------------------------------------
Query model(s):                            1  (482 nodes)
Target sequences:                        947  (278767 residues searched)
Passed MSV filter:                        73  (0.0770855); expected 18.9 (0.02)
Passed bias filter:                       39  (0.0411827); expected 18.9 (0.02)
Passed Vit filter:                         2  (0.00211193); expected 0.9 (0.001)
Passed Fwd filter:                         0  (0); expected 0.0 (1e-05)
Initial search space (Z):                947  [actual number of targets]
Domain search space  (domZ):               0  [number of targets reported over threshold]
# CPU time: 0.01u 0.00s 00:00:00.01 Elapsed: 00:00:00.00
# Mc/sec: 14605.48
//
Query:       nifK-03292025  [M=490]
Scores for complete sequences (score includes all domains):
   --- full sequence ---   --- best 1 domain ---    -#dom-
    E-value  score  bias    E-value  score  bias    exp  N  Sequence Description
    ------- ------ -----    ------- ------ -----   ---- --  -------- -----------

   [No hits detected that satisfy reporting thresholds]


Domain annotation for each sequence (and alignments):

   [No targets detected that satisfy reporting thresholds]


Internal pipeline statistics summary:
-------------------------------------
Query model(s):                            1  (490 nodes)
Target sequences:                        947  (278767 residues searched)
Passed MSV filter:                        26  (0.0274551); expected 18.9 (0.02)
Passed bias filter:                       22  (0.0232313); expected 18.9 (0.02)
Passed Vit filter:                         3  (0.0031679); expected 0.9 (0.001)
Passed Fwd filter:                         0  (0); expected 0.0 (1e-05)
Initial search space (Z):                947  [actual number of targets]
Domain search space  (domZ):               0  [number of targets reported over threshold]
# CPU time: 0.00u 0.00s 00:00:00.00 Elapsed: 00:00:00.00
# Mc/sec: 15436.98
//
Query:       nifB-03292025  [M=505]
Scores for complete sequences (score includes all domains):
   --- full sequence ---   --- best 1 domain ---    -#dom-
    E-value  score  bias    E-value  score  bias    exp  N  Sequence Description
    ------- ------ -----    ------- ------ -----   ---- --  -------- -----------

   [No hits detected that satisfy reporting thresholds]


Domain annotation for each sequence (and alignments):

   [No targets detected that satisfy reporting thresholds]


Internal pipeline statistics summary:
-------------------------------------
Query model(s):                            1  (505 nodes)
Target sequences:                        947  (278767 residues searched)
Passed MSV filter:                        54  (0.0570222); expected 18.9 (0.02)
Passed bias filter:                       32  (0.0337909); expected 18.9 (0.02)
Passed Vit filter:                         3  (0.0031679); expected 0.9 (0.001)
Passed Fwd filter:                         0  (0); expected 0.0 (1e-05)
Initial search space (Z):                947  [actual number of targets]
Domain search space  (domZ):               0  [number of targets reported over threshold]
# CPU time: 0.01u 0.00s 00:00:00.01 Elapsed: 00:00:00.00
# Mc/sec: 14363.30
//
Query:       nifE-03292025  [M=556]
Scores for complete sequences (score includes all domains):
   --- full sequence ---   --- best 1 domain ---    -#dom-
    E-value  score  bias    E-value  score  bias    exp  N  Sequence Description
    ------- ------ -----    ------- ------ -----   ---- --  -------- -----------

   [No hits detected that satisfy reporting thresholds]


Domain annotation for each sequence (and alignments):

   [No targets detected that satisfy reporting thresholds]


Internal pipeline statistics summary:
-------------------------------------
Query model(s):                            1  (556 nodes)
Target sequences:                        947  (278767 residues searched)
Passed MSV filter:                        61  (0.0644139); expected 18.9 (0.02)
Passed bias filter:                       32  (0.0337909); expected 18.9 (0.02)
Passed Vit filter:                         2  (0.00211193); expected 0.9 (0.001)
Passed Fwd filter:                         0  (0); expected 0.0 (1e-05)
Initial search space (Z):                947  [actual number of targets]
Domain search space  (domZ):               0  [number of targets reported over threshold]
# CPU time: 0.01u 0.00s 00:00:00.01 Elapsed: 00:00:00.00
# Mc/sec: 16112.00
//
Query:       nifN-03292025  [M=700]
Scores for complete sequences (score includes all domains):
   --- full sequence ---   --- best 1 domain ---    -#dom-
    E-value  score  bias    E-value  score  bias    exp  N  Sequence Description
    ------- ------ -----    ------- ------ -----   ---- --  -------- -----------

   [No hits detected that satisfy reporting thresholds]


Domain annotation for each sequence (and alignments):

   [No targets detected that satisfy reporting thresholds]


Internal pipeline statistics summary:
-------------------------------------
Query model(s):                            1  (700 nodes)
Target sequences:                        947  (278767 residues searched)
Passed MSV filter:                        42  (0.0443506); expected 18.9 (0.02)
Passed bias filter:                       20  (0.0211193); expected 18.9 (0.02)
Passed Vit filter:                         2  (0.00211193); expected 0.9 (0.001)
Passed Fwd filter:                         0  (0); expected 0.0 (1e-05)
Initial search space (Z):                947  [actual number of targets]
Domain search space  (domZ):               0  [number of targets reported over threshold]
# CPU time: 0.01u 0.00s 00:00:00.01 Elapsed: 00:00:00.01
# Mc/sec: 17953.55
//
Query:       pchlide-04012025  [M=508]
Scores for complete sequences (score includes all domains):
   --- full sequence ---   --- best 1 domain ---    -#dom-
    E-value  score  bias    E-value  score  bias    exp  N  Sequence Description
    ------- ------ -----    ------- ------ -----   ---- --  -------- -----------

   [No hits detected that satisfy reporting thresholds]


Domain annotation for each sequence (and alignments):

   [No targets detected that satisfy reporting thresholds]


Internal pipeline statistics summary:
-------------------------------------
Query model(s):                            1  (508 nodes)
Target sequences:                        947  (278767 residues searched)
Passed MSV filter:                        41  (0.0432946); expected 18.9 (0.02)
Passed bias filter:                       31  (0.032735); expected 18.9 (0.02)
Passed Vit filter:                         1  (0.00105597); expected 0.9 (0.001)
Passed Fwd filter:                         0  (0); expected 0.0 (1e-05)
Initial search space (Z):                947  [actual number of targets]
Domain search space  (domZ):               0  [number of targets reported over threshold]
# CPU time: 0.01u 0.00s 00:00:00.01 Elapsed: 00:00:00.00
# Mc/sec: 16601.88
//
[ok]
# hmmsearch :: search profile(s) against a sequence database
# HMMER 3.4 (Aug 2023); http://hmmer.org/
# Copyright (C) 2023 Howard Hughes Medical Institute.
# Freely distributed under the BSD open source license.
# - - - - - - - - - - - - - - - - - - - - - - - - - - - - - - - - - - - -
# query HMM file:                  ../HMMs/nifV_07242025.hmm
# target sequence database:        ../all_rep_proteins_aa/bacteria/GB_GCA_022705905.1_protein.faa
# - - - - - - - - - - - - - - - - - - - - - - - - - - - - - - - - - - - -

Query:       nifV-07242025  [M=437]
Scores for complete sequences (score includes all domains):
   --- full sequence ---   --- best 1 domain ---    -#dom-
    E-value  score  bias    E-value  score  bias    exp  N  Sequence Description
    ------- ------ -----    ------- ------ -----   ---- --  -------- -----------

   [No hits detected that satisfy reporting thresholds]


Domain annotation for each sequence (and alignments):

   [No targets detected that satisfy reporting thresholds]


Internal pipeline statistics summary:
-------------------------------------
Query model(s):                            1  (437 nodes)
Target sequences:                        947  (278767 residues searched)
Passed MSV filter:                        20  (0.0211193); expected 18.9 (0.02)
Passed bias filter:                       16  (0.0168955); expected 18.9 (0.02)
Passed Vit filter:                         1  (0.00105597); expected 0.9 (0.001)
Passed Fwd filter:                         0  (0); expected 0.0 (1e-05)
Initial search space (Z):                947  [actual number of targets]
Domain search space  (domZ):               0  [number of targets reported over threshold]
# CPU time: 0.01u 0.00s 00:00:00.01 Elapsed: 00:00:00.00
# Mc/sec: 16243.84
//
[ok]
