# hmmsearch :: search profile(s) against a sequence database
# HMMER 3.4 (Aug 2023); http://hmmer.org/
# Copyright (C) 2023 Howard Hughes Medical Institute.
# Freely distributed under the BSD open source license.
# - - - - - - - - - - - - - - - - - - - - - - - - - - - - - - - - - - - -
# query HMM file:                  ../HMMs/combined_nif_04012025.hmm
# target sequence database:        ../all_rep_proteins_aa/bacteria/GB_GCA_944326055.1_protein.faa
# - - - - - - - - - - - - - - - - - - - - - - - - - - - - - - - - - - - -

Query:       nifH-03292025  [M=327]
Scores for complete sequences (score includes all domains):
   --- full sequence ---   --- best 1 domain ---    -#dom-
    E-value  score  bias    E-value  score  bias    exp  N  Sequence             Description
    ------- ------ -----    ------- ------ -----   ---- --  --------             -----------
    7.8e-11   38.0   1.4      3e-06   22.9   0.2    2.1  2  CALVCT010000076.1_17  # 14171 # 14938 # 1 # ID=76_17;partial=
    3.4e-05   19.5   1.3    0.00056   15.5   0.6    2.1  2  CALVCT010000021.1_55  # 63962 # 64768 # 1 # ID=21_55;partial=
  ------ inclusion threshold ------
       0.65    5.4  11.4       0.11    8.0   0.0    3.4  4  CALVCT010000053.1_25  # 23178 # 25043 # 1 # ID=53_25;partial=


Domain annotation for each sequence (and alignments):
>> CALVCT010000076.1_17  # 14171 # 14938 # 1 # ID=76_17;partial=00;start_type=ATG;rbs_motif=AGxAGG/AGGxGG;rbs_spacer=5-1
   #    score  bias  c-Evalue  i-Evalue hmmfrom  hmm to    alifrom  ali to    envfrom  env to     acc
 ---   ------ ----- --------- --------- ------- -------    ------- -------    ------- -------    ----
   1 !   22.9   0.2   6.5e-09     3e-06      17      54 ..      11      48 ..       2      75 .. 0.87
   2 !   14.3   0.1   2.7e-06    0.0013     148     256 ..     141     254 ..     139     255 .. 0.83

  Alignments for each domain:
  == domain 1  score: 22.9 bits;  conditional E-value: 6.5e-09
         nifH-03292025 17 KGGiGKSttasnlsaalaeegkkvlivGCdPKaDstrl 54
                          KGG+GK tt+ nl+  la  +k+vl v  dP   +t+ 
  CALVCT010000076.1_17 11 KGGVGKTTTSINLASGLAYLNKRVLLVDFDPQGNATQG 48
                          9******************************9999975 PP

  == domain 2  score: 14.3 bits;  conditional E-value: 2.7e-06
         nifH-03292025 148 kadevyivtsgemmalYaanniakgikkyaee..ggvrlgGlicNsrkvdk..eeelveefaeklgtqii.afvprsnevqkaelekkt 231
                            ad+v+i + +e+ al  +  ++++i+ +++    + r+ G++  + + ++    e+ +e+ ++++ +   +++pr+ ++++a  ++k 
  CALVCT010000076.1_17 141 AADSVIIPVQCEYYALEGVTQLLQTIRLVQKLfnPDLRIEGVLLTMFDARTnlSVEVQQEVHRHFKEKAYrTYIPRNIKLSEAPSQGKS 229
                           5899999999999999999999999999988644778899998887655441156778888888887765268**************** PP

         nifH-03292025 232 vieaapdseqakeyreLakkilenk 256
                           + ++a +se a++y +L+k+++en+
  CALVCT010000076.1_17 230 IYDYAINSEGARAYVSLTKEVIENN 254
                           *********************9996 PP

>> CALVCT010000021.1_55  # 63962 # 64768 # 1 # ID=21_55;partial=00;start_type=ATG;rbs_motif=AGGAG;rbs_spacer=5-10bp;gc_c
   #    score  bias  c-Evalue  i-Evalue hmmfrom  hmm to    alifrom  ali to    envfrom  env to     acc
 ---   ------ ----- --------- --------- ------- -------    ------- -------    ------- -------    ----
   1 !   15.5   0.6   1.2e-06   0.00056      15      42 ..      37      64 ..      25      85 .. 0.87
   2 ?    2.6   0.0      0.01       4.7     203     241 ..     186     224 ..     177     237 .. 0.84

  Alignments for each domain:
  == domain 1  score: 15.5 bits;  conditional E-value: 1.2e-06
         nifH-03292025 15 YGKGGiGKSttasnlsaalaeegkkvli 42
                           GKGG+GKS ++  l+++la++g++v i
  CALVCT010000021.1_55 37 SGKGGVGKSMISGLLAVTLAKMGYQVGI 64
                          6***********************9965 PP

  == domain 2  score: 2.6 bits;  conditional E-value: 0.01
         nifH-03292025 203 efaeklgtqiiafvprsnevqkaelekktvieaapdseq 241
                           ++a++++t+i+  v++   v+  +++kk++i  ++ se+
  CALVCT010000021.1_55 186 NLAKATNTKILGIVENMAYVKCPDCKKKIMIYPEDASEA 224
                           6899***********************999987776665 PP

>> CALVCT010000053.1_25  # 23178 # 25043 # 1 # ID=53_25;partial=00;start_type=ATG;rbs_motif=None;rbs_spacer=None;gc_cont
   #    score  bias  c-Evalue  i-Evalue hmmfrom  hmm to    alifrom  ali to    envfrom  env to     acc
 ---   ------ ----- --------- --------- ------- -------    ------- -------    ------- -------    ----
   1 ?    8.0   0.0   0.00023      0.11       7      26 ..      26      45 ..      21      56 .. 0.84
   2 ?   -1.4   1.1      0.17        78     245     245 ..     243     243 ..      65     320 .. 0.55
   3 ?    4.1   0.0    0.0035       1.6       9      34 ..     347     372 ..     339     410 .. 0.86
   4 ?   -4.4   1.1       1.4   6.6e+02     252     252 ..     567     567 ..     527     616 .. 0.39

  Alignments for each domain:
  == domain 1  score: 8.0 bits;  conditional E-value: 0.00023
         nifH-03292025  7 kkmrkiAiYGKGGiGKStta 26
                          ++ +k+Ai GK G GKSt  
  CALVCT010000053.1_25 26 NENEKVAIIGKNGCGKSTLL 45
                          5679**************86 PP

  == domain 2  score: -1.4 bits;  conditional E-value: 0.17
         nifH-03292025 245 y 245
                           y
  CALVCT010000053.1_25 243 Y 243
                           0 PP

  == domain 3  score: 4.1 bits;  conditional E-value: 0.0035
         nifH-03292025   9 mrkiAiYGKGGiGKSttasnlsaala 34 
                            ++i+i G  G GKSt  + ++  l 
  CALVCT010000053.1_25 347 GQRICIMGDNGTGKSTLLKTIVDELP 372
                           589**************999988775 PP

  == domain 4  score: -4.4 bits;  conditional E-value: 1.4
         nifH-03292025 252 i 252
                           +
  CALVCT010000053.1_25 567 L 567
                           1 PP



Internal pipeline statistics summary:
-------------------------------------
Query model(s):                            1  (327 nodes)
Target sequences:                       1402  (424287 residues searched)
Passed MSV filter:                       106  (0.0756063); expected 28.0 (0.02)
Passed bias filter:                       76  (0.0542083); expected 28.0 (0.02)
Passed Vit filter:                        17  (0.0121255); expected 1.4 (0.001)
Passed Fwd filter:                         3  (0.0021398); expected 0.0 (1e-05)
Initial search space (Z):               1402  [actual number of targets]
Domain search space  (domZ):               3  [number of targets reported over threshold]
# CPU time: 0.02u 0.00s 00:00:00.02 Elapsed: 00:00:00.02
# Mc/sec: 4626.38
//
Query:       nifD-03292025  [M=482]
Scores for complete sequences (score includes all domains):
   --- full sequence ---   --- best 1 domain ---    -#dom-
    E-value  score  bias    E-value  score  bias    exp  N  Sequence Description
    ------- ------ -----    ------- ------ -----   ---- --  -------- -----------

   [No hits detected that satisfy reporting thresholds]


Domain annotation for each sequence (and alignments):

   [No targets detected that satisfy reporting thresholds]


Internal pipeline statistics summary:
-------------------------------------
Query model(s):                            1  (482 nodes)
Target sequences:                       1402  (424287 residues searched)
Passed MSV filter:                        98  (0.0699001); expected 28.0 (0.02)
Passed bias filter:                       54  (0.0385164); expected 28.0 (0.02)
Passed Vit filter:                         5  (0.00356633); expected 1.4 (0.001)
Passed Fwd filter:                         0  (0); expected 0.0 (1e-05)
Initial search space (Z):               1402  [actual number of targets]
Domain search space  (domZ):               0  [number of targets reported over threshold]
# CPU time: 0.02u 0.01s 00:00:00.03 Elapsed: 00:00:00.01
# Mc/sec: 18497.33
//
Query:       nifK-03292025  [M=490]
Scores for complete sequences (score includes all domains):
   --- full sequence ---   --- best 1 domain ---    -#dom-
    E-value  score  bias    E-value  score  bias    exp  N  Sequence Description
    ------- ------ -----    ------- ------ -----   ---- --  -------- -----------

   [No hits detected that satisfy reporting thresholds]


Domain annotation for each sequence (and alignments):

   [No targets detected that satisfy reporting thresholds]


Internal pipeline statistics summary:
-------------------------------------
Query model(s):                            1  (490 nodes)
Target sequences:                       1402  (424287 residues searched)
Passed MSV filter:                        58  (0.0413695); expected 28.0 (0.02)
Passed bias filter:                       32  (0.0228245); expected 28.0 (0.02)
Passed Vit filter:                         1  (0.000713267); expected 1.4 (0.001)
Passed Fwd filter:                         0  (0); expected 0.0 (1e-05)
Initial search space (Z):               1402  [actual number of targets]
Domain search space  (domZ):               0  [number of targets reported over threshold]
# CPU time: 0.01u 0.00s 00:00:00.01 Elapsed: 00:00:00.00
# Mc/sec: 22140.14
//
Query:       nifB-03292025  [M=505]
Scores for complete sequences (score includes all domains):
   --- full sequence ---   --- best 1 domain ---    -#dom-
    E-value  score  bias    E-value  score  bias    exp  N  Sequence Description
    ------- ------ -----    ------- ------ -----   ---- --  -------- -----------

   [No hits detected that satisfy reporting thresholds]


Domain annotation for each sequence (and alignments):

   [No targets detected that satisfy reporting thresholds]


Internal pipeline statistics summary:
-------------------------------------
Query model(s):                            1  (505 nodes)
Target sequences:                       1402  (424287 residues searched)
Passed MSV filter:                        44  (0.0313837); expected 28.0 (0.02)
Passed bias filter:                       33  (0.0235378); expected 28.0 (0.02)
Passed Vit filter:                         2  (0.00142653); expected 1.4 (0.001)
Passed Fwd filter:                         0  (0); expected 0.0 (1e-05)
Initial search space (Z):               1402  [actual number of targets]
Domain search space  (domZ):               0  [number of targets reported over threshold]
# CPU time: 0.01u 0.00s 00:00:00.01 Elapsed: 00:00:00.01
# Mc/sec: 16450.42
//
Query:       nifE-03292025  [M=556]
Scores for complete sequences (score includes all domains):
   --- full sequence ---   --- best 1 domain ---    -#dom-
    E-value  score  bias    E-value  score  bias    exp  N  Sequence             Description
    ------- ------ -----    ------- ------ -----   ---- --  --------             -----------
     0.0055   11.5   0.1     0.0098   10.7   0.1    1.3  1  CALVCT010000022.1_11  # 7345 # 10326 # -1 # ID=22_11;partial=


Domain annotation for each sequence (and alignments):
>> CALVCT010000022.1_11  # 7345 # 10326 # -1 # ID=22_11;partial=00;start_type=ATG;rbs_motif=None;rbs_spacer=None;gc_cont
   #    score  bias  c-Evalue  i-Evalue hmmfrom  hmm to    alifrom  ali to    envfrom  env to     acc
 ---   ------ ----- --------- --------- ------- -------    ------- -------    ------- -------    ----
   1 !   10.7   0.1     7e-06    0.0098     283     341 ..     381     439 ..     376     458 .. 0.88

  Alignments for each domain:
  == domain 1  score: 10.7 bits;  conditional E-value: 7e-06
         nifE-03292025 283 leeryGipyievsf.yGiedtskaLreiakllgdeelleraealiaeeearvekeleeyr 341
                            +eryG  ++   + yG   t++ Lr++a++l  e  ++    li +e+  ++++++e++
  CALVCT010000022.1_11 381 VKERYGKDHVAHILtYGTLKTKQVLRDVARVLSYEG-IDSLCRLIPSERMTLKEAFKEAK 439
                           689**********9******************7666.77888999999999999988765 PP



Internal pipeline statistics summary:
-------------------------------------
Query model(s):                            1  (556 nodes)
Target sequences:                       1402  (424287 residues searched)
Passed MSV filter:                        72  (0.0513552); expected 28.0 (0.02)
Passed bias filter:                       43  (0.0306705); expected 28.0 (0.02)
Passed Vit filter:                         5  (0.00356633); expected 1.4 (0.001)
Passed Fwd filter:                         1  (0.000713267); expected 0.0 (1e-05)
Initial search space (Z):               1402  [actual number of targets]
Domain search space  (domZ):               1  [number of targets reported over threshold]
# CPU time: 0.02u 0.00s 00:00:00.02 Elapsed: 00:00:00.01
# Mc/sec: 15683.61
//
Query:       nifN-03292025  [M=700]
Scores for complete sequences (score includes all domains):
   --- full sequence ---   --- best 1 domain ---    -#dom-
    E-value  score  bias    E-value  score  bias    exp  N  Sequence Description
    ------- ------ -----    ------- ------ -----   ---- --  -------- -----------

   [No hits detected that satisfy reporting thresholds]


Domain annotation for each sequence (and alignments):

   [No targets detected that satisfy reporting thresholds]


Internal pipeline statistics summary:
-------------------------------------
Query model(s):                            1  (700 nodes)
Target sequences:                       1402  (424287 residues searched)
Passed MSV filter:                        74  (0.0527817); expected 28.0 (0.02)
Passed bias filter:                       49  (0.0349501); expected 28.0 (0.02)
Passed Vit filter:                         2  (0.00142653); expected 1.4 (0.001)
Passed Fwd filter:                         0  (0); expected 0.0 (1e-05)
Initial search space (Z):               1402  [actual number of targets]
Domain search space  (domZ):               0  [number of targets reported over threshold]
# CPU time: 0.01u 0.00s 00:00:00.01 Elapsed: 00:00:00.01
# Mc/sec: 23367.65
//
Query:       pchlide-04012025  [M=508]
Scores for complete sequences (score includes all domains):
   --- full sequence ---   --- best 1 domain ---    -#dom-
    E-value  score  bias    E-value  score  bias    exp  N  Sequence Description
    ------- ------ -----    ------- ------ -----   ---- --  -------- -----------

   [No hits detected that satisfy reporting thresholds]


Domain annotation for each sequence (and alignments):

   [No targets detected that satisfy reporting thresholds]


Internal pipeline statistics summary:
-------------------------------------
Query model(s):                            1  (508 nodes)
Target sequences:                       1402  (424287 residues searched)
Passed MSV filter:                        65  (0.0463623); expected 28.0 (0.02)
Passed bias filter:                       50  (0.0356633); expected 28.0 (0.02)
Passed Vit filter:                         5  (0.00356633); expected 1.4 (0.001)
Passed Fwd filter:                         0  (0); expected 0.0 (1e-05)
Initial search space (Z):               1402  [actual number of targets]
Domain search space  (domZ):               0  [number of targets reported over threshold]
# CPU time: 0.01u 0.00s 00:00:00.01 Elapsed: 00:00:00.01
# Mc/sec: 15424.72
//
[ok]
# hmmsearch :: search profile(s) against a sequence database
# HMMER 3.4 (Aug 2023); http://hmmer.org/
# Copyright (C) 2023 Howard Hughes Medical Institute.
# Freely distributed under the BSD open source license.
# - - - - - - - - - - - - - - - - - - - - - - - - - - - - - - - - - - - -
# query HMM file:                  ../HMMs/nifV_07242025.hmm
# target sequence database:        ../all_rep_proteins_aa/bacteria/GB_GCA_944326055.1_protein.faa
# - - - - - - - - - - - - - - - - - - - - - - - - - - - - - - - - - - - -

Query:       nifV-07242025  [M=437]
Scores for complete sequences (score includes all domains):
   --- full sequence ---   --- best 1 domain ---    -#dom-
    E-value  score  bias    E-value  score  bias    exp  N  Sequence Description
    ------- ------ -----    ------- ------ -----   ---- --  -------- -----------

   [No hits detected that satisfy reporting thresholds]


Domain annotation for each sequence (and alignments):

   [No targets detected that satisfy reporting thresholds]


Internal pipeline statistics summary:
-------------------------------------
Query model(s):                            1  (437 nodes)
Target sequences:                       1402  (424287 residues searched)
Passed MSV filter:                        29  (0.0206847); expected 28.0 (0.02)
Passed bias filter:                       22  (0.0156919); expected 28.0 (0.02)
Passed Vit filter:                         0  (0); expected 1.4 (0.001)
Passed Fwd filter:                         0  (0); expected 0.0 (1e-05)
Initial search space (Z):               1402  [actual number of targets]
Domain search space  (domZ):               0  [number of targets reported over threshold]
# CPU time: 0.01u 0.00s 00:00:00.01 Elapsed: 00:00:00.00
# Mc/sec: 27512.57
//
[ok]
