# hmmsearch :: search profile(s) against a sequence database
# HMMER 3.4 (Aug 2023); http://hmmer.org/
# Copyright (C) 2023 Howard Hughes Medical Institute.
# Freely distributed under the BSD open source license.
# - - - - - - - - - - - - - - - - - - - - - - - - - - - - - - - - - - - -
# query HMM file:                  ../HMMs/combined_nif_04012025.hmm
# target sequence database:        ../all_rep_proteins_aa/bacteria/GB_GCA_021814445.1_protein.faa
# - - - - - - - - - - - - - - - - - - - - - - - - - - - - - - - - - - - -

Query:       nifH-03292025  [M=327]
Scores for complete sequences (score includes all domains):
   --- full sequence ---   --- best 1 domain ---    -#dom-
    E-value  score  bias    E-value  score  bias    exp  N  Sequence             Description
    ------- ------ -----    ------- ------ -----   ---- --  --------             -----------
    2.9e-12   41.8   0.0    1.9e-08   29.3   0.0    2.2  2  JAKAIF010000001.1_42  # 44499 # 45275 # 1 # ID=39_42;partial=


Domain annotation for each sequence (and alignments):
>> JAKAIF010000001.1_42  # 44499 # 45275 # 1 # ID=39_42;partial=00;start_type=ATG;rbs_motif=None;rbs_spacer=None;gc_cont
   #    score  bias  c-Evalue  i-Evalue hmmfrom  hmm to    alifrom  ali to    envfrom  env to     acc
 ---   ------ ----- --------- --------- ------- -------    ------- -------    ------- -------    ----
   1 !   29.3   0.0   2.6e-11   1.9e-08      17      54 ..      11      48 ..       2      90 .. 0.88
   2 !   10.5   0.0   1.3e-05    0.0095     149     256 ..     141     253 ..     139     257 .. 0.75

  Alignments for each domain:
  == domain 1  score: 29.3 bits;  conditional E-value: 2.6e-11
         nifH-03292025 17 KGGiGKSttasnlsaalaeegkkvlivGCdPKaDstrl 54
                          KGG+GK tt+ nl+a la++g++vl +  dP a +++ 
  JAKAIF010000001.1_42 11 KGGVGKTTTSVNLAAYLASMGRRVLLIDFDPQANASSG 48
                          9*******************************987665 PP

  == domain 2  score: 10.5 bits;  conditional E-value: 1.3e-05
         nifH-03292025 149 adevyivtsgemmalYaanniakgikkyaee..ggvrlgGlic...Nsrkvdkeeelveefaeklgtqiia.fvprsnevqkaelekkt 231
                           adev i + +e+ +l     ++ +i  ++++   +v++ G +    N+r+ +  +e+ +e+ +++  ++++ ++pr   + +a    k 
  JAKAIF010000001.1_42 141 ADEVLIPIQAEYYSLEGLGQLLGTIDLINKNlnARVKVCGALLtmyNKRE-TLSREVAKEVRRHFPYHVFEsEIPRAIALAEAPSFAKP 228
                           78899999999999999999999998888883344555554430113333.33566777777777777775369999999999999*** PP

         nifH-03292025 232 vieaapdseqakeyreLakkilenk 256
                           v+ ++p+s+ a++y+ La+++++++
  JAKAIF010000001.1_42 229 VVLFDPHSSGARAYELLAREVIAQE 253
                           ********************99876 PP



Internal pipeline statistics summary:
-------------------------------------
Query model(s):                            1  (327 nodes)
Target sequences:                        739  (203005 residues searched)
Passed MSV filter:                        48  (0.0649526); expected 14.8 (0.02)
Passed bias filter:                       35  (0.0473613); expected 14.8 (0.02)
Passed Vit filter:                         9  (0.0121786); expected 0.7 (0.001)
Passed Fwd filter:                         1  (0.00135318); expected 0.0 (1e-05)
Initial search space (Z):                739  [actual number of targets]
Domain search space  (domZ):               1  [number of targets reported over threshold]
# CPU time: 0.01u 0.00s 00:00:00.01 Elapsed: 00:00:00.01
# Mc/sec: 5846.94
//
Query:       nifD-03292025  [M=482]
Scores for complete sequences (score includes all domains):
   --- full sequence ---   --- best 1 domain ---    -#dom-
    E-value  score  bias    E-value  score  bias    exp  N  Sequence Description
    ------- ------ -----    ------- ------ -----   ---- --  -------- -----------

   [No hits detected that satisfy reporting thresholds]


Domain annotation for each sequence (and alignments):

   [No targets detected that satisfy reporting thresholds]


Internal pipeline statistics summary:
-------------------------------------
Query model(s):                            1  (482 nodes)
Target sequences:                        739  (203005 residues searched)
Passed MSV filter:                        40  (0.0541272); expected 14.8 (0.02)
Passed bias filter:                       28  (0.037889); expected 14.8 (0.02)
Passed Vit filter:                         4  (0.00541272); expected 0.7 (0.001)
Passed Fwd filter:                         0  (0); expected 0.0 (1e-05)
Initial search space (Z):                739  [actual number of targets]
Domain search space  (domZ):               0  [number of targets reported over threshold]
# CPU time: 0.01u 0.00s 00:00:00.01 Elapsed: 00:00:00.01
# Mc/sec: 9530.85
//
Query:       nifK-03292025  [M=490]
Scores for complete sequences (score includes all domains):
   --- full sequence ---   --- best 1 domain ---    -#dom-
    E-value  score  bias    E-value  score  bias    exp  N  Sequence Description
    ------- ------ -----    ------- ------ -----   ---- --  -------- -----------

   [No hits detected that satisfy reporting thresholds]


Domain annotation for each sequence (and alignments):

   [No targets detected that satisfy reporting thresholds]


Internal pipeline statistics summary:
-------------------------------------
Query model(s):                            1  (490 nodes)
Target sequences:                        739  (203005 residues searched)
Passed MSV filter:                        20  (0.0270636); expected 14.8 (0.02)
Passed bias filter:                       10  (0.0135318); expected 14.8 (0.02)
Passed Vit filter:                         2  (0.00270636); expected 0.7 (0.001)
Passed Fwd filter:                         0  (0); expected 0.0 (1e-05)
Initial search space (Z):                739  [actual number of targets]
Domain search space  (domZ):               0  [number of targets reported over threshold]
# CPU time: 0.01u 0.00s 00:00:00.01 Elapsed: 00:00:00.00
# Mc/sec: 14353.05
//
Query:       nifB-03292025  [M=505]
Scores for complete sequences (score includes all domains):
   --- full sequence ---   --- best 1 domain ---    -#dom-
    E-value  score  bias    E-value  score  bias    exp  N  Sequence Description
    ------- ------ -----    ------- ------ -----   ---- --  -------- -----------

   [No hits detected that satisfy reporting thresholds]


Domain annotation for each sequence (and alignments):

   [No targets detected that satisfy reporting thresholds]


Internal pipeline statistics summary:
-------------------------------------
Query model(s):                            1  (505 nodes)
Target sequences:                        739  (203005 residues searched)
Passed MSV filter:                        18  (0.0243572); expected 14.8 (0.02)
Passed bias filter:                       13  (0.0175913); expected 14.8 (0.02)
Passed Vit filter:                         2  (0.00270636); expected 0.7 (0.001)
Passed Fwd filter:                         0  (0); expected 0.0 (1e-05)
Initial search space (Z):                739  [actual number of targets]
Domain search space  (domZ):               0  [number of targets reported over threshold]
# CPU time: 0.01u 0.00s 00:00:00.01 Elapsed: 00:00:00.00
# Mc/sec: 15815.19
//
Query:       nifE-03292025  [M=556]
Scores for complete sequences (score includes all domains):
   --- full sequence ---   --- best 1 domain ---    -#dom-
    E-value  score  bias    E-value  score  bias    exp  N  Sequence Description
    ------- ------ -----    ------- ------ -----   ---- --  -------- -----------

   [No hits detected that satisfy reporting thresholds]


Domain annotation for each sequence (and alignments):

   [No targets detected that satisfy reporting thresholds]


Internal pipeline statistics summary:
-------------------------------------
Query model(s):                            1  (556 nodes)
Target sequences:                        739  (203005 residues searched)
Passed MSV filter:                        40  (0.0541272); expected 14.8 (0.02)
Passed bias filter:                       30  (0.0405954); expected 14.8 (0.02)
Passed Vit filter:                         4  (0.00541272); expected 0.7 (0.001)
Passed Fwd filter:                         0  (0); expected 0.0 (1e-05)
Initial search space (Z):                739  [actual number of targets]
Domain search space  (domZ):               0  [number of targets reported over threshold]
# CPU time: 0.01u 0.00s 00:00:00.01 Elapsed: 00:00:00.01
# Mc/sec: 11076.98
//
Query:       nifN-03292025  [M=700]
Scores for complete sequences (score includes all domains):
   --- full sequence ---   --- best 1 domain ---    -#dom-
    E-value  score  bias    E-value  score  bias    exp  N  Sequence Description
    ------- ------ -----    ------- ------ -----   ---- --  -------- -----------

   [No hits detected that satisfy reporting thresholds]


Domain annotation for each sequence (and alignments):

   [No targets detected that satisfy reporting thresholds]


Internal pipeline statistics summary:
-------------------------------------
Query model(s):                            1  (700 nodes)
Target sequences:                        739  (203005 residues searched)
Passed MSV filter:                        27  (0.0365359); expected 14.8 (0.02)
Passed bias filter:                       16  (0.0216509); expected 14.8 (0.02)
Passed Vit filter:                         1  (0.00135318); expected 0.7 (0.001)
Passed Fwd filter:                         0  (0); expected 0.0 (1e-05)
Initial search space (Z):                739  [actual number of targets]
Domain search space  (domZ):               0  [number of targets reported over threshold]
# CPU time: 0.01u 0.00s 00:00:00.01 Elapsed: 00:00:00.00
# Mc/sec: 16177.13
//
Query:       pchlide-04012025  [M=508]
Scores for complete sequences (score includes all domains):
   --- full sequence ---   --- best 1 domain ---    -#dom-
    E-value  score  bias    E-value  score  bias    exp  N  Sequence Description
    ------- ------ -----    ------- ------ -----   ---- --  -------- -----------

   [No hits detected that satisfy reporting thresholds]


Domain annotation for each sequence (and alignments):

   [No targets detected that satisfy reporting thresholds]


Internal pipeline statistics summary:
-------------------------------------
Query model(s):                            1  (508 nodes)
Target sequences:                        739  (203005 residues searched)
Passed MSV filter:                        23  (0.0311231); expected 14.8 (0.02)
Passed bias filter:                       16  (0.0216509); expected 14.8 (0.02)
Passed Vit filter:                         2  (0.00270636); expected 0.7 (0.001)
Passed Fwd filter:                         0  (0); expected 0.0 (1e-05)
Initial search space (Z):                739  [actual number of targets]
Domain search space  (domZ):               0  [number of targets reported over threshold]
# CPU time: 0.01u 0.00s 00:00:00.01 Elapsed: 00:00:00.00
# Mc/sec: 13670.98
//
[ok]
# hmmsearch :: search profile(s) against a sequence database
# HMMER 3.4 (Aug 2023); http://hmmer.org/
# Copyright (C) 2023 Howard Hughes Medical Institute.
# Freely distributed under the BSD open source license.
# - - - - - - - - - - - - - - - - - - - - - - - - - - - - - - - - - - - -
# query HMM file:                  ../HMMs/nifV_07242025.hmm
# target sequence database:        ../all_rep_proteins_aa/bacteria/GB_GCA_021814445.1_protein.faa
# - - - - - - - - - - - - - - - - - - - - - - - - - - - - - - - - - - - -

Query:       nifV-07242025  [M=437]
Scores for complete sequences (score includes all domains):
   --- full sequence ---   --- best 1 domain ---    -#dom-
    E-value  score  bias    E-value  score  bias    exp  N  Sequence Description
    ------- ------ -----    ------- ------ -----   ---- --  -------- -----------

   [No hits detected that satisfy reporting thresholds]


Domain annotation for each sequence (and alignments):

   [No targets detected that satisfy reporting thresholds]


Internal pipeline statistics summary:
-------------------------------------
Query model(s):                            1  (437 nodes)
Target sequences:                        739  (203005 residues searched)
Passed MSV filter:                        26  (0.0351827); expected 14.8 (0.02)
Passed bias filter:                       17  (0.0230041); expected 14.8 (0.02)
Passed Vit filter:                         1  (0.00135318); expected 0.7 (0.001)
Passed Fwd filter:                         0  (0); expected 0.0 (1e-05)
Initial search space (Z):                739  [actual number of targets]
Domain search space  (domZ):               0  [number of targets reported over threshold]
# CPU time: 0.00u 0.00s 00:00:00.00 Elapsed: 00:00:00.00
# Mc/sec: 14214.29
//
[ok]
