# hmmsearch :: search profile(s) against a sequence database
# HMMER 3.4 (Aug 2023); http://hmmer.org/
# Copyright (C) 2023 Howard Hughes Medical Institute.
# Freely distributed under the BSD open source license.
# - - - - - - - - - - - - - - - - - - - - - - - - - - - - - - - - - - - -
# query HMM file:                  ../HMMs/combined_nif_04012025.hmm
# target sequence database:        ../all_rep_proteins_aa/bacteria/GB_GCA_027490305.1_protein.faa
# - - - - - - - - - - - - - - - - - - - - - - - - - - - - - - - - - - - -

Query:       nifH-03292025  [M=327]
Scores for complete sequences (score includes all domains):
   --- full sequence ---   --- best 1 domain ---    -#dom-
    E-value  score  bias    E-value  score  bias    exp  N  Sequence             Description
    ------- ------ -----    ------- ------ -----   ---- --  --------             -----------
    1.1e-12   45.3   2.2    2.1e-06   24.6   0.1    2.1  2  JAIXYI010000018.1_59  # 64851 # 65627 # 1 # ID=29_59;partial=
    1.5e-06   25.1   1.4    2.7e-06   24.2   0.1    2.0  3  JAIXYI010000006.1_86  # 101695 # 102630 # 1 # ID=4_86;partial
  ------ inclusion threshold ------
      0.023   11.3   0.0      0.046   10.3   0.0    1.4  1  JAIXYI010000050.1_36  # 44289 # 46634 # -1 # ID=57_36;partial
      0.042   10.4   9.3       0.28    7.8   0.1    3.2  4  JAIXYI010000039.1_6   # 5748 # 7385 # -1 # ID=21_6;partial=00


Domain annotation for each sequence (and alignments):
>> JAIXYI010000018.1_59  # 64851 # 65627 # 1 # ID=29_59;partial=00;start_type=ATG;rbs_motif=AAA;rbs_spacer=15bp;gc_cont=
   #    score  bias  c-Evalue  i-Evalue hmmfrom  hmm to    alifrom  ali to    envfrom  env to     acc
 ---   ------ ----- --------- --------- ------- -------    ------- -------    ------- -------    ----
   1 !   24.6   0.1   2.7e-09   2.1e-06      17      53 ..      11      47 ..       2      74 .. 0.91
   2 !   20.7   0.2   4.3e-08   3.3e-05     148     257 ..     140     254 ..     138     258 .. 0.80

  Alignments for each domain:
  == domain 1  score: 24.6 bits;  conditional E-value: 2.7e-09
         nifH-03292025 17 KGGiGKSttasnlsaalaeegkkvlivGCdPKaDstr 53
                          KGG+GK tt+ nl+a l   +kkvl +  dP a +++
  JAIXYI010000018.1_59 11 KGGVGKTTTSVNLAASLGVLEKKVLLIDADPQANASS 47
                          9*******************************98765 PP

  == domain 2  score: 20.7 bits;  conditional E-value: 4.3e-08
         nifH-03292025 148 kadevyivtsgemmalYaanniakgikkyaee..ggvrlgGlicNsrk..vdkeeelveefaeklgtqiiaf.vprsnevqkaelekkt 231
                            ad+v+i + +e+ al     ++++ik++++    +  + Gl+  + +   +  +++vee+ ++++  ++++ ++r+ ++++a   ++ 
  JAIXYI010000018.1_59 140 AADSVVIPIQCEYFALEGLGKLLNTIKSVQKIhnPELDIEGLLLTMYDsrLRLSNQVVEEVQKHFNDMVFNTiIQRNVKLSEAPSYGES 228
                           58889999999999998888777777777765225667789988776511567899*********99998762578889********** PP

         nifH-03292025 232 vieaapdseqakeyreLakkilenkk 257
                           +i+++ +s+ a++y +La++i+++++
  JAIXYI010000018.1_59 229 IINFDATSKGASNYLSLAQEIIKKNS 254
                           *********************98765 PP

>> JAIXYI010000006.1_86  # 101695 # 102630 # 1 # ID=4_86;partial=01;start_type=ATG;rbs_motif=AAAA;rbs_spacer=6bp;gc_cont
   #    score  bias  c-Evalue  i-Evalue hmmfrom  hmm to    alifrom  ali to    envfrom  env to     acc
 ---   ------ ----- --------- --------- ------- -------    ------- -------    ------- -------    ----
   1 ?   -2.5   0.1      0.46   3.5e+02     201     236 ..      25      60 ..      12      70 .. 0.75
   2 !   24.2   0.1   3.6e-09   2.7e-06      16      41 ..      98     123 ..      88     166 .. 0.87
   3 ?   -2.0   0.0      0.34   2.6e+02     170     194 ..     244     269 ..     231     310 .. 0.80

  Alignments for each domain:
  == domain 1  score: -2.5 bits;  conditional E-value: 0.46
         nifH-03292025 201 veefaeklgtqiiafvprsnevqkaelekktvieaa 236
                           v +f +++ ++++   p  ++ ++ae++ + vi+ +
  JAIXYI010000006.1_86  25 VLTFGDEVVVEVVLSTPALHIRKRAEVDIMKVIHEK 60 
                           567888888888888888888888998888888765 PP

  == domain 2  score: 24.2 bits;  conditional E-value: 3.6e-09
         nifH-03292025  16 GKGGiGKSttasnlsaalaeegkkvl 41 
                           GKGG+GKSt+++nl+++la++g +v 
  JAIXYI010000006.1_86  98 GKGGVGKSTVTANLAVTLAKMGFRVG 123
                           **********************9985 PP

  == domain 3  score: -2.0 bits;  conditional E-value: 0.34
         nifH-03292025 170 akgikkyaee.ggvrlgGlicNsrkv 194
                            kg+  +++e  +v + G+i N+   
  JAIXYI010000006.1_86 244 KKGVGMFQSEsINVPVLGIIENMAYF 269
                           57787777665788999999998654 PP

>> JAIXYI010000050.1_36  # 44289 # 46634 # -1 # ID=57_36;partial=00;start_type=ATG;rbs_motif=AAAA;rbs_spacer=7bp;gc_cont
   #    score  bias  c-Evalue  i-Evalue hmmfrom  hmm to    alifrom  ali to    envfrom  env to     acc
 ---   ------ ----- --------- --------- ------- -------    ------- -------    ------- -------    ----
   1 ?   10.3   0.0     6e-05     0.046      19      46 ..     577     604 ..     576     623 .. 0.90

  Alignments for each domain:
  == domain 1  score: 10.3 bits;  conditional E-value: 6e-05
         nifH-03292025  19 GiGKSttasnlsaalaeegkkvlivGCd 46 
                           G GK  ++snl+ ++a++gkkv+ vG d
  JAIXYI010000050.1_36 577 GEGKTFVSSNLAITIASMGKKVILVGAD 604
                           669***********************98 PP

>> JAIXYI010000039.1_6  # 5748 # 7385 # -1 # ID=21_6;partial=00;start_type=ATG;rbs_motif=AAA;rbs_spacer=7bp;gc_cont=0.51
   #    score  bias  c-Evalue  i-Evalue hmmfrom  hmm to    alifrom  ali to    envfrom  env to     acc
 ---   ------ ----- --------- --------- ------- -------    ------- -------    ------- -------    ----
   1 ?    7.4   0.0   0.00047      0.36       7      26 ..      25      44 ..      19      52 .. 0.83
   2 ?   -1.4   0.1      0.22   1.7e+02     240     286 ..      87     135 ..      71     160 .. 0.57
   3 ?   -2.1   0.2      0.37   2.8e+02     235     281 ..     253     305 ..     214     317 .. 0.58
   4 ?    7.8   0.1   0.00036      0.28       7      33 ..     351     377 ..     345     387 .. 0.79

  Alignments for each domain:
  == domain 1  score: 7.4 bits;  conditional E-value: 0.00047
        nifH-03292025  7 kkmrkiAiYGKGGiGKStta 26
                         ++  kiA+ GK G GKSt  
  JAIXYI010000039.1_6 25 NENDKIALMGKNGAGKSTLL 44
                         5678**************86 PP

  == domain 2  score: -1.4 bits;  conditional E-value: 0.22
        nifH-03292025 240 eqakeyreLakki.lenkklvipkplseeeleellaelglleee.devg 286
                          ++ +++ ++  +i + n++l+i++  ++++  +l++++  l+e+  +++
  JAIXYI010000039.1_6  87 KAFATIFQMKAEIdQINEQLTIRTDYESDDYMKLIEKVSELSEKfYSIE 135
                          3333444444444134677788888888888888877743333312222 PP

  == domain 3  score: -2.1 bits;  conditional E-value: 0.37
        nifH-03292025 235 aapdseqakeyreLakkilenk......klvipkplseeeleellaelgllee 281
                          ++ + +q+k+y+e  k+i+e++      k +  k l+ ++  ++l++l+l+e 
  JAIXYI010000039.1_6 253 KERRAHQMKAYEEQQKMIAETTefierfKGTYSKTLQVQSRVKMLEKLELVEV 305
                          44455555566665555555553333334444445555555555555555544 PP

  == domain 4  score: 7.8 bits;  conditional E-value: 0.00036
        nifH-03292025   7 kkmrkiAiYGKGGiGKSttasnlsaal 33 
                          ++ +k+A+ GK G GKSt+ + ++  +
  JAIXYI010000039.1_6 351 ERGQKVAFVGKNGEGKSTMIKAIMNEI 377
                          45689**************99887766 PP



Internal pipeline statistics summary:
-------------------------------------
Query model(s):                            1  (327 nodes)
Target sequences:                       3058  (1057850 residues searched)
Passed MSV filter:                       128  (0.0418574); expected 61.2 (0.02)
Passed bias filter:                      106  (0.0346632); expected 61.2 (0.02)
Passed Vit filter:                        10  (0.00327011); expected 3.1 (0.001)
Passed Fwd filter:                         4  (0.00130804); expected 0.0 (1e-05)
Initial search space (Z):               3058  [actual number of targets]
Domain search space  (domZ):               4  [number of targets reported over threshold]
# CPU time: 0.03u 0.00s 00:00:00.03 Elapsed: 00:00:00.02
# Mc/sec: 14992.20
//
Query:       nifD-03292025  [M=482]
Scores for complete sequences (score includes all domains):
   --- full sequence ---   --- best 1 domain ---    -#dom-
    E-value  score  bias    E-value  score  bias    exp  N  Sequence Description
    ------- ------ -----    ------- ------ -----   ---- --  -------- -----------

   [No hits detected that satisfy reporting thresholds]


Domain annotation for each sequence (and alignments):

   [No targets detected that satisfy reporting thresholds]


Internal pipeline statistics summary:
-------------------------------------
Query model(s):                            1  (482 nodes)
Target sequences:                       3058  (1057850 residues searched)
Passed MSV filter:                       116  (0.0379333); expected 61.2 (0.02)
Passed bias filter:                       85  (0.0277959); expected 61.2 (0.02)
Passed Vit filter:                         7  (0.00228908); expected 3.1 (0.001)
Passed Fwd filter:                         0  (0); expected 0.0 (1e-05)
Initial search space (Z):               3058  [actual number of targets]
Domain search space  (domZ):               0  [number of targets reported over threshold]
# CPU time: 0.03u 0.00s 00:00:00.03 Elapsed: 00:00:00.01
# Mc/sec: 25502.27
//
Query:       nifK-03292025  [M=490]
Scores for complete sequences (score includes all domains):
   --- full sequence ---   --- best 1 domain ---    -#dom-
    E-value  score  bias    E-value  score  bias    exp  N  Sequence Description
    ------- ------ -----    ------- ------ -----   ---- --  -------- -----------

   [No hits detected that satisfy reporting thresholds]


Domain annotation for each sequence (and alignments):

   [No targets detected that satisfy reporting thresholds]


Internal pipeline statistics summary:
-------------------------------------
Query model(s):                            1  (490 nodes)
Target sequences:                       3058  (1057850 residues searched)
Passed MSV filter:                        82  (0.0268149); expected 61.2 (0.02)
Passed bias filter:                       68  (0.0222368); expected 61.2 (0.02)
Passed Vit filter:                         3  (0.000981033); expected 3.1 (0.001)
Passed Fwd filter:                         0  (0); expected 0.0 (1e-05)
Initial search space (Z):               3058  [actual number of targets]
Domain search space  (domZ):               0  [number of targets reported over threshold]
# CPU time: 0.03u 0.01s 00:00:00.04 Elapsed: 00:00:00.01
# Mc/sec: 31317.28
//
Query:       nifB-03292025  [M=505]
Scores for complete sequences (score includes all domains):
   --- full sequence ---   --- best 1 domain ---    -#dom-
    E-value  score  bias    E-value  score  bias    exp  N  Sequence              Description
    ------- ------ -----    ------- ------ -----   ---- --  --------              -----------
     0.0034   13.3   0.0     0.0048   12.8   0.0    1.2  1  JAIXYI010000015.1_104  # 111132 # 112208 # 1 # ID=65_104;part


Domain annotation for each sequence (and alignments):
>> JAIXYI010000015.1_104  # 111132 # 112208 # 1 # ID=65_104;partial=00;start_type=ATG;rbs_motif=AAAA;rbs_spacer=4bp;gc_c
   #    score  bias  c-Evalue  i-Evalue hmmfrom  hmm to    alifrom  ali to    envfrom  env to     acc
 ---   ------ ----- --------- --------- ------- -------    ------- -------    ------- -------    ----
   1 !   12.8   0.0   1.6e-06    0.0048     226     273 ..     213     261 ..     196     310 .. 0.74

  Alignments for each domain:
  == domain 1  score: 12.8 bits;  conditional E-value: 1.6e-06
          nifB-03292025 226 lerQlegleklaergvlvKvNsv.lipgvNdehlvevakkvkekgaflh 273
                            +++ l ++++l+e+gv v v    lipg+N +++  +ak+  + ga+  
  JAIXYI010000015.1_104 213 IQKRLDTVRMLSEAGVPVNVMMApLIPGINSHEVLPLAKAAADAGAVSV 261
                            68999***********999875449*******************99744 PP



Internal pipeline statistics summary:
-------------------------------------
Query model(s):                            1  (505 nodes)
Target sequences:                       3058  (1057850 residues searched)
Passed MSV filter:                        85  (0.0277959); expected 61.2 (0.02)
Passed bias filter:                       65  (0.0212557); expected 61.2 (0.02)
Passed Vit filter:                         8  (0.00261609); expected 3.1 (0.001)
Passed Fwd filter:                         1  (0.000327011); expected 0.0 (1e-05)
Initial search space (Z):               3058  [actual number of targets]
Domain search space  (domZ):               1  [number of targets reported over threshold]
# CPU time: 0.03u 0.00s 00:00:00.03 Elapsed: 00:00:00.01
# Mc/sec: 28084.47
//
Query:       nifE-03292025  [M=556]
Scores for complete sequences (score includes all domains):
   --- full sequence ---   --- best 1 domain ---    -#dom-
    E-value  score  bias    E-value  score  bias    exp  N  Sequence              Description
    ------- ------ -----    ------- ------ -----   ---- --  --------              -----------
     0.0023   13.9   0.0     0.0039   13.1   0.0    1.2  1  JAIXYI010000088.1_139  # 157905 # 159875 # 1 # ID=34_139;part


Domain annotation for each sequence (and alignments):
>> JAIXYI010000088.1_139  # 157905 # 159875 # 1 # ID=34_139;partial=00;start_type=ATG;rbs_motif=AAAAA;rbs_spacer=13bp;gc
   #    score  bias  c-Evalue  i-Evalue hmmfrom  hmm to    alifrom  ali to    envfrom  env to     acc
 ---   ------ ----- --------- --------- ------- -------    ------- -------    ------- -------    ----
   1 !   13.1   0.0   1.3e-06    0.0039     295     399 ..     548     653 ..     543     655 .. 0.82

  Alignments for each domain:
  == domain 1  score: 13.1 bits;  conditional E-value: 1.3e-06
          nifE-03292025 295 sfyGiedtskaLreiakll.gdeelleraealiaeeearvekeleeyrkrL.kGkkallytggvkawslvsalrelGmevvatgtkks 380
                             +yG +     + +ia+ +  d+  ++++++l ++   r +k++e+y +++ +G+k + +  g   +  v+ l++lGm+v ++g+ k+
  JAIXYI010000088.1_139 548 GYYGADVAGPVFKRIAQKIfTDSPSMNEVRNL-KQRNPRQDKNFERYDAQVvSGRKTIPNLKGMAGMDAVALLENLGMKVRIVGVGKV 634
                            56788888888888887665666667777765.77788999******988669*********************************** PP

          nifE-03292025 381 teedkerikellgedkvil 399
                            ++++++   ++ ++++++l
  JAIXYI010000088.1_139 635 RKQSLNPGESIQKNTTITL 653
                            ***9998888877777665 PP



Internal pipeline statistics summary:
-------------------------------------
Query model(s):                            1  (556 nodes)
Target sequences:                       3058  (1057850 residues searched)
Passed MSV filter:                       122  (0.0398954); expected 61.2 (0.02)
Passed bias filter:                       89  (0.029104); expected 61.2 (0.02)
Passed Vit filter:                         8  (0.00261609); expected 3.1 (0.001)
Passed Fwd filter:                         1  (0.000327011); expected 0.0 (1e-05)
Initial search space (Z):               3058  [actual number of targets]
Domain search space  (domZ):               1  [number of targets reported over threshold]
# CPU time: 0.03u 0.00s 00:00:00.03 Elapsed: 00:00:00.02
# Mc/sec: 28432.67
//
Query:       nifN-03292025  [M=700]
Scores for complete sequences (score includes all domains):
   --- full sequence ---   --- best 1 domain ---    -#dom-
    E-value  score  bias    E-value  score  bias    exp  N  Sequence Description
    ------- ------ -----    ------- ------ -----   ---- --  -------- -----------

   [No hits detected that satisfy reporting thresholds]


Domain annotation for each sequence (and alignments):

   [No targets detected that satisfy reporting thresholds]


Internal pipeline statistics summary:
-------------------------------------
Query model(s):                            1  (700 nodes)
Target sequences:                       3058  (1057850 residues searched)
Passed MSV filter:                       112  (0.0366252); expected 61.2 (0.02)
Passed bias filter:                       85  (0.0277959); expected 61.2 (0.02)
Passed Vit filter:                         5  (0.00163506); expected 3.1 (0.001)
Passed Fwd filter:                         0  (0); expected 0.0 (1e-05)
Initial search space (Z):               3058  [actual number of targets]
Domain search space  (domZ):               0  [number of targets reported over threshold]
# CPU time: 0.04u 0.00s 00:00:00.04 Elapsed: 00:00:00.02
# Mc/sec: 27837.43
//
Query:       pchlide-04012025  [M=508]
Scores for complete sequences (score includes all domains):
   --- full sequence ---   --- best 1 domain ---    -#dom-
    E-value  score  bias    E-value  score  bias    exp  N  Sequence Description
    ------- ------ -----    ------- ------ -----   ---- --  -------- -----------

   [No hits detected that satisfy reporting thresholds]


Domain annotation for each sequence (and alignments):

   [No targets detected that satisfy reporting thresholds]


Internal pipeline statistics summary:
-------------------------------------
Query model(s):                            1  (508 nodes)
Target sequences:                       3058  (1057850 residues searched)
Passed MSV filter:                        86  (0.028123); expected 61.2 (0.02)
Passed bias filter:                       63  (0.0206017); expected 61.2 (0.02)
Passed Vit filter:                         2  (0.000654022); expected 3.1 (0.001)
Passed Fwd filter:                         0  (0); expected 0.0 (1e-05)
Initial search space (Z):               3058  [actual number of targets]
Domain search space  (domZ):               0  [number of targets reported over threshold]
# CPU time: 0.03u 0.00s 00:00:00.03 Elapsed: 00:00:00.01
# Mc/sec: 27057.13
//
[ok]
# hmmsearch :: search profile(s) against a sequence database
# HMMER 3.4 (Aug 2023); http://hmmer.org/
# Copyright (C) 2023 Howard Hughes Medical Institute.
# Freely distributed under the BSD open source license.
# - - - - - - - - - - - - - - - - - - - - - - - - - - - - - - - - - - - -
# query HMM file:                  ../HMMs/nifV_07242025.hmm
# target sequence database:        ../all_rep_proteins_aa/bacteria/GB_GCA_027490305.1_protein.faa
# - - - - - - - - - - - - - - - - - - - - - - - - - - - - - - - - - - - -

Query:       nifV-07242025  [M=437]
Scores for complete sequences (score includes all domains):
   --- full sequence ---   --- best 1 domain ---    -#dom-
    E-value  score  bias    E-value  score  bias    exp  N  Sequence Description
    ------- ------ -----    ------- ------ -----   ---- --  -------- -----------

   [No hits detected that satisfy reporting thresholds]


Domain annotation for each sequence (and alignments):

   [No targets detected that satisfy reporting thresholds]


Internal pipeline statistics summary:
-------------------------------------
Query model(s):                            1  (437 nodes)
Target sequences:                       3058  (1057850 residues searched)
Passed MSV filter:                        68  (0.0222368); expected 61.2 (0.02)
Passed bias filter:                       49  (0.0160235); expected 61.2 (0.02)
Passed Vit filter:                         4  (0.00130804); expected 3.1 (0.001)
Passed Fwd filter:                         0  (0); expected 0.0 (1e-05)
Initial search space (Z):               3058  [actual number of targets]
Domain search space  (domZ):               0  [number of targets reported over threshold]
# CPU time: 0.02u 0.00s 00:00:00.02 Elapsed: 00:00:00.01
# Mc/sec: 32008.06
//
[ok]
