# hmmsearch :: search profile(s) against a sequence database
# HMMER 3.4 (Aug 2023); http://hmmer.org/
# Copyright (C) 2023 Howard Hughes Medical Institute.
# Freely distributed under the BSD open source license.
# - - - - - - - - - - - - - - - - - - - - - - - - - - - - - - - - - - - -
# query HMM file:                  ../HMMs/combined_nif_04012025.hmm
# target sequence database:        ../all_rep_proteins_aa/bacteria/GB_GCA_902798205.1_protein.faa
# - - - - - - - - - - - - - - - - - - - - - - - - - - - - - - - - - - - -

Query:       nifH-03292025  [M=327]
Scores for complete sequences (score includes all domains):
   --- full sequence ---   --- best 1 domain ---    -#dom-
    E-value  score  bias    E-value  score  bias    exp  N  Sequence             Description
    ------- ------ -----    ------- ------ -----   ---- --  --------             -----------
    6.2e-08   27.8   0.1    5.8e-05   18.0   0.2    2.1  2  CADBVV010000002.1_86  # 99012 # 99785 # 1 # ID=2_86;partial=0


Domain annotation for each sequence (and alignments):
>> CADBVV010000002.1_86  # 99012 # 99785 # 1 # ID=2_86;partial=00;start_type=ATG;rbs_motif=GGA/GAG/AGG;rbs_spacer=5-10bp
   #    score  bias  c-Evalue  i-Evalue hmmfrom  hmm to    alifrom  ali to    envfrom  env to     acc
 ---   ------ ----- --------- --------- ------- -------    ------- -------    ------- -------    ----
   1 !   18.0   0.2   6.7e-08   5.8e-05      17      44 ..      11      38 ..       3      62 .. 0.92
   2 !    7.6   0.0   9.8e-05     0.085     150     254 ..     142     251 ..     137     256 .. 0.79

  Alignments for each domain:
  == domain 1  score: 18.0 bits;  conditional E-value: 6.7e-08
         nifH-03292025 17 KGGiGKSttasnlsaalaeegkkvlivG 44
                          KGG+GK tta n++a la   k+vl + 
  CADBVV010000002.1_86 11 KGGVGKTTTAINIAASLAAIKKRVLLID 38
                          9************************985 PP

  == domain 2  score: 7.6 bits;  conditional E-value: 9.8e-05
         nifH-03292025 150 devyivtsgemmalYaanniakgikkyaee..ggvrlgGlicNsrkvd..keeelveefaeklgtqiiaf.vprsnevqkaelekktvi 233
                           d v+i   +e+ al  +  ++ +ik ++++   +  + G++  + +++    + + e++ +++g +++++ vpr+  +++a  ++k  +
  CADBVV010000002.1_86 142 DYVIIPLQCEFFALEGVQHLLSTIKAIQQKwnPNLDILGMVLTMYDKKlgLTHAVEEDVRNTFGDKVFKTvVPRNVRISEAPSHGKPAL 230
                           5677778899999999999999999999984455666788877655441144555567778889999876379**************** PP

         nifH-03292025 234 eaapdseqakeyreLakkile 254
                            ++ +s+ a++y ++a+++ +
  CADBVV010000002.1_86 231 FYDFKSTGAQAYLRVATEVVN 251
                           *****************9986 PP



Internal pipeline statistics summary:
-------------------------------------
Query model(s):                            1  (327 nodes)
Target sequences:                        867  (261637 residues searched)
Passed MSV filter:                        57  (0.0657439); expected 17.3 (0.02)
Passed bias filter:                       31  (0.0357555); expected 17.3 (0.02)
Passed Vit filter:                         5  (0.00576701); expected 0.9 (0.001)
Passed Fwd filter:                         1  (0.0011534); expected 0.0 (1e-05)
Initial search space (Z):                867  [actual number of targets]
Domain search space  (domZ):               1  [number of targets reported over threshold]
# CPU time: 0.01u 0.00s 00:00:00.01 Elapsed: 00:00:00.01
# Mc/sec: 7282.08
//
Query:       nifD-03292025  [M=482]
Scores for complete sequences (score includes all domains):
   --- full sequence ---   --- best 1 domain ---    -#dom-
    E-value  score  bias    E-value  score  bias    exp  N  Sequence Description
    ------- ------ -----    ------- ------ -----   ---- --  -------- -----------

   [No hits detected that satisfy reporting thresholds]


Domain annotation for each sequence (and alignments):

   [No targets detected that satisfy reporting thresholds]


Internal pipeline statistics summary:
-------------------------------------
Query model(s):                            1  (482 nodes)
Target sequences:                        867  (261637 residues searched)
Passed MSV filter:                        56  (0.0645905); expected 17.3 (0.02)
Passed bias filter:                       28  (0.0322953); expected 17.3 (0.02)
Passed Vit filter:                         4  (0.00461361); expected 0.9 (0.001)
Passed Fwd filter:                         0  (0); expected 0.0 (1e-05)
Initial search space (Z):                867  [actual number of targets]
Domain search space  (domZ):               0  [number of targets reported over threshold]
# CPU time: 0.01u 0.00s 00:00:00.01 Elapsed: 00:00:00.01
# Mc/sec: 10965.94
//
Query:       nifK-03292025  [M=490]
Scores for complete sequences (score includes all domains):
   --- full sequence ---   --- best 1 domain ---    -#dom-
    E-value  score  bias    E-value  score  bias    exp  N  Sequence Description
    ------- ------ -----    ------- ------ -----   ---- --  -------- -----------

   [No hits detected that satisfy reporting thresholds]


Domain annotation for each sequence (and alignments):

   [No targets detected that satisfy reporting thresholds]


Internal pipeline statistics summary:
-------------------------------------
Query model(s):                            1  (490 nodes)
Target sequences:                        867  (261637 residues searched)
Passed MSV filter:                        30  (0.0346021); expected 17.3 (0.02)
Passed bias filter:                       13  (0.0149942); expected 17.3 (0.02)
Passed Vit filter:                         0  (0); expected 0.9 (0.001)
Passed Fwd filter:                         0  (0); expected 0.0 (1e-05)
Initial search space (Z):                867  [actual number of targets]
Domain search space  (domZ):               0  [number of targets reported over threshold]
# CPU time: 0.01u 0.00s 00:00:00.01 Elapsed: 00:00:00.00
# Mc/sec: 15326.59
//
Query:       nifB-03292025  [M=505]
Scores for complete sequences (score includes all domains):
   --- full sequence ---   --- best 1 domain ---    -#dom-
    E-value  score  bias    E-value  score  bias    exp  N  Sequence Description
    ------- ------ -----    ------- ------ -----   ---- --  -------- -----------

   [No hits detected that satisfy reporting thresholds]


Domain annotation for each sequence (and alignments):

   [No targets detected that satisfy reporting thresholds]


Internal pipeline statistics summary:
-------------------------------------
Query model(s):                            1  (505 nodes)
Target sequences:                        867  (261637 residues searched)
Passed MSV filter:                        41  (0.0472895); expected 17.3 (0.02)
Passed bias filter:                       26  (0.0299885); expected 17.3 (0.02)
Passed Vit filter:                         2  (0.00230681); expected 0.9 (0.001)
Passed Fwd filter:                         0  (0); expected 0.0 (1e-05)
Initial search space (Z):                867  [actual number of targets]
Domain search space  (domZ):               0  [number of targets reported over threshold]
# CPU time: 0.01u 0.00s 00:00:00.01 Elapsed: 00:00:00.01
# Mc/sec: 13073.16
//
Query:       nifE-03292025  [M=556]
Scores for complete sequences (score includes all domains):
   --- full sequence ---   --- best 1 domain ---    -#dom-
    E-value  score  bias    E-value  score  bias    exp  N  Sequence Description
    ------- ------ -----    ------- ------ -----   ---- --  -------- -----------

   [No hits detected that satisfy reporting thresholds]


Domain annotation for each sequence (and alignments):

   [No targets detected that satisfy reporting thresholds]


Internal pipeline statistics summary:
-------------------------------------
Query model(s):                            1  (556 nodes)
Target sequences:                        867  (261637 residues searched)
Passed MSV filter:                        44  (0.0507497); expected 17.3 (0.02)
Passed bias filter:                       24  (0.0276817); expected 17.3 (0.02)
Passed Vit filter:                         6  (0.00692042); expected 0.9 (0.001)
Passed Fwd filter:                         0  (0); expected 0.0 (1e-05)
Initial search space (Z):                867  [actual number of targets]
Domain search space  (domZ):               0  [number of targets reported over threshold]
# CPU time: 0.01u 0.00s 00:00:00.01 Elapsed: 00:00:00.01
# Mc/sec: 10470.85
//
Query:       nifN-03292025  [M=700]
Scores for complete sequences (score includes all domains):
   --- full sequence ---   --- best 1 domain ---    -#dom-
    E-value  score  bias    E-value  score  bias    exp  N  Sequence Description
    ------- ------ -----    ------- ------ -----   ---- --  -------- -----------

   [No hits detected that satisfy reporting thresholds]


Domain annotation for each sequence (and alignments):

   [No targets detected that satisfy reporting thresholds]


Internal pipeline statistics summary:
-------------------------------------
Query model(s):                            1  (700 nodes)
Target sequences:                        867  (261637 residues searched)
Passed MSV filter:                        49  (0.0565167); expected 17.3 (0.02)
Passed bias filter:                       30  (0.0346021); expected 17.3 (0.02)
Passed Vit filter:                         3  (0.00346021); expected 0.9 (0.001)
Passed Fwd filter:                         0  (0); expected 0.0 (1e-05)
Initial search space (Z):                867  [actual number of targets]
Domain search space  (domZ):               0  [number of targets reported over threshold]
# CPU time: 0.01u 0.00s 00:00:00.01 Elapsed: 00:00:00.01
# Mc/sec: 10663.64
//
Query:       pchlide-04012025  [M=508]
Scores for complete sequences (score includes all domains):
   --- full sequence ---   --- best 1 domain ---    -#dom-
    E-value  score  bias    E-value  score  bias    exp  N  Sequence Description
    ------- ------ -----    ------- ------ -----   ---- --  -------- -----------

   [No hits detected that satisfy reporting thresholds]


Domain annotation for each sequence (and alignments):

   [No targets detected that satisfy reporting thresholds]


Internal pipeline statistics summary:
-------------------------------------
Query model(s):                            1  (508 nodes)
Target sequences:                        867  (261637 residues searched)
Passed MSV filter:                        31  (0.0357555); expected 17.3 (0.02)
Passed bias filter:                       21  (0.0242215); expected 17.3 (0.02)
Passed Vit filter:                         2  (0.00230681); expected 0.9 (0.001)
Passed Fwd filter:                         0  (0); expected 0.0 (1e-05)
Initial search space (Z):                867  [actual number of targets]
Domain search space  (domZ):               0  [number of targets reported over threshold]
# CPU time: 0.01u 0.00s 00:00:00.01 Elapsed: 00:00:00.01
# Mc/sec: 13192.23
//
[ok]
# hmmsearch :: search profile(s) against a sequence database
# HMMER 3.4 (Aug 2023); http://hmmer.org/
# Copyright (C) 2023 Howard Hughes Medical Institute.
# Freely distributed under the BSD open source license.
# - - - - - - - - - - - - - - - - - - - - - - - - - - - - - - - - - - - -
# query HMM file:                  ../HMMs/nifV_07242025.hmm
# target sequence database:        ../all_rep_proteins_aa/bacteria/GB_GCA_902798205.1_protein.faa
# - - - - - - - - - - - - - - - - - - - - - - - - - - - - - - - - - - - -

Query:       nifV-07242025  [M=437]
Scores for complete sequences (score includes all domains):
   --- full sequence ---   --- best 1 domain ---    -#dom-
    E-value  score  bias    E-value  score  bias    exp  N  Sequence Description
    ------- ------ -----    ------- ------ -----   ---- --  -------- -----------

   [No hits detected that satisfy reporting thresholds]


Domain annotation for each sequence (and alignments):

   [No targets detected that satisfy reporting thresholds]


Internal pipeline statistics summary:
-------------------------------------
Query model(s):                            1  (437 nodes)
Target sequences:                        867  (261637 residues searched)
Passed MSV filter:                        21  (0.0242215); expected 17.3 (0.02)
Passed bias filter:                       15  (0.017301); expected 17.3 (0.02)
Passed Vit filter:                         3  (0.00346021); expected 0.9 (0.001)
Passed Fwd filter:                         0  (0); expected 0.0 (1e-05)
Initial search space (Z):                867  [actual number of targets]
Domain search space  (domZ):               0  [number of targets reported over threshold]
# CPU time: 0.00u 0.00s 00:00:00.00 Elapsed: 00:00:00.00
# Mc/sec: 14534.52
//
[ok]
