# hmmsearch :: search profile(s) against a sequence database
# HMMER 3.4 (Aug 2023); http://hmmer.org/
# Copyright (C) 2023 Howard Hughes Medical Institute.
# Freely distributed under the BSD open source license.
# - - - - - - - - - - - - - - - - - - - - - - - - - - - - - - - - - - - -
# query HMM file:                  ../HMMs/combined_nif_04012025.hmm
# target sequence database:        ../all_rep_proteins_aa/bacteria/GB_GCA_023386255.1_protein.faa
# - - - - - - - - - - - - - - - - - - - - - - - - - - - - - - - - - - - -

Query:       nifH-03292025  [M=327]
Scores for complete sequences (score includes all domains):
   --- full sequence ---   --- best 1 domain ---    -#dom-
    E-value  score  bias    E-value  score  bias    exp  N  Sequence            Description
    ------- ------ -----    ------- ------ -----   ---- --  --------            -----------
    5.3e-13   46.0   0.5    1.5e-06   24.7   0.1    2.1  2  JAEWKB010000028.1_3  # 2269 # 3045 # 1 # ID=70_3;partial=00;s
    2.9e-08   30.4   0.1    1.7e-06   24.6   0.0    2.4  2  JAEWKB010000044.1_4  # 1802 # 2932 # 1 # ID=144_4;partial=00;


Domain annotation for each sequence (and alignments):
>> JAEWKB010000028.1_3  # 2269 # 3045 # 1 # ID=70_3;partial=00;start_type=ATG;rbs_motif=None;rbs_spacer=None;gc_cont=0.4
   #    score  bias  c-Evalue  i-Evalue hmmfrom  hmm to    alifrom  ali to    envfrom  env to     acc
 ---   ------ ----- --------- --------- ------- -------    ------- -------    ------- -------    ----
   1 !   24.7   0.1   1.2e-09   1.5e-06      17      53 ..      11      47 ..       2      69 .. 0.90
   2 !   19.6   0.0   4.5e-08   5.5e-05     148     256 ..     140     253 ..     138     257 .. 0.81

  Alignments for each domain:
  == domain 1  score: 24.7 bits;  conditional E-value: 1.2e-09
        nifH-03292025 17 KGGiGKSttasnlsaalaeegkkvlivGCdPKaDstr 53
                         KGG+GK tt+ nl+a l   +kkvl +  dP a +++
  JAEWKB010000028.1_3 11 KGGVGKTTTSVNLAASLGVLEKKVLLIDADPQANASS 47
                         9*******************************98765 PP

  == domain 2  score: 19.6 bits;  conditional E-value: 4.5e-08
        nifH-03292025 148 kadevyivtsgemmalYaanniakgikkyaee..ggvrlgGlicNsrk..vdkeeelveefaeklgtqiiafv.prsnevqkaelekktv 232
                           ad+v+i + +e+ al     ++++ik++++       + Gl+  + +   +  +++vee+ ++++  ++++v +r+ ++++a   ++ +
  JAEWKB010000028.1_3 140 AADSVVIPIQCEYFALEGLGKLLNTIKSVQKIhnPALDIEGLLLTMYDsrLRLSNQVVEEVQKHFNDMVFETViQRNVKLSEAPSFGESI 229
                          58889999999999998888887777777765114567789988765511567899**********99998752778899********** PP

        nifH-03292025 233 ieaapdseqakeyreLakkilenk 256
                          i+++ +s+ a++y +La++i++++
  JAEWKB010000028.1_3 230 INYDATSKGATNYLHLAEEIIKKN 253
                          ********************9876 PP

>> JAEWKB010000044.1_4  # 1802 # 2932 # 1 # ID=144_4;partial=00;start_type=ATG;rbs_motif=AATAA;rbs_spacer=5bp;gc_cont=0.
   #    score  bias  c-Evalue  i-Evalue hmmfrom  hmm to    alifrom  ali to    envfrom  env to     acc
 ---   ------ ----- --------- --------- ------- -------    ------- -------    ------- -------    ----
   1 !   24.6   0.0   1.4e-09   1.7e-06      16      41 ..     106     131 ..      97     161 .. 0.89
   2 !    3.3   0.0    0.0042       5.1     170     256 ..     252     349 ..     237     374 .. 0.68

  Alignments for each domain:
  == domain 1  score: 24.6 bits;  conditional E-value: 1.4e-09
        nifH-03292025  16 GKGGiGKSttasnlsaalaeegkkvl 41 
                          GKGG+GKSt+++nl++ la++g kv 
  JAEWKB010000044.1_4 106 GKGGVGKSTITANLAVSLAKMGFKVG 131
                          **********************9985 PP

  == domain 2  score: 3.3 bits;  conditional E-value: 0.0042
        nifH-03292025 170 akgikkyaee.ggvrlgGlicNsrkvdke...........eelveefaeklgtqiiafvprsnevqkaelekktvieaapdseqakeyre 247
                           kg++ +++e  +v + G+i N+   + e           +e  +++ae+l++  + +vp  + +++a   ++     +  ++  ++++e
  JAEWKB010000044.1_4 252 KKGVAMFQQEsINVPVLGIIENMAYFTPEelpdnkyyifgKEGAKNLAEDLDVPFLGEVPLVQSIREAGDYGRPA-ALQTATPLETAFEE 340
                          578888877657888888998887654431222222222246678999999999999999999999997665543.34455677788999 PP

        nifH-03292025 248 Lakkilenk 256
                          La+++ +++
  JAEWKB010000044.1_4 341 LARAVVQET 349
                          999997765 PP



Internal pipeline statistics summary:
-------------------------------------
Query model(s):                            1  (327 nodes)
Target sequences:                       2473  (691995 residues searched)
Passed MSV filter:                       123  (0.0497372); expected 49.5 (0.02)
Passed bias filter:                       96  (0.0388192); expected 49.5 (0.02)
Passed Vit filter:                        14  (0.00566114); expected 2.5 (0.001)
Passed Fwd filter:                         3  (0.0012131); expected 0.0 (1e-05)
Initial search space (Z):               2473  [actual number of targets]
Domain search space  (domZ):               2  [number of targets reported over threshold]
# CPU time: 0.02u 0.00s 00:00:00.02 Elapsed: 00:00:00.01
# Mc/sec: 12410.03
//
Query:       nifD-03292025  [M=482]
Scores for complete sequences (score includes all domains):
   --- full sequence ---   --- best 1 domain ---    -#dom-
    E-value  score  bias    E-value  score  bias    exp  N  Sequence            Description
    ------- ------ -----    ------- ------ -----   ---- --  --------            -----------
  ------ inclusion threshold ------
      0.015   10.8   0.0      0.021   10.3   0.0    1.1  1  JAEWKB010000166.1_5  # 3659 # 4276 # -1 # ID=321_5;partial=00


Domain annotation for each sequence (and alignments):
>> JAEWKB010000166.1_5  # 3659 # 4276 # -1 # ID=321_5;partial=00;start_type=TTG;rbs_motif=TAA;rbs_spacer=12bp;gc_cont=0.
   #    score  bias  c-Evalue  i-Evalue hmmfrom  hmm to    alifrom  ali to    envfrom  env to     acc
 ---   ------ ----- --------- --------- ------- -------    ------- -------    ------- -------    ----
   1 ?   10.3   0.0   8.3e-06     0.021     344     419 ..      18      98 ..       8     106 .. 0.81

  Alignments for each domain:
  == domain 1  score: 10.3 bits;  conditional E-value: 8.3e-06
        nifD-03292025 344 kkvmlyv..Gglrarhvikaled.lGlevvaagyeFahedDyektek.evkegtliiddvneleleelveklkPDlv.lsG 419
                          k+++l++  Gg+ a++++k +++   ++vva+ ++ a     ek+ k +v    +  dd+n   + e v++l+PDl+ l+G
  JAEWKB010000166.1_5  18 KNIVLFAsgGGSNAEQIMKYFNNgTEVKVVAVFTNNAAAGVLEKALKyDVPAIVFTRDDLNGGKVLEQVKELNPDLIvLAG 98 
                          445555333899999****9999999****************998762577778899******************961456 PP



Internal pipeline statistics summary:
-------------------------------------
Query model(s):                            1  (482 nodes)
Target sequences:                       2473  (691995 residues searched)
Passed MSV filter:                       126  (0.0509503); expected 49.5 (0.02)
Passed bias filter:                       78  (0.0315406); expected 49.5 (0.02)
Passed Vit filter:                         8  (0.00323494); expected 2.5 (0.001)
Passed Fwd filter:                         1  (0.000404367); expected 0.0 (1e-05)
Initial search space (Z):               2473  [actual number of targets]
Domain search space  (domZ):               1  [number of targets reported over threshold]
# CPU time: 0.02u 0.00s 00:00:00.02 Elapsed: 00:00:00.01
# Mc/sec: 24074.88
//
Query:       nifK-03292025  [M=490]
Scores for complete sequences (score includes all domains):
   --- full sequence ---   --- best 1 domain ---    -#dom-
    E-value  score  bias    E-value  score  bias    exp  N  Sequence Description
    ------- ------ -----    ------- ------ -----   ---- --  -------- -----------

   [No hits detected that satisfy reporting thresholds]


Domain annotation for each sequence (and alignments):

   [No targets detected that satisfy reporting thresholds]


Internal pipeline statistics summary:
-------------------------------------
Query model(s):                            1  (490 nodes)
Target sequences:                       2473  (691995 residues searched)
Passed MSV filter:                        78  (0.0315406); expected 49.5 (0.02)
Passed bias filter:                       54  (0.0218358); expected 49.5 (0.02)
Passed Vit filter:                         8  (0.00323494); expected 2.5 (0.001)
Passed Fwd filter:                         0  (0); expected 0.0 (1e-05)
Initial search space (Z):               2473  [actual number of targets]
Domain search space  (domZ):               0  [number of targets reported over threshold]
# CPU time: 0.02u 0.01s 00:00:00.03 Elapsed: 00:00:00.01
# Mc/sec: 27093.70
//
Query:       nifB-03292025  [M=505]
Scores for complete sequences (score includes all domains):
   --- full sequence ---   --- best 1 domain ---    -#dom-
    E-value  score  bias    E-value  score  bias    exp  N  Sequence            Description
    ------- ------ -----    ------- ------ -----   ---- --  --------            -----------
    0.00083   15.0   0.2     0.0015   14.2   0.2    1.4  1  JAEWKB010000299.1_4  # 3112 # 4191 # -1 # ID=131_4;partial=00


Domain annotation for each sequence (and alignments):
>> JAEWKB010000299.1_4  # 3112 # 4191 # -1 # ID=131_4;partial=00;start_type=TTG;rbs_motif=AATAA;rbs_spacer=10bp;gc_cont=
   #    score  bias  c-Evalue  i-Evalue hmmfrom  hmm to    alifrom  ali to    envfrom  env to     acc
 ---   ------ ----- --------- --------- ------- -------    ------- -------    ------- -------    ----
   1 !   14.2   0.2   5.9e-07    0.0015     226     271 ..     214     260 ..     178     265 .. 0.92

  Alignments for each domain:
  == domain 1  score: 14.2 bits;  conditional E-value: 5.9e-07
        nifB-03292025 226 lerQlegleklaergvlvKvNsv.lipgvNdehlvevakkvkekgaf 271
                          +++ l+++ekl+++g+ v + +  +ipg+N  ++  + k+v++kga 
  JAEWKB010000299.1_4 214 VNNKLQAIEKLSQNGIPVNIMIApMIPGLNTPEILSIIKMVSDKGAS 260
                          5799*************9998756*********************95 PP



Internal pipeline statistics summary:
-------------------------------------
Query model(s):                            1  (505 nodes)
Target sequences:                       2473  (691995 residues searched)
Passed MSV filter:                        81  (0.0327537); expected 49.5 (0.02)
Passed bias filter:                       56  (0.0226446); expected 49.5 (0.02)
Passed Vit filter:                         4  (0.00161747); expected 2.5 (0.001)
Passed Fwd filter:                         1  (0.000404367); expected 0.0 (1e-05)
Initial search space (Z):               2473  [actual number of targets]
Domain search space  (domZ):               1  [number of targets reported over threshold]
# CPU time: 0.02u 0.00s 00:00:00.02 Elapsed: 00:00:00.01
# Mc/sec: 27159.08
//
Query:       nifE-03292025  [M=556]
Scores for complete sequences (score includes all domains):
   --- full sequence ---   --- best 1 domain ---    -#dom-
    E-value  score  bias    E-value  score  bias    exp  N  Sequence Description
    ------- ------ -----    ------- ------ -----   ---- --  -------- -----------

   [No hits detected that satisfy reporting thresholds]


Domain annotation for each sequence (and alignments):

   [No targets detected that satisfy reporting thresholds]


Internal pipeline statistics summary:
-------------------------------------
Query model(s):                            1  (556 nodes)
Target sequences:                       2473  (691995 residues searched)
Passed MSV filter:                       119  (0.0481197); expected 49.5 (0.02)
Passed bias filter:                       83  (0.0335625); expected 49.5 (0.02)
Passed Vit filter:                        11  (0.00444804); expected 2.5 (0.001)
Passed Fwd filter:                         0  (0); expected 0.0 (1e-05)
Initial search space (Z):               2473  [actual number of targets]
Domain search space  (domZ):               0  [number of targets reported over threshold]
# CPU time: 0.03u 0.00s 00:00:00.03 Elapsed: 00:00:00.01
# Mc/sec: 27469.28
//
Query:       nifN-03292025  [M=700]
Scores for complete sequences (score includes all domains):
   --- full sequence ---   --- best 1 domain ---    -#dom-
    E-value  score  bias    E-value  score  bias    exp  N  Sequence Description
    ------- ------ -----    ------- ------ -----   ---- --  -------- -----------

   [No hits detected that satisfy reporting thresholds]


Domain annotation for each sequence (and alignments):

   [No targets detected that satisfy reporting thresholds]


Internal pipeline statistics summary:
-------------------------------------
Query model(s):                            1  (700 nodes)
Target sequences:                       2473  (691995 residues searched)
Passed MSV filter:                       100  (0.0404367); expected 49.5 (0.02)
Passed bias filter:                       68  (0.027497); expected 49.5 (0.02)
Passed Vit filter:                         7  (0.00283057); expected 2.5 (0.001)
Passed Fwd filter:                         0  (0); expected 0.0 (1e-05)
Initial search space (Z):               2473  [actual number of targets]
Domain search space  (domZ):               0  [number of targets reported over threshold]
# CPU time: 0.03u 0.00s 00:00:00.03 Elapsed: 00:00:00.01
# Mc/sec: 31589.56
//
Query:       pchlide-04012025  [M=508]
Scores for complete sequences (score includes all domains):
   --- full sequence ---   --- best 1 domain ---    -#dom-
    E-value  score  bias    E-value  score  bias    exp  N  Sequence Description
    ------- ------ -----    ------- ------ -----   ---- --  -------- -----------

   [No hits detected that satisfy reporting thresholds]


Domain annotation for each sequence (and alignments):

   [No targets detected that satisfy reporting thresholds]


Internal pipeline statistics summary:
-------------------------------------
Query model(s):                            1  (508 nodes)
Target sequences:                       2473  (691995 residues searched)
Passed MSV filter:                        92  (0.0372018); expected 49.5 (0.02)
Passed bias filter:                       62  (0.0250708); expected 49.5 (0.02)
Passed Vit filter:                         7  (0.00283057); expected 2.5 (0.001)
Passed Fwd filter:                         0  (0); expected 0.0 (1e-05)
Initial search space (Z):               2473  [actual number of targets]
Domain search space  (domZ):               0  [number of targets reported over threshold]
# CPU time: 0.02u 0.00s 00:00:00.02 Elapsed: 00:00:00.01
# Mc/sec: 26217.68
//
[ok]
# hmmsearch :: search profile(s) against a sequence database
# HMMER 3.4 (Aug 2023); http://hmmer.org/
# Copyright (C) 2023 Howard Hughes Medical Institute.
# Freely distributed under the BSD open source license.
# - - - - - - - - - - - - - - - - - - - - - - - - - - - - - - - - - - - -
# query HMM file:                  ../HMMs/nifV_07242025.hmm
# target sequence database:        ../all_rep_proteins_aa/bacteria/GB_GCA_023386255.1_protein.faa
# - - - - - - - - - - - - - - - - - - - - - - - - - - - - - - - - - - - -

Query:       nifV-07242025  [M=437]
Scores for complete sequences (score includes all domains):
   --- full sequence ---   --- best 1 domain ---    -#dom-
    E-value  score  bias    E-value  score  bias    exp  N  Sequence Description
    ------- ------ -----    ------- ------ -----   ---- --  -------- -----------

   [No hits detected that satisfy reporting thresholds]


Domain annotation for each sequence (and alignments):

   [No targets detected that satisfy reporting thresholds]


Internal pipeline statistics summary:
-------------------------------------
Query model(s):                            1  (437 nodes)
Target sequences:                       2473  (691995 residues searched)
Passed MSV filter:                        65  (0.0262839); expected 49.5 (0.02)
Passed bias filter:                       45  (0.0181965); expected 49.5 (0.02)
Passed Vit filter:                         3  (0.0012131); expected 2.5 (0.001)
Passed Fwd filter:                         0  (0); expected 0.0 (1e-05)
Initial search space (Z):               2473  [actual number of targets]
Domain search space  (domZ):               0  [number of targets reported over threshold]
# CPU time: 0.02u 0.00s 00:00:00.02 Elapsed: 00:00:00.00
# Mc/sec: 30940.85
//
[ok]
