# hmmsearch :: search profile(s) against a sequence database
# HMMER 3.4 (Aug 2023); http://hmmer.org/
# Copyright (C) 2023 Howard Hughes Medical Institute.
# Freely distributed under the BSD open source license.
# - - - - - - - - - - - - - - - - - - - - - - - - - - - - - - - - - - - -
# query HMM file:                  ../HMMs/combined_nif_04012025.hmm
# target sequence database:        ../all_rep_proteins_aa/bacteria/GB_GCA_943333125.1_protein.faa
# - - - - - - - - - - - - - - - - - - - - - - - - - - - - - - - - - - - -

Query:       nifH-03292025  [M=327]
Scores for complete sequences (score includes all domains):
   --- full sequence ---   --- best 1 domain ---    -#dom-
    E-value  score  bias    E-value  score  bias    exp  N  Sequence             Description
    ------- ------ -----    ------- ------ -----   ---- --  --------             -----------
    1.4e-11   41.2   0.6    6.1e-06   22.7   0.1    2.1  2  CALQSB010000006.1_51  # 55598 # 56398 # -1 # ID=6_51;partial=
    3.5e-07   26.8   0.8    1.4e-06   24.8   0.5    2.0  2  CALQSB010000013.1_9   # 8507 # 9571 # -1 # ID=13_9;partial=00


Domain annotation for each sequence (and alignments):
>> CALQSB010000006.1_51  # 55598 # 56398 # -1 # ID=6_51;partial=00;start_type=ATG;rbs_motif=AACAA;rbs_spacer=8bp;gc_cont
   #    score  bias  c-Evalue  i-Evalue hmmfrom  hmm to    alifrom  ali to    envfrom  env to     acc
 ---   ------ ----- --------- --------- ------- -------    ------- -------    ------- -------    ----
   1 !   22.7   0.1   5.2e-09   6.1e-06      17      55 ..      11      49 ..       6      79 .. 0.82
   2 !   16.9   0.0   2.9e-07   0.00035     148     259 ..     140     256 ..     138     264 .. 0.81

  Alignments for each domain:
  == domain 1  score: 22.7 bits;  conditional E-value: 5.2e-09
         nifH-03292025 17 KGGiGKSttasnlsaalaeegkkvlivGCdPKaDstrll 55
                          KGG+GK tta nl+a l   + k l v  dP a st+ +
  CALQSB010000006.1_51 11 KGGVGKTTTAINLAASLGILEFKTLLVDADPQANSTTGV 49
                          9***********************************865 PP

  == domain 2  score: 16.9 bits;  conditional E-value: 2.9e-07
         nifH-03292025 148 kadevyivtsgemmalYaanniakgikkyaeeggv..rlgGlicNsrkv..dkeeelveefaeklgtqiiaf.vprsnevqkaelekkt 231
                            ad+v+i + +e+ al     +++++k ++++ +v  ++ G+++ + +   +  +++v+e+ ++++  +++  ++r++++++a   +k 
  CALQSB010000006.1_51 140 AADSVVIPVQTEFFALEGLGKLLNTVKIIQNRLNVdlKIEGILMTMYDGrlRLCNQVVSEVRRHFEDMVFSSiIHRNTKLSEAPSVGKP 228
                           5899999999999999999999999999999966511667999887655114557888888888888877652689999********** PP

         nifH-03292025 232 vieaapdseqakeyreLakkilenkklv 259
                           vi ++ ds+ a +y +Lak+il++++++
  CALQSB010000006.1_51 229 VILYDSDSKGAVNYLNLAKEILQKNNMT 256
                           *********************9987654 PP

>> CALQSB010000013.1_9  # 8507 # 9571 # -1 # ID=13_9;partial=00;start_type=ATG;rbs_motif=AACAA;rbs_spacer=11bp;gc_cont=0
   #    score  bias  c-Evalue  i-Evalue hmmfrom  hmm to    alifrom  ali to    envfrom  env to     acc
 ---   ------ ----- --------- --------- ------- -------    ------- -------    ------- -------    ----
   1 !   24.8   0.5   1.2e-09   1.4e-06      14      41 ..     102     129 ..      83     160 .. 0.85
   2 ?   -0.7   0.0     0.069        82     151     192 ..     234     273 ..     227     280 .. 0.78

  Alignments for each domain:
  == domain 1  score: 24.8 bits;  conditional E-value: 1.2e-09
        nifH-03292025  14 iYGKGGiGKSttasnlsaalaeegkkvl 41 
                          + GKGG+GKSt+++nl+ ala +g kv 
  CALQSB010000013.1_9 102 VSGKGGVGKSTVSANLALALAASGAKVG 129
                          36***********************995 PP

  == domain 2  score: -0.7 bits;  conditional E-value: 0.069
        nifH-03292025 151 evyivtsgemmalYaanniakgikkyaee.ggvrlgGlicNsr 192
                           v++vt+ +++al       kgi+ + ++  +v + Gl+ N+ 
  CALQSB010000013.1_9 234 GVIVVTTPQLVALAD---AKKGIAMFGQAqLKVPVIGLVENMS 273
                          678888888887754...4699999977648999999999975 PP



Internal pipeline statistics summary:
-------------------------------------
Query model(s):                            1  (327 nodes)
Target sequences:                       2370  (860789 residues searched)
Passed MSV filter:                       138  (0.0582278); expected 47.4 (0.02)
Passed bias filter:                       89  (0.0375527); expected 47.4 (0.02)
Passed Vit filter:                        11  (0.00464135); expected 2.4 (0.001)
Passed Fwd filter:                         2  (0.000843882); expected 0.0 (1e-05)
Initial search space (Z):               2370  [actual number of targets]
Domain search space  (domZ):               2  [number of targets reported over threshold]
# CPU time: 0.02u 0.01s 00:00:00.03 Elapsed: 00:00:00.02
# Mc/sec: 10378.80
//
Query:       nifD-03292025  [M=482]
Scores for complete sequences (score includes all domains):
   --- full sequence ---   --- best 1 domain ---    -#dom-
    E-value  score  bias    E-value  score  bias    exp  N  Sequence Description
    ------- ------ -----    ------- ------ -----   ---- --  -------- -----------

   [No hits detected that satisfy reporting thresholds]


Domain annotation for each sequence (and alignments):

   [No targets detected that satisfy reporting thresholds]


Internal pipeline statistics summary:
-------------------------------------
Query model(s):                            1  (482 nodes)
Target sequences:                       2370  (860789 residues searched)
Passed MSV filter:                       126  (0.0531646); expected 47.4 (0.02)
Passed bias filter:                       63  (0.0265823); expected 47.4 (0.02)
Passed Vit filter:                         1  (0.000421941); expected 2.4 (0.001)
Passed Fwd filter:                         0  (0); expected 0.0 (1e-05)
Initial search space (Z):               2370  [actual number of targets]
Domain search space  (domZ):               0  [number of targets reported over threshold]
# CPU time: 0.03u 0.00s 00:00:00.03 Elapsed: 00:00:00.01
# Mc/sec: 24349.91
//
Query:       nifK-03292025  [M=490]
Scores for complete sequences (score includes all domains):
   --- full sequence ---   --- best 1 domain ---    -#dom-
    E-value  score  bias    E-value  score  bias    exp  N  Sequence Description
    ------- ------ -----    ------- ------ -----   ---- --  -------- -----------

   [No hits detected that satisfy reporting thresholds]


Domain annotation for each sequence (and alignments):

   [No targets detected that satisfy reporting thresholds]


Internal pipeline statistics summary:
-------------------------------------
Query model(s):                            1  (490 nodes)
Target sequences:                       2370  (860789 residues searched)
Passed MSV filter:                        79  (0.0333333); expected 47.4 (0.02)
Passed bias filter:                       45  (0.0189873); expected 47.4 (0.02)
Passed Vit filter:                         6  (0.00253165); expected 2.4 (0.001)
Passed Fwd filter:                         0  (0); expected 0.0 (1e-05)
Initial search space (Z):               2370  [actual number of targets]
Domain search space  (domZ):               0  [number of targets reported over threshold]
# CPU time: 0.02u 0.00s 00:00:00.02 Elapsed: 00:00:00.02
# Mc/sec: 19613.67
//
Query:       nifB-03292025  [M=505]
Scores for complete sequences (score includes all domains):
   --- full sequence ---   --- best 1 domain ---    -#dom-
    E-value  score  bias    E-value  score  bias    exp  N  Sequence             Description
    ------- ------ -----    ------- ------ -----   ---- --  --------             -----------
     0.0039   12.7   3.0      0.012   11.1   2.5    1.8  1  CALQSB010000019.1_39  # 48283 # 49584 # -1 # ID=19_39;partial


Domain annotation for each sequence (and alignments):
>> CALQSB010000019.1_39  # 48283 # 49584 # -1 # ID=19_39;partial=00;start_type=ATG;rbs_motif=TAAA;rbs_spacer=5bp;gc_cont
   #    score  bias  c-Evalue  i-Evalue hmmfrom  hmm to    alifrom  ali to    envfrom  env to     acc
 ---   ------ ----- --------- --------- ------- -------    ------- -------    ------- -------    ----
   1 !   11.1   2.5   5.3e-06     0.012      81     206 ..     187     314 ..     181     351 .. 0.76

  Alignments for each domain:
  == domain 1  score: 11.1 bits;  conditional E-value: 5.3e-06
         nifB-03292025  81 vavApaCNiqCnyCnRkydCanEsRPGvvsevLtpeqavkkvkav.....aaeipqlsVvGiAGPGDalanpektfetlelvkeeapdl 164
                           v+v paCN +C  C   ++  +E+    ++++Lt + +++++ +      +++   +   G    G++l  +e  +e++  ++++++  
  CALQSB010000019.1_39 187 VPVSPACNANCIGCI-SFQPQEEEI-FSTQDRLTFKPTAEEIVEFtvphlETAPFPIISYGQGCEGEPLLMWETIKESIIEIRKHTSKG 273
                           788888888888886.566654443.445556655444443322200100222223444577788************************ PP

         nifB-03292025 165 klClstNGLaLpeyvdelaelnvdhvtvTiNavdpeigakiy 206
                            + + tNG + p++v+ l+e +++ + v +N+  ++i +  y
  CALQSB010000019.1_39 274 SININTNGSK-PDAVKALCEAGLNSIRVSMNSARKKIYTSYY 314
                           ********65.*********************9998876655 PP



Internal pipeline statistics summary:
-------------------------------------
Query model(s):                            1  (505 nodes)
Target sequences:                       2370  (860789 residues searched)
Passed MSV filter:                        92  (0.0388186); expected 47.4 (0.02)
Passed bias filter:                       73  (0.0308017); expected 47.4 (0.02)
Passed Vit filter:                         8  (0.00337553); expected 2.4 (0.001)
Passed Fwd filter:                         1  (0.000421941); expected 0.0 (1e-05)
Initial search space (Z):               2370  [actual number of targets]
Domain search space  (domZ):               1  [number of targets reported over threshold]
# CPU time: 0.04u 0.00s 00:00:00.04 Elapsed: 00:00:00.03
# Mc/sec: 13124.94
//
Query:       nifE-03292025  [M=556]
Scores for complete sequences (score includes all domains):
   --- full sequence ---   --- best 1 domain ---    -#dom-
    E-value  score  bias    E-value  score  bias    exp  N  Sequence Description
    ------- ------ -----    ------- ------ -----   ---- --  -------- -----------

   [No hits detected that satisfy reporting thresholds]


Domain annotation for each sequence (and alignments):

   [No targets detected that satisfy reporting thresholds]


Internal pipeline statistics summary:
-------------------------------------
Query model(s):                            1  (556 nodes)
Target sequences:                       2370  (860789 residues searched)
Passed MSV filter:                       108  (0.0455696); expected 47.4 (0.02)
Passed bias filter:                       72  (0.0303797); expected 47.4 (0.02)
Passed Vit filter:                        10  (0.00421941); expected 2.4 (0.001)
Passed Fwd filter:                         0  (0); expected 0.0 (1e-05)
Initial search space (Z):               2370  [actual number of targets]
Domain search space  (domZ):               0  [number of targets reported over threshold]
# CPU time: 0.03u 0.00s 00:00:00.03 Elapsed: 00:00:00.01
# Mc/sec: 26667.71
//
Query:       nifN-03292025  [M=700]
Scores for complete sequences (score includes all domains):
   --- full sequence ---   --- best 1 domain ---    -#dom-
    E-value  score  bias    E-value  score  bias    exp  N  Sequence Description
    ------- ------ -----    ------- ------ -----   ---- --  -------- -----------

   [No hits detected that satisfy reporting thresholds]


Domain annotation for each sequence (and alignments):

   [No targets detected that satisfy reporting thresholds]


Internal pipeline statistics summary:
-------------------------------------
Query model(s):                            1  (700 nodes)
Target sequences:                       2370  (860789 residues searched)
Passed MSV filter:                        92  (0.0388186); expected 47.4 (0.02)
Passed bias filter:                       69  (0.0291139); expected 47.4 (0.02)
Passed Vit filter:                         3  (0.00126582); expected 2.4 (0.001)
Passed Fwd filter:                         0  (0); expected 0.0 (1e-05)
Initial search space (Z):               2370  [actual number of targets]
Domain search space  (domZ):               0  [number of targets reported over threshold]
# CPU time: 0.04u 0.00s 00:00:00.04 Elapsed: 00:00:00.03
# Mc/sec: 17437.98
//
Query:       pchlide-04012025  [M=508]
Scores for complete sequences (score includes all domains):
   --- full sequence ---   --- best 1 domain ---    -#dom-
    E-value  score  bias    E-value  score  bias    exp  N  Sequence Description
    ------- ------ -----    ------- ------ -----   ---- --  -------- -----------

   [No hits detected that satisfy reporting thresholds]


Domain annotation for each sequence (and alignments):

   [No targets detected that satisfy reporting thresholds]


Internal pipeline statistics summary:
-------------------------------------
Query model(s):                            1  (508 nodes)
Target sequences:                       2370  (860789 residues searched)
Passed MSV filter:                        87  (0.0367089); expected 47.4 (0.02)
Passed bias filter:                       67  (0.02827); expected 47.4 (0.02)
Passed Vit filter:                         8  (0.00337553); expected 2.4 (0.001)
Passed Fwd filter:                         0  (0); expected 0.0 (1e-05)
Initial search space (Z):               2370  [actual number of targets]
Domain search space  (domZ):               0  [number of targets reported over threshold]
# CPU time: 0.03u 0.00s 00:00:00.03 Elapsed: 00:00:00.01
# Mc/sec: 26870.23
//
[ok]
# hmmsearch :: search profile(s) against a sequence database
# HMMER 3.4 (Aug 2023); http://hmmer.org/
# Copyright (C) 2023 Howard Hughes Medical Institute.
# Freely distributed under the BSD open source license.
# - - - - - - - - - - - - - - - - - - - - - - - - - - - - - - - - - - - -
# query HMM file:                  ../HMMs/nifV_07242025.hmm
# target sequence database:        ../all_rep_proteins_aa/bacteria/GB_GCA_943333125.1_protein.faa
# - - - - - - - - - - - - - - - - - - - - - - - - - - - - - - - - - - - -

Query:       nifV-07242025  [M=437]
Scores for complete sequences (score includes all domains):
   --- full sequence ---   --- best 1 domain ---    -#dom-
    E-value  score  bias    E-value  score  bias    exp  N  Sequence             Description
    ------- ------ -----    ------- ------ -----   ---- --  --------             -----------
  ------ inclusion threshold ------
      0.023   10.8   0.0      0.023   10.8   0.0    1.2  1  CALQSB010000025.1_27  # 36283 # 37146 # 1 # ID=25_27;partial=


Domain annotation for each sequence (and alignments):
>> CALQSB010000025.1_27  # 36283 # 37146 # 1 # ID=25_27;partial=00;start_type=ATG;rbs_motif=None;rbs_spacer=None;gc_cont
   #    score  bias  c-Evalue  i-Evalue hmmfrom  hmm to    alifrom  ali to    envfrom  env to     acc
 ---   ------ ----- --------- --------- ------- -------    ------- -------    ------- -------    ----
   1 ?   10.8   0.0   9.8e-06     0.023     167     236 ..     169     239 ..      27     249 .. 0.87

  Alignments for each domain:
  == domain 1  score: 10.8 bits;  conditional E-value: 9.8e-06
         nifV-07242025 167 eaGasrlRfaDTlGildPfttlekvkkLraal.dlelEmHaHnDlGlAtANtlaavkaGathvnttvnGLG 236
                           ++ +  + +aDT+G+  P+++ +    L ++l + e+ +H H         + aa+kaG t  +  ++G+G
  CALQSB010000025.1_27 169 ALDIGIISLADTVGLATPMQVESVAGYLIKQLpQTEIGVHLHSTSFSWKEKADAALKAGCTRFDGALKGIG 239
                           555555678*****************9999983579******98777788899999999999999999998 PP



Internal pipeline statistics summary:
-------------------------------------
Query model(s):                            1  (437 nodes)
Target sequences:                       2370  (860789 residues searched)
Passed MSV filter:                        56  (0.0236287); expected 47.4 (0.02)
Passed bias filter:                       46  (0.0194093); expected 47.4 (0.02)
Passed Vit filter:                         4  (0.00168776); expected 2.4 (0.001)
Passed Fwd filter:                         1  (0.000421941); expected 0.0 (1e-05)
Initial search space (Z):               2370  [actual number of targets]
Domain search space  (domZ):               1  [number of targets reported over threshold]
# CPU time: 0.02u 0.00s 00:00:00.02 Elapsed: 00:00:00.02
# Mc/sec: 18113.19
//
[ok]
