# hmmsearch :: search profile(s) against a sequence database
# HMMER 3.4 (Aug 2023); http://hmmer.org/
# Copyright (C) 2023 Howard Hughes Medical Institute.
# Freely distributed under the BSD open source license.
# - - - - - - - - - - - - - - - - - - - - - - - - - - - - - - - - - - - -
# query HMM file:                  ../HMMs/combined_nif_04012025.hmm
# target sequence database:        ../all_rep_proteins_aa/bacteria/GB_GCA_946615295.1_protein.faa
# - - - - - - - - - - - - - - - - - - - - - - - - - - - - - - - - - - - -

Query:       nifH-03292025  [M=327]
Scores for complete sequences (score includes all domains):
   --- full sequence ---   --- best 1 domain ---    -#dom-
    E-value  score  bias    E-value  score  bias    exp  N  Sequence            Description
    ------- ------ -----    ------- ------ -----   ---- --  --------            -----------
    4.4e-12   41.3   0.3    6.5e-09   30.9   0.2    2.1  2  CAMOHL010000008.1_8  # 11682 # 12446 # -1 # ID=8_8;partial=00
      5e-07   24.7   1.8    2.1e-06   22.6   0.4    2.1  2  CAMOHL010000032.1_6  # 6240 # 7028 # 1 # ID=32_6;partial=00;s


Domain annotation for each sequence (and alignments):
>> CAMOHL010000008.1_8  # 11682 # 12446 # -1 # ID=8_8;partial=00;start_type=ATG;rbs_motif=AGGAG;rbs_spacer=5-10bp;gc_con
   #    score  bias  c-Evalue  i-Evalue hmmfrom  hmm to    alifrom  ali to    envfrom  env to     acc
 ---   ------ ----- --------- --------- ------- -------    ------- -------    ------- -------    ----
   1 !   30.9   0.2   1.6e-11   6.5e-09      17      68 ..      11      64 ..       2      83 .. 0.75
   2 !    8.7   0.0   9.5e-05     0.037     151     255 ..     143     252 ..     139     254 .. 0.74

  Alignments for each domain:
  == domain 1  score: 30.9 bits;  conditional E-value: 1.6e-11
        nifH-03292025 17 KGGiGKSttasnlsaalaeegkkvlivGCdPKaDstrll..lggkaqktvldll 68
                         KGG+GK tt  nlsa la++gkkvl +  dP   +t+ +   + +  k+v +++
  CAMOHL010000008.1_8 11 KGGVGKTTTCVNLSAYLATMGKKVLLIDLDPQGNATSAVglDKDNDLKSVYNVI 64
                         9******************************99888765103444455555554 PP

  == domain 2  score: 8.7 bits;  conditional E-value: 9.5e-05
        nifH-03292025 151 evyivtsgemmalYaanniakgikkyaee..ggvrlgGlicNsrkvdke..eelveefaeklgtqiiafv.prsnevqkaelekktviea 235
                          +v i + + + al     ++++ik ++++  + + + G++  +++++++  +++ ee+ + +g +++ +v p++  + +a   +  ++++
  CAMOHL010000008.1_8 143 SVLIPIQCHFFALEGLTQLMNTIKLVKKHlnEAIDVEGVVLTMKDKRSNlvNQVSEEIRKFFGKKVFDTViPNNIRLAEAPSYGLPICKY 232
                          56666666677777777778888777766447789999999877655542255666666677889987652777789999999******* PP

        nifH-03292025 236 apdseqakeyreLakkilen 255
                          +p+s+   +y+eLa ++le 
  CAMOHL010000008.1_8 233 DPKSKGGIAYKELAVELLER 252
                          **************998876 PP

>> CAMOHL010000032.1_6  # 6240 # 7028 # 1 # ID=32_6;partial=00;start_type=ATG;rbs_motif=GGxGG;rbs_spacer=5-10bp;gc_cont=
   #    score  bias  c-Evalue  i-Evalue hmmfrom  hmm to    alifrom  ali to    envfrom  env to     acc
 ---   ------ ----- --------- --------- ------- -------    ------- -------    ------- -------    ----
   1 !   22.6   0.4   5.5e-09   2.1e-06      15      43 ..       9      37 ..       1      77 [. 0.83
   2 ?    1.6   0.0     0.013       5.2     151     225 ..     137     211 ..     107     240 .. 0.76

  Alignments for each domain:
  == domain 1  score: 22.6 bits;  conditional E-value: 5.5e-09
        nifH-03292025 15 YGKGGiGKSttasnlsaalaeegkkvliv 43
                          GKGG+GK t+ +nl   la++g+kv+++
  CAMOHL010000032.1_6  9 SGKGGVGKTTICANLGLKLAQMGQKVVML 37
                         5*************************986 PP

  == domain 2  score: 1.6 bits;  conditional E-value: 0.013
        nifH-03292025 151 evyivtsgemmalYaanniakgikkyaeeggvrlgGlicNsrkvd....keeelveefaeklgtqiiafvprsnevqka 225
                          e ++v++  + ++  a+ ++  +++y+     +  G+i+N+ + d     +   v+++++ l+++++  +p ++++++ 
  CAMOHL010000032.1_6 137 EAIVVCTPHISSIRDADKVLTILNSYKL----NSIGFIVNRVRGDlimnGKMIDVDQICNLLKSNLVGVLPDDDTISTN 211
                          5666777777777777777766666664....44577777766432211444458899*************99998765 PP



Internal pipeline statistics summary:
-------------------------------------
Query model(s):                            1  (327 nodes)
Target sequences:                        784  (240253 residues searched)
Passed MSV filter:                        75  (0.0956633); expected 15.7 (0.02)
Passed bias filter:                       30  (0.0382653); expected 15.7 (0.02)
Passed Vit filter:                         8  (0.0102041); expected 0.8 (0.001)
Passed Fwd filter:                         2  (0.00255102); expected 0.0 (1e-05)
Initial search space (Z):                784  [actual number of targets]
Domain search space  (domZ):               2  [number of targets reported over threshold]
# CPU time: 0.01u 0.00s 00:00:00.01 Elapsed: 00:00:00.01
# Mc/sec: 6243.51
//
Query:       nifD-03292025  [M=482]
Scores for complete sequences (score includes all domains):
   --- full sequence ---   --- best 1 domain ---    -#dom-
    E-value  score  bias    E-value  score  bias    exp  N  Sequence Description
    ------- ------ -----    ------- ------ -----   ---- --  -------- -----------

   [No hits detected that satisfy reporting thresholds]


Domain annotation for each sequence (and alignments):

   [No targets detected that satisfy reporting thresholds]


Internal pipeline statistics summary:
-------------------------------------
Query model(s):                            1  (482 nodes)
Target sequences:                        784  (240253 residues searched)
Passed MSV filter:                        70  (0.0892857); expected 15.7 (0.02)
Passed bias filter:                       18  (0.0229592); expected 15.7 (0.02)
Passed Vit filter:                         2  (0.00255102); expected 0.8 (0.001)
Passed Fwd filter:                         0  (0); expected 0.0 (1e-05)
Initial search space (Z):                784  [actual number of targets]
Domain search space  (domZ):               0  [number of targets reported over threshold]
# CPU time: 0.01u 0.00s 00:00:00.01 Elapsed: 00:00:00.00
# Mc/sec: 13769.93
//
Query:       nifK-03292025  [M=490]
Scores for complete sequences (score includes all domains):
   --- full sequence ---   --- best 1 domain ---    -#dom-
    E-value  score  bias    E-value  score  bias    exp  N  Sequence Description
    ------- ------ -----    ------- ------ -----   ---- --  -------- -----------

   [No hits detected that satisfy reporting thresholds]


Domain annotation for each sequence (and alignments):

   [No targets detected that satisfy reporting thresholds]


Internal pipeline statistics summary:
-------------------------------------
Query model(s):                            1  (490 nodes)
Target sequences:                        784  (240253 residues searched)
Passed MSV filter:                        35  (0.0446429); expected 15.7 (0.02)
Passed bias filter:                       16  (0.0204082); expected 15.7 (0.02)
Passed Vit filter:                         2  (0.00255102); expected 0.8 (0.001)
Passed Fwd filter:                         0  (0); expected 0.0 (1e-05)
Initial search space (Z):                784  [actual number of targets]
Domain search space  (domZ):               0  [number of targets reported over threshold]
# CPU time: 0.01u 0.00s 00:00:00.01 Elapsed: 00:00:00.00
# Mc/sec: 16674.52
//
Query:       nifB-03292025  [M=505]
Scores for complete sequences (score includes all domains):
   --- full sequence ---   --- best 1 domain ---    -#dom-
    E-value  score  bias    E-value  score  bias    exp  N  Sequence Description
    ------- ------ -----    ------- ------ -----   ---- --  -------- -----------

   [No hits detected that satisfy reporting thresholds]


Domain annotation for each sequence (and alignments):

   [No targets detected that satisfy reporting thresholds]


Internal pipeline statistics summary:
-------------------------------------
Query model(s):                            1  (505 nodes)
Target sequences:                        784  (240253 residues searched)
Passed MSV filter:                        50  (0.0637755); expected 15.7 (0.02)
Passed bias filter:                       21  (0.0267857); expected 15.7 (0.02)
Passed Vit filter:                         1  (0.00127551); expected 0.8 (0.001)
Passed Fwd filter:                         0  (0); expected 0.0 (1e-05)
Initial search space (Z):                784  [actual number of targets]
Domain search space  (domZ):               0  [number of targets reported over threshold]
# CPU time: 0.01u 0.00s 00:00:00.01 Elapsed: 00:00:00.00
# Mc/sec: 15461.45
//
Query:       nifE-03292025  [M=556]
Scores for complete sequences (score includes all domains):
   --- full sequence ---   --- best 1 domain ---    -#dom-
    E-value  score  bias    E-value  score  bias    exp  N  Sequence Description
    ------- ------ -----    ------- ------ -----   ---- --  -------- -----------

   [No hits detected that satisfy reporting thresholds]


Domain annotation for each sequence (and alignments):

   [No targets detected that satisfy reporting thresholds]


Internal pipeline statistics summary:
-------------------------------------
Query model(s):                            1  (556 nodes)
Target sequences:                        784  (240253 residues searched)
Passed MSV filter:                        60  (0.0765306); expected 15.7 (0.02)
Passed bias filter:                       28  (0.0357143); expected 15.7 (0.02)
Passed Vit filter:                         2  (0.00255102); expected 0.8 (0.001)
Passed Fwd filter:                         0  (0); expected 0.0 (1e-05)
Initial search space (Z):                784  [actual number of targets]
Domain search space  (domZ):               0  [number of targets reported over threshold]
# CPU time: 0.00u 0.00s 00:00:00.00 Elapsed: 00:00:00.00
# Mc/sec: 16026.84
//
Query:       nifN-03292025  [M=700]
Scores for complete sequences (score includes all domains):
   --- full sequence ---   --- best 1 domain ---    -#dom-
    E-value  score  bias    E-value  score  bias    exp  N  Sequence Description
    ------- ------ -----    ------- ------ -----   ---- --  -------- -----------

   [No hits detected that satisfy reporting thresholds]


Domain annotation for each sequence (and alignments):

   [No targets detected that satisfy reporting thresholds]


Internal pipeline statistics summary:
-------------------------------------
Query model(s):                            1  (700 nodes)
Target sequences:                        784  (240253 residues searched)
Passed MSV filter:                        59  (0.0752551); expected 15.7 (0.02)
Passed bias filter:                       39  (0.0497449); expected 15.7 (0.02)
Passed Vit filter:                         4  (0.00510204); expected 0.8 (0.001)
Passed Fwd filter:                         0  (0); expected 0.0 (1e-05)
Initial search space (Z):                784  [actual number of targets]
Domain search space  (domZ):               0  [number of targets reported over threshold]
# CPU time: 0.01u 0.00s 00:00:00.01 Elapsed: 00:00:00.01
# Mc/sec: 13460.79
//
Query:       pchlide-04012025  [M=508]
Scores for complete sequences (score includes all domains):
   --- full sequence ---   --- best 1 domain ---    -#dom-
    E-value  score  bias    E-value  score  bias    exp  N  Sequence Description
    ------- ------ -----    ------- ------ -----   ---- --  -------- -----------

   [No hits detected that satisfy reporting thresholds]


Domain annotation for each sequence (and alignments):

   [No targets detected that satisfy reporting thresholds]


Internal pipeline statistics summary:
-------------------------------------
Query model(s):                            1  (508 nodes)
Target sequences:                        784  (240253 residues searched)
Passed MSV filter:                        37  (0.0471939); expected 15.7 (0.02)
Passed bias filter:                       21  (0.0267857); expected 15.7 (0.02)
Passed Vit filter:                         2  (0.00255102); expected 0.8 (0.001)
Passed Fwd filter:                         0  (0); expected 0.0 (1e-05)
Initial search space (Z):                784  [actual number of targets]
Domain search space  (domZ):               0  [number of targets reported over threshold]
# CPU time: 0.01u 0.00s 00:00:00.01 Elapsed: 00:00:00.00
# Mc/sec: 14938.94
//
[ok]
# hmmsearch :: search profile(s) against a sequence database
# HMMER 3.4 (Aug 2023); http://hmmer.org/
# Copyright (C) 2023 Howard Hughes Medical Institute.
# Freely distributed under the BSD open source license.
# - - - - - - - - - - - - - - - - - - - - - - - - - - - - - - - - - - - -
# query HMM file:                  ../HMMs/nifV_07242025.hmm
# target sequence database:        ../all_rep_proteins_aa/bacteria/GB_GCA_946615295.1_protein.faa
# - - - - - - - - - - - - - - - - - - - - - - - - - - - - - - - - - - - -

Query:       nifV-07242025  [M=437]
Scores for complete sequences (score includes all domains):
   --- full sequence ---   --- best 1 domain ---    -#dom-
    E-value  score  bias    E-value  score  bias    exp  N  Sequence Description
    ------- ------ -----    ------- ------ -----   ---- --  -------- -----------

   [No hits detected that satisfy reporting thresholds]


Domain annotation for each sequence (and alignments):

   [No targets detected that satisfy reporting thresholds]


Internal pipeline statistics summary:
-------------------------------------
Query model(s):                            1  (437 nodes)
Target sequences:                        784  (240253 residues searched)
Passed MSV filter:                        17  (0.0216837); expected 15.7 (0.02)
Passed bias filter:                       15  (0.0191327); expected 15.7 (0.02)
Passed Vit filter:                         0  (0); expected 0.8 (0.001)
Passed Fwd filter:                         0  (0); expected 0.0 (1e-05)
Initial search space (Z):                784  [actual number of targets]
Domain search space  (domZ):               0  [number of targets reported over threshold]
# CPU time: 0.00u 0.00s 00:00:00.00 Elapsed: 00:00:00.00
# Mc/sec: 16394.38
//
[ok]
