# hmmsearch :: search profile(s) against a sequence database
# HMMER 3.4 (Aug 2023); http://hmmer.org/
# Copyright (C) 2023 Howard Hughes Medical Institute.
# Freely distributed under the BSD open source license.
# - - - - - - - - - - - - - - - - - - - - - - - - - - - - - - - - - - - -
# query HMM file:                  ../HMMs/combined_nif_04012025.hmm
# target sequence database:        ../all_rep_proteins_aa/bacteria/GB_GCA_900544335.1_protein.faa
# - - - - - - - - - - - - - - - - - - - - - - - - - - - - - - - - - - - -

Query:       nifH-03292025  [M=327]
Scores for complete sequences (score includes all domains):
   --- full sequence ---   --- best 1 domain ---    -#dom-
    E-value  score  bias    E-value  score  bias    exp  N  Sequence          Description
    ------- ------ -----    ------- ------ -----   ---- --  --------          -----------
    3.6e-12   42.4   0.0    7.5e-09   31.5   0.1    2.1  2  UQUS01000008.1_55  # 56390 # 57220 # -1 # ID=8_55;partial=00;
      0.003   13.1   0.0     0.0054   12.3   0.0    1.3  1  UQUS01000013.1_25  # 24000 # 25094 # 1 # ID=13_25;partial=00;


Domain annotation for each sequence (and alignments):
>> UQUS01000008.1_55  # 56390 # 57220 # -1 # ID=8_55;partial=00;start_type=ATG;rbs_motif=GGA/GAG/AGG;rbs_spacer=11-12bp;
   #    score  bias  c-Evalue  i-Evalue hmmfrom  hmm to    alifrom  ali to    envfrom  env to     acc
 ---   ------ ----- --------- --------- ------- -------    ------- -------    ------- -------    ----
   1 !   31.5   0.1   1.1e-11   7.5e-09      16      53 ..      22      59 ..       6      94 .. 0.79
   2 !    8.8   0.0   8.7e-05     0.061     152     255 ..     156     264 ..     151     274 .. 0.84

  Alignments for each domain:
  == domain 1  score: 31.5 bits;  conditional E-value: 1.1e-11
      nifH-03292025 16 GKGGiGKSttasnlsaalaeegkkvlivGCdPKaDstr 53
                        KGG+GK tt+ nl+aala+ g+kvl v  dP   +t 
  UQUS01000008.1_55 22 QKGGVGKTTTTVNLAAALAKYGQKVLLVDLDPQGNATM 59
                       49******************************999885 PP

  == domain 2  score: 8.8 bits;  conditional E-value: 8.7e-05
      nifH-03292025 152 vyivtsgemmalYaanniakgikk..yaeeggvrlgGlicNsr..kvdkeeelveefaeklgtqiiaf.vprsnevqkaelekktvieaapd 238
                        v+i + +e+ al    +++++ik+  y+++ + rl Gl+  +   + + ++++ e++ e++g +++ + +pr+  + +a   +   i ++p+
  UQUS01000008.1_55 156 VVIPMQCEYFALEGLSDLVNTIKRvrYNKNDDLRLIGLLRVMYdpRLTLQQQVSEQLKENFGDRVFDTvIPRNVRLAEAPSFGLPGIIFEPS 247
                        77778899999999999****986227788999*****7665511567889999***********9762699999999999999******** PP

      nifH-03292025 239 seqakeyreLakkilen 255
                        s+ ak+y+e+ k++l+ 
  UQUS01000008.1_55 248 SRGAKAYMEFGKEVLSR 264
                        ***********999865 PP

>> UQUS01000013.1_25  # 24000 # 25094 # 1 # ID=13_25;partial=00;start_type=ATG;rbs_motif=AGxAGG/AGGxGG;rbs_spacer=5-10bp
   #    score  bias  c-Evalue  i-Evalue hmmfrom  hmm to    alifrom  ali to    envfrom  env to     acc
 ---   ------ ----- --------- --------- ------- -------    ------- -------    ------- -------    ----
   1 !   12.3   0.0   7.7e-06    0.0054      17      40 ..     107     130 ..      97     152 .. 0.88

  Alignments for each domain:
  == domain 1  score: 12.3 bits;  conditional E-value: 7.7e-06
      nifH-03292025  17 KGGiGKSttasnlsaalaeegkkv 40 
                        KGG+GKSt+a  l+ al++ g ++
  UQUS01000013.1_25 107 KGGVGKSTVAVSLALALSRLGARI 130
                        9******************99987 PP



Internal pipeline statistics summary:
-------------------------------------
Query model(s):                            1  (327 nodes)
Target sequences:                       1407  (473387 residues searched)
Passed MSV filter:                        63  (0.0447761); expected 28.1 (0.02)
Passed bias filter:                       54  (0.0383795); expected 28.1 (0.02)
Passed Vit filter:                        10  (0.00710732); expected 1.4 (0.001)
Passed Fwd filter:                         2  (0.00142146); expected 0.0 (1e-05)
Initial search space (Z):               1407  [actual number of targets]
Domain search space  (domZ):               2  [number of targets reported over threshold]
# CPU time: 0.01u 0.00s 00:00:00.01 Elapsed: 00:00:00.01
# Mc/sec: 11769.10
//
Query:       nifD-03292025  [M=482]
Scores for complete sequences (score includes all domains):
   --- full sequence ---   --- best 1 domain ---    -#dom-
    E-value  score  bias    E-value  score  bias    exp  N  Sequence Description
    ------- ------ -----    ------- ------ -----   ---- --  -------- -----------

   [No hits detected that satisfy reporting thresholds]


Domain annotation for each sequence (and alignments):

   [No targets detected that satisfy reporting thresholds]


Internal pipeline statistics summary:
-------------------------------------
Query model(s):                            1  (482 nodes)
Target sequences:                       1407  (473387 residues searched)
Passed MSV filter:                        42  (0.0298507); expected 28.1 (0.02)
Passed bias filter:                       39  (0.0277186); expected 28.1 (0.02)
Passed Vit filter:                         3  (0.0021322); expected 1.4 (0.001)
Passed Fwd filter:                         0  (0); expected 0.0 (1e-05)
Initial search space (Z):               1407  [actual number of targets]
Domain search space  (domZ):               0  [number of targets reported over threshold]
# CPU time: 0.01u 0.00s 00:00:00.01 Elapsed: 00:00:00.01
# Mc/sec: 19332.62
//
Query:       nifK-03292025  [M=490]
Scores for complete sequences (score includes all domains):
   --- full sequence ---   --- best 1 domain ---    -#dom-
    E-value  score  bias    E-value  score  bias    exp  N  Sequence Description
    ------- ------ -----    ------- ------ -----   ---- --  -------- -----------

   [No hits detected that satisfy reporting thresholds]


Domain annotation for each sequence (and alignments):

   [No targets detected that satisfy reporting thresholds]


Internal pipeline statistics summary:
-------------------------------------
Query model(s):                            1  (490 nodes)
Target sequences:                       1407  (473387 residues searched)
Passed MSV filter:                        30  (0.021322); expected 28.1 (0.02)
Passed bias filter:                       28  (0.0199005); expected 28.1 (0.02)
Passed Vit filter:                         2  (0.00142146); expected 1.4 (0.001)
Passed Fwd filter:                         0  (0); expected 0.0 (1e-05)
Initial search space (Z):               1407  [actual number of targets]
Domain search space  (domZ):               0  [number of targets reported over threshold]
# CPU time: 0.01u 0.00s 00:00:00.01 Elapsed: 00:00:00.01
# Mc/sec: 18071.66
//
Query:       nifB-03292025  [M=505]
Scores for complete sequences (score includes all domains):
   --- full sequence ---   --- best 1 domain ---    -#dom-
    E-value  score  bias    E-value  score  bias    exp  N  Sequence Description
    ------- ------ -----    ------- ------ -----   ---- --  -------- -----------

   [No hits detected that satisfy reporting thresholds]


Domain annotation for each sequence (and alignments):

   [No targets detected that satisfy reporting thresholds]


Internal pipeline statistics summary:
-------------------------------------
Query model(s):                            1  (505 nodes)
Target sequences:                       1407  (473387 residues searched)
Passed MSV filter:                        40  (0.0284293); expected 28.1 (0.02)
Passed bias filter:                       29  (0.0206112); expected 28.1 (0.02)
Passed Vit filter:                         2  (0.00142146); expected 1.4 (0.001)
Passed Fwd filter:                         0  (0); expected 0.0 (1e-05)
Initial search space (Z):               1407  [actual number of targets]
Domain search space  (domZ):               0  [number of targets reported over threshold]
# CPU time: 0.02u 0.00s 00:00:00.02 Elapsed: 00:00:00.01
# Mc/sec: 18667.53
//
Query:       nifE-03292025  [M=556]
Scores for complete sequences (score includes all domains):
   --- full sequence ---   --- best 1 domain ---    -#dom-
    E-value  score  bias    E-value  score  bias    exp  N  Sequence Description
    ------- ------ -----    ------- ------ -----   ---- --  -------- -----------

   [No hits detected that satisfy reporting thresholds]


Domain annotation for each sequence (and alignments):

   [No targets detected that satisfy reporting thresholds]


Internal pipeline statistics summary:
-------------------------------------
Query model(s):                            1  (556 nodes)
Target sequences:                       1407  (473387 residues searched)
Passed MSV filter:                        65  (0.0461976); expected 28.1 (0.02)
Passed bias filter:                       55  (0.0390903); expected 28.1 (0.02)
Passed Vit filter:                         6  (0.00426439); expected 1.4 (0.001)
Passed Fwd filter:                         0  (0); expected 0.0 (1e-05)
Initial search space (Z):               1407  [actual number of targets]
Domain search space  (domZ):               0  [number of targets reported over threshold]
# CPU time: 0.02u 0.00s 00:00:00.02 Elapsed: 00:00:00.01
# Mc/sec: 19655.96
//
Query:       nifN-03292025  [M=700]
Scores for complete sequences (score includes all domains):
   --- full sequence ---   --- best 1 domain ---    -#dom-
    E-value  score  bias    E-value  score  bias    exp  N  Sequence Description
    ------- ------ -----    ------- ------ -----   ---- --  -------- -----------

   [No hits detected that satisfy reporting thresholds]


Domain annotation for each sequence (and alignments):

   [No targets detected that satisfy reporting thresholds]


Internal pipeline statistics summary:
-------------------------------------
Query model(s):                            1  (700 nodes)
Target sequences:                       1407  (473387 residues searched)
Passed MSV filter:                        63  (0.0447761); expected 28.1 (0.02)
Passed bias filter:                       44  (0.0312722); expected 28.1 (0.02)
Passed Vit filter:                         2  (0.00142146); expected 1.4 (0.001)
Passed Fwd filter:                         0  (0); expected 0.0 (1e-05)
Initial search space (Z):               1407  [actual number of targets]
Domain search space  (domZ):               0  [number of targets reported over threshold]
# CPU time: 0.02u 0.00s 00:00:00.02 Elapsed: 00:00:00.01
# Mc/sec: 24358.80
//
Query:       pchlide-04012025  [M=508]
Scores for complete sequences (score includes all domains):
   --- full sequence ---   --- best 1 domain ---    -#dom-
    E-value  score  bias    E-value  score  bias    exp  N  Sequence Description
    ------- ------ -----    ------- ------ -----   ---- --  -------- -----------

   [No hits detected that satisfy reporting thresholds]


Domain annotation for each sequence (and alignments):

   [No targets detected that satisfy reporting thresholds]


Internal pipeline statistics summary:
-------------------------------------
Query model(s):                            1  (508 nodes)
Target sequences:                       1407  (473387 residues searched)
Passed MSV filter:                        47  (0.0334044); expected 28.1 (0.02)
Passed bias filter:                       36  (0.0255864); expected 28.1 (0.02)
Passed Vit filter:                         2  (0.00142146); expected 1.4 (0.001)
Passed Fwd filter:                         0  (0); expected 0.0 (1e-05)
Initial search space (Z):               1407  [actual number of targets]
Domain search space  (domZ):               0  [number of targets reported over threshold]
# CPU time: 0.01u 0.00s 00:00:00.01 Elapsed: 00:00:00.01
# Mc/sec: 18033.64
//
[ok]
# hmmsearch :: search profile(s) against a sequence database
# HMMER 3.4 (Aug 2023); http://hmmer.org/
# Copyright (C) 2023 Howard Hughes Medical Institute.
# Freely distributed under the BSD open source license.
# - - - - - - - - - - - - - - - - - - - - - - - - - - - - - - - - - - - -
# query HMM file:                  ../HMMs/nifV_07242025.hmm
# target sequence database:        ../all_rep_proteins_aa/bacteria/GB_GCA_900544335.1_protein.faa
# - - - - - - - - - - - - - - - - - - - - - - - - - - - - - - - - - - - -

Query:       nifV-07242025  [M=437]
Scores for complete sequences (score includes all domains):
   --- full sequence ---   --- best 1 domain ---    -#dom-
    E-value  score  bias    E-value  score  bias    exp  N  Sequence Description
    ------- ------ -----    ------- ------ -----   ---- --  -------- -----------

   [No hits detected that satisfy reporting thresholds]


Domain annotation for each sequence (and alignments):

   [No targets detected that satisfy reporting thresholds]


Internal pipeline statistics summary:
-------------------------------------
Query model(s):                            1  (437 nodes)
Target sequences:                       1407  (473387 residues searched)
Passed MSV filter:                        55  (0.0390903); expected 28.1 (0.02)
Passed bias filter:                       29  (0.0206112); expected 28.1 (0.02)
Passed Vit filter:                         2  (0.00142146); expected 1.4 (0.001)
Passed Fwd filter:                         0  (0); expected 0.0 (1e-05)
Initial search space (Z):               1407  [actual number of targets]
Domain search space  (domZ):               0  [number of targets reported over threshold]
# CPU time: 0.01u 0.00s 00:00:00.01 Elapsed: 00:00:00.00
# Mc/sec: 22482.77
//
[ok]
