# hmmsearch :: search profile(s) against a sequence database
# HMMER 3.4 (Aug 2023); http://hmmer.org/
# Copyright (C) 2023 Howard Hughes Medical Institute.
# Freely distributed under the BSD open source license.
# - - - - - - - - - - - - - - - - - - - - - - - - - - - - - - - - - - - -
# query HMM file:                  ../HMMs/combined_nif_04012025.hmm
# target sequence database:        ../all_rep_proteins_aa/bacteria/GB_GCA_024643365.1_protein.faa
# - - - - - - - - - - - - - - - - - - - - - - - - - - - - - - - - - - - -

Query:       nifH-03292025  [M=327]
Scores for complete sequences (score includes all domains):
   --- full sequence ---   --- best 1 domain ---    -#dom-
    E-value  score  bias    E-value  score  bias    exp  N  Sequence              Description
    ------- ------ -----    ------- ------ -----   ---- --  --------              -----------
    6.3e-10   35.7   1.9    1.9e-05   21.0   0.2    2.1  2  JAHENC010000020.1_57   # 67327 # 68139 # 1 # ID=16_57;partial
    1.1e-06   25.0   0.1    2.2e-06   24.0   0.1    1.4  1  JAHENC010000002.1_188  # 208492 # 209565 # -1 # ID=12_188;par


Domain annotation for each sequence (and alignments):
>> JAHENC010000020.1_57  # 67327 # 68139 # 1 # ID=16_57;partial=00;start_type=ATG;rbs_motif=AAAA;rbs_spacer=5bp;gc_cont=
   #    score  bias  c-Evalue  i-Evalue hmmfrom  hmm to    alifrom  ali to    envfrom  env to     acc
 ---   ------ ----- --------- --------- ------- -------    ------- -------    ------- -------    ----
   1 !   21.0   0.2   1.7e-08   1.9e-05      17      53 ..      11      47 ..       2      74 .. 0.90
   2 !   14.4   0.1   1.8e-06     0.002     149     258 ..     140     254 ..     137     268 .. 0.83

  Alignments for each domain:
  == domain 1  score: 21.0 bits;  conditional E-value: 1.7e-08
         nifH-03292025 17 KGGiGKSttasnlsaalaeegkkvlivGCdPKaDstr 53
                          KGG+GK tt+ nl   l   ++k liv  dP a st+
  JAHENC010000020.1_57 11 KGGVGKTTTTINLGGCLGVLEYKTLIVDADPQANSTS 47
                          9**********************************97 PP

  == domain 2  score: 14.4 bits;  conditional E-value: 1.8e-06
         nifH-03292025 149 adevyivtsgemmalYaanniakgikkyaee..ggvrlgGlicNsrkv..dkeeelveefaeklgtqiiaf.vprsnevqkaelekktv 232
                           ad+v+i + +e+ al     ++++ik ++ +   + ++ G++  + ++  +  +++v+e+ ++++  ++ + ++r++++++a  +++tv
  JAHENC010000020.1_57 140 ADSVMIPVQCEYFALEGLSKLLNTIKIVQGRlnPTLEIEGMVLTMYDTrlRLANQVVDEVKTHFQELVFDTvIHRNTTLSEASSHGTTV 228
                           89999999*****************99999843556778999887665115578888888888888888762578899*********** PP

         nifH-03292025 233 ieaapdseqakeyreLakkilenkkl 258
                           i ++ +s+   +y ++a+++l++++l
  JAHENC010000020.1_57 229 IMHDASSKGSINYLNFARELLQKNDL 254
                           *******************9987754 PP

>> JAHENC010000002.1_188  # 208492 # 209565 # -1 # ID=12_188;partial=00;start_type=ATG;rbs_motif=TAA;rbs_spacer=6bp;gc_c
   #    score  bias  c-Evalue  i-Evalue hmmfrom  hmm to    alifrom  ali to    envfrom  env to     acc
 ---   ------ ----- --------- --------- ------- -------    ------- -------    ------- -------    ----
   1 !   24.0   0.1     2e-09   2.2e-06      15      45 ..     105     135 ..      92     155 .. 0.87

  Alignments for each domain:
  == domain 1  score: 24.0 bits;  conditional E-value: 2e-09
          nifH-03292025  15 YGKGGiGKSttasnlsaalaeegkkvlivGC 45 
                             GKGG+GKSt+++nl+  l ++g+kv iv  
  JAHENC010000002.1_188 105 SGKGGVGKSTITANLAGGLQKQGYKVGIVDA 135
                            4************************988765 PP



Internal pipeline statistics summary:
-------------------------------------
Query model(s):                            1  (327 nodes)
Target sequences:                       2206  (800399 residues searched)
Passed MSV filter:                       105  (0.0475975); expected 44.1 (0.02)
Passed bias filter:                       71  (0.032185); expected 44.1 (0.02)
Passed Vit filter:                        11  (0.0049864); expected 2.2 (0.001)
Passed Fwd filter:                         3  (0.00135993); expected 0.0 (1e-05)
Initial search space (Z):               2206  [actual number of targets]
Domain search space  (domZ):               2  [number of targets reported over threshold]
# CPU time: 0.02u 0.00s 00:00:00.02 Elapsed: 00:00:00.02
# Mc/sec: 12280.62
//
Query:       nifD-03292025  [M=482]
Scores for complete sequences (score includes all domains):
   --- full sequence ---   --- best 1 domain ---    -#dom-
    E-value  score  bias    E-value  score  bias    exp  N  Sequence Description
    ------- ------ -----    ------- ------ -----   ---- --  -------- -----------

   [No hits detected that satisfy reporting thresholds]


Domain annotation for each sequence (and alignments):

   [No targets detected that satisfy reporting thresholds]


Internal pipeline statistics summary:
-------------------------------------
Query model(s):                            1  (482 nodes)
Target sequences:                       2206  (800399 residues searched)
Passed MSV filter:                       123  (0.055757); expected 44.1 (0.02)
Passed bias filter:                       76  (0.0344515); expected 44.1 (0.02)
Passed Vit filter:                         4  (0.00181324); expected 2.2 (0.001)
Passed Fwd filter:                         0  (0); expected 0.0 (1e-05)
Initial search space (Z):               2206  [actual number of targets]
Domain search space  (domZ):               0  [number of targets reported over threshold]
# CPU time: 0.03u 0.00s 00:00:00.03 Elapsed: 00:00:00.01
# Mc/sec: 28996.43
//
Query:       nifK-03292025  [M=490]
Scores for complete sequences (score includes all domains):
   --- full sequence ---   --- best 1 domain ---    -#dom-
    E-value  score  bias    E-value  score  bias    exp  N  Sequence Description
    ------- ------ -----    ------- ------ -----   ---- --  -------- -----------

   [No hits detected that satisfy reporting thresholds]


Domain annotation for each sequence (and alignments):

   [No targets detected that satisfy reporting thresholds]


Internal pipeline statistics summary:
-------------------------------------
Query model(s):                            1  (490 nodes)
Target sequences:                       2206  (800399 residues searched)
Passed MSV filter:                        72  (0.0326383); expected 44.1 (0.02)
Passed bias filter:                       50  (0.0226655); expected 44.1 (0.02)
Passed Vit filter:                         3  (0.00135993); expected 2.2 (0.001)
Passed Fwd filter:                         0  (0); expected 0.0 (1e-05)
Initial search space (Z):               2206  [actual number of targets]
Domain search space  (domZ):               0  [number of targets reported over threshold]
# CPU time: 0.02u 0.00s 00:00:00.02 Elapsed: 00:00:00.01
# Mc/sec: 30083.11
//
Query:       nifB-03292025  [M=505]
Scores for complete sequences (score includes all domains):
   --- full sequence ---   --- best 1 domain ---    -#dom-
    E-value  score  bias    E-value  score  bias    exp  N  Sequence Description
    ------- ------ -----    ------- ------ -----   ---- --  -------- -----------

   [No hits detected that satisfy reporting thresholds]


Domain annotation for each sequence (and alignments):

   [No targets detected that satisfy reporting thresholds]


Internal pipeline statistics summary:
-------------------------------------
Query model(s):                            1  (505 nodes)
Target sequences:                       2206  (800399 residues searched)
Passed MSV filter:                        74  (0.0335449); expected 44.1 (0.02)
Passed bias filter:                       47  (0.0213055); expected 44.1 (0.02)
Passed Vit filter:                         3  (0.00135993); expected 2.2 (0.001)
Passed Fwd filter:                         0  (0); expected 0.0 (1e-05)
Initial search space (Z):               2206  [actual number of targets]
Domain search space  (domZ):               0  [number of targets reported over threshold]
# CPU time: 0.02u 0.00s 00:00:00.02 Elapsed: 00:00:00.01
# Mc/sec: 30131.72
//
Query:       nifE-03292025  [M=556]
Scores for complete sequences (score includes all domains):
   --- full sequence ---   --- best 1 domain ---    -#dom-
    E-value  score  bias    E-value  score  bias    exp  N  Sequence Description
    ------- ------ -----    ------- ------ -----   ---- --  -------- -----------

   [No hits detected that satisfy reporting thresholds]


Domain annotation for each sequence (and alignments):

   [No targets detected that satisfy reporting thresholds]


Internal pipeline statistics summary:
-------------------------------------
Query model(s):                            1  (556 nodes)
Target sequences:                       2206  (800399 residues searched)
Passed MSV filter:                        83  (0.0376247); expected 44.1 (0.02)
Passed bias filter:                       65  (0.0294651); expected 44.1 (0.02)
Passed Vit filter:                         5  (0.00226655); expected 2.2 (0.001)
Passed Fwd filter:                         0  (0); expected 0.0 (1e-05)
Initial search space (Z):               2206  [actual number of targets]
Domain search space  (domZ):               0  [number of targets reported over threshold]
# CPU time: 0.03u 0.00s 00:00:00.03 Elapsed: 00:00:00.01
# Mc/sec: 27917.91
//
Query:       nifN-03292025  [M=700]
Scores for complete sequences (score includes all domains):
   --- full sequence ---   --- best 1 domain ---    -#dom-
    E-value  score  bias    E-value  score  bias    exp  N  Sequence Description
    ------- ------ -----    ------- ------ -----   ---- --  -------- -----------

   [No hits detected that satisfy reporting thresholds]


Domain annotation for each sequence (and alignments):

   [No targets detected that satisfy reporting thresholds]


Internal pipeline statistics summary:
-------------------------------------
Query model(s):                            1  (700 nodes)
Target sequences:                       2206  (800399 residues searched)
Passed MSV filter:                        65  (0.0294651); expected 44.1 (0.02)
Passed bias filter:                       43  (0.0194923); expected 44.1 (0.02)
Passed Vit filter:                         3  (0.00135993); expected 2.2 (0.001)
Passed Fwd filter:                         0  (0); expected 0.0 (1e-05)
Initial search space (Z):               2206  [actual number of targets]
Domain search space  (domZ):               0  [number of targets reported over threshold]
# CPU time: 0.02u 0.00s 00:00:00.02 Elapsed: 00:00:00.01
# Mc/sec: 32003.47
//
Query:       pchlide-04012025  [M=508]
Scores for complete sequences (score includes all domains):
   --- full sequence ---   --- best 1 domain ---    -#dom-
    E-value  score  bias    E-value  score  bias    exp  N  Sequence Description
    ------- ------ -----    ------- ------ -----   ---- --  -------- -----------

   [No hits detected that satisfy reporting thresholds]


Domain annotation for each sequence (and alignments):

   [No targets detected that satisfy reporting thresholds]


Internal pipeline statistics summary:
-------------------------------------
Query model(s):                            1  (508 nodes)
Target sequences:                       2206  (800399 residues searched)
Passed MSV filter:                        64  (0.0290118); expected 44.1 (0.02)
Passed bias filter:                       48  (0.0217588); expected 44.1 (0.02)
Passed Vit filter:                         3  (0.00135993); expected 2.2 (0.001)
Passed Fwd filter:                         0  (0); expected 0.0 (1e-05)
Initial search space (Z):               2206  [actual number of targets]
Domain search space  (domZ):               0  [number of targets reported over threshold]
# CPU time: 0.02u 0.00s 00:00:00.02 Elapsed: 00:00:00.01
# Mc/sec: 34963.45
//
[ok]
# hmmsearch :: search profile(s) against a sequence database
# HMMER 3.4 (Aug 2023); http://hmmer.org/
# Copyright (C) 2023 Howard Hughes Medical Institute.
# Freely distributed under the BSD open source license.
# - - - - - - - - - - - - - - - - - - - - - - - - - - - - - - - - - - - -
# query HMM file:                  ../HMMs/nifV_07242025.hmm
# target sequence database:        ../all_rep_proteins_aa/bacteria/GB_GCA_024643365.1_protein.faa
# - - - - - - - - - - - - - - - - - - - - - - - - - - - - - - - - - - - -

Query:       nifV-07242025  [M=437]
Scores for complete sequences (score includes all domains):
   --- full sequence ---   --- best 1 domain ---    -#dom-
    E-value  score  bias    E-value  score  bias    exp  N  Sequence             Description
    ------- ------ -----    ------- ------ -----   ---- --  --------             -----------
    7.4e-05   18.9   0.0    9.7e-05   18.5   0.0    1.2  1  JAHENC010000022.1_25  # 24463 # 25320 # -1 # ID=8_25;partial=


Domain annotation for each sequence (and alignments):
>> JAHENC010000022.1_25  # 24463 # 25320 # -1 # ID=8_25;partial=00;start_type=ATG;rbs_motif=AAAAAA;rbs_spacer=7bp;gc_con
   #    score  bias  c-Evalue  i-Evalue hmmfrom  hmm to    alifrom  ali to    envfrom  env to     acc
 ---   ------ ----- --------- --------- ------- -------    ------- -------    ------- -------    ----
   1 !   18.5   0.0   4.4e-08   9.7e-05     164     268 ..     163     274 ..      86     280 .. 0.88

  Alignments for each domain:
  == domain 1  score: 18.5 bits;  conditional E-value: 4.4e-08
         nifV-07242025 164 vaqeaGasrlRfaDTlGildPfttlekvkkLraal.dlelEmHaHnDlGlAtANtlaavkaGathvnttvnGLG.......ERAGnAaL 244
                           + ++ G+s l ++DT+G  dP  + + +  L++al ++e+  H H     A+A    a ++G    +t ++G G       E  Gn a 
  JAHENC010000022.1_25 163 LHKDFGVSILALSDTIGCADPTDVRNLFPILQSALpKVEFGAHFHTVREKAAAVIESAYEGGCRRFDTAIKGFGgcpmakdELTGNLAT 251
                           45789999***********************9998347777899999999999999*****************98888888889***** PP

         nifV-07242025 245 eevvlalkrlygidtgidlkrlpe 268
                           e++++ + +  +i+tg+d++++++
  JAHENC010000022.1_25 252 EQLTAWMME-RDIETGLDMDAFQK 274
                           **9998888.89******999875 PP



Internal pipeline statistics summary:
-------------------------------------
Query model(s):                            1  (437 nodes)
Target sequences:                       2206  (800399 residues searched)
Passed MSV filter:                        55  (0.024932); expected 44.1 (0.02)
Passed bias filter:                       39  (0.0176791); expected 44.1 (0.02)
Passed Vit filter:                         5  (0.00226655); expected 2.2 (0.001)
Passed Fwd filter:                         1  (0.000453309); expected 0.0 (1e-05)
Initial search space (Z):               2206  [actual number of targets]
Domain search space  (domZ):               1  [number of targets reported over threshold]
# CPU time: 0.02u 0.00s 00:00:00.02 Elapsed: 00:00:00.03
# Mc/sec: 11324.58
//
[ok]
