# hmmsearch :: search profile(s) against a sequence database
# HMMER 3.4 (Aug 2023); http://hmmer.org/
# Copyright (C) 2023 Howard Hughes Medical Institute.
# Freely distributed under the BSD open source license.
# - - - - - - - - - - - - - - - - - - - - - - - - - - - - - - - - - - - -
# query HMM file:                  ../HMMs/combined_nif_04012025.hmm
# target sequence database:        ../all_rep_proteins_aa/bacteria/GB_GCA_949841595.1_protein.faa
# - - - - - - - - - - - - - - - - - - - - - - - - - - - - - - - - - - - -

Query:       nifH-03292025  [M=327]
Scores for complete sequences (score includes all domains):
   --- full sequence ---   --- best 1 domain ---    -#dom-
    E-value  score  bias    E-value  score  bias    exp  N  Sequence              Description
    ------- ------ -----    ------- ------ -----   ---- --  --------              -----------
    2.8e-12   42.4   1.1      3e-08   29.1   0.2    2.1  2  CATKZB010000009.1_7    # 6412 # 7239 # -1 # ID=9_7;partial=00
    1.9e-07   26.6   0.0    0.00037   15.7   0.1    2.1  2  CATKZB010000001.1_213  # 205396 # 206187 # -1 # ID=1_213;part


Domain annotation for each sequence (and alignments):
>> CATKZB010000009.1_7  # 6412 # 7239 # -1 # ID=9_7;partial=00;start_type=ATG;rbs_motif=AGGA;rbs_spacer=5-10bp;gc_cont=0
   #    score  bias  c-Evalue  i-Evalue hmmfrom  hmm to    alifrom  ali to    envfrom  env to     acc
 ---   ------ ----- --------- --------- ------- -------    ------- -------    ------- -------    ----
   1 !   29.1   0.2   5.6e-11     3e-08      17      71 ..      11      67 ..       2      87 .. 0.80
   2 !   12.2   0.1   8.3e-06    0.0045     152     261 ..     144     258 ..     139     272 .. 0.75

  Alignments for each domain:
  == domain 1  score: 29.1 bits;  conditional E-value: 5.6e-11
        nifH-03292025 17 KGGiGKSttasnlsaalaeegkkvlivGCdPKaDstrl..llggkaqktvldllrek 71
                         KGG+GK tt  n+++ +a +gkk+li+  dP   +t+   + ++k  kt+ dl+  +
  CATKZB010000009.1_7 11 KGGVGKTTTCVNVATYMALMGKKILILDLDPQGNATSAvgINKTKDLKTIYDLIDGE 67
                         9******************************98877652267888899999998754 PP

  == domain 2  score: 12.2 bits;  conditional E-value: 8.3e-06
        nifH-03292025 152 vyivtsgemmalYaanniakgik..kyaeeggvrlgGlicNsrkvdke..eelveefaeklgtqi.iafvprsnevqkaelekktvieaa 236
                          v+i + +e+  l     ++++i+  ky+ + +  + G+++ +++++ +  +++ +e+ + ++ ++ ++ +pr+  + +a  ++  +  ++
  CATKZB010000009.1_7 144 VIIPIQCEFFPLEGLAQLMNTIRliKYHLNPDLDIEGVVMTMKEKRYNltTQVSNEIMKVFNKKVyLTSIPRNIRLAEAPSHGLPIALYD 233
                          555566666666666666777652256666788889999887766543216777888888888873579********************* PP

        nifH-03292025 237 pdseqakeyreLakkilenkklvip 261
                           +s+ a++y +La++i++ +++ ++
  CATKZB010000009.1_7 234 ANSKGAEAYLSLAEEIMKRNNTPFT 258
                          ****************998876554 PP

>> CATKZB010000001.1_213  # 205396 # 206187 # -1 # ID=1_213;partial=00;start_type=ATG;rbs_motif=AGGAG;rbs_spacer=5-10bp;
   #    score  bias  c-Evalue  i-Evalue hmmfrom  hmm to    alifrom  ali to    envfrom  env to     acc
 ---   ------ ----- --------- --------- ------- -------    ------- -------    ------- -------    ----
   1 !   15.7   0.1   6.8e-07   0.00037      14      44 ..       8      38 ..       1      72 [. 0.82
   2 !    9.0   0.0   7.4e-05      0.04     149     255 ..     135     237 ..     109     253 .. 0.80

  Alignments for each domain:
  == domain 1  score: 15.7 bits;  conditional E-value: 6.8e-07
          nifH-03292025 14 iYGKGGiGKSttasnlsaalaeegkkvlivG 44
                             GKGG+GK t+ +nl + l++ g +v+ + 
  CATKZB010000001.1_213  8 TSGKGGVGKTTVCANLGVYLSRLGFRVVLMD 38
                           46***********************998765 PP

  == domain 2  score: 9.0 bits;  conditional E-value: 7.4e-05
          nifH-03292025 149 adevyivtsgemmalYaanniakgikkyaeeggvrlgGlicNsrkvd....keeelveefaeklgtqiiafvprsnevqkaelekktv 232
                            a+e  iv++  + ++  a+ ++  +++y+ e     +Gl+ N+++ d     e   +e++++++++ ++  +p++++v+k   +++++
  CATKZB010000001.1_213 135 ANEALIVVTPHLSSIRDADKVVGLLSEYNIE----SKGLVINRMRGDlllsGEMMNIESIVKAMNIPLLGVIPEDDTVSKMSSDGRIM 218
                            5677778888888888888877777777754....569999988754333289999************************99999887 PP

          nifH-03292025 233 ieaapdseqakeyreLakkilen 255
                            ++     e+a++++ L+++i++ 
  CATKZB010000001.1_213 219 TD----GESARAFTLLSENIHNG 237
                            65....55677777788877765 PP



Internal pipeline statistics summary:
-------------------------------------
Query model(s):                            1  (327 nodes)
Target sequences:                       1085  (344156 residues searched)
Passed MSV filter:                       103  (0.0949309); expected 21.7 (0.02)
Passed bias filter:                       54  (0.0497696); expected 21.7 (0.02)
Passed Vit filter:                        10  (0.00921659); expected 1.1 (0.001)
Passed Fwd filter:                         2  (0.00184332); expected 0.0 (1e-05)
Initial search space (Z):               1085  [actual number of targets]
Domain search space  (domZ):               2  [number of targets reported over threshold]
# CPU time: 0.01u 0.00s 00:00:00.01 Elapsed: 00:00:00.01
# Mc/sec: 7013.31
//
Query:       nifD-03292025  [M=482]
Scores for complete sequences (score includes all domains):
   --- full sequence ---   --- best 1 domain ---    -#dom-
    E-value  score  bias    E-value  score  bias    exp  N  Sequence Description
    ------- ------ -----    ------- ------ -----   ---- --  -------- -----------

   [No hits detected that satisfy reporting thresholds]


Domain annotation for each sequence (and alignments):

   [No targets detected that satisfy reporting thresholds]


Internal pipeline statistics summary:
-------------------------------------
Query model(s):                            1  (482 nodes)
Target sequences:                       1085  (344156 residues searched)
Passed MSV filter:                        69  (0.0635945); expected 21.7 (0.02)
Passed bias filter:                       20  (0.0184332); expected 21.7 (0.02)
Passed Vit filter:                         2  (0.00184332); expected 1.1 (0.001)
Passed Fwd filter:                         0  (0); expected 0.0 (1e-05)
Initial search space (Z):               1085  [actual number of targets]
Domain search space  (domZ):               0  [number of targets reported over threshold]
# CPU time: 0.01u 0.00s 00:00:00.01 Elapsed: 00:00:00.00
# Mc/sec: 16931.18
//
Query:       nifK-03292025  [M=490]
Scores for complete sequences (score includes all domains):
   --- full sequence ---   --- best 1 domain ---    -#dom-
    E-value  score  bias    E-value  score  bias    exp  N  Sequence Description
    ------- ------ -----    ------- ------ -----   ---- --  -------- -----------

   [No hits detected that satisfy reporting thresholds]


Domain annotation for each sequence (and alignments):

   [No targets detected that satisfy reporting thresholds]


Internal pipeline statistics summary:
-------------------------------------
Query model(s):                            1  (490 nodes)
Target sequences:                       1085  (344156 residues searched)
Passed MSV filter:                        39  (0.0359447); expected 21.7 (0.02)
Passed bias filter:                       21  (0.0193548); expected 21.7 (0.02)
Passed Vit filter:                         2  (0.00184332); expected 1.1 (0.001)
Passed Fwd filter:                         0  (0); expected 0.0 (1e-05)
Initial search space (Z):               1085  [actual number of targets]
Domain search space  (domZ):               0  [number of targets reported over threshold]
# CPU time: 0.01u 0.00s 00:00:00.01 Elapsed: 00:00:00.00
# Mc/sec: 16967.98
//
Query:       nifB-03292025  [M=505]
Scores for complete sequences (score includes all domains):
   --- full sequence ---   --- best 1 domain ---    -#dom-
    E-value  score  bias    E-value  score  bias    exp  N  Sequence Description
    ------- ------ -----    ------- ------ -----   ---- --  -------- -----------

   [No hits detected that satisfy reporting thresholds]


Domain annotation for each sequence (and alignments):

   [No targets detected that satisfy reporting thresholds]


Internal pipeline statistics summary:
-------------------------------------
Query model(s):                            1  (505 nodes)
Target sequences:                       1085  (344156 residues searched)
Passed MSV filter:                        58  (0.0534562); expected 21.7 (0.02)
Passed bias filter:                       22  (0.0202765); expected 21.7 (0.02)
Passed Vit filter:                         2  (0.00184332); expected 1.1 (0.001)
Passed Fwd filter:                         0  (0); expected 0.0 (1e-05)
Initial search space (Z):               1085  [actual number of targets]
Domain search space  (domZ):               0  [number of targets reported over threshold]
# CPU time: 0.01u 0.00s 00:00:00.01 Elapsed: 00:00:00.00
# Mc/sec: 18256.87
//
Query:       nifE-03292025  [M=556]
Scores for complete sequences (score includes all domains):
   --- full sequence ---   --- best 1 domain ---    -#dom-
    E-value  score  bias    E-value  score  bias    exp  N  Sequence Description
    ------- ------ -----    ------- ------ -----   ---- --  -------- -----------

   [No hits detected that satisfy reporting thresholds]


Domain annotation for each sequence (and alignments):

   [No targets detected that satisfy reporting thresholds]


Internal pipeline statistics summary:
-------------------------------------
Query model(s):                            1  (556 nodes)
Target sequences:                       1085  (344156 residues searched)
Passed MSV filter:                        70  (0.0645161); expected 21.7 (0.02)
Passed bias filter:                       33  (0.0304147); expected 21.7 (0.02)
Passed Vit filter:                         3  (0.00276498); expected 1.1 (0.001)
Passed Fwd filter:                         0  (0); expected 0.0 (1e-05)
Initial search space (Z):               1085  [actual number of targets]
Domain search space  (domZ):               0  [number of targets reported over threshold]
# CPU time: 0.01u 0.00s 00:00:00.01 Elapsed: 00:00:00.01
# Mc/sec: 17152.28
//
Query:       nifN-03292025  [M=700]
Scores for complete sequences (score includes all domains):
   --- full sequence ---   --- best 1 domain ---    -#dom-
    E-value  score  bias    E-value  score  bias    exp  N  Sequence Description
    ------- ------ -----    ------- ------ -----   ---- --  -------- -----------

   [No hits detected that satisfy reporting thresholds]


Domain annotation for each sequence (and alignments):

   [No targets detected that satisfy reporting thresholds]


Internal pipeline statistics summary:
-------------------------------------
Query model(s):                            1  (700 nodes)
Target sequences:                       1085  (344156 residues searched)
Passed MSV filter:                        44  (0.040553); expected 21.7 (0.02)
Passed bias filter:                       32  (0.0294931); expected 21.7 (0.02)
Passed Vit filter:                         1  (0.000921659); expected 1.1 (0.001)
Passed Fwd filter:                         0  (0); expected 0.0 (1e-05)
Initial search space (Z):               1085  [actual number of targets]
Domain search space  (domZ):               0  [number of targets reported over threshold]
# CPU time: 0.01u 0.00s 00:00:00.01 Elapsed: 00:00:00.01
# Mc/sec: 18965.13
//
Query:       pchlide-04012025  [M=508]
Scores for complete sequences (score includes all domains):
   --- full sequence ---   --- best 1 domain ---    -#dom-
    E-value  score  bias    E-value  score  bias    exp  N  Sequence Description
    ------- ------ -----    ------- ------ -----   ---- --  -------- -----------

   [No hits detected that satisfy reporting thresholds]


Domain annotation for each sequence (and alignments):

   [No targets detected that satisfy reporting thresholds]


Internal pipeline statistics summary:
-------------------------------------
Query model(s):                            1  (508 nodes)
Target sequences:                       1085  (344156 residues searched)
Passed MSV filter:                        37  (0.0341014); expected 21.7 (0.02)
Passed bias filter:                       24  (0.0221198); expected 21.7 (0.02)
Passed Vit filter:                         2  (0.00184332); expected 1.1 (0.001)
Passed Fwd filter:                         0  (0); expected 0.0 (1e-05)
Initial search space (Z):               1085  [actual number of targets]
Domain search space  (domZ):               0  [number of targets reported over threshold]
# CPU time: 0.01u 0.00s 00:00:00.01 Elapsed: 00:00:00.00
# Mc/sec: 21157.11
//
[ok]
# hmmsearch :: search profile(s) against a sequence database
# HMMER 3.4 (Aug 2023); http://hmmer.org/
# Copyright (C) 2023 Howard Hughes Medical Institute.
# Freely distributed under the BSD open source license.
# - - - - - - - - - - - - - - - - - - - - - - - - - - - - - - - - - - - -
# query HMM file:                  ../HMMs/nifV_07242025.hmm
# target sequence database:        ../all_rep_proteins_aa/bacteria/GB_GCA_949841595.1_protein.faa
# - - - - - - - - - - - - - - - - - - - - - - - - - - - - - - - - - - - -

Query:       nifV-07242025  [M=437]
Scores for complete sequences (score includes all domains):
   --- full sequence ---   --- best 1 domain ---    -#dom-
    E-value  score  bias    E-value  score  bias    exp  N  Sequence Description
    ------- ------ -----    ------- ------ -----   ---- --  -------- -----------

   [No hits detected that satisfy reporting thresholds]


Domain annotation for each sequence (and alignments):

   [No targets detected that satisfy reporting thresholds]


Internal pipeline statistics summary:
-------------------------------------
Query model(s):                            1  (437 nodes)
Target sequences:                       1085  (344156 residues searched)
Passed MSV filter:                        34  (0.0313364); expected 21.7 (0.02)
Passed bias filter:                       27  (0.0248848); expected 21.7 (0.02)
Passed Vit filter:                         2  (0.00184332); expected 1.1 (0.001)
Passed Fwd filter:                         0  (0); expected 0.0 (1e-05)
Initial search space (Z):               1085  [actual number of targets]
Domain search space  (domZ):               0  [number of targets reported over threshold]
# CPU time: 0.01u 0.00s 00:00:00.01 Elapsed: 00:00:00.00
# Mc/sec: 16055.05
//
[ok]
