# hmmsearch :: search profile(s) against a sequence database
# HMMER 3.4 (Aug 2023); http://hmmer.org/
# Copyright (C) 2023 Howard Hughes Medical Institute.
# Freely distributed under the BSD open source license.
# - - - - - - - - - - - - - - - - - - - - - - - - - - - - - - - - - - - -
# query HMM file:                  ../HMMs/combined_nif_04012025.hmm
# target sequence database:        ../all_rep_proteins_aa/bacteria/GB_GCA_030700195.1_protein.faa
# - - - - - - - - - - - - - - - - - - - - - - - - - - - - - - - - - - - -

Query:       nifH-03292025  [M=327]
Scores for complete sequences (score includes all domains):
   --- full sequence ---   --- best 1 domain ---    -#dom-
    E-value  score  bias    E-value  score  bias    exp  N  Sequence             Description
    ------- ------ -----    ------- ------ -----   ---- --  --------             -----------
    5.9e-12   40.5   0.0    1.6e-06   22.7   0.0    2.1  2  JAUYKD010000044.1_14  # 14203 # 14973 # -1 # ID=51_14;partial


Domain annotation for each sequence (and alignments):
>> JAUYKD010000044.1_14  # 14203 # 14973 # -1 # ID=51_14;partial=00;start_type=ATG;rbs_motif=TAA;rbs_spacer=4bp;gc_cont=
   #    score  bias  c-Evalue  i-Evalue hmmfrom  hmm to    alifrom  ali to    envfrom  env to     acc
 ---   ------ ----- --------- --------- ------- -------    ------- -------    ------- -------    ----
   1 !   15.7   0.0   3.4e-07   0.00021      17      55 ..      11      49 ..       3      65 .. 0.90
   2 !   22.7   0.0   2.5e-09   1.6e-06     149     254 ..     141     251 ..     138     255 .. 0.84

  Alignments for each domain:
  == domain 1  score: 15.7 bits;  conditional E-value: 3.4e-07
         nifH-03292025 17 KGGiGKSttasnlsaalaeegkkvlivGCdPKaDstrll 55
                          KGG+GK  ++ nl + la  gk+vl v  d  a +t  l
  JAUYKD010000044.1_14 11 KGGVGKTNVSVNLPVFLAALGKRVLLVDFDHQANATFSL 49
                          9**************************999999998776 PP

  == domain 2  score: 22.7 bits;  conditional E-value: 2.5e-09
         nifH-03292025 149 adevyivtsgemmalYaanniakgikkyaee..ggvrlgGlic..Nsrkvdkeeelveefaeklgtqiiaf.vprsnevqkaelekktv 232
                           ++ev i + +e++al     ++++i+ ++e+  ++v++ G +    +r+ +  +e+ +e+ +++   ++ + +pr+  + +a  ++kt+
  JAUYKD010000044.1_14 141 SNEVLIPVQCEYLALEGLEQLLNTIRLVKENlgQDVKITGALLtmYNRNNRLSREVAKEIRRNFPGYVFDTvIPRQVCLAEAPRTGKTI 229
                           578999999*****************999997778999996551155666777888888888887777765279*************** PP

         nifH-03292025 233 ieaapdseqakeyreLakkile 254
                           +++ap+s +ak+yreLa++ ++
  JAUYKD010000044.1_14 230 LQYAPTSLAAKAYRELAEEFIN 251
                           *****************98765 PP



Internal pipeline statistics summary:
-------------------------------------
Query model(s):                            1  (327 nodes)
Target sequences:                        625  (168598 residues searched)
Passed MSV filter:                        31  (0.0496); expected 12.5 (0.02)
Passed bias filter:                       19  (0.0304); expected 12.5 (0.02)
Passed Vit filter:                         1  (0.0016); expected 0.6 (0.001)
Passed Fwd filter:                         1  (0.0016); expected 0.0 (1e-05)
Initial search space (Z):                625  [actual number of targets]
Domain search space  (domZ):               1  [number of targets reported over threshold]
# CPU time: 0.00u 0.00s 00:00:00.00 Elapsed: 00:00:00.00
# Mc/sec: 7292.05
//
Query:       nifD-03292025  [M=482]
Scores for complete sequences (score includes all domains):
   --- full sequence ---   --- best 1 domain ---    -#dom-
    E-value  score  bias    E-value  score  bias    exp  N  Sequence Description
    ------- ------ -----    ------- ------ -----   ---- --  -------- -----------

   [No hits detected that satisfy reporting thresholds]


Domain annotation for each sequence (and alignments):

   [No targets detected that satisfy reporting thresholds]


Internal pipeline statistics summary:
-------------------------------------
Query model(s):                            1  (482 nodes)
Target sequences:                        625  (168598 residues searched)
Passed MSV filter:                        34  (0.0544); expected 12.5 (0.02)
Passed bias filter:                       20  (0.032); expected 12.5 (0.02)
Passed Vit filter:                         1  (0.0016); expected 0.6 (0.001)
Passed Fwd filter:                         0  (0); expected 0.0 (1e-05)
Initial search space (Z):                625  [actual number of targets]
Domain search space  (domZ):               0  [number of targets reported over threshold]
# CPU time: 0.00u 0.00s 00:00:00.00 Elapsed: 00:00:00.00
# Mc/sec: 14120.30
//
Query:       nifK-03292025  [M=490]
Scores for complete sequences (score includes all domains):
   --- full sequence ---   --- best 1 domain ---    -#dom-
    E-value  score  bias    E-value  score  bias    exp  N  Sequence Description
    ------- ------ -----    ------- ------ -----   ---- --  -------- -----------

   [No hits detected that satisfy reporting thresholds]


Domain annotation for each sequence (and alignments):

   [No targets detected that satisfy reporting thresholds]


Internal pipeline statistics summary:
-------------------------------------
Query model(s):                            1  (490 nodes)
Target sequences:                        625  (168598 residues searched)
Passed MSV filter:                        25  (0.04); expected 12.5 (0.02)
Passed bias filter:                       18  (0.0288); expected 12.5 (0.02)
Passed Vit filter:                         1  (0.0016); expected 0.6 (0.001)
Passed Fwd filter:                         0  (0); expected 0.0 (1e-05)
Initial search space (Z):                625  [actual number of targets]
Domain search space  (domZ):               0  [number of targets reported over threshold]
# CPU time: 0.00u 0.00s 00:00:00.00 Elapsed: 00:00:00.00
# Mc/sec: 13717.00
//
Query:       nifB-03292025  [M=505]
Scores for complete sequences (score includes all domains):
   --- full sequence ---   --- best 1 domain ---    -#dom-
    E-value  score  bias    E-value  score  bias    exp  N  Sequence Description
    ------- ------ -----    ------- ------ -----   ---- --  -------- -----------

   [No hits detected that satisfy reporting thresholds]


Domain annotation for each sequence (and alignments):

   [No targets detected that satisfy reporting thresholds]


Internal pipeline statistics summary:
-------------------------------------
Query model(s):                            1  (505 nodes)
Target sequences:                        625  (168598 residues searched)
Passed MSV filter:                        29  (0.0464); expected 12.5 (0.02)
Passed bias filter:                       19  (0.0304); expected 12.5 (0.02)
Passed Vit filter:                         0  (0); expected 0.6 (0.001)
Passed Fwd filter:                         0  (0); expected 0.0 (1e-05)
Initial search space (Z):                625  [actual number of targets]
Domain search space  (domZ):               0  [number of targets reported over threshold]
# CPU time: 0.00u 0.00s 00:00:00.00 Elapsed: 00:00:00.00
# Mc/sec: 16291.52
//
Query:       nifE-03292025  [M=556]
Scores for complete sequences (score includes all domains):
   --- full sequence ---   --- best 1 domain ---    -#dom-
    E-value  score  bias    E-value  score  bias    exp  N  Sequence Description
    ------- ------ -----    ------- ------ -----   ---- --  -------- -----------

   [No hits detected that satisfy reporting thresholds]


Domain annotation for each sequence (and alignments):

   [No targets detected that satisfy reporting thresholds]


Internal pipeline statistics summary:
-------------------------------------
Query model(s):                            1  (556 nodes)
Target sequences:                        625  (168598 residues searched)
Passed MSV filter:                        32  (0.0512); expected 12.5 (0.02)
Passed bias filter:                       27  (0.0432); expected 12.5 (0.02)
Passed Vit filter:                         0  (0); expected 0.6 (0.001)
Passed Fwd filter:                         0  (0); expected 0.0 (1e-05)
Initial search space (Z):                625  [actual number of targets]
Domain search space  (domZ):               0  [number of targets reported over threshold]
# CPU time: 0.01u 0.00s 00:00:00.01 Elapsed: 00:00:00.00
# Mc/sec: 13939.23
//
Query:       nifN-03292025  [M=700]
Scores for complete sequences (score includes all domains):
   --- full sequence ---   --- best 1 domain ---    -#dom-
    E-value  score  bias    E-value  score  bias    exp  N  Sequence Description
    ------- ------ -----    ------- ------ -----   ---- --  -------- -----------

   [No hits detected that satisfy reporting thresholds]


Domain annotation for each sequence (and alignments):

   [No targets detected that satisfy reporting thresholds]


Internal pipeline statistics summary:
-------------------------------------
Query model(s):                            1  (700 nodes)
Target sequences:                        625  (168598 residues searched)
Passed MSV filter:                        16  (0.0256); expected 12.5 (0.02)
Passed bias filter:                       12  (0.0192); expected 12.5 (0.02)
Passed Vit filter:                         1  (0.0016); expected 0.6 (0.001)
Passed Fwd filter:                         0  (0); expected 0.0 (1e-05)
Initial search space (Z):                625  [actual number of targets]
Domain search space  (domZ):               0  [number of targets reported over threshold]
# CPU time: 0.01u 0.00s 00:00:00.01 Elapsed: 00:00:00.00
# Mc/sec: 14309.18
//
Query:       pchlide-04012025  [M=508]
Scores for complete sequences (score includes all domains):
   --- full sequence ---   --- best 1 domain ---    -#dom-
    E-value  score  bias    E-value  score  bias    exp  N  Sequence Description
    ------- ------ -----    ------- ------ -----   ---- --  -------- -----------

   [No hits detected that satisfy reporting thresholds]


Domain annotation for each sequence (and alignments):

   [No targets detected that satisfy reporting thresholds]


Internal pipeline statistics summary:
-------------------------------------
Query model(s):                            1  (508 nodes)
Target sequences:                        625  (168598 residues searched)
Passed MSV filter:                        25  (0.04); expected 12.5 (0.02)
Passed bias filter:                       22  (0.0352); expected 12.5 (0.02)
Passed Vit filter:                         0  (0); expected 0.6 (0.001)
Passed Fwd filter:                         0  (0); expected 0.0 (1e-05)
Initial search space (Z):                625  [actual number of targets]
Domain search space  (domZ):               0  [number of targets reported over threshold]
# CPU time: 0.01u 0.00s 00:00:00.01 Elapsed: 00:00:00.00
# Mc/sec: 11797.15
//
[ok]
# hmmsearch :: search profile(s) against a sequence database
# HMMER 3.4 (Aug 2023); http://hmmer.org/
# Copyright (C) 2023 Howard Hughes Medical Institute.
# Freely distributed under the BSD open source license.
# - - - - - - - - - - - - - - - - - - - - - - - - - - - - - - - - - - - -
# query HMM file:                  ../HMMs/nifV_07242025.hmm
# target sequence database:        ../all_rep_proteins_aa/bacteria/GB_GCA_030700195.1_protein.faa
# - - - - - - - - - - - - - - - - - - - - - - - - - - - - - - - - - - - -

Query:       nifV-07242025  [M=437]
Scores for complete sequences (score includes all domains):
   --- full sequence ---   --- best 1 domain ---    -#dom-
    E-value  score  bias    E-value  score  bias    exp  N  Sequence Description
    ------- ------ -----    ------- ------ -----   ---- --  -------- -----------

   [No hits detected that satisfy reporting thresholds]


Domain annotation for each sequence (and alignments):

   [No targets detected that satisfy reporting thresholds]


Internal pipeline statistics summary:
-------------------------------------
Query model(s):                            1  (437 nodes)
Target sequences:                        625  (168598 residues searched)
Passed MSV filter:                        18  (0.0288); expected 12.5 (0.02)
Passed bias filter:                       14  (0.0224); expected 12.5 (0.02)
Passed Vit filter:                         1  (0.0016); expected 0.6 (0.001)
Passed Fwd filter:                         0  (0); expected 0.0 (1e-05)
Initial search space (Z):                625  [actual number of targets]
Domain search space  (domZ):               0  [number of targets reported over threshold]
# CPU time: 0.00u 0.00s 00:00:00.00 Elapsed: 00:00:00.00
# Mc/sec: 13962.61
//
[ok]
