# hmmsearch :: search profile(s) against a sequence database
# HMMER 3.4 (Aug 2023); http://hmmer.org/
# Copyright (C) 2023 Howard Hughes Medical Institute.
# Freely distributed under the BSD open source license.
# - - - - - - - - - - - - - - - - - - - - - - - - - - - - - - - - - - - -
# query HMM file:                  ../HMMs/combined_nif_04012025.hmm
# target sequence database:        ../all_rep_proteins_aa/bacteria/GB_GCA_030635025.1_protein.faa
# - - - - - - - - - - - - - - - - - - - - - - - - - - - - - - - - - - - -

Query:       nifH-03292025  [M=327]
Scores for complete sequences (score includes all domains):
   --- full sequence ---   --- best 1 domain ---    -#dom-
    E-value  score  bias    E-value  score  bias    exp  N  Sequence            Description
    ------- ------ -----    ------- ------ -----   ---- --  --------            -----------
    1.7e-05   21.5   0.1    4.4e-05   20.1   0.1    1.6  2  DAOVZQ010000309.1_1  # 256 # 1272 # 1 # ID=289_1;partial=00;s
    0.00012   18.7   0.3    0.00035   17.2   0.8    1.5  2  DAOVZQ010000270.1_4  # 1555 # 2421 # 1 # ID=352_4;partial=00;
     0.0048   13.4   0.2      0.055   10.0   0.0    2.0  2  DAOVZQ010000147.1_7  # 5114 # 5953 # 1 # ID=75_7;partial=00;s


Domain annotation for each sequence (and alignments):
>> DAOVZQ010000309.1_1  # 256 # 1272 # 1 # ID=289_1;partial=00;start_type=ATG;rbs_motif=GGAGG;rbs_spacer=5-10bp;gc_cont=
   #    score  bias  c-Evalue  i-Evalue hmmfrom  hmm to    alifrom  ali to    envfrom  env to     acc
 ---   ------ ----- --------- --------- ------- -------    ------- -------    ------- -------    ----
   1 !   20.1   0.1   4.7e-08   4.4e-05      17      48 ..      34      65 ..      23      73 .. 0.91
   2 ?   -2.4   0.0      0.34   3.2e+02     196     253 ..     215     273 ..     199     296 .. 0.73

  Alignments for each domain:
  == domain 1  score: 20.1 bits;  conditional E-value: 4.7e-08
        nifH-03292025 17 KGGiGKSttasnlsaalaeegkkvlivGCdPK 48
                         KGG+GK t + nl a++a +g++ l +G dP 
  DAOVZQ010000309.1_1 34 KGGVGKTTSTVNLGATFALSGQRTLLIGLDPQ 65
                         9******************************7 PP

  == domain 2  score: -2.4 bits;  conditional E-value: 0.34
        nifH-03292025 196 keeelveefaeklgtqiia.fvprsnevqkaelekktvieaapdseqakeyreLakkil 253
                            +++ +++++++g ++++  +pr   + +   ++k ++ ++ + +  ++y +L ++++
  DAOVZQ010000309.1_1 215 MSKRVSKSLSKEFGRDVFKtAIPRAARLAEMASQGKPMVIHDRRGRGSRAYFNLMDEVM 273
                          45666777778888877752588888888888888877777777777777777777765 PP

>> DAOVZQ010000270.1_4  # 1555 # 2421 # 1 # ID=352_4;partial=00;start_type=GTG;rbs_motif=AGGA;rbs_spacer=5-10bp;gc_cont=
   #    score  bias  c-Evalue  i-Evalue hmmfrom  hmm to    alifrom  ali to    envfrom  env to     acc
 ---   ------ ----- --------- --------- ------- -------    ------- -------    ------- -------    ----
   1 !   17.2   0.8   3.7e-07   0.00035      11      41 ..       2      33 ..       1      35 [. 0.88
   2 ?   -3.2   0.0      0.59   5.5e+02     202     227 ..     231     256 ..     221     273 .. 0.67

  Alignments for each domain:
  == domain 1  score: 17.2 bits;  conditional E-value: 3.7e-07
        nifH-03292025 11 kiAi.YGKGGiGKSttasnlsaalaeegkkvl 41
                         kiAi  GKGG GK t a+nl+a +ae+g+ vl
  DAOVZQ010000270.1_4  2 KIAIaSGKGGTGKTTLATNLAAYMAESGSVVL 33
                         677735**********************9988 PP

  == domain 2  score: -3.2 bits;  conditional E-value: 0.59
        nifH-03292025 202 eefaeklgtqiiafvprsnevqkael 227
                           +++e+  +++++++p+s+ + +  +
  DAOVZQ010000270.1_4 231 LRYCEDESIDLVTRIPNSRAIAELYA 256
                          45666666677777777776665555 PP

>> DAOVZQ010000147.1_7  # 5114 # 5953 # 1 # ID=75_7;partial=00;start_type=ATG;rbs_motif=GGAG/GAGG;rbs_spacer=5-10bp;gc_c
   #    score  bias  c-Evalue  i-Evalue hmmfrom  hmm to    alifrom  ali to    envfrom  env to     acc
 ---   ------ ----- --------- --------- ------- -------    ------- -------    ------- -------    ----
   1 !   10.0   0.0   5.8e-05     0.055      17      58 ..      11      55 ..       4      86 .. 0.77
   2 ?    1.6   0.0      0.02        19     172     238 ..     165     236 ..     151     271 .. 0.70

  Alignments for each domain:
  == domain 1  score: 10.0 bits;  conditional E-value: 5.8e-05
        nifH-03292025 17 KGGiGKSttasnlsaala...eegkkvlivGCdPKaDstrlllgg 58
                         KGG GK tta nl+a l+   +  ++ li+  dP   +++ llg+
  DAOVZQ010000147.1_7 11 KGGSGKTTTALNLAAGLTrysDITSSCLIIDMDPHGCASSALLGK 55
                         9****************8332446789999999988777777754 PP

  == domain 2  score: 1.6 bits;  conditional E-value: 0.02
        nifH-03292025 172 gikkyaeeggv..rlgGlicNsrk..vdkeeelveefaeklgtqiiaf.vprsnevqkaelekktvieaapd 238
                           i+k++e++++  ++ G+++N+++  +d e+++ +++  +++  ++++ + ++ ++++a  + k + +++  
  DAOVZQ010000147.1_7 165 VIEKIQERQNIwlQVLGVLVNMKDgrTDLEKHVAKQMRGEFKHAVFKTmITNNIKIEEAPSHFKSIYSYDSG 236
                          577788777652256799999886224556777777777777777765144445677777777777666655 PP



Internal pipeline statistics summary:
-------------------------------------
Query model(s):                            1  (327 nodes)
Target sequences:                       2806  (895826 residues searched)
Passed MSV filter:                        91  (0.0324305); expected 56.1 (0.02)
Passed bias filter:                       80  (0.0285103); expected 56.1 (0.02)
Passed Vit filter:                        17  (0.00605845); expected 2.8 (0.001)
Passed Fwd filter:                         3  (0.00106914); expected 0.0 (1e-05)
Initial search space (Z):               2806  [actual number of targets]
Domain search space  (domZ):               3  [number of targets reported over threshold]
# CPU time: 0.02u 0.00s 00:00:00.02 Elapsed: 00:00:00.02
# Mc/sec: 11006.66
//
Query:       nifD-03292025  [M=482]
Scores for complete sequences (score includes all domains):
   --- full sequence ---   --- best 1 domain ---    -#dom-
    E-value  score  bias    E-value  score  bias    exp  N  Sequence Description
    ------- ------ -----    ------- ------ -----   ---- --  -------- -----------

   [No hits detected that satisfy reporting thresholds]


Domain annotation for each sequence (and alignments):

   [No targets detected that satisfy reporting thresholds]


Internal pipeline statistics summary:
-------------------------------------
Query model(s):                            1  (482 nodes)
Target sequences:                       2806  (895826 residues searched)
Passed MSV filter:                        70  (0.0249465); expected 56.1 (0.02)
Passed bias filter:                       66  (0.023521); expected 56.1 (0.02)
Passed Vit filter:                         5  (0.0017819); expected 2.8 (0.001)
Passed Fwd filter:                         0  (0); expected 0.0 (1e-05)
Initial search space (Z):               2806  [actual number of targets]
Domain search space  (domZ):               0  [number of targets reported over threshold]
# CPU time: 0.03u 0.00s 00:00:00.03 Elapsed: 00:00:00.01
# Mc/sec: 25300.88
//
Query:       nifK-03292025  [M=490]
Scores for complete sequences (score includes all domains):
   --- full sequence ---   --- best 1 domain ---    -#dom-
    E-value  score  bias    E-value  score  bias    exp  N  Sequence Description
    ------- ------ -----    ------- ------ -----   ---- --  -------- -----------

   [No hits detected that satisfy reporting thresholds]


Domain annotation for each sequence (and alignments):

   [No targets detected that satisfy reporting thresholds]


Internal pipeline statistics summary:
-------------------------------------
Query model(s):                            1  (490 nodes)
Target sequences:                       2806  (895826 residues searched)
Passed MSV filter:                        53  (0.0188881); expected 56.1 (0.02)
Passed bias filter:                       47  (0.0167498); expected 56.1 (0.02)
Passed Vit filter:                         4  (0.00142552); expected 2.8 (0.001)
Passed Fwd filter:                         0  (0); expected 0.0 (1e-05)
Initial search space (Z):               2806  [actual number of targets]
Domain search space  (domZ):               0  [number of targets reported over threshold]
# CPU time: 0.03u 0.00s 00:00:00.03 Elapsed: 00:00:00.01
# Mc/sec: 27893.63
//
Query:       nifB-03292025  [M=505]
Scores for complete sequences (score includes all domains):
   --- full sequence ---   --- best 1 domain ---    -#dom-
    E-value  score  bias    E-value  score  bias    exp  N  Sequence            Description
    ------- ------ -----    ------- ------ -----   ---- --  --------            -----------
    8.4e-05   18.5   0.0    0.00012   18.0   0.0    1.1  1  DAOVZQ010000408.1_1  # 4 # 1470 # -1 # ID=194_1;partial=00;st
  ------ inclusion threshold ------
      0.012   11.3   0.0      0.078    8.7   0.0    1.9  1  DAOVZQ010000270.1_3  # 1171 # 1545 # 1 # ID=352_3;partial=00;


Domain annotation for each sequence (and alignments):
>> DAOVZQ010000408.1_1  # 4 # 1470 # -1 # ID=194_1;partial=00;start_type=ATG;rbs_motif=GGA/GAG/AGG;rbs_spacer=5-10bp;gc_
   #    score  bias  c-Evalue  i-Evalue hmmfrom  hmm to    alifrom  ali to    envfrom  env to     acc
 ---   ------ ----- --------- --------- ------- -------    ------- -------    ------- -------    ----
   1 !   18.0   0.0   8.4e-08   0.00012      76     180 ..      89     195 ..      66     205 .. 0.79

  Alignments for each domain:
  == domain 1  score: 18.0 bits;  conditional E-value: 8.4e-08
        nifB-03292025  76 faRmHvavApaCNiqCnyCnR..kydCanEsRPGvvsevLtpeqavkkvkavaa..eipqlsVvGiAGPGDalanpektfetlelvkee. 160
                          +  + +++  +CN+ C yC     +d +   R G  s+ +    av++++   +  e p +s  G    G++l +++  +e +elv++e 
  DAOVZQ010000408.1_1  89 IQQLTLSITEQCNLRCGYCLHgnGLDWVRPHREGAMSTEMAQ-AAVREFLRRSRdvETPSISFYG----GEPLLEFDLIREVVELVRREg 173
                          556779999**********8622689999*********9975.5566665554411567788887....9****************9973 PP

        nifB-03292025 161 .apdlklClstNGLaLp.eyvd 180
                             d ++ + tNG  Lp ++vd
  DAOVZQ010000408.1_1 174 aSADYRFVIDTNGTRLPgDVVD 195
                          3689************933445 PP

>> DAOVZQ010000270.1_3  # 1171 # 1545 # 1 # ID=352_3;partial=00;start_type=ATG;rbs_motif=GGA/GAG/AGG;rbs_spacer=5-10bp;g
   #    score  bias  c-Evalue  i-Evalue hmmfrom  hmm to    alifrom  ali to    envfrom  env to     acc
 ---   ------ ----- --------- --------- ------- -------    ------- -------    ------- -------    ----
   1 ?    8.7   0.0   5.5e-05     0.078     375     407 ..       4      35 ..       1     121 [. 0.68

  Alignments for each domain:
  == domain 1  score: 8.7 bits;  conditional E-value: 5.5e-05
        nifB-03292025 375 lvAvaskggkrvnqHFGhakefliyevsekevk 407
                           +A+ ++ggk    HFGh + f + ev+e++++
  DAOVZQ010000270.1_3   4 TFAIPTEGGKSC-AHFGHCEGFALLEVDERNIT 35 
                          578889888876.7************9988774 PP



Internal pipeline statistics summary:
-------------------------------------
Query model(s):                            1  (505 nodes)
Target sequences:                       2806  (895826 residues searched)
Passed MSV filter:                        57  (0.0203136); expected 56.1 (0.02)
Passed bias filter:                       49  (0.0174626); expected 56.1 (0.02)
Passed Vit filter:                         5  (0.0017819); expected 2.8 (0.001)
Passed Fwd filter:                         2  (0.000712758); expected 0.0 (1e-05)
Initial search space (Z):               2806  [actual number of targets]
Domain search space  (domZ):               2  [number of targets reported over threshold]
# CPU time: 0.03u 0.01s 00:00:00.04 Elapsed: 00:00:00.02
# Mc/sec: 21316.22
//
Query:       nifE-03292025  [M=556]
Scores for complete sequences (score includes all domains):
   --- full sequence ---   --- best 1 domain ---    -#dom-
    E-value  score  bias    E-value  score  bias    exp  N  Sequence Description
    ------- ------ -----    ------- ------ -----   ---- --  -------- -----------

   [No hits detected that satisfy reporting thresholds]


Domain annotation for each sequence (and alignments):

   [No targets detected that satisfy reporting thresholds]


Internal pipeline statistics summary:
-------------------------------------
Query model(s):                            1  (556 nodes)
Target sequences:                       2806  (895826 residues searched)
Passed MSV filter:                        77  (0.0274412); expected 56.1 (0.02)
Passed bias filter:                       66  (0.023521); expected 56.1 (0.02)
Passed Vit filter:                         4  (0.00142552); expected 2.8 (0.001)
Passed Fwd filter:                         0  (0); expected 0.0 (1e-05)
Initial search space (Z):               2806  [actual number of targets]
Domain search space  (domZ):               0  [number of targets reported over threshold]
# CPU time: 0.03u 0.00s 00:00:00.03 Elapsed: 00:00:00.01
# Mc/sec: 29809.46
//
Query:       nifN-03292025  [M=700]
Scores for complete sequences (score includes all domains):
   --- full sequence ---   --- best 1 domain ---    -#dom-
    E-value  score  bias    E-value  score  bias    exp  N  Sequence Description
    ------- ------ -----    ------- ------ -----   ---- --  -------- -----------

   [No hits detected that satisfy reporting thresholds]


Domain annotation for each sequence (and alignments):

   [No targets detected that satisfy reporting thresholds]


Internal pipeline statistics summary:
-------------------------------------
Query model(s):                            1  (700 nodes)
Target sequences:                       2806  (895826 residues searched)
Passed MSV filter:                        87  (0.031005); expected 56.1 (0.02)
Passed bias filter:                       73  (0.0260157); expected 56.1 (0.02)
Passed Vit filter:                         6  (0.00213828); expected 2.8 (0.001)
Passed Fwd filter:                         0  (0); expected 0.0 (1e-05)
Initial search space (Z):               2806  [actual number of targets]
Domain search space  (domZ):               0  [number of targets reported over threshold]
# CPU time: 0.04u 0.00s 00:00:00.04 Elapsed: 00:00:00.02
# Mc/sec: 29476.28
//
Query:       pchlide-04012025  [M=508]
Scores for complete sequences (score includes all domains):
   --- full sequence ---   --- best 1 domain ---    -#dom-
    E-value  score  bias    E-value  score  bias    exp  N  Sequence Description
    ------- ------ -----    ------- ------ -----   ---- --  -------- -----------

   [No hits detected that satisfy reporting thresholds]


Domain annotation for each sequence (and alignments):

   [No targets detected that satisfy reporting thresholds]


Internal pipeline statistics summary:
-------------------------------------
Query model(s):                            1  (508 nodes)
Target sequences:                       2806  (895826 residues searched)
Passed MSV filter:                        62  (0.0220955); expected 56.1 (0.02)
Passed bias filter:                       55  (0.0196009); expected 56.1 (0.02)
Passed Vit filter:                         2  (0.000712758); expected 2.8 (0.001)
Passed Fwd filter:                         0  (0); expected 0.0 (1e-05)
Initial search space (Z):               2806  [actual number of targets]
Domain search space  (domZ):               0  [number of targets reported over threshold]
# CPU time: 0.02u 0.00s 00:00:00.02 Elapsed: 00:00:00.01
# Mc/sec: 32307.70
//
[ok]
# hmmsearch :: search profile(s) against a sequence database
# HMMER 3.4 (Aug 2023); http://hmmer.org/
# Copyright (C) 2023 Howard Hughes Medical Institute.
# Freely distributed under the BSD open source license.
# - - - - - - - - - - - - - - - - - - - - - - - - - - - - - - - - - - - -
# query HMM file:                  ../HMMs/nifV_07242025.hmm
# target sequence database:        ../all_rep_proteins_aa/bacteria/GB_GCA_030635025.1_protein.faa
# - - - - - - - - - - - - - - - - - - - - - - - - - - - - - - - - - - - -

Query:       nifV-07242025  [M=437]
Scores for complete sequences (score includes all domains):
   --- full sequence ---   --- best 1 domain ---    -#dom-
    E-value  score  bias    E-value  score  bias    exp  N  Sequence Description
    ------- ------ -----    ------- ------ -----   ---- --  -------- -----------

   [No hits detected that satisfy reporting thresholds]


Domain annotation for each sequence (and alignments):

   [No targets detected that satisfy reporting thresholds]


Internal pipeline statistics summary:
-------------------------------------
Query model(s):                            1  (437 nodes)
Target sequences:                       2806  (895826 residues searched)
Passed MSV filter:                        71  (0.0253029); expected 56.1 (0.02)
Passed bias filter:                       48  (0.0171062); expected 56.1 (0.02)
Passed Vit filter:                         2  (0.000712758); expected 2.8 (0.001)
Passed Fwd filter:                         0  (0); expected 0.0 (1e-05)
Initial search space (Z):               2806  [actual number of targets]
Domain search space  (domZ):               0  [number of targets reported over threshold]
# CPU time: 0.02u 0.00s 00:00:00.02 Elapsed: 00:00:00.01
# Mc/sec: 33144.83
//
[ok]
