# hmmsearch :: search profile(s) against a sequence database
# HMMER 3.4 (Aug 2023); http://hmmer.org/
# Copyright (C) 2023 Howard Hughes Medical Institute.
# Freely distributed under the BSD open source license.
# - - - - - - - - - - - - - - - - - - - - - - - - - - - - - - - - - - - -
# query HMM file:                  ../HMMs/combined_nif_04012025.hmm
# target sequence database:        ../all_rep_proteins_aa/bacteria/GB_GCA_934636265.1_protein.faa
# - - - - - - - - - - - - - - - - - - - - - - - - - - - - - - - - - - - -

Query:       nifH-03292025  [M=327]
Scores for complete sequences (score includes all domains):
   --- full sequence ---   --- best 1 domain ---    -#dom-
    E-value  score  bias    E-value  score  bias    exp  N  Sequence             Description
    ------- ------ -----    ------- ------ -----   ---- --  --------             -----------
    3.4e-12   42.5   1.5    1.1e-06   24.4   0.1    2.1  2  CAKUAD010000026.1_8   # 5002 # 5769 # -1 # ID=26_8;partial=00
      2e-07   26.8   0.1    1.3e-06   24.1   0.1    2.1  2  CAKUAD010000002.1_10  # 10121 # 11254 # -1 # ID=2_10;partial=
     0.0018   13.8   4.9       0.14    7.7   0.1    2.9  3  CAKUAD010000001.1_18  # 14329 # 15963 # 1 # ID=1_18;partial=0
  ------ inclusion threshold ------
       0.71    5.3  10.7       0.51    5.8   0.1    3.7  4  CAKUAD010000010.1_19  # 23827 # 25728 # -1 # ID=10_19;partial


Domain annotation for each sequence (and alignments):
>> CAKUAD010000026.1_8  # 5002 # 5769 # -1 # ID=26_8;partial=00;start_type=ATG;rbs_motif=AAA;rbs_spacer=14bp;gc_cont=0.5
   #    score  bias  c-Evalue  i-Evalue hmmfrom  hmm to    alifrom  ali to    envfrom  env to     acc
 ---   ------ ----- --------- --------- ------- -------    ------- -------    ------- -------    ----
   1 !   24.4   0.1   3.2e-09   1.1e-06      17      53 ..      11      47 ..       3      67 .. 0.91
   2 !   17.5   0.2   4.1e-07   0.00014     148     255 ..     140     252 ..     138     255 .. 0.80

  Alignments for each domain:
  == domain 1  score: 24.4 bits;  conditional E-value: 3.2e-09
        nifH-03292025 17 KGGiGKSttasnlsaalaeegkkvlivGCdPKaDstr 53
                         KGG+GK tt+ nl+a l   +kkvl +  dP a +++
  CAKUAD010000026.1_8 11 KGGVGKTTTSVNLAASLGVLEKKVLLIDADPQANASS 47
                         9*******************************98765 PP

  == domain 2  score: 17.5 bits;  conditional E-value: 4.1e-07
        nifH-03292025 148 kadevyivtsgemmalYaanniakgikkyaee..ggvrlgGlicNsrk..vdkeeelveefaeklgtqiiaf.vprsnevqkaelekktv 232
                           ad+v+i + +e+ al     ++++ik++++       + Gl+  + +   +  +++vee+ ++++  ++++ ++r+ ++++a   ++ +
  CAKUAD010000026.1_8 140 AADSVIIPIQCEYFALEGLGKLLNTIKSVQKIhnPALDIEGLLLTMYDsrLRLSNQVVEEVQKHFHNMVFNTiIQRNVKLSEAPSFGESI 229
                          58899999999999999888888777777765114567789988766511567899********999998762678889*********** PP

        nifH-03292025 233 ieaapdseqakeyreLakkilen 255
                          i+++ +s+ a++y +La++i+ +
  CAKUAD010000026.1_8 230 INFDATSKGATNYLSLAQEIIMK 252
                          *******************9865 PP

>> CAKUAD010000002.1_10  # 10121 # 11254 # -1 # ID=2_10;partial=00;start_type=ATG;rbs_motif=AATAA;rbs_spacer=12bp;gc_con
   #    score  bias  c-Evalue  i-Evalue hmmfrom  hmm to    alifrom  ali to    envfrom  env to     acc
 ---   ------ ----- --------- --------- ------- -------    ------- -------    ------- -------    ----
   1 !   24.1   0.1   3.7e-09   1.3e-06      16      42 ..     108     134 ..      99     171 .. 0.88
   2 ?   -0.2   0.0     0.093        33     201     255 ..     297     350 ..     244     371 .. 0.71

  Alignments for each domain:
  == domain 1  score: 24.1 bits;  conditional E-value: 3.7e-09
         nifH-03292025  16 GKGGiGKSttasnlsaalaeegkkvli 42 
                           GKGG+GKSt+++nl+++la++g kv i
  CAKUAD010000002.1_10 108 GKGGVGKSTVTANLAVTLAHMGFKVGI 134
                           **********************99965 PP

  == domain 2  score: -0.2 bits;  conditional E-value: 0.093
         nifH-03292025 201 veefaeklgtqiiafvprsnevqkaelekktvieaapdseqakeyreLakkilen 255
                            +++a++l++  + +vp  + v++a   ++    ++  s+ a+ + ++a+++ e+
  CAKUAD010000002.1_10 297 ARNLADDLQVPFLGEVPLVQSVREAGDYGRPA-AMQTGSPVADVFVDVARRVVEE 350
                           46788889999999999999999887666654.4556788888888888888765 PP

>> CAKUAD010000001.1_18  # 14329 # 15963 # 1 # ID=1_18;partial=00;start_type=ATG;rbs_motif=AAAAAA;rbs_spacer=8bp;gc_cont
   #    score  bias  c-Evalue  i-Evalue hmmfrom  hmm to    alifrom  ali to    envfrom  env to     acc
 ---   ------ ----- --------- --------- ------- -------    ------- -------    ------- -------    ----
   1 !    7.4   0.1   0.00047      0.17       7      26 ..      25      44 ..      19      52 .. 0.82
   2 ?   -2.3   0.2      0.42   1.5e+02     233     280 ..     251     304 ..     220     316 .. 0.58
   3 !    7.7   0.1   0.00038      0.14       7      33 ..     351     377 ..     345     386 .. 0.81

  Alignments for each domain:
  == domain 1  score: 7.4 bits;  conditional E-value: 0.00047
         nifH-03292025  7 kkmrkiAiYGKGGiGKStta 26
                          ++  kiA+ GK G GKSt  
  CAKUAD010000001.1_18 25 NENDKIALMGKNGAGKSTLL 44
                          5678**************86 PP

  == domain 2  score: -2.3 bits;  conditional E-value: 0.42
         nifH-03292025 233 ieaapdseqakeyreLakkilenk......klvipkplseeeleellaelglle 280
                           + ++ + +q+k+y+e  k+i+e++      k +  k l+ ++  ++l++l+l+e
  CAKUAD010000001.1_18 251 LRKDRRAHQQKAYEEQQKMIAETTefierfKGTYSKTLQVQSRVKMLEKLELVE 304
                           444555566666666666666655333333444444555555555555555544 PP

  == domain 3  score: 7.7 bits;  conditional E-value: 0.00038
         nifH-03292025   7 kkmrkiAiYGKGGiGKSttasnlsaal 33 
                           ++ +k+A+ GK G GKSt+ + ++  +
  CAKUAD010000001.1_18 351 ERGQKVAFVGKNGEGKSTMIKAIMKEI 377
                           45689*************998887665 PP

>> CAKUAD010000010.1_19  # 23827 # 25728 # -1 # ID=10_19;partial=00;start_type=ATG;rbs_motif=AAA;rbs_spacer=15bp;gc_cont
   #    score  bias  c-Evalue  i-Evalue hmmfrom  hmm to    alifrom  ali to    envfrom  env to     acc
 ---   ------ ----- --------- --------- ------- -------    ------- -------    ------- -------    ----
   1 ?    3.5   0.1     0.007       2.5      11      35 ..      29      53 ..      21      60 .. 0.84
   2 ?   -0.2   0.2     0.098        35     243     285 ..     246     289 ..     212     332 .. 0.59
   3 ?    5.8   0.1    0.0014      0.51       4      34 ..     348     378 ..     345     385 .. 0.82
   4 ?   -0.4   0.5      0.11        38     216     275 ..     535     623 ..     512     631 .. 0.57

  Alignments for each domain:
  == domain 1  score: 3.5 bits;  conditional E-value: 0.007
         nifH-03292025 11 kiAiYGKGGiGKSttasnlsaalae 35
                          ++ + GK G GKSt+ + ls  la 
  CAKUAD010000010.1_19 29 RVGLVGKNGAGKSTMLKILSRDLAP 53
                          78899**********9999988874 PP

  == domain 2  score: -0.2 bits;  conditional E-value: 0.098
         nifH-03292025 243 keyreLakkilenkklvipkp.lseeeleellaelglleeedev 285
                           ++y  L ++i e++  + ++   + ee e+l+++++  +++ ++
  CAKUAD010000010.1_19 246 SQYLVLRQEIREKQLATQKNQqKKIEETEKLIEKFRAKASKASM 289
                           55555666665555433332202345555555555333333222 PP

  == domain 3  score: 5.8 bits;  conditional E-value: 0.0014
         nifH-03292025   4 lmakkmrkiAiYGKGGiGKSttasnlsaala 34 
                           lm ++  kiA+ G  G GKSt  + ++  + 
  CAKUAD010000010.1_19 348 LMVERGSKIAFVGQNGQGKSTLIKAIVNEFP 378
                           5677789**************9998887665 PP

  == domain 4  score: -0.4 bits;  conditional E-value: 0.11
         nifH-03292025 216 vprsnevqkaelekktvieaap.dseqakeyreLakkilenk............................klvipkplseeeleellae 275
                           +++ +ev+k +++k+tv+++ + + + +k++++L +++++ +                            +++     ++eel++l+ae
  CAKUAD010000010.1_19 535 MENMREVEKRDVRKETVVSQPKvSYDDQKKLKSLQNRLSKVEsqikdleaqisrddrelesnydkhienaSFFTAYNKKKEELDRLMAE 623
                           56677899999999998876541456677888888888655533333333333333333332322222222222233345555555554 PP



Internal pipeline statistics summary:
-------------------------------------
Query model(s):                            1  (327 nodes)
Target sequences:                       1428  (476489 residues searched)
Passed MSV filter:                        62  (0.0434174); expected 28.6 (0.02)
Passed bias filter:                       52  (0.0364146); expected 28.6 (0.02)
Passed Vit filter:                        12  (0.00840336); expected 1.4 (0.001)
Passed Fwd filter:                         4  (0.00280112); expected 0.0 (1e-05)
Initial search space (Z):               1428  [actual number of targets]
Domain search space  (domZ):               4  [number of targets reported over threshold]
# CPU time: 0.02u 0.00s 00:00:00.02 Elapsed: 00:00:00.02
# Mc/sec: 6061.62
//
Query:       nifD-03292025  [M=482]
Scores for complete sequences (score includes all domains):
   --- full sequence ---   --- best 1 domain ---    -#dom-
    E-value  score  bias    E-value  score  bias    exp  N  Sequence Description
    ------- ------ -----    ------- ------ -----   ---- --  -------- -----------

   [No hits detected that satisfy reporting thresholds]


Domain annotation for each sequence (and alignments):

   [No targets detected that satisfy reporting thresholds]


Internal pipeline statistics summary:
-------------------------------------
Query model(s):                            1  (482 nodes)
Target sequences:                       1428  (476489 residues searched)
Passed MSV filter:                        68  (0.047619); expected 28.6 (0.02)
Passed bias filter:                       53  (0.0371148); expected 28.6 (0.02)
Passed Vit filter:                         5  (0.0035014); expected 1.4 (0.001)
Passed Fwd filter:                         0  (0); expected 0.0 (1e-05)
Initial search space (Z):               1428  [actual number of targets]
Domain search space  (domZ):               0  [number of targets reported over threshold]
# CPU time: 0.02u 0.00s 00:00:00.02 Elapsed: 00:00:00.01
# Mc/sec: 15509.78
//
Query:       nifK-03292025  [M=490]
Scores for complete sequences (score includes all domains):
   --- full sequence ---   --- best 1 domain ---    -#dom-
    E-value  score  bias    E-value  score  bias    exp  N  Sequence Description
    ------- ------ -----    ------- ------ -----   ---- --  -------- -----------

   [No hits detected that satisfy reporting thresholds]


Domain annotation for each sequence (and alignments):

   [No targets detected that satisfy reporting thresholds]


Internal pipeline statistics summary:
-------------------------------------
Query model(s):                            1  (490 nodes)
Target sequences:                       1428  (476489 residues searched)
Passed MSV filter:                        46  (0.0322129); expected 28.6 (0.02)
Passed bias filter:                       31  (0.0217087); expected 28.6 (0.02)
Passed Vit filter:                         2  (0.00140056); expected 1.4 (0.001)
Passed Fwd filter:                         0  (0); expected 0.0 (1e-05)
Initial search space (Z):               1428  [actual number of targets]
Domain search space  (domZ):               0  [number of targets reported over threshold]
# CPU time: 0.01u 0.01s 00:00:00.02 Elapsed: 00:00:00.01
# Mc/sec: 15640.14
//
Query:       nifB-03292025  [M=505]
Scores for complete sequences (score includes all domains):
   --- full sequence ---   --- best 1 domain ---    -#dom-
    E-value  score  bias    E-value  score  bias    exp  N  Sequence             Description
    ------- ------ -----    ------- ------ -----   ---- --  --------             -----------
     0.0017   13.2   0.0     0.0025   12.7   0.0    1.4  1  CAKUAD010000013.1_10  # 9621 # 10820 # 1 # ID=13_10;partial=0


Domain annotation for each sequence (and alignments):
>> CAKUAD010000013.1_10  # 9621 # 10820 # 1 # ID=13_10;partial=00;start_type=ATG;rbs_motif=AAA;rbs_spacer=5bp;gc_cont=0.
   #    score  bias  c-Evalue  i-Evalue hmmfrom  hmm to    alifrom  ali to    envfrom  env to     acc
 ---   ------ ----- --------- --------- ------- -------    ------- -------    ------- -------    ----
   1 !   12.7   0.0   1.7e-06    0.0025     226     272 ..     253     300 ..     196     363 .. 0.83

  Alignments for each domain:
  == domain 1  score: 12.7 bits;  conditional E-value: 1.7e-06
         nifB-03292025 226 lerQlegleklaergvlvKvNsv.lipgvNdehlvevakkvkekgafl 272
                           +++ l+++++l+e+g+ v v +  lipg+N +++  +ak+  + ga+ 
  CAKUAD010000013.1_10 253 IAKRLQTVKRLSEAGIPVNVMIApLIPGINSHEVLPLAKAAADAGALS 300
                           67899*************998755*******************99975 PP



Internal pipeline statistics summary:
-------------------------------------
Query model(s):                            1  (505 nodes)
Target sequences:                       1428  (476489 residues searched)
Passed MSV filter:                        34  (0.0238095); expected 28.6 (0.02)
Passed bias filter:                       25  (0.017507); expected 28.6 (0.02)
Passed Vit filter:                         3  (0.00210084); expected 1.4 (0.001)
Passed Fwd filter:                         1  (0.00070028); expected 0.0 (1e-05)
Initial search space (Z):               1428  [actual number of targets]
Domain search space  (domZ):               1  [number of targets reported over threshold]
# CPU time: 0.01u 0.00s 00:00:00.01 Elapsed: 00:00:00.01
# Mc/sec: 16443.30
//
Query:       nifE-03292025  [M=556]
Scores for complete sequences (score includes all domains):
   --- full sequence ---   --- best 1 domain ---    -#dom-
    E-value  score  bias    E-value  score  bias    exp  N  Sequence Description
    ------- ------ -----    ------- ------ -----   ---- --  -------- -----------

   [No hits detected that satisfy reporting thresholds]


Domain annotation for each sequence (and alignments):

   [No targets detected that satisfy reporting thresholds]


Internal pipeline statistics summary:
-------------------------------------
Query model(s):                            1  (556 nodes)
Target sequences:                       1428  (476489 residues searched)
Passed MSV filter:                        56  (0.0392157); expected 28.6 (0.02)
Passed bias filter:                       39  (0.0273109); expected 28.6 (0.02)
Passed Vit filter:                         3  (0.00210084); expected 1.4 (0.001)
Passed Fwd filter:                         0  (0); expected 0.0 (1e-05)
Initial search space (Z):               1428  [actual number of targets]
Domain search space  (domZ):               0  [number of targets reported over threshold]
# CPU time: 0.02u 0.00s 00:00:00.02 Elapsed: 00:00:00.01
# Mc/sec: 14327.81
//
Query:       nifN-03292025  [M=700]
Scores for complete sequences (score includes all domains):
   --- full sequence ---   --- best 1 domain ---    -#dom-
    E-value  score  bias    E-value  score  bias    exp  N  Sequence Description
    ------- ------ -----    ------- ------ -----   ---- --  -------- -----------

   [No hits detected that satisfy reporting thresholds]


Domain annotation for each sequence (and alignments):

   [No targets detected that satisfy reporting thresholds]


Internal pipeline statistics summary:
-------------------------------------
Query model(s):                            1  (700 nodes)
Target sequences:                       1428  (476489 residues searched)
Passed MSV filter:                        50  (0.035014); expected 28.6 (0.02)
Passed bias filter:                       40  (0.0280112); expected 28.6 (0.02)
Passed Vit filter:                         9  (0.00630252); expected 1.4 (0.001)
Passed Fwd filter:                         0  (0); expected 0.0 (1e-05)
Initial search space (Z):               1428  [actual number of targets]
Domain search space  (domZ):               0  [number of targets reported over threshold]
# CPU time: 0.03u 0.00s 00:00:00.03 Elapsed: 00:00:00.02
# Mc/sec: 12991.28
//
Query:       pchlide-04012025  [M=508]
Scores for complete sequences (score includes all domains):
   --- full sequence ---   --- best 1 domain ---    -#dom-
    E-value  score  bias    E-value  score  bias    exp  N  Sequence Description
    ------- ------ -----    ------- ------ -----   ---- --  -------- -----------

   [No hits detected that satisfy reporting thresholds]


Domain annotation for each sequence (and alignments):

   [No targets detected that satisfy reporting thresholds]


Internal pipeline statistics summary:
-------------------------------------
Query model(s):                            1  (508 nodes)
Target sequences:                       1428  (476489 residues searched)
Passed MSV filter:                        42  (0.0294118); expected 28.6 (0.02)
Passed bias filter:                       33  (0.0231092); expected 28.6 (0.02)
Passed Vit filter:                         3  (0.00210084); expected 1.4 (0.001)
Passed Fwd filter:                         0  (0); expected 0.0 (1e-05)
Initial search space (Z):               1428  [actual number of targets]
Domain search space  (domZ):               0  [number of targets reported over threshold]
# CPU time: 0.01u 0.00s 00:00:00.01 Elapsed: 00:00:00.01
# Mc/sec: 20465.96
//
[ok]
# hmmsearch :: search profile(s) against a sequence database
# HMMER 3.4 (Aug 2023); http://hmmer.org/
# Copyright (C) 2023 Howard Hughes Medical Institute.
# Freely distributed under the BSD open source license.
# - - - - - - - - - - - - - - - - - - - - - - - - - - - - - - - - - - - -
# query HMM file:                  ../HMMs/nifV_07242025.hmm
# target sequence database:        ../all_rep_proteins_aa/bacteria/GB_GCA_934636265.1_protein.faa
# - - - - - - - - - - - - - - - - - - - - - - - - - - - - - - - - - - - -

Query:       nifV-07242025  [M=437]
Scores for complete sequences (score includes all domains):
   --- full sequence ---   --- best 1 domain ---    -#dom-
    E-value  score  bias    E-value  score  bias    exp  N  Sequence Description
    ------- ------ -----    ------- ------ -----   ---- --  -------- -----------

   [No hits detected that satisfy reporting thresholds]


Domain annotation for each sequence (and alignments):

   [No targets detected that satisfy reporting thresholds]


Internal pipeline statistics summary:
-------------------------------------
Query model(s):                            1  (437 nodes)
Target sequences:                       1428  (476489 residues searched)
Passed MSV filter:                        50  (0.035014); expected 28.6 (0.02)
Passed bias filter:                       36  (0.0252101); expected 28.6 (0.02)
Passed Vit filter:                         2  (0.00140056); expected 1.4 (0.001)
Passed Fwd filter:                         0  (0); expected 0.0 (1e-05)
Initial search space (Z):               1428  [actual number of targets]
Domain search space  (domZ):               0  [number of targets reported over threshold]
# CPU time: 0.01u 0.00s 00:00:00.01 Elapsed: 00:00:00.00
# Mc/sec: 20922.58
//
[ok]
