# hmmsearch :: search profile(s) against a sequence database
# HMMER 3.4 (Aug 2023); http://hmmer.org/
# Copyright (C) 2023 Howard Hughes Medical Institute.
# Freely distributed under the BSD open source license.
# - - - - - - - - - - - - - - - - - - - - - - - - - - - - - - - - - - - -
# query HMM file:                  ../HMMs/combined_nif_04012025.hmm
# target sequence database:        ../all_rep_proteins_aa/bacteria/GB_GCA_020200315.1_protein.faa
# - - - - - - - - - - - - - - - - - - - - - - - - - - - - - - - - - - - -

Query:       nifH-03292025  [M=327]
Scores for complete sequences (score includes all domains):
   --- full sequence ---   --- best 1 domain ---    -#dom-
    E-value  score  bias    E-value  score  bias    exp  N  Sequence             Description
    ------- ------ -----    ------- ------ -----   ---- --  --------             -----------
    2.1e-07   27.5   0.0    3.3e-07   26.9   0.0    1.3  1  JAIVIZ010000072.1_2   # 824 # 1597 # 1 # ID=59_2;partial=01;s
    6.4e-07   25.9   0.0    1.6e-06   24.6   0.1    1.6  2  JAIVIZ010000003.1_24  # 22596 # 23528 # 1 # ID=96_24;partial=
    0.00049   16.5   0.0      0.001   15.4   0.0    1.5  2  JAIVIZ010000107.1_8   # 4684 # 5496 # 1 # ID=168_8;partial=00
  ------ inclusion threshold ------
      0.023   10.9   0.0      0.037   10.3   0.0    1.2  1  JAIVIZ010000002.1_67  # 50012 # 51379 # -1 # ID=95_67;partial


Domain annotation for each sequence (and alignments):
>> JAIVIZ010000072.1_2  # 824 # 1597 # 1 # ID=59_2;partial=01;start_type=ATG;rbs_motif=None;rbs_spacer=None;gc_cont=0.68
   #    score  bias  c-Evalue  i-Evalue hmmfrom  hmm to    alifrom  ali to    envfrom  env to     acc
 ---   ------ ----- --------- --------- ------- -------    ------- -------    ------- -------    ----
   1 !   26.9   0.0   5.4e-10   3.3e-07      12      46 ..      77     112 ..      65     129 .. 0.78

  Alignments for each domain:
  == domain 1  score: 26.9 bits;  conditional E-value: 5.4e-10
        nifH-03292025  12 iAi.YGKGGiGKSttasnlsaalaeegkkvlivGCd 46 
                          +Ai  GKGG+GKSt a+nl++ala++g +v ++  d
  JAIVIZ010000072.1_2  77 VAIgSGKGGVGKSTLAANLAVALARMGMRVGMIDAD 112
                          455349***********************9777655 PP

>> JAIVIZ010000003.1_24  # 22596 # 23528 # 1 # ID=96_24;partial=00;start_type=ATG;rbs_motif=None;rbs_spacer=None;gc_cont
   #    score  bias  c-Evalue  i-Evalue hmmfrom  hmm to    alifrom  ali to    envfrom  env to     acc
 ---   ------ ----- --------- --------- ------- -------    ------- -------    ------- -------    ----
   1 !   24.6   0.1   2.6e-09   1.6e-06      12      42 ..      67      98 ..      56     117 .. 0.85
   2 ?   -3.5   0.0      0.94   5.7e+02     204     255 ..     255     304 ..     251     308 .. 0.69

  Alignments for each domain:
  == domain 1  score: 24.6 bits;  conditional E-value: 2.6e-09
         nifH-03292025 12 iAi.YGKGGiGKSttasnlsaalaeegkkvli 42
                          iAi  GKGG+GKSt a+nl+ ala++g+kv  
  JAIVIZ010000003.1_24 67 IAIgSGKGGVGKSTLAANLAIALARTGRKVGL 98
                          55534************************965 PP

  == domain 2  score: -3.5 bits;  conditional E-value: 0.94
         nifH-03292025 204 faeklgtqiiafvprsnevqkaelekktvieaapdseqakeyreLakkilen 255
                            a++lg+  + ++p s  +++a      v  aa + ++a+++ +La+++l++
  JAIVIZ010000003.1_24 255 AAARLGIAFLGRLPLSASLREAS--DAGVPPAAGEGPAAEAFAKLASALLDE 304
                           56777777777777777777664..445667777888888888888887665 PP

>> JAIVIZ010000107.1_8  # 4684 # 5496 # 1 # ID=168_8;partial=00;start_type=ATG;rbs_motif=4Base/6BMM;rbs_spacer=13-15bp;g
   #    score  bias  c-Evalue  i-Evalue hmmfrom  hmm to    alifrom  ali to    envfrom  env to     acc
 ---   ------ ----- --------- --------- ------- -------    ------- -------    ------- -------    ----
   1 !   15.4   0.0   1.7e-06     0.001      17      49 ..      13      45 ..       8      64 .. 0.82
   2 ?   -3.4   0.0       0.9   5.5e+02     195     229 ..      80     114 ..      73     123 .. 0.75

  Alignments for each domain:
  == domain 1  score: 15.4 bits;  conditional E-value: 1.7e-06
        nifH-03292025 17 KGGiGKSttasnlsaalaeegkkvlivGCdPKa 49
                         KGG GKStta +++ ala +g++v  +  d ++
  JAIVIZ010000107.1_8 13 KGGTGKSTTAVHTAIALAASGHRVGALDLDSRQ 45
                         9**********************9766666555 PP

  == domain 2  score: -3.4 bits;  conditional E-value: 0.9
        nifH-03292025 195 dkeeelveefaeklgtqiiafvprsnevqkaelek 229
                          +  +  + ++a+++++ +i +  r++ v +a + k
  JAIVIZ010000107.1_8  80 EGLDAAIARLARQCDVLVIDTPGRDDPVARAAILK 114
                          55567788899999999999888888888887654 PP

>> JAIVIZ010000002.1_67  # 50012 # 51379 # -1 # ID=95_67;partial=00;start_type=ATG;rbs_motif=None;rbs_spacer=None;gc_con
   #    score  bias  c-Evalue  i-Evalue hmmfrom  hmm to    alifrom  ali to    envfrom  env to     acc
 ---   ------ ----- --------- --------- ------- -------    ------- -------    ------- -------    ----
   1 ?   10.3   0.0   6.1e-05     0.037      16      50 ..      97     131 ..      93     138 .. 0.84

  Alignments for each domain:
  == domain 1  score: 10.3 bits;  conditional E-value: 6.1e-05
         nifH-03292025  16 GKGGiGKSttasnlsaalaeegkkvlivGCdPKaD 50 
                           G  GiGKSt   +++a +a++g++v+ +  +  aD
  JAIVIZ010000002.1_67  97 GDPGIGKSTLLLQVAAHMANAGRSVIYLSGEEAAD 131
                           778**********************9876665555 PP



Internal pipeline statistics summary:
-------------------------------------
Query model(s):                            1  (327 nodes)
Target sequences:                       2423  (661488 residues searched)
Passed MSV filter:                        61  (0.0251754); expected 48.5 (0.02)
Passed bias filter:                       57  (0.0235246); expected 48.5 (0.02)
Passed Vit filter:                        13  (0.00536525); expected 2.4 (0.001)
Passed Fwd filter:                         4  (0.00165085); expected 0.0 (1e-05)
Initial search space (Z):               2423  [actual number of targets]
Domain search space  (domZ):               4  [number of targets reported over threshold]
# CPU time: 0.02u 0.00s 00:00:00.02 Elapsed: 00:00:00.01
# Mc/sec: 14416.48
//
Query:       nifD-03292025  [M=482]
Scores for complete sequences (score includes all domains):
   --- full sequence ---   --- best 1 domain ---    -#dom-
    E-value  score  bias    E-value  score  bias    exp  N  Sequence Description
    ------- ------ -----    ------- ------ -----   ---- --  -------- -----------

   [No hits detected that satisfy reporting thresholds]


Domain annotation for each sequence (and alignments):

   [No targets detected that satisfy reporting thresholds]


Internal pipeline statistics summary:
-------------------------------------
Query model(s):                            1  (482 nodes)
Target sequences:                       2423  (661488 residues searched)
Passed MSV filter:                        38  (0.015683); expected 48.5 (0.02)
Passed bias filter:                       35  (0.0144449); expected 48.5 (0.02)
Passed Vit filter:                         2  (0.000825423); expected 2.4 (0.001)
Passed Fwd filter:                         0  (0); expected 0.0 (1e-05)
Initial search space (Z):               2423  [actual number of targets]
Domain search space  (domZ):               0  [number of targets reported over threshold]
# CPU time: 0.02u 0.00s 00:00:00.02 Elapsed: 00:00:00.01
# Mc/sec: 20689.71
//
Query:       nifK-03292025  [M=490]
Scores for complete sequences (score includes all domains):
   --- full sequence ---   --- best 1 domain ---    -#dom-
    E-value  score  bias    E-value  score  bias    exp  N  Sequence Description
    ------- ------ -----    ------- ------ -----   ---- --  -------- -----------

   [No hits detected that satisfy reporting thresholds]


Domain annotation for each sequence (and alignments):

   [No targets detected that satisfy reporting thresholds]


Internal pipeline statistics summary:
-------------------------------------
Query model(s):                            1  (490 nodes)
Target sequences:                       2423  (661488 residues searched)
Passed MSV filter:                        36  (0.0148576); expected 48.5 (0.02)
Passed bias filter:                       35  (0.0144449); expected 48.5 (0.02)
Passed Vit filter:                         2  (0.000825423); expected 2.4 (0.001)
Passed Fwd filter:                         0  (0); expected 0.0 (1e-05)
Initial search space (Z):               2423  [actual number of targets]
Domain search space  (domZ):               0  [number of targets reported over threshold]
# CPU time: 0.02u 0.00s 00:00:00.02 Elapsed: 00:00:00.01
# Mc/sec: 21792.60
//
Query:       nifB-03292025  [M=505]
Scores for complete sequences (score includes all domains):
   --- full sequence ---   --- best 1 domain ---    -#dom-
    E-value  score  bias    E-value  score  bias    exp  N  Sequence            Description
    ------- ------ -----    ------- ------ -----   ---- --  --------            -----------
    3.1e-07   26.3   0.1    2.1e-05   20.3   0.0    2.7  2  JAIVIZ010000093.1_6  # 1969 # 2949 # -1 # ID=107_6;partial=00


Domain annotation for each sequence (and alignments):
>> JAIVIZ010000093.1_6  # 1969 # 2949 # -1 # ID=107_6;partial=00;start_type=ATG;rbs_motif=None;rbs_spacer=None;gc_cont=0
   #    score  bias  c-Evalue  i-Evalue hmmfrom  hmm to    alifrom  ali to    envfrom  env to     acc
 ---   ------ ----- --------- --------- ------- -------    ------- -------    ------- -------    ----
   1 !    1.7   0.0    0.0036       8.8      79      95 ..      12      28 ..       5      31 .. 0.85
   2 !   20.3   0.0   8.5e-09   2.1e-05     165     278 ..      92     192 ..      78     198 .. 0.83

  Alignments for each domain:
  == domain 1  score: 1.7 bits;  conditional E-value: 0.0036
        nifB-03292025 79 mHvavApaCNiqCnyCn 95
                         + ++v   C + C yC 
  JAIVIZ010000093.1_6 12 LRLSVTDRCDLRCTYCM 28
                         67899***********5 PP

  == domain 2  score: 20.3 bits;  conditional E-value: 8.5e-09
        nifB-03292025 165 klClstNGLaLpeyvdelaelnvdhvtvTiNavdpeigakiypwvlyekkrytgeeaaeiLlerQlegleklaergvlvKvNsvlipgvN 254
                          +l l+tNG  L + ++ la+l+v+ + v + ++d+      y+ ++       g +     l++ ++g+++ +++g+ +K+N+v +   N
  JAIVIZ010000093.1_6  92 ELTLTTNGSRLEQLAQPLAALGVKRINVSLDSLDAAT----YARITR------GGD-----LAKAIRGIDAAQAAGIAIKINAVALRHDN 166
                          46799*****************************954....544442......222.....346689*********************** PP

        nifB-03292025 255 dehlvevakkvkekgaflh..Nvmpl 278
                           + l+++a ++++++a l    vmp+
  JAIVIZ010000093.1_6 167 LDTLIDLAEWTHRRDAELSviEVMPM 192
                          **************998752267776 PP



Internal pipeline statistics summary:
-------------------------------------
Query model(s):                            1  (505 nodes)
Target sequences:                       2423  (661488 residues searched)
Passed MSV filter:                        45  (0.018572); expected 48.5 (0.02)
Passed bias filter:                       43  (0.0177466); expected 48.5 (0.02)
Passed Vit filter:                         5  (0.00206356); expected 2.4 (0.001)
Passed Fwd filter:                         1  (0.000412712); expected 0.0 (1e-05)
Initial search space (Z):               2423  [actual number of targets]
Domain search space  (domZ):               1  [number of targets reported over threshold]
# CPU time: 0.03u 0.00s 00:00:00.03 Elapsed: 00:00:00.02
# Mc/sec: 15446.23
//
Query:       nifE-03292025  [M=556]
Scores for complete sequences (score includes all domains):
   --- full sequence ---   --- best 1 domain ---    -#dom-
    E-value  score  bias    E-value  score  bias    exp  N  Sequence Description
    ------- ------ -----    ------- ------ -----   ---- --  -------- -----------

   [No hits detected that satisfy reporting thresholds]


Domain annotation for each sequence (and alignments):

   [No targets detected that satisfy reporting thresholds]


Internal pipeline statistics summary:
-------------------------------------
Query model(s):                            1  (556 nodes)
Target sequences:                       2423  (661488 residues searched)
Passed MSV filter:                        65  (0.0268262); expected 48.5 (0.02)
Passed bias filter:                       60  (0.0247627); expected 48.5 (0.02)
Passed Vit filter:                         3  (0.00123813); expected 2.4 (0.001)
Passed Fwd filter:                         0  (0); expected 0.0 (1e-05)
Initial search space (Z):               2423  [actual number of targets]
Domain search space  (domZ):               0  [number of targets reported over threshold]
# CPU time: 0.02u 0.00s 00:00:00.02 Elapsed: 00:00:00.01
# Mc/sec: 19009.76
//
Query:       nifN-03292025  [M=700]
Scores for complete sequences (score includes all domains):
   --- full sequence ---   --- best 1 domain ---    -#dom-
    E-value  score  bias    E-value  score  bias    exp  N  Sequence Description
    ------- ------ -----    ------- ------ -----   ---- --  -------- -----------

   [No hits detected that satisfy reporting thresholds]


Domain annotation for each sequence (and alignments):

   [No targets detected that satisfy reporting thresholds]


Internal pipeline statistics summary:
-------------------------------------
Query model(s):                            1  (700 nodes)
Target sequences:                       2423  (661488 residues searched)
Passed MSV filter:                        70  (0.0288898); expected 48.5 (0.02)
Passed bias filter:                       61  (0.0251754); expected 48.5 (0.02)
Passed Vit filter:                         6  (0.00247627); expected 2.4 (0.001)
Passed Fwd filter:                         0  (0); expected 0.0 (1e-05)
Initial search space (Z):               2423  [actual number of targets]
Domain search space  (domZ):               0  [number of targets reported over threshold]
# CPU time: 0.02u 0.00s 00:00:00.02 Elapsed: 00:00:00.01
# Mc/sec: 29130.25
//
Query:       pchlide-04012025  [M=508]
Scores for complete sequences (score includes all domains):
   --- full sequence ---   --- best 1 domain ---    -#dom-
    E-value  score  bias    E-value  score  bias    exp  N  Sequence Description
    ------- ------ -----    ------- ------ -----   ---- --  -------- -----------

   [No hits detected that satisfy reporting thresholds]


Domain annotation for each sequence (and alignments):

   [No targets detected that satisfy reporting thresholds]


Internal pipeline statistics summary:
-------------------------------------
Query model(s):                            1  (508 nodes)
Target sequences:                       2423  (661488 residues searched)
Passed MSV filter:                        55  (0.0226991); expected 48.5 (0.02)
Passed bias filter:                       52  (0.021461); expected 48.5 (0.02)
Passed Vit filter:                         3  (0.00123813); expected 2.4 (0.001)
Passed Fwd filter:                         0  (0); expected 0.0 (1e-05)
Initial search space (Z):               2423  [actual number of targets]
Domain search space  (domZ):               0  [number of targets reported over threshold]
# CPU time: 0.02u 0.01s 00:00:00.03 Elapsed: 00:00:00.01
# Mc/sec: 28406.51
//
[ok]
# hmmsearch :: search profile(s) against a sequence database
# HMMER 3.4 (Aug 2023); http://hmmer.org/
# Copyright (C) 2023 Howard Hughes Medical Institute.
# Freely distributed under the BSD open source license.
# - - - - - - - - - - - - - - - - - - - - - - - - - - - - - - - - - - - -
# query HMM file:                  ../HMMs/nifV_07242025.hmm
# target sequence database:        ../all_rep_proteins_aa/bacteria/GB_GCA_020200315.1_protein.faa
# - - - - - - - - - - - - - - - - - - - - - - - - - - - - - - - - - - - -

Query:       nifV-07242025  [M=437]
Scores for complete sequences (score includes all domains):
   --- full sequence ---   --- best 1 domain ---    -#dom-
    E-value  score  bias    E-value  score  bias    exp  N  Sequence Description
    ------- ------ -----    ------- ------ -----   ---- --  -------- -----------

   [No hits detected that satisfy reporting thresholds]


Domain annotation for each sequence (and alignments):

   [No targets detected that satisfy reporting thresholds]


Internal pipeline statistics summary:
-------------------------------------
Query model(s):                            1  (437 nodes)
Target sequences:                       2423  (661488 residues searched)
Passed MSV filter:                        96  (0.0396203); expected 48.5 (0.02)
Passed bias filter:                       49  (0.0202229); expected 48.5 (0.02)
Passed Vit filter:                         3  (0.00123813); expected 2.4 (0.001)
Passed Fwd filter:                         0  (0); expected 0.0 (1e-05)
Initial search space (Z):               2423  [actual number of targets]
Domain search space  (domZ):               0  [number of targets reported over threshold]
# CPU time: 0.01u 0.00s 00:00:00.01 Elapsed: 00:00:00.00
# Mc/sec: 30103.26
//
[ok]
