# hmmsearch :: search profile(s) against a sequence database
# HMMER 3.4 (Aug 2023); http://hmmer.org/
# Copyright (C) 2023 Howard Hughes Medical Institute.
# Freely distributed under the BSD open source license.
# - - - - - - - - - - - - - - - - - - - - - - - - - - - - - - - - - - - -
# query HMM file:                  ../HMMs/combined_nif_04012025.hmm
# target sequence database:        ../all_rep_proteins_aa/bacteria/GB_GCA_016203935.1_protein.faa
# - - - - - - - - - - - - - - - - - - - - - - - - - - - - - - - - - - - -

Query:       nifH-03292025  [M=327]
Scores for complete sequences (score includes all domains):
   --- full sequence ---   --- best 1 domain ---    -#dom-
    E-value  score  bias    E-value  score  bias    exp  N  Sequence             Description
    ------- ------ -----    ------- ------ -----   ---- --  --------             -----------
      3e-09   32.4   0.0    0.00038   15.6   0.0    2.1  2  JACQLU010000093.1_12  # 8709 # 9539 # 1 # ID=49_12;partial=00


Domain annotation for each sequence (and alignments):
>> JACQLU010000093.1_12  # 8709 # 9539 # 1 # ID=49_12;partial=00;start_type=ATG;rbs_motif=None;rbs_spacer=None;gc_cont=0
   #    score  bias  c-Evalue  i-Evalue hmmfrom  hmm to    alifrom  ali to    envfrom  env to     acc
 ---   ------ ----- --------- --------- ------- -------    ------- -------    ------- -------    ----
   1 !   15.6   0.0   3.6e-07   0.00038      16      53 ..      10      47 ..       2      77 .. 0.84
   2 !   14.7   0.0   6.8e-07   0.00072     149     257 ..     141     254 ..     139     272 .. 0.81

  Alignments for each domain:
  == domain 1  score: 15.6 bits;  conditional E-value: 3.6e-07
         nifH-03292025 16 GKGGiGKSttasnlsaalaeegkkvlivGCdPKaDstr 53
                           KGG+GK tta nl+a la   kk l +  d    +t+
  JACQLU010000093.1_12 10 QKGGVGKTTTAINLAAYLAIFRKKTLLIDLDSQGNATS 47
                          59******************99*999998777666665 PP

  == domain 2  score: 14.7 bits;  conditional E-value: 6.8e-07
         nifH-03292025 149 adevyivtsgemmalYaanniakgikkyaee..ggvrlgGlicN..srkvdkeeelveefaeklgtqiia.fvprsnevqkaelekktv 232
                           ad+v i + +e+ al     ++++i+ ++++   + ++ G++     r+ +  +++++e+ +++   ++   +prs  + +a   +  +
  JACQLU010000093.1_12 141 ADSVLIPVQCEYYALEGLGQLVRTIELVKTHlkPSLTILGVVLTlfDRRNRLAHQVINEVRKHFPGYVFDaVIPRSIRLAEAPSYGVPI 229
                           78899999999999999999999999888773244556677765225667778899999999998888761579*************** PP

         nifH-03292025 233 ieaapdseqakeyreLakkilenkk 257
                           +++ap s+ a++yr+La++i++ +k
  JACQLU010000093.1_12 230 VKHAPWSPGAQAYRNLAQEIMALEK 254
                           ********************76554 PP



Internal pipeline statistics summary:
-------------------------------------
Query model(s):                            1  (327 nodes)
Target sequences:                       1051  (294676 residues searched)
Passed MSV filter:                        39  (0.0371075); expected 21.0 (0.02)
Passed bias filter:                       33  (0.0313987); expected 21.0 (0.02)
Passed Vit filter:                         2  (0.00190295); expected 1.1 (0.001)
Passed Fwd filter:                         1  (0.000951475); expected 0.0 (1e-05)
Initial search space (Z):               1051  [actual number of targets]
Domain search space  (domZ):               1  [number of targets reported over threshold]
# CPU time: 0.01u 0.00s 00:00:00.01 Elapsed: 00:00:00.00
# Mc/sec: 10197.96
//
Query:       nifD-03292025  [M=482]
Scores for complete sequences (score includes all domains):
   --- full sequence ---   --- best 1 domain ---    -#dom-
    E-value  score  bias    E-value  score  bias    exp  N  Sequence Description
    ------- ------ -----    ------- ------ -----   ---- --  -------- -----------

   [No hits detected that satisfy reporting thresholds]


Domain annotation for each sequence (and alignments):

   [No targets detected that satisfy reporting thresholds]


Internal pipeline statistics summary:
-------------------------------------
Query model(s):                            1  (482 nodes)
Target sequences:                       1051  (294676 residues searched)
Passed MSV filter:                        30  (0.0285442); expected 21.0 (0.02)
Passed bias filter:                       25  (0.0237869); expected 21.0 (0.02)
Passed Vit filter:                         2  (0.00190295); expected 1.1 (0.001)
Passed Fwd filter:                         0  (0); expected 0.0 (1e-05)
Initial search space (Z):               1051  [actual number of targets]
Domain search space  (domZ):               0  [number of targets reported over threshold]
# CPU time: 0.01u 0.00s 00:00:00.01 Elapsed: 00:00:00.00
# Mc/sec: 15603.85
//
Query:       nifK-03292025  [M=490]
Scores for complete sequences (score includes all domains):
   --- full sequence ---   --- best 1 domain ---    -#dom-
    E-value  score  bias    E-value  score  bias    exp  N  Sequence Description
    ------- ------ -----    ------- ------ -----   ---- --  -------- -----------

   [No hits detected that satisfy reporting thresholds]


Domain annotation for each sequence (and alignments):

   [No targets detected that satisfy reporting thresholds]


Internal pipeline statistics summary:
-------------------------------------
Query model(s):                            1  (490 nodes)
Target sequences:                       1051  (294676 residues searched)
Passed MSV filter:                        24  (0.0228354); expected 21.0 (0.02)
Passed bias filter:                       22  (0.0209324); expected 21.0 (0.02)
Passed Vit filter:                         1  (0.000951475); expected 1.1 (0.001)
Passed Fwd filter:                         0  (0); expected 0.0 (1e-05)
Initial search space (Z):               1051  [actual number of targets]
Domain search space  (domZ):               0  [number of targets reported over threshold]
# CPU time: 0.01u 0.01s 00:00:00.02 Elapsed: 00:00:00.00
# Mc/sec: 16714.86
//
Query:       nifB-03292025  [M=505]
Scores for complete sequences (score includes all domains):
   --- full sequence ---   --- best 1 domain ---    -#dom-
    E-value  score  bias    E-value  score  bias    exp  N  Sequence Description
    ------- ------ -----    ------- ------ -----   ---- --  -------- -----------

   [No hits detected that satisfy reporting thresholds]


Domain annotation for each sequence (and alignments):

   [No targets detected that satisfy reporting thresholds]


Internal pipeline statistics summary:
-------------------------------------
Query model(s):                            1  (505 nodes)
Target sequences:                       1051  (294676 residues searched)
Passed MSV filter:                        26  (0.0247383); expected 21.0 (0.02)
Passed bias filter:                       19  (0.018078); expected 21.0 (0.02)
Passed Vit filter:                         0  (0); expected 1.1 (0.001)
Passed Fwd filter:                         0  (0); expected 0.0 (1e-05)
Initial search space (Z):               1051  [actual number of targets]
Domain search space  (domZ):               0  [number of targets reported over threshold]
# CPU time: 0.01u 0.00s 00:00:00.01 Elapsed: 00:00:00.00
# Mc/sec: 18704.32
//
Query:       nifE-03292025  [M=556]
Scores for complete sequences (score includes all domains):
   --- full sequence ---   --- best 1 domain ---    -#dom-
    E-value  score  bias    E-value  score  bias    exp  N  Sequence Description
    ------- ------ -----    ------- ------ -----   ---- --  -------- -----------

   [No hits detected that satisfy reporting thresholds]


Domain annotation for each sequence (and alignments):

   [No targets detected that satisfy reporting thresholds]


Internal pipeline statistics summary:
-------------------------------------
Query model(s):                            1  (556 nodes)
Target sequences:                       1051  (294676 residues searched)
Passed MSV filter:                        45  (0.0428164); expected 21.0 (0.02)
Passed bias filter:                       40  (0.038059); expected 21.0 (0.02)
Passed Vit filter:                         2  (0.00190295); expected 1.1 (0.001)
Passed Fwd filter:                         0  (0); expected 0.0 (1e-05)
Initial search space (Z):               1051  [actual number of targets]
Domain search space  (domZ):               0  [number of targets reported over threshold]
# CPU time: 0.01u 0.00s 00:00:00.01 Elapsed: 00:00:00.01
# Mc/sec: 15271.81
//
Query:       nifN-03292025  [M=700]
Scores for complete sequences (score includes all domains):
   --- full sequence ---   --- best 1 domain ---    -#dom-
    E-value  score  bias    E-value  score  bias    exp  N  Sequence Description
    ------- ------ -----    ------- ------ -----   ---- --  -------- -----------

   [No hits detected that satisfy reporting thresholds]


Domain annotation for each sequence (and alignments):

   [No targets detected that satisfy reporting thresholds]


Internal pipeline statistics summary:
-------------------------------------
Query model(s):                            1  (700 nodes)
Target sequences:                       1051  (294676 residues searched)
Passed MSV filter:                        34  (0.0323501); expected 21.0 (0.02)
Passed bias filter:                       31  (0.0294957); expected 21.0 (0.02)
Passed Vit filter:                         2  (0.00190295); expected 1.1 (0.001)
Passed Fwd filter:                         0  (0); expected 0.0 (1e-05)
Initial search space (Z):               1051  [actual number of targets]
Domain search space  (domZ):               0  [number of targets reported over threshold]
# CPU time: 0.01u 0.00s 00:00:00.01 Elapsed: 00:00:00.01
# Mc/sec: 17045.09
//
Query:       pchlide-04012025  [M=508]
Scores for complete sequences (score includes all domains):
   --- full sequence ---   --- best 1 domain ---    -#dom-
    E-value  score  bias    E-value  score  bias    exp  N  Sequence Description
    ------- ------ -----    ------- ------ -----   ---- --  -------- -----------

   [No hits detected that satisfy reporting thresholds]


Domain annotation for each sequence (and alignments):

   [No targets detected that satisfy reporting thresholds]


Internal pipeline statistics summary:
-------------------------------------
Query model(s):                            1  (508 nodes)
Target sequences:                       1051  (294676 residues searched)
Passed MSV filter:                        30  (0.0285442); expected 21.0 (0.02)
Passed bias filter:                       23  (0.0218839); expected 21.0 (0.02)
Passed Vit filter:                         1  (0.000951475); expected 1.1 (0.001)
Passed Fwd filter:                         0  (0); expected 0.0 (1e-05)
Initial search space (Z):               1051  [actual number of targets]
Domain search space  (domZ):               0  [number of targets reported over threshold]
# CPU time: 0.00u 0.00s 00:00:00.00 Elapsed: 00:00:00.00
# Mc/sec: 18454.88
//
[ok]
# hmmsearch :: search profile(s) against a sequence database
# HMMER 3.4 (Aug 2023); http://hmmer.org/
# Copyright (C) 2023 Howard Hughes Medical Institute.
# Freely distributed under the BSD open source license.
# - - - - - - - - - - - - - - - - - - - - - - - - - - - - - - - - - - - -
# query HMM file:                  ../HMMs/nifV_07242025.hmm
# target sequence database:        ../all_rep_proteins_aa/bacteria/GB_GCA_016203935.1_protein.faa
# - - - - - - - - - - - - - - - - - - - - - - - - - - - - - - - - - - - -

Query:       nifV-07242025  [M=437]
Scores for complete sequences (score includes all domains):
   --- full sequence ---   --- best 1 domain ---    -#dom-
    E-value  score  bias    E-value  score  bias    exp  N  Sequence Description
    ------- ------ -----    ------- ------ -----   ---- --  -------- -----------

   [No hits detected that satisfy reporting thresholds]


Domain annotation for each sequence (and alignments):

   [No targets detected that satisfy reporting thresholds]


Internal pipeline statistics summary:
-------------------------------------
Query model(s):                            1  (437 nodes)
Target sequences:                       1051  (294676 residues searched)
Passed MSV filter:                        34  (0.0323501); expected 21.0 (0.02)
Passed bias filter:                       17  (0.0161751); expected 21.0 (0.02)
Passed Vit filter:                         0  (0); expected 1.1 (0.001)
Passed Fwd filter:                         0  (0); expected 0.0 (1e-05)
Initial search space (Z):               1051  [actual number of targets]
Domain search space  (domZ):               0  [number of targets reported over threshold]
# CPU time: 0.01u 0.00s 00:00:00.01 Elapsed: 00:00:00.00
# Mc/sec: 18609.66
//
[ok]
