# hmmsearch :: search profile(s) against a sequence database
# HMMER 3.4 (Aug 2023); http://hmmer.org/
# Copyright (C) 2023 Howard Hughes Medical Institute.
# Freely distributed under the BSD open source license.
# - - - - - - - - - - - - - - - - - - - - - - - - - - - - - - - - - - - -
# query HMM file:                  ../HMMs/combined_nif_04012025.hmm
# target sequence database:        ../all_rep_proteins_aa/bacteria/GB_GCA_017428495.1_protein.faa
# - - - - - - - - - - - - - - - - - - - - - - - - - - - - - - - - - - - -

Query:       nifH-03292025  [M=327]
Scores for complete sequences (score includes all domains):
   --- full sequence ---   --- best 1 domain ---    -#dom-
    E-value  score  bias    E-value  score  bias    exp  N  Sequence             Description
    ------- ------ -----    ------- ------ -----   ---- --  --------             -----------
    6.2e-09   31.6   0.1    1.6e-05   20.4   0.0    2.2  2  JAFRQS010000005.1_29  # 35566 # 36351 # 1 # ID=26_29;partial=
     0.0018   13.7   0.3     0.0018   13.7   0.3    1.8  2  JAFRQS010000018.1_12  # 9083 # 10063 # 1 # ID=13_12;partial=0


Domain annotation for each sequence (and alignments):
>> JAFRQS010000005.1_29  # 35566 # 36351 # 1 # ID=26_29;partial=00;start_type=ATG;rbs_motif=GGAG/GAGG;rbs_spacer=5-10bp;
   #    score  bias  c-Evalue  i-Evalue hmmfrom  hmm to    alifrom  ali to    envfrom  env to     acc
 ---   ------ ----- --------- --------- ------- -------    ------- -------    ------- -------    ----
   1 !   20.4   0.0   2.5e-08   1.6e-05      17      53 ..      11      47 ..       6      84 .. 0.79
   2 !    9.2   0.0   6.4e-05     0.041     149     254 ..     147     257 ..     144     261 .. 0.80

  Alignments for each domain:
  == domain 1  score: 20.4 bits;  conditional E-value: 2.5e-08
         nifH-03292025 17 KGGiGKSttasnlsaalaeegkkvlivGCdPKaDstr 53
                          KGG+GK tt+ nl+aal   ++k l +  dP   +++
  JAFRQS010000005.1_29 11 KGGVGKTTTSINLAAALGFYNRKTLLIDLDPQGNAST 47
                          9******************************976544 PP

  == domain 2  score: 9.2 bits;  conditional E-value: 6.4e-05
         nifH-03292025 149 adevyivtsgemmalYaanniakgikkyaeeggvrl..gGlicNsrkvdke..eelveefaeklgtqiiaf.vprsnevqkaelekktv 232
                           +d+v+i + +e+ al     ++++i  ++++ + rl   G++  + + +++   e+v+e+ + ++ ++  + +pr  ++++a  ++k +
  JAFRQS010000005.1_29 147 SDSVIIPVQCEFFALEGIMQLLNTIMLVQKNLNPRLdiEGVLLTMLDLRTKlgIEVVTEIRSYFKERVYDTiIPRLVKLSEAPSHGKPI 235
                           56788888888888888888888888888886555422788887766555422689999999999999975279*************** PP

         nifH-03292025 233 ieaapdseqakeyreLakkile 254
                             +++ds+ +++y +Lak+++ 
  JAFRQS010000005.1_29 236 HIYDKDSKGTQAYLNLAKEVIM 257
                           ******************9975 PP

>> JAFRQS010000018.1_12  # 9083 # 10063 # 1 # ID=13_12;partial=00;start_type=ATG;rbs_motif=AGGAGG;rbs_spacer=3-4bp;gc_co
   #    score  bias  c-Evalue  i-Evalue hmmfrom  hmm to    alifrom  ali to    envfrom  env to     acc
 ---   ------ ----- --------- --------- ------- -------    ------- -------    ------- -------    ----
   1 ?   -2.2   0.1       0.2   1.2e+02     265     266 ..      68      69 ..      14     110 .. 0.57
   2 !   13.7   0.3   2.8e-06    0.0018      14      45 ..     128     159 ..     114     162 .. 0.89

  Alignments for each domain:
  == domain 1  score: -2.2 bits;  conditional E-value: 0.2
         nifH-03292025 265 se 266
                             
  JAFRQS010000018.1_12  68 GV 69 
                           22 PP

  == domain 2  score: 13.7 bits;  conditional E-value: 2.8e-06
         nifH-03292025  14 iYGKGGiGKSttasnlsaalaeegkkvlivGC 45 
                           + G  G+GK tt +++++ l +egkkv++v  
  JAFRQS010000018.1_12 128 FVGVNGVGKTTTIAKMAYKLKNEGKKVMMVAG 159
                           56889***********************9965 PP



Internal pipeline statistics summary:
-------------------------------------
Query model(s):                            1  (327 nodes)
Target sequences:                       1272  (383254 residues searched)
Passed MSV filter:                        94  (0.0738994); expected 25.4 (0.02)
Passed bias filter:                       41  (0.0322327); expected 25.4 (0.02)
Passed Vit filter:                         8  (0.00628931); expected 1.3 (0.001)
Passed Fwd filter:                         2  (0.00157233); expected 0.0 (1e-05)
Initial search space (Z):               1272  [actual number of targets]
Domain search space  (domZ):               2  [number of targets reported over threshold]
# CPU time: 0.01u 0.00s 00:00:00.01 Elapsed: 00:00:00.01
# Mc/sec: 8219.77
//
Query:       nifD-03292025  [M=482]
Scores for complete sequences (score includes all domains):
   --- full sequence ---   --- best 1 domain ---    -#dom-
    E-value  score  bias    E-value  score  bias    exp  N  Sequence Description
    ------- ------ -----    ------- ------ -----   ---- --  -------- -----------

   [No hits detected that satisfy reporting thresholds]


Domain annotation for each sequence (and alignments):

   [No targets detected that satisfy reporting thresholds]


Internal pipeline statistics summary:
-------------------------------------
Query model(s):                            1  (482 nodes)
Target sequences:                       1272  (383254 residues searched)
Passed MSV filter:                       109  (0.0856918); expected 25.4 (0.02)
Passed bias filter:                       19  (0.0149371); expected 25.4 (0.02)
Passed Vit filter:                         0  (0); expected 1.3 (0.001)
Passed Fwd filter:                         0  (0); expected 0.0 (1e-05)
Initial search space (Z):               1272  [actual number of targets]
Domain search space  (domZ):               0  [number of targets reported over threshold]
# CPU time: 0.01u 0.00s 00:00:00.01 Elapsed: 00:00:00.01
# Mc/sec: 16339.09
//
Query:       nifK-03292025  [M=490]
Scores for complete sequences (score includes all domains):
   --- full sequence ---   --- best 1 domain ---    -#dom-
    E-value  score  bias    E-value  score  bias    exp  N  Sequence Description
    ------- ------ -----    ------- ------ -----   ---- --  -------- -----------

   [No hits detected that satisfy reporting thresholds]


Domain annotation for each sequence (and alignments):

   [No targets detected that satisfy reporting thresholds]


Internal pipeline statistics summary:
-------------------------------------
Query model(s):                            1  (490 nodes)
Target sequences:                       1272  (383254 residues searched)
Passed MSV filter:                        48  (0.0377358); expected 25.4 (0.02)
Passed bias filter:                       18  (0.0141509); expected 25.4 (0.02)
Passed Vit filter:                         0  (0); expected 1.3 (0.001)
Passed Fwd filter:                         0  (0); expected 0.0 (1e-05)
Initial search space (Z):               1272  [actual number of targets]
Domain search space  (domZ):               0  [number of targets reported over threshold]
# CPU time: 0.01u 0.00s 00:00:00.01 Elapsed: 00:00:00.00
# Mc/sec: 23047.59
//
Query:       nifB-03292025  [M=505]
Scores for complete sequences (score includes all domains):
   --- full sequence ---   --- best 1 domain ---    -#dom-
    E-value  score  bias    E-value  score  bias    exp  N  Sequence Description
    ------- ------ -----    ------- ------ -----   ---- --  -------- -----------

   [No hits detected that satisfy reporting thresholds]


Domain annotation for each sequence (and alignments):

   [No targets detected that satisfy reporting thresholds]


Internal pipeline statistics summary:
-------------------------------------
Query model(s):                            1  (505 nodes)
Target sequences:                       1272  (383254 residues searched)
Passed MSV filter:                        55  (0.043239); expected 25.4 (0.02)
Passed bias filter:                       28  (0.0220126); expected 25.4 (0.02)
Passed Vit filter:                         2  (0.00157233); expected 1.3 (0.001)
Passed Fwd filter:                         0  (0); expected 0.0 (1e-05)
Initial search space (Z):               1272  [actual number of targets]
Domain search space  (domZ):               0  [number of targets reported over threshold]
# CPU time: 0.02u 0.00s 00:00:00.02 Elapsed: 00:00:00.01
# Mc/sec: 16724.66
//
Query:       nifE-03292025  [M=556]
Scores for complete sequences (score includes all domains):
   --- full sequence ---   --- best 1 domain ---    -#dom-
    E-value  score  bias    E-value  score  bias    exp  N  Sequence             Description
    ------- ------ -----    ------- ------ -----   ---- --  --------             -----------
     0.0022   12.7   0.2     0.0027   12.4   0.2    1.1  1  JAFRQS010000023.1_66  # 51016 # 51759 # 1 # ID=18_66;partial=


Domain annotation for each sequence (and alignments):
>> JAFRQS010000023.1_66  # 51016 # 51759 # 1 # ID=18_66;partial=00;start_type=ATG;rbs_motif=GGAG/GAGG;rbs_spacer=5-10bp;
   #    score  bias  c-Evalue  i-Evalue hmmfrom  hmm to    alifrom  ali to    envfrom  env to     acc
 ---   ------ ----- --------- --------- ------- -------    ------- -------    ------- -------    ----
   1 !   12.4   0.2   2.1e-06    0.0027     350     423 ..       4      84 ..       1     110 [. 0.72

  Alignments for each domain:
  == domain 1  score: 12.4 bits;  conditional E-value: 2.1e-06
         nifE-03292025 350 llytggv.kawslvsalrelGmevvatgtkkstee...dkerikellgedkviledanpaellkllkekkaDllia..G....g 423
                           l++ g+      +++ l++lG ev+++g++k + +   dk ++k+++ +  +   ++n ++l++ +k ++ D+li   G    g
  JAFRQS010000023.1_66   4 LITGGSSgIGRDMATYLKKLGHEVIIVGSNKEKLDkvaDKLNCKSIVMDLSI---KDNCKKLYEKVKSENIDILINnaGfgkfG 84 
                           4544444455669999************999876533388899999988887...89999***************965443333 PP



Internal pipeline statistics summary:
-------------------------------------
Query model(s):                            1  (556 nodes)
Target sequences:                       1272  (383254 residues searched)
Passed MSV filter:                        84  (0.0660377); expected 25.4 (0.02)
Passed bias filter:                       39  (0.0306604); expected 25.4 (0.02)
Passed Vit filter:                         2  (0.00157233); expected 1.3 (0.001)
Passed Fwd filter:                         1  (0.000786164); expected 0.0 (1e-05)
Initial search space (Z):               1272  [actual number of targets]
Domain search space  (domZ):               1  [number of targets reported over threshold]
# CPU time: 0.02u 0.01s 00:00:00.03 Elapsed: 00:00:00.01
# Mc/sec: 13836.58
//
Query:       nifN-03292025  [M=700]
Scores for complete sequences (score includes all domains):
   --- full sequence ---   --- best 1 domain ---    -#dom-
    E-value  score  bias    E-value  score  bias    exp  N  Sequence Description
    ------- ------ -----    ------- ------ -----   ---- --  -------- -----------

   [No hits detected that satisfy reporting thresholds]


Domain annotation for each sequence (and alignments):

   [No targets detected that satisfy reporting thresholds]


Internal pipeline statistics summary:
-------------------------------------
Query model(s):                            1  (700 nodes)
Target sequences:                       1272  (383254 residues searched)
Passed MSV filter:                        56  (0.0440252); expected 25.4 (0.02)
Passed bias filter:                       38  (0.0298742); expected 25.4 (0.02)
Passed Vit filter:                         4  (0.00314465); expected 1.3 (0.001)
Passed Fwd filter:                         1  (0.000786164); expected 0.0 (1e-05)
Initial search space (Z):               1272  [actual number of targets]
Domain search space  (domZ):               0  [number of targets reported over threshold]
# CPU time: 0.03u 0.00s 00:00:00.03 Elapsed: 00:00:00.03
# Mc/sec: 8525.07
//
Query:       pchlide-04012025  [M=508]
Scores for complete sequences (score includes all domains):
   --- full sequence ---   --- best 1 domain ---    -#dom-
    E-value  score  bias    E-value  score  bias    exp  N  Sequence Description
    ------- ------ -----    ------- ------ -----   ---- --  -------- -----------

   [No hits detected that satisfy reporting thresholds]


Domain annotation for each sequence (and alignments):

   [No targets detected that satisfy reporting thresholds]


Internal pipeline statistics summary:
-------------------------------------
Query model(s):                            1  (508 nodes)
Target sequences:                       1272  (383254 residues searched)
Passed MSV filter:                        47  (0.0369497); expected 25.4 (0.02)
Passed bias filter:                       31  (0.0243711); expected 25.4 (0.02)
Passed Vit filter:                         5  (0.00393082); expected 1.3 (0.001)
Passed Fwd filter:                         0  (0); expected 0.0 (1e-05)
Initial search space (Z):               1272  [actual number of targets]
Domain search space  (domZ):               0  [number of targets reported over threshold]
# CPU time: 0.01u 0.00s 00:00:00.01 Elapsed: 00:00:00.01
# Mc/sec: 17774.51
//
[ok]
# hmmsearch :: search profile(s) against a sequence database
# HMMER 3.4 (Aug 2023); http://hmmer.org/
# Copyright (C) 2023 Howard Hughes Medical Institute.
# Freely distributed under the BSD open source license.
# - - - - - - - - - - - - - - - - - - - - - - - - - - - - - - - - - - - -
# query HMM file:                  ../HMMs/nifV_07242025.hmm
# target sequence database:        ../all_rep_proteins_aa/bacteria/GB_GCA_017428495.1_protein.faa
# - - - - - - - - - - - - - - - - - - - - - - - - - - - - - - - - - - - -

Query:       nifV-07242025  [M=437]
Scores for complete sequences (score includes all domains):
   --- full sequence ---   --- best 1 domain ---    -#dom-
    E-value  score  bias    E-value  score  bias    exp  N  Sequence Description
    ------- ------ -----    ------- ------ -----   ---- --  -------- -----------

   [No hits detected that satisfy reporting thresholds]


Domain annotation for each sequence (and alignments):

   [No targets detected that satisfy reporting thresholds]


Internal pipeline statistics summary:
-------------------------------------
Query model(s):                            1  (437 nodes)
Target sequences:                       1272  (383254 residues searched)
Passed MSV filter:                        26  (0.0204403); expected 25.4 (0.02)
Passed bias filter:                       19  (0.0149371); expected 25.4 (0.02)
Passed Vit filter:                         2  (0.00157233); expected 1.3 (0.001)
Passed Fwd filter:                         0  (0); expected 0.0 (1e-05)
Initial search space (Z):               1272  [actual number of targets]
Domain search space  (domZ):               0  [number of targets reported over threshold]
# CPU time: 0.01u 0.00s 00:00:00.01 Elapsed: 00:00:00.00
# Mc/sec: 21931.52
//
[ok]
