# hmmsearch :: search profile(s) against a sequence database
# HMMER 3.4 (Aug 2023); http://hmmer.org/
# Copyright (C) 2023 Howard Hughes Medical Institute.
# Freely distributed under the BSD open source license.
# - - - - - - - - - - - - - - - - - - - - - - - - - - - - - - - - - - - -
# query HMM file:                  ../HMMs/combined_nif_04012025.hmm
# target sequence database:        ../all_rep_proteins_aa/bacteria/GB_GCA_017508895.1_protein.faa
# - - - - - - - - - - - - - - - - - - - - - - - - - - - - - - - - - - - -

Query:       nifH-03292025  [M=327]
Scores for complete sequences (score includes all domains):
   --- full sequence ---   --- best 1 domain ---    -#dom-
    E-value  score  bias    E-value  score  bias    exp  N  Sequence             Description
    ------- ------ -----    ------- ------ -----   ---- --  --------             -----------
    5.4e-09   33.2   0.8      2e-05   21.4   0.1    2.1  2  JAFWRA010000216.1_13  # 14510 # 15292 # -1 # ID=214_13;partia
    1.2e-08   32.1   0.0      3e-06   24.2   0.0    2.4  2  JAFWRA010000010.1_4   # 3716 # 4738 # -1 # ID=96_4;partial=00


Domain annotation for each sequence (and alignments):
>> JAFWRA010000216.1_13  # 14510 # 15292 # -1 # ID=214_13;partial=00;start_type=ATG;rbs_motif=AAAA;rbs_spacer=14bp;gc_co
   #    score  bias  c-Evalue  i-Evalue hmmfrom  hmm to    alifrom  ali to    envfrom  env to     acc
 ---   ------ ----- --------- --------- ------- -------    ------- -------    ------- -------    ----
   1 !   21.4   0.1   1.2e-08     2e-05      17      54 ..      11      48 ..       2      76 .. 0.88
   2 !   10.4   0.0   2.8e-05     0.045     148     258 ..     140     255 ..     137     260 .. 0.84

  Alignments for each domain:
  == domain 1  score: 21.4 bits;  conditional E-value: 1.2e-08
         nifH-03292025 17 KGGiGKSttasnlsaalaeegkkvlivGCdPKaDstrl 54
                          KGG+GK t a nl+a la  ++k l +  dP a +t+ 
  JAFWRA010000216.1_13 11 KGGVGKTTSAINLAASLAVLEYKTLLIDADPQANATSG 48
                          9*********************************9975 PP

  == domain 2  score: 10.4 bits;  conditional E-value: 2.8e-05
         nifH-03292025 148 kadevyivtsgemmalYaanniakgikkyaee..ggvrlgGlicNsrkv..dkeeelveefaeklgtqiiaf.vprsnevqkaelekkt 231
                            ad+v+i + +e+ al     ++++ik ++++   + ++ G++  + ++  +  +++vee+  +++  ++++ ++r++ + +a   +k 
  JAFWRA010000216.1_13 140 AADSVIIPVQCEYFALEGLGKLLNTIKIVQTRlnPDLEIEGILLTMFDTrlRLSKQVVEEVKMHFQDLVFNTiINRNTRLGEAPSFGKS 228
                           58999999999******99999999999888844667889999887655115689999999999998888762688999********** PP

         nifH-03292025 232 vieaapdseqakeyreLakkilenkkl 258
                           +i ++  s  a +y +La++ile+++l
  JAFWRA010000216.1_13 229 IIMHDAASVGAINYLNLAREILEKNHL 255
                           *********************998765 PP

>> JAFWRA010000010.1_4  # 3716 # 4738 # -1 # ID=96_4;partial=00;start_type=ATG;rbs_motif=AAA;rbs_spacer=3bp;gc_cont=0.51
   #    score  bias  c-Evalue  i-Evalue hmmfrom  hmm to    alifrom  ali to    envfrom  env to     acc
 ---   ------ ----- --------- --------- ------- -------    ------- -------    ------- -------    ----
   1 !   24.2   0.0   1.8e-09     3e-06      15      44 ..      96     125 ..      78     145 .. 0.79
   2 !    5.6   0.0   0.00082       1.3     198     254 ..     283     338 ..     223     340 .. 0.77

  Alignments for each domain:
  == domain 1  score: 24.2 bits;  conditional E-value: 1.8e-09
        nifH-03292025  15 YGKGGiGKSttasnlsaalaeegkkvlivG 44 
                           GKGG+GKSt+a+nl+ ala+++++v  + 
  JAFWRA010000010.1_4  96 SGKGGVGKSTVAANLAIALARANQRVGLID 125
                          5***********************996665 PP

  == domain 2  score: 5.6 bits;  conditional E-value: 0.00082
        nifH-03292025 198 eelveefaeklgtqiiafvprsnevqkaelekktvieaapdseqakeyreLakkile 254
                          +e  ++fae+lg+ ++ ++p  +++ ++   +   +  + ds+ +k++ ++a++i++
  JAFWRA010000010.1_4 283 KETGKAFAEQLGVPLLGQIPITEKIAECGDAGV-PLALDADSPVTKAFDKIAHDIIN 338
                          566799*******************99876665.4678999*************987 PP



Internal pipeline statistics summary:
-------------------------------------
Query model(s):                            1  (327 nodes)
Target sequences:                       3236  (1118037 residues searched)
Passed MSV filter:                       152  (0.0469716); expected 64.7 (0.02)
Passed bias filter:                      122  (0.0377009); expected 64.7 (0.02)
Passed Vit filter:                        15  (0.00463535); expected 3.2 (0.001)
Passed Fwd filter:                         2  (0.000618047); expected 0.0 (1e-05)
Initial search space (Z):               3236  [actual number of targets]
Domain search space  (domZ):               2  [number of targets reported over threshold]
# CPU time: 0.02u 0.00s 00:00:00.02 Elapsed: 00:00:00.02
# Mc/sec: 13490.05
//
Query:       nifD-03292025  [M=482]
Scores for complete sequences (score includes all domains):
   --- full sequence ---   --- best 1 domain ---    -#dom-
    E-value  score  bias    E-value  score  bias    exp  N  Sequence            Description
    ------- ------ -----    ------- ------ -----   ---- --  --------            -----------
      0.007   12.3   0.0     0.0071   12.3   0.0    1.0  1  JAFWRA010000159.1_1  # 3 # 176 # 1 # ID=152_1;partial=10;star


Domain annotation for each sequence (and alignments):
>> JAFWRA010000159.1_1  # 3 # 176 # 1 # ID=152_1;partial=10;start_type=Edge;rbs_motif=None;rbs_spacer=None;gc_cont=0.460
   #    score  bias  c-Evalue  i-Evalue hmmfrom  hmm to    alifrom  ali to    envfrom  env to     acc
 ---   ------ ----- --------- --------- ------- -------    ------- -------    ------- -------    ----
   1 !   12.3   0.0   2.2e-06    0.0071     202     248 ..       8      52 ..       2      54 .. 0.82

  Alignments for each domain:
  == domain 1  score: 12.3 bits;  conditional E-value: 2.2e-06
        nifD-03292025 202 kvvgtkevkeektpydvnligeYnigGdaweikklleeiGlrvvatf 248
                          +++++ e+  ++  ++v  i ++n + d + +k+ le++G++ + +f
  JAFWRA010000159.1_1   8 WLLQHGEP--NRIMVRVPHIPDFNTDEDVERSKEHLEKMGVKHIDEF 52 
                          55555444..566788999***********************99887 PP



Internal pipeline statistics summary:
-------------------------------------
Query model(s):                            1  (482 nodes)
Target sequences:                       3236  (1118037 residues searched)
Passed MSV filter:                       135  (0.0417182); expected 64.7 (0.02)
Passed bias filter:                       87  (0.026885); expected 64.7 (0.02)
Passed Vit filter:                         8  (0.00247219); expected 3.2 (0.001)
Passed Fwd filter:                         1  (0.000309023); expected 0.0 (1e-05)
Initial search space (Z):               3236  [actual number of targets]
Domain search space  (domZ):               1  [number of targets reported over threshold]
# CPU time: 0.03u 0.00s 00:00:00.03 Elapsed: 00:00:00.02
# Mc/sec: 24652.61
//
Query:       nifK-03292025  [M=490]
Scores for complete sequences (score includes all domains):
   --- full sequence ---   --- best 1 domain ---    -#dom-
    E-value  score  bias    E-value  score  bias    exp  N  Sequence Description
    ------- ------ -----    ------- ------ -----   ---- --  -------- -----------

   [No hits detected that satisfy reporting thresholds]


Domain annotation for each sequence (and alignments):

   [No targets detected that satisfy reporting thresholds]


Internal pipeline statistics summary:
-------------------------------------
Query model(s):                            1  (490 nodes)
Target sequences:                       3236  (1118037 residues searched)
Passed MSV filter:                        97  (0.0299753); expected 64.7 (0.02)
Passed bias filter:                       68  (0.0210136); expected 64.7 (0.02)
Passed Vit filter:                         6  (0.00185414); expected 3.2 (0.001)
Passed Fwd filter:                         0  (0); expected 0.0 (1e-05)
Initial search space (Z):               3236  [actual number of targets]
Domain search space  (domZ):               0  [number of targets reported over threshold]
# CPU time: 0.03u 0.00s 00:00:00.03 Elapsed: 00:00:00.02
# Mc/sec: 23381.41
//
Query:       nifB-03292025  [M=505]
Scores for complete sequences (score includes all domains):
   --- full sequence ---   --- best 1 domain ---    -#dom-
    E-value  score  bias    E-value  score  bias    exp  N  Sequence            Description
    ------- ------ -----    ------- ------ -----   ---- --  --------            -----------
    7.3e-05   18.9   0.0    9.8e-05   18.5   0.0    1.2  1  JAFWRA010000040.1_4  # 1905 # 2267 # -1 # ID=17_4;partial=00;


Domain annotation for each sequence (and alignments):
>> JAFWRA010000040.1_4  # 1905 # 2267 # -1 # ID=17_4;partial=00;start_type=ATG;rbs_motif=AAAA;rbs_spacer=9bp;gc_cont=0.5
   #    score  bias  c-Evalue  i-Evalue hmmfrom  hmm to    alifrom  ali to    envfrom  env to     acc
 ---   ------ ----- --------- --------- ------- -------    ------- -------    ------- -------    ----
   1 !   18.5   0.0     3e-08   9.8e-05     374     482 ..       3     100 ..       1     116 [. 0.77

  Alignments for each domain:
  == domain 1  score: 18.5 bits;  conditional E-value: 3e-08
        nifB-03292025 374 alvAvaskggkrvnqHFGhakefliyevsekevklveerkvekyCkggegceeeedrleeilkalsdceavlcakiGeepkekLeeagie 463
                          +++A+ +++gk + qHFG+a + + ++v++ ++  v+++ ++    + e+   e+ ++ + l a ++c+ vlc  +G+ + + L++ gi+
  JAFWRA010000040.1_4   3 QRIAIPTNEGK-LWQHFGKAPQVTFFNVENGKI--VDQQVLQ----APEH---EHGAMPRFL-AEQGCTDVLCGGLGQGAVNLLNQLGIR 81 
                          58999998775.689*************99875..5554332....2222...334455555.459************************ PP

        nifB-03292025 464 aveaealetieealkalae 482
                                  ++e++l+++++
  JAFWRA010000040.1_4  82 IHAGAPELPVEQVLAMFLN 100
                          9777766699999888776 PP



Internal pipeline statistics summary:
-------------------------------------
Query model(s):                            1  (505 nodes)
Target sequences:                       3236  (1118037 residues searched)
Passed MSV filter:                       103  (0.0318294); expected 64.7 (0.02)
Passed bias filter:                       61  (0.0188504); expected 64.7 (0.02)
Passed Vit filter:                         7  (0.00216316); expected 3.2 (0.001)
Passed Fwd filter:                         1  (0.000309023); expected 0.0 (1e-05)
Initial search space (Z):               3236  [actual number of targets]
Domain search space  (domZ):               1  [number of targets reported over threshold]
# CPU time: 0.03u 0.01s 00:00:00.04 Elapsed: 00:00:00.02
# Mc/sec: 27362.99
//
Query:       nifE-03292025  [M=556]
Scores for complete sequences (score includes all domains):
   --- full sequence ---   --- best 1 domain ---    -#dom-
    E-value  score  bias    E-value  score  bias    exp  N  Sequence Description
    ------- ------ -----    ------- ------ -----   ---- --  -------- -----------

   [No hits detected that satisfy reporting thresholds]


Domain annotation for each sequence (and alignments):

   [No targets detected that satisfy reporting thresholds]


Internal pipeline statistics summary:
-------------------------------------
Query model(s):                            1  (556 nodes)
Target sequences:                       3236  (1118037 residues searched)
Passed MSV filter:                       120  (0.0370828); expected 64.7 (0.02)
Passed bias filter:                       78  (0.0241038); expected 64.7 (0.02)
Passed Vit filter:                         6  (0.00185414); expected 3.2 (0.001)
Passed Fwd filter:                         0  (0); expected 0.0 (1e-05)
Initial search space (Z):               3236  [actual number of targets]
Domain search space  (domZ):               0  [number of targets reported over threshold]
# CPU time: 0.03u 0.00s 00:00:00.03 Elapsed: 00:00:00.02
# Mc/sec: 21146.23
//
Query:       nifN-03292025  [M=700]
Scores for complete sequences (score includes all domains):
   --- full sequence ---   --- best 1 domain ---    -#dom-
    E-value  score  bias    E-value  score  bias    exp  N  Sequence Description
    ------- ------ -----    ------- ------ -----   ---- --  -------- -----------

   [No hits detected that satisfy reporting thresholds]


Domain annotation for each sequence (and alignments):

   [No targets detected that satisfy reporting thresholds]


Internal pipeline statistics summary:
-------------------------------------
Query model(s):                            1  (700 nodes)
Target sequences:                       3236  (1118037 residues searched)
Passed MSV filter:                       124  (0.0383189); expected 64.7 (0.02)
Passed bias filter:                       98  (0.0302843); expected 64.7 (0.02)
Passed Vit filter:                         9  (0.00278121); expected 3.2 (0.001)
Passed Fwd filter:                         0  (0); expected 0.0 (1e-05)
Initial search space (Z):               3236  [actual number of targets]
Domain search space  (domZ):               0  [number of targets reported over threshold]
# CPU time: 0.04u 0.00s 00:00:00.04 Elapsed: 00:00:00.03
# Mc/sec: 21745.78
//
Query:       pchlide-04012025  [M=508]
Scores for complete sequences (score includes all domains):
   --- full sequence ---   --- best 1 domain ---    -#dom-
    E-value  score  bias    E-value  score  bias    exp  N  Sequence Description
    ------- ------ -----    ------- ------ -----   ---- --  -------- -----------

   [No hits detected that satisfy reporting thresholds]


Domain annotation for each sequence (and alignments):

   [No targets detected that satisfy reporting thresholds]


Internal pipeline statistics summary:
-------------------------------------
Query model(s):                            1  (508 nodes)
Target sequences:                       3236  (1118037 residues searched)
Passed MSV filter:                       132  (0.0407911); expected 64.7 (0.02)
Passed bias filter:                       97  (0.0299753); expected 64.7 (0.02)
Passed Vit filter:                         7  (0.00216316); expected 3.2 (0.001)
Passed Fwd filter:                         0  (0); expected 0.0 (1e-05)
Initial search space (Z):               3236  [actual number of targets]
Domain search space  (domZ):               0  [number of targets reported over threshold]
# CPU time: 0.03u 0.00s 00:00:00.03 Elapsed: 00:00:00.02
# Mc/sec: 20500.22
//
[ok]
# hmmsearch :: search profile(s) against a sequence database
# HMMER 3.4 (Aug 2023); http://hmmer.org/
# Copyright (C) 2023 Howard Hughes Medical Institute.
# Freely distributed under the BSD open source license.
# - - - - - - - - - - - - - - - - - - - - - - - - - - - - - - - - - - - -
# query HMM file:                  ../HMMs/nifV_07242025.hmm
# target sequence database:        ../all_rep_proteins_aa/bacteria/GB_GCA_017508895.1_protein.faa
# - - - - - - - - - - - - - - - - - - - - - - - - - - - - - - - - - - - -

Query:       nifV-07242025  [M=437]
Scores for complete sequences (score includes all domains):
   --- full sequence ---   --- best 1 domain ---    -#dom-
    E-value  score  bias    E-value  score  bias    exp  N  Sequence Description
    ------- ------ -----    ------- ------ -----   ---- --  -------- -----------

   [No hits detected that satisfy reporting thresholds]


Domain annotation for each sequence (and alignments):

   [No targets detected that satisfy reporting thresholds]


Internal pipeline statistics summary:
-------------------------------------
Query model(s):                            1  (437 nodes)
Target sequences:                       3236  (1118037 residues searched)
Passed MSV filter:                        83  (0.0256489); expected 64.7 (0.02)
Passed bias filter:                       62  (0.0191595); expected 64.7 (0.02)
Passed Vit filter:                         5  (0.00154512); expected 3.2 (0.001)
Passed Fwd filter:                         0  (0); expected 0.0 (1e-05)
Initial search space (Z):               3236  [actual number of targets]
Domain search space  (domZ):               0  [number of targets reported over threshold]
# CPU time: 0.02u 0.00s 00:00:00.02 Elapsed: 00:00:00.01
# Mc/sec: 33040.71
//
[ok]
