# hmmsearch :: search profile(s) against a sequence database
# HMMER 3.4 (Aug 2023); http://hmmer.org/
# Copyright (C) 2023 Howard Hughes Medical Institute.
# Freely distributed under the BSD open source license.
# - - - - - - - - - - - - - - - - - - - - - - - - - - - - - - - - - - - -
# query HMM file:                  ../HMMs/combined_nif_04012025.hmm
# target sequence database:        ../all_rep_proteins_aa/bacteria/GB_GCA_030699685.1_protein.faa
# - - - - - - - - - - - - - - - - - - - - - - - - - - - - - - - - - - - -

Query:       nifH-03292025  [M=327]
Scores for complete sequences (score includes all domains):
   --- full sequence ---   --- best 1 domain ---    -#dom-
    E-value  score  bias    E-value  score  bias    exp  N  Sequence            Description
    ------- ------ -----    ------- ------ -----   ---- --  --------            -----------
    1.6e-13   46.6   0.0    2.3e-07   26.4   0.0    2.1  2  JAUYLJ010000057.1_6  # 8298 # 9089 # 1 # ID=32_6;partial=00;s


Domain annotation for each sequence (and alignments):
>> JAUYLJ010000057.1_6  # 8298 # 9089 # 1 # ID=32_6;partial=00;start_type=ATG;rbs_motif=None;rbs_spacer=None;gc_cont=0.5
   #    score  bias  c-Evalue  i-Evalue hmmfrom  hmm to    alifrom  ali to    envfrom  env to     acc
 ---   ------ ----- --------- --------- ------- -------    ------- -------    ------- -------    ----
   1 !   26.4   0.0   1.9e-10   2.3e-07      17      55 ..      11      49 ..       3      77 .. 0.87
   2 !   18.3   0.0   5.6e-08   6.7e-05     149     265 ..     141     262 ..     138     263 .. 0.85

  Alignments for each domain:
  == domain 1  score: 26.4 bits;  conditional E-value: 1.9e-10
        nifH-03292025 17 KGGiGKSttasnlsaalaeegkkvlivGCdPKaDstrll 55
                         KGG+GK tta nl a la +gk vl +  dP a +t+ l
  JAUYLJ010000057.1_6 11 KGGVGKTTTAINLGASLAAQGKFVLLIDIDPQANATSGL 49
                         9*********************************99865 PP

  == domain 2  score: 18.3 bits;  conditional E-value: 5.6e-08
        nifH-03292025 149 adevyivtsgemmalYaanniakgikkyaee..ggvrlgGlicNsr..kvdkeeelveefaeklgtqiiaf.vprsnevqkaelekktvi 233
                          a+ev i + +e+ al     ++++i+ +++e   + ++ G +  +   + +  + ++ee+ + +  +i+   +pr+ ++ +a  +++ v 
  JAUYLJ010000057.1_6 141 AQEVLIPVQAEYYALEGLSQLLETIAMVKKElqPDLSILGAVLTMYdpRYKLSQAIMEELYKYFPNRIFRSvIPRNVKLAEAPSHGRPVR 230
                          89************************99999333445556666655114566789999*****99999975279**************** PP

        nifH-03292025 234 eaapdseqakeyreLakkilenkklvipkpls 265
                          ++a++s++a++y++L +++++++   i++p+s
  JAUYLJ010000057.1_6 231 DYAKTSRAARAYERLGREVISTELYPIRNPFS 262
                          *********************99999999876 PP



Internal pipeline statistics summary:
-------------------------------------
Query model(s):                            1  (327 nodes)
Target sequences:                       1208  (345783 residues searched)
Passed MSV filter:                        65  (0.0538079); expected 24.2 (0.02)
Passed bias filter:                       55  (0.0455298); expected 24.2 (0.02)
Passed Vit filter:                         8  (0.00662252); expected 1.2 (0.001)
Passed Fwd filter:                         1  (0.000827815); expected 0.0 (1e-05)
Initial search space (Z):               1208  [actual number of targets]
Domain search space  (domZ):               1  [number of targets reported over threshold]
# CPU time: 0.01u 0.00s 00:00:00.01 Elapsed: 00:00:00.01
# Mc/sec: 10174.63
//
Query:       nifD-03292025  [M=482]
Scores for complete sequences (score includes all domains):
   --- full sequence ---   --- best 1 domain ---    -#dom-
    E-value  score  bias    E-value  score  bias    exp  N  Sequence Description
    ------- ------ -----    ------- ------ -----   ---- --  -------- -----------

   [No hits detected that satisfy reporting thresholds]


Domain annotation for each sequence (and alignments):

   [No targets detected that satisfy reporting thresholds]


Internal pipeline statistics summary:
-------------------------------------
Query model(s):                            1  (482 nodes)
Target sequences:                       1208  (345783 residues searched)
Passed MSV filter:                        43  (0.035596); expected 24.2 (0.02)
Passed bias filter:                       38  (0.031457); expected 24.2 (0.02)
Passed Vit filter:                         1  (0.000827815); expected 1.2 (0.001)
Passed Fwd filter:                         0  (0); expected 0.0 (1e-05)
Initial search space (Z):               1208  [actual number of targets]
Domain search space  (domZ):               0  [number of targets reported over threshold]
# CPU time: 0.01u 0.00s 00:00:00.01 Elapsed: 00:00:00.00
# Mc/sec: 17540.00
//
Query:       nifK-03292025  [M=490]
Scores for complete sequences (score includes all domains):
   --- full sequence ---   --- best 1 domain ---    -#dom-
    E-value  score  bias    E-value  score  bias    exp  N  Sequence Description
    ------- ------ -----    ------- ------ -----   ---- --  -------- -----------

   [No hits detected that satisfy reporting thresholds]


Domain annotation for each sequence (and alignments):

   [No targets detected that satisfy reporting thresholds]


Internal pipeline statistics summary:
-------------------------------------
Query model(s):                            1  (490 nodes)
Target sequences:                       1208  (345783 residues searched)
Passed MSV filter:                        28  (0.0231788); expected 24.2 (0.02)
Passed bias filter:                       21  (0.0173841); expected 24.2 (0.02)
Passed Vit filter:                         2  (0.00165563); expected 1.2 (0.001)
Passed Fwd filter:                         0  (0); expected 0.0 (1e-05)
Initial search space (Z):               1208  [actual number of targets]
Domain search space  (domZ):               0  [number of targets reported over threshold]
# CPU time: 0.01u 0.00s 00:00:00.01 Elapsed: 00:00:00.00
# Mc/sec: 20556.73
//
Query:       nifB-03292025  [M=505]
Scores for complete sequences (score includes all domains):
   --- full sequence ---   --- best 1 domain ---    -#dom-
    E-value  score  bias    E-value  score  bias    exp  N  Sequence Description
    ------- ------ -----    ------- ------ -----   ---- --  -------- -----------

   [No hits detected that satisfy reporting thresholds]


Domain annotation for each sequence (and alignments):

   [No targets detected that satisfy reporting thresholds]


Internal pipeline statistics summary:
-------------------------------------
Query model(s):                            1  (505 nodes)
Target sequences:                       1208  (345783 residues searched)
Passed MSV filter:                        46  (0.0380795); expected 24.2 (0.02)
Passed bias filter:                       32  (0.0264901); expected 24.2 (0.02)
Passed Vit filter:                         2  (0.00165563); expected 1.2 (0.001)
Passed Fwd filter:                         0  (0); expected 0.0 (1e-05)
Initial search space (Z):               1208  [actual number of targets]
Domain search space  (domZ):               0  [number of targets reported over threshold]
# CPU time: 0.02u 0.00s 00:00:00.02 Elapsed: 00:00:00.01
# Mc/sec: 15708.95
//
Query:       nifE-03292025  [M=556]
Scores for complete sequences (score includes all domains):
   --- full sequence ---   --- best 1 domain ---    -#dom-
    E-value  score  bias    E-value  score  bias    exp  N  Sequence Description
    ------- ------ -----    ------- ------ -----   ---- --  -------- -----------

   [No hits detected that satisfy reporting thresholds]


Domain annotation for each sequence (and alignments):

   [No targets detected that satisfy reporting thresholds]


Internal pipeline statistics summary:
-------------------------------------
Query model(s):                            1  (556 nodes)
Target sequences:                       1208  (345783 residues searched)
Passed MSV filter:                        39  (0.0322848); expected 24.2 (0.02)
Passed bias filter:                       31  (0.0256623); expected 24.2 (0.02)
Passed Vit filter:                         5  (0.00413907); expected 1.2 (0.001)
Passed Fwd filter:                         0  (0); expected 0.0 (1e-05)
Initial search space (Z):               1208  [actual number of targets]
Domain search space  (domZ):               0  [number of targets reported over threshold]
# CPU time: 0.01u 0.00s 00:00:00.01 Elapsed: 00:00:00.01
# Mc/sec: 16486.58
//
Query:       nifN-03292025  [M=700]
Scores for complete sequences (score includes all domains):
   --- full sequence ---   --- best 1 domain ---    -#dom-
    E-value  score  bias    E-value  score  bias    exp  N  Sequence Description
    ------- ------ -----    ------- ------ -----   ---- --  -------- -----------

   [No hits detected that satisfy reporting thresholds]


Domain annotation for each sequence (and alignments):

   [No targets detected that satisfy reporting thresholds]


Internal pipeline statistics summary:
-------------------------------------
Query model(s):                            1  (700 nodes)
Target sequences:                       1208  (345783 residues searched)
Passed MSV filter:                        29  (0.0240066); expected 24.2 (0.02)
Passed bias filter:                       21  (0.0173841); expected 24.2 (0.02)
Passed Vit filter:                         5  (0.00413907); expected 1.2 (0.001)
Passed Fwd filter:                         0  (0); expected 0.0 (1e-05)
Initial search space (Z):               1208  [actual number of targets]
Domain search space  (domZ):               0  [number of targets reported over threshold]
# CPU time: 0.01u 0.01s 00:00:00.02 Elapsed: 00:00:00.01
# Mc/sec: 20100.56
//
Query:       pchlide-04012025  [M=508]
Scores for complete sequences (score includes all domains):
   --- full sequence ---   --- best 1 domain ---    -#dom-
    E-value  score  bias    E-value  score  bias    exp  N  Sequence Description
    ------- ------ -----    ------- ------ -----   ---- --  -------- -----------

   [No hits detected that satisfy reporting thresholds]


Domain annotation for each sequence (and alignments):

   [No targets detected that satisfy reporting thresholds]


Internal pipeline statistics summary:
-------------------------------------
Query model(s):                            1  (508 nodes)
Target sequences:                       1208  (345783 residues searched)
Passed MSV filter:                        42  (0.0347682); expected 24.2 (0.02)
Passed bias filter:                       36  (0.0298013); expected 24.2 (0.02)
Passed Vit filter:                         4  (0.00331126); expected 1.2 (0.001)
Passed Fwd filter:                         0  (0); expected 0.0 (1e-05)
Initial search space (Z):               1208  [actual number of targets]
Domain search space  (domZ):               0  [number of targets reported over threshold]
# CPU time: 0.01u 0.00s 00:00:00.01 Elapsed: 00:00:00.01
# Mc/sec: 15995.50
//
[ok]
# hmmsearch :: search profile(s) against a sequence database
# HMMER 3.4 (Aug 2023); http://hmmer.org/
# Copyright (C) 2023 Howard Hughes Medical Institute.
# Freely distributed under the BSD open source license.
# - - - - - - - - - - - - - - - - - - - - - - - - - - - - - - - - - - - -
# query HMM file:                  ../HMMs/nifV_07242025.hmm
# target sequence database:        ../all_rep_proteins_aa/bacteria/GB_GCA_030699685.1_protein.faa
# - - - - - - - - - - - - - - - - - - - - - - - - - - - - - - - - - - - -

Query:       nifV-07242025  [M=437]
Scores for complete sequences (score includes all domains):
   --- full sequence ---   --- best 1 domain ---    -#dom-
    E-value  score  bias    E-value  score  bias    exp  N  Sequence Description
    ------- ------ -----    ------- ------ -----   ---- --  -------- -----------

   [No hits detected that satisfy reporting thresholds]


Domain annotation for each sequence (and alignments):

   [No targets detected that satisfy reporting thresholds]


Internal pipeline statistics summary:
-------------------------------------
Query model(s):                            1  (437 nodes)
Target sequences:                       1208  (345783 residues searched)
Passed MSV filter:                        40  (0.0331126); expected 24.2 (0.02)
Passed bias filter:                       29  (0.0240066); expected 24.2 (0.02)
Passed Vit filter:                         3  (0.00248344); expected 1.2 (0.001)
Passed Fwd filter:                         0  (0); expected 0.0 (1e-05)
Initial search space (Z):               1208  [actual number of targets]
Domain search space  (domZ):               0  [number of targets reported over threshold]
# CPU time: 0.01u 0.00s 00:00:00.01 Elapsed: 00:00:00.00
# Mc/sec: 18005.98
//
[ok]
