# hmmsearch :: search profile(s) against a sequence database
# HMMER 3.4 (Aug 2023); http://hmmer.org/
# Copyright (C) 2023 Howard Hughes Medical Institute.
# Freely distributed under the BSD open source license.
# - - - - - - - - - - - - - - - - - - - - - - - - - - - - - - - - - - - -
# query HMM file:                  ../HMMs/combined_nif_04012025.hmm
# target sequence database:        ../all_rep_proteins_aa/bacteria/GB_GCA_947466965.1_protein.faa
# - - - - - - - - - - - - - - - - - - - - - - - - - - - - - - - - - - - -

Query:       nifH-03292025  [M=327]
Scores for complete sequences (score includes all domains):
   --- full sequence ---   --- best 1 domain ---    -#dom-
    E-value  score  bias    E-value  score  bias    exp  N  Sequence              Description
    ------- ------ -----    ------- ------ -----   ---- --  --------              -----------
    5.6e-11   39.4   1.0    1.5e-06   24.9   0.1    2.1  2  CANIFU010000056.1_8    # 6186 # 7004 # 1 # ID=56_8;partial=00
    5.7e-08   29.5   0.2      2e-06   24.5   0.1    2.2  2  CANIFU010000001.1_106  # 122011 # 123096 # 1 # ID=1_106;parti


Domain annotation for each sequence (and alignments):
>> CANIFU010000056.1_8  # 6186 # 7004 # 1 # ID=56_8;partial=00;start_type=ATG;rbs_motif=TAAA;rbs_spacer=14bp;gc_cont=0.3
   #    score  bias  c-Evalue  i-Evalue hmmfrom  hmm to    alifrom  ali to    envfrom  env to     acc
 ---   ------ ----- --------- --------- ------- -------    ------- -------    ------- -------    ----
   1 !   24.9   0.1   1.1e-09   1.5e-06      17      53 ..      11      47 ..       2      67 .. 0.91
   2 !   13.3   0.1   3.7e-06     0.005     148     257 ..     140     254 ..     137     268 .. 0.83

  Alignments for each domain:
  == domain 1  score: 24.9 bits;  conditional E-value: 1.1e-09
        nifH-03292025 17 KGGiGKSttasnlsaalaeegkkvlivGCdPKaDstr 53
                         KGG+GK tta nlsa la  + k l +  dP a st+
  CANIFU010000056.1_8 11 KGGVGKTTTAINLSASLAVLEFKTLLIDADPQANSTS 47
                         9**********************************97 PP

  == domain 2  score: 13.3 bits;  conditional E-value: 3.7e-06
        nifH-03292025 148 kadevyivtsgemmalYaanniakgikkyaee..ggvrlgGlicNsrkv..dkeeelveefaeklgtqiiaf.vprsnevqkaelekktv 232
                           ad+v i + +e+ al     ++++ik ++++  ++  + G++  + ++  +  +++vee+ ++++  ++ + ++r++++ +a   +k +
  CANIFU010000056.1_8 140 AADSVLIPVQCEYFALEGLGKLLNTIKIVQTRlnTELAIEGILLTMYDMrlRLSNQVVEEVKTHFQQMVFDTiIQRNTKLGEAPSFGKSI 229
                          68999999999*************9999988844566678998876554116789999999999998888762688999*********** PP

        nifH-03292025 233 ieaapdseqakeyreLakkilenkk 257
                          i ++ + ++  +y +La++il+++ 
  CANIFU010000056.1_8 230 IMHDASGKASVNYLNLAREILQKNG 254
                          ********************98764 PP

>> CANIFU010000001.1_106  # 122011 # 123096 # 1 # ID=1_106;partial=00;start_type=ATG;rbs_motif=TAAA;rbs_spacer=8bp;gc_co
   #    score  bias  c-Evalue  i-Evalue hmmfrom  hmm to    alifrom  ali to    envfrom  env to     acc
 ---   ------ ----- --------- --------- ------- -------    ------- -------    ------- -------    ----
   1 !   24.5   0.1   1.5e-09     2e-06      15      46 ..     104     135 ..      93     170 .. 0.78
   2 !    2.9   0.0    0.0053       7.2     201     256 ..     294     348 ..     236     358 .. 0.83

  Alignments for each domain:
  == domain 1  score: 24.5 bits;  conditional E-value: 1.5e-09
          nifH-03292025  15 YGKGGiGKSttasnlsaalaeegkkvlivGCd 46 
                             GKGG+GKSt+asnl++al ++g  v  v  d
  CANIFU010000001.1_106 104 SGKGGVGKSTIASNLAVALVKQGATVGLVDAD 135
                            4**********************999777666 PP

  == domain 2  score: 2.9 bits;  conditional E-value: 0.0053
          nifH-03292025 201 veefaeklgtqiiafvprsnevqkaelekktvieaapdseqakeyreLakkilenk 256
                             +++aeklg+ ++ ++p  + + +a   ++  + ++++++qa +++++a++++++ 
  CANIFU010000001.1_106 294 AKTLAEKLGVPLLGEIPLVQSICEAGDAGRPAV-MQETTPQAFAFMQMASNVAQQV 348
                            6789*************9999988866655544.3456789999999999998764 PP



Internal pipeline statistics summary:
-------------------------------------
Query model(s):                            1  (327 nodes)
Target sequences:                       2707  (937708 residues searched)
Passed MSV filter:                       145  (0.0535648); expected 54.1 (0.02)
Passed bias filter:                       98  (0.0362024); expected 54.1 (0.02)
Passed Vit filter:                         9  (0.00332471); expected 2.7 (0.001)
Passed Fwd filter:                         3  (0.00110824); expected 0.0 (1e-05)
Initial search space (Z):               2707  [actual number of targets]
Domain search space  (domZ):               2  [number of targets reported over threshold]
# CPU time: 0.03u 0.00s 00:00:00.03 Elapsed: 00:00:00.02
# Mc/sec: 13911.76
//
Query:       nifD-03292025  [M=482]
Scores for complete sequences (score includes all domains):
   --- full sequence ---   --- best 1 domain ---    -#dom-
    E-value  score  bias    E-value  score  bias    exp  N  Sequence             Description
    ------- ------ -----    ------- ------ -----   ---- --  --------             -----------
     0.0092   11.6   0.0      0.015   10.9   0.0    1.3  1  CANIFU010000016.1_17  # 19475 # 21100 # -1 # ID=16_17;partial


Domain annotation for each sequence (and alignments):
>> CANIFU010000016.1_17  # 19475 # 21100 # -1 # ID=16_17;partial=00;start_type=ATG;rbs_motif=TAA;rbs_spacer=6bp;gc_cont=
   #    score  bias  c-Evalue  i-Evalue hmmfrom  hmm to    alifrom  ali to    envfrom  env to     acc
 ---   ------ ----- --------- --------- ------- -------    ------- -------    ------- -------    ----
   1 !   10.9   0.0   5.5e-06     0.015     242     276 ..     196     230 ..     185     263 .. 0.89

  Alignments for each domain:
  == domain 1  score: 10.9 bits;  conditional E-value: 5.5e-06
         nifD-03292025 242 lrvvatftGdgtleelekahkakLnlvhCkrsmnY 276
                           ++v+   +G+ +++e+e+++++k+n+++C+    Y
  CANIFU010000016.1_17 196 IEVLIAISGEVSIDEFENVQNVKINIITCTEKFYY 230
                           6789999**********************987765 PP



Internal pipeline statistics summary:
-------------------------------------
Query model(s):                            1  (482 nodes)
Target sequences:                       2707  (937708 residues searched)
Passed MSV filter:                       174  (0.0642778); expected 54.1 (0.02)
Passed bias filter:                       79  (0.0291836); expected 54.1 (0.02)
Passed Vit filter:                         5  (0.00184706); expected 2.7 (0.001)
Passed Fwd filter:                         1  (0.000369413); expected 0.0 (1e-05)
Initial search space (Z):               2707  [actual number of targets]
Domain search space  (domZ):               1  [number of targets reported over threshold]
# CPU time: 0.04u 0.01s 00:00:00.05 Elapsed: 00:00:00.01
# Mc/sec: 23626.08
//
Query:       nifK-03292025  [M=490]
Scores for complete sequences (score includes all domains):
   --- full sequence ---   --- best 1 domain ---    -#dom-
    E-value  score  bias    E-value  score  bias    exp  N  Sequence Description
    ------- ------ -----    ------- ------ -----   ---- --  -------- -----------

   [No hits detected that satisfy reporting thresholds]


Domain annotation for each sequence (and alignments):

   [No targets detected that satisfy reporting thresholds]


Internal pipeline statistics summary:
-------------------------------------
Query model(s):                            1  (490 nodes)
Target sequences:                       2707  (937708 residues searched)
Passed MSV filter:                        97  (0.035833); expected 54.1 (0.02)
Passed bias filter:                       65  (0.0240118); expected 54.1 (0.02)
Passed Vit filter:                         3  (0.00110824); expected 2.7 (0.001)
Passed Fwd filter:                         0  (0); expected 0.0 (1e-05)
Initial search space (Z):               2707  [actual number of targets]
Domain search space  (domZ):               0  [number of targets reported over threshold]
# CPU time: 0.03u 0.00s 00:00:00.03 Elapsed: 00:00:00.01
# Mc/sec: 27738.90
//
Query:       nifB-03292025  [M=505]
Scores for complete sequences (score includes all domains):
   --- full sequence ---   --- best 1 domain ---    -#dom-
    E-value  score  bias    E-value  score  bias    exp  N  Sequence Description
    ------- ------ -----    ------- ------ -----   ---- --  -------- -----------

   [No hits detected that satisfy reporting thresholds]


Domain annotation for each sequence (and alignments):

   [No targets detected that satisfy reporting thresholds]


Internal pipeline statistics summary:
-------------------------------------
Query model(s):                            1  (505 nodes)
Target sequences:                       2707  (937708 residues searched)
Passed MSV filter:                        88  (0.0325083); expected 54.1 (0.02)
Passed bias filter:                       58  (0.0214259); expected 54.1 (0.02)
Passed Vit filter:                         6  (0.00221648); expected 2.7 (0.001)
Passed Fwd filter:                         0  (0); expected 0.0 (1e-05)
Initial search space (Z):               2707  [actual number of targets]
Domain search space  (domZ):               0  [number of targets reported over threshold]
# CPU time: 0.03u 0.00s 00:00:00.03 Elapsed: 00:00:00.01
# Mc/sec: 30079.32
//
Query:       nifE-03292025  [M=556]
Scores for complete sequences (score includes all domains):
   --- full sequence ---   --- best 1 domain ---    -#dom-
    E-value  score  bias    E-value  score  bias    exp  N  Sequence Description
    ------- ------ -----    ------- ------ -----   ---- --  -------- -----------

   [No hits detected that satisfy reporting thresholds]


Domain annotation for each sequence (and alignments):

   [No targets detected that satisfy reporting thresholds]


Internal pipeline statistics summary:
-------------------------------------
Query model(s):                            1  (556 nodes)
Target sequences:                       2707  (937708 residues searched)
Passed MSV filter:                       116  (0.0428519); expected 54.1 (0.02)
Passed bias filter:                       71  (0.0262283); expected 54.1 (0.02)
Passed Vit filter:                         6  (0.00221648); expected 2.7 (0.001)
Passed Fwd filter:                         0  (0); expected 0.0 (1e-05)
Initial search space (Z):               2707  [actual number of targets]
Domain search space  (domZ):               0  [number of targets reported over threshold]
# CPU time: 0.03u 0.00s 00:00:00.03 Elapsed: 00:00:00.01
# Mc/sec: 26511.97
//
Query:       nifN-03292025  [M=700]
Scores for complete sequences (score includes all domains):
   --- full sequence ---   --- best 1 domain ---    -#dom-
    E-value  score  bias    E-value  score  bias    exp  N  Sequence Description
    ------- ------ -----    ------- ------ -----   ---- --  -------- -----------

   [No hits detected that satisfy reporting thresholds]


Domain annotation for each sequence (and alignments):

   [No targets detected that satisfy reporting thresholds]


Internal pipeline statistics summary:
-------------------------------------
Query model(s):                            1  (700 nodes)
Target sequences:                       2707  (937708 residues searched)
Passed MSV filter:                       102  (0.0376801); expected 54.1 (0.02)
Passed bias filter:                       78  (0.0288142); expected 54.1 (0.02)
Passed Vit filter:                         9  (0.00332471); expected 2.7 (0.001)
Passed Fwd filter:                         0  (0); expected 0.0 (1e-05)
Initial search space (Z):               2707  [actual number of targets]
Domain search space  (domZ):               0  [number of targets reported over threshold]
# CPU time: 0.04u 0.00s 00:00:00.04 Elapsed: 00:00:00.02
# Mc/sec: 25475.52
//
Query:       pchlide-04012025  [M=508]
Scores for complete sequences (score includes all domains):
   --- full sequence ---   --- best 1 domain ---    -#dom-
    E-value  score  bias    E-value  score  bias    exp  N  Sequence Description
    ------- ------ -----    ------- ------ -----   ---- --  -------- -----------

   [No hits detected that satisfy reporting thresholds]


Domain annotation for each sequence (and alignments):

   [No targets detected that satisfy reporting thresholds]


Internal pipeline statistics summary:
-------------------------------------
Query model(s):                            1  (508 nodes)
Target sequences:                       2707  (937708 residues searched)
Passed MSV filter:                        97  (0.035833); expected 54.1 (0.02)
Passed bias filter:                       68  (0.0251201); expected 54.1 (0.02)
Passed Vit filter:                         6  (0.00221648); expected 2.7 (0.001)
Passed Fwd filter:                         0  (0); expected 0.0 (1e-05)
Initial search space (Z):               2707  [actual number of targets]
Domain search space  (domZ):               0  [number of targets reported over threshold]
# CPU time: 0.02u 0.01s 00:00:00.03 Elapsed: 00:00:00.01
# Mc/sec: 28931.58
//
[ok]
# hmmsearch :: search profile(s) against a sequence database
# HMMER 3.4 (Aug 2023); http://hmmer.org/
# Copyright (C) 2023 Howard Hughes Medical Institute.
# Freely distributed under the BSD open source license.
# - - - - - - - - - - - - - - - - - - - - - - - - - - - - - - - - - - - -
# query HMM file:                  ../HMMs/nifV_07242025.hmm
# target sequence database:        ../all_rep_proteins_aa/bacteria/GB_GCA_947466965.1_protein.faa
# - - - - - - - - - - - - - - - - - - - - - - - - - - - - - - - - - - - -

Query:       nifV-07242025  [M=437]
Scores for complete sequences (score includes all domains):
   --- full sequence ---   --- best 1 domain ---    -#dom-
    E-value  score  bias    E-value  score  bias    exp  N  Sequence Description
    ------- ------ -----    ------- ------ -----   ---- --  -------- -----------

   [No hits detected that satisfy reporting thresholds]


Domain annotation for each sequence (and alignments):

   [No targets detected that satisfy reporting thresholds]


Internal pipeline statistics summary:
-------------------------------------
Query model(s):                            1  (437 nodes)
Target sequences:                       2707  (937708 residues searched)
Passed MSV filter:                        59  (0.0217953); expected 54.1 (0.02)
Passed bias filter:                       52  (0.0192095); expected 54.1 (0.02)
Passed Vit filter:                         4  (0.00147765); expected 2.7 (0.001)
Passed Fwd filter:                         0  (0); expected 0.0 (1e-05)
Initial search space (Z):               2707  [actual number of targets]
Domain search space  (domZ):               0  [number of targets reported over threshold]
# CPU time: 0.02u 0.00s 00:00:00.02 Elapsed: 00:00:00.01
# Mc/sec: 27325.24
//
[ok]
