# hmmsearch :: search profile(s) against a sequence database
# HMMER 3.4 (Aug 2023); http://hmmer.org/
# Copyright (C) 2023 Howard Hughes Medical Institute.
# Freely distributed under the BSD open source license.
# - - - - - - - - - - - - - - - - - - - - - - - - - - - - - - - - - - - -
# query HMM file:                  ../HMMs/combined_nif_04012025.hmm
# target sequence database:        ../all_rep_proteins_aa/bacteria/GB_GCA_949516455.1_protein.faa
# - - - - - - - - - - - - - - - - - - - - - - - - - - - - - - - - - - - -

Query:       nifH-03292025  [M=327]
Scores for complete sequences (score includes all domains):
   --- full sequence ---   --- best 1 domain ---    -#dom-
    E-value  score  bias    E-value  score  bias    exp  N  Sequence            Description
    ------- ------ -----    ------- ------ -----   ---- --  --------            -----------
    3.9e-13   46.0   0.4    6.1e-08   29.0   0.0    2.1  2  CATILC010000030.1_4  # 1840 # 2625 # -1 # ID=30_4;partial=00;
    4.6e-08   29.4   0.0      8e-07   25.3   0.0    2.3  2  CATILC010000199.1_6  # 4449 # 5594 # 1 # ID=199_6;partial=00;


Domain annotation for each sequence (and alignments):
>> CATILC010000030.1_4  # 1840 # 2625 # -1 # ID=30_4;partial=00;start_type=ATG;rbs_motif=AAA;rbs_spacer=5bp;gc_cont=0.51
   #    score  bias  c-Evalue  i-Evalue hmmfrom  hmm to    alifrom  ali to    envfrom  env to     acc
 ---   ------ ----- --------- --------- ------- -------    ------- -------    ------- -------    ----
   1 !   29.0   0.0   6.3e-11   6.1e-08      17      55 ..      11      49 ..       2      84 .. 0.88
   2 !   15.3   0.2     9e-07   0.00087     149     256 ..     141     253 ..     138     260 .. 0.82

  Alignments for each domain:
  == domain 1  score: 29.0 bits;  conditional E-value: 6.3e-11
        nifH-03292025 17 KGGiGKSttasnlsaalaeegkkvlivGCdPKaDstrll 55
                         KGG+GK tta nlsaal   +++vliv  dP a +t+++
  CATILC010000030.1_4 11 KGGVGKTTTAVNLSAALGVLEQRVLIVDADPQANATSNF 49
                         9*********************************99875 PP

  == domain 2  score: 15.3 bits;  conditional E-value: 9e-07
        nifH-03292025 149 adevyivtsgemmalYaanniakgikkyaee..ggvrlgGlicNsrkv..dkeeelveefaeklgtqiiaf.vprsnevqkaelekktvi 233
                          a++v i + +e+ a+     ++++i+++++   ++ ++ Gl++ + ++  +  +++v+e+ ++++  ++++ ++r+  +++a   ++ +i
  CATILC010000030.1_4 141 AHSVLIPIQSEYFAMEGLGKLLNTIRSVQNLhnEDLEIEGLLMTMYDSrlRLSNQVVDEVKNHFQQMVFKTiIQRNVRLSEAPSFGQNII 230
                          778888889999999988888888887776533678899*99887655115689999**99999999987625778889*********** PP

        nifH-03292025 234 eaapdseqakeyreLakkilenk 256
                           ++ +s+ a +y +La++ l+n+
  CATILC010000030.1_4 231 TYDATSTGAVNYLNLAQEFLKNN 253
                          ******************99987 PP

>> CATILC010000199.1_6  # 4449 # 5594 # 1 # ID=199_6;partial=00;start_type=ATG;rbs_motif=None;rbs_spacer=None;gc_cont=0.
   #    score  bias  c-Evalue  i-Evalue hmmfrom  hmm to    alifrom  ali to    envfrom  env to     acc
 ---   ------ ----- --------- --------- ------- -------    ------- -------    ------- -------    ----
   1 !   25.3   0.0   8.3e-10     8e-07      15      43 ..     107     135 ..      97     156 .. 0.88
   2 ?    1.5   0.0     0.014        14     202     256 ..     298     351 ..     253     378 .. 0.81

  Alignments for each domain:
  == domain 1  score: 25.3 bits;  conditional E-value: 8.3e-10
        nifH-03292025  15 YGKGGiGKSttasnlsaalaeegkkvliv 43 
                           GKGG+GKSt+++nl++ lae+g kv  v
  CATILC010000199.1_6 107 SGKGGVGKSTVTANLAVSLAEMGFKVGLV 135
                          4***********************99655 PP

  == domain 2  score: 1.5 bits;  conditional E-value: 0.014
        nifH-03292025 202 eefaeklgtqiiafvprsnevqkaelekktvieaapdseqakeyreLakkilenk 256
                          +++a++lgt  + ++p  +++++a   ++     ++++e  + +re+++++ ++ 
  CATILC010000199.1_6 298 KALADELGTPFLGEIPIVQTIREAGDVGRPA-ALQDETEVSEVFREMTRRVVAEL 351
                          789999***************9998777654.46677889999999999986543 PP



Internal pipeline statistics summary:
-------------------------------------
Query model(s):                            1  (327 nodes)
Target sequences:                       1929  (630681 residues searched)
Passed MSV filter:                        76  (0.0393987); expected 38.6 (0.02)
Passed bias filter:                       69  (0.0357698); expected 38.6 (0.02)
Passed Vit filter:                        12  (0.00622084); expected 1.9 (0.001)
Passed Fwd filter:                         2  (0.00103681); expected 0.0 (1e-05)
Initial search space (Z):               1929  [actual number of targets]
Domain search space  (domZ):               2  [number of targets reported over threshold]
# CPU time: 0.01u 0.00s 00:00:00.01 Elapsed: 00:00:00.01
# Mc/sec: 14662.28
//
Query:       nifD-03292025  [M=482]
Scores for complete sequences (score includes all domains):
   --- full sequence ---   --- best 1 domain ---    -#dom-
    E-value  score  bias    E-value  score  bias    exp  N  Sequence Description
    ------- ------ -----    ------- ------ -----   ---- --  -------- -----------

   [No hits detected that satisfy reporting thresholds]


Domain annotation for each sequence (and alignments):

   [No targets detected that satisfy reporting thresholds]


Internal pipeline statistics summary:
-------------------------------------
Query model(s):                            1  (482 nodes)
Target sequences:                       1929  (630681 residues searched)
Passed MSV filter:                        76  (0.0393987); expected 38.6 (0.02)
Passed bias filter:                       63  (0.0326594); expected 38.6 (0.02)
Passed Vit filter:                         7  (0.00362882); expected 1.9 (0.001)
Passed Fwd filter:                         0  (0); expected 0.0 (1e-05)
Initial search space (Z):               1929  [actual number of targets]
Domain search space  (domZ):               0  [number of targets reported over threshold]
# CPU time: 0.01u 0.00s 00:00:00.01 Elapsed: 00:00:00.01
# Mc/sec: 25898.19
//
Query:       nifK-03292025  [M=490]
Scores for complete sequences (score includes all domains):
   --- full sequence ---   --- best 1 domain ---    -#dom-
    E-value  score  bias    E-value  score  bias    exp  N  Sequence Description
    ------- ------ -----    ------- ------ -----   ---- --  -------- -----------

   [No hits detected that satisfy reporting thresholds]


Domain annotation for each sequence (and alignments):

   [No targets detected that satisfy reporting thresholds]


Internal pipeline statistics summary:
-------------------------------------
Query model(s):                            1  (490 nodes)
Target sequences:                       1929  (630681 residues searched)
Passed MSV filter:                        50  (0.0259202); expected 38.6 (0.02)
Passed bias filter:                       46  (0.0238466); expected 38.6 (0.02)
Passed Vit filter:                         4  (0.00207361); expected 1.9 (0.001)
Passed Fwd filter:                         0  (0); expected 0.0 (1e-05)
Initial search space (Z):               1929  [actual number of targets]
Domain search space  (domZ):               0  [number of targets reported over threshold]
# CPU time: 0.01u 0.01s 00:00:00.02 Elapsed: 00:00:00.01
# Mc/sec: 27787.56
//
Query:       nifB-03292025  [M=505]
Scores for complete sequences (score includes all domains):
   --- full sequence ---   --- best 1 domain ---    -#dom-
    E-value  score  bias    E-value  score  bias    exp  N  Sequence Description
    ------- ------ -----    ------- ------ -----   ---- --  -------- -----------

   [No hits detected that satisfy reporting thresholds]


Domain annotation for each sequence (and alignments):

   [No targets detected that satisfy reporting thresholds]


Internal pipeline statistics summary:
-------------------------------------
Query model(s):                            1  (505 nodes)
Target sequences:                       1929  (630681 residues searched)
Passed MSV filter:                        47  (0.024365); expected 38.6 (0.02)
Passed bias filter:                       39  (0.0202177); expected 38.6 (0.02)
Passed Vit filter:                         5  (0.00259202); expected 1.9 (0.001)
Passed Fwd filter:                         0  (0); expected 0.0 (1e-05)
Initial search space (Z):               1929  [actual number of targets]
Domain search space  (domZ):               0  [number of targets reported over threshold]
# CPU time: 0.02u 0.00s 00:00:00.02 Elapsed: 00:00:00.01
# Mc/sec: 30269.53
//
Query:       nifE-03292025  [M=556]
Scores for complete sequences (score includes all domains):
   --- full sequence ---   --- best 1 domain ---    -#dom-
    E-value  score  bias    E-value  score  bias    exp  N  Sequence Description
    ------- ------ -----    ------- ------ -----   ---- --  -------- -----------

   [No hits detected that satisfy reporting thresholds]


Domain annotation for each sequence (and alignments):

   [No targets detected that satisfy reporting thresholds]


Internal pipeline statistics summary:
-------------------------------------
Query model(s):                            1  (556 nodes)
Target sequences:                       1929  (630681 residues searched)
Passed MSV filter:                        85  (0.0440643); expected 38.6 (0.02)
Passed bias filter:                       72  (0.037325); expected 38.6 (0.02)
Passed Vit filter:                         8  (0.00414723); expected 1.9 (0.001)
Passed Fwd filter:                         0  (0); expected 0.0 (1e-05)
Initial search space (Z):               1929  [actual number of targets]
Domain search space  (domZ):               0  [number of targets reported over threshold]
# CPU time: 0.02u 0.00s 00:00:00.02 Elapsed: 00:00:00.01
# Mc/sec: 22583.94
//
Query:       nifN-03292025  [M=700]
Scores for complete sequences (score includes all domains):
   --- full sequence ---   --- best 1 domain ---    -#dom-
    E-value  score  bias    E-value  score  bias    exp  N  Sequence Description
    ------- ------ -----    ------- ------ -----   ---- --  -------- -----------

   [No hits detected that satisfy reporting thresholds]


Domain annotation for each sequence (and alignments):

   [No targets detected that satisfy reporting thresholds]


Internal pipeline statistics summary:
-------------------------------------
Query model(s):                            1  (700 nodes)
Target sequences:                       1929  (630681 residues searched)
Passed MSV filter:                        71  (0.0368066); expected 38.6 (0.02)
Passed bias filter:                       56  (0.0290306); expected 38.6 (0.02)
Passed Vit filter:                         3  (0.00155521); expected 1.9 (0.001)
Passed Fwd filter:                         0  (0); expected 0.0 (1e-05)
Initial search space (Z):               1929  [actual number of targets]
Domain search space  (domZ):               0  [number of targets reported over threshold]
# CPU time: 0.03u 0.00s 00:00:00.03 Elapsed: 00:00:00.01
# Mc/sec: 29410.60
//
Query:       pchlide-04012025  [M=508]
Scores for complete sequences (score includes all domains):
   --- full sequence ---   --- best 1 domain ---    -#dom-
    E-value  score  bias    E-value  score  bias    exp  N  Sequence Description
    ------- ------ -----    ------- ------ -----   ---- --  -------- -----------

   [No hits detected that satisfy reporting thresholds]


Domain annotation for each sequence (and alignments):

   [No targets detected that satisfy reporting thresholds]


Internal pipeline statistics summary:
-------------------------------------
Query model(s):                            1  (508 nodes)
Target sequences:                       1929  (630681 residues searched)
Passed MSV filter:                        58  (0.0300674); expected 38.6 (0.02)
Passed bias filter:                       52  (0.026957); expected 38.6 (0.02)
Passed Vit filter:                         3  (0.00155521); expected 1.9 (0.001)
Passed Fwd filter:                         0  (0); expected 0.0 (1e-05)
Initial search space (Z):               1929  [actual number of targets]
Domain search space  (domZ):               0  [number of targets reported over threshold]
# CPU time: 0.02u 0.00s 00:00:00.02 Elapsed: 00:00:00.01
# Mc/sec: 26652.07
//
[ok]
# hmmsearch :: search profile(s) against a sequence database
# HMMER 3.4 (Aug 2023); http://hmmer.org/
# Copyright (C) 2023 Howard Hughes Medical Institute.
# Freely distributed under the BSD open source license.
# - - - - - - - - - - - - - - - - - - - - - - - - - - - - - - - - - - - -
# query HMM file:                  ../HMMs/nifV_07242025.hmm
# target sequence database:        ../all_rep_proteins_aa/bacteria/GB_GCA_949516455.1_protein.faa
# - - - - - - - - - - - - - - - - - - - - - - - - - - - - - - - - - - - -

Query:       nifV-07242025  [M=437]
Scores for complete sequences (score includes all domains):
   --- full sequence ---   --- best 1 domain ---    -#dom-
    E-value  score  bias    E-value  score  bias    exp  N  Sequence            Description
    ------- ------ -----    ------- ------ -----   ---- --  --------            -----------
      0.001   14.9   0.0     0.0014   14.5   0.0    1.1  1  CATILC010000207.1_3  # 2795 # 3673 # 1 # ID=207_3;partial=00;


Domain annotation for each sequence (and alignments):
>> CATILC010000207.1_3  # 2795 # 3673 # 1 # ID=207_3;partial=00;start_type=ATG;rbs_motif=AAAA;rbs_spacer=13bp;gc_cont=0.
   #    score  bias  c-Evalue  i-Evalue hmmfrom  hmm to    alifrom  ali to    envfrom  env to     acc
 ---   ------ ----- --------- --------- ------- -------    ------- -------    ------- -------    ----
   1 !   14.5   0.0   7.1e-07    0.0014      96     275 ..      92     287 ..      32     291 .. 0.73

  Alignments for each domain:
  == domain 1  score: 14.5 bits;  conditional E-value: 7.1e-07
        nifV-07242025  96 aalgvk.rvdlsipvS..diqiaaklkrdrawvleeleelvklAlda....glevsvGaEDaSRad..eefllevaevaqeaGasrlRfa 176
                          +a+g++ +v++  p S  ++  ++  +++r+  +++++el++l++++     + +s+G+      d   + + +      +aG+s + +a
  CATILC010000207.1_3  92 QACGLEgVVHIGFPFSisETFQQNNTRKSREESMQTVRELLDLSVKHekkeVVYLSMGFGNPYGDDwsLALVEDWCGRLIDAGVSVISLA 181
                          4566653678888765215556666668888888888887766665511115667888876544331123445556677899******** PP

        nifV-07242025 177 DTlGildPfttlekvkkLraal.dlelEmHaHnDlGlAtANtlaavkaGathvnttvnGLG.......ERAGnAaLeevvlalkrlygid 258
                          DT+G   P  + + ++++ +a+ + e+ +H H  +        aa  aG    +  ++G G       E  Gn + e++    ++ ++i+
  CATILC010000207.1_3 182 DTVGHAAPERIETVFSSVSSAFqNTEFGIHLHTRYDNWREKMEAAWAAGCRRYDGAIKGFGgcpfakdELVGNLPTEKILSFCTE-QEIS 270
                          *********9999999998886257899999999999999999*****************9777777778999999998777766.8999 PP

        nifV-07242025 259 tgidlkrlpelselvak 275
                            +d++r++++ ++v++
  CATILC010000207.1_3 271 HPVDIHRFQSVYNMVSE 287
                          99999999999988875 PP



Internal pipeline statistics summary:
-------------------------------------
Query model(s):                            1  (437 nodes)
Target sequences:                       1929  (630681 residues searched)
Passed MSV filter:                        53  (0.0274754); expected 38.6 (0.02)
Passed bias filter:                       41  (0.0212545); expected 38.6 (0.02)
Passed Vit filter:                         4  (0.00207361); expected 1.9 (0.001)
Passed Fwd filter:                         1  (0.000518403); expected 0.0 (1e-05)
Initial search space (Z):               1929  [actual number of targets]
Domain search space  (domZ):               1  [number of targets reported over threshold]
# CPU time: 0.02u 0.00s 00:00:00.02 Elapsed: 00:00:00.01
# Mc/sec: 17857.34
//
[ok]
