# hmmsearch :: search profile(s) against a sequence database
# HMMER 3.4 (Aug 2023); http://hmmer.org/
# Copyright (C) 2023 Howard Hughes Medical Institute.
# Freely distributed under the BSD open source license.
# - - - - - - - - - - - - - - - - - - - - - - - - - - - - - - - - - - - -
# query HMM file:                  ../HMMs/combined_nif_04012025.hmm
# target sequence database:        ../all_rep_proteins_aa/bacteria/GB_GCA_944323505.1_protein.faa
# - - - - - - - - - - - - - - - - - - - - - - - - - - - - - - - - - - - -

Query:       nifH-03292025  [M=327]
Scores for complete sequences (score includes all domains):
   --- full sequence ---   --- best 1 domain ---    -#dom-
    E-value  score  bias    E-value  score  bias    exp  N  Sequence             Description
    ------- ------ -----    ------- ------ -----   ---- --  --------             -----------
    4.3e-12   42.3   0.0    2.1e-08   30.2   0.0    2.1  2  CALUST010000013.1_9   # 8572 # 9339 # -1 # ID=13_9;partial=00
    3.2e-06   23.0   0.1    6.4e-06   22.0   0.1    1.4  1  CALUST010000015.1_38  # 46018 # 47079 # -1 # ID=15_38;partial


Domain annotation for each sequence (and alignments):
>> CALUST010000013.1_9  # 8572 # 9339 # -1 # ID=13_9;partial=00;start_type=ATG;rbs_motif=AAAAA;rbs_spacer=10bp;gc_cont=0
   #    score  bias  c-Evalue  i-Evalue hmmfrom  hmm to    alifrom  ali to    envfrom  env to     acc
 ---   ------ ----- --------- --------- ------- -------    ------- -------    ------- -------    ----
   1 !   30.2   0.0   2.7e-11   2.1e-08      17      55 ..      11      49 ..       2      77 .. 0.89
   2 !   10.2   0.0   3.2e-05     0.025     148     255 ..     141     253 ..     139     255 .. 0.84

  Alignments for each domain:
  == domain 1  score: 30.2 bits;  conditional E-value: 2.7e-11
        nifH-03292025 17 KGGiGKSttasnlsaalaeegkkvlivGCdPKaDstrll 55
                         KGG+GK tta nl+a la ++kkvli+  dP a +++ l
  CALUST010000013.1_9 11 KGGVGKTTTAINLAASLAVMEKKVLIIDADPQANTSSGL 49
                         9*******************************9987655 PP

  == domain 2  score: 10.2 bits;  conditional E-value: 3.2e-05
        nifH-03292025 148 kadevyivtsgemmalYaanniakgikkyaee..ggvrlgGlicNsr..kvdkeeelveefaeklgtqiiafv.prsnevqkaelekktv 232
                           ad+v+i +  e+ al     ++++i+ +++    + ++ G+++ +   +++ ++++++e+ e+++  ++++v +r+  +++a  ++k +
  CALUST010000013.1_9 141 AADSVIIPVQPEFFALEGLGKLLQTIRLVQNGvnPDLTIEGFVVTMFdgRTKVHTQVINELREHFKDMVFNTViQRNIRLSEAPSHGKPI 230
                          58899999999999999999999999999987335567789998876115677899**********99998762566679********** PP

        nifH-03292025 233 ieaapdseqakeyreLakkilen 255
                          i ++  ++ +++y +Lak++l++
  CALUST010000013.1_9 231 ILYDVICNGTTNYLNLAKEVLDK 253
                          *******************9876 PP

>> CALUST010000015.1_38  # 46018 # 47079 # -1 # ID=15_38;partial=00;start_type=ATG;rbs_motif=AATAA;rbs_spacer=5bp;gc_con
   #    score  bias  c-Evalue  i-Evalue hmmfrom  hmm to    alifrom  ali to    envfrom  env to     acc
 ---   ------ ----- --------- --------- ------- -------    ------- -------    ------- -------    ----
   1 !   22.0   0.1   8.1e-09   6.4e-06      16      40 ..     101     125 ..      88     147 .. 0.90

  Alignments for each domain:
  == domain 1  score: 22.0 bits;  conditional E-value: 8.1e-09
         nifH-03292025  16 GKGGiGKSttasnlsaalaeegkkv 40 
                           GKGG+GKSt+a nl++ala+ g+kv
  CALUST010000015.1_38 101 GKGGVGKSTVAVNLAVALARLGYKV 125
                           9**********************98 PP



Internal pipeline statistics summary:
-------------------------------------
Query model(s):                            1  (327 nodes)
Target sequences:                       1571  (605465 residues searched)
Passed MSV filter:                        65  (0.0413749); expected 31.4 (0.02)
Passed bias filter:                       53  (0.0337365); expected 31.4 (0.02)
Passed Vit filter:                         6  (0.00381922); expected 1.6 (0.001)
Passed Fwd filter:                         2  (0.00127307); expected 0.0 (1e-05)
Initial search space (Z):               1571  [actual number of targets]
Domain search space  (domZ):               2  [number of targets reported over threshold]
# CPU time: 0.02u 0.00s 00:00:00.02 Elapsed: 00:00:00.01
# Mc/sec: 12689.29
//
Query:       nifD-03292025  [M=482]
Scores for complete sequences (score includes all domains):
   --- full sequence ---   --- best 1 domain ---    -#dom-
    E-value  score  bias    E-value  score  bias    exp  N  Sequence Description
    ------- ------ -----    ------- ------ -----   ---- --  -------- -----------

   [No hits detected that satisfy reporting thresholds]


Domain annotation for each sequence (and alignments):

   [No targets detected that satisfy reporting thresholds]


Internal pipeline statistics summary:
-------------------------------------
Query model(s):                            1  (482 nodes)
Target sequences:                       1571  (605465 residues searched)
Passed MSV filter:                        81  (0.0515595); expected 31.4 (0.02)
Passed bias filter:                       61  (0.0388288); expected 31.4 (0.02)
Passed Vit filter:                         9  (0.00572884); expected 1.6 (0.001)
Passed Fwd filter:                         0  (0); expected 0.0 (1e-05)
Initial search space (Z):               1571  [actual number of targets]
Domain search space  (domZ):               0  [number of targets reported over threshold]
# CPU time: 0.02u 0.00s 00:00:00.02 Elapsed: 00:00:00.01
# Mc/sec: 21004.98
//
Query:       nifK-03292025  [M=490]
Scores for complete sequences (score includes all domains):
   --- full sequence ---   --- best 1 domain ---    -#dom-
    E-value  score  bias    E-value  score  bias    exp  N  Sequence Description
    ------- ------ -----    ------- ------ -----   ---- --  -------- -----------

   [No hits detected that satisfy reporting thresholds]


Domain annotation for each sequence (and alignments):

   [No targets detected that satisfy reporting thresholds]


Internal pipeline statistics summary:
-------------------------------------
Query model(s):                            1  (490 nodes)
Target sequences:                       1571  (605465 residues searched)
Passed MSV filter:                        46  (0.0292807); expected 31.4 (0.02)
Passed bias filter:                       40  (0.0254615); expected 31.4 (0.02)
Passed Vit filter:                         4  (0.00254615); expected 1.6 (0.001)
Passed Fwd filter:                         0  (0); expected 0.0 (1e-05)
Initial search space (Z):               1571  [actual number of targets]
Domain search space  (domZ):               0  [number of targets reported over threshold]
# CPU time: 0.02u 0.00s 00:00:00.02 Elapsed: 00:00:00.01
# Mc/sec: 25789.45
//
Query:       nifB-03292025  [M=505]
Scores for complete sequences (score includes all domains):
   --- full sequence ---   --- best 1 domain ---    -#dom-
    E-value  score  bias    E-value  score  bias    exp  N  Sequence Description
    ------- ------ -----    ------- ------ -----   ---- --  -------- -----------

   [No hits detected that satisfy reporting thresholds]


Domain annotation for each sequence (and alignments):

   [No targets detected that satisfy reporting thresholds]


Internal pipeline statistics summary:
-------------------------------------
Query model(s):                            1  (505 nodes)
Target sequences:                       1571  (605465 residues searched)
Passed MSV filter:                        41  (0.026098); expected 31.4 (0.02)
Passed bias filter:                       25  (0.0159134); expected 31.4 (0.02)
Passed Vit filter:                         1  (0.000636537); expected 1.6 (0.001)
Passed Fwd filter:                         0  (0); expected 0.0 (1e-05)
Initial search space (Z):               1571  [actual number of targets]
Domain search space  (domZ):               0  [number of targets reported over threshold]
# CPU time: 0.02u 0.00s 00:00:00.02 Elapsed: 00:00:00.01
# Mc/sec: 19619.29
//
Query:       nifE-03292025  [M=556]
Scores for complete sequences (score includes all domains):
   --- full sequence ---   --- best 1 domain ---    -#dom-
    E-value  score  bias    E-value  score  bias    exp  N  Sequence Description
    ------- ------ -----    ------- ------ -----   ---- --  -------- -----------

   [No hits detected that satisfy reporting thresholds]


Domain annotation for each sequence (and alignments):

   [No targets detected that satisfy reporting thresholds]


Internal pipeline statistics summary:
-------------------------------------
Query model(s):                            1  (556 nodes)
Target sequences:                       1571  (605465 residues searched)
Passed MSV filter:                        60  (0.0381922); expected 31.4 (0.02)
Passed bias filter:                       46  (0.0292807); expected 31.4 (0.02)
Passed Vit filter:                         1  (0.000636537); expected 1.6 (0.001)
Passed Fwd filter:                         0  (0); expected 0.0 (1e-05)
Initial search space (Z):               1571  [actual number of targets]
Domain search space  (domZ):               0  [number of targets reported over threshold]
# CPU time: 0.02u 0.00s 00:00:00.02 Elapsed: 00:00:00.01
# Mc/sec: 26442.36
//
Query:       nifN-03292025  [M=700]
Scores for complete sequences (score includes all domains):
   --- full sequence ---   --- best 1 domain ---    -#dom-
    E-value  score  bias    E-value  score  bias    exp  N  Sequence Description
    ------- ------ -----    ------- ------ -----   ---- --  -------- -----------

   [No hits detected that satisfy reporting thresholds]


Domain annotation for each sequence (and alignments):

   [No targets detected that satisfy reporting thresholds]


Internal pipeline statistics summary:
-------------------------------------
Query model(s):                            1  (700 nodes)
Target sequences:                       1571  (605465 residues searched)
Passed MSV filter:                        57  (0.0362826); expected 31.4 (0.02)
Passed bias filter:                       44  (0.0280076); expected 31.4 (0.02)
Passed Vit filter:                         4  (0.00254615); expected 1.6 (0.001)
Passed Fwd filter:                         0  (0); expected 0.0 (1e-05)
Initial search space (Z):               1571  [actual number of targets]
Domain search space  (domZ):               0  [number of targets reported over threshold]
# CPU time: 0.03u 0.00s 00:00:00.03 Elapsed: 00:00:00.02
# Mc/sec: 18013.68
//
Query:       pchlide-04012025  [M=508]
Scores for complete sequences (score includes all domains):
   --- full sequence ---   --- best 1 domain ---    -#dom-
    E-value  score  bias    E-value  score  bias    exp  N  Sequence Description
    ------- ------ -----    ------- ------ -----   ---- --  -------- -----------

   [No hits detected that satisfy reporting thresholds]


Domain annotation for each sequence (and alignments):

   [No targets detected that satisfy reporting thresholds]


Internal pipeline statistics summary:
-------------------------------------
Query model(s):                            1  (508 nodes)
Target sequences:                       1571  (605465 residues searched)
Passed MSV filter:                        49  (0.0311903); expected 31.4 (0.02)
Passed bias filter:                       40  (0.0254615); expected 31.4 (0.02)
Passed Vit filter:                         3  (0.00190961); expected 1.6 (0.001)
Passed Fwd filter:                         0  (0); expected 0.0 (1e-05)
Initial search space (Z):               1571  [actual number of targets]
Domain search space  (domZ):               0  [number of targets reported over threshold]
# CPU time: 0.02u 0.00s 00:00:00.02 Elapsed: 00:00:00.01
# Mc/sec: 29496.82
//
[ok]
# hmmsearch :: search profile(s) against a sequence database
# HMMER 3.4 (Aug 2023); http://hmmer.org/
# Copyright (C) 2023 Howard Hughes Medical Institute.
# Freely distributed under the BSD open source license.
# - - - - - - - - - - - - - - - - - - - - - - - - - - - - - - - - - - - -
# query HMM file:                  ../HMMs/nifV_07242025.hmm
# target sequence database:        ../all_rep_proteins_aa/bacteria/GB_GCA_944323505.1_protein.faa
# - - - - - - - - - - - - - - - - - - - - - - - - - - - - - - - - - - - -

Query:       nifV-07242025  [M=437]
Scores for complete sequences (score includes all domains):
   --- full sequence ---   --- best 1 domain ---    -#dom-
    E-value  score  bias    E-value  score  bias    exp  N  Sequence Description
    ------- ------ -----    ------- ------ -----   ---- --  -------- -----------

   [No hits detected that satisfy reporting thresholds]


Domain annotation for each sequence (and alignments):

   [No targets detected that satisfy reporting thresholds]


Internal pipeline statistics summary:
-------------------------------------
Query model(s):                            1  (437 nodes)
Target sequences:                       1571  (605465 residues searched)
Passed MSV filter:                        48  (0.0305538); expected 31.4 (0.02)
Passed bias filter:                       37  (0.0235519); expected 31.4 (0.02)
Passed Vit filter:                         2  (0.00127307); expected 1.6 (0.001)
Passed Fwd filter:                         0  (0); expected 0.0 (1e-05)
Initial search space (Z):               1571  [actual number of targets]
Domain search space  (domZ):               0  [number of targets reported over threshold]
# CPU time: 0.01u 0.00s 00:00:00.01 Elapsed: 00:00:00.01
# Mc/sec: 24316.17
//
[ok]
