# hmmsearch :: search profile(s) against a sequence database
# HMMER 3.4 (Aug 2023); http://hmmer.org/
# Copyright (C) 2023 Howard Hughes Medical Institute.
# Freely distributed under the BSD open source license.
# - - - - - - - - - - - - - - - - - - - - - - - - - - - - - - - - - - - -
# query HMM file:                  ../HMMs/combined_nif_04012025.hmm
# target sequence database:        ../all_rep_proteins_aa/bacteria/GB_GCA_028711705.1_protein.faa
# - - - - - - - - - - - - - - - - - - - - - - - - - - - - - - - - - - - -

Query:       nifH-03292025  [M=327]
Scores for complete sequences (score includes all domains):
   --- full sequence ---   --- best 1 domain ---    -#dom-
    E-value  score  bias    E-value  score  bias    exp  N  Sequence              Description
    ------- ------ -----    ------- ------ -----   ---- --  --------              -----------
    1.2e-11   40.4   0.1    2.1e-06   23.2   0.1    2.1  2  JAQTRS010000005.1_6    # 6213 # 7061 # -1 # ID=21_6;partial=0
     0.0013   14.0   0.1     0.0022   13.3   0.1    1.4  1  JAQTRS010000001.1_213  # 215332 # 215937 # -1 # ID=17_213;par


Domain annotation for each sequence (and alignments):
>> JAQTRS010000005.1_6  # 6213 # 7061 # -1 # ID=21_6;partial=00;start_type=ATG;rbs_motif=None;rbs_spacer=None;gc_cont=0.
   #    score  bias  c-Evalue  i-Evalue hmmfrom  hmm to    alifrom  ali to    envfrom  env to     acc
 ---   ------ ----- --------- --------- ------- -------    ------- -------    ------- -------    ----
   1 !   23.2   0.1   3.7e-09   2.1e-06      17      52 ..      11      46 ..       2      63 .. 0.87
   2 !   15.3   0.0   9.5e-07   0.00055     149     264 ..     141     261 ..     138     279 .. 0.75

  Alignments for each domain:
  == domain 1  score: 23.2 bits;  conditional E-value: 3.7e-09
        nifH-03292025 17 KGGiGKSttasnlsaalaeegkkvlivGCdPKaDst 52
                         KGG+GK t + n++  la++gkkvl v  dP   ++
  JAQTRS010000005.1_6 11 KGGVGKTTSTINIAHYLASAGKKVLLVDLDPQGNAS 46
                         9******************************87665 PP

  == domain 2  score: 15.3 bits;  conditional E-value: 9.5e-07
        nifH-03292025 149 adevyivtsgemmalYaanniakgikkyaeeggvrlgG....licNsrkvdkeeelveefaeklgtqiia.fvprsnevqkaelekktvi 233
                          +dev+i + +e+ al     ++ +i+ ++e+ + +l+     l    r+ +  +++v+e+ +++   +++  +prs  + +a   +k ++
  JAQTRS010000005.1_6 141 SDEVIIPVQTEYYALEGLSQLLATIELIRENLHPKLKImgalLTLYDRRNRLARQVVQEVNTHFPGYVFQsVIPRSVRLAEAPSYGKSIL 230
                          68899999999999999999999999999986666554002223345555556666666666665555541579**************** PP

        nifH-03292025 234 eaapdseqakeyreLakkilenkklvipkpl 264
                          +++  s+ a++y+++ak+il+ +++  +++ 
  JAQTRS010000005.1_6 231 DFDAFSKGARAYKAVAKEILARDEEERKEAS 261
                          *******************988866555544 PP

>> JAQTRS010000001.1_213  # 215332 # 215937 # -1 # ID=17_213;partial=00;start_type=ATG;rbs_motif=None;rbs_spacer=None;gc
   #    score  bias  c-Evalue  i-Evalue hmmfrom  hmm to    alifrom  ali to    envfrom  env to     acc
 ---   ------ ----- --------- --------- ------- -------    ------- -------    ------- -------    ----
   1 !   13.3   0.1   3.8e-06    0.0022       9      39 ..       7      37 ..       1      41 [. 0.87

  Alignments for each domain:
  == domain 1  score: 13.3 bits;  conditional E-value: 3.8e-06
          nifH-03292025  9 mrkiAiYGKGGiGKSttasnlsaalaeegkk 39
                            + +A+YG  GiGK t ++ l+  l ++gk+
  JAQTRS010000001.1_213  7 GKLVAVYGVNGIGKTTQTNLLVEYLQSQGKQ 37
                           5679**************99999**999986 PP



Internal pipeline statistics summary:
-------------------------------------
Query model(s):                            1  (327 nodes)
Target sequences:                       1164  (343444 residues searched)
Passed MSV filter:                        64  (0.0549828); expected 23.3 (0.02)
Passed bias filter:                       43  (0.0369416); expected 23.3 (0.02)
Passed Vit filter:                         6  (0.00515464); expected 1.2 (0.001)
Passed Fwd filter:                         2  (0.00171821); expected 0.0 (1e-05)
Initial search space (Z):               1164  [actual number of targets]
Domain search space  (domZ):               2  [number of targets reported over threshold]
# CPU time: 0.01u 0.00s 00:00:00.01 Elapsed: 00:00:00.01
# Mc/sec: 9134.22
//
Query:       nifD-03292025  [M=482]
Scores for complete sequences (score includes all domains):
   --- full sequence ---   --- best 1 domain ---    -#dom-
    E-value  score  bias    E-value  score  bias    exp  N  Sequence Description
    ------- ------ -----    ------- ------ -----   ---- --  -------- -----------

   [No hits detected that satisfy reporting thresholds]


Domain annotation for each sequence (and alignments):

   [No targets detected that satisfy reporting thresholds]


Internal pipeline statistics summary:
-------------------------------------
Query model(s):                            1  (482 nodes)
Target sequences:                       1164  (343444 residues searched)
Passed MSV filter:                        46  (0.0395189); expected 23.3 (0.02)
Passed bias filter:                       33  (0.0283505); expected 23.3 (0.02)
Passed Vit filter:                         1  (0.000859107); expected 1.2 (0.001)
Passed Fwd filter:                         0  (0); expected 0.0 (1e-05)
Initial search space (Z):               1164  [actual number of targets]
Domain search space  (domZ):               0  [number of targets reported over threshold]
# CPU time: 0.01u 0.00s 00:00:00.01 Elapsed: 00:00:00.01
# Mc/sec: 12908.19
//
Query:       nifK-03292025  [M=490]
Scores for complete sequences (score includes all domains):
   --- full sequence ---   --- best 1 domain ---    -#dom-
    E-value  score  bias    E-value  score  bias    exp  N  Sequence Description
    ------- ------ -----    ------- ------ -----   ---- --  -------- -----------

   [No hits detected that satisfy reporting thresholds]


Domain annotation for each sequence (and alignments):

   [No targets detected that satisfy reporting thresholds]


Internal pipeline statistics summary:
-------------------------------------
Query model(s):                            1  (490 nodes)
Target sequences:                       1164  (343444 residues searched)
Passed MSV filter:                        38  (0.032646); expected 23.3 (0.02)
Passed bias filter:                       30  (0.0257732); expected 23.3 (0.02)
Passed Vit filter:                         3  (0.00257732); expected 1.2 (0.001)
Passed Fwd filter:                         0  (0); expected 0.0 (1e-05)
Initial search space (Z):               1164  [actual number of targets]
Domain search space  (domZ):               0  [number of targets reported over threshold]
# CPU time: 0.02u 0.00s 00:00:00.02 Elapsed: 00:00:00.01
# Mc/sec: 12652.07
//
Query:       nifB-03292025  [M=505]
Scores for complete sequences (score includes all domains):
   --- full sequence ---   --- best 1 domain ---    -#dom-
    E-value  score  bias    E-value  score  bias    exp  N  Sequence Description
    ------- ------ -----    ------- ------ -----   ---- --  -------- -----------

   [No hits detected that satisfy reporting thresholds]


Domain annotation for each sequence (and alignments):

   [No targets detected that satisfy reporting thresholds]


Internal pipeline statistics summary:
-------------------------------------
Query model(s):                            1  (505 nodes)
Target sequences:                       1164  (343444 residues searched)
Passed MSV filter:                        46  (0.0395189); expected 23.3 (0.02)
Passed bias filter:                       33  (0.0283505); expected 23.3 (0.02)
Passed Vit filter:                         4  (0.00343643); expected 1.2 (0.001)
Passed Fwd filter:                         0  (0); expected 0.0 (1e-05)
Initial search space (Z):               1164  [actual number of targets]
Domain search space  (domZ):               0  [number of targets reported over threshold]
# CPU time: 0.02u 0.00s 00:00:00.02 Elapsed: 00:00:00.01
# Mc/sec: 14115.04
//
Query:       nifE-03292025  [M=556]
Scores for complete sequences (score includes all domains):
   --- full sequence ---   --- best 1 domain ---    -#dom-
    E-value  score  bias    E-value  score  bias    exp  N  Sequence Description
    ------- ------ -----    ------- ------ -----   ---- --  -------- -----------

   [No hits detected that satisfy reporting thresholds]


Domain annotation for each sequence (and alignments):

   [No targets detected that satisfy reporting thresholds]


Internal pipeline statistics summary:
-------------------------------------
Query model(s):                            1  (556 nodes)
Target sequences:                       1164  (343444 residues searched)
Passed MSV filter:                        53  (0.0455326); expected 23.3 (0.02)
Passed bias filter:                       30  (0.0257732); expected 23.3 (0.02)
Passed Vit filter:                         2  (0.00171821); expected 1.2 (0.001)
Passed Fwd filter:                         0  (0); expected 0.0 (1e-05)
Initial search space (Z):               1164  [actual number of targets]
Domain search space  (domZ):               0  [number of targets reported over threshold]
# CPU time: 0.01u 0.00s 00:00:00.01 Elapsed: 00:00:00.01
# Mc/sec: 15296.77
//
Query:       nifN-03292025  [M=700]
Scores for complete sequences (score includes all domains):
   --- full sequence ---   --- best 1 domain ---    -#dom-
    E-value  score  bias    E-value  score  bias    exp  N  Sequence Description
    ------- ------ -----    ------- ------ -----   ---- --  -------- -----------

   [No hits detected that satisfy reporting thresholds]


Domain annotation for each sequence (and alignments):

   [No targets detected that satisfy reporting thresholds]


Internal pipeline statistics summary:
-------------------------------------
Query model(s):                            1  (700 nodes)
Target sequences:                       1164  (343444 residues searched)
Passed MSV filter:                        43  (0.0369416); expected 23.3 (0.02)
Passed bias filter:                       31  (0.0266323); expected 23.3 (0.02)
Passed Vit filter:                         4  (0.00343643); expected 1.2 (0.001)
Passed Fwd filter:                         0  (0); expected 0.0 (1e-05)
Initial search space (Z):               1164  [actual number of targets]
Domain search space  (domZ):               0  [number of targets reported over threshold]
# CPU time: 0.02u 0.00s 00:00:00.02 Elapsed: 00:00:00.01
# Mc/sec: 15775.63
//
Query:       pchlide-04012025  [M=508]
Scores for complete sequences (score includes all domains):
   --- full sequence ---   --- best 1 domain ---    -#dom-
    E-value  score  bias    E-value  score  bias    exp  N  Sequence Description
    ------- ------ -----    ------- ------ -----   ---- --  -------- -----------

   [No hits detected that satisfy reporting thresholds]


Domain annotation for each sequence (and alignments):

   [No targets detected that satisfy reporting thresholds]


Internal pipeline statistics summary:
-------------------------------------
Query model(s):                            1  (508 nodes)
Target sequences:                       1164  (343444 residues searched)
Passed MSV filter:                        39  (0.0335052); expected 23.3 (0.02)
Passed bias filter:                       29  (0.0249141); expected 23.3 (0.02)
Passed Vit filter:                         4  (0.00343643); expected 1.2 (0.001)
Passed Fwd filter:                         0  (0); expected 0.0 (1e-05)
Initial search space (Z):               1164  [actual number of targets]
Domain search space  (domZ):               0  [number of targets reported over threshold]
# CPU time: 0.02u 0.00s 00:00:00.02 Elapsed: 00:00:00.01
# Mc/sec: 14867.22
//
[ok]
# hmmsearch :: search profile(s) against a sequence database
# HMMER 3.4 (Aug 2023); http://hmmer.org/
# Copyright (C) 2023 Howard Hughes Medical Institute.
# Freely distributed under the BSD open source license.
# - - - - - - - - - - - - - - - - - - - - - - - - - - - - - - - - - - - -
# query HMM file:                  ../HMMs/nifV_07242025.hmm
# target sequence database:        ../all_rep_proteins_aa/bacteria/GB_GCA_028711705.1_protein.faa
# - - - - - - - - - - - - - - - - - - - - - - - - - - - - - - - - - - - -

Query:       nifV-07242025  [M=437]
Scores for complete sequences (score includes all domains):
   --- full sequence ---   --- best 1 domain ---    -#dom-
    E-value  score  bias    E-value  score  bias    exp  N  Sequence             Description
    ------- ------ -----    ------- ------ -----   ---- --  --------             -----------
     0.0084   11.2   0.0      0.015   10.4   0.0    1.3  1  JAQTRS010000004.1_44  # 37338 # 38801 # 1 # ID=19_44;partial=


Domain annotation for each sequence (and alignments):
>> JAQTRS010000004.1_44  # 37338 # 38801 # 1 # ID=19_44;partial=00;start_type=ATG;rbs_motif=None;rbs_spacer=None;gc_cont
   #    score  bias  c-Evalue  i-Evalue hmmfrom  hmm to    alifrom  ali to    envfrom  env to     acc
 ---   ------ ----- --------- --------- ------- -------    ------- -------    ------- -------    ----
   1 !   10.4   0.0   1.2e-05     0.015     210     245 ..     275     310 ..     272     328 .. 0.85

  Alignments for each domain:
  == domain 1  score: 10.4 bits;  conditional E-value: 1.2e-05
         nifV-07242025 210 lGlAtANtlaavkaGathvnttvnGLGERAGnAaLe 245
                           +G+A+A +l  v+aGa+ v+  v G   +AG  +L 
  JAQTRS010000004.1_44 275 FGIASAGSLPKVSAGASVVSSYVYGNAKKAGGSSLQ 310
                           9******************************99885 PP



Internal pipeline statistics summary:
-------------------------------------
Query model(s):                            1  (437 nodes)
Target sequences:                       1164  (343444 residues searched)
Passed MSV filter:                        37  (0.0317869); expected 23.3 (0.02)
Passed bias filter:                       22  (0.0189003); expected 23.3 (0.02)
Passed Vit filter:                         5  (0.00429553); expected 1.2 (0.001)
Passed Fwd filter:                         1  (0.000859107); expected 0.0 (1e-05)
Initial search space (Z):               1164  [actual number of targets]
Domain search space  (domZ):               1  [number of targets reported over threshold]
# CPU time: 0.01u 0.00s 00:00:00.01 Elapsed: 00:00:00.01
# Mc/sec: 14760.26
//
[ok]
