# hmmsearch :: search profile(s) against a sequence database
# HMMER 3.4 (Aug 2023); http://hmmer.org/
# Copyright (C) 2023 Howard Hughes Medical Institute.
# Freely distributed under the BSD open source license.
# - - - - - - - - - - - - - - - - - - - - - - - - - - - - - - - - - - - -
# query HMM file:                  ../HMMs/combined_nif_04012025.hmm
# target sequence database:        ../all_rep_proteins_aa/bacteria/GB_GCA_949291115.1_protein.faa
# - - - - - - - - - - - - - - - - - - - - - - - - - - - - - - - - - - - -

Query:       nifH-03292025  [M=327]
Scores for complete sequences (score includes all domains):
   --- full sequence ---   --- best 1 domain ---    -#dom-
    E-value  score  bias    E-value  score  bias    exp  N  Sequence              Description
    ------- ------ -----    ------- ------ -----   ---- --  --------              -----------
    9.5e-05   17.6   0.5    9.5e-05   17.6   0.5    1.8  2  CASETY010000001.1_105  # 106519 # 107337 # -1 # ID=1_105;part
  ------ inclusion threshold ------
      0.016   10.3   2.4      0.081    8.0   0.1    2.7  3  CASETY010000013.1_2    # 2300 # 3832 # -1 # ID=13_2;partial=0


Domain annotation for each sequence (and alignments):
>> CASETY010000001.1_105  # 106519 # 107337 # -1 # ID=1_105;partial=00;start_type=ATG;rbs_motif=GGAGG;rbs_spacer=5-10bp;
   #    score  bias  c-Evalue  i-Evalue hmmfrom  hmm to    alifrom  ali to    envfrom  env to     acc
 ---   ------ ----- --------- --------- ------- -------    ------- -------    ------- -------    ----
   1 !   17.6   0.5   1.8e-07   9.5e-05       9      40 ..      32      65 ..      24      71 .. 0.81
   2 ?   -0.9   0.1      0.08        42     172     197 ..     185     210 ..     167     231 .. 0.74

  Alignments for each domain:
  == domain 1  score: 17.6 bits;  conditional E-value: 1.8e-07
          nifH-03292025  9 mrki..AiYGKGGiGKSttasnlsaalaeegkkv 40
                           ++ki   i GKGG+GKS+t+s l++++a+ g+kv
  CASETY010000001.1_105 32 IKKIigVISGKGGVGKSATTSLLAVTMARLGYKV 65
                           555533488***********************99 PP

  == domain 2  score: -0.9 bits;  conditional E-value: 0.08
          nifH-03292025 172 gikkyaeeggvrlgGlicNsrkvdke 197
                               ++a+  ++++ Gl+ N+  ++ e
  CASETY010000001.1_105 185 KALNMAKMMNINVIGLVENMSYIKCE 210
                            44566777777788888887666555 PP

>> CASETY010000013.1_2  # 2300 # 3832 # -1 # ID=13_2;partial=00;start_type=ATG;rbs_motif=None;rbs_spacer=None;gc_cont=0.
   #    score  bias  c-Evalue  i-Evalue hmmfrom  hmm to    alifrom  ali to    envfrom  env to     acc
 ---   ------ ----- --------- --------- ------- -------    ------- -------    ------- -------    ----
   1 ?    0.7   0.0     0.025        13      10      34 ..      30      54 ..      21      62 .. 0.79
   2 ?   -1.6   0.3      0.13        67     223     257 ..     247     279 ..     213     312 .. 0.51
   3 ?    8.0   0.1   0.00015     0.081       7      30 ..     347     370 ..     342     378 .. 0.83

  Alignments for each domain:
  == domain 1  score: 0.7 bits;  conditional E-value: 0.025
        nifH-03292025 10 rkiAiYGKGGiGKSttasnlsaala 34
                         +++++ G  G GKSt  + +s  l 
  CASETY010000013.1_2 30 EHVCLVGDNGTGKSTFMKLISHNLI 54
                         679999*********9999988886 PP

  == domain 2  score: -1.6 bits;  conditional E-value: 0.13
        nifH-03292025 223 qkaelekktvieaapdseqakeyreLakkilenkk 257
                          ++ +++k+  i+a+++  ++k+ +e+ + i++n  
  CASETY010000013.1_2 247 KERDIRKEQYIKAYQN--EQKKVKEIKDFIQKNIV 279
                          3444444444333222..12222222222222221 PP

  == domain 3  score: 8.0 bits;  conditional E-value: 0.00015
        nifH-03292025   7 kkmrkiAiYGKGGiGKSttasnls 30 
                          kk +kiAi G+ G+GK t+ + ++
  CASETY010000013.1_2 347 KKDKKIAILGRNGVGKTTILKTIT 370
                          5679**************988776 PP



Internal pipeline statistics summary:
-------------------------------------
Query model(s):                            1  (327 nodes)
Target sequences:                       1052  (348835 residues searched)
Passed MSV filter:                        97  (0.0922053); expected 21.0 (0.02)
Passed bias filter:                       59  (0.0560837); expected 21.0 (0.02)
Passed Vit filter:                        14  (0.013308); expected 1.1 (0.001)
Passed Fwd filter:                         2  (0.00190114); expected 0.0 (1e-05)
Initial search space (Z):               1052  [actual number of targets]
Domain search space  (domZ):               2  [number of targets reported over threshold]
# CPU time: 0.01u 0.00s 00:00:00.01 Elapsed: 00:00:00.02
# Mc/sec: 4910.20
//
Query:       nifD-03292025  [M=482]
Scores for complete sequences (score includes all domains):
   --- full sequence ---   --- best 1 domain ---    -#dom-
    E-value  score  bias    E-value  score  bias    exp  N  Sequence Description
    ------- ------ -----    ------- ------ -----   ---- --  -------- -----------

   [No hits detected that satisfy reporting thresholds]


Domain annotation for each sequence (and alignments):

   [No targets detected that satisfy reporting thresholds]


Internal pipeline statistics summary:
-------------------------------------
Query model(s):                            1  (482 nodes)
Target sequences:                       1052  (348835 residues searched)
Passed MSV filter:                        56  (0.0532319); expected 21.0 (0.02)
Passed bias filter:                       19  (0.0180608); expected 21.0 (0.02)
Passed Vit filter:                         1  (0.00095057); expected 1.1 (0.001)
Passed Fwd filter:                         0  (0); expected 0.0 (1e-05)
Initial search space (Z):               1052  [actual number of targets]
Domain search space  (domZ):               0  [number of targets reported over threshold]
# CPU time: 0.00u 0.00s 00:00:00.00 Elapsed: 00:00:00.00
# Mc/sec: 18697.77
//
Query:       nifK-03292025  [M=490]
Scores for complete sequences (score includes all domains):
   --- full sequence ---   --- best 1 domain ---    -#dom-
    E-value  score  bias    E-value  score  bias    exp  N  Sequence Description
    ------- ------ -----    ------- ------ -----   ---- --  -------- -----------

   [No hits detected that satisfy reporting thresholds]


Domain annotation for each sequence (and alignments):

   [No targets detected that satisfy reporting thresholds]


Internal pipeline statistics summary:
-------------------------------------
Query model(s):                            1  (490 nodes)
Target sequences:                       1052  (348835 residues searched)
Passed MSV filter:                        41  (0.0389734); expected 21.0 (0.02)
Passed bias filter:                       24  (0.0228137); expected 21.0 (0.02)
Passed Vit filter:                         1  (0.00095057); expected 1.1 (0.001)
Passed Fwd filter:                         0  (0); expected 0.0 (1e-05)
Initial search space (Z):               1052  [actual number of targets]
Domain search space  (domZ):               0  [number of targets reported over threshold]
# CPU time: 0.01u 0.00s 00:00:00.01 Elapsed: 00:00:00.00
# Mc/sec: 19248.83
//
Query:       nifB-03292025  [M=505]
Scores for complete sequences (score includes all domains):
   --- full sequence ---   --- best 1 domain ---    -#dom-
    E-value  score  bias    E-value  score  bias    exp  N  Sequence Description
    ------- ------ -----    ------- ------ -----   ---- --  -------- -----------

   [No hits detected that satisfy reporting thresholds]


Domain annotation for each sequence (and alignments):

   [No targets detected that satisfy reporting thresholds]


Internal pipeline statistics summary:
-------------------------------------
Query model(s):                            1  (505 nodes)
Target sequences:                       1052  (348835 residues searched)
Passed MSV filter:                        45  (0.0427757); expected 21.0 (0.02)
Passed bias filter:                       28  (0.026616); expected 21.0 (0.02)
Passed Vit filter:                         4  (0.00380228); expected 1.1 (0.001)
Passed Fwd filter:                         0  (0); expected 0.0 (1e-05)
Initial search space (Z):               1052  [actual number of targets]
Domain search space  (domZ):               0  [number of targets reported over threshold]
# CPU time: 0.01u 0.00s 00:00:00.01 Elapsed: 00:00:00.01
# Mc/sec: 15860.47
//
Query:       nifE-03292025  [M=556]
Scores for complete sequences (score includes all domains):
   --- full sequence ---   --- best 1 domain ---    -#dom-
    E-value  score  bias    E-value  score  bias    exp  N  Sequence Description
    ------- ------ -----    ------- ------ -----   ---- --  -------- -----------

   [No hits detected that satisfy reporting thresholds]


Domain annotation for each sequence (and alignments):

   [No targets detected that satisfy reporting thresholds]


Internal pipeline statistics summary:
-------------------------------------
Query model(s):                            1  (556 nodes)
Target sequences:                       1052  (348835 residues searched)
Passed MSV filter:                        55  (0.0522814); expected 21.0 (0.02)
Passed bias filter:                       32  (0.0304183); expected 21.0 (0.02)
Passed Vit filter:                         4  (0.00380228); expected 1.1 (0.001)
Passed Fwd filter:                         0  (0); expected 0.0 (1e-05)
Initial search space (Z):               1052  [actual number of targets]
Domain search space  (domZ):               0  [number of targets reported over threshold]
# CPU time: 0.01u 0.00s 00:00:00.01 Elapsed: 00:00:00.01
# Mc/sec: 17405.64
//
Query:       nifN-03292025  [M=700]
Scores for complete sequences (score includes all domains):
   --- full sequence ---   --- best 1 domain ---    -#dom-
    E-value  score  bias    E-value  score  bias    exp  N  Sequence Description
    ------- ------ -----    ------- ------ -----   ---- --  -------- -----------

   [No hits detected that satisfy reporting thresholds]


Domain annotation for each sequence (and alignments):

   [No targets detected that satisfy reporting thresholds]


Internal pipeline statistics summary:
-------------------------------------
Query model(s):                            1  (700 nodes)
Target sequences:                       1052  (348835 residues searched)
Passed MSV filter:                        47  (0.0446768); expected 21.0 (0.02)
Passed bias filter:                       38  (0.0361217); expected 21.0 (0.02)
Passed Vit filter:                         5  (0.00475285); expected 1.1 (0.001)
Passed Fwd filter:                         0  (0); expected 0.0 (1e-05)
Initial search space (Z):               1052  [actual number of targets]
Domain search space  (domZ):               0  [number of targets reported over threshold]
# CPU time: 0.02u 0.00s 00:00:00.02 Elapsed: 00:00:00.01
# Mc/sec: 14497.19
//
Query:       pchlide-04012025  [M=508]
Scores for complete sequences (score includes all domains):
   --- full sequence ---   --- best 1 domain ---    -#dom-
    E-value  score  bias    E-value  score  bias    exp  N  Sequence Description
    ------- ------ -----    ------- ------ -----   ---- --  -------- -----------

   [No hits detected that satisfy reporting thresholds]


Domain annotation for each sequence (and alignments):

   [No targets detected that satisfy reporting thresholds]


Internal pipeline statistics summary:
-------------------------------------
Query model(s):                            1  (508 nodes)
Target sequences:                       1052  (348835 residues searched)
Passed MSV filter:                        38  (0.0361217); expected 21.0 (0.02)
Passed bias filter:                       27  (0.0256654); expected 21.0 (0.02)
Passed Vit filter:                         4  (0.00380228); expected 1.1 (0.001)
Passed Fwd filter:                         0  (0); expected 0.0 (1e-05)
Initial search space (Z):               1052  [actual number of targets]
Domain search space  (domZ):               0  [number of targets reported over threshold]
# CPU time: 0.01u 0.00s 00:00:00.01 Elapsed: 00:00:00.01
# Mc/sec: 16242.48
//
[ok]
# hmmsearch :: search profile(s) against a sequence database
# HMMER 3.4 (Aug 2023); http://hmmer.org/
# Copyright (C) 2023 Howard Hughes Medical Institute.
# Freely distributed under the BSD open source license.
# - - - - - - - - - - - - - - - - - - - - - - - - - - - - - - - - - - - -
# query HMM file:                  ../HMMs/nifV_07242025.hmm
# target sequence database:        ../all_rep_proteins_aa/bacteria/GB_GCA_949291115.1_protein.faa
# - - - - - - - - - - - - - - - - - - - - - - - - - - - - - - - - - - - -

Query:       nifV-07242025  [M=437]
Scores for complete sequences (score includes all domains):
   --- full sequence ---   --- best 1 domain ---    -#dom-
    E-value  score  bias    E-value  score  bias    exp  N  Sequence Description
    ------- ------ -----    ------- ------ -----   ---- --  -------- -----------

   [No hits detected that satisfy reporting thresholds]


Domain annotation for each sequence (and alignments):

   [No targets detected that satisfy reporting thresholds]


Internal pipeline statistics summary:
-------------------------------------
Query model(s):                            1  (437 nodes)
Target sequences:                       1052  (348835 residues searched)
Passed MSV filter:                        28  (0.026616); expected 21.0 (0.02)
Passed bias filter:                       22  (0.0209125); expected 21.0 (0.02)
Passed Vit filter:                         3  (0.00285171); expected 1.1 (0.001)
Passed Fwd filter:                         0  (0); expected 0.0 (1e-05)
Initial search space (Z):               1052  [actual number of targets]
Domain search space  (domZ):               0  [number of targets reported over threshold]
# CPU time: 0.01u 0.00s 00:00:00.01 Elapsed: 00:00:00.00
# Mc/sec: 15757.03
//
[ok]
