# hmmsearch :: search profile(s) against a sequence database
# HMMER 3.4 (Aug 2023); http://hmmer.org/
# Copyright (C) 2023 Howard Hughes Medical Institute.
# Freely distributed under the BSD open source license.
# - - - - - - - - - - - - - - - - - - - - - - - - - - - - - - - - - - - -
# query HMM file:                  ../HMMs/combined_nif_04012025.hmm
# target sequence database:        ../all_rep_proteins_aa/bacteria/GB_GCA_009777955.1_protein.faa
# - - - - - - - - - - - - - - - - - - - - - - - - - - - - - - - - - - - -

Query:       nifH-03292025  [M=327]
Scores for complete sequences (score includes all domains):
   --- full sequence ---   --- best 1 domain ---    -#dom-
    E-value  score  bias    E-value  score  bias    exp  N  Sequence         Description
    ------- ------ -----    ------- ------ -----   ---- --  --------         -----------
    4.3e-09   31.8   0.0    1.8e-05   19.9   0.1    2.1  2  WRKW01000008.1_9  # 7176 # 7952 # 1 # ID=8_9;partial=00;start


Domain annotation for each sequence (and alignments):
>> WRKW01000008.1_9  # 7176 # 7952 # 1 # ID=8_9;partial=00;start_type=ATG;rbs_motif=AGGA;rbs_spacer=5-10bp;gc_cont=0.467
   #    score  bias  c-Evalue  i-Evalue hmmfrom  hmm to    alifrom  ali to    envfrom  env to     acc
 ---   ------ ----- --------- --------- ------- -------    ------- -------    ------- -------    ----
   1 !   19.9   0.1   1.8e-08   1.8e-05      16      50 ..      10      44 ..       1      83 [. 0.86
   2 !   10.0   0.0   1.8e-05     0.018     149     254 ..     141     251 ..     136     257 .. 0.76

  Alignments for each domain:
  == domain 1  score: 19.9 bits;  conditional E-value: 1.8e-08
     nifH-03292025 16 GKGGiGKSttasnlsaalaeegkkvlivGCdPKaD 50
                       KGG+GK tta n+ a la   ++vl +  dP   
  WRKW01000008.1_9 10 QKGGVGKTTTAINIGASLAAIKRRVLLIDLDPQGN 44
                      49******************************865 PP

  == domain 2  score: 10.0 bits;  conditional E-value: 1.8e-05
     nifH-03292025 149 adevyivtsgemmalYaanniakgikkyaeeggvrlg..GlicN..srkvdkeeelveefaeklgtqiiaf.vprsnevqkaelekktvieaa 236
                       ad+ ++   +e+ al  +  ++++i +++++ +  lg  G++     r+ +  + + +++ +++g +++++ vpr+  v++a  +++  + ++
  WRKW01000008.1_9 141 ADSLIVPLQCEFFALEGVQHLVNTIGEVQKKWNPGLGilGVLLTmyDRRNSLSKAIDQDVRATFGDKVFQTvVPRNVRVSEAPSHGQPALFYD 233
                       56666667788888888889999999998886655552244443114555556666677888888898875279******************* PP

     nifH-03292025 237 pdseqakeyreLakkile 254
                        +s+ a++y +La++i e
  WRKW01000008.1_9 234 FNSPGAQAYLRLATEIVE 251
                       ***************987 PP



Internal pipeline statistics summary:
-------------------------------------
Query model(s):                            1  (327 nodes)
Target sequences:                        990  (302957 residues searched)
Passed MSV filter:                        53  (0.0535354); expected 19.8 (0.02)
Passed bias filter:                       37  (0.0373737); expected 19.8 (0.02)
Passed Vit filter:                         7  (0.00707071); expected 1.0 (0.001)
Passed Fwd filter:                         1  (0.0010101); expected 0.0 (1e-05)
Initial search space (Z):                990  [actual number of targets]
Domain search space  (domZ):               1  [number of targets reported over threshold]
# CPU time: 0.01u 0.00s 00:00:00.01 Elapsed: 00:00:00.01
# Mc/sec: 8081.80
//
Query:       nifD-03292025  [M=482]
Scores for complete sequences (score includes all domains):
   --- full sequence ---   --- best 1 domain ---    -#dom-
    E-value  score  bias    E-value  score  bias    exp  N  Sequence Description
    ------- ------ -----    ------- ------ -----   ---- --  -------- -----------

   [No hits detected that satisfy reporting thresholds]


Domain annotation for each sequence (and alignments):

   [No targets detected that satisfy reporting thresholds]


Internal pipeline statistics summary:
-------------------------------------
Query model(s):                            1  (482 nodes)
Target sequences:                        990  (302957 residues searched)
Passed MSV filter:                        51  (0.0515152); expected 19.8 (0.02)
Passed bias filter:                       38  (0.0383838); expected 19.8 (0.02)
Passed Vit filter:                         3  (0.0030303); expected 1.0 (0.001)
Passed Fwd filter:                         0  (0); expected 0.0 (1e-05)
Initial search space (Z):                990  [actual number of targets]
Domain search space  (domZ):               0  [number of targets reported over threshold]
# CPU time: 0.01u 0.00s 00:00:00.01 Elapsed: 00:00:00.01
# Mc/sec: 13026.06
//
Query:       nifK-03292025  [M=490]
Scores for complete sequences (score includes all domains):
   --- full sequence ---   --- best 1 domain ---    -#dom-
    E-value  score  bias    E-value  score  bias    exp  N  Sequence Description
    ------- ------ -----    ------- ------ -----   ---- --  -------- -----------

   [No hits detected that satisfy reporting thresholds]


Domain annotation for each sequence (and alignments):

   [No targets detected that satisfy reporting thresholds]


Internal pipeline statistics summary:
-------------------------------------
Query model(s):                            1  (490 nodes)
Target sequences:                        990  (302957 residues searched)
Passed MSV filter:                        26  (0.0262626); expected 19.8 (0.02)
Passed bias filter:                       16  (0.0161616); expected 19.8 (0.02)
Passed Vit filter:                         3  (0.0030303); expected 1.0 (0.001)
Passed Fwd filter:                         0  (0); expected 0.0 (1e-05)
Initial search space (Z):                990  [actual number of targets]
Domain search space  (domZ):               0  [number of targets reported over threshold]
# CPU time: 0.01u 0.00s 00:00:00.01 Elapsed: 00:00:00.00
# Mc/sec: 15690.10
//
Query:       nifB-03292025  [M=505]
Scores for complete sequences (score includes all domains):
   --- full sequence ---   --- best 1 domain ---    -#dom-
    E-value  score  bias    E-value  score  bias    exp  N  Sequence Description
    ------- ------ -----    ------- ------ -----   ---- --  -------- -----------

   [No hits detected that satisfy reporting thresholds]


Domain annotation for each sequence (and alignments):

   [No targets detected that satisfy reporting thresholds]


Internal pipeline statistics summary:
-------------------------------------
Query model(s):                            1  (505 nodes)
Target sequences:                        990  (302957 residues searched)
Passed MSV filter:                        29  (0.0292929); expected 19.8 (0.02)
Passed bias filter:                       17  (0.0171717); expected 19.8 (0.02)
Passed Vit filter:                         0  (0); expected 1.0 (0.001)
Passed Fwd filter:                         0  (0); expected 0.0 (1e-05)
Initial search space (Z):                990  [actual number of targets]
Domain search space  (domZ):               0  [number of targets reported over threshold]
# CPU time: 0.01u 0.01s 00:00:00.02 Elapsed: 00:00:00.00
# Mc/sec: 18202.34
//
Query:       nifE-03292025  [M=556]
Scores for complete sequences (score includes all domains):
   --- full sequence ---   --- best 1 domain ---    -#dom-
    E-value  score  bias    E-value  score  bias    exp  N  Sequence Description
    ------- ------ -----    ------- ------ -----   ---- --  -------- -----------

   [No hits detected that satisfy reporting thresholds]


Domain annotation for each sequence (and alignments):

   [No targets detected that satisfy reporting thresholds]


Internal pipeline statistics summary:
-------------------------------------
Query model(s):                            1  (556 nodes)
Target sequences:                        990  (302957 residues searched)
Passed MSV filter:                        45  (0.0454545); expected 19.8 (0.02)
Passed bias filter:                       33  (0.0333333); expected 19.8 (0.02)
Passed Vit filter:                         4  (0.0040404); expected 1.0 (0.001)
Passed Fwd filter:                         0  (0); expected 0.0 (1e-05)
Initial search space (Z):                990  [actual number of targets]
Domain search space  (domZ):               0  [number of targets reported over threshold]
# CPU time: 0.01u 0.00s 00:00:00.01 Elapsed: 00:00:00.01
# Mc/sec: 12134.75
//
Query:       nifN-03292025  [M=700]
Scores for complete sequences (score includes all domains):
   --- full sequence ---   --- best 1 domain ---    -#dom-
    E-value  score  bias    E-value  score  bias    exp  N  Sequence Description
    ------- ------ -----    ------- ------ -----   ---- --  -------- -----------

   [No hits detected that satisfy reporting thresholds]


Domain annotation for each sequence (and alignments):

   [No targets detected that satisfy reporting thresholds]


Internal pipeline statistics summary:
-------------------------------------
Query model(s):                            1  (700 nodes)
Target sequences:                        990  (302957 residues searched)
Passed MSV filter:                        30  (0.030303); expected 19.8 (0.02)
Passed bias filter:                       24  (0.0242424); expected 19.8 (0.02)
Passed Vit filter:                         0  (0); expected 1.0 (0.001)
Passed Fwd filter:                         0  (0); expected 0.0 (1e-05)
Initial search space (Z):                990  [actual number of targets]
Domain search space  (domZ):               0  [number of targets reported over threshold]
# CPU time: 0.01u 0.00s 00:00:00.01 Elapsed: 00:00:00.01
# Mc/sec: 17095.01
//
Query:       pchlide-04012025  [M=508]
Scores for complete sequences (score includes all domains):
   --- full sequence ---   --- best 1 domain ---    -#dom-
    E-value  score  bias    E-value  score  bias    exp  N  Sequence Description
    ------- ------ -----    ------- ------ -----   ---- --  -------- -----------

   [No hits detected that satisfy reporting thresholds]


Domain annotation for each sequence (and alignments):

   [No targets detected that satisfy reporting thresholds]


Internal pipeline statistics summary:
-------------------------------------
Query model(s):                            1  (508 nodes)
Target sequences:                        990  (302957 residues searched)
Passed MSV filter:                        25  (0.0252525); expected 19.8 (0.02)
Passed bias filter:                       21  (0.0212121); expected 19.8 (0.02)
Passed Vit filter:                         3  (0.0030303); expected 1.0 (0.001)
Passed Fwd filter:                         0  (0); expected 0.0 (1e-05)
Initial search space (Z):                990  [actual number of targets]
Domain search space  (domZ):               0  [number of targets reported over threshold]
# CPU time: 0.01u 0.00s 00:00:00.01 Elapsed: 00:00:00.01
# Mc/sec: 15360.45
//
[ok]
# hmmsearch :: search profile(s) against a sequence database
# HMMER 3.4 (Aug 2023); http://hmmer.org/
# Copyright (C) 2023 Howard Hughes Medical Institute.
# Freely distributed under the BSD open source license.
# - - - - - - - - - - - - - - - - - - - - - - - - - - - - - - - - - - - -
# query HMM file:                  ../HMMs/nifV_07242025.hmm
# target sequence database:        ../all_rep_proteins_aa/bacteria/GB_GCA_009777955.1_protein.faa
# - - - - - - - - - - - - - - - - - - - - - - - - - - - - - - - - - - - -

Query:       nifV-07242025  [M=437]
Scores for complete sequences (score includes all domains):
   --- full sequence ---   --- best 1 domain ---    -#dom-
    E-value  score  bias    E-value  score  bias    exp  N  Sequence Description
    ------- ------ -----    ------- ------ -----   ---- --  -------- -----------

   [No hits detected that satisfy reporting thresholds]


Domain annotation for each sequence (and alignments):

   [No targets detected that satisfy reporting thresholds]


Internal pipeline statistics summary:
-------------------------------------
Query model(s):                            1  (437 nodes)
Target sequences:                        990  (302957 residues searched)
Passed MSV filter:                        36  (0.0363636); expected 19.8 (0.02)
Passed bias filter:                       20  (0.020202); expected 19.8 (0.02)
Passed Vit filter:                         3  (0.0030303); expected 1.0 (0.001)
Passed Fwd filter:                         0  (0); expected 0.0 (1e-05)
Initial search space (Z):                990  [actual number of targets]
Domain search space  (domZ):               0  [number of targets reported over threshold]
# CPU time: 0.01u 0.00s 00:00:00.01 Elapsed: 00:00:00.00
# Mc/sec: 15018.97
//
[ok]
