# hmmsearch :: search profile(s) against a sequence database
# HMMER 3.4 (Aug 2023); http://hmmer.org/
# Copyright (C) 2023 Howard Hughes Medical Institute.
# Freely distributed under the BSD open source license.
# - - - - - - - - - - - - - - - - - - - - - - - - - - - - - - - - - - - -
# query HMM file:                  ../HMMs/combined_nif_04012025.hmm
# target sequence database:        ../all_rep_proteins_aa/bacteria/GB_GCA_947598285.1_protein.faa
# - - - - - - - - - - - - - - - - - - - - - - - - - - - - - - - - - - - -

Query:       nifH-03292025  [M=327]
Scores for complete sequences (score includes all domains):
   --- full sequence ---   --- best 1 domain ---    -#dom-
    E-value  score  bias    E-value  score  bias    exp  N  Sequence             Description
    ------- ------ -----    ------- ------ -----   ---- --  --------             -----------
    3.8e-12   42.4   1.0    1.9e-06   23.7   0.3    2.3  2  CANQFE010000027.1_10  # 9317 # 10102 # -1 # ID=27_10;partial=


Domain annotation for each sequence (and alignments):
>> CANQFE010000027.1_10  # 9317 # 10102 # -1 # ID=27_10;partial=00;start_type=ATG;rbs_motif=AGxAGG/AGGxGG;rbs_spacer=5-1
   #    score  bias  c-Evalue  i-Evalue hmmfrom  hmm to    alifrom  ali to    envfrom  env to     acc
 ---   ------ ----- --------- --------- ------- -------    ------- -------    ------- -------    ----
   1 !   23.7   0.3   1.3e-09   1.9e-06      17      55 ..      11      49 ..       5      87 .. 0.79
   2 !   17.2   0.0   1.2e-07   0.00018     149     255 ..     147     258 ..     141     261 .. 0.87

  Alignments for each domain:
  == domain 1  score: 23.7 bits;  conditional E-value: 1.3e-09
         nifH-03292025 17 KGGiGKSttasnlsaalaeegkkvlivGCdPKaDstrll 55
                          KGG+GK tt+ nl+aal +e+kk l +  dP   +++ l
  CANQFE010000027.1_10 11 KGGVGKTTTSINLAAALGKENKKTLLIDLDPQGNASNGL 49
                          9******************************98776654 PP

  == domain 2  score: 17.2 bits;  conditional E-value: 1.2e-07
         nifH-03292025 149 adevyivtsgemmalYaanniakgikkyaee..ggvrlgGlicNsrkvdke..eelveefaeklgtqiiaf.vprsnevqkaelekktv 232
                           +d+v+i + +e+ al     ++++i  ++++   + r+ G++  + + +++   e++ee+ + ++++++++ +pr   + +a  ++k +
  CANQFE010000027.1_10 147 SDSVIIPVQCEYFALEGITQLLNSIILVQNNmnPNLRIEGVLLTMLDGRTNigLEIIEEVRKCFKSKVFNTiIPRLVRLVEAPSHGKPI 235
                           5789999999**************998888744678899*999988766552279*************976379*************** PP

         nifH-03292025 233 ieaapdseqakeyreLakkilen 255
                            +++p+s+++ +y++Lak++++ 
  CANQFE010000027.1_10 236 SDYDPTSRATLAYENLAKEVISR 258
                           *******************9875 PP



Internal pipeline statistics summary:
-------------------------------------
Query model(s):                            1  (327 nodes)
Target sequences:                       1458  (427415 residues searched)
Passed MSV filter:                       110  (0.0754458); expected 29.2 (0.02)
Passed bias filter:                       61  (0.0418381); expected 29.2 (0.02)
Passed Vit filter:                        12  (0.00823045); expected 1.5 (0.001)
Passed Fwd filter:                         1  (0.000685871); expected 0.0 (1e-05)
Initial search space (Z):               1458  [actual number of targets]
Domain search space  (domZ):               1  [number of targets reported over threshold]
# CPU time: 0.01u 0.00s 00:00:00.01 Elapsed: 00:00:00.02
# Mc/sec: 6854.80
//
Query:       nifD-03292025  [M=482]
Scores for complete sequences (score includes all domains):
   --- full sequence ---   --- best 1 domain ---    -#dom-
    E-value  score  bias    E-value  score  bias    exp  N  Sequence Description
    ------- ------ -----    ------- ------ -----   ---- --  -------- -----------

   [No hits detected that satisfy reporting thresholds]


Domain annotation for each sequence (and alignments):

   [No targets detected that satisfy reporting thresholds]


Internal pipeline statistics summary:
-------------------------------------
Query model(s):                            1  (482 nodes)
Target sequences:                       1458  (427415 residues searched)
Passed MSV filter:                       109  (0.0747599); expected 29.2 (0.02)
Passed bias filter:                       32  (0.0219479); expected 29.2 (0.02)
Passed Vit filter:                         2  (0.00137174); expected 1.5 (0.001)
Passed Fwd filter:                         0  (0); expected 0.0 (1e-05)
Initial search space (Z):               1458  [actual number of targets]
Domain search space  (domZ):               0  [number of targets reported over threshold]
# CPU time: 0.01u 0.00s 00:00:00.01 Elapsed: 00:00:00.00
# Mc/sec: 23571.15
//
Query:       nifK-03292025  [M=490]
Scores for complete sequences (score includes all domains):
   --- full sequence ---   --- best 1 domain ---    -#dom-
    E-value  score  bias    E-value  score  bias    exp  N  Sequence Description
    ------- ------ -----    ------- ------ -----   ---- --  -------- -----------

   [No hits detected that satisfy reporting thresholds]


Domain annotation for each sequence (and alignments):

   [No targets detected that satisfy reporting thresholds]


Internal pipeline statistics summary:
-------------------------------------
Query model(s):                            1  (490 nodes)
Target sequences:                       1458  (427415 residues searched)
Passed MSV filter:                        58  (0.0397805); expected 29.2 (0.02)
Passed bias filter:                       24  (0.0164609); expected 29.2 (0.02)
Passed Vit filter:                         0  (0); expected 1.5 (0.001)
Passed Fwd filter:                         0  (0); expected 0.0 (1e-05)
Initial search space (Z):               1458  [actual number of targets]
Domain search space  (domZ):               0  [number of targets reported over threshold]
# CPU time: 0.01u 0.00s 00:00:00.01 Elapsed: 00:00:00.00
# Mc/sec: 24241.44
//
Query:       nifB-03292025  [M=505]
Scores for complete sequences (score includes all domains):
   --- full sequence ---   --- best 1 domain ---    -#dom-
    E-value  score  bias    E-value  score  bias    exp  N  Sequence Description
    ------- ------ -----    ------- ------ -----   ---- --  -------- -----------

   [No hits detected that satisfy reporting thresholds]


Domain annotation for each sequence (and alignments):

   [No targets detected that satisfy reporting thresholds]


Internal pipeline statistics summary:
-------------------------------------
Query model(s):                            1  (505 nodes)
Target sequences:                       1458  (427415 residues searched)
Passed MSV filter:                        50  (0.0342936); expected 29.2 (0.02)
Passed bias filter:                       22  (0.0150892); expected 29.2 (0.02)
Passed Vit filter:                         2  (0.00137174); expected 1.5 (0.001)
Passed Fwd filter:                         0  (0); expected 0.0 (1e-05)
Initial search space (Z):               1458  [actual number of targets]
Domain search space  (domZ):               0  [number of targets reported over threshold]
# CPU time: 0.01u 0.00s 00:00:00.01 Elapsed: 00:00:00.00
# Mc/sec: 24895.52
//
Query:       nifE-03292025  [M=556]
Scores for complete sequences (score includes all domains):
   --- full sequence ---   --- best 1 domain ---    -#dom-
    E-value  score  bias    E-value  score  bias    exp  N  Sequence Description
    ------- ------ -----    ------- ------ -----   ---- --  -------- -----------

   [No hits detected that satisfy reporting thresholds]


Domain annotation for each sequence (and alignments):

   [No targets detected that satisfy reporting thresholds]


Internal pipeline statistics summary:
-------------------------------------
Query model(s):                            1  (556 nodes)
Target sequences:                       1458  (427415 residues searched)
Passed MSV filter:                        90  (0.0617284); expected 29.2 (0.02)
Passed bias filter:                       36  (0.0246914); expected 29.2 (0.02)
Passed Vit filter:                         5  (0.00342936); expected 1.5 (0.001)
Passed Fwd filter:                         0  (0); expected 0.0 (1e-05)
Initial search space (Z):               1458  [actual number of targets]
Domain search space  (domZ):               0  [number of targets reported over threshold]
# CPU time: 0.01u 0.00s 00:00:00.01 Elapsed: 00:00:00.01
# Mc/sec: 18869.07
//
Query:       nifN-03292025  [M=700]
Scores for complete sequences (score includes all domains):
   --- full sequence ---   --- best 1 domain ---    -#dom-
    E-value  score  bias    E-value  score  bias    exp  N  Sequence Description
    ------- ------ -----    ------- ------ -----   ---- --  -------- -----------

   [No hits detected that satisfy reporting thresholds]


Domain annotation for each sequence (and alignments):

   [No targets detected that satisfy reporting thresholds]


Internal pipeline statistics summary:
-------------------------------------
Query model(s):                            1  (700 nodes)
Target sequences:                       1458  (427415 residues searched)
Passed MSV filter:                        75  (0.0514403); expected 29.2 (0.02)
Passed bias filter:                       47  (0.0322359); expected 29.2 (0.02)
Passed Vit filter:                         2  (0.00137174); expected 1.5 (0.001)
Passed Fwd filter:                         0  (0); expected 0.0 (1e-05)
Initial search space (Z):               1458  [actual number of targets]
Domain search space  (domZ):               0  [number of targets reported over threshold]
# CPU time: 0.02u 0.00s 00:00:00.02 Elapsed: 00:00:00.01
# Mc/sec: 22091.71
//
Query:       pchlide-04012025  [M=508]
Scores for complete sequences (score includes all domains):
   --- full sequence ---   --- best 1 domain ---    -#dom-
    E-value  score  bias    E-value  score  bias    exp  N  Sequence Description
    ------- ------ -----    ------- ------ -----   ---- --  -------- -----------

   [No hits detected that satisfy reporting thresholds]


Domain annotation for each sequence (and alignments):

   [No targets detected that satisfy reporting thresholds]


Internal pipeline statistics summary:
-------------------------------------
Query model(s):                            1  (508 nodes)
Target sequences:                       1458  (427415 residues searched)
Passed MSV filter:                        61  (0.0418381); expected 29.2 (0.02)
Passed bias filter:                       34  (0.0233196); expected 29.2 (0.02)
Passed Vit filter:                         1  (0.000685871); expected 1.5 (0.001)
Passed Fwd filter:                         0  (0); expected 0.0 (1e-05)
Initial search space (Z):               1458  [actual number of targets]
Domain search space  (domZ):               0  [number of targets reported over threshold]
# CPU time: 0.02u 0.00s 00:00:00.02 Elapsed: 00:00:00.00
# Mc/sec: 22677.17
//
[ok]
# hmmsearch :: search profile(s) against a sequence database
# HMMER 3.4 (Aug 2023); http://hmmer.org/
# Copyright (C) 2023 Howard Hughes Medical Institute.
# Freely distributed under the BSD open source license.
# - - - - - - - - - - - - - - - - - - - - - - - - - - - - - - - - - - - -
# query HMM file:                  ../HMMs/nifV_07242025.hmm
# target sequence database:        ../all_rep_proteins_aa/bacteria/GB_GCA_947598285.1_protein.faa
# - - - - - - - - - - - - - - - - - - - - - - - - - - - - - - - - - - - -

Query:       nifV-07242025  [M=437]
Scores for complete sequences (score includes all domains):
   --- full sequence ---   --- best 1 domain ---    -#dom-
    E-value  score  bias    E-value  score  bias    exp  N  Sequence Description
    ------- ------ -----    ------- ------ -----   ---- --  -------- -----------

   [No hits detected that satisfy reporting thresholds]


Domain annotation for each sequence (and alignments):

   [No targets detected that satisfy reporting thresholds]


Internal pipeline statistics summary:
-------------------------------------
Query model(s):                            1  (437 nodes)
Target sequences:                       1458  (427415 residues searched)
Passed MSV filter:                        36  (0.0246914); expected 29.2 (0.02)
Passed bias filter:                       28  (0.0192044); expected 29.2 (0.02)
Passed Vit filter:                         1  (0.000685871); expected 1.5 (0.001)
Passed Fwd filter:                         0  (0); expected 0.0 (1e-05)
Initial search space (Z):               1458  [actual number of targets]
Domain search space  (domZ):               0  [number of targets reported over threshold]
# CPU time: 0.01u 0.00s 00:00:00.01 Elapsed: 00:00:00.00
# Mc/sec: 24976.40
//
[ok]
