# hmmsearch :: search profile(s) against a sequence database
# HMMER 3.4 (Aug 2023); http://hmmer.org/
# Copyright (C) 2023 Howard Hughes Medical Institute.
# Freely distributed under the BSD open source license.
# - - - - - - - - - - - - - - - - - - - - - - - - - - - - - - - - - - - -
# query HMM file:                  ../HMMs/combined_nif_04012025.hmm
# target sequence database:        ../all_rep_proteins_aa/bacteria/GB_GCA_903885965.1_protein.faa
# - - - - - - - - - - - - - - - - - - - - - - - - - - - - - - - - - - - -

Query:       nifH-03292025  [M=327]
Scores for complete sequences (score includes all domains):
   --- full sequence ---   --- best 1 domain ---    -#dom-
    E-value  score  bias    E-value  score  bias    exp  N  Sequence             Description
    ------- ------ -----    ------- ------ -----   ---- --  --------             -----------
    2.8e-12   42.6   0.1    5.2e-06   22.0   0.1    2.1  2  CAISKQ010000045.1_28  # 28667 # 29446 # 1 # ID=45_28;partial=
      0.007   11.7   0.2      0.011   11.1   0.2    1.2  1  CAISKQ010000053.1_11  # 8748 # 9389 # -1 # ID=53_11;partial=0


Domain annotation for each sequence (and alignments):
>> CAISKQ010000045.1_28  # 28667 # 29446 # 1 # ID=45_28;partial=00;start_type=ATG;rbs_motif=TAA;rbs_spacer=3bp;gc_cont=0
   #    score  bias  c-Evalue  i-Evalue hmmfrom  hmm to    alifrom  ali to    envfrom  env to     acc
 ---   ------ ----- --------- --------- ------- -------    ------- -------    ------- -------    ----
   1 !   22.0   0.1   8.2e-09   5.2e-06      17      51 ..      11      45 ..       3      55 .. 0.90
   2 !   18.5   0.0   9.5e-08   5.9e-05     149     258 ..     141     255 ..     139     259 .. 0.84

  Alignments for each domain:
  == domain 1  score: 22.0 bits;  conditional E-value: 8.2e-09
         nifH-03292025 17 KGGiGKSttasnlsaalaeegkkvlivGCdPKaDs 51
                          KGG+GK tta nl++ la+++k+vl v  dP   +
  CAISKQ010000045.1_28 11 KGGVGKTTTAINLATYLADSNKRVLLVDLDPQGNA 45
                          9******************************8665 PP

  == domain 2  score: 18.5 bits;  conditional E-value: 9.5e-08
         nifH-03292025 149 adevyivtsgemmalYaanniakgikkyaee..ggvrlgGlicNs..rkvdkeeelveefaeklgtqiiaf.vprsnevqkaelekktv 232
                           +dev i + +e+ al     ++++i+ ++++   + ++ G i  +  r+ +  +++v+e+ +++  +++   +prs  + +a   +k +
  CAISKQ010000045.1_28 141 SDEVLIPVQTEYYALEGLSQLLQTIELVQTHlqPKLKIMGAILTMydRRNRLSRQVVKEMRNHFPGHVFDSvIPRSVRLAEAPSYGKSI 229
                           58999999999999999999***99988887335666778776541166777899*********9999975279*************** PP

         nifH-03292025 233 ieaapdseqakeyreLakkilenkkl 258
                           ++++  s+ a++y++La++i+++++ 
  CAISKQ010000045.1_28 230 LSFDSLSKGARSYKSLAREIIAKDEA 255
                           ********************998876 PP

>> CAISKQ010000053.1_11  # 8748 # 9389 # -1 # ID=53_11;partial=00;start_type=ATG;rbs_motif=AATAA;rbs_spacer=3bp;gc_cont=
   #    score  bias  c-Evalue  i-Evalue hmmfrom  hmm to    alifrom  ali to    envfrom  env to     acc
 ---   ------ ----- --------- --------- ------- -------    ------- -------    ------- -------    ----
   1 !   11.1   0.2   1.7e-05     0.011      10      39 ..      16      45 ..       4      48 .. 0.83

  Alignments for each domain:
  == domain 1  score: 11.1 bits;  conditional E-value: 1.7e-05
         nifH-03292025 10 rkiAiYGKGGiGKSttasnlsaalaeegkk 39
                          r iA+YG  GiGK t ++ l+  l + gk+
  CAISKQ010000053.1_11 16 RFIAVYGINGIGKTTQVELLVEYLKQCGKN 45
                          67**************99999999988875 PP



Internal pipeline statistics summary:
-------------------------------------
Query model(s):                            1  (327 nodes)
Target sequences:                       1254  (359147 residues searched)
Passed MSV filter:                        87  (0.069378); expected 25.1 (0.02)
Passed bias filter:                       57  (0.0454545); expected 25.1 (0.02)
Passed Vit filter:                        12  (0.00956938); expected 1.3 (0.001)
Passed Fwd filter:                         2  (0.0015949); expected 0.0 (1e-05)
Initial search space (Z):               1254  [actual number of targets]
Domain search space  (domZ):               2  [number of targets reported over threshold]
# CPU time: 0.02u 0.00s 00:00:00.02 Elapsed: 00:00:00.01
# Mc/sec: 6531.95
//
Query:       nifD-03292025  [M=482]
Scores for complete sequences (score includes all domains):
   --- full sequence ---   --- best 1 domain ---    -#dom-
    E-value  score  bias    E-value  score  bias    exp  N  Sequence Description
    ------- ------ -----    ------- ------ -----   ---- --  -------- -----------

   [No hits detected that satisfy reporting thresholds]


Domain annotation for each sequence (and alignments):

   [No targets detected that satisfy reporting thresholds]


Internal pipeline statistics summary:
-------------------------------------
Query model(s):                            1  (482 nodes)
Target sequences:                       1254  (359147 residues searched)
Passed MSV filter:                        69  (0.0550239); expected 25.1 (0.02)
Passed bias filter:                       31  (0.0247209); expected 25.1 (0.02)
Passed Vit filter:                         3  (0.00239234); expected 1.3 (0.001)
Passed Fwd filter:                         0  (0); expected 0.0 (1e-05)
Initial search space (Z):               1254  [actual number of targets]
Domain search space  (domZ):               0  [number of targets reported over threshold]
# CPU time: 0.01u 0.00s 00:00:00.01 Elapsed: 00:00:00.01
# Mc/sec: 15065.56
//
Query:       nifK-03292025  [M=490]
Scores for complete sequences (score includes all domains):
   --- full sequence ---   --- best 1 domain ---    -#dom-
    E-value  score  bias    E-value  score  bias    exp  N  Sequence Description
    ------- ------ -----    ------- ------ -----   ---- --  -------- -----------

   [No hits detected that satisfy reporting thresholds]


Domain annotation for each sequence (and alignments):

   [No targets detected that satisfy reporting thresholds]


Internal pipeline statistics summary:
-------------------------------------
Query model(s):                            1  (490 nodes)
Target sequences:                       1254  (359147 residues searched)
Passed MSV filter:                        35  (0.0279107); expected 25.1 (0.02)
Passed bias filter:                       21  (0.0167464); expected 25.1 (0.02)
Passed Vit filter:                         0  (0); expected 1.3 (0.001)
Passed Fwd filter:                         0  (0); expected 0.0 (1e-05)
Initial search space (Z):               1254  [actual number of targets]
Domain search space  (domZ):               0  [number of targets reported over threshold]
# CPU time: 0.01u 0.00s 00:00:00.01 Elapsed: 00:00:00.00
# Mc/sec: 18370.23
//
Query:       nifB-03292025  [M=505]
Scores for complete sequences (score includes all domains):
   --- full sequence ---   --- best 1 domain ---    -#dom-
    E-value  score  bias    E-value  score  bias    exp  N  Sequence Description
    ------- ------ -----    ------- ------ -----   ---- --  -------- -----------

   [No hits detected that satisfy reporting thresholds]


Domain annotation for each sequence (and alignments):

   [No targets detected that satisfy reporting thresholds]


Internal pipeline statistics summary:
-------------------------------------
Query model(s):                            1  (505 nodes)
Target sequences:                       1254  (359147 residues searched)
Passed MSV filter:                        39  (0.0311005); expected 25.1 (0.02)
Passed bias filter:                       28  (0.0223285); expected 25.1 (0.02)
Passed Vit filter:                         2  (0.0015949); expected 1.3 (0.001)
Passed Fwd filter:                         0  (0); expected 0.0 (1e-05)
Initial search space (Z):               1254  [actual number of targets]
Domain search space  (domZ):               0  [number of targets reported over threshold]
# CPU time: 0.01u 0.01s 00:00:00.02 Elapsed: 00:00:00.01
# Mc/sec: 16698.42
//
Query:       nifE-03292025  [M=556]
Scores for complete sequences (score includes all domains):
   --- full sequence ---   --- best 1 domain ---    -#dom-
    E-value  score  bias    E-value  score  bias    exp  N  Sequence Description
    ------- ------ -----    ------- ------ -----   ---- --  -------- -----------

   [No hits detected that satisfy reporting thresholds]


Domain annotation for each sequence (and alignments):

   [No targets detected that satisfy reporting thresholds]


Internal pipeline statistics summary:
-------------------------------------
Query model(s):                            1  (556 nodes)
Target sequences:                       1254  (359147 residues searched)
Passed MSV filter:                        57  (0.0454545); expected 25.1 (0.02)
Passed bias filter:                       42  (0.0334928); expected 25.1 (0.02)
Passed Vit filter:                         3  (0.00239234); expected 1.3 (0.001)
Passed Fwd filter:                         0  (0); expected 0.0 (1e-05)
Initial search space (Z):               1254  [actual number of targets]
Domain search space  (domZ):               0  [number of targets reported over threshold]
# CPU time: 0.02u 0.00s 00:00:00.02 Elapsed: 00:00:00.01
# Mc/sec: 14905.37
//
Query:       nifN-03292025  [M=700]
Scores for complete sequences (score includes all domains):
   --- full sequence ---   --- best 1 domain ---    -#dom-
    E-value  score  bias    E-value  score  bias    exp  N  Sequence Description
    ------- ------ -----    ------- ------ -----   ---- --  -------- -----------

   [No hits detected that satisfy reporting thresholds]


Domain annotation for each sequence (and alignments):

   [No targets detected that satisfy reporting thresholds]


Internal pipeline statistics summary:
-------------------------------------
Query model(s):                            1  (700 nodes)
Target sequences:                       1254  (359147 residues searched)
Passed MSV filter:                        44  (0.0350877); expected 25.1 (0.02)
Passed bias filter:                       27  (0.0215311); expected 25.1 (0.02)
Passed Vit filter:                         2  (0.0015949); expected 1.3 (0.001)
Passed Fwd filter:                         0  (0); expected 0.0 (1e-05)
Initial search space (Z):               1254  [actual number of targets]
Domain search space  (domZ):               0  [number of targets reported over threshold]
# CPU time: 0.02u 0.00s 00:00:00.02 Elapsed: 00:00:00.01
# Mc/sec: 19018.78
//
Query:       pchlide-04012025  [M=508]
Scores for complete sequences (score includes all domains):
   --- full sequence ---   --- best 1 domain ---    -#dom-
    E-value  score  bias    E-value  score  bias    exp  N  Sequence Description
    ------- ------ -----    ------- ------ -----   ---- --  -------- -----------

   [No hits detected that satisfy reporting thresholds]


Domain annotation for each sequence (and alignments):

   [No targets detected that satisfy reporting thresholds]


Internal pipeline statistics summary:
-------------------------------------
Query model(s):                            1  (508 nodes)
Target sequences:                       1254  (359147 residues searched)
Passed MSV filter:                        55  (0.0438596); expected 25.1 (0.02)
Passed bias filter:                       41  (0.0326954); expected 25.1 (0.02)
Passed Vit filter:                         3  (0.00239234); expected 1.3 (0.001)
Passed Fwd filter:                         0  (0); expected 0.0 (1e-05)
Initial search space (Z):               1254  [actual number of targets]
Domain search space  (domZ):               0  [number of targets reported over threshold]
# CPU time: 0.02u 0.00s 00:00:00.02 Elapsed: 00:00:00.01
# Mc/sec: 15783.36
//
[ok]
# hmmsearch :: search profile(s) against a sequence database
# HMMER 3.4 (Aug 2023); http://hmmer.org/
# Copyright (C) 2023 Howard Hughes Medical Institute.
# Freely distributed under the BSD open source license.
# - - - - - - - - - - - - - - - - - - - - - - - - - - - - - - - - - - - -
# query HMM file:                  ../HMMs/nifV_07242025.hmm
# target sequence database:        ../all_rep_proteins_aa/bacteria/GB_GCA_903885965.1_protein.faa
# - - - - - - - - - - - - - - - - - - - - - - - - - - - - - - - - - - - -

Query:       nifV-07242025  [M=437]
Scores for complete sequences (score includes all domains):
   --- full sequence ---   --- best 1 domain ---    -#dom-
    E-value  score  bias    E-value  score  bias    exp  N  Sequence Description
    ------- ------ -----    ------- ------ -----   ---- --  -------- -----------

   [No hits detected that satisfy reporting thresholds]


Domain annotation for each sequence (and alignments):

   [No targets detected that satisfy reporting thresholds]


Internal pipeline statistics summary:
-------------------------------------
Query model(s):                            1  (437 nodes)
Target sequences:                       1254  (359147 residues searched)
Passed MSV filter:                        40  (0.0318979); expected 25.1 (0.02)
Passed bias filter:                       31  (0.0247209); expected 25.1 (0.02)
Passed Vit filter:                         3  (0.00239234); expected 1.3 (0.001)
Passed Fwd filter:                         0  (0); expected 0.0 (1e-05)
Initial search space (Z):               1254  [actual number of targets]
Domain search space  (domZ):               0  [number of targets reported over threshold]
# CPU time: 0.01u 0.00s 00:00:00.01 Elapsed: 00:00:00.00
# Mc/sec: 19458.29
//
[ok]
