# hmmsearch :: search profile(s) against a sequence database
# HMMER 3.4 (Aug 2023); http://hmmer.org/
# Copyright (C) 2023 Howard Hughes Medical Institute.
# Freely distributed under the BSD open source license.
# - - - - - - - - - - - - - - - - - - - - - - - - - - - - - - - - - - - -
# query HMM file:                  ../HMMs/combined_nif_04012025.hmm
# target sequence database:        ../all_rep_proteins_aa/bacteria/GB_GCA_905365345.1_protein.faa
# - - - - - - - - - - - - - - - - - - - - - - - - - - - - - - - - - - - -

Query:       nifH-03292025  [M=327]
Scores for complete sequences (score includes all domains):
   --- full sequence ---   --- best 1 domain ---    -#dom-
    E-value  score  bias    E-value  score  bias    exp  N  Sequence            Description
    ------- ------ -----    ------- ------ -----   ---- --  --------            -----------
    1.1e-07   26.7   0.0    1.3e-05   19.9   0.0    2.1  2  CAJPIQ010000054.1_2  # 759 # 1556 # 1 # ID=54_2;partial=00;st


Domain annotation for each sequence (and alignments):
>> CAJPIQ010000054.1_2  # 759 # 1556 # 1 # ID=54_2;partial=00;start_type=GTG;rbs_motif=GGAG/GAGG;rbs_spacer=5-10bp;gc_co
   #    score  bias  c-Evalue  i-Evalue hmmfrom  hmm to    alifrom  ali to    envfrom  env to     acc
 ---   ------ ----- --------- --------- ------- -------    ------- -------    ------- -------    ----
   1 !   19.9   0.0   1.8e-08   1.3e-05      12      53 ..       4      47 ..       1      88 [. 0.83
   2 !    5.0   0.0   0.00062      0.43     149     254 ..     149     259 ..     146     262 .. 0.73

  Alignments for each domain:
  == domain 1  score: 19.9 bits;  conditional E-value: 1.8e-08
        nifH-03292025 12 iAiY.GKGGiGKSttasnlsaala.eegkkvlivGCdPKaDstr 53
                         iAi   KGG+GK tta nl++ la +++ +vl v  dP   +++
  CAJPIQ010000054.1_2  4 IAITnQKGGVGKTTTAVNLAYYLAkNHEARVLLVDFDPQGNASS 47
                         6654159*****************66799*********877655 PP

  == domain 2  score: 5.0 bits;  conditional E-value: 0.00062
        nifH-03292025 149 adevyivtsgemmalYaanniakgikkyaeeggvrlg..GlicNsr..kvdkeeelveefaeklgtqiia.fvprsnevqkaelekktvi 233
                          ad+v + t  e+ a+     ++++++ ++++ + +lg  G+++ ++  +++ +++   e+a+ +  +ii+  +pr+  + +a  ++  v 
  CAJPIQ010000054.1_2 149 ADSVLLPTQPEFFAIEGLTQLLETMALVRKSINPTLGllGVLVTMMdkRTALNQQAYLEVAKYFPGKIIEpAIPRNVRLAEAPSHGLPVG 238
                          566666667777777777777777666666655444322544443301344567778889999999999757****************** PP

        nifH-03292025 234 eaapdseqakeyreLakkile 254
                           ++  s+ a++y+++ak++++
  CAJPIQ010000054.1_2 239 AYDRFSKGARAYKAVAKEVAK 259
                          *****************9976 PP



Internal pipeline statistics summary:
-------------------------------------
Query model(s):                            1  (327 nodes)
Target sequences:                        704  (226118 residues searched)
Passed MSV filter:                        49  (0.0696023); expected 14.1 (0.02)
Passed bias filter:                       42  (0.0596591); expected 14.1 (0.02)
Passed Vit filter:                        11  (0.015625); expected 0.7 (0.001)
Passed Fwd filter:                         1  (0.00142045); expected 0.0 (1e-05)
Initial search space (Z):                704  [actual number of targets]
Domain search space  (domZ):               1  [number of targets reported over threshold]
# CPU time: 0.01u 0.00s 00:00:00.01 Elapsed: 00:00:00.01
# Mc/sec: 5167.34
//
Query:       nifD-03292025  [M=482]
Scores for complete sequences (score includes all domains):
   --- full sequence ---   --- best 1 domain ---    -#dom-
    E-value  score  bias    E-value  score  bias    exp  N  Sequence Description
    ------- ------ -----    ------- ------ -----   ---- --  -------- -----------

   [No hits detected that satisfy reporting thresholds]


Domain annotation for each sequence (and alignments):

   [No targets detected that satisfy reporting thresholds]


Internal pipeline statistics summary:
-------------------------------------
Query model(s):                            1  (482 nodes)
Target sequences:                        704  (226118 residues searched)
Passed MSV filter:                        30  (0.0426136); expected 14.1 (0.02)
Passed bias filter:                       20  (0.0284091); expected 14.1 (0.02)
Passed Vit filter:                         2  (0.00284091); expected 0.7 (0.001)
Passed Fwd filter:                         0  (0); expected 0.0 (1e-05)
Initial search space (Z):                704  [actual number of targets]
Domain search space  (domZ):               0  [number of targets reported over threshold]
# CPU time: 0.00u 0.00s 00:00:00.00 Elapsed: 00:00:00.00
# Mc/sec: 13434.84
//
Query:       nifK-03292025  [M=490]
Scores for complete sequences (score includes all domains):
   --- full sequence ---   --- best 1 domain ---    -#dom-
    E-value  score  bias    E-value  score  bias    exp  N  Sequence Description
    ------- ------ -----    ------- ------ -----   ---- --  -------- -----------

   [No hits detected that satisfy reporting thresholds]


Domain annotation for each sequence (and alignments):

   [No targets detected that satisfy reporting thresholds]


Internal pipeline statistics summary:
-------------------------------------
Query model(s):                            1  (490 nodes)
Target sequences:                        704  (226118 residues searched)
Passed MSV filter:                        15  (0.0213068); expected 14.1 (0.02)
Passed bias filter:                       11  (0.015625); expected 14.1 (0.02)
Passed Vit filter:                         1  (0.00142045); expected 0.7 (0.001)
Passed Fwd filter:                         0  (0); expected 0.0 (1e-05)
Initial search space (Z):                704  [actual number of targets]
Domain search space  (domZ):               0  [number of targets reported over threshold]
# CPU time: 0.01u 0.00s 00:00:00.01 Elapsed: 00:00:00.00
# Mc/sec: 14834.86
//
Query:       nifB-03292025  [M=505]
Scores for complete sequences (score includes all domains):
   --- full sequence ---   --- best 1 domain ---    -#dom-
    E-value  score  bias    E-value  score  bias    exp  N  Sequence Description
    ------- ------ -----    ------- ------ -----   ---- --  -------- -----------

   [No hits detected that satisfy reporting thresholds]


Domain annotation for each sequence (and alignments):

   [No targets detected that satisfy reporting thresholds]


Internal pipeline statistics summary:
-------------------------------------
Query model(s):                            1  (505 nodes)
Target sequences:                        704  (226118 residues searched)
Passed MSV filter:                         8  (0.0113636); expected 14.1 (0.02)
Passed bias filter:                        5  (0.00710227); expected 14.1 (0.02)
Passed Vit filter:                         0  (0); expected 0.7 (0.001)
Passed Fwd filter:                         0  (0); expected 0.0 (1e-05)
Initial search space (Z):                704  [actual number of targets]
Domain search space  (domZ):               0  [number of targets reported over threshold]
# CPU time: 0.01u 0.00s 00:00:00.01 Elapsed: 00:00:00.00
# Mc/sec: 17483.49
//
Query:       nifE-03292025  [M=556]
Scores for complete sequences (score includes all domains):
   --- full sequence ---   --- best 1 domain ---    -#dom-
    E-value  score  bias    E-value  score  bias    exp  N  Sequence Description
    ------- ------ -----    ------- ------ -----   ---- --  -------- -----------

   [No hits detected that satisfy reporting thresholds]


Domain annotation for each sequence (and alignments):

   [No targets detected that satisfy reporting thresholds]


Internal pipeline statistics summary:
-------------------------------------
Query model(s):                            1  (556 nodes)
Target sequences:                        704  (226118 residues searched)
Passed MSV filter:                        35  (0.0497159); expected 14.1 (0.02)
Passed bias filter:                       27  (0.0383523); expected 14.1 (0.02)
Passed Vit filter:                         3  (0.00426136); expected 0.7 (0.001)
Passed Fwd filter:                         0  (0); expected 0.0 (1e-05)
Initial search space (Z):                704  [actual number of targets]
Domain search space  (domZ):               0  [number of targets reported over threshold]
# CPU time: 0.01u 0.00s 00:00:00.01 Elapsed: 00:00:00.01
# Mc/sec: 11660.79
//
Query:       nifN-03292025  [M=700]
Scores for complete sequences (score includes all domains):
   --- full sequence ---   --- best 1 domain ---    -#dom-
    E-value  score  bias    E-value  score  bias    exp  N  Sequence Description
    ------- ------ -----    ------- ------ -----   ---- --  -------- -----------

   [No hits detected that satisfy reporting thresholds]


Domain annotation for each sequence (and alignments):

   [No targets detected that satisfy reporting thresholds]


Internal pipeline statistics summary:
-------------------------------------
Query model(s):                            1  (700 nodes)
Target sequences:                        704  (226118 residues searched)
Passed MSV filter:                        28  (0.0397727); expected 14.1 (0.02)
Passed bias filter:                       14  (0.0198864); expected 14.1 (0.02)
Passed Vit filter:                         0  (0); expected 0.7 (0.001)
Passed Fwd filter:                         0  (0); expected 0.0 (1e-05)
Initial search space (Z):                704  [actual number of targets]
Domain search space  (domZ):               0  [number of targets reported over threshold]
# CPU time: 0.01u 0.00s 00:00:00.01 Elapsed: 00:00:00.00
# Mc/sec: 16216.87
//
Query:       pchlide-04012025  [M=508]
Scores for complete sequences (score includes all domains):
   --- full sequence ---   --- best 1 domain ---    -#dom-
    E-value  score  bias    E-value  score  bias    exp  N  Sequence Description
    ------- ------ -----    ------- ------ -----   ---- --  -------- -----------

   [No hits detected that satisfy reporting thresholds]


Domain annotation for each sequence (and alignments):

   [No targets detected that satisfy reporting thresholds]


Internal pipeline statistics summary:
-------------------------------------
Query model(s):                            1  (508 nodes)
Target sequences:                        704  (226118 residues searched)
Passed MSV filter:                        23  (0.0326705); expected 14.1 (0.02)
Passed bias filter:                       19  (0.0269886); expected 14.1 (0.02)
Passed Vit filter:                         1  (0.00142045); expected 0.7 (0.001)
Passed Fwd filter:                         0  (0); expected 0.0 (1e-05)
Initial search space (Z):                704  [actual number of targets]
Domain search space  (domZ):               0  [number of targets reported over threshold]
# CPU time: 0.01u 0.00s 00:00:00.01 Elapsed: 00:00:00.00
# Mc/sec: 13778.06
//
[ok]
# hmmsearch :: search profile(s) against a sequence database
# HMMER 3.4 (Aug 2023); http://hmmer.org/
# Copyright (C) 2023 Howard Hughes Medical Institute.
# Freely distributed under the BSD open source license.
# - - - - - - - - - - - - - - - - - - - - - - - - - - - - - - - - - - - -
# query HMM file:                  ../HMMs/nifV_07242025.hmm
# target sequence database:        ../all_rep_proteins_aa/bacteria/GB_GCA_905365345.1_protein.faa
# - - - - - - - - - - - - - - - - - - - - - - - - - - - - - - - - - - - -

Query:       nifV-07242025  [M=437]
Scores for complete sequences (score includes all domains):
   --- full sequence ---   --- best 1 domain ---    -#dom-
    E-value  score  bias    E-value  score  bias    exp  N  Sequence Description
    ------- ------ -----    ------- ------ -----   ---- --  -------- -----------

   [No hits detected that satisfy reporting thresholds]


Domain annotation for each sequence (and alignments):

   [No targets detected that satisfy reporting thresholds]


Internal pipeline statistics summary:
-------------------------------------
Query model(s):                            1  (437 nodes)
Target sequences:                        704  (226118 residues searched)
Passed MSV filter:                        24  (0.0340909); expected 14.1 (0.02)
Passed bias filter:                       16  (0.0227273); expected 14.1 (0.02)
Passed Vit filter:                         0  (0); expected 0.7 (0.001)
Passed Fwd filter:                         0  (0); expected 0.0 (1e-05)
Initial search space (Z):                704  [actual number of targets]
Domain search space  (domZ):               0  [number of targets reported over threshold]
# CPU time: 0.01u 0.00s 00:00:00.01 Elapsed: 00:00:00.00
# Mc/sec: 16107.50
//
[ok]
