# hmmsearch :: search profile(s) against a sequence database
# HMMER 3.4 (Aug 2023); http://hmmer.org/
# Copyright (C) 2023 Howard Hughes Medical Institute.
# Freely distributed under the BSD open source license.
# - - - - - - - - - - - - - - - - - - - - - - - - - - - - - - - - - - - -
# query HMM file:                  ../HMMs/combined_nif_04012025.hmm
# target sequence database:        ../all_rep_proteins_aa/bacteria/GB_GCA_027040585.1_protein.faa
# - - - - - - - - - - - - - - - - - - - - - - - - - - - - - - - - - - - -

Query:       nifH-03292025  [M=327]
Scores for complete sequences (score includes all domains):
   --- full sequence ---   --- best 1 domain ---    -#dom-
    E-value  score  bias    E-value  score  bias    exp  N  Sequence            Description
    ------- ------ -----    ------- ------ -----   ---- --  --------            -----------
    4.4e-06   23.1   1.9    5.9e-06   22.7   0.8    1.7  2  JALULU010000450.1_1  # 3 # 1019 # 1 # ID=450_1;partial=10;sta
  ------ inclusion threshold ------
      0.012   11.8   0.1       0.12    8.4   0.0    2.2  2  JALULU010000152.1_4  # 2192 # 3061 # -1 # ID=152_4;partial=00


Domain annotation for each sequence (and alignments):
>> JALULU010000450.1_1  # 3 # 1019 # 1 # ID=450_1;partial=10;start_type=Edge;rbs_motif=None;rbs_spacer=None;gc_cont=0.37
   #    score  bias  c-Evalue  i-Evalue hmmfrom  hmm to    alifrom  ali to    envfrom  env to     acc
 ---   ------ ----- --------- --------- ------- -------    ------- -------    ------- -------    ----
   1 !   22.7   0.8   5.3e-09   5.9e-06      15      46 ..      90     121 ..      79     125 .. 0.91
   2 ?   -2.1   0.0      0.18     2e+02     202     217 ..     273     288 ..     219     329 .. 0.53

  Alignments for each domain:
  == domain 1  score: 22.7 bits;  conditional E-value: 5.3e-09
        nifH-03292025  15 YGKGGiGKSttasnlsaalaeegkkvlivGCd 46 
                           GKGG+GKSt++ nl++ la +g kv    Cd
  JALULU010000450.1_1  90 SGKGGVGKSTVSVNLAVSLALSGAKVGLCDCD 121
                          4*************************999998 PP

  == domain 2  score: -2.1 bits;  conditional E-value: 0.18
        nifH-03292025 202 eefaeklgtqiiafvp 217
                          e+++++++++++ ++p
  JALULU010000450.1_1 273 EKLSKEFEVDLLGQIP 288
                          3444444444444444 PP

>> JALULU010000152.1_4  # 2192 # 3061 # -1 # ID=152_4;partial=00;start_type=ATG;rbs_motif=GGAGG;rbs_spacer=5-10bp;gc_con
   #    score  bias  c-Evalue  i-Evalue hmmfrom  hmm to    alifrom  ali to    envfrom  env to     acc
 ---   ------ ----- --------- --------- ------- -------    ------- -------    ------- -------    ----
   1 ?    8.4   0.0   0.00011      0.12      13      35 ..      10      32 ..       1      55 [. 0.77
   2 ?    0.9   0.0     0.022        24     187     235 ..     221     270 ..     186     286 .. 0.76

  Alignments for each domain:
  == domain 1  score: 8.4 bits;  conditional E-value: 0.00011
        nifH-03292025 13 AiYGKGGiGKSttasnlsaalae 35
                          + GKGG GK t a nls+++ +
  JALULU010000152.1_4 10 IVSGKGGTGKTTLAINLSTIVED 32
                         457**************988754 PP

  == domain 2  score: 0.9 bits;  conditional E-value: 0.022
        nifH-03292025 187 licNsrkvdke.eelveefaeklgtqiiafvprsnevqkaelekktviea 235
                          ++ N+ +v+ + ++ +e+f++  ++++  ++p s+ + ++  e kt+ e+
  JALULU010000152.1_4 221 VVINRFDVNLDlSNEIEDFCRINKIKVSGRIPFSKDIPNSLKELKTLNEF 270
                          5666666654425679*******************999998888888776 PP



Internal pipeline statistics summary:
-------------------------------------
Query model(s):                            1  (327 nodes)
Target sequences:                       2232  (644819 residues searched)
Passed MSV filter:                       144  (0.0645161); expected 44.6 (0.02)
Passed bias filter:                      110  (0.0492832); expected 44.6 (0.02)
Passed Vit filter:                        17  (0.00761649); expected 2.2 (0.001)
Passed Fwd filter:                         2  (0.000896057); expected 0.0 (1e-05)
Initial search space (Z):               2232  [actual number of targets]
Domain search space  (domZ):               2  [number of targets reported over threshold]
# CPU time: 0.02u 0.00s 00:00:00.02 Elapsed: 00:00:00.01
# Mc/sec: 13890.42
//
Query:       nifD-03292025  [M=482]
Scores for complete sequences (score includes all domains):
   --- full sequence ---   --- best 1 domain ---    -#dom-
    E-value  score  bias    E-value  score  bias    exp  N  Sequence Description
    ------- ------ -----    ------- ------ -----   ---- --  -------- -----------

   [No hits detected that satisfy reporting thresholds]


Domain annotation for each sequence (and alignments):

   [No targets detected that satisfy reporting thresholds]


Internal pipeline statistics summary:
-------------------------------------
Query model(s):                            1  (482 nodes)
Target sequences:                       2232  (644819 residues searched)
Passed MSV filter:                       166  (0.0743728); expected 44.6 (0.02)
Passed bias filter:                       93  (0.0416667); expected 44.6 (0.02)
Passed Vit filter:                         5  (0.00224014); expected 2.2 (0.001)
Passed Fwd filter:                         0  (0); expected 0.0 (1e-05)
Initial search space (Z):               2232  [actual number of targets]
Domain search space  (domZ):               0  [number of targets reported over threshold]
# CPU time: 0.03u 0.00s 00:00:00.03 Elapsed: 00:00:00.01
# Mc/sec: 17861.77
//
Query:       nifK-03292025  [M=490]
Scores for complete sequences (score includes all domains):
   --- full sequence ---   --- best 1 domain ---    -#dom-
    E-value  score  bias    E-value  score  bias    exp  N  Sequence Description
    ------- ------ -----    ------- ------ -----   ---- --  -------- -----------

   [No hits detected that satisfy reporting thresholds]


Domain annotation for each sequence (and alignments):

   [No targets detected that satisfy reporting thresholds]


Internal pipeline statistics summary:
-------------------------------------
Query model(s):                            1  (490 nodes)
Target sequences:                       2232  (644819 residues searched)
Passed MSV filter:                        92  (0.0412186); expected 44.6 (0.02)
Passed bias filter:                       63  (0.0282258); expected 44.6 (0.02)
Passed Vit filter:                         8  (0.00358423); expected 2.2 (0.001)
Passed Fwd filter:                         0  (0); expected 0.0 (1e-05)
Initial search space (Z):               2232  [actual number of targets]
Domain search space  (domZ):               0  [number of targets reported over threshold]
# CPU time: 0.02u 0.00s 00:00:00.02 Elapsed: 00:00:00.01
# Mc/sec: 24698.80
//
Query:       nifB-03292025  [M=505]
Scores for complete sequences (score includes all domains):
   --- full sequence ---   --- best 1 domain ---    -#dom-
    E-value  score  bias    E-value  score  bias    exp  N  Sequence            Description
    ------- ------ -----    ------- ------ -----   ---- --  --------            -----------
    1.1e-07   27.7   0.1    1.2e-07   27.6   0.1    1.0  1  JALULU010000390.1_3  # 947 # 1327 # -1 # ID=390_3;partial=01;
    2.1e-05   20.2   0.0    2.2e-05   20.1   0.0    1.0  1  JALULU010000152.1_6  # 3968 # 4315 # 1 # ID=152_6;partial=00;


Domain annotation for each sequence (and alignments):
>> JALULU010000390.1_3  # 947 # 1327 # -1 # ID=390_3;partial=01;start_type=Edge;rbs_motif=None;rbs_spacer=None;gc_cont=0
   #    score  bias  c-Evalue  i-Evalue hmmfrom  hmm to    alifrom  ali to    envfrom  env to     acc
 ---   ------ ----- --------- --------- ------- -------    ------- -------    ------- -------    ----
   1 !   27.6   0.1   1.1e-10   1.2e-07     375     487 ..       1     110 [.       1     125 [. 0.71

  Alignments for each domain:
  == domain 1  score: 27.6 bits;  conditional E-value: 1.1e-10
        nifB-03292025 375 lvAvaskggkrv.nqHFGhakefliyevsekevklveerkvekyCkggegceeeedrleeilkalsdceavlcakiGeepkekLeeagie 463
                          ++A+as++g+ + n HFG+++ +liy++++++++++e+ k ++    +++ + + ++  ++ ++l++ e vlc +      +++ ++ + 
  JALULU010000390.1_3   1 RFAIASEDGHALyNGHFGDSNYYLIYDINGDRFEFIEQIKNRAKGFKEHS-HGDGKKAVKVSDLLNESE-VLCGRAFGPNIKRIVKKFVP 88 
                          58******9876599**********************9988766666655.445666667777777766.56665544555666667777 PP

        nifB-03292025 464 aveaealetieealkalaeelaek 487
                          +v + +   +eea++ l +++ + 
  JALULU010000390.1_3  89 VVVKVN--NVEEAIALLQANYDKI 110
                          766664..8888888777766544 PP

>> JALULU010000152.1_6  # 3968 # 4315 # 1 # ID=152_6;partial=00;start_type=ATG;rbs_motif=GGAGG;rbs_spacer=3-4bp;gc_cont=
   #    score  bias  c-Evalue  i-Evalue hmmfrom  hmm to    alifrom  ali to    envfrom  env to     acc
 ---   ------ ----- --------- --------- ------- -------    ------- -------    ------- -------    ----
   1 !   20.1   0.0     2e-08   2.2e-05     379     490 ..       9     112 ..       1     115 [. 0.82

  Alignments for each domain:
  == domain 1  score: 20.1 bits;  conditional E-value: 2e-08
        nifB-03292025 379 askggkrvnqHFGhakefliyevsekevklveerkvekyCkggegceeeedrleeilkalsdceavlcakiGeepkekLeeagieaveae 468
                          a  ++ +v+  FG    f+iy+++++e +++ +  ++   +gg g    +++ e i++  ++ +a+++ +iG ++ ++L++ +ie++ a+
  JALULU010000152.1_6   9 AGGTEAKVSSRFGRCPFFMIYDIENDEYEIIPNPAINL--SGGAG----SKAAEVIIE--KGASAIISGNIGPNAYRALKSGNIEMYLAN 90 
                          3345678*************************999974..44444....445666766..799*************************** PP

        nifB-03292025 469 aletieealkalaeelaekekl 490
                          +   i+e+++++ +  +ek ++
  JALULU010000152.1_6  91 DSADIKETIEKFKNGELEKFEM 112
                          *9********998887776555 PP



Internal pipeline statistics summary:
-------------------------------------
Query model(s):                            1  (505 nodes)
Target sequences:                       2232  (644819 residues searched)
Passed MSV filter:                        87  (0.0389785); expected 44.6 (0.02)
Passed bias filter:                       58  (0.0259857); expected 44.6 (0.02)
Passed Vit filter:                         9  (0.00403226); expected 2.2 (0.001)
Passed Fwd filter:                         2  (0.000896057); expected 0.0 (1e-05)
Initial search space (Z):               2232  [actual number of targets]
Domain search space  (domZ):               2  [number of targets reported over threshold]
# CPU time: 0.02u 0.01s 00:00:00.03 Elapsed: 00:00:00.02
# Mc/sec: 16019.10
//
Query:       nifE-03292025  [M=556]
Scores for complete sequences (score includes all domains):
   --- full sequence ---   --- best 1 domain ---    -#dom-
    E-value  score  bias    E-value  score  bias    exp  N  Sequence Description
    ------- ------ -----    ------- ------ -----   ---- --  -------- -----------

   [No hits detected that satisfy reporting thresholds]


Domain annotation for each sequence (and alignments):

   [No targets detected that satisfy reporting thresholds]


Internal pipeline statistics summary:
-------------------------------------
Query model(s):                            1  (556 nodes)
Target sequences:                       2232  (644819 residues searched)
Passed MSV filter:                       118  (0.0528674); expected 44.6 (0.02)
Passed bias filter:                       86  (0.0385305); expected 44.6 (0.02)
Passed Vit filter:                         7  (0.0031362); expected 2.2 (0.001)
Passed Fwd filter:                         0  (0); expected 0.0 (1e-05)
Initial search space (Z):               2232  [actual number of targets]
Domain search space  (domZ):               0  [number of targets reported over threshold]
# CPU time: 0.02u 0.00s 00:00:00.02 Elapsed: 00:00:00.01
# Mc/sec: 21868.84
//
Query:       nifN-03292025  [M=700]
Scores for complete sequences (score includes all domains):
   --- full sequence ---   --- best 1 domain ---    -#dom-
    E-value  score  bias    E-value  score  bias    exp  N  Sequence            Description
    ------- ------ -----    ------- ------ -----   ---- --  --------            -----------
    0.00059   15.4   0.1    0.00066   15.2   0.1    1.0  1  JALULU010000390.1_3  # 947 # 1327 # -1 # ID=390_3;partial=01;


Domain annotation for each sequence (and alignments):
>> JALULU010000390.1_3  # 947 # 1327 # -1 # ID=390_3;partial=01;start_type=Edge;rbs_motif=None;rbs_spacer=None;gc_cont=0
   #    score  bias  c-Evalue  i-Evalue hmmfrom  hmm to    alifrom  ali to    envfrom  env to     acc
 ---   ------ ----- --------- --------- ------- -------    ------- -------    ------- -------    ----
   1 !   15.2   0.1   2.9e-07   0.00066     580     682 ..       1     102 [.       1     124 [. 0.70

  Alignments for each domain:
  == domain 1  score: 15.2 bits;  conditional E-value: 2.9e-07
        nifN-03292025 580 kfaiasksgvdv.dlhfgkakefkiyeykngeikylekrdvekycagkevceeeedkllklskvvsdcdavlalrigiepkkklksesik 668
                          +faias+ g ++ + hfg+++ + iy+ ++   +++e+ +  +    ke ++ + +k +k+s+ +++++ vl+ r+   ++k++  + + 
  JALULU010000390.1_3   1 RFAIASEDGHALyNGHFGDSNYYLIYDINGDRFEFIEQIKN-RAKGFKEHSHGDGKKAVKVSDLLNESE-VLCGRAFGPNIKRIVKKFVP 88 
                          699999999887367**************999999997653.44455777888899999**99999876.56666655555555566666 PP

        nifN-03292025 669 lllllesieravkk 682
                          +++ ++++e a+  
  JALULU010000390.1_3  89 VVVKVNNVEEAIAL 102
                          66666666666543 PP



Internal pipeline statistics summary:
-------------------------------------
Query model(s):                            1  (700 nodes)
Target sequences:                       2232  (644819 residues searched)
Passed MSV filter:                        95  (0.0425627); expected 44.6 (0.02)
Passed bias filter:                       80  (0.0358423); expected 44.6 (0.02)
Passed Vit filter:                         7  (0.0031362); expected 2.2 (0.001)
Passed Fwd filter:                         1  (0.000448029); expected 0.0 (1e-05)
Initial search space (Z):               2232  [actual number of targets]
Domain search space  (domZ):               1  [number of targets reported over threshold]
# CPU time: 0.03u 0.00s 00:00:00.03 Elapsed: 00:00:00.01
# Mc/sec: 26869.44
//
Query:       pchlide-04012025  [M=508]
Scores for complete sequences (score includes all domains):
   --- full sequence ---   --- best 1 domain ---    -#dom-
    E-value  score  bias    E-value  score  bias    exp  N  Sequence Description
    ------- ------ -----    ------- ------ -----   ---- --  -------- -----------

   [No hits detected that satisfy reporting thresholds]


Domain annotation for each sequence (and alignments):

   [No targets detected that satisfy reporting thresholds]


Internal pipeline statistics summary:
-------------------------------------
Query model(s):                            1  (508 nodes)
Target sequences:                       2232  (644819 residues searched)
Passed MSV filter:                        80  (0.0358423); expected 44.6 (0.02)
Passed bias filter:                       68  (0.0304659); expected 44.6 (0.02)
Passed Vit filter:                         3  (0.00134409); expected 2.2 (0.001)
Passed Fwd filter:                         0  (0); expected 0.0 (1e-05)
Initial search space (Z):               2232  [actual number of targets]
Domain search space  (domZ):               0  [number of targets reported over threshold]
# CPU time: 0.02u 0.00s 00:00:00.02 Elapsed: 00:00:00.01
# Mc/sec: 29857.56
//
[ok]
# hmmsearch :: search profile(s) against a sequence database
# HMMER 3.4 (Aug 2023); http://hmmer.org/
# Copyright (C) 2023 Howard Hughes Medical Institute.
# Freely distributed under the BSD open source license.
# - - - - - - - - - - - - - - - - - - - - - - - - - - - - - - - - - - - -
# query HMM file:                  ../HMMs/nifV_07242025.hmm
# target sequence database:        ../all_rep_proteins_aa/bacteria/GB_GCA_027040585.1_protein.faa
# - - - - - - - - - - - - - - - - - - - - - - - - - - - - - - - - - - - -

Query:       nifV-07242025  [M=437]
Scores for complete sequences (score includes all domains):
   --- full sequence ---   --- best 1 domain ---    -#dom-
    E-value  score  bias    E-value  score  bias    exp  N  Sequence Description
    ------- ------ -----    ------- ------ -----   ---- --  -------- -----------

   [No hits detected that satisfy reporting thresholds]


Domain annotation for each sequence (and alignments):

   [No targets detected that satisfy reporting thresholds]


Internal pipeline statistics summary:
-------------------------------------
Query model(s):                            1  (437 nodes)
Target sequences:                       2232  (644819 residues searched)
Passed MSV filter:                        48  (0.0215054); expected 44.6 (0.02)
Passed bias filter:                       43  (0.0192652); expected 44.6 (0.02)
Passed Vit filter:                         0  (0); expected 2.2 (0.001)
Passed Fwd filter:                         0  (0); expected 0.0 (1e-05)
Initial search space (Z):               2232  [actual number of targets]
Domain search space  (domZ):               0  [number of targets reported over threshold]
# CPU time: 0.01u 0.00s 00:00:00.01 Elapsed: 00:00:00.00
# Mc/sec: 30073.47
//
[ok]
