# hmmsearch :: search profile(s) against a sequence database
# HMMER 3.4 (Aug 2023); http://hmmer.org/
# Copyright (C) 2023 Howard Hughes Medical Institute.
# Freely distributed under the BSD open source license.
# - - - - - - - - - - - - - - - - - - - - - - - - - - - - - - - - - - - -
# query HMM file:                  ../HMMs/combined_nif_04012025.hmm
# target sequence database:        ../all_rep_proteins_aa/bacteria/GB_GCA_947040465.1_protein.faa
# - - - - - - - - - - - - - - - - - - - - - - - - - - - - - - - - - - - -

Query:       nifH-03292025  [M=327]
Scores for complete sequences (score includes all domains):
   --- full sequence ---   --- best 1 domain ---    -#dom-
    E-value  score  bias    E-value  score  bias    exp  N  Sequence            Description
    ------- ------ -----    ------- ------ -----   ---- --  --------            -----------
     0.0007   14.0   0.6     0.0015   12.9   0.1    1.8  2  CAMRBO010000011.1_3  # 1323 # 1991 # 1 # ID=11_3;partial=00;s
     0.0051   11.2   1.0     0.0067   10.8   0.1    1.6  2  CAMRBO010000062.1_4  # 1785 # 2636 # -1 # ID=62_4;partial=00;


Domain annotation for each sequence (and alignments):
>> CAMRBO010000011.1_3  # 1323 # 1991 # 1 # ID=11_3;partial=00;start_type=ATG;rbs_motif=GGA/GAG/AGG;rbs_spacer=5-10bp;gc
   #    score  bias  c-Evalue  i-Evalue hmmfrom  hmm to    alifrom  ali to    envfrom  env to     acc
 ---   ------ ----- --------- --------- ------- -------    ------- -------    ------- -------    ----
   1 !   12.9   0.1     5e-06    0.0015      10      33 ..       4      27 ..       1      31 [. 0.88
   2 ?   -1.9   0.1      0.15        47     249     273 ..      47      71 ..      38     128 .. 0.46

  Alignments for each domain:
  == domain 1  score: 12.9 bits;  conditional E-value: 5e-06
        nifH-03292025 10 rkiAiYGKGGiGKSttasnlsaal 33
                          +iAi G  G+GKSt+a+n++  l
  CAMRBO010000011.1_3  4 INIAIDGPSGVGKSTIAKNIAKEL 27
                         579*****************9876 PP

  == domain 2  score: -1.9 bits;  conditional E-value: 0.15
        nifH-03292025 249 akkilenkklvipkplseeeleell 273
                           +ki+ n+++++ + l++ +l  l 
  CAMRBO010000011.1_3  47 NNKIDINNEELVVSNLEKINLLLLP 71 
                          4445444444444444433333332 PP

>> CAMRBO010000062.1_4  # 1785 # 2636 # -1 # ID=62_4;partial=00;start_type=ATG;rbs_motif=AGGA/GGAG/GAGG;rbs_spacer=11-12
   #    score  bias  c-Evalue  i-Evalue hmmfrom  hmm to    alifrom  ali to    envfrom  env to     acc
 ---   ------ ----- --------- --------- ------- -------    ------- -------    ------- -------    ----
   1 ?   -2.3   0.1       0.2        63     247     286 ..       5      48 ..       2      82 .. 0.56
   2 !   10.8   0.1   2.2e-05    0.0067      13      43 ..     140     170 ..     127     196 .. 0.87

  Alignments for each domain:
  == domain 1  score: -2.3 bits;  conditional E-value: 0.2
        nifH-03292025 247 eLakkilenk...klvipkplseeeleellael.glleeedevg 286
                          +L k+il+nk   k +  k l++e++ee +  + +++e e++++
  CAMRBO010000062.1_4   5 KLKKEILQNKkiiKIINDKNLTDEQIEESIPIFfDIIEDEKNTD 48 
                          56677777763322334455666666554433335555554433 PP

  == domain 2  score: 10.8 bits;  conditional E-value: 2.2e-05
        nifH-03292025  13 AiYGKGGiGKSttasnlsaalaeegkkvliv 43 
                           iYG  G+GKS  ++ l+  +a+++k v  +
  CAMRBO010000062.1_4 140 YIYGNFGVGKSFFTQSLANYFASKNKTVAYI 170
                          59***********************999765 PP



Internal pipeline statistics summary:
-------------------------------------
Query model(s):                            1  (327 nodes)
Target sequences:                        619  (193532 residues searched)
Passed MSV filter:                        59  (0.095315); expected 12.4 (0.02)
Passed bias filter:                       41  (0.0662359); expected 12.4 (0.02)
Passed Vit filter:                         7  (0.0113086); expected 0.6 (0.001)
Passed Fwd filter:                         2  (0.00323102); expected 0.0 (1e-05)
Initial search space (Z):                619  [actual number of targets]
Domain search space  (domZ):               2  [number of targets reported over threshold]
# CPU time: 0.01u 0.00s 00:00:00.01 Elapsed: 00:00:00.01
# Mc/sec: 3734.10
//
Query:       nifD-03292025  [M=482]
Scores for complete sequences (score includes all domains):
   --- full sequence ---   --- best 1 domain ---    -#dom-
    E-value  score  bias    E-value  score  bias    exp  N  Sequence Description
    ------- ------ -----    ------- ------ -----   ---- --  -------- -----------

   [No hits detected that satisfy reporting thresholds]


Domain annotation for each sequence (and alignments):

   [No targets detected that satisfy reporting thresholds]


Internal pipeline statistics summary:
-------------------------------------
Query model(s):                            1  (482 nodes)
Target sequences:                        619  (193532 residues searched)
Passed MSV filter:                        46  (0.0743134); expected 12.4 (0.02)
Passed bias filter:                       13  (0.0210016); expected 12.4 (0.02)
Passed Vit filter:                         2  (0.00323102); expected 0.6 (0.001)
Passed Fwd filter:                         0  (0); expected 0.0 (1e-05)
Initial search space (Z):                619  [actual number of targets]
Domain search space  (domZ):               0  [number of targets reported over threshold]
# CPU time: 0.00u 0.00s 00:00:00.00 Elapsed: 00:00:00.00
# Mc/sec: 15227.93
//
Query:       nifK-03292025  [M=490]
Scores for complete sequences (score includes all domains):
   --- full sequence ---   --- best 1 domain ---    -#dom-
    E-value  score  bias    E-value  score  bias    exp  N  Sequence Description
    ------- ------ -----    ------- ------ -----   ---- --  -------- -----------

   [No hits detected that satisfy reporting thresholds]


Domain annotation for each sequence (and alignments):

   [No targets detected that satisfy reporting thresholds]


Internal pipeline statistics summary:
-------------------------------------
Query model(s):                            1  (490 nodes)
Target sequences:                        619  (193532 residues searched)
Passed MSV filter:                        22  (0.0355412); expected 12.4 (0.02)
Passed bias filter:                       11  (0.0177706); expected 12.4 (0.02)
Passed Vit filter:                         1  (0.00161551); expected 0.6 (0.001)
Passed Fwd filter:                         0  (0); expected 0.0 (1e-05)
Initial search space (Z):                619  [actual number of targets]
Domain search space  (domZ):               0  [number of targets reported over threshold]
# CPU time: 0.00u 0.00s 00:00:00.00 Elapsed: 00:00:00.00
# Mc/sec: 15765.49
//
Query:       nifB-03292025  [M=505]
Scores for complete sequences (score includes all domains):
   --- full sequence ---   --- best 1 domain ---    -#dom-
    E-value  score  bias    E-value  score  bias    exp  N  Sequence Description
    ------- ------ -----    ------- ------ -----   ---- --  -------- -----------

   [No hits detected that satisfy reporting thresholds]


Domain annotation for each sequence (and alignments):

   [No targets detected that satisfy reporting thresholds]


Internal pipeline statistics summary:
-------------------------------------
Query model(s):                            1  (505 nodes)
Target sequences:                        619  (193532 residues searched)
Passed MSV filter:                        19  (0.0306947); expected 12.4 (0.02)
Passed bias filter:                       14  (0.0226171); expected 12.4 (0.02)
Passed Vit filter:                         0  (0); expected 0.6 (0.001)
Passed Fwd filter:                         0  (0); expected 0.0 (1e-05)
Initial search space (Z):                619  [actual number of targets]
Domain search space  (domZ):               0  [number of targets reported over threshold]
# CPU time: 0.01u 0.00s 00:00:00.01 Elapsed: 00:00:00.00
# Mc/sec: 16725.29
//
Query:       nifE-03292025  [M=556]
Scores for complete sequences (score includes all domains):
   --- full sequence ---   --- best 1 domain ---    -#dom-
    E-value  score  bias    E-value  score  bias    exp  N  Sequence Description
    ------- ------ -----    ------- ------ -----   ---- --  -------- -----------

   [No hits detected that satisfy reporting thresholds]


Domain annotation for each sequence (and alignments):

   [No targets detected that satisfy reporting thresholds]


Internal pipeline statistics summary:
-------------------------------------
Query model(s):                            1  (556 nodes)
Target sequences:                        619  (193532 residues searched)
Passed MSV filter:                        24  (0.0387722); expected 12.4 (0.02)
Passed bias filter:                       13  (0.0210016); expected 12.4 (0.02)
Passed Vit filter:                         1  (0.00161551); expected 0.6 (0.001)
Passed Fwd filter:                         0  (0); expected 0.0 (1e-05)
Initial search space (Z):                619  [actual number of targets]
Domain search space  (domZ):               0  [number of targets reported over threshold]
# CPU time: 0.01u 0.00s 00:00:00.01 Elapsed: 00:00:00.00
# Mc/sec: 18155.26
//
Query:       nifN-03292025  [M=700]
Scores for complete sequences (score includes all domains):
   --- full sequence ---   --- best 1 domain ---    -#dom-
    E-value  score  bias    E-value  score  bias    exp  N  Sequence Description
    ------- ------ -----    ------- ------ -----   ---- --  -------- -----------

   [No hits detected that satisfy reporting thresholds]


Domain annotation for each sequence (and alignments):

   [No targets detected that satisfy reporting thresholds]


Internal pipeline statistics summary:
-------------------------------------
Query model(s):                            1  (700 nodes)
Target sequences:                        619  (193532 residues searched)
Passed MSV filter:                        29  (0.0468498); expected 12.4 (0.02)
Passed bias filter:                       21  (0.0339257); expected 12.4 (0.02)
Passed Vit filter:                         1  (0.00161551); expected 0.6 (0.001)
Passed Fwd filter:                         0  (0); expected 0.0 (1e-05)
Initial search space (Z):                619  [actual number of targets]
Domain search space  (domZ):               0  [number of targets reported over threshold]
# CPU time: 0.01u 0.00s 00:00:00.01 Elapsed: 00:00:00.00
# Mc/sec: 15209.93
//
Query:       pchlide-04012025  [M=508]
Scores for complete sequences (score includes all domains):
   --- full sequence ---   --- best 1 domain ---    -#dom-
    E-value  score  bias    E-value  score  bias    exp  N  Sequence Description
    ------- ------ -----    ------- ------ -----   ---- --  -------- -----------

   [No hits detected that satisfy reporting thresholds]


Domain annotation for each sequence (and alignments):

   [No targets detected that satisfy reporting thresholds]


Internal pipeline statistics summary:
-------------------------------------
Query model(s):                            1  (508 nodes)
Target sequences:                        619  (193532 residues searched)
Passed MSV filter:                        19  (0.0306947); expected 12.4 (0.02)
Passed bias filter:                       15  (0.0242326); expected 12.4 (0.02)
Passed Vit filter:                         3  (0.00484653); expected 0.6 (0.001)
Passed Fwd filter:                         0  (0); expected 0.0 (1e-05)
Initial search space (Z):                619  [actual number of targets]
Domain search space  (domZ):               0  [number of targets reported over threshold]
# CPU time: 0.00u 0.00s 00:00:00.00 Elapsed: 00:00:00.00
# Mc/sec: 12903.27
//
[ok]
# hmmsearch :: search profile(s) against a sequence database
# HMMER 3.4 (Aug 2023); http://hmmer.org/
# Copyright (C) 2023 Howard Hughes Medical Institute.
# Freely distributed under the BSD open source license.
# - - - - - - - - - - - - - - - - - - - - - - - - - - - - - - - - - - - -
# query HMM file:                  ../HMMs/nifV_07242025.hmm
# target sequence database:        ../all_rep_proteins_aa/bacteria/GB_GCA_947040465.1_protein.faa
# - - - - - - - - - - - - - - - - - - - - - - - - - - - - - - - - - - - -

Query:       nifV-07242025  [M=437]
Scores for complete sequences (score includes all domains):
   --- full sequence ---   --- best 1 domain ---    -#dom-
    E-value  score  bias    E-value  score  bias    exp  N  Sequence Description
    ------- ------ -----    ------- ------ -----   ---- --  -------- -----------

   [No hits detected that satisfy reporting thresholds]


Domain annotation for each sequence (and alignments):

   [No targets detected that satisfy reporting thresholds]


Internal pipeline statistics summary:
-------------------------------------
Query model(s):                            1  (437 nodes)
Target sequences:                        619  (193532 residues searched)
Passed MSV filter:                         8  (0.0129241); expected 12.4 (0.02)
Passed bias filter:                        6  (0.00969305); expected 12.4 (0.02)
Passed Vit filter:                         0  (0); expected 0.6 (0.001)
Passed Fwd filter:                         0  (0); expected 0.0 (1e-05)
Initial search space (Z):                619  [actual number of targets]
Domain search space  (domZ):               0  [number of targets reported over threshold]
# CPU time: 0.00u 0.00s 00:00:00.00 Elapsed: 00:00:00.00
# Mc/sec: 17999.27
//
[ok]
