# hmmsearch :: search profile(s) against a sequence database
# HMMER 3.4 (Aug 2023); http://hmmer.org/
# Copyright (C) 2023 Howard Hughes Medical Institute.
# Freely distributed under the BSD open source license.
# - - - - - - - - - - - - - - - - - - - - - - - - - - - - - - - - - - - -
# query HMM file:                  ../HMMs/combined_nif_04012025.hmm
# target sequence database:        ../all_rep_proteins_aa/bacteria/GB_GCA_018713045.1_protein.faa
# - - - - - - - - - - - - - - - - - - - - - - - - - - - - - - - - - - - -

Query:       nifH-03292025  [M=327]
Scores for complete sequences (score includes all domains):
   --- full sequence ---   --- best 1 domain ---    -#dom-
    E-value  score  bias    E-value  score  bias    exp  N  Sequence         Description
    ------- ------ -----    ------- ------ -----   ---- --  --------         -----------
    8.6e-12   41.4   0.2    1.1e-07   27.9   0.0    2.1  2  DVFV01000104.1_2  # 528 # 1349 # 1 # ID=102_2;partial=00;star
    1.1e-11   41.1   0.4    1.3e-06   24.4   0.5    2.1  2  DVFV01000039.1_1  # 322 # 1107 # 1 # ID=30_1;partial=00;start


Domain annotation for each sequence (and alignments):
>> DVFV01000104.1_2  # 528 # 1349 # 1 # ID=102_2;partial=00;start_type=ATG;rbs_motif=AGGAGG;rbs_spacer=5-10bp;gc_cont=0.
   #    score  bias  c-Evalue  i-Evalue hmmfrom  hmm to    alifrom  ali to    envfrom  env to     acc
 ---   ------ ----- --------- --------- ------- -------    ------- -------    ------- -------    ----
   1 !   27.9   0.0   1.3e-10   1.1e-07      17      55 ..      12      50 ..       3      81 .. 0.85
   2 !   11.6   0.1   1.2e-05      0.01     149     258 ..     147     263 ..     144     271 .. 0.85

  Alignments for each domain:
  == domain 1  score: 27.9 bits;  conditional E-value: 1.3e-10
     nifH-03292025 17 KGGiGKSttasnlsaalaeegkkvlivGCdPKaDstrll 55
                      KGG+GK tt+ nl +al ++gkkvl v  dP  D t+++
  DVFV01000104.1_2 12 KGGVGKTTTVFNLGVALVNAGKKVLLVDTDPQGDLTTYM 50
                      9*********************************99876 PP

  == domain 2  score: 11.6 bits;  conditional E-value: 1.2e-05
     nifH-03292025 149 adevyivtsgemmalYaanniakgikkyaee..ggvrlgG..licNsrkvdkeeelveefaeklgtqii...afvprsnevqkaelekktvie 234
                       +dev+i + ++++al  +  ++++i+k++++   + +++G  li   r+++  +++ e + ++ g+q+    +++p   +  ++ + +k +++
  DVFV01000104.1_2 147 SDEVIIPVQSQYLALRGMTQLIQTINKVRRQinPNLSIAGvlLILFDRRTNLSKNVDELLHSEYGSQLNifkSKIPIAIKTAESSIYGKSILS 239
                       799***9**********************9943445556655689999999999999999999999985222468888888899999****** PP

     nifH-03292025 235 aapdseqakeyreLakkilenkkl 258
                       ++ +++  ++y +L+ +++ n+k+
  DVFV01000104.1_2 240 YDRKNPVSEAYCSLSLEVIGNEKE 263
                       ******************999876 PP

>> DVFV01000039.1_1  # 322 # 1107 # 1 # ID=30_1;partial=00;start_type=ATG;rbs_motif=GGxGG;rbs_spacer=3-4bp;gc_cont=0.369
   #    score  bias  c-Evalue  i-Evalue hmmfrom  hmm to    alifrom  ali to    envfrom  env to     acc
 ---   ------ ----- --------- --------- ------- -------    ------- -------    ------- -------    ----
   1 !   24.4   0.5   1.5e-09   1.3e-06      17      70 ..      11      66 ..       3      88 .. 0.79
   2 !   14.8   0.0   1.3e-06    0.0011     149     255 ..     147     258 ..     144     261 .. 0.82

  Alignments for each domain:
  == domain 1  score: 24.4 bits;  conditional E-value: 1.5e-09
     nifH-03292025 17 KGGiGKSttasnlsaalaeegkkvlivGCdPKaDstrll..lggkaqktvldllre 70
                      KGG+GK t + nl+a l   gkkvl +  dP   +t+ l   +g  +k++ dll  
  DVFV01000039.1_1 11 KGGVGKTTSSINLAASLGYLGKKVLLIDLDPQGNTTTGLglDKGDVKKSIYDLLIG 66
                      9********************************99987621456677777777764 PP

  == domain 2  score: 14.8 bits;  conditional E-value: 1.3e-06
     nifH-03292025 149 adevyivtsgemmalYaanniakgikkyaee..ggvrlgGlicNsrkvdke..eelveefaeklgtqiiaf.vprsnevqkaelekktvieaa 236
                       a++v+i + +e+ al     ++++i   +++   g  + G++  + + +++   e+v+++ + ++ ++  + +pr   +++a  ++k +i ++
  DVFV01000039.1_1 147 ANSVIIPVQCEFFALEGIMQLLNSIMLAQKTlnPGLDIEGVLLTMLDNRTNlgLEVVQDIKSYFKERVYDTiIPRLVRLSEAPSHGKPIIAYD 239
                       77888888899999999989999988888774456778888887766555422689999999999999975279******************* PP

     nifH-03292025 237 pdseqakeyreLakkilen 255
                       p+s+ a++y +Lak++++ 
  DVFV01000039.1_1 240 PKSRGAEAYINLAKEVISR 258
                       ***************9875 PP



Internal pipeline statistics summary:
-------------------------------------
Query model(s):                            1  (327 nodes)
Target sequences:                       1672  (453524 residues searched)
Passed MSV filter:                       139  (0.083134); expected 33.4 (0.02)
Passed bias filter:                       78  (0.0466507); expected 33.4 (0.02)
Passed Vit filter:                        11  (0.00657895); expected 1.7 (0.001)
Passed Fwd filter:                         2  (0.00119617); expected 0.0 (1e-05)
Initial search space (Z):               1672  [actual number of targets]
Domain search space  (domZ):               2  [number of targets reported over threshold]
# CPU time: 0.01u 0.00s 00:00:00.01 Elapsed: 00:00:00.01
# Mc/sec: 8021.32
//
Query:       nifD-03292025  [M=482]
Scores for complete sequences (score includes all domains):
   --- full sequence ---   --- best 1 domain ---    -#dom-
    E-value  score  bias    E-value  score  bias    exp  N  Sequence Description
    ------- ------ -----    ------- ------ -----   ---- --  -------- -----------

   [No hits detected that satisfy reporting thresholds]


Domain annotation for each sequence (and alignments):

   [No targets detected that satisfy reporting thresholds]


Internal pipeline statistics summary:
-------------------------------------
Query model(s):                            1  (482 nodes)
Target sequences:                       1672  (453524 residues searched)
Passed MSV filter:                       132  (0.0789474); expected 33.4 (0.02)
Passed bias filter:                       39  (0.0233254); expected 33.4 (0.02)
Passed Vit filter:                         2  (0.00119617); expected 1.7 (0.001)
Passed Fwd filter:                         0  (0); expected 0.0 (1e-05)
Initial search space (Z):               1672  [actual number of targets]
Domain search space  (domZ):               0  [number of targets reported over threshold]
# CPU time: 0.01u 0.00s 00:00:00.01 Elapsed: 00:00:00.01
# Mc/sec: 18743.30
//
Query:       nifK-03292025  [M=490]
Scores for complete sequences (score includes all domains):
   --- full sequence ---   --- best 1 domain ---    -#dom-
    E-value  score  bias    E-value  score  bias    exp  N  Sequence Description
    ------- ------ -----    ------- ------ -----   ---- --  -------- -----------

   [No hits detected that satisfy reporting thresholds]


Domain annotation for each sequence (and alignments):

   [No targets detected that satisfy reporting thresholds]


Internal pipeline statistics summary:
-------------------------------------
Query model(s):                            1  (490 nodes)
Target sequences:                       1672  (453524 residues searched)
Passed MSV filter:                        69  (0.0412679); expected 33.4 (0.02)
Passed bias filter:                       24  (0.0143541); expected 33.4 (0.02)
Passed Vit filter:                         1  (0.000598086); expected 1.7 (0.001)
Passed Fwd filter:                         0  (0); expected 0.0 (1e-05)
Initial search space (Z):               1672  [actual number of targets]
Domain search space  (domZ):               0  [number of targets reported over threshold]
# CPU time: 0.01u 0.00s 00:00:00.01 Elapsed: 00:00:00.00
# Mc/sec: 31729.11
//
Query:       nifB-03292025  [M=505]
Scores for complete sequences (score includes all domains):
   --- full sequence ---   --- best 1 domain ---    -#dom-
    E-value  score  bias    E-value  score  bias    exp  N  Sequence Description
    ------- ------ -----    ------- ------ -----   ---- --  -------- -----------

   [No hits detected that satisfy reporting thresholds]


Domain annotation for each sequence (and alignments):

   [No targets detected that satisfy reporting thresholds]


Internal pipeline statistics summary:
-------------------------------------
Query model(s):                            1  (505 nodes)
Target sequences:                       1672  (453524 residues searched)
Passed MSV filter:                        66  (0.0394737); expected 33.4 (0.02)
Passed bias filter:                       38  (0.0227273); expected 33.4 (0.02)
Passed Vit filter:                         5  (0.00299043); expected 1.7 (0.001)
Passed Fwd filter:                         0  (0); expected 0.0 (1e-05)
Initial search space (Z):               1672  [actual number of targets]
Domain search space  (domZ):               0  [number of targets reported over threshold]
# CPU time: 0.01u 0.00s 00:00:00.01 Elapsed: 00:00:00.00
# Mc/sec: 29536.49
//
Query:       nifE-03292025  [M=556]
Scores for complete sequences (score includes all domains):
   --- full sequence ---   --- best 1 domain ---    -#dom-
    E-value  score  bias    E-value  score  bias    exp  N  Sequence Description
    ------- ------ -----    ------- ------ -----   ---- --  -------- -----------

   [No hits detected that satisfy reporting thresholds]


Domain annotation for each sequence (and alignments):

   [No targets detected that satisfy reporting thresholds]


Internal pipeline statistics summary:
-------------------------------------
Query model(s):                            1  (556 nodes)
Target sequences:                       1672  (453524 residues searched)
Passed MSV filter:                        92  (0.0550239); expected 33.4 (0.02)
Passed bias filter:                       50  (0.0299043); expected 33.4 (0.02)
Passed Vit filter:                         3  (0.00179426); expected 1.7 (0.001)
Passed Fwd filter:                         0  (0); expected 0.0 (1e-05)
Initial search space (Z):               1672  [actual number of targets]
Domain search space  (domZ):               0  [number of targets reported over threshold]
# CPU time: 0.02u 0.00s 00:00:00.02 Elapsed: 00:00:00.00
# Mc/sec: 27931.98
//
Query:       nifN-03292025  [M=700]
Scores for complete sequences (score includes all domains):
   --- full sequence ---   --- best 1 domain ---    -#dom-
    E-value  score  bias    E-value  score  bias    exp  N  Sequence Description
    ------- ------ -----    ------- ------ -----   ---- --  -------- -----------

   [No hits detected that satisfy reporting thresholds]


Domain annotation for each sequence (and alignments):

   [No targets detected that satisfy reporting thresholds]


Internal pipeline statistics summary:
-------------------------------------
Query model(s):                            1  (700 nodes)
Target sequences:                       1672  (453524 residues searched)
Passed MSV filter:                        90  (0.0538278); expected 33.4 (0.02)
Passed bias filter:                       52  (0.0311005); expected 33.4 (0.02)
Passed Vit filter:                         3  (0.00179426); expected 1.7 (0.001)
Passed Fwd filter:                         0  (0); expected 0.0 (1e-05)
Initial search space (Z):               1672  [actual number of targets]
Domain search space  (domZ):               0  [number of targets reported over threshold]
# CPU time: 0.02u 0.01s 00:00:00.03 Elapsed: 00:00:00.01
# Mc/sec: 28842.38
//
Query:       pchlide-04012025  [M=508]
Scores for complete sequences (score includes all domains):
   --- full sequence ---   --- best 1 domain ---    -#dom-
    E-value  score  bias    E-value  score  bias    exp  N  Sequence Description
    ------- ------ -----    ------- ------ -----   ---- --  -------- -----------

   [No hits detected that satisfy reporting thresholds]


Domain annotation for each sequence (and alignments):

   [No targets detected that satisfy reporting thresholds]


Internal pipeline statistics summary:
-------------------------------------
Query model(s):                            1  (508 nodes)
Target sequences:                       1672  (453524 residues searched)
Passed MSV filter:                        59  (0.0352871); expected 33.4 (0.02)
Passed bias filter:                       39  (0.0233254); expected 33.4 (0.02)
Passed Vit filter:                         1  (0.000598086); expected 1.7 (0.001)
Passed Fwd filter:                         0  (0); expected 0.0 (1e-05)
Initial search space (Z):               1672  [actual number of targets]
Domain search space  (domZ):               0  [number of targets reported over threshold]
# CPU time: 0.01u 0.00s 00:00:00.01 Elapsed: 00:00:00.01
# Mc/sec: 20514.47
//
[ok]
# hmmsearch :: search profile(s) against a sequence database
# HMMER 3.4 (Aug 2023); http://hmmer.org/
# Copyright (C) 2023 Howard Hughes Medical Institute.
# Freely distributed under the BSD open source license.
# - - - - - - - - - - - - - - - - - - - - - - - - - - - - - - - - - - - -
# query HMM file:                  ../HMMs/nifV_07242025.hmm
# target sequence database:        ../all_rep_proteins_aa/bacteria/GB_GCA_018713045.1_protein.faa
# - - - - - - - - - - - - - - - - - - - - - - - - - - - - - - - - - - - -

Query:       nifV-07242025  [M=437]
Scores for complete sequences (score includes all domains):
   --- full sequence ---   --- best 1 domain ---    -#dom-
    E-value  score  bias    E-value  score  bias    exp  N  Sequence Description
    ------- ------ -----    ------- ------ -----   ---- --  -------- -----------

   [No hits detected that satisfy reporting thresholds]


Domain annotation for each sequence (and alignments):

   [No targets detected that satisfy reporting thresholds]


Internal pipeline statistics summary:
-------------------------------------
Query model(s):                            1  (437 nodes)
Target sequences:                       1672  (453524 residues searched)
Passed MSV filter:                        25  (0.0149522); expected 33.4 (0.02)
Passed bias filter:                       19  (0.0113636); expected 33.4 (0.02)
Passed Vit filter:                         5  (0.00299043); expected 1.7 (0.001)
Passed Fwd filter:                         0  (0); expected 0.0 (1e-05)
Initial search space (Z):               1672  [actual number of targets]
Domain search space  (domZ):               0  [number of targets reported over threshold]
# CPU time: 0.01u 0.00s 00:00:00.01 Elapsed: 00:00:00.00
# Mc/sec: 29111.46
//
[ok]
