# hmmsearch :: search profile(s) against a sequence database
# HMMER 3.4 (Aug 2023); http://hmmer.org/
# Copyright (C) 2023 Howard Hughes Medical Institute.
# Freely distributed under the BSD open source license.
# - - - - - - - - - - - - - - - - - - - - - - - - - - - - - - - - - - - -
# query HMM file:                  ../HMMs/combined_nif_04012025.hmm
# target sequence database:        ../all_rep_proteins_aa/bacteria/GB_GCA_017468055.1_protein.faa
# - - - - - - - - - - - - - - - - - - - - - - - - - - - - - - - - - - - -

Query:       nifH-03292025  [M=327]
Scores for complete sequences (score includes all domains):
   --- full sequence ---   --- best 1 domain ---    -#dom-
    E-value  score  bias    E-value  score  bias    exp  N  Sequence             Description
    ------- ------ -----    ------- ------ -----   ---- --  --------             -----------
    8.6e-11   37.8   0.1    3.2e-07   26.1   0.0    2.1  2  JAFUJU010000047.1_41  # 33835 # 34668 # -1 # ID=38_41;partial
     0.0018   13.7   0.3     0.0034   12.8   0.1    1.5  2  JAFUJU010000072.1_13  # 10119 # 10949 # 1 # ID=66_13;partial=


Domain annotation for each sequence (and alignments):
>> JAFUJU010000047.1_41  # 33835 # 34668 # -1 # ID=38_41;partial=00;start_type=ATG;rbs_motif=GGAGG;rbs_spacer=3-4bp;gc_c
   #    score  bias  c-Evalue  i-Evalue hmmfrom  hmm to    alifrom  ali to    envfrom  env to     acc
 ---   ------ ----- --------- --------- ------- -------    ------- -------    ------- -------    ----
   1 !   26.1   0.0   4.8e-10   3.2e-07      17      87 ..      11      80 ..       3      88 .. 0.83
   2 !    9.8   0.0   4.2e-05     0.028     149     254 ..     141     251 ..     139     271 .. 0.77

  Alignments for each domain:
  == domain 1  score: 26.1 bits;  conditional E-value: 4.8e-10
         nifH-03292025 17 KGGiGKSttasnlsaalaeegkkvlivGCdPK..aDstrlllggkaqktvldllrekgedleledvvkeGfkg 87
                          KGG+GK tta nl++ala+ +++vl +  dP   a s   ++ ++ +k+v +ll ++    + e+v+k+  ++
  JAFUJU010000047.1_41 11 KGGVGKTTTAINLAYALAHLDQEVLLIDFDPQgnAGSGLGITVAEGEKSVYHLLTKNA---SFEEVIKQTSNE 80
                          9******************************833556777888899999999999764...577888877766 PP

  == domain 2  score: 9.8 bits;  conditional E-value: 4.2e-05
         nifH-03292025 149 adevyivtsgemmalYaanniakgikkyaee..ggvrlgGlicN..srkvdkeeelveefaeklgtqiiaf.vprsnevqkaelekktv 232
                           ad+v+  + +e+ a+      + +i+k+++   ++ +l G i      +++  +++  e+++ +g +i ++ +pr+  + +a   ++ +
  JAFUJU010000047.1_41 141 ADSVITPVQCEFYAMEGLAHFMGTIHKIKQFlnSNLKLDGGILTmyDNRMNLSRQVFAEVSRFFGEKIYKTpIPRNIRLAEAPSFGQSI 229
                           56666666777778877788888888888753366677665544014456667899999999*****99755***************** PP

         nifH-03292025 233 ieaapdseqakeyreLakkile 254
                           ++++p ++ a++y +La + ++
  JAFUJU010000047.1_41 230 FDYEPACRGANAYIQLAIEFMA 251
                           *****************87655 PP

>> JAFUJU010000072.1_13  # 10119 # 10949 # 1 # ID=66_13;partial=00;start_type=ATG;rbs_motif=AGGAG;rbs_spacer=5-10bp;gc_c
   #    score  bias  c-Evalue  i-Evalue hmmfrom  hmm to    alifrom  ali to    envfrom  env to     acc
 ---   ------ ----- --------- --------- ------- -------    ------- -------    ------- -------    ----
   1 !   12.8   0.1   5.2e-06    0.0034      12      40 ..      38      67 ..      28      74 .. 0.82
   2 ?   -3.4   0.0      0.46     3e+02     172     191 ..     187     206 ..     181     213 .. 0.76

  Alignments for each domain:
  == domain 1  score: 12.8 bits;  conditional E-value: 5.2e-06
         nifH-03292025 12 iAi.YGKGGiGKSttasnlsaalaeegkkv 40
                          iA+  GKGG+GKS +++ l+aa  ++g +v
  JAFUJU010000072.1_13 38 IAVcSGKGGVGKSMVTALLAAAAQRKGLNV 67
                          45425****************999999877 PP

  == domain 2  score: -3.4 bits;  conditional E-value: 0.46
         nifH-03292025 172 gikkyaeeggvrlgGlicNs 191
                             +k+a+  + ++ Gl+ N+
  JAFUJU010000072.1_13 187 KAVKMAKMMNLSISGLVENM 206
                           45677888888899999887 PP



Internal pipeline statistics summary:
-------------------------------------
Query model(s):                            1  (327 nodes)
Target sequences:                       1314  (400116 residues searched)
Passed MSV filter:                        81  (0.0616438); expected 26.3 (0.02)
Passed bias filter:                       64  (0.0487062); expected 26.3 (0.02)
Passed Vit filter:                        10  (0.00761035); expected 1.3 (0.001)
Passed Fwd filter:                         2  (0.00152207); expected 0.0 (1e-05)
Initial search space (Z):               1314  [actual number of targets]
Domain search space  (domZ):               2  [number of targets reported over threshold]
# CPU time: 0.02u 0.00s 00:00:00.02 Elapsed: 00:00:00.01
# Mc/sec: 7804.11
//
Query:       nifD-03292025  [M=482]
Scores for complete sequences (score includes all domains):
   --- full sequence ---   --- best 1 domain ---    -#dom-
    E-value  score  bias    E-value  score  bias    exp  N  Sequence Description
    ------- ------ -----    ------- ------ -----   ---- --  -------- -----------

   [No hits detected that satisfy reporting thresholds]


Domain annotation for each sequence (and alignments):

   [No targets detected that satisfy reporting thresholds]


Internal pipeline statistics summary:
-------------------------------------
Query model(s):                            1  (482 nodes)
Target sequences:                       1314  (400116 residues searched)
Passed MSV filter:                        62  (0.0471842); expected 26.3 (0.02)
Passed bias filter:                       42  (0.0319635); expected 26.3 (0.02)
Passed Vit filter:                         1  (0.000761035); expected 1.3 (0.001)
Passed Fwd filter:                         0  (0); expected 0.0 (1e-05)
Initial search space (Z):               1314  [actual number of targets]
Domain search space  (domZ):               0  [number of targets reported over threshold]
# CPU time: 0.01u 0.00s 00:00:00.01 Elapsed: 00:00:00.01
# Mc/sec: 16667.53
//
Query:       nifK-03292025  [M=490]
Scores for complete sequences (score includes all domains):
   --- full sequence ---   --- best 1 domain ---    -#dom-
    E-value  score  bias    E-value  score  bias    exp  N  Sequence Description
    ------- ------ -----    ------- ------ -----   ---- --  -------- -----------

   [No hits detected that satisfy reporting thresholds]


Domain annotation for each sequence (and alignments):

   [No targets detected that satisfy reporting thresholds]


Internal pipeline statistics summary:
-------------------------------------
Query model(s):                            1  (490 nodes)
Target sequences:                       1314  (400116 residues searched)
Passed MSV filter:                        27  (0.0205479); expected 26.3 (0.02)
Passed bias filter:                       17  (0.0129376); expected 26.3 (0.02)
Passed Vit filter:                         1  (0.000761035); expected 1.3 (0.001)
Passed Fwd filter:                         0  (0); expected 0.0 (1e-05)
Initial search space (Z):               1314  [actual number of targets]
Domain search space  (domZ):               0  [number of targets reported over threshold]
# CPU time: 0.01u 0.00s 00:00:00.01 Elapsed: 00:00:00.00
# Mc/sec: 20718.41
//
Query:       nifB-03292025  [M=505]
Scores for complete sequences (score includes all domains):
   --- full sequence ---   --- best 1 domain ---    -#dom-
    E-value  score  bias    E-value  score  bias    exp  N  Sequence Description
    ------- ------ -----    ------- ------ -----   ---- --  -------- -----------

   [No hits detected that satisfy reporting thresholds]


Domain annotation for each sequence (and alignments):

   [No targets detected that satisfy reporting thresholds]


Internal pipeline statistics summary:
-------------------------------------
Query model(s):                            1  (505 nodes)
Target sequences:                       1314  (400116 residues searched)
Passed MSV filter:                        54  (0.0410959); expected 26.3 (0.02)
Passed bias filter:                       30  (0.0228311); expected 26.3 (0.02)
Passed Vit filter:                         5  (0.00380518); expected 1.3 (0.001)
Passed Fwd filter:                         0  (0); expected 0.0 (1e-05)
Initial search space (Z):               1314  [actual number of targets]
Domain search space  (domZ):               0  [number of targets reported over threshold]
# CPU time: 0.01u 0.00s 00:00:00.01 Elapsed: 00:00:00.01
# Mc/sec: 16634.23
//
Query:       nifE-03292025  [M=556]
Scores for complete sequences (score includes all domains):
   --- full sequence ---   --- best 1 domain ---    -#dom-
    E-value  score  bias    E-value  score  bias    exp  N  Sequence Description
    ------- ------ -----    ------- ------ -----   ---- --  -------- -----------

   [No hits detected that satisfy reporting thresholds]


Domain annotation for each sequence (and alignments):

   [No targets detected that satisfy reporting thresholds]


Internal pipeline statistics summary:
-------------------------------------
Query model(s):                            1  (556 nodes)
Target sequences:                       1314  (400116 residues searched)
Passed MSV filter:                        72  (0.0547945); expected 26.3 (0.02)
Passed bias filter:                       43  (0.0327245); expected 26.3 (0.02)
Passed Vit filter:                         2  (0.00152207); expected 1.3 (0.001)
Passed Fwd filter:                         0  (0); expected 0.0 (1e-05)
Initial search space (Z):               1314  [actual number of targets]
Domain search space  (domZ):               0  [number of targets reported over threshold]
# CPU time: 0.02u 0.00s 00:00:00.02 Elapsed: 00:00:00.01
# Mc/sec: 13448.16
//
Query:       nifN-03292025  [M=700]
Scores for complete sequences (score includes all domains):
   --- full sequence ---   --- best 1 domain ---    -#dom-
    E-value  score  bias    E-value  score  bias    exp  N  Sequence Description
    ------- ------ -----    ------- ------ -----   ---- --  -------- -----------

   [No hits detected that satisfy reporting thresholds]


Domain annotation for each sequence (and alignments):

   [No targets detected that satisfy reporting thresholds]


Internal pipeline statistics summary:
-------------------------------------
Query model(s):                            1  (700 nodes)
Target sequences:                       1314  (400116 residues searched)
Passed MSV filter:                        47  (0.0357686); expected 26.3 (0.02)
Passed bias filter:                       29  (0.02207); expected 26.3 (0.02)
Passed Vit filter:                         3  (0.00228311); expected 1.3 (0.001)
Passed Fwd filter:                         0  (0); expected 0.0 (1e-05)
Initial search space (Z):               1314  [actual number of targets]
Domain search space  (domZ):               0  [number of targets reported over threshold]
# CPU time: 0.02u 0.00s 00:00:00.02 Elapsed: 00:00:00.01
# Mc/sec: 14687.36
//
Query:       pchlide-04012025  [M=508]
Scores for complete sequences (score includes all domains):
   --- full sequence ---   --- best 1 domain ---    -#dom-
    E-value  score  bias    E-value  score  bias    exp  N  Sequence Description
    ------- ------ -----    ------- ------ -----   ---- --  -------- -----------

   [No hits detected that satisfy reporting thresholds]


Domain annotation for each sequence (and alignments):

   [No targets detected that satisfy reporting thresholds]


Internal pipeline statistics summary:
-------------------------------------
Query model(s):                            1  (508 nodes)
Target sequences:                       1314  (400116 residues searched)
Passed MSV filter:                        55  (0.0418569); expected 26.3 (0.02)
Passed bias filter:                       42  (0.0319635); expected 26.3 (0.02)
Passed Vit filter:                         2  (0.00152207); expected 1.3 (0.001)
Passed Fwd filter:                         0  (0); expected 0.0 (1e-05)
Initial search space (Z):               1314  [actual number of targets]
Domain search space  (domZ):               0  [number of targets reported over threshold]
# CPU time: 0.01u 0.00s 00:00:00.01 Elapsed: 00:00:00.01
# Mc/sec: 14667.98
//
[ok]
# hmmsearch :: search profile(s) against a sequence database
# HMMER 3.4 (Aug 2023); http://hmmer.org/
# Copyright (C) 2023 Howard Hughes Medical Institute.
# Freely distributed under the BSD open source license.
# - - - - - - - - - - - - - - - - - - - - - - - - - - - - - - - - - - - -
# query HMM file:                  ../HMMs/nifV_07242025.hmm
# target sequence database:        ../all_rep_proteins_aa/bacteria/GB_GCA_017468055.1_protein.faa
# - - - - - - - - - - - - - - - - - - - - - - - - - - - - - - - - - - - -

Query:       nifV-07242025  [M=437]
Scores for complete sequences (score includes all domains):
   --- full sequence ---   --- best 1 domain ---    -#dom-
    E-value  score  bias    E-value  score  bias    exp  N  Sequence Description
    ------- ------ -----    ------- ------ -----   ---- --  -------- -----------

   [No hits detected that satisfy reporting thresholds]


Domain annotation for each sequence (and alignments):

   [No targets detected that satisfy reporting thresholds]


Internal pipeline statistics summary:
-------------------------------------
Query model(s):                            1  (437 nodes)
Target sequences:                       1314  (400116 residues searched)
Passed MSV filter:                        40  (0.0304414); expected 26.3 (0.02)
Passed bias filter:                       22  (0.0167428); expected 26.3 (0.02)
Passed Vit filter:                         2  (0.00152207); expected 1.3 (0.001)
Passed Fwd filter:                         0  (0); expected 0.0 (1e-05)
Initial search space (Z):               1314  [actual number of targets]
Domain search space  (domZ):               0  [number of targets reported over threshold]
# CPU time: 0.01u 0.00s 00:00:00.01 Elapsed: 00:00:00.00
# Mc/sec: 25001.29
//
[ok]
