# hmmsearch :: search profile(s) against a sequence database
# HMMER 3.4 (Aug 2023); http://hmmer.org/
# Copyright (C) 2023 Howard Hughes Medical Institute.
# Freely distributed under the BSD open source license.
# - - - - - - - - - - - - - - - - - - - - - - - - - - - - - - - - - - - -
# query HMM file:                  ../HMMs/combined_nif_04012025.hmm
# target sequence database:        ../all_rep_proteins_aa/bacteria/GB_GCA_002778705.1_protein.faa
# - - - - - - - - - - - - - - - - - - - - - - - - - - - - - - - - - - - -

Query:       nifH-03292025  [M=327]
Scores for complete sequences (score includes all domains):
   --- full sequence ---   --- best 1 domain ---    -#dom-
    E-value  score  bias    E-value  score  bias    exp  N  Sequence          Description
    ------- ------ -----    ------- ------ -----   ---- --  --------          -----------
    1.6e-12   42.9   0.0    1.6e-08   29.8   0.0    2.1  2  PFAM01000007.1_7   # 10047 # 10814 # -1 # ID=11_7;partial=00;
    0.00052   14.9   0.1     0.0046   11.8   0.0    2.1  2  PFAM01000007.1_15  # 17862 # 19676 # -1 # ID=11_15;partial=00


Domain annotation for each sequence (and alignments):
>> PFAM01000007.1_7  # 10047 # 10814 # -1 # ID=11_7;partial=00;start_type=ATG;rbs_motif=TAA;rbs_spacer=3bp;gc_cont=0.415
   #    score  bias  c-Evalue  i-Evalue hmmfrom  hmm to    alifrom  ali to    envfrom  env to     acc
 ---   ------ ----- --------- --------- ------- -------    ------- -------    ------- -------    ----
   1 !   29.8   0.0   3.7e-11   1.6e-08      17      55 ..      11      49 ..       3      77 .. 0.87
   2 !   11.3   0.0   1.5e-05    0.0068     149     255 ..     141     252 ..     138     255 .. 0.80

  Alignments for each domain:
  == domain 1  score: 29.8 bits;  conditional E-value: 3.7e-11
     nifH-03292025 17 KGGiGKSttasnlsaalaeegkkvlivGCdPKaDstrll 55
                      KGG+GK tt+ n++a la+ g++vl v  dP a +t+ l
  PFAM01000007.1_7 11 KGGVGKTTTSVNTAAYLAHLGRRVLLVDIDPQANATSGL 49
                      9*********************************99876 PP

  == domain 2  score: 11.3 bits;  conditional E-value: 1.5e-05
     nifH-03292025 149 adevyivtsgemmalYaanniakgikkyaeeggvrl...gGlic.Nsrkvdkeeelveefaeklgtqiia.fvprsnevqkaelekktvieaa 236
                       ade+ i + +e+ al     ++++i  ++++ + +l   g +i+   r+ +    +++e+ +++  +i+   +prs  + ++   ++ +++++
  PFAM01000007.1_7 141 ADEILIPVQSEYYALEGLGQLLQTIDLIRQNLKPELaimGAVITmFDRRNSLSGAVMNELYQHFPGRIFRsIIPRSVRLAESPSYGRSILNYD 233
                       89999999999*9**9999****99999988554431114444313455666677888999999888886257******************** PP

     nifH-03292025 237 pdseqakeyreLakkilen 255
                        +s+  ++y++La++i++ 
  PFAM01000007.1_7 234 AKSRGGRAYEKLAREIIAL 252
                       ****************865 PP

>> PFAM01000007.1_15  # 17862 # 19676 # -1 # ID=11_15;partial=00;start_type=ATG;rbs_motif=TAA;rbs_spacer=12bp;gc_cont=0.
   #    score  bias  c-Evalue  i-Evalue hmmfrom  hmm to    alifrom  ali to    envfrom  env to     acc
 ---   ------ ----- --------- --------- ------- -------    ------- -------    ------- -------    ----
   1 !   11.8   0.0     1e-05    0.0046       8      54 ..      29      73 ..      22      88 .. 0.81
   2 ?    0.3   0.0     0.034        15     228     265 ..     503     544 ..     488     590 .. 0.70

  Alignments for each domain:
  == domain 1  score: 11.8 bits;  conditional E-value: 1e-05
      nifH-03292025  8 kmrkiAiYGKGGiGKSttasnlsaalaeegkkvlivGCdPKaDstrl 54
                       + r++ i GK G+GKSt+ +n+ +   ++gk v +v  dP  D ++ 
  PFAM01000007.1_15 29 RRRHMYIIGKSGMGKSTVMENMIVEDIRSGKGVAVV--DPHGDLAEK 73
                       45778899**************99999999999887..777776555 PP

  == domain 2  score: 0.3 bits;  conditional E-value: 0.034
      nifH-03292025 228 ekktvieaapdseqak....eyreLakkilenkklvipkpls 265
                        +++  +e+ ++ +q +    + r++a+++++nk ++i kp+ 
  PFAM01000007.1_15 503 DRRLQTEQRKNAKQNEltrlQQRQIARSVINNKPSAISKPIL 544
                        5555555554444443222256899********999999984 PP



Internal pipeline statistics summary:
-------------------------------------
Query model(s):                            1  (327 nodes)
Target sequences:                        881  (266950 residues searched)
Passed MSV filter:                        40  (0.045403); expected 17.6 (0.02)
Passed bias filter:                       28  (0.0317821); expected 17.6 (0.02)
Passed Vit filter:                         6  (0.00681044); expected 0.9 (0.001)
Passed Fwd filter:                         3  (0.00340522); expected 0.0 (1e-05)
Initial search space (Z):                881  [actual number of targets]
Domain search space  (domZ):               2  [number of targets reported over threshold]
# CPU time: 0.02u 0.00s 00:00:00.02 Elapsed: 00:00:00.02
# Mc/sec: 3395.98
//
Query:       nifD-03292025  [M=482]
Scores for complete sequences (score includes all domains):
   --- full sequence ---   --- best 1 domain ---    -#dom-
    E-value  score  bias    E-value  score  bias    exp  N  Sequence Description
    ------- ------ -----    ------- ------ -----   ---- --  -------- -----------

   [No hits detected that satisfy reporting thresholds]


Domain annotation for each sequence (and alignments):

   [No targets detected that satisfy reporting thresholds]


Internal pipeline statistics summary:
-------------------------------------
Query model(s):                            1  (482 nodes)
Target sequences:                        881  (266950 residues searched)
Passed MSV filter:                        35  (0.0397276); expected 17.6 (0.02)
Passed bias filter:                       28  (0.0317821); expected 17.6 (0.02)
Passed Vit filter:                         3  (0.00340522); expected 0.9 (0.001)
Passed Fwd filter:                         0  (0); expected 0.0 (1e-05)
Initial search space (Z):                881  [actual number of targets]
Domain search space  (domZ):               0  [number of targets reported over threshold]
# CPU time: 0.01u 0.00s 00:00:00.01 Elapsed: 00:00:00.00
# Mc/sec: 15889.60
//
Query:       nifK-03292025  [M=490]
Scores for complete sequences (score includes all domains):
   --- full sequence ---   --- best 1 domain ---    -#dom-
    E-value  score  bias    E-value  score  bias    exp  N  Sequence Description
    ------- ------ -----    ------- ------ -----   ---- --  -------- -----------

   [No hits detected that satisfy reporting thresholds]


Domain annotation for each sequence (and alignments):

   [No targets detected that satisfy reporting thresholds]


Internal pipeline statistics summary:
-------------------------------------
Query model(s):                            1  (490 nodes)
Target sequences:                        881  (266950 residues searched)
Passed MSV filter:                        24  (0.0272418); expected 17.6 (0.02)
Passed bias filter:                       18  (0.0204313); expected 17.6 (0.02)
Passed Vit filter:                         2  (0.00227015); expected 0.9 (0.001)
Passed Fwd filter:                         0  (0); expected 0.0 (1e-05)
Initial search space (Z):                881  [actual number of targets]
Domain search space  (domZ):               0  [number of targets reported over threshold]
# CPU time: 0.01u 0.00s 00:00:00.01 Elapsed: 00:00:00.00
# Mc/sec: 17047.07
//
Query:       nifB-03292025  [M=505]
Scores for complete sequences (score includes all domains):
   --- full sequence ---   --- best 1 domain ---    -#dom-
    E-value  score  bias    E-value  score  bias    exp  N  Sequence Description
    ------- ------ -----    ------- ------ -----   ---- --  -------- -----------

   [No hits detected that satisfy reporting thresholds]


Domain annotation for each sequence (and alignments):

   [No targets detected that satisfy reporting thresholds]


Internal pipeline statistics summary:
-------------------------------------
Query model(s):                            1  (505 nodes)
Target sequences:                        881  (266950 residues searched)
Passed MSV filter:                        20  (0.0227015); expected 17.6 (0.02)
Passed bias filter:                       14  (0.015891); expected 17.6 (0.02)
Passed Vit filter:                         0  (0); expected 0.9 (0.001)
Passed Fwd filter:                         0  (0); expected 0.0 (1e-05)
Initial search space (Z):                881  [actual number of targets]
Domain search space  (domZ):               0  [number of targets reported over threshold]
# CPU time: 0.01u 0.00s 00:00:00.01 Elapsed: 00:00:00.00
# Mc/sec: 20558.37
//
Query:       nifE-03292025  [M=556]
Scores for complete sequences (score includes all domains):
   --- full sequence ---   --- best 1 domain ---    -#dom-
    E-value  score  bias    E-value  score  bias    exp  N  Sequence Description
    ------- ------ -----    ------- ------ -----   ---- --  -------- -----------

   [No hits detected that satisfy reporting thresholds]


Domain annotation for each sequence (and alignments):

   [No targets detected that satisfy reporting thresholds]


Internal pipeline statistics summary:
-------------------------------------
Query model(s):                            1  (556 nodes)
Target sequences:                        881  (266950 residues searched)
Passed MSV filter:                        37  (0.0419977); expected 17.6 (0.02)
Passed bias filter:                       20  (0.0227015); expected 17.6 (0.02)
Passed Vit filter:                         3  (0.00340522); expected 0.9 (0.001)
Passed Fwd filter:                         0  (0); expected 0.0 (1e-05)
Initial search space (Z):                881  [actual number of targets]
Domain search space  (domZ):               0  [number of targets reported over threshold]
# CPU time: 0.01u 0.00s 00:00:00.01 Elapsed: 00:00:00.00
# Mc/sec: 16719.07
//
Query:       nifN-03292025  [M=700]
Scores for complete sequences (score includes all domains):
   --- full sequence ---   --- best 1 domain ---    -#dom-
    E-value  score  bias    E-value  score  bias    exp  N  Sequence Description
    ------- ------ -----    ------- ------ -----   ---- --  -------- -----------

   [No hits detected that satisfy reporting thresholds]


Domain annotation for each sequence (and alignments):

   [No targets detected that satisfy reporting thresholds]


Internal pipeline statistics summary:
-------------------------------------
Query model(s):                            1  (700 nodes)
Target sequences:                        881  (266950 residues searched)
Passed MSV filter:                        39  (0.0442679); expected 17.6 (0.02)
Passed bias filter:                       33  (0.0374574); expected 17.6 (0.02)
Passed Vit filter:                         1  (0.00113507); expected 0.9 (0.001)
Passed Fwd filter:                         0  (0); expected 0.0 (1e-05)
Initial search space (Z):                881  [actual number of targets]
Domain search space  (domZ):               0  [number of targets reported over threshold]
# CPU time: 0.01u 0.00s 00:00:00.01 Elapsed: 00:00:00.01
# Mc/sec: 17068.44
//
Query:       pchlide-04012025  [M=508]
Scores for complete sequences (score includes all domains):
   --- full sequence ---   --- best 1 domain ---    -#dom-
    E-value  score  bias    E-value  score  bias    exp  N  Sequence Description
    ------- ------ -----    ------- ------ -----   ---- --  -------- -----------

   [No hits detected that satisfy reporting thresholds]


Domain annotation for each sequence (and alignments):

   [No targets detected that satisfy reporting thresholds]


Internal pipeline statistics summary:
-------------------------------------
Query model(s):                            1  (508 nodes)
Target sequences:                        881  (266950 residues searched)
Passed MSV filter:                        38  (0.0431328); expected 17.6 (0.02)
Passed bias filter:                       32  (0.0363224); expected 17.6 (0.02)
Passed Vit filter:                         4  (0.0045403); expected 0.9 (0.001)
Passed Fwd filter:                         0  (0); expected 0.0 (1e-05)
Initial search space (Z):                881  [actual number of targets]
Domain search space  (domZ):               0  [number of targets reported over threshold]
# CPU time: 0.01u 0.00s 00:00:00.01 Elapsed: 00:00:00.00
# Mc/sec: 14487.89
//
[ok]
# hmmsearch :: search profile(s) against a sequence database
# HMMER 3.4 (Aug 2023); http://hmmer.org/
# Copyright (C) 2023 Howard Hughes Medical Institute.
# Freely distributed under the BSD open source license.
# - - - - - - - - - - - - - - - - - - - - - - - - - - - - - - - - - - - -
# query HMM file:                  ../HMMs/nifV_07242025.hmm
# target sequence database:        ../all_rep_proteins_aa/bacteria/GB_GCA_002778705.1_protein.faa
# - - - - - - - - - - - - - - - - - - - - - - - - - - - - - - - - - - - -

Query:       nifV-07242025  [M=437]
Scores for complete sequences (score includes all domains):
   --- full sequence ---   --- best 1 domain ---    -#dom-
    E-value  score  bias    E-value  score  bias    exp  N  Sequence Description
    ------- ------ -----    ------- ------ -----   ---- --  -------- -----------

   [No hits detected that satisfy reporting thresholds]


Domain annotation for each sequence (and alignments):

   [No targets detected that satisfy reporting thresholds]


Internal pipeline statistics summary:
-------------------------------------
Query model(s):                            1  (437 nodes)
Target sequences:                        881  (266950 residues searched)
Passed MSV filter:                        14  (0.015891); expected 17.6 (0.02)
Passed bias filter:                        7  (0.00794552); expected 17.6 (0.02)
Passed Vit filter:                         1  (0.00113507); expected 0.9 (0.001)
Passed Fwd filter:                         0  (0); expected 0.0 (1e-05)
Initial search space (Z):                881  [actual number of targets]
Domain search space  (domZ):               0  [number of targets reported over threshold]
# CPU time: 0.01u 0.00s 00:00:00.01 Elapsed: 00:00:00.00
# Mc/sec: 18703.39
//
[ok]
