# hmmsearch :: search profile(s) against a sequence database
# HMMER 3.4 (Aug 2023); http://hmmer.org/
# Copyright (C) 2023 Howard Hughes Medical Institute.
# Freely distributed under the BSD open source license.
# - - - - - - - - - - - - - - - - - - - - - - - - - - - - - - - - - - - -
# query HMM file:                  ../HMMs/combined_nif_04012025.hmm
# target sequence database:        ../all_rep_proteins_aa/bacteria/GB_GCA_947629605.1_protein.faa
# - - - - - - - - - - - - - - - - - - - - - - - - - - - - - - - - - - - -

Query:       nifH-03292025  [M=327]
Scores for complete sequences (score includes all domains):
   --- full sequence ---   --- best 1 domain ---    -#dom-
    E-value  score  bias    E-value  score  bias    exp  N  Sequence            Description
    ------- ------ -----    ------- ------ -----   ---- --  --------            -----------
    7.9e-14   47.6   0.5    1.7e-09   33.3   0.2    2.1  2  CANREK010000039.1_6  # 8250 # 9029 # -1 # ID=39_6;partial=00;
    4.3e-08   28.7   0.0    5.9e-07   25.0   0.2    2.1  2  CANREK010000183.1_1  # 510 # 1229 # 1 # ID=183_1;partial=00;s
     0.0075   11.5   0.1      0.012   10.9   0.1    1.2  1  CANREK010000038.1_5  # 6266 # 7111 # -1 # ID=38_5;partial=00;


Domain annotation for each sequence (and alignments):
>> CANREK010000039.1_6  # 8250 # 9029 # -1 # ID=39_6;partial=00;start_type=ATG;rbs_motif=AGGAGG;rbs_spacer=5-10bp;gc_con
   #    score  bias  c-Evalue  i-Evalue hmmfrom  hmm to    alifrom  ali to    envfrom  env to     acc
 ---   ------ ----- --------- --------- ------- -------    ------- -------    ------- -------    ----
   1 !   33.3   0.2   4.4e-12   1.7e-09      17      87 ..      11      81 ..       8      87 .. 0.83
   2 !   12.5   0.0   9.8e-06    0.0038     149     256 ..     141     253 ..     138     258 .. 0.80

  Alignments for each domain:
  == domain 1  score: 33.3 bits;  conditional E-value: 4.4e-12
        nifH-03292025 17 KGGiGKSttasnlsaalaeegkkvlivGCdPKaDstrll..lggkaqktvldllrekgedleledvvkeGfkg 87
                         KGG+GK tt  n++a la +gkkvl v  dP   +t+ l   ++k +k+v ++l e+++   +++vv + ++g
  CANREK010000039.1_6 11 KGGVGKTTTCVNMAAYLAMMGKKVLLVDLDPQGNATTGLgfQKSKLKKSVYNVLIEEES--VTDNVVDTEVEG 81
                         9***********************************98733466778999999998754..346666666555 PP

  == domain 2  score: 12.5 bits;  conditional E-value: 9.8e-06
        nifH-03292025 149 adevyivtsgemmalYaanniakgikkyaee..ggvrlgGlicNsrkvdke.eelveefaeklgtqiiaf..vprsnevqkaelekktvi 233
                          ad v+i + +e+ al     ++++i+ ++++  +++++ G++  + + +++  + +++  +k  ++++++  +pr+  +++a  ++k ++
  CANREK010000039.1_6 141 ADGVIIPIQSEYYALEGLSQLMNSISLVRSHlnRDIKVSGIVLTMYDGRSKaAKDISAEIKKYFSKVLYEviIPRNIRLSEAPSHGKPIM 230
                          899999999***************998877655899******99876544314445555666666776652269999999********** PP

        nifH-03292025 234 eaapdseqakeyreLakkilenk 256
                           ++p++  ak+y +L+++ l+++
  CANREK010000039.1_6 231 LHDPKCMGAKAYCALTEEFLAKT 253
                          ***************99987665 PP

>> CANREK010000183.1_1  # 510 # 1229 # 1 # ID=183_1;partial=00;start_type=ATG;rbs_motif=AGxAGG/AGGxGG;rbs_spacer=5-10bp;
   #    score  bias  c-Evalue  i-Evalue hmmfrom  hmm to    alifrom  ali to    envfrom  env to     acc
 ---   ------ ----- --------- --------- ------- -------    ------- -------    ------- -------    ----
   1 !   25.0   0.2   1.5e-09   5.9e-07      14      42 ..       8      36 ..       1      41 [. 0.86
   2 ?    1.3   0.0     0.025       9.9     148     220 ..     133     205 ..     129     213 .. 0.71

  Alignments for each domain:
  == domain 1  score: 25.0 bits;  conditional E-value: 1.5e-09
        nifH-03292025 14 iYGKGGiGKSttasnlsaalaeegkkvli 42
                           GKGG+GK t++ nl++ lae+gk+v++
  CANREK010000183.1_1  8 TSGKGGVGKTTVSCNLAVHLAEKGKRVIV 36
                         46*************************97 PP

  == domain 2  score: 1.3 bits;  conditional E-value: 0.025
        nifH-03292025 148 kadevyivtsgemmalYaanniakgikkyaeeggvrlgGlicNsrkvd..keeelv..eefaeklgtqiiafvprsn 220
                          +ade ++vts  + a+  a+ +a  +k+y+ +      Gl++N+ ++d  ++ e++  +e+a++l   +   +p+++
  CANREK010000183.1_1 133 CADEAILVTSPHLSAMRDADRVAGLLKSYRFD----RVGLVVNRTRKDlvRKGEVLspDEIAKALSLPLYISIPEED 205
                          79999**************9999888877744....35788887665422333333226777777777777777765 PP

>> CANREK010000038.1_5  # 6266 # 7111 # -1 # ID=38_5;partial=00;start_type=ATG;rbs_motif=AGGA;rbs_spacer=5-10bp;gc_cont=
   #    score  bias  c-Evalue  i-Evalue hmmfrom  hmm to    alifrom  ali to    envfrom  env to     acc
 ---   ------ ----- --------- --------- ------- -------    ------- -------    ------- -------    ----
   1 !   10.9   0.1     3e-05     0.012      15      40 ..      41      66 ..      27      80 .. 0.82

  Alignments for each domain:
  == domain 1  score: 10.9 bits;  conditional E-value: 3e-05
        nifH-03292025 15 YGKGGiGKSttasnlsaalaeegkkv 40
                          GKGG+GKS ++s l++    +g++v
  CANREK010000038.1_5 41 SGKGGVGKSLVTSLLAVRARAMGQRV 66
                         5************9999999999998 PP



Internal pipeline statistics summary:
-------------------------------------
Query model(s):                            1  (327 nodes)
Target sequences:                       1162  (372744 residues searched)
Passed MSV filter:                        67  (0.0576592); expected 23.2 (0.02)
Passed bias filter:                       49  (0.0421687); expected 23.2 (0.02)
Passed Vit filter:                        11  (0.00946644); expected 1.2 (0.001)
Passed Fwd filter:                         3  (0.00258176); expected 0.0 (1e-05)
Initial search space (Z):               1162  [actual number of targets]
Domain search space  (domZ):               3  [number of targets reported over threshold]
# CPU time: 0.01u 0.00s 00:00:00.01 Elapsed: 00:00:00.01
# Mc/sec: 6751.38
//
Query:       nifD-03292025  [M=482]
Scores for complete sequences (score includes all domains):
   --- full sequence ---   --- best 1 domain ---    -#dom-
    E-value  score  bias    E-value  score  bias    exp  N  Sequence Description
    ------- ------ -----    ------- ------ -----   ---- --  -------- -----------

   [No hits detected that satisfy reporting thresholds]


Domain annotation for each sequence (and alignments):

   [No targets detected that satisfy reporting thresholds]


Internal pipeline statistics summary:
-------------------------------------
Query model(s):                            1  (482 nodes)
Target sequences:                       1162  (372744 residues searched)
Passed MSV filter:                        36  (0.0309811); expected 23.2 (0.02)
Passed bias filter:                       26  (0.0223752); expected 23.2 (0.02)
Passed Vit filter:                         0  (0); expected 1.2 (0.001)
Passed Fwd filter:                         0  (0); expected 0.0 (1e-05)
Initial search space (Z):               1162  [actual number of targets]
Domain search space  (domZ):               0  [number of targets reported over threshold]
# CPU time: 0.00u 0.00s 00:00:00.00 Elapsed: 00:00:00.00
# Mc/sec: 19616.77
//
Query:       nifK-03292025  [M=490]
Scores for complete sequences (score includes all domains):
   --- full sequence ---   --- best 1 domain ---    -#dom-
    E-value  score  bias    E-value  score  bias    exp  N  Sequence Description
    ------- ------ -----    ------- ------ -----   ---- --  -------- -----------

   [No hits detected that satisfy reporting thresholds]


Domain annotation for each sequence (and alignments):

   [No targets detected that satisfy reporting thresholds]


Internal pipeline statistics summary:
-------------------------------------
Query model(s):                            1  (490 nodes)
Target sequences:                       1162  (372744 residues searched)
Passed MSV filter:                        32  (0.0275387); expected 23.2 (0.02)
Passed bias filter:                       28  (0.0240964); expected 23.2 (0.02)
Passed Vit filter:                         3  (0.00258176); expected 1.2 (0.001)
Passed Fwd filter:                         0  (0); expected 0.0 (1e-05)
Initial search space (Z):               1162  [actual number of targets]
Domain search space  (domZ):               0  [number of targets reported over threshold]
# CPU time: 0.01u 0.00s 00:00:00.01 Elapsed: 00:00:00.01
# Mc/sec: 15083.47
//
Query:       nifB-03292025  [M=505]
Scores for complete sequences (score includes all domains):
   --- full sequence ---   --- best 1 domain ---    -#dom-
    E-value  score  bias    E-value  score  bias    exp  N  Sequence Description
    ------- ------ -----    ------- ------ -----   ---- --  -------- -----------

   [No hits detected that satisfy reporting thresholds]


Domain annotation for each sequence (and alignments):

   [No targets detected that satisfy reporting thresholds]


Internal pipeline statistics summary:
-------------------------------------
Query model(s):                            1  (505 nodes)
Target sequences:                       1162  (372744 residues searched)
Passed MSV filter:                        36  (0.0309811); expected 23.2 (0.02)
Passed bias filter:                       30  (0.0258176); expected 23.2 (0.02)
Passed Vit filter:                         4  (0.00344234); expected 1.2 (0.001)
Passed Fwd filter:                         0  (0); expected 0.0 (1e-05)
Initial search space (Z):               1162  [actual number of targets]
Domain search space  (domZ):               0  [number of targets reported over threshold]
# CPU time: 0.02u 0.00s 00:00:00.02 Elapsed: 00:00:00.01
# Mc/sec: 16330.96
//
Query:       nifE-03292025  [M=556]
Scores for complete sequences (score includes all domains):
   --- full sequence ---   --- best 1 domain ---    -#dom-
    E-value  score  bias    E-value  score  bias    exp  N  Sequence Description
    ------- ------ -----    ------- ------ -----   ---- --  -------- -----------

   [No hits detected that satisfy reporting thresholds]


Domain annotation for each sequence (and alignments):

   [No targets detected that satisfy reporting thresholds]


Internal pipeline statistics summary:
-------------------------------------
Query model(s):                            1  (556 nodes)
Target sequences:                       1162  (372744 residues searched)
Passed MSV filter:                        50  (0.0430293); expected 23.2 (0.02)
Passed bias filter:                       36  (0.0309811); expected 23.2 (0.02)
Passed Vit filter:                         2  (0.00172117); expected 1.2 (0.001)
Passed Fwd filter:                         0  (0); expected 0.0 (1e-05)
Initial search space (Z):               1162  [actual number of targets]
Domain search space  (domZ):               0  [number of targets reported over threshold]
# CPU time: 0.01u 0.00s 00:00:00.01 Elapsed: 00:00:00.01
# Mc/sec: 16970.08
//
Query:       nifN-03292025  [M=700]
Scores for complete sequences (score includes all domains):
   --- full sequence ---   --- best 1 domain ---    -#dom-
    E-value  score  bias    E-value  score  bias    exp  N  Sequence Description
    ------- ------ -----    ------- ------ -----   ---- --  -------- -----------

   [No hits detected that satisfy reporting thresholds]


Domain annotation for each sequence (and alignments):

   [No targets detected that satisfy reporting thresholds]


Internal pipeline statistics summary:
-------------------------------------
Query model(s):                            1  (700 nodes)
Target sequences:                       1162  (372744 residues searched)
Passed MSV filter:                        44  (0.0378657); expected 23.2 (0.02)
Passed bias filter:                       33  (0.0283993); expected 23.2 (0.02)
Passed Vit filter:                         0  (0); expected 1.2 (0.001)
Passed Fwd filter:                         0  (0); expected 0.0 (1e-05)
Initial search space (Z):               1162  [actual number of targets]
Domain search space  (domZ):               0  [number of targets reported over threshold]
# CPU time: 0.01u 0.00s 00:00:00.01 Elapsed: 00:00:00.01
# Mc/sec: 22789.44
//
Query:       pchlide-04012025  [M=508]
Scores for complete sequences (score includes all domains):
   --- full sequence ---   --- best 1 domain ---    -#dom-
    E-value  score  bias    E-value  score  bias    exp  N  Sequence Description
    ------- ------ -----    ------- ------ -----   ---- --  -------- -----------

   [No hits detected that satisfy reporting thresholds]


Domain annotation for each sequence (and alignments):

   [No targets detected that satisfy reporting thresholds]


Internal pipeline statistics summary:
-------------------------------------
Query model(s):                            1  (508 nodes)
Target sequences:                       1162  (372744 residues searched)
Passed MSV filter:                        27  (0.0232358); expected 23.2 (0.02)
Passed bias filter:                       20  (0.0172117); expected 23.2 (0.02)
Passed Vit filter:                         1  (0.000860585); expected 1.2 (0.001)
Passed Fwd filter:                         0  (0); expected 0.0 (1e-05)
Initial search space (Z):               1162  [actual number of targets]
Domain search space  (domZ):               0  [number of targets reported over threshold]
# CPU time: 0.00u 0.00s 00:00:00.00 Elapsed: 00:00:00.00
# Mc/sec: 21780.78
//
[ok]
# hmmsearch :: search profile(s) against a sequence database
# HMMER 3.4 (Aug 2023); http://hmmer.org/
# Copyright (C) 2023 Howard Hughes Medical Institute.
# Freely distributed under the BSD open source license.
# - - - - - - - - - - - - - - - - - - - - - - - - - - - - - - - - - - - -
# query HMM file:                  ../HMMs/nifV_07242025.hmm
# target sequence database:        ../all_rep_proteins_aa/bacteria/GB_GCA_947629605.1_protein.faa
# - - - - - - - - - - - - - - - - - - - - - - - - - - - - - - - - - - - -

Query:       nifV-07242025  [M=437]
Scores for complete sequences (score includes all domains):
   --- full sequence ---   --- best 1 domain ---    -#dom-
    E-value  score  bias    E-value  score  bias    exp  N  Sequence Description
    ------- ------ -----    ------- ------ -----   ---- --  -------- -----------

   [No hits detected that satisfy reporting thresholds]


Domain annotation for each sequence (and alignments):

   [No targets detected that satisfy reporting thresholds]


Internal pipeline statistics summary:
-------------------------------------
Query model(s):                            1  (437 nodes)
Target sequences:                       1162  (372744 residues searched)
Passed MSV filter:                        34  (0.0292599); expected 23.2 (0.02)
Passed bias filter:                       19  (0.0163511); expected 23.2 (0.02)
Passed Vit filter:                         2  (0.00172117); expected 1.2 (0.001)
Passed Fwd filter:                         0  (0); expected 0.0 (1e-05)
Initial search space (Z):               1162  [actual number of targets]
Domain search space  (domZ):               0  [number of targets reported over threshold]
# CPU time: 0.01u 0.00s 00:00:00.01 Elapsed: 00:00:00.00
# Mc/sec: 19073.10
//
[ok]
