# hmmsearch :: search profile(s) against a sequence database
# HMMER 3.4 (Aug 2023); http://hmmer.org/
# Copyright (C) 2023 Howard Hughes Medical Institute.
# Freely distributed under the BSD open source license.
# - - - - - - - - - - - - - - - - - - - - - - - - - - - - - - - - - - - -
# query HMM file:                  ../HMMs/combined_nif_04012025.hmm
# target sequence database:        ../all_rep_proteins_aa/bacteria/GB_GCA_012520095.1_protein.faa
# - - - - - - - - - - - - - - - - - - - - - - - - - - - - - - - - - - - -

Query:       nifH-03292025  [M=327]
Scores for complete sequences (score includes all domains):
   --- full sequence ---   --- best 1 domain ---    -#dom-
    E-value  score  bias    E-value  score  bias    exp  N  Sequence             Description
    ------- ------ -----    ------- ------ -----   ---- --  --------             -----------
    4.1e-11   39.3   0.0    7.4e-08   28.6   0.0    2.1  2  JAAYOV010000081.1_5   # 4538 # 5302 # 1 # ID=27_5;partial=00;
    0.00069   15.5   1.6     0.0016   14.3   0.3    1.9  2  JAAYOV010000034.1_2   # 1235 # 2083 # 1 # ID=101_2;partial=00
     0.0035   13.2   0.0      0.006   12.4   0.0    1.3  1  JAAYOV010000026.1_26  # 32994 # 34361 # -1 # ID=91_26;partial


Domain annotation for each sequence (and alignments):
>> JAAYOV010000081.1_5  # 4538 # 5302 # 1 # ID=27_5;partial=00;start_type=ATG;rbs_motif=GGAG/GAGG;rbs_spacer=5-10bp;gc_c
   #    score  bias  c-Evalue  i-Evalue hmmfrom  hmm to    alifrom  ali to    envfrom  env to     acc
 ---   ------ ----- --------- --------- ------- -------    ------- -------    ------- -------    ----
   1 !   28.6   0.0   1.3e-10   7.4e-08      17      70 ..      11      65 ..       2      79 .. 0.81
   2 !    8.8   0.0   0.00013     0.077     150     248 ..     140     243 ..     137     253 .. 0.82

  Alignments for each domain:
  == domain 1  score: 28.6 bits;  conditional E-value: 1.3e-10
        nifH-03292025 17 KGGiGKSttasnlsaalaeegkkvlivGCdPKaDstrll.lggkaqktvldllre 70
                         KGG+GK t++ nl+a la++ k+vl+v  dP   +t+ + ++  + k++ + lr 
  JAAYOV010000081.1_5 11 KGGVGKTTVTINLAAGLARRKKRVLVVDVDPQCNTTTGMgIHPVEGKSIYEWLRG 65
                         9*******************************99987663555666666666664 PP

  == domain 2  score: 8.8 bits;  conditional E-value: 0.00013
        nifH-03292025 150 devyivtsgemmalYaanniakgikkyaee..ggvrlgGlicNsrkvdke..eelveefaeklgtqii.afvprsnevqkaelekktvie 234
                          d+v i + +e+ al     ++ ++++++     +  + G++ N+ +++++  +++++e+++ +g ++  +++pr+  + +a   ++ +++
  JAAYOV010000081.1_5 140 DSVLIPIQCEYYALEGLSALMDTVQRIRGGmnPELDVEGVLLNMVDKRNNltKDVISEVTKYFGEKVYrTHIPRNVRLAEAPSYGMSIFD 229
                          67888888899999999999999999987633567789*****98877653389************98358******************* PP

        nifH-03292025 235 aapdseqakeyreL 248
                          +++ s+ a ++++ 
  JAAYOV010000081.1_5 230 YDNLSRGAWAFNTW 243
                          *9998888777665 PP

>> JAAYOV010000034.1_2  # 1235 # 2083 # 1 # ID=101_2;partial=00;start_type=ATG;rbs_motif=AGGAG;rbs_spacer=5-10bp;gc_cont
   #    score  bias  c-Evalue  i-Evalue hmmfrom  hmm to    alifrom  ali to    envfrom  env to     acc
 ---   ------ ----- --------- --------- ------- -------    ------- -------    ------- -------    ----
   1 !   14.3   0.3   2.8e-06    0.0016      14      42 ..      43      71 ..      28      78 .. 0.83
   2 ?   -0.1   0.0     0.069        40     149     193 ..     170     210 ..     163     260 .. 0.59

  Alignments for each domain:
  == domain 1  score: 14.3 bits;  conditional E-value: 2.8e-06
        nifH-03292025 14 iYGKGGiGKSttasnlsaalaeegkkvli 42
                         i GKGG+GKS ++s l++++ ++g++  i
  JAAYOV010000034.1_2 43 ISGKGGVGKSLVTSMLAVTMNRMGYRTAI 71
                         67**********************98755 PP

  == domain 2  score: -0.1 bits;  conditional E-value: 0.069
        nifH-03292025 149 adevyivtsg.emmalYaanniakgikkyaeeggvrlgGlicNsrk 193
                          +d +++vts  e++++     i+   +k+ae  ++ + Gl+ N+  
  JAAYOV010000034.1_2 170 VDGIIVVTSPqELVSM-----IVSKAVKMAEMMNIPILGLVENMSY 210
                          5677777775245555.....4444456777888888888888753 PP

>> JAAYOV010000026.1_26  # 32994 # 34361 # -1 # ID=91_26;partial=00;start_type=ATG;rbs_motif=GGA/GAG/AGG;rbs_spacer=5-10
   #    score  bias  c-Evalue  i-Evalue hmmfrom  hmm to    alifrom  ali to    envfrom  env to     acc
 ---   ------ ----- --------- --------- ------- -------    ------- -------    ------- -------    ----
   1 !   12.4   0.0     1e-05     0.006      16      43 ..      94     121 ..      87     129 .. 0.90

  Alignments for each domain:
  == domain 1  score: 12.4 bits;  conditional E-value: 1e-05
         nifH-03292025  16 GKGGiGKSttasnlsaalaeegkkvliv 43 
                           G  GiGKSt   +++  la++gk+vl v
  JAAYOV010000026.1_26  94 GEPGIGKSTLLLQMADSLARQGKRVLYV 121
                           888***********************87 PP



Internal pipeline statistics summary:
-------------------------------------
Query model(s):                            1  (327 nodes)
Target sequences:                       1742  (533804 residues searched)
Passed MSV filter:                       108  (0.0619977); expected 34.8 (0.02)
Passed bias filter:                       90  (0.0516648); expected 34.8 (0.02)
Passed Vit filter:                        17  (0.0097589); expected 1.7 (0.001)
Passed Fwd filter:                         3  (0.00172216); expected 0.0 (1e-05)
Initial search space (Z):               1742  [actual number of targets]
Domain search space  (domZ):               3  [number of targets reported over threshold]
# CPU time: 0.02u 0.00s 00:00:00.02 Elapsed: 00:00:00.02
# Mc/sec: 7853.94
//
Query:       nifD-03292025  [M=482]
Scores for complete sequences (score includes all domains):
   --- full sequence ---   --- best 1 domain ---    -#dom-
    E-value  score  bias    E-value  score  bias    exp  N  Sequence Description
    ------- ------ -----    ------- ------ -----   ---- --  -------- -----------

   [No hits detected that satisfy reporting thresholds]


Domain annotation for each sequence (and alignments):

   [No targets detected that satisfy reporting thresholds]


Internal pipeline statistics summary:
-------------------------------------
Query model(s):                            1  (482 nodes)
Target sequences:                       1742  (533804 residues searched)
Passed MSV filter:                        83  (0.0476464); expected 34.8 (0.02)
Passed bias filter:                       69  (0.0396096); expected 34.8 (0.02)
Passed Vit filter:                         7  (0.00401837); expected 1.7 (0.001)
Passed Fwd filter:                         0  (0); expected 0.0 (1e-05)
Initial search space (Z):               1742  [actual number of targets]
Domain search space  (domZ):               0  [number of targets reported over threshold]
# CPU time: 0.02u 0.00s 00:00:00.02 Elapsed: 00:00:00.01
# Mc/sec: 24706.59
//
Query:       nifK-03292025  [M=490]
Scores for complete sequences (score includes all domains):
   --- full sequence ---   --- best 1 domain ---    -#dom-
    E-value  score  bias    E-value  score  bias    exp  N  Sequence Description
    ------- ------ -----    ------- ------ -----   ---- --  -------- -----------

   [No hits detected that satisfy reporting thresholds]


Domain annotation for each sequence (and alignments):

   [No targets detected that satisfy reporting thresholds]


Internal pipeline statistics summary:
-------------------------------------
Query model(s):                            1  (490 nodes)
Target sequences:                       1742  (533804 residues searched)
Passed MSV filter:                        55  (0.0315729); expected 34.8 (0.02)
Passed bias filter:                       45  (0.0258324); expected 34.8 (0.02)
Passed Vit filter:                         4  (0.00229621); expected 1.7 (0.001)
Passed Fwd filter:                         0  (0); expected 0.0 (1e-05)
Initial search space (Z):               1742  [actual number of targets]
Domain search space  (domZ):               0  [number of targets reported over threshold]
# CPU time: 0.02u 0.00s 00:00:00.02 Elapsed: 00:00:00.00
# Mc/sec: 27784.28
//
Query:       nifB-03292025  [M=505]
Scores for complete sequences (score includes all domains):
   --- full sequence ---   --- best 1 domain ---    -#dom-
    E-value  score  bias    E-value  score  bias    exp  N  Sequence             Description
    ------- ------ -----    ------- ------ -----   ---- --  --------             -----------
    5.2e-06   21.8   0.0    1.1e-05   20.8   0.0    1.5  2  JAAYOV010000044.1_22  # 17489 # 17854 # 1 # ID=113_22;partial
    0.00033   15.8   0.0     0.0004   15.6   0.0    1.1  1  JAAYOV010000044.1_19  # 15339 # 15707 # 1 # ID=113_19;partial


Domain annotation for each sequence (and alignments):
>> JAAYOV010000044.1_22  # 17489 # 17854 # 1 # ID=113_22;partial=00;start_type=ATG;rbs_motif=GGAG/GAGG;rbs_spacer=5-10bp
   #    score  bias  c-Evalue  i-Evalue hmmfrom  hmm to    alifrom  ali to    envfrom  env to     acc
 ---   ------ ----- --------- --------- ------- -------    ------- -------    ------- -------    ----
   1 !   20.8   0.0   1.2e-08   1.1e-05     374     407 ..       4      36 ..       1      45 [. 0.88
   2 ?   -1.8   0.0     0.082        71     439     482 ..      58     100 ..      53     117 .. 0.72

  Alignments for each domain:
  == domain 1  score: 20.8 bits;  conditional E-value: 1.2e-08
         nifB-03292025 374 alvAvaskggkrvnqHFGhakefliyevsekevk 407
                           +++Avas+ + +v +HFGh +ef+++++++k+++
  JAAYOV010000044.1_22   4 KRIAVASD-NATVTEHFGHCEEFVLFDIEDKQIT 36 
                           589***97.789*****************99986 PP

  == domain 2  score: -1.8 bits;  conditional E-value: 0.082
         nifB-03292025 439 sdceavlcakiGeepkekLeeagieaveaealetieealkalae 482
                           ++++++++  +G  + + ++e++ie++   +     ea++a+++
  JAAYOV010000044.1_22  58 KGVNVIISGGMGGGAVDIFNERNIEVILGAK-GDAREAVEAYLK 100
                           5788888888899999999999999876655.335556666555 PP

>> JAAYOV010000044.1_19  # 15339 # 15707 # 1 # ID=113_19;partial=00;start_type=ATG;rbs_motif=GGAG/GAGG;rbs_spacer=5-10bp
   #    score  bias  c-Evalue  i-Evalue hmmfrom  hmm to    alifrom  ali to    envfrom  env to     acc
 ---   ------ ----- --------- --------- ------- -------    ------- -------    ------- -------    ----
   1 !   15.6   0.0   4.6e-07    0.0004     388     484 ..      18     105 ..      10     119 .. 0.79

  Alignments for each domain:
  == domain 1  score: 15.6 bits;  conditional E-value: 4.6e-07
         nifB-03292025 388 qHFGhakefliyevsekevklveerkvekyCkggegceeeedrleeilkalsdceavlcakiGeepkekLeeagieaveaealetieea 476
                             FG a  fliy++++ke  ++++  +    +gg g++  +        + s  e++l+ ++Ge++ + L ea i+ +++++  ti+e 
  JAAYOV010000044.1_19  18 PSFGRAPYFLIYDTQTKESVYLDNTAAA--SAGGAGIKAAQI------VLDSKAEVLLAPRLGENAAQVLIEAEIKILKTKD-GTIKEN 97 
                           56*******************9987664..566666433332......233456789**********************998.89**99 PP

         nifB-03292025 477 lkalaeel 484
                           + a++++ 
  JAAYOV010000044.1_19  98 IDAFLSDE 105
                           99988765 PP



Internal pipeline statistics summary:
-------------------------------------
Query model(s):                            1  (505 nodes)
Target sequences:                       1742  (533804 residues searched)
Passed MSV filter:                        54  (0.0309989); expected 34.8 (0.02)
Passed bias filter:                       41  (0.0235362); expected 34.8 (0.02)
Passed Vit filter:                         6  (0.00344432); expected 1.7 (0.001)
Passed Fwd filter:                         2  (0.00114811); expected 0.0 (1e-05)
Initial search space (Z):               1742  [actual number of targets]
Domain search space  (domZ):               2  [number of targets reported over threshold]
# CPU time: 0.02u 0.00s 00:00:00.02 Elapsed: 00:00:00.01
# Mc/sec: 25357.70
//
Query:       nifE-03292025  [M=556]
Scores for complete sequences (score includes all domains):
   --- full sequence ---   --- best 1 domain ---    -#dom-
    E-value  score  bias    E-value  score  bias    exp  N  Sequence Description
    ------- ------ -----    ------- ------ -----   ---- --  -------- -----------

   [No hits detected that satisfy reporting thresholds]


Domain annotation for each sequence (and alignments):

   [No targets detected that satisfy reporting thresholds]


Internal pipeline statistics summary:
-------------------------------------
Query model(s):                            1  (556 nodes)
Target sequences:                       1742  (533804 residues searched)
Passed MSV filter:                        89  (0.0510907); expected 34.8 (0.02)
Passed bias filter:                       74  (0.0424799); expected 34.8 (0.02)
Passed Vit filter:                         9  (0.00516648); expected 1.7 (0.001)
Passed Fwd filter:                         0  (0); expected 0.0 (1e-05)
Initial search space (Z):               1742  [actual number of targets]
Domain search space  (domZ):               0  [number of targets reported over threshold]
# CPU time: 0.02u 0.00s 00:00:00.02 Elapsed: 00:00:00.01
# Mc/sec: 15847.64
//
Query:       nifN-03292025  [M=700]
Scores for complete sequences (score includes all domains):
   --- full sequence ---   --- best 1 domain ---    -#dom-
    E-value  score  bias    E-value  score  bias    exp  N  Sequence Description
    ------- ------ -----    ------- ------ -----   ---- --  -------- -----------

   [No hits detected that satisfy reporting thresholds]


Domain annotation for each sequence (and alignments):

   [No targets detected that satisfy reporting thresholds]


Internal pipeline statistics summary:
-------------------------------------
Query model(s):                            1  (700 nodes)
Target sequences:                       1742  (533804 residues searched)
Passed MSV filter:                        83  (0.0476464); expected 34.8 (0.02)
Passed bias filter:                       67  (0.0384615); expected 34.8 (0.02)
Passed Vit filter:                         4  (0.00229621); expected 1.7 (0.001)
Passed Fwd filter:                         0  (0); expected 0.0 (1e-05)
Initial search space (Z):               1742  [actual number of targets]
Domain search space  (domZ):               0  [number of targets reported over threshold]
# CPU time: 0.02u 0.00s 00:00:00.02 Elapsed: 00:00:00.02
# Mc/sec: 17675.72
//
Query:       pchlide-04012025  [M=508]
Scores for complete sequences (score includes all domains):
   --- full sequence ---   --- best 1 domain ---    -#dom-
    E-value  score  bias    E-value  score  bias    exp  N  Sequence Description
    ------- ------ -----    ------- ------ -----   ---- --  -------- -----------

   [No hits detected that satisfy reporting thresholds]


Domain annotation for each sequence (and alignments):

   [No targets detected that satisfy reporting thresholds]


Internal pipeline statistics summary:
-------------------------------------
Query model(s):                            1  (508 nodes)
Target sequences:                       1742  (533804 residues searched)
Passed MSV filter:                        65  (0.0373134); expected 34.8 (0.02)
Passed bias filter:                       55  (0.0315729); expected 34.8 (0.02)
Passed Vit filter:                         4  (0.00229621); expected 1.7 (0.001)
Passed Fwd filter:                         0  (0); expected 0.0 (1e-05)
Initial search space (Z):               1742  [actual number of targets]
Domain search space  (domZ):               0  [number of targets reported over threshold]
# CPU time: 0.01u 0.00s 00:00:00.01 Elapsed: 00:00:00.01
# Mc/sec: 19984.08
//
[ok]
# hmmsearch :: search profile(s) against a sequence database
# HMMER 3.4 (Aug 2023); http://hmmer.org/
# Copyright (C) 2023 Howard Hughes Medical Institute.
# Freely distributed under the BSD open source license.
# - - - - - - - - - - - - - - - - - - - - - - - - - - - - - - - - - - - -
# query HMM file:                  ../HMMs/nifV_07242025.hmm
# target sequence database:        ../all_rep_proteins_aa/bacteria/GB_GCA_012520095.1_protein.faa
# - - - - - - - - - - - - - - - - - - - - - - - - - - - - - - - - - - - -

Query:       nifV-07242025  [M=437]
Scores for complete sequences (score includes all domains):
   --- full sequence ---   --- best 1 domain ---    -#dom-
    E-value  score  bias    E-value  score  bias    exp  N  Sequence Description
    ------- ------ -----    ------- ------ -----   ---- --  -------- -----------

   [No hits detected that satisfy reporting thresholds]


Domain annotation for each sequence (and alignments):

   [No targets detected that satisfy reporting thresholds]


Internal pipeline statistics summary:
-------------------------------------
Query model(s):                            1  (437 nodes)
Target sequences:                       1742  (533804 residues searched)
Passed MSV filter:                        61  (0.0350172); expected 34.8 (0.02)
Passed bias filter:                       47  (0.0269805); expected 34.8 (0.02)
Passed Vit filter:                         4  (0.00229621); expected 1.7 (0.001)
Passed Fwd filter:                         0  (0); expected 0.0 (1e-05)
Initial search space (Z):               1742  [actual number of targets]
Domain search space  (domZ):               0  [number of targets reported over threshold]
# CPU time: 0.01u 0.00s 00:00:00.01 Elapsed: 00:00:00.00
# Mc/sec: 25254.43
//
[ok]
