# hmmsearch :: search profile(s) against a sequence database
# HMMER 3.4 (Aug 2023); http://hmmer.org/
# Copyright (C) 2023 Howard Hughes Medical Institute.
# Freely distributed under the BSD open source license.
# - - - - - - - - - - - - - - - - - - - - - - - - - - - - - - - - - - - -
# query HMM file:                  ../HMMs/combined_nif_04012025.hmm
# target sequence database:        ../all_rep_proteins_aa/bacteria/GB_GCA_002373935.1_protein.faa
# - - - - - - - - - - - - - - - - - - - - - - - - - - - - - - - - - - - -

Query:       nifH-03292025  [M=327]
Scores for complete sequences (score includes all domains):
   --- full sequence ---   --- best 1 domain ---    -#dom-
    E-value  score  bias    E-value  score  bias    exp  N  Sequence          Description
    ------- ------ -----    ------- ------ -----   ---- --  --------          -----------
    4.5e-08   28.2   0.3    0.00012   17.0   0.2    2.1  2  DFKW01000004.1_43  # 45841 # 46614 # -1 # ID=14_43;partial=00


Domain annotation for each sequence (and alignments):
>> DFKW01000004.1_43  # 45841 # 46614 # -1 # ID=14_43;partial=00;start_type=ATG;rbs_motif=AGGA/GGAG/GAGG;rbs_spacer=11-1
   #    score  bias  c-Evalue  i-Evalue hmmfrom  hmm to    alifrom  ali to    envfrom  env to     acc
 ---   ------ ----- --------- --------- ------- -------    ------- -------    ------- -------    ----
   1 !   17.0   0.2   1.4e-07   0.00012      17      44 ..      11      38 ..       1      77 [. 0.89
   2 !    9.5   0.0   2.7e-05     0.022     148     255 ..     140     252 ..     137     255 .. 0.78

  Alignments for each domain:
  == domain 1  score: 17.0 bits;  conditional E-value: 1.4e-07
      nifH-03292025 17 KGGiGKSttasnlsaalaeegkkvlivG 44
                       KGG+GK tta n+ a la   k+vl v 
  DFKW01000004.1_43 11 KGGVGKTTTAINIGASLAAIKKRVLLVD 38
                       9************************986 PP

  == domain 2  score: 9.5 bits;  conditional E-value: 2.7e-05
      nifH-03292025 148 kadevyivtsgemmalYaanniakgikkyaeeggvrlg..GlicNs..rkvdkeeelveefaeklgtqiiaf.vprsnevqkaelekktvie 234
                         ad+v+i   +e+ al     ++ +i+ ++++ + +l+  G++  +  ++ +  +++ +++ +++g  ++++ +pr+  v +a  ++k  + 
  DFKW01000004.1_43 140 AADSVIIPLQCEFFALEGIRQLVSTINIVQQKWNPKLHilGVLLTMydKRYSMTRDVENDVRKTFGDAVFKTvIPRNVRVAEAPSHGKPALF 231
                        68999999999*************999999996655541155554411334445556666777777777765279***************** PP

      nifH-03292025 235 aapdseqakeyreLakkilen 255
                        ++ +s+ a++y ++a++i ++
  DFKW01000004.1_43 232 YDFNSAGAQSYLRVATEIVNK 252
                        ******************875 PP



Internal pipeline statistics summary:
-------------------------------------
Query model(s):                            1  (327 nodes)
Target sequences:                        829  (255913 residues searched)
Passed MSV filter:                        45  (0.0542823); expected 16.6 (0.02)
Passed bias filter:                       29  (0.0349819); expected 16.6 (0.02)
Passed Vit filter:                         3  (0.00361882); expected 0.8 (0.001)
Passed Fwd filter:                         1  (0.00120627); expected 0.0 (1e-05)
Initial search space (Z):                829  [actual number of targets]
Domain search space  (domZ):               1  [number of targets reported over threshold]
# CPU time: 0.01u 0.00s 00:00:00.01 Elapsed: 00:00:00.02
# Mc/sec: 3884.42
//
Query:       nifD-03292025  [M=482]
Scores for complete sequences (score includes all domains):
   --- full sequence ---   --- best 1 domain ---    -#dom-
    E-value  score  bias    E-value  score  bias    exp  N  Sequence Description
    ------- ------ -----    ------- ------ -----   ---- --  -------- -----------

   [No hits detected that satisfy reporting thresholds]


Domain annotation for each sequence (and alignments):

   [No targets detected that satisfy reporting thresholds]


Internal pipeline statistics summary:
-------------------------------------
Query model(s):                            1  (482 nodes)
Target sequences:                        829  (255913 residues searched)
Passed MSV filter:                        38  (0.0458384); expected 16.6 (0.02)
Passed bias filter:                       26  (0.0313631); expected 16.6 (0.02)
Passed Vit filter:                         1  (0.00120627); expected 0.8 (0.001)
Passed Fwd filter:                         0  (0); expected 0.0 (1e-05)
Initial search space (Z):                829  [actual number of targets]
Domain search space  (domZ):               0  [number of targets reported over threshold]
# CPU time: 0.01u 0.00s 00:00:00.01 Elapsed: 00:00:00.00
# Mc/sec: 13417.76
//
Query:       nifK-03292025  [M=490]
Scores for complete sequences (score includes all domains):
   --- full sequence ---   --- best 1 domain ---    -#dom-
    E-value  score  bias    E-value  score  bias    exp  N  Sequence Description
    ------- ------ -----    ------- ------ -----   ---- --  -------- -----------

   [No hits detected that satisfy reporting thresholds]


Domain annotation for each sequence (and alignments):

   [No targets detected that satisfy reporting thresholds]


Internal pipeline statistics summary:
-------------------------------------
Query model(s):                            1  (490 nodes)
Target sequences:                        829  (255913 residues searched)
Passed MSV filter:                        23  (0.0277443); expected 16.6 (0.02)
Passed bias filter:                       11  (0.013269); expected 16.6 (0.02)
Passed Vit filter:                         0  (0); expected 0.8 (0.001)
Passed Fwd filter:                         0  (0); expected 0.0 (1e-05)
Initial search space (Z):                829  [actual number of targets]
Domain search space  (domZ):               0  [number of targets reported over threshold]
# CPU time: 0.01u 0.00s 00:00:00.01 Elapsed: 00:00:00.00
# Mc/sec: 17825.66
//
Query:       nifB-03292025  [M=505]
Scores for complete sequences (score includes all domains):
   --- full sequence ---   --- best 1 domain ---    -#dom-
    E-value  score  bias    E-value  score  bias    exp  N  Sequence Description
    ------- ------ -----    ------- ------ -----   ---- --  -------- -----------

   [No hits detected that satisfy reporting thresholds]


Domain annotation for each sequence (and alignments):

   [No targets detected that satisfy reporting thresholds]


Internal pipeline statistics summary:
-------------------------------------
Query model(s):                            1  (505 nodes)
Target sequences:                        829  (255913 residues searched)
Passed MSV filter:                        31  (0.0373945); expected 16.6 (0.02)
Passed bias filter:                       18  (0.0217129); expected 16.6 (0.02)
Passed Vit filter:                         3  (0.00361882); expected 0.8 (0.001)
Passed Fwd filter:                         0  (0); expected 0.0 (1e-05)
Initial search space (Z):                829  [actual number of targets]
Domain search space  (domZ):               0  [number of targets reported over threshold]
# CPU time: 0.01u 0.00s 00:00:00.01 Elapsed: 00:00:00.00
# Mc/sec: 16786.84
//
Query:       nifE-03292025  [M=556]
Scores for complete sequences (score includes all domains):
   --- full sequence ---   --- best 1 domain ---    -#dom-
    E-value  score  bias    E-value  score  bias    exp  N  Sequence Description
    ------- ------ -----    ------- ------ -----   ---- --  -------- -----------

   [No hits detected that satisfy reporting thresholds]


Domain annotation for each sequence (and alignments):

   [No targets detected that satisfy reporting thresholds]


Internal pipeline statistics summary:
-------------------------------------
Query model(s):                            1  (556 nodes)
Target sequences:                        829  (255913 residues searched)
Passed MSV filter:                        44  (0.053076); expected 16.6 (0.02)
Passed bias filter:                       29  (0.0349819); expected 16.6 (0.02)
Passed Vit filter:                         4  (0.00482509); expected 0.8 (0.001)
Passed Fwd filter:                         0  (0); expected 0.0 (1e-05)
Initial search space (Z):                829  [actual number of targets]
Domain search space  (domZ):               0  [number of targets reported over threshold]
# CPU time: 0.02u 0.00s 00:00:00.02 Elapsed: 00:00:00.01
# Mc/sec: 12774.31
//
Query:       nifN-03292025  [M=700]
Scores for complete sequences (score includes all domains):
   --- full sequence ---   --- best 1 domain ---    -#dom-
    E-value  score  bias    E-value  score  bias    exp  N  Sequence Description
    ------- ------ -----    ------- ------ -----   ---- --  -------- -----------

   [No hits detected that satisfy reporting thresholds]


Domain annotation for each sequence (and alignments):

   [No targets detected that satisfy reporting thresholds]


Internal pipeline statistics summary:
-------------------------------------
Query model(s):                            1  (700 nodes)
Target sequences:                        829  (255913 residues searched)
Passed MSV filter:                        39  (0.0470446); expected 16.6 (0.02)
Passed bias filter:                       24  (0.0289505); expected 16.6 (0.02)
Passed Vit filter:                         3  (0.00361882); expected 0.8 (0.001)
Passed Fwd filter:                         0  (0); expected 0.0 (1e-05)
Initial search space (Z):                829  [actual number of targets]
Domain search space  (domZ):               0  [number of targets reported over threshold]
# CPU time: 0.01u 0.00s 00:00:00.01 Elapsed: 00:00:00.01
# Mc/sec: 14324.05
//
Query:       pchlide-04012025  [M=508]
Scores for complete sequences (score includes all domains):
   --- full sequence ---   --- best 1 domain ---    -#dom-
    E-value  score  bias    E-value  score  bias    exp  N  Sequence Description
    ------- ------ -----    ------- ------ -----   ---- --  -------- -----------

   [No hits detected that satisfy reporting thresholds]


Domain annotation for each sequence (and alignments):

   [No targets detected that satisfy reporting thresholds]


Internal pipeline statistics summary:
-------------------------------------
Query model(s):                            1  (508 nodes)
Target sequences:                        829  (255913 residues searched)
Passed MSV filter:                        36  (0.0434258); expected 16.6 (0.02)
Passed bias filter:                       28  (0.0337756); expected 16.6 (0.02)
Passed Vit filter:                         1  (0.00120627); expected 0.8 (0.001)
Passed Fwd filter:                         0  (0); expected 0.0 (1e-05)
Initial search space (Z):                829  [actual number of targets]
Domain search space  (domZ):               0  [number of targets reported over threshold]
# CPU time: 0.01u 0.00s 00:00:00.01 Elapsed: 00:00:00.00
# Mc/sec: 14759.30
//
[ok]
# hmmsearch :: search profile(s) against a sequence database
# HMMER 3.4 (Aug 2023); http://hmmer.org/
# Copyright (C) 2023 Howard Hughes Medical Institute.
# Freely distributed under the BSD open source license.
# - - - - - - - - - - - - - - - - - - - - - - - - - - - - - - - - - - - -
# query HMM file:                  ../HMMs/nifV_07242025.hmm
# target sequence database:        ../all_rep_proteins_aa/bacteria/GB_GCA_002373935.1_protein.faa
# - - - - - - - - - - - - - - - - - - - - - - - - - - - - - - - - - - - -

Query:       nifV-07242025  [M=437]
Scores for complete sequences (score includes all domains):
   --- full sequence ---   --- best 1 domain ---    -#dom-
    E-value  score  bias    E-value  score  bias    exp  N  Sequence Description
    ------- ------ -----    ------- ------ -----   ---- --  -------- -----------

   [No hits detected that satisfy reporting thresholds]


Domain annotation for each sequence (and alignments):

   [No targets detected that satisfy reporting thresholds]


Internal pipeline statistics summary:
-------------------------------------
Query model(s):                            1  (437 nodes)
Target sequences:                        829  (255913 residues searched)
Passed MSV filter:                        28  (0.0337756); expected 16.6 (0.02)
Passed bias filter:                       17  (0.0205066); expected 16.6 (0.02)
Passed Vit filter:                         2  (0.00241255); expected 0.8 (0.001)
Passed Fwd filter:                         0  (0); expected 0.0 (1e-05)
Initial search space (Z):                829  [actual number of targets]
Domain search space  (domZ):               0  [number of targets reported over threshold]
# CPU time: 0.00u 0.00s 00:00:00.00 Elapsed: 00:00:00.00
# Mc/sec: 16426.05
//
[ok]
