# hmmsearch :: search profile(s) against a sequence database
# HMMER 3.4 (Aug 2023); http://hmmer.org/
# Copyright (C) 2023 Howard Hughes Medical Institute.
# Freely distributed under the BSD open source license.
# - - - - - - - - - - - - - - - - - - - - - - - - - - - - - - - - - - - -
# query HMM file:                  ../HMMs/combined_nif_04012025.hmm
# target sequence database:        ../all_rep_proteins_aa/bacteria/GB_GCA_900321715.1_protein.faa
# - - - - - - - - - - - - - - - - - - - - - - - - - - - - - - - - - - - -

Query:       nifH-03292025  [M=327]
Scores for complete sequences (score includes all domains):
   --- full sequence ---   --- best 1 domain ---    -#dom-
    E-value  score  bias    E-value  score  bias    exp  N  Sequence          Description
    ------- ------ -----    ------- ------ -----   ---- --  --------          -----------
    6.7e-12   41.8   0.1    5.4e-08   28.9   0.0    2.1  2  ONXC01000009.1_63  # 70279 # 71049 # 1 # ID=6_63;partial=00;s
    3.8e-06   22.9   0.0    1.1e-05   21.4   0.1    1.6  2  ONXC01000003.1_57  # 77143 # 78204 # 1 # ID=10_57;partial=00;


Domain annotation for each sequence (and alignments):
>> ONXC01000009.1_63  # 70279 # 71049 # 1 # ID=6_63;partial=00;start_type=ATG;rbs_motif=AAA;rbs_spacer=10bp;gc_cont=0.51
   #    score  bias  c-Evalue  i-Evalue hmmfrom  hmm to    alifrom  ali to    envfrom  env to     acc
 ---   ------ ----- --------- --------- ------- -------    ------- -------    ------- -------    ----
   1 !   28.9   0.0   6.4e-11   5.4e-08      17      55 ..      11      49 ..       2      67 .. 0.90
   2 !   11.0   0.0   1.8e-05     0.015     148     256 ..     141     254 ..     139     256 .. 0.85

  Alignments for each domain:
  == domain 1  score: 28.9 bits;  conditional E-value: 6.4e-11
      nifH-03292025 17 KGGiGKSttasnlsaalaeegkkvlivGCdPKaDstrll 55
                       KGG+GK tta nl+a la  +k+vli+  dP a +t+ l
  ONXC01000009.1_63 11 KGGVGKTTTAINLAASLAVLEKRVLIIDADPQANTTSGL 49
                       9**********************************9876 PP

  == domain 2  score: 11.0 bits;  conditional E-value: 1.8e-05
      nifH-03292025 148 kadevyivtsgemmalYaanniakgikkyaee..ggvrlgGlicNsr..kvdkeeelveefaeklgtqiiaf.vprsnevqkaelekktvie 234
                         ad+v+i +  e+ al     ++++i+ +++      ++ G+++ +   +++ ++++v ++ ++++  ++++ ++rs  +++a   +k +i 
  ONXC01000009.1_63 141 AADSVMIPVQPEFFALEGLAKLIQTIRLVQNGinPALTIEGFVVTMFdgRTKVHNQVVAQLRDHFKDMVFNTvIQRSIRLSEAPSYGKPIIL 232
                        58999999999999999999999999999997334566789998876115677899*********99998762578999************* PP

      nifH-03292025 235 aapdseqakeyreLakkilenk 256
                        ++  ++ +++y++Lak++l+++
  ONXC01000009.1_63 233 YDVMNNGTSNYMNLAKEVLDKN 254
                        ******************9876 PP

>> ONXC01000003.1_57  # 77143 # 78204 # 1 # ID=10_57;partial=00;start_type=ATG;rbs_motif=AAA;rbs_spacer=11bp;gc_cont=0.5
   #    score  bias  c-Evalue  i-Evalue hmmfrom  hmm to    alifrom  ali to    envfrom  env to     acc
 ---   ------ ----- --------- --------- ------- -------    ------- -------    ------- -------    ----
   1 !   21.4   0.1   1.3e-08   1.1e-05      16      40 ..     110     134 ..      96     152 .. 0.90
   2 ?   -1.9   0.0      0.15   1.3e+02     160     192 ..     250     280 ..     239     349 .. 0.73

  Alignments for each domain:
  == domain 1  score: 21.4 bits;  conditional E-value: 1.3e-08
      nifH-03292025  16 GKGGiGKSttasnlsaalaeegkkv 40 
                        GKGG+GKSt+a nl++ala+ g++v
  ONXC01000003.1_57 110 GKGGVGKSTVAVNLAVALARLGYRV 134
                        **********************998 PP

  == domain 2  score: -1.9 bits;  conditional E-value: 0.15
      nifH-03292025 160 mmalYaanniakgikkyaee.ggvrlgGlicNsr 192
                        ++al    ++++g++ +++   +  + Gl+ N+ 
  ONXC01000003.1_57 250 TVAL---ADVLRGVNMFRNPqVQKPVFGLVENMS 280
                        5544...677888888876535566778888764 PP



Internal pipeline statistics summary:
-------------------------------------
Query model(s):                            1  (327 nodes)
Target sequences:                       1681  (645894 residues searched)
Passed MSV filter:                        78  (0.046401); expected 33.6 (0.02)
Passed bias filter:                       56  (0.0333135); expected 33.6 (0.02)
Passed Vit filter:                        10  (0.00594884); expected 1.7 (0.001)
Passed Fwd filter:                         2  (0.00118977); expected 0.0 (1e-05)
Initial search space (Z):               1681  [actual number of targets]
Domain search space  (domZ):               2  [number of targets reported over threshold]
# CPU time: 0.02u 0.00s 00:00:00.02 Elapsed: 00:00:00.01
# Mc/sec: 13150.59
//
Query:       nifD-03292025  [M=482]
Scores for complete sequences (score includes all domains):
   --- full sequence ---   --- best 1 domain ---    -#dom-
    E-value  score  bias    E-value  score  bias    exp  N  Sequence Description
    ------- ------ -----    ------- ------ -----   ---- --  -------- -----------

   [No hits detected that satisfy reporting thresholds]


Domain annotation for each sequence (and alignments):

   [No targets detected that satisfy reporting thresholds]


Internal pipeline statistics summary:
-------------------------------------
Query model(s):                            1  (482 nodes)
Target sequences:                       1681  (645894 residues searched)
Passed MSV filter:                        61  (0.0362879); expected 33.6 (0.02)
Passed bias filter:                       51  (0.0303391); expected 33.6 (0.02)
Passed Vit filter:                         1  (0.000594884); expected 1.7 (0.001)
Passed Fwd filter:                         0  (0); expected 0.0 (1e-05)
Initial search space (Z):               1681  [actual number of targets]
Domain search space  (domZ):               0  [number of targets reported over threshold]
# CPU time: 0.02u 0.00s 00:00:00.02 Elapsed: 00:00:00.01
# Mc/sec: 22687.05
//
Query:       nifK-03292025  [M=490]
Scores for complete sequences (score includes all domains):
   --- full sequence ---   --- best 1 domain ---    -#dom-
    E-value  score  bias    E-value  score  bias    exp  N  Sequence Description
    ------- ------ -----    ------- ------ -----   ---- --  -------- -----------

   [No hits detected that satisfy reporting thresholds]


Domain annotation for each sequence (and alignments):

   [No targets detected that satisfy reporting thresholds]


Internal pipeline statistics summary:
-------------------------------------
Query model(s):                            1  (490 nodes)
Target sequences:                       1681  (645894 residues searched)
Passed MSV filter:                        46  (0.0273647); expected 33.6 (0.02)
Passed bias filter:                       38  (0.0226056); expected 33.6 (0.02)
Passed Vit filter:                         3  (0.00178465); expected 1.7 (0.001)
Passed Fwd filter:                         0  (0); expected 0.0 (1e-05)
Initial search space (Z):               1681  [actual number of targets]
Domain search space  (domZ):               0  [number of targets reported over threshold]
# CPU time: 0.02u 0.00s 00:00:00.02 Elapsed: 00:00:00.01
# Mc/sec: 27464.38
//
Query:       nifB-03292025  [M=505]
Scores for complete sequences (score includes all domains):
   --- full sequence ---   --- best 1 domain ---    -#dom-
    E-value  score  bias    E-value  score  bias    exp  N  Sequence Description
    ------- ------ -----    ------- ------ -----   ---- --  -------- -----------

   [No hits detected that satisfy reporting thresholds]


Domain annotation for each sequence (and alignments):

   [No targets detected that satisfy reporting thresholds]


Internal pipeline statistics summary:
-------------------------------------
Query model(s):                            1  (505 nodes)
Target sequences:                       1681  (645894 residues searched)
Passed MSV filter:                        45  (0.0267698); expected 33.6 (0.02)
Passed bias filter:                       38  (0.0226056); expected 33.6 (0.02)
Passed Vit filter:                         2  (0.00118977); expected 1.7 (0.001)
Passed Fwd filter:                         0  (0); expected 0.0 (1e-05)
Initial search space (Z):               1681  [actual number of targets]
Domain search space  (domZ):               0  [number of targets reported over threshold]
# CPU time: 0.02u 0.00s 00:00:00.02 Elapsed: 00:00:00.01
# Mc/sec: 26373.55
//
Query:       nifE-03292025  [M=556]
Scores for complete sequences (score includes all domains):
   --- full sequence ---   --- best 1 domain ---    -#dom-
    E-value  score  bias    E-value  score  bias    exp  N  Sequence Description
    ------- ------ -----    ------- ------ -----   ---- --  -------- -----------

   [No hits detected that satisfy reporting thresholds]


Domain annotation for each sequence (and alignments):

   [No targets detected that satisfy reporting thresholds]


Internal pipeline statistics summary:
-------------------------------------
Query model(s):                            1  (556 nodes)
Target sequences:                       1681  (645894 residues searched)
Passed MSV filter:                        60  (0.035693); expected 33.6 (0.02)
Passed bias filter:                       48  (0.0285544); expected 33.6 (0.02)
Passed Vit filter:                         8  (0.00475907); expected 1.7 (0.001)
Passed Fwd filter:                         0  (0); expected 0.0 (1e-05)
Initial search space (Z):               1681  [actual number of targets]
Domain search space  (domZ):               0  [number of targets reported over threshold]
# CPU time: 0.02u 0.01s 00:00:00.03 Elapsed: 00:00:00.02
# Mc/sec: 14912.43
//
Query:       nifN-03292025  [M=700]
Scores for complete sequences (score includes all domains):
   --- full sequence ---   --- best 1 domain ---    -#dom-
    E-value  score  bias    E-value  score  bias    exp  N  Sequence Description
    ------- ------ -----    ------- ------ -----   ---- --  -------- -----------

   [No hits detected that satisfy reporting thresholds]


Domain annotation for each sequence (and alignments):

   [No targets detected that satisfy reporting thresholds]


Internal pipeline statistics summary:
-------------------------------------
Query model(s):                            1  (700 nodes)
Target sequences:                       1681  (645894 residues searched)
Passed MSV filter:                        58  (0.0345033); expected 33.6 (0.02)
Passed bias filter:                       45  (0.0267698); expected 33.6 (0.02)
Passed Vit filter:                         4  (0.00237954); expected 1.7 (0.001)
Passed Fwd filter:                         0  (0); expected 0.0 (1e-05)
Initial search space (Z):               1681  [actual number of targets]
Domain search space  (domZ):               0  [number of targets reported over threshold]
# CPU time: 0.03u 0.00s 00:00:00.03 Elapsed: 00:00:00.02
# Mc/sec: 16146.25
//
Query:       pchlide-04012025  [M=508]
Scores for complete sequences (score includes all domains):
   --- full sequence ---   --- best 1 domain ---    -#dom-
    E-value  score  bias    E-value  score  bias    exp  N  Sequence Description
    ------- ------ -----    ------- ------ -----   ---- --  -------- -----------

   [No hits detected that satisfy reporting thresholds]


Domain annotation for each sequence (and alignments):

   [No targets detected that satisfy reporting thresholds]


Internal pipeline statistics summary:
-------------------------------------
Query model(s):                            1  (508 nodes)
Target sequences:                       1681  (645894 residues searched)
Passed MSV filter:                        55  (0.0327186); expected 33.6 (0.02)
Passed bias filter:                       43  (0.02558); expected 33.6 (0.02)
Passed Vit filter:                         2  (0.00118977); expected 1.7 (0.001)
Passed Fwd filter:                         0  (0); expected 0.0 (1e-05)
Initial search space (Z):               1681  [actual number of targets]
Domain search space  (domZ):               0  [number of targets reported over threshold]
# CPU time: 0.02u 0.00s 00:00:00.02 Elapsed: 00:00:00.01
# Mc/sec: 25469.38
//
[ok]
# hmmsearch :: search profile(s) against a sequence database
# HMMER 3.4 (Aug 2023); http://hmmer.org/
# Copyright (C) 2023 Howard Hughes Medical Institute.
# Freely distributed under the BSD open source license.
# - - - - - - - - - - - - - - - - - - - - - - - - - - - - - - - - - - - -
# query HMM file:                  ../HMMs/nifV_07242025.hmm
# target sequence database:        ../all_rep_proteins_aa/bacteria/GB_GCA_900321715.1_protein.faa
# - - - - - - - - - - - - - - - - - - - - - - - - - - - - - - - - - - - -

Query:       nifV-07242025  [M=437]
Scores for complete sequences (score includes all domains):
   --- full sequence ---   --- best 1 domain ---    -#dom-
    E-value  score  bias    E-value  score  bias    exp  N  Sequence Description
    ------- ------ -----    ------- ------ -----   ---- --  -------- -----------

   [No hits detected that satisfy reporting thresholds]


Domain annotation for each sequence (and alignments):

   [No targets detected that satisfy reporting thresholds]


Internal pipeline statistics summary:
-------------------------------------
Query model(s):                            1  (437 nodes)
Target sequences:                       1681  (645894 residues searched)
Passed MSV filter:                        62  (0.0368828); expected 33.6 (0.02)
Passed bias filter:                       49  (0.0291493); expected 33.6 (0.02)
Passed Vit filter:                         1  (0.000594884); expected 1.7 (0.001)
Passed Fwd filter:                         0  (0); expected 0.0 (1e-05)
Initial search space (Z):               1681  [actual number of targets]
Domain search space  (domZ):               0  [number of targets reported over threshold]
# CPU time: 0.01u 0.00s 00:00:00.01 Elapsed: 00:00:00.01
# Mc/sec: 27568.87
//
[ok]
