# hmmsearch :: search profile(s) against a sequence database
# HMMER 3.4 (Aug 2023); http://hmmer.org/
# Copyright (C) 2023 Howard Hughes Medical Institute.
# Freely distributed under the BSD open source license.
# - - - - - - - - - - - - - - - - - - - - - - - - - - - - - - - - - - - -
# query HMM file:                  ../HMMs/combined_nif_04012025.hmm
# target sequence database:        ../all_rep_proteins_aa/bacteria/GB_GCA_944350015.1_protein.faa
# - - - - - - - - - - - - - - - - - - - - - - - - - - - - - - - - - - - -

Query:       nifH-03292025  [M=327]
Scores for complete sequences (score includes all domains):
   --- full sequence ---   --- best 1 domain ---    -#dom-
    E-value  score  bias    E-value  score  bias    exp  N  Sequence             Description
    ------- ------ -----    ------- ------ -----   ---- --  --------             -----------
    5.8e-12   41.3   0.9    3.4e-07   25.7   0.5    2.1  2  CALVNW010000003.1_28  # 29562 # 30389 # 1 # ID=3_28;partial=0
      2e-07   26.4   0.0     0.0002   16.6   0.0    2.2  2  CALVNW010000004.1_46  # 47667 # 48458 # 1 # ID=4_46;partial=0
     0.0049   12.0   0.1      0.013   10.6   0.1    1.7  1  CALVNW010000002.1_68  # 74701 # 77379 # 1 # ID=2_68;partial=0


Domain annotation for each sequence (and alignments):
>> CALVNW010000003.1_28  # 29562 # 30389 # 1 # ID=3_28;partial=00;start_type=ATG;rbs_motif=GGA/GAG/AGG;rbs_spacer=5-10bp
   #    score  bias  c-Evalue  i-Evalue hmmfrom  hmm to    alifrom  ali to    envfrom  env to     acc
 ---   ------ ----- --------- --------- ------- -------    ------- -------    ------- -------    ----
   1 !   25.7   0.5   9.5e-10   3.4e-07      17      82 ..      11      75 ..       4      83 .. 0.84
   2 !   14.0   0.0   3.5e-06    0.0012     158     268 ..     150     264 ..     139     272 .. 0.72

  Alignments for each domain:
  == domain 1  score: 25.7 bits;  conditional E-value: 9.5e-10
         nifH-03292025 17 KGGiGKSttasnlsaalaeegkkvlivGCdPKaDstrll..lggkaqktvldllrekgedleledvvk 82
                          KGG+GK tt  nl+a ++ +gkkvl+v  d    +t+ l   ++k+ kt+ dl++     +++e+v+k
  CALVNW010000003.1_28 11 KGGVGKTTTCINLAAYVSAMGKKVLVVDLDSQGNATSGLgiDKTKELKTIYDLISGD---TKMEEVIK 75
                          9*****************************999888876215778899999999854...45566665 PP

  == domain 2  score: 14.0 bits;  conditional E-value: 3.5e-06
         nifH-03292025 158 gemmalYaanniakgik..kyaeeggvrlgGlicNsrkvdke..eelveefaeklgtqii.afvprsnevqkaelekktvieaapdseq 241
                           +e+  l     ++++ik  k++ + ++ + G+++ +++++++  +++ +e+ + +g +++ +++pr+  + +a  +++ ++ ++p+s+ 
  CALVNW010000003.1_28 150 CEFFPLEGLTQLMNTIKliKFHLNPTIDIEGVVMTMKDKRSNltTQVSDEILKFFGKRVFfTYIPRNIRLAEAPSHGEPILIYEPSSKG 238
                           555555555556666652245556778888988877665544225667778888888875278************************** PP

         nifH-03292025 242 akeyreLakkilenkklvipkplseee 268
                           a++y++La++ l+ +k    +p++ e 
  CALVNW010000003.1_28 239 AEAYMSLAEEFLDRNKIKY-NPITRET 264
                           **********998877665.4887765 PP

>> CALVNW010000004.1_46  # 47667 # 48458 # 1 # ID=4_46;partial=00;start_type=ATG;rbs_motif=GGAG/GAGG;rbs_spacer=5-10bp;g
   #    score  bias  c-Evalue  i-Evalue hmmfrom  hmm to    alifrom  ali to    envfrom  env to     acc
 ---   ------ ----- --------- --------- ------- -------    ------- -------    ------- -------    ----
   1 !   16.6   0.0   5.6e-07    0.0002      15      42 ..       9      36 ..       1      61 [. 0.89
   2 !    8.1   0.0   0.00021     0.076     149     260 ..     135     242 ..     105     256 .. 0.79

  Alignments for each domain:
  == domain 1  score: 16.6 bits;  conditional E-value: 5.6e-07
         nifH-03292025 15 YGKGGiGKSttasnlsaalaeegkkvli 42
                           GKGG+GK t+ +nl   la+ g +v+ 
  CALVNW010000004.1_46  9 SGKGGVGKTTICANLGIQLAKLGFRVVL 36
                          5**********************99976 PP

  == domain 2  score: 8.1 bits;  conditional E-value: 0.00021
         nifH-03292025 149 adevyivtsgemmalYaanniakgikkyaeeggvrlgGlicNsrkvd....keeelveefaeklgtqiiafvprsnevqkaelekktvi 233
                           a+e +iv++  + ++  a+ ++  ++ y     ++ +Gl++N+ + d     +   ve+++++l+  ++  +p+++ + +++  ++ v 
  CALVNW010000004.1_46 135 ANEAIIVVTPHLSSIRDADKVIGLLNDYD----ISYKGLVVNRVRGDlllnGQMMAVENIVRALNLPLLGVIPEDDAIGESNSLGERVQ 219
                           56666777777777777777766666665....66779999987754222278899***********************9998888776 PP

         nifH-03292025 234 eaapdseqakeyreLakkilenkklvi 260
                           ++    e+a++++ L+++i++ +k+++
  CALVNW010000004.1_46 220 SI----ESARAFTLLSENIHNGSKKIF 242
                           55....668889999999998877665 PP

>> CALVNW010000002.1_68  # 74701 # 77379 # 1 # ID=2_68;partial=00;start_type=ATG;rbs_motif=GGAG/GAGG;rbs_spacer=5-10bp;g
   #    score  bias  c-Evalue  i-Evalue hmmfrom  hmm to    alifrom  ali to    envfrom  env to     acc
 ---   ------ ----- --------- --------- ------- -------    ------- -------    ------- -------    ----
   1 !   10.6   0.1   3.7e-05     0.013      11      50 ..     504     541 ..     495     554 .. 0.86

  Alignments for each domain:
  == domain 1  score: 10.6 bits;  conditional E-value: 3.7e-05
         nifH-03292025  11 kiAiYGKGGiGKSttasnlsaalaeegkkvlivGCdPKaD 50 
                           ++ i GK G GKS  ++ l a +a +++k++i  CdP + 
  CALVNW010000002.1_68 504 NMMIIGKSGSGKSFATKTLLANFAADNTKIFI--CDPEKE 541
                           56789*************************98..9*9765 PP



Internal pipeline statistics summary:
-------------------------------------
Query model(s):                            1  (327 nodes)
Target sequences:                       1076  (352132 residues searched)
Passed MSV filter:                        86  (0.0799257); expected 21.5 (0.02)
Passed bias filter:                       50  (0.0464684); expected 21.5 (0.02)
Passed Vit filter:                        16  (0.0148699); expected 1.1 (0.001)
Passed Fwd filter:                         3  (0.0027881); expected 0.0 (1e-05)
Initial search space (Z):               1076  [actual number of targets]
Domain search space  (domZ):               3  [number of targets reported over threshold]
# CPU time: 0.01u 0.00s 00:00:00.01 Elapsed: 00:00:00.02
# Mc/sec: 4755.27
//
Query:       nifD-03292025  [M=482]
Scores for complete sequences (score includes all domains):
   --- full sequence ---   --- best 1 domain ---    -#dom-
    E-value  score  bias    E-value  score  bias    exp  N  Sequence Description
    ------- ------ -----    ------- ------ -----   ---- --  -------- -----------

   [No hits detected that satisfy reporting thresholds]


Domain annotation for each sequence (and alignments):

   [No targets detected that satisfy reporting thresholds]


Internal pipeline statistics summary:
-------------------------------------
Query model(s):                            1  (482 nodes)
Target sequences:                       1076  (352132 residues searched)
Passed MSV filter:                        78  (0.0724907); expected 21.5 (0.02)
Passed bias filter:                       24  (0.0223048); expected 21.5 (0.02)
Passed Vit filter:                         0  (0); expected 1.1 (0.001)
Passed Fwd filter:                         0  (0); expected 0.0 (1e-05)
Initial search space (Z):               1076  [actual number of targets]
Domain search space  (domZ):               0  [number of targets reported over threshold]
# CPU time: 0.01u 0.00s 00:00:00.01 Elapsed: 00:00:00.00
# Mc/sec: 19079.42
//
Query:       nifK-03292025  [M=490]
Scores for complete sequences (score includes all domains):
   --- full sequence ---   --- best 1 domain ---    -#dom-
    E-value  score  bias    E-value  score  bias    exp  N  Sequence Description
    ------- ------ -----    ------- ------ -----   ---- --  -------- -----------

   [No hits detected that satisfy reporting thresholds]


Domain annotation for each sequence (and alignments):

   [No targets detected that satisfy reporting thresholds]


Internal pipeline statistics summary:
-------------------------------------
Query model(s):                            1  (490 nodes)
Target sequences:                       1076  (352132 residues searched)
Passed MSV filter:                        53  (0.0492565); expected 21.5 (0.02)
Passed bias filter:                       28  (0.0260223); expected 21.5 (0.02)
Passed Vit filter:                         0  (0); expected 1.1 (0.001)
Passed Fwd filter:                         0  (0); expected 0.0 (1e-05)
Initial search space (Z):               1076  [actual number of targets]
Domain search space  (domZ):               0  [number of targets reported over threshold]
# CPU time: 0.01u 0.00s 00:00:00.01 Elapsed: 00:00:00.00
# Mc/sec: 17854.10
//
Query:       nifB-03292025  [M=505]
Scores for complete sequences (score includes all domains):
   --- full sequence ---   --- best 1 domain ---    -#dom-
    E-value  score  bias    E-value  score  bias    exp  N  Sequence Description
    ------- ------ -----    ------- ------ -----   ---- --  -------- -----------

   [No hits detected that satisfy reporting thresholds]


Domain annotation for each sequence (and alignments):

   [No targets detected that satisfy reporting thresholds]


Internal pipeline statistics summary:
-------------------------------------
Query model(s):                            1  (505 nodes)
Target sequences:                       1076  (352132 residues searched)
Passed MSV filter:                        61  (0.0566914); expected 21.5 (0.02)
Passed bias filter:                       30  (0.027881); expected 21.5 (0.02)
Passed Vit filter:                         3  (0.0027881); expected 1.1 (0.001)
Passed Fwd filter:                         0  (0); expected 0.0 (1e-05)
Initial search space (Z):               1076  [actual number of targets]
Domain search space  (domZ):               0  [number of targets reported over threshold]
# CPU time: 0.01u 0.01s 00:00:00.02 Elapsed: 00:00:00.01
# Mc/sec: 16536.45
//
Query:       nifE-03292025  [M=556]
Scores for complete sequences (score includes all domains):
   --- full sequence ---   --- best 1 domain ---    -#dom-
    E-value  score  bias    E-value  score  bias    exp  N  Sequence Description
    ------- ------ -----    ------- ------ -----   ---- --  -------- -----------

   [No hits detected that satisfy reporting thresholds]


Domain annotation for each sequence (and alignments):

   [No targets detected that satisfy reporting thresholds]


Internal pipeline statistics summary:
-------------------------------------
Query model(s):                            1  (556 nodes)
Target sequences:                       1076  (352132 residues searched)
Passed MSV filter:                        63  (0.0585502); expected 21.5 (0.02)
Passed bias filter:                       28  (0.0260223); expected 21.5 (0.02)
Passed Vit filter:                         1  (0.000929368); expected 1.1 (0.001)
Passed Fwd filter:                         0  (0); expected 0.0 (1e-05)
Initial search space (Z):               1076  [actual number of targets]
Domain search space  (domZ):               0  [number of targets reported over threshold]
# CPU time: 0.01u 0.00s 00:00:00.01 Elapsed: 00:00:00.01
# Mc/sec: 16962.55
//
Query:       nifN-03292025  [M=700]
Scores for complete sequences (score includes all domains):
   --- full sequence ---   --- best 1 domain ---    -#dom-
    E-value  score  bias    E-value  score  bias    exp  N  Sequence Description
    ------- ------ -----    ------- ------ -----   ---- --  -------- -----------

   [No hits detected that satisfy reporting thresholds]


Domain annotation for each sequence (and alignments):

   [No targets detected that satisfy reporting thresholds]


Internal pipeline statistics summary:
-------------------------------------
Query model(s):                            1  (700 nodes)
Target sequences:                       1076  (352132 residues searched)
Passed MSV filter:                        53  (0.0492565); expected 21.5 (0.02)
Passed bias filter:                       43  (0.0399628); expected 21.5 (0.02)
Passed Vit filter:                         4  (0.00371747); expected 1.1 (0.001)
Passed Fwd filter:                         0  (0); expected 0.0 (1e-05)
Initial search space (Z):               1076  [actual number of targets]
Domain search space  (domZ):               0  [number of targets reported over threshold]
# CPU time: 0.01u 0.00s 00:00:00.01 Elapsed: 00:00:00.01
# Mc/sec: 15187.20
//
Query:       pchlide-04012025  [M=508]
Scores for complete sequences (score includes all domains):
   --- full sequence ---   --- best 1 domain ---    -#dom-
    E-value  score  bias    E-value  score  bias    exp  N  Sequence Description
    ------- ------ -----    ------- ------ -----   ---- --  -------- -----------

   [No hits detected that satisfy reporting thresholds]


Domain annotation for each sequence (and alignments):

   [No targets detected that satisfy reporting thresholds]


Internal pipeline statistics summary:
-------------------------------------
Query model(s):                            1  (508 nodes)
Target sequences:                       1076  (352132 residues searched)
Passed MSV filter:                        33  (0.0306691); expected 21.5 (0.02)
Passed bias filter:                       25  (0.0232342); expected 21.5 (0.02)
Passed Vit filter:                         1  (0.000929368); expected 1.1 (0.001)
Passed Fwd filter:                         0  (0); expected 0.0 (1e-05)
Initial search space (Z):               1076  [actual number of targets]
Domain search space  (domZ):               0  [number of targets reported over threshold]
# CPU time: 0.02u 0.00s 00:00:00.02 Elapsed: 00:00:00.01
# Mc/sec: 13732.27
//
[ok]
# hmmsearch :: search profile(s) against a sequence database
# HMMER 3.4 (Aug 2023); http://hmmer.org/
# Copyright (C) 2023 Howard Hughes Medical Institute.
# Freely distributed under the BSD open source license.
# - - - - - - - - - - - - - - - - - - - - - - - - - - - - - - - - - - - -
# query HMM file:                  ../HMMs/nifV_07242025.hmm
# target sequence database:        ../all_rep_proteins_aa/bacteria/GB_GCA_944350015.1_protein.faa
# - - - - - - - - - - - - - - - - - - - - - - - - - - - - - - - - - - - -

Query:       nifV-07242025  [M=437]
Scores for complete sequences (score includes all domains):
   --- full sequence ---   --- best 1 domain ---    -#dom-
    E-value  score  bias    E-value  score  bias    exp  N  Sequence Description
    ------- ------ -----    ------- ------ -----   ---- --  -------- -----------

   [No hits detected that satisfy reporting thresholds]


Domain annotation for each sequence (and alignments):

   [No targets detected that satisfy reporting thresholds]


Internal pipeline statistics summary:
-------------------------------------
Query model(s):                            1  (437 nodes)
Target sequences:                       1076  (352132 residues searched)
Passed MSV filter:                        24  (0.0223048); expected 21.5 (0.02)
Passed bias filter:                       17  (0.0157993); expected 21.5 (0.02)
Passed Vit filter:                         1  (0.000929368); expected 1.1 (0.001)
Passed Fwd filter:                         0  (0); expected 0.0 (1e-05)
Initial search space (Z):               1076  [actual number of targets]
Domain search space  (domZ):               0  [number of targets reported over threshold]
# CPU time: 0.01u 0.00s 00:00:00.01 Elapsed: 00:00:00.00
# Mc/sec: 20366.23
//
[ok]
