# hmmsearch :: search profile(s) against a sequence database
# HMMER 3.4 (Aug 2023); http://hmmer.org/
# Copyright (C) 2023 Howard Hughes Medical Institute.
# Freely distributed under the BSD open source license.
# - - - - - - - - - - - - - - - - - - - - - - - - - - - - - - - - - - - -
# query HMM file:                  ../HMMs/combined_nif_04012025.hmm
# target sequence database:        ../all_rep_proteins_aa/bacteria/GB_GCA_016203535.1_protein.faa
# - - - - - - - - - - - - - - - - - - - - - - - - - - - - - - - - - - - -

Query:       nifH-03292025  [M=327]
Scores for complete sequences (score includes all domains):
   --- full sequence ---   --- best 1 domain ---    -#dom-
    E-value  score  bias    E-value  score  bias    exp  N  Sequence            Description
    ------- ------ -----    ------- ------ -----   ---- --  --------            -----------
    3.6e-13   44.9   0.0    7.3e-08   27.5   0.0    2.1  2  JACQMO010000016.1_4  # 3706 # 4485 # 1 # ID=5_4;partial=00;st


Domain annotation for each sequence (and alignments):
>> JACQMO010000016.1_4  # 3706 # 4485 # 1 # ID=5_4;partial=00;start_type=ATG;rbs_motif=None;rbs_spacer=None;gc_cont=0.58
   #    score  bias  c-Evalue  i-Evalue hmmfrom  hmm to    alifrom  ali to    envfrom  env to     acc
 ---   ------ ----- --------- --------- ------- -------    ------- -------    ------- -------    ----
   1 !   27.5   0.0     9e-11   7.3e-08      17      55 ..      11      49 ..       5      81 .. 0.92
   2 !   15.6   0.0   3.6e-07    0.0003     149     258 ..     141     255 ..     138     259 .. 0.84

  Alignments for each domain:
  == domain 1  score: 27.5 bits;  conditional E-value: 9e-11
        nifH-03292025 17 KGGiGKSttasnlsaalaeegkkvlivGCdPKaDstrll 55
                         KGG+GK tta nl a lae+gk vliv  dP a +t+ +
  JACQMO010000016.1_4 11 KGGVGKTTTAINLGAYLAEQGKFVLIVDLDPQANATSGI 49
                         9*********************************99765 PP

  == domain 2  score: 15.6 bits;  conditional E-value: 3.6e-07
        nifH-03292025 149 adevyivtsgemmalYaanniakgikkyaee..ggvrlgGlicNs..rkvdkeeelveefaeklgtqiiaf.vprsnevqkaelekktvi 233
                          adev i + +e+ al     ++++++ ++++   +v++ G +  +   +++  +++++e+ + +  +i+   +pr+  + +a   ++ + 
  JACQMO010000016.1_4 141 ADEVLIPVQTEYYALEGLGQLLETVHLVKKNlrPEVQVLGAVLTMydSRTKLSDDVMQELYKYFPNNIFRSvIPRNVRLAEAPSFGRSIA 230
                          89999999999999999999999999888875567888887766511455667899********9999975279**************** PP

        nifH-03292025 234 eaapdseqakeyreLakkilenkkl 258
                           ++p s+ ak+y++La++il+++ +
  JACQMO010000016.1_4 231 TFDPISKGAKAYERLAREILDTEYQ 255
                          *******************988755 PP



Internal pipeline statistics summary:
-------------------------------------
Query model(s):                            1  (327 nodes)
Target sequences:                        810  (251065 residues searched)
Passed MSV filter:                        31  (0.0382716); expected 16.2 (0.02)
Passed bias filter:                       26  (0.0320988); expected 16.2 (0.02)
Passed Vit filter:                         3  (0.0037037); expected 0.8 (0.001)
Passed Fwd filter:                         1  (0.00123457); expected 0.0 (1e-05)
Initial search space (Z):                810  [actual number of targets]
Domain search space  (domZ):               1  [number of targets reported over threshold]
# CPU time: 0.01u 0.00s 00:00:00.01 Elapsed: 00:00:00.00
# Mc/sec: 9487.45
//
Query:       nifD-03292025  [M=482]
Scores for complete sequences (score includes all domains):
   --- full sequence ---   --- best 1 domain ---    -#dom-
    E-value  score  bias    E-value  score  bias    exp  N  Sequence Description
    ------- ------ -----    ------- ------ -----   ---- --  -------- -----------

   [No hits detected that satisfy reporting thresholds]


Domain annotation for each sequence (and alignments):

   [No targets detected that satisfy reporting thresholds]


Internal pipeline statistics summary:
-------------------------------------
Query model(s):                            1  (482 nodes)
Target sequences:                        810  (251065 residues searched)
Passed MSV filter:                        28  (0.0345679); expected 16.2 (0.02)
Passed bias filter:                       26  (0.0320988); expected 16.2 (0.02)
Passed Vit filter:                         2  (0.00246914); expected 0.8 (0.001)
Passed Fwd filter:                         0  (0); expected 0.0 (1e-05)
Initial search space (Z):                810  [actual number of targets]
Domain search space  (domZ):               0  [number of targets reported over threshold]
# CPU time: 0.01u 0.00s 00:00:00.01 Elapsed: 00:00:00.00
# Mc/sec: 14959.93
//
Query:       nifK-03292025  [M=490]
Scores for complete sequences (score includes all domains):
   --- full sequence ---   --- best 1 domain ---    -#dom-
    E-value  score  bias    E-value  score  bias    exp  N  Sequence Description
    ------- ------ -----    ------- ------ -----   ---- --  -------- -----------

   [No hits detected that satisfy reporting thresholds]


Domain annotation for each sequence (and alignments):

   [No targets detected that satisfy reporting thresholds]


Internal pipeline statistics summary:
-------------------------------------
Query model(s):                            1  (490 nodes)
Target sequences:                        810  (251065 residues searched)
Passed MSV filter:                        14  (0.017284); expected 16.2 (0.02)
Passed bias filter:                       12  (0.0148148); expected 16.2 (0.02)
Passed Vit filter:                         2  (0.00246914); expected 0.8 (0.001)
Passed Fwd filter:                         0  (0); expected 0.0 (1e-05)
Initial search space (Z):                810  [actual number of targets]
Domain search space  (domZ):               0  [number of targets reported over threshold]
# CPU time: 0.01u 0.00s 00:00:00.01 Elapsed: 00:00:00.00
# Mc/sec: 16683.56
//
Query:       nifB-03292025  [M=505]
Scores for complete sequences (score includes all domains):
   --- full sequence ---   --- best 1 domain ---    -#dom-
    E-value  score  bias    E-value  score  bias    exp  N  Sequence            Description
    ------- ------ -----    ------- ------ -----   ---- --  --------            -----------
    4.2e-07   24.3   0.1    5.3e-07   24.0   0.1    1.1  1  JACQMO010000019.1_3  # 2726 # 3661 # -1 # ID=9_3;partial=00;s


Domain annotation for each sequence (and alignments):
>> JACQMO010000019.1_3  # 2726 # 3661 # -1 # ID=9_3;partial=00;start_type=ATG;rbs_motif=None;rbs_spacer=None;gc_cont=0.5
   #    score  bias  c-Evalue  i-Evalue hmmfrom  hmm to    alifrom  ali to    envfrom  env to     acc
 ---   ------ ----- --------- --------- ------- -------    ------- -------    ------- -------    ----
   1 !   24.0   0.1   6.6e-10   5.3e-07      78     202 ..       4     121 ..       2     159 .. 0.85

  Alignments for each domain:
  == domain 1  score: 24.0 bits;  conditional E-value: 6.6e-10
        nifB-03292025  78 RmHvavApaCNiqCnyCnRkydCanEsRPGvvsevLtpeqavkkvkavaae.ipqlsVvGiAGPGDalanpektfetlelvke.eapdlk 165
                          R+ + v  aC i+C yC   y    E R G     ++p+q+v+ ++ + a+ +  +  vG    GD+l   +   et e +++ +    +
  JACQMO010000019.1_3   4 RLFLLVNDACDIACTYCY--YTTGYETRSGA---HVSPDQSVEIAERIRATgFGTVILVG----GDPLQSRR-KHETYEIIRAcKGVGTR 83 
                          888999***********7..55556***995...789******99999766145444454....9***9655.78999999873567899 PP

        nifB-03292025 166 lClstNGLaLpe.yvdelaelnvdhvtvTiNavdpeig 202
                          + + t    L +  +d+l++l vd + + i + dpei 
  JACQMO010000019.1_3  84 VIINTSAVHLNDeDLDRLVALAVDRIDISIDSHDPEIH 121
                          99********86269*********************96 PP



Internal pipeline statistics summary:
-------------------------------------
Query model(s):                            1  (505 nodes)
Target sequences:                        810  (251065 residues searched)
Passed MSV filter:                        21  (0.0259259); expected 16.2 (0.02)
Passed bias filter:                       14  (0.017284); expected 16.2 (0.02)
Passed Vit filter:                         1  (0.00123457); expected 0.8 (0.001)
Passed Fwd filter:                         1  (0.00123457); expected 0.0 (1e-05)
Initial search space (Z):                810  [actual number of targets]
Domain search space  (domZ):               1  [number of targets reported over threshold]
# CPU time: 0.01u 0.00s 00:00:00.01 Elapsed: 00:00:00.01
# Mc/sec: 11420.25
//
Query:       nifE-03292025  [M=556]
Scores for complete sequences (score includes all domains):
   --- full sequence ---   --- best 1 domain ---    -#dom-
    E-value  score  bias    E-value  score  bias    exp  N  Sequence             Description
    ------- ------ -----    ------- ------ -----   ---- --  --------             -----------
     0.0022   12.0   0.1     0.0027   11.8   0.1    1.1  1  JACQMO010000003.1_21  # 14759 # 15400 # -1 # ID=21_21;partial


Domain annotation for each sequence (and alignments):
>> JACQMO010000003.1_21  # 14759 # 15400 # -1 # ID=21_21;partial=00;start_type=ATG;rbs_motif=None;rbs_spacer=None;gc_con
   #    score  bias  c-Evalue  i-Evalue hmmfrom  hmm to    alifrom  ali to    envfrom  env to     acc
 ---   ------ ----- --------- --------- ------- -------    ------- -------    ------- -------    ----
   1 !   11.8   0.1   3.3e-06    0.0027     319     390 ..      89     169 ..      59     188 .. 0.79

  Alignments for each domain:
  == domain 1  score: 11.8 bits;  conditional E-value: 3.3e-06
         nifE-03292025 319 leraealiaeeearvekeleeyrk..rL...kGkkallytgg....vkawslvsalrelGmevvatgtkksteedkerike 390
                            +r+e ++a+e+a++ +++e+yr+  +L   +Gk++++   g      + + v+a+r  G + +++++  + +e++e++++
  JACQMO010000003.1_21  89 PKRVERIVATERAEAARRVEAYRSgrALpsfHGKTVIIVDDGiatgLTMNAAVEAARHQGATRIIVSVPHGAKESLEELRR 169
                           47*********************63333555*******9888433235666799999999999999999999999998876 PP



Internal pipeline statistics summary:
-------------------------------------
Query model(s):                            1  (556 nodes)
Target sequences:                        810  (251065 residues searched)
Passed MSV filter:                        28  (0.0345679); expected 16.2 (0.02)
Passed bias filter:                       23  (0.0283951); expected 16.2 (0.02)
Passed Vit filter:                         3  (0.0037037); expected 0.8 (0.001)
Passed Fwd filter:                         1  (0.00123457); expected 0.0 (1e-05)
Initial search space (Z):                810  [actual number of targets]
Domain search space  (domZ):               1  [number of targets reported over threshold]
# CPU time: 0.01u 0.00s 00:00:00.01 Elapsed: 00:00:00.01
# Mc/sec: 12077.52
//
Query:       nifN-03292025  [M=700]
Scores for complete sequences (score includes all domains):
   --- full sequence ---   --- best 1 domain ---    -#dom-
    E-value  score  bias    E-value  score  bias    exp  N  Sequence Description
    ------- ------ -----    ------- ------ -----   ---- --  -------- -----------

   [No hits detected that satisfy reporting thresholds]


Domain annotation for each sequence (and alignments):

   [No targets detected that satisfy reporting thresholds]


Internal pipeline statistics summary:
-------------------------------------
Query model(s):                            1  (700 nodes)
Target sequences:                        810  (251065 residues searched)
Passed MSV filter:                        28  (0.0345679); expected 16.2 (0.02)
Passed bias filter:                       25  (0.0308642); expected 16.2 (0.02)
Passed Vit filter:                         1  (0.00123457); expected 0.8 (0.001)
Passed Fwd filter:                         0  (0); expected 0.0 (1e-05)
Initial search space (Z):                810  [actual number of targets]
Domain search space  (domZ):               0  [number of targets reported over threshold]
# CPU time: 0.01u 0.00s 00:00:00.01 Elapsed: 00:00:00.00
# Mc/sec: 18530.18
//
Query:       pchlide-04012025  [M=508]
Scores for complete sequences (score includes all domains):
   --- full sequence ---   --- best 1 domain ---    -#dom-
    E-value  score  bias    E-value  score  bias    exp  N  Sequence Description
    ------- ------ -----    ------- ------ -----   ---- --  -------- -----------

   [No hits detected that satisfy reporting thresholds]


Domain annotation for each sequence (and alignments):

   [No targets detected that satisfy reporting thresholds]


Internal pipeline statistics summary:
-------------------------------------
Query model(s):                            1  (508 nodes)
Target sequences:                        810  (251065 residues searched)
Passed MSV filter:                        19  (0.0234568); expected 16.2 (0.02)
Passed bias filter:                       18  (0.0222222); expected 16.2 (0.02)
Passed Vit filter:                         0  (0); expected 0.8 (0.001)
Passed Fwd filter:                         0  (0); expected 0.0 (1e-05)
Initial search space (Z):                810  [actual number of targets]
Domain search space  (domZ):               0  [number of targets reported over threshold]
# CPU time: 0.01u 0.00s 00:00:00.01 Elapsed: 00:00:00.00
# Mc/sec: 18264.58
//
[ok]
# hmmsearch :: search profile(s) against a sequence database
# HMMER 3.4 (Aug 2023); http://hmmer.org/
# Copyright (C) 2023 Howard Hughes Medical Institute.
# Freely distributed under the BSD open source license.
# - - - - - - - - - - - - - - - - - - - - - - - - - - - - - - - - - - - -
# query HMM file:                  ../HMMs/nifV_07242025.hmm
# target sequence database:        ../all_rep_proteins_aa/bacteria/GB_GCA_016203535.1_protein.faa
# - - - - - - - - - - - - - - - - - - - - - - - - - - - - - - - - - - - -

Query:       nifV-07242025  [M=437]
Scores for complete sequences (score includes all domains):
   --- full sequence ---   --- best 1 domain ---    -#dom-
    E-value  score  bias    E-value  score  bias    exp  N  Sequence Description
    ------- ------ -----    ------- ------ -----   ---- --  -------- -----------

   [No hits detected that satisfy reporting thresholds]


Domain annotation for each sequence (and alignments):

   [No targets detected that satisfy reporting thresholds]


Internal pipeline statistics summary:
-------------------------------------
Query model(s):                            1  (437 nodes)
Target sequences:                        810  (251065 residues searched)
Passed MSV filter:                        28  (0.0345679); expected 16.2 (0.02)
Passed bias filter:                       22  (0.0271605); expected 16.2 (0.02)
Passed Vit filter:                         4  (0.00493827); expected 0.8 (0.001)
Passed Fwd filter:                         0  (0); expected 0.0 (1e-05)
Initial search space (Z):                810  [actual number of targets]
Domain search space  (domZ):               0  [number of targets reported over threshold]
# CPU time: 0.01u 0.00s 00:00:00.01 Elapsed: 00:00:00.00
# Mc/sec: 12899.19
//
[ok]
