# hmmsearch :: search profile(s) against a sequence database
# HMMER 3.4 (Aug 2023); http://hmmer.org/
# Copyright (C) 2023 Howard Hughes Medical Institute.
# Freely distributed under the BSD open source license.
# - - - - - - - - - - - - - - - - - - - - - - - - - - - - - - - - - - - -
# query HMM file:                  ../HMMs/combined_nif_04012025.hmm
# target sequence database:        ../all_rep_proteins_aa/bacteria/GB_GCA_020724905.1_protein.faa
# - - - - - - - - - - - - - - - - - - - - - - - - - - - - - - - - - - - -

Query:       nifH-03292025  [M=327]
Scores for complete sequences (score includes all domains):
   --- full sequence ---   --- best 1 domain ---    -#dom-
    E-value  score  bias    E-value  score  bias    exp  N  Sequence          Description
    ------- ------ -----    ------- ------ -----   ---- --  --------          -----------
    1.6e-12   42.4   0.1    3.4e-07   24.9   0.0    2.1  2  DYGB01000001.1_47  # 47641 # 48573 # -1 # ID=7_47;partial=00;


Domain annotation for each sequence (and alignments):
>> DYGB01000001.1_47  # 47641 # 48573 # -1 # ID=7_47;partial=00;start_type=GTG;rbs_motif=ATA;rbs_spacer=6bp;gc_cont=0.41
   #    score  bias  c-Evalue  i-Evalue hmmfrom  hmm to    alifrom  ali to    envfrom  env to     acc
 ---   ------ ----- --------- --------- ------- -------    ------- -------    ------- -------    ----
   1 !   24.9   0.0   5.6e-10   3.4e-07      17      55 ..      56      94 ..      46     109 .. 0.91
   2 !   15.5   0.0   3.9e-07   0.00024     149     258 ..     186     300 ..     184     306 .. 0.82

  Alignments for each domain:
  == domain 1  score: 24.9 bits;  conditional E-value: 5.6e-10
      nifH-03292025 17 KGGiGKSttasnlsaalaeegkkvlivGCdPKaDstrll 55
                       KGG+GK tt+ nl+a la+ gkk liv  dP   +t+ l
  DYGB01000001.1_47 56 KGGVGKTTTTINLAAYLATLGKKSLIVDFDPQGNATSGL 94
                       9******************************99998765 PP

  == domain 2  score: 15.5 bits;  conditional E-value: 3.9e-07
      nifH-03292025 149 adevyivtsgemmalYaanniakgikkyaee..ggvrlgGlic..Nsrkvdkeeelveefaeklgtqiiaf.vprsnevqkaelekktviea 235
                        +dev i + +e+ +l    +++++i+ ++++  ++ ++gG +    +r+    +e+ +e+ +++  +++++ +prs  + ++   kk +i +
  DYGB01000001.1_47 186 SDEVLIPIQTEYYSLQGLGELLRTITLINTNlkTNLKIGGALLtmYNRREVLSREVAKEVRRHFPHRVFNTvIPRSVSLAESPSFKKPIILH 277
                        5899999999999999999****999888774477888996541133444457889999999999999876279****************** PP

      nifH-03292025 236 apdseqakeyreLakkilenkkl 258
                        + +s+ a++y++La++i+++++ 
  DYGB01000001.1_47 278 NRSSQGARAYESLAREIIADEQN 300
                        *****************988765 PP



Internal pipeline statistics summary:
-------------------------------------
Query model(s):                            1  (327 nodes)
Target sequences:                        613  (176518 residues searched)
Passed MSV filter:                        36  (0.0587276); expected 12.3 (0.02)
Passed bias filter:                       24  (0.0391517); expected 12.3 (0.02)
Passed Vit filter:                         5  (0.00815661); expected 0.6 (0.001)
Passed Fwd filter:                         1  (0.00163132); expected 0.0 (1e-05)
Initial search space (Z):                613  [actual number of targets]
Domain search space  (domZ):               1  [number of targets reported over threshold]
# CPU time: 0.01u 0.00s 00:00:00.01 Elapsed: 00:00:00.00
# Mc/sec: 6781.44
//
Query:       nifD-03292025  [M=482]
Scores for complete sequences (score includes all domains):
   --- full sequence ---   --- best 1 domain ---    -#dom-
    E-value  score  bias    E-value  score  bias    exp  N  Sequence Description
    ------- ------ -----    ------- ------ -----   ---- --  -------- -----------

   [No hits detected that satisfy reporting thresholds]


Domain annotation for each sequence (and alignments):

   [No targets detected that satisfy reporting thresholds]


Internal pipeline statistics summary:
-------------------------------------
Query model(s):                            1  (482 nodes)
Target sequences:                        613  (176518 residues searched)
Passed MSV filter:                        34  (0.0554649); expected 12.3 (0.02)
Passed bias filter:                       23  (0.0375204); expected 12.3 (0.02)
Passed Vit filter:                         2  (0.00326264); expected 0.6 (0.001)
Passed Fwd filter:                         0  (0); expected 0.0 (1e-05)
Initial search space (Z):                613  [actual number of targets]
Domain search space  (domZ):               0  [number of targets reported over threshold]
# CPU time: 0.01u 0.00s 00:00:00.01 Elapsed: 00:00:00.00
# Mc/sec: 12002.45
//
Query:       nifK-03292025  [M=490]
Scores for complete sequences (score includes all domains):
   --- full sequence ---   --- best 1 domain ---    -#dom-
    E-value  score  bias    E-value  score  bias    exp  N  Sequence Description
    ------- ------ -----    ------- ------ -----   ---- --  -------- -----------

   [No hits detected that satisfy reporting thresholds]


Domain annotation for each sequence (and alignments):

   [No targets detected that satisfy reporting thresholds]


Internal pipeline statistics summary:
-------------------------------------
Query model(s):                            1  (490 nodes)
Target sequences:                        613  (176518 residues searched)
Passed MSV filter:                        21  (0.0342577); expected 12.3 (0.02)
Passed bias filter:                       15  (0.0244698); expected 12.3 (0.02)
Passed Vit filter:                         1  (0.00163132); expected 0.6 (0.001)
Passed Fwd filter:                         0  (0); expected 0.0 (1e-05)
Initial search space (Z):                613  [actual number of targets]
Domain search space  (domZ):               0  [number of targets reported over threshold]
# CPU time: 0.01u 0.00s 00:00:00.01 Elapsed: 00:00:00.00
# Mc/sec: 12501.70
//
Query:       nifB-03292025  [M=505]
Scores for complete sequences (score includes all domains):
   --- full sequence ---   --- best 1 domain ---    -#dom-
    E-value  score  bias    E-value  score  bias    exp  N  Sequence Description
    ------- ------ -----    ------- ------ -----   ---- --  -------- -----------

   [No hits detected that satisfy reporting thresholds]


Domain annotation for each sequence (and alignments):

   [No targets detected that satisfy reporting thresholds]


Internal pipeline statistics summary:
-------------------------------------
Query model(s):                            1  (505 nodes)
Target sequences:                        613  (176518 residues searched)
Passed MSV filter:                        22  (0.0358891); expected 12.3 (0.02)
Passed bias filter:                       17  (0.0277325); expected 12.3 (0.02)
Passed Vit filter:                         2  (0.00326264); expected 0.6 (0.001)
Passed Fwd filter:                         0  (0); expected 0.0 (1e-05)
Initial search space (Z):                613  [actual number of targets]
Domain search space  (domZ):               0  [number of targets reported over threshold]
# CPU time: 0.01u 0.00s 00:00:00.01 Elapsed: 00:00:00.00
# Mc/sec: 14209.93
//
Query:       nifE-03292025  [M=556]
Scores for complete sequences (score includes all domains):
   --- full sequence ---   --- best 1 domain ---    -#dom-
    E-value  score  bias    E-value  score  bias    exp  N  Sequence Description
    ------- ------ -----    ------- ------ -----   ---- --  -------- -----------

   [No hits detected that satisfy reporting thresholds]


Domain annotation for each sequence (and alignments):

   [No targets detected that satisfy reporting thresholds]


Internal pipeline statistics summary:
-------------------------------------
Query model(s):                            1  (556 nodes)
Target sequences:                        613  (176518 residues searched)
Passed MSV filter:                        28  (0.045677); expected 12.3 (0.02)
Passed bias filter:                       19  (0.0309951); expected 12.3 (0.02)
Passed Vit filter:                         0  (0); expected 0.6 (0.001)
Passed Fwd filter:                         0  (0); expected 0.0 (1e-05)
Initial search space (Z):                613  [actual number of targets]
Domain search space  (domZ):               0  [number of targets reported over threshold]
# CPU time: 0.01u 0.00s 00:00:00.01 Elapsed: 00:00:00.00
# Mc/sec: 14778.83
//
Query:       nifN-03292025  [M=700]
Scores for complete sequences (score includes all domains):
   --- full sequence ---   --- best 1 domain ---    -#dom-
    E-value  score  bias    E-value  score  bias    exp  N  Sequence Description
    ------- ------ -----    ------- ------ -----   ---- --  -------- -----------

   [No hits detected that satisfy reporting thresholds]


Domain annotation for each sequence (and alignments):

   [No targets detected that satisfy reporting thresholds]


Internal pipeline statistics summary:
-------------------------------------
Query model(s):                            1  (700 nodes)
Target sequences:                        613  (176518 residues searched)
Passed MSV filter:                        18  (0.0293638); expected 12.3 (0.02)
Passed bias filter:                       12  (0.0195759); expected 12.3 (0.02)
Passed Vit filter:                         1  (0.00163132); expected 0.6 (0.001)
Passed Fwd filter:                         0  (0); expected 0.0 (1e-05)
Initial search space (Z):                613  [actual number of targets]
Domain search space  (domZ):               0  [number of targets reported over threshold]
# CPU time: 0.01u 0.00s 00:00:00.01 Elapsed: 00:00:00.00
# Mc/sec: 17172.46
//
Query:       pchlide-04012025  [M=508]
Scores for complete sequences (score includes all domains):
   --- full sequence ---   --- best 1 domain ---    -#dom-
    E-value  score  bias    E-value  score  bias    exp  N  Sequence Description
    ------- ------ -----    ------- ------ -----   ---- --  -------- -----------

   [No hits detected that satisfy reporting thresholds]


Domain annotation for each sequence (and alignments):

   [No targets detected that satisfy reporting thresholds]


Internal pipeline statistics summary:
-------------------------------------
Query model(s):                            1  (508 nodes)
Target sequences:                        613  (176518 residues searched)
Passed MSV filter:                        25  (0.040783); expected 12.3 (0.02)
Passed bias filter:                       20  (0.0326264); expected 12.3 (0.02)
Passed Vit filter:                         3  (0.00489396); expected 0.6 (0.001)
Passed Fwd filter:                         0  (0); expected 0.0 (1e-05)
Initial search space (Z):                613  [actual number of targets]
Domain search space  (domZ):               0  [number of targets reported over threshold]
# CPU time: 0.00u 0.00s 00:00:00.00 Elapsed: 00:00:00.00
# Mc/sec: 10404.21
//
[ok]
# hmmsearch :: search profile(s) against a sequence database
# HMMER 3.4 (Aug 2023); http://hmmer.org/
# Copyright (C) 2023 Howard Hughes Medical Institute.
# Freely distributed under the BSD open source license.
# - - - - - - - - - - - - - - - - - - - - - - - - - - - - - - - - - - - -
# query HMM file:                  ../HMMs/nifV_07242025.hmm
# target sequence database:        ../all_rep_proteins_aa/bacteria/GB_GCA_020724905.1_protein.faa
# - - - - - - - - - - - - - - - - - - - - - - - - - - - - - - - - - - - -

Query:       nifV-07242025  [M=437]
Scores for complete sequences (score includes all domains):
   --- full sequence ---   --- best 1 domain ---    -#dom-
    E-value  score  bias    E-value  score  bias    exp  N  Sequence Description
    ------- ------ -----    ------- ------ -----   ---- --  -------- -----------

   [No hits detected that satisfy reporting thresholds]


Domain annotation for each sequence (and alignments):

   [No targets detected that satisfy reporting thresholds]


Internal pipeline statistics summary:
-------------------------------------
Query model(s):                            1  (437 nodes)
Target sequences:                        613  (176518 residues searched)
Passed MSV filter:                        17  (0.0277325); expected 12.3 (0.02)
Passed bias filter:                       12  (0.0195759); expected 12.3 (0.02)
Passed Vit filter:                         0  (0); expected 0.6 (0.001)
Passed Fwd filter:                         0  (0); expected 0.0 (1e-05)
Initial search space (Z):                613  [actual number of targets]
Domain search space  (domZ):               0  [number of targets reported over threshold]
# CPU time: 0.00u 0.00s 00:00:00.00 Elapsed: 00:00:00.00
# Mc/sec: 15627.77
//
[ok]
