# hmmsearch :: search profile(s) against a sequence database
# HMMER 3.4 (Aug 2023); http://hmmer.org/
# Copyright (C) 2023 Howard Hughes Medical Institute.
# Freely distributed under the BSD open source license.
# - - - - - - - - - - - - - - - - - - - - - - - - - - - - - - - - - - - -
# query HMM file:                  ../HMMs/combined_nif_04012025.hmm
# target sequence database:        ../all_rep_proteins_aa/bacteria/GB_GCA_031255005.1_protein.faa
# - - - - - - - - - - - - - - - - - - - - - - - - - - - - - - - - - - - -

Query:       nifH-03292025  [M=327]
Scores for complete sequences (score includes all domains):
   --- full sequence ---   --- best 1 domain ---    -#dom-
    E-value  score  bias    E-value  score  bias    exp  N  Sequence             Description
    ------- ------ -----    ------- ------ -----   ---- --  --------             -----------
    7.5e-08   27.4   0.1    6.6e-05   17.8   0.0    2.1  2  JAIRTH010000016.1_68  # 77792 # 78610 # -1 # ID=31_68;partial
    0.00099   13.9   0.8     0.0016   13.2   0.1    1.7  2  JAIRTH010000016.1_40  # 44945 # 46258 # 1 # ID=31_40;partial=
     0.0057   11.4   0.0      0.009   10.7   0.0    1.3  1  JAIRTH010000026.1_36  # 32692 # 33279 # 1 # ID=40_36;partial=


Domain annotation for each sequence (and alignments):
>> JAIRTH010000016.1_68  # 77792 # 78610 # -1 # ID=31_68;partial=00;start_type=ATG;rbs_motif=None;rbs_spacer=None;gc_con
   #    score  bias  c-Evalue  i-Evalue hmmfrom  hmm to    alifrom  ali to    envfrom  env to     acc
 ---   ------ ----- --------- --------- ------- -------    ------- -------    ------- -------    ----
   1 !    7.8   0.1   0.00027     0.072      17      46 ..      25      54 ..      21      79 .. 0.86
   2 !   17.8   0.0   2.5e-07   6.6e-05     147     255 ..     154     268 ..     145     272 .. 0.84

  Alignments for each domain:
  == domain 1  score: 7.8 bits;  conditional E-value: 0.00027
         nifH-03292025 17 KGGiGKSttasnlsaalaeegkkvlivGCd 46
                          K G GK tta nls+ la++g + l +  d
  JAIRTH010000016.1_68 25 KYGEGKTTTAVNLSVSLAKKGVRALLIDFD 54
                          6688******************99988655 PP

  == domain 2  score: 17.8 bits;  conditional E-value: 2.5e-07
         nifH-03292025 147 gkadevyivtsgemmalYaanniakgikkyaee...ggvrlgGlicNsrk..vdkeeelveefaekl.gtqiiafvprsnevqkaelek 229
                           g ad+  +   +e+ a+  +  i ++++ ++++   ++  +gG+i+ + +  +d   +++e++  ++ g    + +prs+ + +a   +
  JAIRTH010000016.1_68 154 GSADRLLVTLRSEYTAIEVMSQISQAVEDLKARdlnKTLGIGGIIMTMFDikTDLSAKVLEDIKIQFkGLPFETVIPRSSRLGEAASFG 242
                           67899999999******************9988655677899***9986500555677888887665256788899************* PP

         nifH-03292025 230 ktvieaapdseqakeyreLakkilen 255
                           + ++e+++ s+ a++y +L  +i++ 
  JAIRTH010000016.1_68 243 QSIFEYDEMSSGAQAYDRLGMEIIKR 268
                           ********************999875 PP

>> JAIRTH010000016.1_40  # 44945 # 46258 # 1 # ID=31_40;partial=00;start_type=ATG;rbs_motif=AAATTT;rbs_spacer=15bp;gc_co
   #    score  bias  c-Evalue  i-Evalue hmmfrom  hmm to    alifrom  ali to    envfrom  env to     acc
 ---   ------ ----- --------- --------- ------- -------    ------- -------    ------- -------    ----
   1 !   13.2   0.1     6e-06    0.0016      14      60 ..     103     153 ..      91     174 .. 0.75
   2 ?   -2.9   0.1      0.47   1.3e+02     234     289 ..     302     363 ..     298     395 .. 0.54

  Alignments for each domain:
  == domain 1  score: 13.2 bits;  conditional E-value: 6e-06
         nifH-03292025  14 iYGKGGiGKSttasnlsaalaeegkkvlivGCd...PK.aDstrlllggka 60 
                           + G  G GK tt+ +l+  l ++g+k +++GCd   P  +D  ++l+++++
  JAIRTH010000016.1_40 103 LAGLHGSGKTTTSVKLARLLKKSGHKPVVIGCDvyrPAaNDQLETLANSEE 153
                           5577899**************************444331355555555555 PP

  == domain 2  score: -2.9 bits;  conditional E-value: 0.47
         nifH-03292025 234 eaapdseqakeyreLakkilenk......klvipkplseeeleellaelglleeedevgkka 289
                           e+a+++   +e ++L +k+++ k       + i++  ++ +le+l+ +l  +++ d+v+ ++
  JAIRTH010000016.1_40 302 EKAEEHIDDQEVKKLEEKLKKSKfdlddfLSQIRNIKKMGSLESLINNLPGAHKLDHVDGAN 363
                           55556666666666666666655555554444555556666666666663333333333333 PP

>> JAIRTH010000026.1_36  # 32692 # 33279 # 1 # ID=40_36;partial=00;start_type=ATG;rbs_motif=AATAT;rbs_spacer=13bp;gc_con
   #    score  bias  c-Evalue  i-Evalue hmmfrom  hmm to    alifrom  ali to    envfrom  env to     acc
 ---   ------ ----- --------- --------- ------- -------    ------- -------    ------- -------    ----
   1 !   10.7   0.0   3.4e-05     0.009      14      41 ..       9      37 ..       4      46 .. 0.84

  Alignments for each domain:
  == domain 1  score: 10.7 bits;  conditional E-value: 3.4e-05
         nifH-03292025 14 iYGKGGiGKSttasnlsaala.eegkkvl 41
                          i G +GiGKSt+ +nl a +  e+ ++v+
  JAIRTH010000026.1_36  9 ISGPAGIGKSTVCKNLLASINgEMLRRVI 37
                          56889*************99866777776 PP



Internal pipeline statistics summary:
-------------------------------------
Query model(s):                            1  (327 nodes)
Target sequences:                        801  (266089 residues searched)
Passed MSV filter:                        58  (0.0724095); expected 16.0 (0.02)
Passed bias filter:                       39  (0.0486891); expected 16.0 (0.02)
Passed Vit filter:                        11  (0.0137328); expected 0.8 (0.001)
Passed Fwd filter:                         3  (0.00374532); expected 0.0 (1e-05)
Initial search space (Z):                801  [actual number of targets]
Domain search space  (domZ):               3  [number of targets reported over threshold]
# CPU time: 0.01u 0.00s 00:00:00.01 Elapsed: 00:00:00.02
# Mc/sec: 3864.03
//
Query:       nifD-03292025  [M=482]
Scores for complete sequences (score includes all domains):
   --- full sequence ---   --- best 1 domain ---    -#dom-
    E-value  score  bias    E-value  score  bias    exp  N  Sequence Description
    ------- ------ -----    ------- ------ -----   ---- --  -------- -----------

   [No hits detected that satisfy reporting thresholds]


Domain annotation for each sequence (and alignments):

   [No targets detected that satisfy reporting thresholds]


Internal pipeline statistics summary:
-------------------------------------
Query model(s):                            1  (482 nodes)
Target sequences:                        801  (266089 residues searched)
Passed MSV filter:                        47  (0.0586767); expected 16.0 (0.02)
Passed bias filter:                       26  (0.0324594); expected 16.0 (0.02)
Passed Vit filter:                         1  (0.00124844); expected 0.8 (0.001)
Passed Fwd filter:                         0  (0); expected 0.0 (1e-05)
Initial search space (Z):                801  [actual number of targets]
Domain search space  (domZ):               0  [number of targets reported over threshold]
# CPU time: 0.01u 0.00s 00:00:00.01 Elapsed: 00:00:00.00
# Mc/sec: 13163.79
//
Query:       nifK-03292025  [M=490]
Scores for complete sequences (score includes all domains):
   --- full sequence ---   --- best 1 domain ---    -#dom-
    E-value  score  bias    E-value  score  bias    exp  N  Sequence Description
    ------- ------ -----    ------- ------ -----   ---- --  -------- -----------

   [No hits detected that satisfy reporting thresholds]


Domain annotation for each sequence (and alignments):

   [No targets detected that satisfy reporting thresholds]


Internal pipeline statistics summary:
-------------------------------------
Query model(s):                            1  (490 nodes)
Target sequences:                        801  (266089 residues searched)
Passed MSV filter:                        27  (0.0337079); expected 16.0 (0.02)
Passed bias filter:                       14  (0.0174782); expected 16.0 (0.02)
Passed Vit filter:                         3  (0.00374532); expected 0.8 (0.001)
Passed Fwd filter:                         0  (0); expected 0.0 (1e-05)
Initial search space (Z):                801  [actual number of targets]
Domain search space  (domZ):               0  [number of targets reported over threshold]
# CPU time: 0.01u 0.00s 00:00:00.01 Elapsed: 00:00:00.01
# Mc/sec: 12592.12
//
Query:       nifB-03292025  [M=505]
Scores for complete sequences (score includes all domains):
   --- full sequence ---   --- best 1 domain ---    -#dom-
    E-value  score  bias    E-value  score  bias    exp  N  Sequence Description
    ------- ------ -----    ------- ------ -----   ---- --  -------- -----------

   [No hits detected that satisfy reporting thresholds]


Domain annotation for each sequence (and alignments):

   [No targets detected that satisfy reporting thresholds]


Internal pipeline statistics summary:
-------------------------------------
Query model(s):                            1  (505 nodes)
Target sequences:                        801  (266089 residues searched)
Passed MSV filter:                        26  (0.0324594); expected 16.0 (0.02)
Passed bias filter:                       15  (0.0187266); expected 16.0 (0.02)
Passed Vit filter:                         2  (0.00249688); expected 0.8 (0.001)
Passed Fwd filter:                         0  (0); expected 0.0 (1e-05)
Initial search space (Z):                801  [actual number of targets]
Domain search space  (domZ):               0  [number of targets reported over threshold]
# CPU time: 0.01u 0.00s 00:00:00.01 Elapsed: 00:00:00.00
# Mc/sec: 15458.55
//
Query:       nifE-03292025  [M=556]
Scores for complete sequences (score includes all domains):
   --- full sequence ---   --- best 1 domain ---    -#dom-
    E-value  score  bias    E-value  score  bias    exp  N  Sequence Description
    ------- ------ -----    ------- ------ -----   ---- --  -------- -----------

   [No hits detected that satisfy reporting thresholds]


Domain annotation for each sequence (and alignments):

   [No targets detected that satisfy reporting thresholds]


Internal pipeline statistics summary:
-------------------------------------
Query model(s):                            1  (556 nodes)
Target sequences:                        801  (266089 residues searched)
Passed MSV filter:                        41  (0.051186); expected 16.0 (0.02)
Passed bias filter:                       19  (0.0237203); expected 16.0 (0.02)
Passed Vit filter:                         2  (0.00249688); expected 0.8 (0.001)
Passed Fwd filter:                         0  (0); expected 0.0 (1e-05)
Initial search space (Z):                801  [actual number of targets]
Domain search space  (domZ):               0  [number of targets reported over threshold]
# CPU time: 0.01u 0.00s 00:00:00.01 Elapsed: 00:00:00.00
# Mc/sec: 16829.51
//
Query:       nifN-03292025  [M=700]
Scores for complete sequences (score includes all domains):
   --- full sequence ---   --- best 1 domain ---    -#dom-
    E-value  score  bias    E-value  score  bias    exp  N  Sequence Description
    ------- ------ -----    ------- ------ -----   ---- --  -------- -----------

   [No hits detected that satisfy reporting thresholds]


Domain annotation for each sequence (and alignments):

   [No targets detected that satisfy reporting thresholds]


Internal pipeline statistics summary:
-------------------------------------
Query model(s):                            1  (700 nodes)
Target sequences:                        801  (266089 residues searched)
Passed MSV filter:                        37  (0.0461923); expected 16.0 (0.02)
Passed bias filter:                       25  (0.031211); expected 16.0 (0.02)
Passed Vit filter:                         1  (0.00124844); expected 0.8 (0.001)
Passed Fwd filter:                         0  (0); expected 0.0 (1e-05)
Initial search space (Z):                801  [actual number of targets]
Domain search space  (domZ):               0  [number of targets reported over threshold]
# CPU time: 0.01u 0.00s 00:00:00.01 Elapsed: 00:00:00.01
# Mc/sec: 15809.26
//
Query:       pchlide-04012025  [M=508]
Scores for complete sequences (score includes all domains):
   --- full sequence ---   --- best 1 domain ---    -#dom-
    E-value  score  bias    E-value  score  bias    exp  N  Sequence Description
    ------- ------ -----    ------- ------ -----   ---- --  -------- -----------

   [No hits detected that satisfy reporting thresholds]


Domain annotation for each sequence (and alignments):

   [No targets detected that satisfy reporting thresholds]


Internal pipeline statistics summary:
-------------------------------------
Query model(s):                            1  (508 nodes)
Target sequences:                        801  (266089 residues searched)
Passed MSV filter:                        40  (0.0499376); expected 16.0 (0.02)
Passed bias filter:                       35  (0.0436954); expected 16.0 (0.02)
Passed Vit filter:                         1  (0.00124844); expected 0.8 (0.001)
Passed Fwd filter:                         0  (0); expected 0.0 (1e-05)
Initial search space (Z):                801  [actual number of targets]
Domain search space  (domZ):               0  [number of targets reported over threshold]
# CPU time: 0.01u 0.00s 00:00:00.01 Elapsed: 00:00:00.00
# Mc/sec: 13822.16
//
[ok]
# hmmsearch :: search profile(s) against a sequence database
# HMMER 3.4 (Aug 2023); http://hmmer.org/
# Copyright (C) 2023 Howard Hughes Medical Institute.
# Freely distributed under the BSD open source license.
# - - - - - - - - - - - - - - - - - - - - - - - - - - - - - - - - - - - -
# query HMM file:                  ../HMMs/nifV_07242025.hmm
# target sequence database:        ../all_rep_proteins_aa/bacteria/GB_GCA_031255005.1_protein.faa
# - - - - - - - - - - - - - - - - - - - - - - - - - - - - - - - - - - - -

Query:       nifV-07242025  [M=437]
Scores for complete sequences (score includes all domains):
   --- full sequence ---   --- best 1 domain ---    -#dom-
    E-value  score  bias    E-value  score  bias    exp  N  Sequence Description
    ------- ------ -----    ------- ------ -----   ---- --  -------- -----------

   [No hits detected that satisfy reporting thresholds]


Domain annotation for each sequence (and alignments):

   [No targets detected that satisfy reporting thresholds]


Internal pipeline statistics summary:
-------------------------------------
Query model(s):                            1  (437 nodes)
Target sequences:                        801  (266089 residues searched)
Passed MSV filter:                        23  (0.0287141); expected 16.0 (0.02)
Passed bias filter:                       18  (0.0224719); expected 16.0 (0.02)
Passed Vit filter:                         0  (0); expected 0.8 (0.001)
Passed Fwd filter:                         0  (0); expected 0.0 (1e-05)
Initial search space (Z):                801  [actual number of targets]
Domain search space  (domZ):               0  [number of targets reported over threshold]
# CPU time: 0.01u 0.00s 00:00:00.01 Elapsed: 00:00:00.00
# Mc/sec: 16567.02
//
[ok]
