# hmmsearch :: search profile(s) against a sequence database
# HMMER 3.4 (Aug 2023); http://hmmer.org/
# Copyright (C) 2023 Howard Hughes Medical Institute.
# Freely distributed under the BSD open source license.
# - - - - - - - - - - - - - - - - - - - - - - - - - - - - - - - - - - - -
# query HMM file:                  ../HMMs/combined_nif_04012025.hmm
# target sequence database:        ../all_rep_proteins_aa/bacteria/GB_GCA_022647725.1_protein.faa
# - - - - - - - - - - - - - - - - - - - - - - - - - - - - - - - - - - - -

Query:       nifH-03292025  [M=327]
Scores for complete sequences (score includes all domains):
   --- full sequence ---   --- best 1 domain ---    -#dom-
    E-value  score  bias    E-value  score  bias    exp  N  Sequence               Description
    ------- ------ -----    ------- ------ -----   ---- --  --------               -----------
    4.1e-11   39.3   0.2    3.4e-05   19.8   0.1    2.1  2  JALCLG010000001.1_75    # 86358 # 87152 # 1 # ID=1_75;partial
    0.00023   17.1   0.2     0.0004   16.3   0.2    1.3  1  JALCLG010000001.1_1708  # 1981426 # 1982256 # 1 # ID=1_1708;p
  ------ inclusion threshold ------
      0.027   10.3   1.5       0.03   10.2   1.5    1.1  1  JALCLG010000001.1_1345  # 1556880 # 1557194 # -1 # ID=1_1345;


Domain annotation for each sequence (and alignments):
>> JALCLG010000001.1_75  # 86358 # 87152 # 1 # ID=1_75;partial=00;start_type=ATG;rbs_motif=None;rbs_spacer=None;gc_cont=
   #    score  bias  c-Evalue  i-Evalue hmmfrom  hmm to    alifrom  ali to    envfrom  env to     acc
 ---   ------ ----- --------- --------- ------- -------    ------- -------    ------- -------    ----
   1 !   19.8   0.1   5.7e-08   3.4e-05      17      55 ..      11      49 ..       2      96 .. 0.77
   2 !   17.7   0.0   2.6e-07   0.00016     148     254 ..     143     254 ..     134     262 .. 0.82

  Alignments for each domain:
  == domain 1  score: 19.8 bits;  conditional E-value: 5.7e-08
         nifH-03292025 17 KGGiGKSttasnlsaalaeegkkvlivGCdPKaDstrll 55
                          KGG+GK tt+ nl+ al++ +k++l +  d    ++  +
  JALCLG010000001.1_75 11 KGGVGKTTTSYNLASALSRYNKRILLIDLDTQGNCSLAI 49
                          9************************99888776666554 PP

  == domain 2  score: 17.7 bits;  conditional E-value: 2.6e-07
         nifH-03292025 148 kadevyivtsgemmalYaanniakgikkyaeeggvrl..gGlicNsrk..vdkeeelveefaeklgtqiiaf.vprsnevqkaelekkt 231
                            ad+  i + +e+ al a   ++ ++++++++++ +l   G++  +++  ++  +++ +e+  +++ +++++ +pr+  v +a  +++ 
  JALCLG010000001.1_75 143 AADSLLIPVNCEYFALDALAQLLATVTQVQRTTNPKLdiMGILLTMMDprTKISTDIAQEIRGQFKDKVFTTvIPRNVSVAEAISKGMP 231
                           5888999999*******************9997665522788887775113445778888888888888765279************** PP

         nifH-03292025 232 vieaapdseqakeyreLakkile 254
                           v  ++p s+   +y +La++++e
  JALCLG010000001.1_75 232 VNAYKPLSAGSLTYASLAREVME 254
                           ********************976 PP

>> JALCLG010000001.1_1708  # 1981426 # 1982256 # 1 # ID=1_1708;partial=00;start_type=ATG;rbs_motif=AGGAG(G)/GGAGG;rbs_sp
   #    score  bias  c-Evalue  i-Evalue hmmfrom  hmm to    alifrom  ali to    envfrom  env to     acc
 ---   ------ ----- --------- --------- ------- -------    ------- -------    ------- -------    ----
   1 !   16.3   0.2   6.6e-07    0.0004      15      40 ..      34      59 ..      24      66 .. 0.89

  Alignments for each domain:
  == domain 1  score: 16.3 bits;  conditional E-value: 6.6e-07
           nifH-03292025 15 YGKGGiGKSttasnlsaalaeegkkv 40
                             GKGG+GKS t++ l++ l+++g+kv
  JALCLG010000001.1_1708 34 SGKGGVGKSFTSAYLAVRLSRMGYKV 59
                            5************************9 PP

>> JALCLG010000001.1_1345  # 1556880 # 1557194 # -1 # ID=1_1345;partial=00;start_type=ATG;rbs_motif=GGAGG;rbs_spacer=5-1
   #    score  bias  c-Evalue  i-Evalue hmmfrom  hmm to    alifrom  ali to    envfrom  env to     acc
 ---   ------ ----- --------- --------- ------- -------    ------- -------    ------- -------    ----
   1 ?   10.2   1.5     5e-05      0.03     226     290 ..       8      70 ..       2     103 .. 0.57

  Alignments for each domain:
  == domain 1  score: 10.2 bits;  conditional E-value: 5e-05
           nifH-03292025 226 elekktvieaapdseqakeyreLakkilenkklvipkplseeeleellaelglleeedevgkkaa 290
                             e + +t+i+ + + + +++y +Lak+i+e+k+l  ++  ++eel +   ++   +e++e+ k+a+
  JALCLG010000001.1_1345   8 EQQANTLIKDFHSLPLYQRYLTLAKTIQEDKHL--QDIQTQEELLKKSLKFLSGKEKEETLKQAQ 70 
                             78899**********************998744..334455555444444422222222222111 PP



Internal pipeline statistics summary:
-------------------------------------
Query model(s):                            1  (327 nodes)
Target sequences:                       1800  (626570 residues searched)
Passed MSV filter:                       121  (0.0672222); expected 36.0 (0.02)
Passed bias filter:                      102  (0.0566667); expected 36.0 (0.02)
Passed Vit filter:                        22  (0.0122222); expected 1.8 (0.001)
Passed Fwd filter:                         3  (0.00166667); expected 0.0 (1e-05)
Initial search space (Z):               1800  [actual number of targets]
Domain search space  (domZ):               3  [number of targets reported over threshold]
# CPU time: 0.02u 0.00s 00:00:00.02 Elapsed: 00:00:00.01
# Mc/sec: 11785.79
//
Query:       nifD-03292025  [M=482]
Scores for complete sequences (score includes all domains):
   --- full sequence ---   --- best 1 domain ---    -#dom-
    E-value  score  bias    E-value  score  bias    exp  N  Sequence Description
    ------- ------ -----    ------- ------ -----   ---- --  -------- -----------

   [No hits detected that satisfy reporting thresholds]


Domain annotation for each sequence (and alignments):

   [No targets detected that satisfy reporting thresholds]


Internal pipeline statistics summary:
-------------------------------------
Query model(s):                            1  (482 nodes)
Target sequences:                       1800  (626570 residues searched)
Passed MSV filter:                        85  (0.0472222); expected 36.0 (0.02)
Passed bias filter:                       69  (0.0383333); expected 36.0 (0.02)
Passed Vit filter:                         3  (0.00166667); expected 1.8 (0.001)
Passed Fwd filter:                         0  (0); expected 0.0 (1e-05)
Initial search space (Z):               1800  [actual number of targets]
Domain search space  (domZ):               0  [number of targets reported over threshold]
# CPU time: 0.02u 0.00s 00:00:00.02 Elapsed: 00:00:00.01
# Mc/sec: 28623.80
//
Query:       nifK-03292025  [M=490]
Scores for complete sequences (score includes all domains):
   --- full sequence ---   --- best 1 domain ---    -#dom-
    E-value  score  bias    E-value  score  bias    exp  N  Sequence Description
    ------- ------ -----    ------- ------ -----   ---- --  -------- -----------

   [No hits detected that satisfy reporting thresholds]


Domain annotation for each sequence (and alignments):

   [No targets detected that satisfy reporting thresholds]


Internal pipeline statistics summary:
-------------------------------------
Query model(s):                            1  (490 nodes)
Target sequences:                       1800  (626570 residues searched)
Passed MSV filter:                        51  (0.0283333); expected 36.0 (0.02)
Passed bias filter:                       39  (0.0216667); expected 36.0 (0.02)
Passed Vit filter:                         1  (0.000555556); expected 1.8 (0.001)
Passed Fwd filter:                         0  (0); expected 0.0 (1e-05)
Initial search space (Z):               1800  [actual number of targets]
Domain search space  (domZ):               0  [number of targets reported over threshold]
# CPU time: 0.02u 0.00s 00:00:00.02 Elapsed: 00:00:00.01
# Mc/sec: 28518.47
//
Query:       nifB-03292025  [M=505]
Scores for complete sequences (score includes all domains):
   --- full sequence ---   --- best 1 domain ---    -#dom-
    E-value  score  bias    E-value  score  bias    exp  N  Sequence               Description
    ------- ------ -----    ------- ------ -----   ---- --  --------               -----------
    0.00013   17.3   0.0    0.00025   16.3   0.0    1.5  1  JALCLG010000001.1_1208  # 1398368 # 1398832 # -1 # ID=1_1208;
    0.00033   15.9   0.0    0.00057   15.1   0.0    1.4  1  JALCLG010000001.1_1036  # 1195857 # 1196558 # -1 # ID=1_1036;


Domain annotation for each sequence (and alignments):
>> JALCLG010000001.1_1208  # 1398368 # 1398832 # -1 # ID=1_1208;partial=00;start_type=ATG;rbs_motif=GGA/GAG/AGG;rbs_spac
   #    score  bias  c-Evalue  i-Evalue hmmfrom  hmm to    alifrom  ali to    envfrom  env to     acc
 ---   ------ ----- --------- --------- ------- -------    ------- -------    ------- -------    ----
   1 !   16.3   0.0   2.7e-07   0.00025     376     486 ..       3     102 ..       1     118 [. 0.79

  Alignments for each domain:
  == domain 1  score: 16.3 bits;  conditional E-value: 2.7e-07
           nifB-03292025 376 vAvaskggkrvnqHFGhakefliyevsekevklveerkvekyCkggegceeeedrleeilkalsdceavlcakiGeepkekLeeagi 462
                             +A+  ++++++ +H G ++ f iye++++e+k        +y   ++g   +++ l+ +lk  ++++a++c++iG+   + L+ +gi
  JALCLG010000001.1_1208   3 LAIPVNDDGTIFEHTGRTEVFKIYEIENQEIKK-------SYLLPTNG--LDHEYLAGLLKN-ENVSALICSHIGSGMLQILRLNGI 79 
                             58888999*********************9984.......34444445..345677777765.89********************** PP

           nifB-03292025 463 eaveaealetieealkalaeelae 486
                             +++ a +  + +ea ++++e +++
  JALCLG010000001.1_1208  80 KVYAAVT-GMADEAAQTFVEGILK 102
                             **88875.5667777777666554 PP

>> JALCLG010000001.1_1036  # 1195857 # 1196558 # -1 # ID=1_1036;partial=00;start_type=ATG;rbs_motif=None;rbs_spacer=None
   #    score  bias  c-Evalue  i-Evalue hmmfrom  hmm to    alifrom  ali to    envfrom  env to     acc
 ---   ------ ----- --------- --------- ------- -------    ------- -------    ------- -------    ----
   1 !   15.1   0.0   6.3e-07   0.00057     374     486 ..     115     223 ..      52     231 .. 0.69

  Alignments for each domain:
  == domain 1  score: 15.1 bits;  conditional E-value: 6.3e-07
           nifB-03292025 374 a........lvAvaskggkrvnqHFGhakefliyevsekevklveerkvekyCkggegceeeedrleeilkalsdceavlcakiGee 452
                                      +vA++  ++++v qHFG++ +f+i ++ + +v+  e  ++     g+++     + l   lk  ++++a++c  iG +
  JALCLG010000001.1_1036 115 VpsgkdhsmKVAIS-YENGEVFQHFGQTPSFMIATIANGKVTQTEVAET----LGTSH-----RDLIPWLKE-RGVNALICGGIGGM 190
                             04444554588885.5677899****************99998877665....23322.....222222222.68999999999999 PP

           nifB-03292025 453 pkekLeeagieaveaealetieealkalaeelae 486
                             + + L+e+ i  +   +  + e+al++++++++e
  JALCLG010000001.1_1036 191 AIDLLKESDIALFAGVS-GKAEDALTKFLANTLE 223
                             99999999998877765.5677777777776655 PP



Internal pipeline statistics summary:
-------------------------------------
Query model(s):                            1  (505 nodes)
Target sequences:                       1800  (626570 residues searched)
Passed MSV filter:                        60  (0.0333333); expected 36.0 (0.02)
Passed bias filter:                       47  (0.0261111); expected 36.0 (0.02)
Passed Vit filter:                         6  (0.00333333); expected 1.8 (0.001)
Passed Fwd filter:                         2  (0.00111111); expected 0.0 (1e-05)
Initial search space (Z):               1800  [actual number of targets]
Domain search space  (domZ):               2  [number of targets reported over threshold]
# CPU time: 0.03u 0.00s 00:00:00.03 Elapsed: 00:00:00.02
# Mc/sec: 15450.43
//
Query:       nifE-03292025  [M=556]
Scores for complete sequences (score includes all domains):
   --- full sequence ---   --- best 1 domain ---    -#dom-
    E-value  score  bias    E-value  score  bias    exp  N  Sequence Description
    ------- ------ -----    ------- ------ -----   ---- --  -------- -----------

   [No hits detected that satisfy reporting thresholds]


Domain annotation for each sequence (and alignments):

   [No targets detected that satisfy reporting thresholds]


Internal pipeline statistics summary:
-------------------------------------
Query model(s):                            1  (556 nodes)
Target sequences:                       1800  (626570 residues searched)
Passed MSV filter:                        62  (0.0344444); expected 36.0 (0.02)
Passed bias filter:                       45  (0.025); expected 36.0 (0.02)
Passed Vit filter:                         1  (0.000555556); expected 1.8 (0.001)
Passed Fwd filter:                         0  (0); expected 0.0 (1e-05)
Initial search space (Z):               1800  [actual number of targets]
Domain search space  (domZ):               0  [number of targets reported over threshold]
# CPU time: 0.02u 0.01s 00:00:00.03 Elapsed: 00:00:00.01
# Mc/sec: 31654.57
//
Query:       nifN-03292025  [M=700]
Scores for complete sequences (score includes all domains):
   --- full sequence ---   --- best 1 domain ---    -#dom-
    E-value  score  bias    E-value  score  bias    exp  N  Sequence Description
    ------- ------ -----    ------- ------ -----   ---- --  -------- -----------

   [No hits detected that satisfy reporting thresholds]


Domain annotation for each sequence (and alignments):

   [No targets detected that satisfy reporting thresholds]


Internal pipeline statistics summary:
-------------------------------------
Query model(s):                            1  (700 nodes)
Target sequences:                       1800  (626570 residues searched)
Passed MSV filter:                        67  (0.0372222); expected 36.0 (0.02)
Passed bias filter:                       48  (0.0266667); expected 36.0 (0.02)
Passed Vit filter:                         4  (0.00222222); expected 1.8 (0.001)
Passed Fwd filter:                         0  (0); expected 0.0 (1e-05)
Initial search space (Z):               1800  [actual number of targets]
Domain search space  (domZ):               0  [number of targets reported over threshold]
# CPU time: 0.02u 0.00s 00:00:00.02 Elapsed: 00:00:00.01
# Mc/sec: 31006.52
//
Query:       pchlide-04012025  [M=508]
Scores for complete sequences (score includes all domains):
   --- full sequence ---   --- best 1 domain ---    -#dom-
    E-value  score  bias    E-value  score  bias    exp  N  Sequence Description
    ------- ------ -----    ------- ------ -----   ---- --  -------- -----------

   [No hits detected that satisfy reporting thresholds]


Domain annotation for each sequence (and alignments):

   [No targets detected that satisfy reporting thresholds]


Internal pipeline statistics summary:
-------------------------------------
Query model(s):                            1  (508 nodes)
Target sequences:                       1800  (626570 residues searched)
Passed MSV filter:                        58  (0.0322222); expected 36.0 (0.02)
Passed bias filter:                       47  (0.0261111); expected 36.0 (0.02)
Passed Vit filter:                         2  (0.00111111); expected 1.8 (0.001)
Passed Fwd filter:                         0  (0); expected 0.0 (1e-05)
Initial search space (Z):               1800  [actual number of targets]
Domain search space  (domZ):               0  [number of targets reported over threshold]
# CPU time: 0.02u 0.00s 00:00:00.02 Elapsed: 00:00:00.00
# Mc/sec: 32977.31
//
[ok]
# hmmsearch :: search profile(s) against a sequence database
# HMMER 3.4 (Aug 2023); http://hmmer.org/
# Copyright (C) 2023 Howard Hughes Medical Institute.
# Freely distributed under the BSD open source license.
# - - - - - - - - - - - - - - - - - - - - - - - - - - - - - - - - - - - -
# query HMM file:                  ../HMMs/nifV_07242025.hmm
# target sequence database:        ../all_rep_proteins_aa/bacteria/GB_GCA_022647725.1_protein.faa
# - - - - - - - - - - - - - - - - - - - - - - - - - - - - - - - - - - - -

Query:       nifV-07242025  [M=437]
Scores for complete sequences (score includes all domains):
   --- full sequence ---   --- best 1 domain ---    -#dom-
    E-value  score  bias    E-value  score  bias    exp  N  Sequence Description
    ------- ------ -----    ------- ------ -----   ---- --  -------- -----------

   [No hits detected that satisfy reporting thresholds]


Domain annotation for each sequence (and alignments):

   [No targets detected that satisfy reporting thresholds]


Internal pipeline statistics summary:
-------------------------------------
Query model(s):                            1  (437 nodes)
Target sequences:                       1800  (626570 residues searched)
Passed MSV filter:                        39  (0.0216667); expected 36.0 (0.02)
Passed bias filter:                       32  (0.0177778); expected 36.0 (0.02)
Passed Vit filter:                         2  (0.00111111); expected 1.8 (0.001)
Passed Fwd filter:                         0  (0); expected 0.0 (1e-05)
Initial search space (Z):               1800  [actual number of targets]
Domain search space  (domZ):               0  [number of targets reported over threshold]
# CPU time: 0.01u 0.00s 00:00:00.01 Elapsed: 00:00:00.00
# Mc/sec: 29532.29
//
[ok]
