# hmmsearch :: search profile(s) against a sequence database
# HMMER 3.4 (Aug 2023); http://hmmer.org/
# Copyright (C) 2023 Howard Hughes Medical Institute.
# Freely distributed under the BSD open source license.
# - - - - - - - - - - - - - - - - - - - - - - - - - - - - - - - - - - - -
# query HMM file:                  ../HMMs/combined_nif_04012025.hmm
# target sequence database:        ../all_rep_proteins_aa/bacteria/GB_GCA_947625315.1_protein.faa
# - - - - - - - - - - - - - - - - - - - - - - - - - - - - - - - - - - - -

Query:       nifH-03292025  [M=327]
Scores for complete sequences (score includes all domains):
   --- full sequence ---   --- best 1 domain ---    -#dom-
    E-value  score  bias    E-value  score  bias    exp  N  Sequence             Description
    ------- ------ -----    ------- ------ -----   ---- --  --------             -----------
    2.1e-12   43.0   0.4    2.3e-07   26.4   0.1    2.1  2  CANQOE010000040.1_10  # 7306 # 8091 # -1 # ID=40_10;partial=0
     0.0016   13.8   0.0     0.0024   13.2   0.0    1.3  1  CANQOE010000099.1_1   # 1 # 714 # -1 # ID=99_1;partial=10;sta
     0.0058   11.9   0.2      0.012   10.9   0.0    1.6  2  CANQOE010000082.1_5   # 4399 # 5748 # -1 # ID=82_5;partial=00


Domain annotation for each sequence (and alignments):
>> CANQOE010000040.1_10  # 7306 # 8091 # -1 # ID=40_10;partial=00;start_type=ATG;rbs_motif=GGAG/GAGG;rbs_spacer=5-10bp;g
   #    score  bias  c-Evalue  i-Evalue hmmfrom  hmm to    alifrom  ali to    envfrom  env to     acc
 ---   ------ ----- --------- --------- ------- -------    ------- -------    ------- -------    ----
   1 !   26.4   0.1   5.9e-10   2.3e-07      17      55 ..      11      49 ..       5      80 .. 0.90
   2 !   14.8   0.0     2e-06   0.00078     149     254 ..     147     257 ..     141     260 .. 0.85

  Alignments for each domain:
  == domain 1  score: 26.4 bits;  conditional E-value: 5.9e-10
         nifH-03292025 17 KGGiGKSttasnlsaalaeegkkvlivGCdPKaDstrll 55
                          KGG+GK tt+ nl+aal + gkk l v  dP + +t+ l
  CANQOE010000040.1_10 11 KGGVGKTTTSINLAAALGTLGKKTLLVDLDPQRNATTGL 49
                          9********************************999876 PP

  == domain 2  score: 14.8 bits;  conditional E-value: 2e-06
         nifH-03292025 149 adevyivtsgemmalYaanniakgikkyaee..ggvrlgGlicNsrkvdk..eeelveefaeklgtqiiaf.vprsnevqkaelekktv 232
                           +d+v+i + +e+ al     ++++i  ++++   + r+ G++  + + ++    e++ee+ + ++ +++++ +pr   + +a  ++k +
  CANQOE010000040.1_10 147 SDSVIIPVQCEFFALEGITQLLNSIIMVQSSmnPTLRIEGVLLTMLDGRTiiGLEVIEEVRKYFKDKVFNTiIPRLVRLVEAPSHGKPI 235
                           57888999999999999999999999988883356788999998876655226899***********9976279*************** PP

         nifH-03292025 233 ieaapdseqakeyreLakkile 254
                            e++p+s+++ +y +Lak+++ 
  CANQOE010000040.1_10 236 NEYDPKSKATLAYANLAKEVIM 257
                           ******************9975 PP

>> CANQOE010000099.1_1  # 1 # 714 # -1 # ID=99_1;partial=10;start_type=ATG;rbs_motif=GGA/GAG/AGG;rbs_spacer=5-10bp;gc_co
   #    score  bias  c-Evalue  i-Evalue hmmfrom  hmm to    alifrom  ali to    envfrom  env to     acc
 ---   ------ ----- --------- --------- ------- -------    ------- -------    ------- -------    ----
   1 !   13.2   0.0   6.2e-06    0.0024       6      50 ..      35      78 ..      30     111 .. 0.74

  Alignments for each domain:
  == domain 1  score: 13.2 bits;  conditional E-value: 6.2e-06
        nifH-03292025  6 akkmrkiAiYGKGGiGKSttasnlsaalaeegkkvlivGCdPKaD 50
                         +kk+  + +YGK GiGK ++as +   l  + +k l    + K+D
  CANQOE010000099.1_1 35 NKKIFSMILYGKPGIGKTSIASAIINELNVH-SKFLNATTNNKND 78
                         566778889***************9999765.5556555555555 PP

>> CANQOE010000082.1_5  # 4399 # 5748 # -1 # ID=82_5;partial=00;start_type=ATG;rbs_motif=None;rbs_spacer=None;gc_cont=0.
   #    score  bias  c-Evalue  i-Evalue hmmfrom  hmm to    alifrom  ali to    envfrom  env to     acc
 ---   ------ ----- --------- --------- ------- -------    ------- -------    ------- -------    ----
   1 !   10.9   0.0     3e-05     0.012      14      70 ..     144     201 ..     136     225 .. 0.74
   2 ?   -3.8   0.1      0.89   3.5e+02     163     176 ..     354     367 ..     348     387 .. 0.72

  Alignments for each domain:
  == domain 1  score: 10.9 bits;  conditional E-value: 3e-05
        nifH-03292025  14 iYGKGGiGKSttasnlsaala.eegkkvlivGCdPKaDstrlllggkaqktvldllre 70 
                          iYGK G+GK      +   +  ++++kvl   Cd      +++++  + k  ++ ++e
  CANQOE010000082.1_5 144 IYGKSGLGKTHLMHAIGNYIVqNSDRKVLYCTCDEFMTEYTNIANPDNNKNTVEYANE 201
                          9***********9999877764789*********765555555555444444455555 PP

  == domain 2  score: -3.8 bits;  conditional E-value: 0.89
        nifH-03292025 163 lYaanniakgikky 176
                          +Y+ nni+k  k +
  CANQOE010000082.1_5 354 IYSNNNITKIQKAV 367
                          79999988744443 PP



Internal pipeline statistics summary:
-------------------------------------
Query model(s):                            1  (327 nodes)
Target sequences:                       1170  (325454 residues searched)
Passed MSV filter:                       105  (0.0897436); expected 23.4 (0.02)
Passed bias filter:                       61  (0.0521368); expected 23.4 (0.02)
Passed Vit filter:                        10  (0.00854701); expected 1.2 (0.001)
Passed Fwd filter:                         3  (0.0025641); expected 0.0 (1e-05)
Initial search space (Z):               1170  [actual number of targets]
Domain search space  (domZ):               3  [number of targets reported over threshold]
# CPU time: 0.01u 0.00s 00:00:00.01 Elapsed: 00:00:00.01
# Mc/sec: 6287.73
//
Query:       nifD-03292025  [M=482]
Scores for complete sequences (score includes all domains):
   --- full sequence ---   --- best 1 domain ---    -#dom-
    E-value  score  bias    E-value  score  bias    exp  N  Sequence Description
    ------- ------ -----    ------- ------ -----   ---- --  -------- -----------

   [No hits detected that satisfy reporting thresholds]


Domain annotation for each sequence (and alignments):

   [No targets detected that satisfy reporting thresholds]


Internal pipeline statistics summary:
-------------------------------------
Query model(s):                            1  (482 nodes)
Target sequences:                       1170  (325454 residues searched)
Passed MSV filter:                        94  (0.0803419); expected 23.4 (0.02)
Passed bias filter:                       19  (0.0162393); expected 23.4 (0.02)
Passed Vit filter:                         1  (0.000854701); expected 1.2 (0.001)
Passed Fwd filter:                         0  (0); expected 0.0 (1e-05)
Initial search space (Z):               1170  [actual number of targets]
Domain search space  (domZ):               0  [number of targets reported over threshold]
# CPU time: 0.01u 0.00s 00:00:00.01 Elapsed: 00:00:00.00
# Mc/sec: 18653.60
//
Query:       nifK-03292025  [M=490]
Scores for complete sequences (score includes all domains):
   --- full sequence ---   --- best 1 domain ---    -#dom-
    E-value  score  bias    E-value  score  bias    exp  N  Sequence Description
    ------- ------ -----    ------- ------ -----   ---- --  -------- -----------

   [No hits detected that satisfy reporting thresholds]


Domain annotation for each sequence (and alignments):

   [No targets detected that satisfy reporting thresholds]


Internal pipeline statistics summary:
-------------------------------------
Query model(s):                            1  (490 nodes)
Target sequences:                       1170  (325454 residues searched)
Passed MSV filter:                        60  (0.0512821); expected 23.4 (0.02)
Passed bias filter:                       25  (0.0213675); expected 23.4 (0.02)
Passed Vit filter:                         2  (0.0017094); expected 1.2 (0.001)
Passed Fwd filter:                         0  (0); expected 0.0 (1e-05)
Initial search space (Z):               1170  [actual number of targets]
Domain search space  (domZ):               0  [number of targets reported over threshold]
# CPU time: 0.01u 0.00s 00:00:00.01 Elapsed: 00:00:00.01
# Mc/sec: 15557.88
//
Query:       nifB-03292025  [M=505]
Scores for complete sequences (score includes all domains):
   --- full sequence ---   --- best 1 domain ---    -#dom-
    E-value  score  bias    E-value  score  bias    exp  N  Sequence Description
    ------- ------ -----    ------- ------ -----   ---- --  -------- -----------

   [No hits detected that satisfy reporting thresholds]


Domain annotation for each sequence (and alignments):

   [No targets detected that satisfy reporting thresholds]


Internal pipeline statistics summary:
-------------------------------------
Query model(s):                            1  (505 nodes)
Target sequences:                       1170  (325454 residues searched)
Passed MSV filter:                        51  (0.0435897); expected 23.4 (0.02)
Passed bias filter:                       16  (0.0136752); expected 23.4 (0.02)
Passed Vit filter:                         3  (0.0025641); expected 1.2 (0.001)
Passed Fwd filter:                         0  (0); expected 0.0 (1e-05)
Initial search space (Z):               1170  [actual number of targets]
Domain search space  (domZ):               0  [number of targets reported over threshold]
# CPU time: 0.01u 0.00s 00:00:00.01 Elapsed: 00:00:00.00
# Mc/sec: 17306.72
//
Query:       nifE-03292025  [M=556]
Scores for complete sequences (score includes all domains):
   --- full sequence ---   --- best 1 domain ---    -#dom-
    E-value  score  bias    E-value  score  bias    exp  N  Sequence Description
    ------- ------ -----    ------- ------ -----   ---- --  -------- -----------

   [No hits detected that satisfy reporting thresholds]


Domain annotation for each sequence (and alignments):

   [No targets detected that satisfy reporting thresholds]


Internal pipeline statistics summary:
-------------------------------------
Query model(s):                            1  (556 nodes)
Target sequences:                       1170  (325454 residues searched)
Passed MSV filter:                        66  (0.0564103); expected 23.4 (0.02)
Passed bias filter:                       31  (0.0264957); expected 23.4 (0.02)
Passed Vit filter:                         2  (0.0017094); expected 1.2 (0.001)
Passed Fwd filter:                         0  (0); expected 0.0 (1e-05)
Initial search space (Z):               1170  [actual number of targets]
Domain search space  (domZ):               0  [number of targets reported over threshold]
# CPU time: 0.01u 0.00s 00:00:00.01 Elapsed: 00:00:00.01
# Mc/sec: 16171.65
//
Query:       nifN-03292025  [M=700]
Scores for complete sequences (score includes all domains):
   --- full sequence ---   --- best 1 domain ---    -#dom-
    E-value  score  bias    E-value  score  bias    exp  N  Sequence Description
    ------- ------ -----    ------- ------ -----   ---- --  -------- -----------

   [No hits detected that satisfy reporting thresholds]


Domain annotation for each sequence (and alignments):

   [No targets detected that satisfy reporting thresholds]


Internal pipeline statistics summary:
-------------------------------------
Query model(s):                            1  (700 nodes)
Target sequences:                       1170  (325454 residues searched)
Passed MSV filter:                        69  (0.0589744); expected 23.4 (0.02)
Passed bias filter:                       42  (0.0358974); expected 23.4 (0.02)
Passed Vit filter:                         5  (0.0042735); expected 1.2 (0.001)
Passed Fwd filter:                         0  (0); expected 0.0 (1e-05)
Initial search space (Z):               1170  [actual number of targets]
Domain search space  (domZ):               0  [number of targets reported over threshold]
# CPU time: 0.01u 0.00s 00:00:00.01 Elapsed: 00:00:00.01
# Mc/sec: 15922.97
//
Query:       pchlide-04012025  [M=508]
Scores for complete sequences (score includes all domains):
   --- full sequence ---   --- best 1 domain ---    -#dom-
    E-value  score  bias    E-value  score  bias    exp  N  Sequence Description
    ------- ------ -----    ------- ------ -----   ---- --  -------- -----------

   [No hits detected that satisfy reporting thresholds]


Domain annotation for each sequence (and alignments):

   [No targets detected that satisfy reporting thresholds]


Internal pipeline statistics summary:
-------------------------------------
Query model(s):                            1  (508 nodes)
Target sequences:                       1170  (325454 residues searched)
Passed MSV filter:                        59  (0.0504274); expected 23.4 (0.02)
Passed bias filter:                       33  (0.0282051); expected 23.4 (0.02)
Passed Vit filter:                         3  (0.0025641); expected 1.2 (0.001)
Passed Fwd filter:                         0  (0); expected 0.0 (1e-05)
Initial search space (Z):               1170  [actual number of targets]
Domain search space  (domZ):               0  [number of targets reported over threshold]
# CPU time: 0.01u 0.00s 00:00:00.01 Elapsed: 00:00:00.00
# Mc/sec: 16765.79
//
[ok]
# hmmsearch :: search profile(s) against a sequence database
# HMMER 3.4 (Aug 2023); http://hmmer.org/
# Copyright (C) 2023 Howard Hughes Medical Institute.
# Freely distributed under the BSD open source license.
# - - - - - - - - - - - - - - - - - - - - - - - - - - - - - - - - - - - -
# query HMM file:                  ../HMMs/nifV_07242025.hmm
# target sequence database:        ../all_rep_proteins_aa/bacteria/GB_GCA_947625315.1_protein.faa
# - - - - - - - - - - - - - - - - - - - - - - - - - - - - - - - - - - - -

Query:       nifV-07242025  [M=437]
Scores for complete sequences (score includes all domains):
   --- full sequence ---   --- best 1 domain ---    -#dom-
    E-value  score  bias    E-value  score  bias    exp  N  Sequence Description
    ------- ------ -----    ------- ------ -----   ---- --  -------- -----------

   [No hits detected that satisfy reporting thresholds]


Domain annotation for each sequence (and alignments):

   [No targets detected that satisfy reporting thresholds]


Internal pipeline statistics summary:
-------------------------------------
Query model(s):                            1  (437 nodes)
Target sequences:                       1170  (325454 residues searched)
Passed MSV filter:                        32  (0.0273504); expected 23.4 (0.02)
Passed bias filter:                       24  (0.0205128); expected 23.4 (0.02)
Passed Vit filter:                         1  (0.000854701); expected 1.2 (0.001)
Passed Fwd filter:                         0  (0); expected 0.0 (1e-05)
Initial search space (Z):               1170  [actual number of targets]
Domain search space  (domZ):               0  [number of targets reported over threshold]
# CPU time: 0.01u 0.00s 00:00:00.01 Elapsed: 00:00:00.00
# Mc/sec: 18795.69
//
[ok]
