# hmmsearch :: search profile(s) against a sequence database
# HMMER 3.4 (Aug 2023); http://hmmer.org/
# Copyright (C) 2023 Howard Hughes Medical Institute.
# Freely distributed under the BSD open source license.
# - - - - - - - - - - - - - - - - - - - - - - - - - - - - - - - - - - - -
# query HMM file:                  ../HMMs/combined_nif_04012025.hmm
# target sequence database:        ../all_rep_proteins_aa/bacteria/GB_GCA_947594705.1_protein.faa
# - - - - - - - - - - - - - - - - - - - - - - - - - - - - - - - - - - - -

Query:       nifH-03292025  [M=327]
Scores for complete sequences (score includes all domains):
   --- full sequence ---   --- best 1 domain ---    -#dom-
    E-value  score  bias    E-value  score  bias    exp  N  Sequence             Description
    ------- ------ -----    ------- ------ -----   ---- --  --------             -----------
    2.5e-10   36.1   0.4    3.8e-05   19.1   0.2    2.3  2  CANQEG010000029.1_6   # 4809 # 5594 # 1 # ID=29_6;partial=00;
  ------ inclusion threshold ------
       0.43    5.8   6.5      0.039    9.2   0.0    2.4  2  CANQEG010000001.1_21  # 16769 # 20431 # 1 # ID=1_21;partial=0


Domain annotation for each sequence (and alignments):
>> CANQEG010000029.1_6  # 4809 # 5594 # 1 # ID=29_6;partial=00;start_type=ATG;rbs_motif=AGxAGG/AGGxGG;rbs_spacer=5-10bp;
   #    score  bias  c-Evalue  i-Evalue hmmfrom  hmm to    alifrom  ali to    envfrom  env to     acc
 ---   ------ ----- --------- --------- ------- -------    ------- -------    ------- -------    ----
   1 !   19.1   0.2   6.4e-08   3.8e-05      17      46 ..      11      40 ..       4      85 .. 0.89
   2 !   15.1   0.0   1.1e-06   0.00065     150     255 ..     148     258 ..     143     261 .. 0.83

  Alignments for each domain:
  == domain 1  score: 19.1 bits;  conditional E-value: 6.4e-08
        nifH-03292025 17 KGGiGKSttasnlsaalaeegkkvlivGCd 46
                         KGG+GK tt+ nl+aal +e+kk l +  d
  CANQEG010000029.1_6 11 KGGVGKTTTSINLAAALGKENKKTLLIDLD 40
                         9***********************998666 PP

  == domain 2  score: 15.1 bits;  conditional E-value: 1.1e-06
        nifH-03292025 150 devyivtsgemmalYaanniakgikkyaee..ggvrlgGlicNsrkvdke..eelveefaeklgtqiiaf.vprsnevqkaelekktvie 234
                          d+v+i + +e+ al     ++++i  ++++   + r+ G++  + + +++   e++ee+ + ++++++++ +pr   + +a  ++k + +
  CANQEG010000029.1_6 148 DSVIIPVQCEYYALEGITALLNSIILVQSNmnPNLRIEGVLLTMLDGRTNigLEVIEEVRKYFKSKVFNTiIPRLVRLVEAPSHGKPISD 237
                          6788888889999988889999987766663367889999999887665522799************976279***************** PP

        nifH-03292025 235 aapdseqakeyreLakkilen 255
                          ++p+s+++ +y++Lak++++ 
  CANQEG010000029.1_6 238 YDPTSRATLAYENLAKEVISR 258
                          *****************9875 PP

>> CANQEG010000001.1_21  # 16769 # 20431 # 1 # ID=1_21;partial=00;start_type=ATG;rbs_motif=AGGAG;rbs_spacer=5-10bp;gc_co
   #    score  bias  c-Evalue  i-Evalue hmmfrom  hmm to    alifrom  ali to    envfrom  env to     acc
 ---   ------ ----- --------- --------- ------- -------    ------- -------    ------- -------    ----
   1 ?    9.2   0.0   6.4e-05     0.039       9      36 ..      46      73 ..      35      79 .. 0.82
   2 ?   -5.1   4.7       1.5   8.9e+02     234     284 ..     430     487 ..     388     642 .. 0.58

  Alignments for each domain:
  == domain 1  score: 9.2 bits;  conditional E-value: 6.4e-05
         nifH-03292025  9 mrkiAiYGKGGiGKSttasnlsaalaee 36
                          ++ i++YG GGiGKS+   +l   l e+
  CANQEG010000001.1_21 46 IQVISYYGFGGIGKSSLLHKLKEELHEK 73
                          56799************99999888876 PP

  == domain 2  score: -5.1 bits;  conditional E-value: 1.5
         nifH-03292025 234 eaapdseqakeyreLakkilenkklvipk.......plseeeleellaelglleeede 284
                            a+ ++   ++y++L ++ ++++ + i+k       +ls++ l+++ ++++++e++++
  CANQEG010000001.1_21 430 IANTNEVIRERYMKLFQEETNQEVEEIKKekeeknvALSDDGLSHVKVNIDVYESKNK 487
                           3333333333333333333333322222211111112333333333333333333322 PP



Internal pipeline statistics summary:
-------------------------------------
Query model(s):                            1  (327 nodes)
Target sequences:                       1207  (363518 residues searched)
Passed MSV filter:                        99  (0.0820215); expected 24.1 (0.02)
Passed bias filter:                       53  (0.0439105); expected 24.1 (0.02)
Passed Vit filter:                        10  (0.008285); expected 1.2 (0.001)
Passed Fwd filter:                         2  (0.001657); expected 0.0 (1e-05)
Initial search space (Z):               1207  [actual number of targets]
Domain search space  (domZ):               2  [number of targets reported over threshold]
# CPU time: 0.02u 0.00s 00:00:00.02 Elapsed: 00:00:00.02
# Mc/sec: 5481.27
//
Query:       nifD-03292025  [M=482]
Scores for complete sequences (score includes all domains):
   --- full sequence ---   --- best 1 domain ---    -#dom-
    E-value  score  bias    E-value  score  bias    exp  N  Sequence Description
    ------- ------ -----    ------- ------ -----   ---- --  -------- -----------

   [No hits detected that satisfy reporting thresholds]


Domain annotation for each sequence (and alignments):

   [No targets detected that satisfy reporting thresholds]


Internal pipeline statistics summary:
-------------------------------------
Query model(s):                            1  (482 nodes)
Target sequences:                       1207  (363518 residues searched)
Passed MSV filter:                       111  (0.0919635); expected 24.1 (0.02)
Passed bias filter:                       30  (0.024855); expected 24.1 (0.02)
Passed Vit filter:                         2  (0.001657); expected 1.2 (0.001)
Passed Fwd filter:                         0  (0); expected 0.0 (1e-05)
Initial search space (Z):               1207  [actual number of targets]
Domain search space  (domZ):               0  [number of targets reported over threshold]
# CPU time: 0.01u 0.00s 00:00:00.01 Elapsed: 00:00:00.01
# Mc/sec: 16803.24
//
Query:       nifK-03292025  [M=490]
Scores for complete sequences (score includes all domains):
   --- full sequence ---   --- best 1 domain ---    -#dom-
    E-value  score  bias    E-value  score  bias    exp  N  Sequence Description
    ------- ------ -----    ------- ------ -----   ---- --  -------- -----------

   [No hits detected that satisfy reporting thresholds]


Domain annotation for each sequence (and alignments):

   [No targets detected that satisfy reporting thresholds]


Internal pipeline statistics summary:
-------------------------------------
Query model(s):                            1  (490 nodes)
Target sequences:                       1207  (363518 residues searched)
Passed MSV filter:                        52  (0.043082); expected 24.1 (0.02)
Passed bias filter:                       27  (0.0223695); expected 24.1 (0.02)
Passed Vit filter:                         0  (0); expected 1.2 (0.001)
Passed Fwd filter:                         0  (0); expected 0.0 (1e-05)
Initial search space (Z):               1207  [actual number of targets]
Domain search space  (domZ):               0  [number of targets reported over threshold]
# CPU time: 0.01u 0.00s 00:00:00.01 Elapsed: 00:00:00.00
# Mc/sec: 17870.80
//
Query:       nifB-03292025  [M=505]
Scores for complete sequences (score includes all domains):
   --- full sequence ---   --- best 1 domain ---    -#dom-
    E-value  score  bias    E-value  score  bias    exp  N  Sequence Description
    ------- ------ -----    ------- ------ -----   ---- --  -------- -----------

   [No hits detected that satisfy reporting thresholds]


Domain annotation for each sequence (and alignments):

   [No targets detected that satisfy reporting thresholds]


Internal pipeline statistics summary:
-------------------------------------
Query model(s):                            1  (505 nodes)
Target sequences:                       1207  (363518 residues searched)
Passed MSV filter:                        56  (0.046396); expected 24.1 (0.02)
Passed bias filter:                       27  (0.0223695); expected 24.1 (0.02)
Passed Vit filter:                         1  (0.0008285); expected 1.2 (0.001)
Passed Fwd filter:                         0  (0); expected 0.0 (1e-05)
Initial search space (Z):               1207  [actual number of targets]
Domain search space  (domZ):               0  [number of targets reported over threshold]
# CPU time: 0.01u 0.00s 00:00:00.01 Elapsed: 00:00:00.01
# Mc/sec: 18270.24
//
Query:       nifE-03292025  [M=556]
Scores for complete sequences (score includes all domains):
   --- full sequence ---   --- best 1 domain ---    -#dom-
    E-value  score  bias    E-value  score  bias    exp  N  Sequence Description
    ------- ------ -----    ------- ------ -----   ---- --  -------- -----------

   [No hits detected that satisfy reporting thresholds]


Domain annotation for each sequence (and alignments):

   [No targets detected that satisfy reporting thresholds]


Internal pipeline statistics summary:
-------------------------------------
Query model(s):                            1  (556 nodes)
Target sequences:                       1207  (363518 residues searched)
Passed MSV filter:                        94  (0.077879); expected 24.1 (0.02)
Passed bias filter:                       38  (0.031483); expected 24.1 (0.02)
Passed Vit filter:                         2  (0.001657); expected 1.2 (0.001)
Passed Fwd filter:                         0  (0); expected 0.0 (1e-05)
Initial search space (Z):               1207  [actual number of targets]
Domain search space  (domZ):               0  [number of targets reported over threshold]
# CPU time: 0.01u 0.00s 00:00:00.01 Elapsed: 00:00:00.01
# Mc/sec: 18542.91
//
Query:       nifN-03292025  [M=700]
Scores for complete sequences (score includes all domains):
   --- full sequence ---   --- best 1 domain ---    -#dom-
    E-value  score  bias    E-value  score  bias    exp  N  Sequence Description
    ------- ------ -----    ------- ------ -----   ---- --  -------- -----------

   [No hits detected that satisfy reporting thresholds]


Domain annotation for each sequence (and alignments):

   [No targets detected that satisfy reporting thresholds]


Internal pipeline statistics summary:
-------------------------------------
Query model(s):                            1  (700 nodes)
Target sequences:                       1207  (363518 residues searched)
Passed MSV filter:                        75  (0.0621375); expected 24.1 (0.02)
Passed bias filter:                       45  (0.0372825); expected 24.1 (0.02)
Passed Vit filter:                         5  (0.0041425); expected 1.2 (0.001)
Passed Fwd filter:                         0  (0); expected 0.0 (1e-05)
Initial search space (Z):               1207  [actual number of targets]
Domain search space  (domZ):               0  [number of targets reported over threshold]
# CPU time: 0.01u 0.00s 00:00:00.01 Elapsed: 00:00:00.01
# Mc/sec: 17108.06
//
Query:       pchlide-04012025  [M=508]
Scores for complete sequences (score includes all domains):
   --- full sequence ---   --- best 1 domain ---    -#dom-
    E-value  score  bias    E-value  score  bias    exp  N  Sequence Description
    ------- ------ -----    ------- ------ -----   ---- --  -------- -----------

   [No hits detected that satisfy reporting thresholds]


Domain annotation for each sequence (and alignments):

   [No targets detected that satisfy reporting thresholds]


Internal pipeline statistics summary:
-------------------------------------
Query model(s):                            1  (508 nodes)
Target sequences:                       1207  (363518 residues searched)
Passed MSV filter:                        53  (0.0439105); expected 24.1 (0.02)
Passed bias filter:                       31  (0.0256835); expected 24.1 (0.02)
Passed Vit filter:                         3  (0.0024855); expected 1.2 (0.001)
Passed Fwd filter:                         0  (0); expected 0.0 (1e-05)
Initial search space (Z):               1207  [actual number of targets]
Domain search space  (domZ):               0  [number of targets reported over threshold]
# CPU time: 0.01u 0.00s 00:00:00.01 Elapsed: 00:00:00.01
# Mc/sec: 17021.55
//
[ok]
# hmmsearch :: search profile(s) against a sequence database
# HMMER 3.4 (Aug 2023); http://hmmer.org/
# Copyright (C) 2023 Howard Hughes Medical Institute.
# Freely distributed under the BSD open source license.
# - - - - - - - - - - - - - - - - - - - - - - - - - - - - - - - - - - - -
# query HMM file:                  ../HMMs/nifV_07242025.hmm
# target sequence database:        ../all_rep_proteins_aa/bacteria/GB_GCA_947594705.1_protein.faa
# - - - - - - - - - - - - - - - - - - - - - - - - - - - - - - - - - - - -

Query:       nifV-07242025  [M=437]
Scores for complete sequences (score includes all domains):
   --- full sequence ---   --- best 1 domain ---    -#dom-
    E-value  score  bias    E-value  score  bias    exp  N  Sequence Description
    ------- ------ -----    ------- ------ -----   ---- --  -------- -----------

   [No hits detected that satisfy reporting thresholds]


Domain annotation for each sequence (and alignments):

   [No targets detected that satisfy reporting thresholds]


Internal pipeline statistics summary:
-------------------------------------
Query model(s):                            1  (437 nodes)
Target sequences:                       1207  (363518 residues searched)
Passed MSV filter:                        25  (0.0207125); expected 24.1 (0.02)
Passed bias filter:                       19  (0.0157415); expected 24.1 (0.02)
Passed Vit filter:                         2  (0.001657); expected 1.2 (0.001)
Passed Fwd filter:                         0  (0); expected 0.0 (1e-05)
Initial search space (Z):               1207  [actual number of targets]
Domain search space  (domZ):               0  [number of targets reported over threshold]
# CPU time: 0.01u 0.00s 00:00:00.01 Elapsed: 00:00:00.00
# Mc/sec: 20925.90
//
[ok]
