# hmmsearch :: search profile(s) against a sequence database
# HMMER 3.4 (Aug 2023); http://hmmer.org/
# Copyright (C) 2023 Howard Hughes Medical Institute.
# Freely distributed under the BSD open source license.
# - - - - - - - - - - - - - - - - - - - - - - - - - - - - - - - - - - - -
# query HMM file:                  ../HMMs/combined_nif_04012025.hmm
# target sequence database:        ../all_rep_proteins_aa/bacteria/GB_GCA_031259665.1_protein.faa
# - - - - - - - - - - - - - - - - - - - - - - - - - - - - - - - - - - - -

Query:       nifH-03292025  [M=327]
Scores for complete sequences (score includes all domains):
   --- full sequence ---   --- best 1 domain ---    -#dom-
    E-value  score  bias    E-value  score  bias    exp  N  Sequence            Description
    ------- ------ -----    ------- ------ -----   ---- --  --------            -----------
     0.0004   15.7   0.1     0.0022   13.2   0.1    1.9  2  JAIRLD010000112.1_6  # 5650 # 6603 # -1 # ID=37_6;partial=00;
  ------ inclusion threshold ------
      0.061    8.5   6.1       0.22    6.7   0.3    2.8  3  JAIRLD010000082.1_1  # 77 # 1405 # -1 # ID=45_1;partial=00;st


Domain annotation for each sequence (and alignments):
>> JAIRLD010000112.1_6  # 5650 # 6603 # -1 # ID=37_6;partial=00;start_type=ATG;rbs_motif=AGGA;rbs_spacer=5-10bp;gc_cont=
   #    score  bias  c-Evalue  i-Evalue hmmfrom  hmm to    alifrom  ali to    envfrom  env to     acc
 ---   ------ ----- --------- --------- ------- -------    ------- -------    ------- -------    ----
   1 ?   -0.4   0.0     0.054        31     108     139 ..      58      91 ..      54      95 .. 0.69
   2 !   13.2   0.1   3.9e-06    0.0022      12      46 ..     118     152 ..     111     162 .. 0.94

  Alignments for each domain:
  == domain 1  score: -0.4 bits;  conditional E-value: 0.054
        nifH-03292025 108 itaielLeel..gayeedldvvvyDvLGDVVCGG 139
                          i+ai++  ++  ++ e+++ +++ DvL DV  GG
  JAIRLD010000112.1_6  58 IAAIKVAYRNnpQMREREVSIICEDVLFDVLRGG 91 
                          555555444411345566999999******9999 PP

  == domain 2  score: 13.2 bits;  conditional E-value: 3.9e-06
        nifH-03292025  12 iAiYGKGGiGKSttasnlsaalaeegkkvlivGCd 46 
                          iA+ G  G GK tta++l+  ++e+gk+v+i  Cd
  JAIRLD010000112.1_6 118 IALIGSNGSGKTTTAAKLAGFFTENGKSVIIGACD 152
                          999*******************************9 PP

>> JAIRLD010000082.1_1  # 77 # 1405 # -1 # ID=45_1;partial=00;start_type=ATG;rbs_motif=GGA/GAG/AGG;rbs_spacer=5-10bp;gc_
   #    score  bias  c-Evalue  i-Evalue hmmfrom  hmm to    alifrom  ali to    envfrom  env to     acc
 ---   ------ ----- --------- --------- ------- -------    ------- -------    ------- -------    ----
   1 ?    6.7   0.3   0.00038      0.22       9      27 ..      27      45 ..      19      53 .. 0.82
   2 ?   -0.8   0.2      0.07        40     251     297 ..     154     199 ..      95     231 .. 0.58
   3 ?    3.7   0.0    0.0032       1.8       9      29 ..     288     308 ..     279     314 .. 0.82

  Alignments for each domain:
  == domain 1  score: 6.7 bits;  conditional E-value: 0.00038
        nifH-03292025  9 mrkiAiYGKGGiGKSttas 27
                          ++iAi GK G GKSt  +
  JAIRLD010000082.1_1 27 GERIAIIGKNGSGKSTLLK 45
                         479*************865 PP

  == domain 2  score: -0.8 bits;  conditional E-value: 0.07
        nifH-03292025 251 kilenkklvipkplseeeleellaelglleeedevgkkaaeaaaaaa 297
                          +i+++++ +++  ++  + ++  ++ +l++e+++++k++a+ ++++a
  JAIRLD010000082.1_1 154 EIQNKREAIVR-QVEILNAQKKSMHEKLMKEQERIAKSKASGKKKVA 199
                          44443333333.33333333333344444444443333333333222 PP

  == domain 3  score: 3.7 bits;  conditional E-value: 0.0032
        nifH-03292025   9 mrkiAiYGKGGiGKSttasnl 29 
                           +++Ai GK G GK t ++ +
  JAIRLD010000082.1_1 288 GERVAITGKNGSGKTTLVKAI 308
                          479*************98765 PP



Internal pipeline statistics summary:
-------------------------------------
Query model(s):                            1  (327 nodes)
Target sequences:                       1144  (325870 residues searched)
Passed MSV filter:                        55  (0.0480769); expected 22.9 (0.02)
Passed bias filter:                       44  (0.0384615); expected 22.9 (0.02)
Passed Vit filter:                         9  (0.00786713); expected 1.1 (0.001)
Passed Fwd filter:                         2  (0.00174825); expected 0.0 (1e-05)
Initial search space (Z):               1144  [actual number of targets]
Domain search space  (domZ):               2  [number of targets reported over threshold]
# CPU time: 0.02u 0.00s 00:00:00.02 Elapsed: 00:00:00.01
# Mc/sec: 5569.74
//
Query:       nifD-03292025  [M=482]
Scores for complete sequences (score includes all domains):
   --- full sequence ---   --- best 1 domain ---    -#dom-
    E-value  score  bias    E-value  score  bias    exp  N  Sequence Description
    ------- ------ -----    ------- ------ -----   ---- --  -------- -----------

   [No hits detected that satisfy reporting thresholds]


Domain annotation for each sequence (and alignments):

   [No targets detected that satisfy reporting thresholds]


Internal pipeline statistics summary:
-------------------------------------
Query model(s):                            1  (482 nodes)
Target sequences:                       1144  (325870 residues searched)
Passed MSV filter:                        50  (0.0437063); expected 22.9 (0.02)
Passed bias filter:                       34  (0.0297203); expected 22.9 (0.02)
Passed Vit filter:                         3  (0.00262238); expected 1.1 (0.001)
Passed Fwd filter:                         0  (0); expected 0.0 (1e-05)
Initial search space (Z):               1144  [actual number of targets]
Domain search space  (domZ):               0  [number of targets reported over threshold]
# CPU time: 0.01u 0.00s 00:00:00.01 Elapsed: 00:00:00.01
# Mc/sec: 13945.91
//
Query:       nifK-03292025  [M=490]
Scores for complete sequences (score includes all domains):
   --- full sequence ---   --- best 1 domain ---    -#dom-
    E-value  score  bias    E-value  score  bias    exp  N  Sequence Description
    ------- ------ -----    ------- ------ -----   ---- --  -------- -----------

   [No hits detected that satisfy reporting thresholds]


Domain annotation for each sequence (and alignments):

   [No targets detected that satisfy reporting thresholds]


Internal pipeline statistics summary:
-------------------------------------
Query model(s):                            1  (490 nodes)
Target sequences:                       1144  (325870 residues searched)
Passed MSV filter:                        33  (0.0288462); expected 22.9 (0.02)
Passed bias filter:                       28  (0.0244755); expected 22.9 (0.02)
Passed Vit filter:                         2  (0.00174825); expected 1.1 (0.001)
Passed Fwd filter:                         0  (0); expected 0.0 (1e-05)
Initial search space (Z):               1144  [actual number of targets]
Domain search space  (domZ):               0  [number of targets reported over threshold]
# CPU time: 0.01u 0.00s 00:00:00.01 Elapsed: 00:00:00.01
# Mc/sec: 13329.38
//
Query:       nifB-03292025  [M=505]
Scores for complete sequences (score includes all domains):
   --- full sequence ---   --- best 1 domain ---    -#dom-
    E-value  score  bias    E-value  score  bias    exp  N  Sequence Description
    ------- ------ -----    ------- ------ -----   ---- --  -------- -----------

   [No hits detected that satisfy reporting thresholds]


Domain annotation for each sequence (and alignments):

   [No targets detected that satisfy reporting thresholds]


Internal pipeline statistics summary:
-------------------------------------
Query model(s):                            1  (505 nodes)
Target sequences:                       1144  (325870 residues searched)
Passed MSV filter:                        34  (0.0297203); expected 22.9 (0.02)
Passed bias filter:                       25  (0.0218531); expected 22.9 (0.02)
Passed Vit filter:                         1  (0.000874126); expected 1.1 (0.001)
Passed Fwd filter:                         0  (0); expected 0.0 (1e-05)
Initial search space (Z):               1144  [actual number of targets]
Domain search space  (domZ):               0  [number of targets reported over threshold]
# CPU time: 0.01u 0.00s 00:00:00.01 Elapsed: 00:00:00.01
# Mc/sec: 14947.40
//
Query:       nifE-03292025  [M=556]
Scores for complete sequences (score includes all domains):
   --- full sequence ---   --- best 1 domain ---    -#dom-
    E-value  score  bias    E-value  score  bias    exp  N  Sequence Description
    ------- ------ -----    ------- ------ -----   ---- --  -------- -----------

   [No hits detected that satisfy reporting thresholds]


Domain annotation for each sequence (and alignments):

   [No targets detected that satisfy reporting thresholds]


Internal pipeline statistics summary:
-------------------------------------
Query model(s):                            1  (556 nodes)
Target sequences:                       1144  (325870 residues searched)
Passed MSV filter:                        47  (0.0410839); expected 22.9 (0.02)
Passed bias filter:                       41  (0.0358392); expected 22.9 (0.02)
Passed Vit filter:                         2  (0.00174825); expected 1.1 (0.001)
Passed Fwd filter:                         0  (0); expected 0.0 (1e-05)
Initial search space (Z):               1144  [actual number of targets]
Domain search space  (domZ):               0  [number of targets reported over threshold]
# CPU time: 0.01u 0.00s 00:00:00.01 Elapsed: 00:00:00.01
# Mc/sec: 13417.31
//
Query:       nifN-03292025  [M=700]
Scores for complete sequences (score includes all domains):
   --- full sequence ---   --- best 1 domain ---    -#dom-
    E-value  score  bias    E-value  score  bias    exp  N  Sequence Description
    ------- ------ -----    ------- ------ -----   ---- --  -------- -----------

   [No hits detected that satisfy reporting thresholds]


Domain annotation for each sequence (and alignments):

   [No targets detected that satisfy reporting thresholds]


Internal pipeline statistics summary:
-------------------------------------
Query model(s):                            1  (700 nodes)
Target sequences:                       1144  (325870 residues searched)
Passed MSV filter:                        48  (0.041958); expected 22.9 (0.02)
Passed bias filter:                       35  (0.0305944); expected 22.9 (0.02)
Passed Vit filter:                         3  (0.00262238); expected 1.1 (0.001)
Passed Fwd filter:                         0  (0); expected 0.0 (1e-05)
Initial search space (Z):               1144  [actual number of targets]
Domain search space  (domZ):               0  [number of targets reported over threshold]
# CPU time: 0.01u 0.00s 00:00:00.01 Elapsed: 00:00:00.01
# Mc/sec: 17272.25
//
Query:       pchlide-04012025  [M=508]
Scores for complete sequences (score includes all domains):
   --- full sequence ---   --- best 1 domain ---    -#dom-
    E-value  score  bias    E-value  score  bias    exp  N  Sequence Description
    ------- ------ -----    ------- ------ -----   ---- --  -------- -----------

   [No hits detected that satisfy reporting thresholds]


Domain annotation for each sequence (and alignments):

   [No targets detected that satisfy reporting thresholds]


Internal pipeline statistics summary:
-------------------------------------
Query model(s):                            1  (508 nodes)
Target sequences:                       1144  (325870 residues searched)
Passed MSV filter:                        41  (0.0358392); expected 22.9 (0.02)
Passed bias filter:                       32  (0.027972); expected 22.9 (0.02)
Passed Vit filter:                         2  (0.00174825); expected 1.1 (0.001)
Passed Fwd filter:                         0  (0); expected 0.0 (1e-05)
Initial search space (Z):               1144  [actual number of targets]
Domain search space  (domZ):               0  [number of targets reported over threshold]
# CPU time: 0.01u 0.00s 00:00:00.01 Elapsed: 00:00:00.00
# Mc/sec: 17082.97
//
[ok]
# hmmsearch :: search profile(s) against a sequence database
# HMMER 3.4 (Aug 2023); http://hmmer.org/
# Copyright (C) 2023 Howard Hughes Medical Institute.
# Freely distributed under the BSD open source license.
# - - - - - - - - - - - - - - - - - - - - - - - - - - - - - - - - - - - -
# query HMM file:                  ../HMMs/nifV_07242025.hmm
# target sequence database:        ../all_rep_proteins_aa/bacteria/GB_GCA_031259665.1_protein.faa
# - - - - - - - - - - - - - - - - - - - - - - - - - - - - - - - - - - - -

Query:       nifV-07242025  [M=437]
Scores for complete sequences (score includes all domains):
   --- full sequence ---   --- best 1 domain ---    -#dom-
    E-value  score  bias    E-value  score  bias    exp  N  Sequence Description
    ------- ------ -----    ------- ------ -----   ---- --  -------- -----------

   [No hits detected that satisfy reporting thresholds]


Domain annotation for each sequence (and alignments):

   [No targets detected that satisfy reporting thresholds]


Internal pipeline statistics summary:
-------------------------------------
Query model(s):                            1  (437 nodes)
Target sequences:                       1144  (325870 residues searched)
Passed MSV filter:                        32  (0.027972); expected 22.9 (0.02)
Passed bias filter:                       22  (0.0192308); expected 22.9 (0.02)
Passed Vit filter:                         1  (0.000874126); expected 1.1 (0.001)
Passed Fwd filter:                         0  (0); expected 0.0 (1e-05)
Initial search space (Z):               1144  [actual number of targets]
Domain search space  (domZ):               0  [number of targets reported over threshold]
# CPU time: 0.01u 0.00s 00:00:00.01 Elapsed: 00:00:00.00
# Mc/sec: 19221.72
//
[ok]
