# hmmsearch :: search profile(s) against a sequence database
# HMMER 3.4 (Aug 2023); http://hmmer.org/
# Copyright (C) 2023 Howard Hughes Medical Institute.
# Freely distributed under the BSD open source license.
# - - - - - - - - - - - - - - - - - - - - - - - - - - - - - - - - - - - -
# query HMM file:                  ../HMMs/combined_nif_04012025.hmm
# target sequence database:        ../all_rep_proteins_aa/bacteria/GB_GCA_001818495.1_protein.faa
# - - - - - - - - - - - - - - - - - - - - - - - - - - - - - - - - - - - -

Query:       nifH-03292025  [M=327]
Scores for complete sequences (score includes all domains):
   --- full sequence ---   --- best 1 domain ---    -#dom-
    E-value  score  bias    E-value  score  bias    exp  N  Sequence           Description
    ------- ------ -----    ------- ------ -----   ---- --  --------           -----------
    1.5e-10   36.4   0.1    3.4e-07   25.4   0.0    2.1  2  MHKS01000005.1_181  # 188259 # 189029 # 1 # ID=5_181;partial=
     0.0016   13.3   0.0     0.0045   11.9   0.0    1.7  1  MHKS01000005.1_472  # 484332 # 486023 # -1 # ID=5_472;partial


Domain annotation for each sequence (and alignments):
>> MHKS01000005.1_181  # 188259 # 189029 # 1 # ID=5_181;partial=00;start_type=ATG;rbs_motif=None;rbs_spacer=None;gc_cont
   #    score  bias  c-Evalue  i-Evalue hmmfrom  hmm to    alifrom  ali to    envfrom  env to     acc
 ---   ------ ----- --------- --------- ------- -------    ------- -------    ------- -------    ----
   1 !   25.4   0.0   7.7e-10   3.4e-07      17      51 ..      11      45 ..       3      65 .. 0.91
   2 !    9.1   0.0   7.2e-05     0.031     150     253 ..     142     250 ..     139     255 .. 0.75

  Alignments for each domain:
  == domain 1  score: 25.4 bits;  conditional E-value: 7.7e-10
       nifH-03292025 17 KGGiGKSttasnlsaalaeegkkvlivGCdPKaDs 51
                        KGG+GK tt+ nl+a la  gk+vli+  dP   +
  MHKS01000005.1_181 11 KGGVGKTTTSINLAAWLAAFGKRVLIIDIDPQGNA 45
                        9******************************8765 PP

  == domain 2  score: 9.1 bits;  conditional E-value: 7.2e-05
       nifH-03292025 150 devyivtsgemmalYaanniakgikkyaeeggvrlg..GlicNsrkvdk..eeelveefaeklgtqiiaf.vprsnevqkaelekktviea 235
                         +e++i + +e+ al     ++++i+ ++e+ +  l   G ++ + ++++   +++ +e+ + + ++i+   +pr+ ++ ++  ++  + ++
  MHKS01000005.1_181 142 REIIIPVQCEYYALEGLSQLLNTINLIKEHLQPDLNilGAVMTMYDSRNklANDVFNELYRYFPAKIFRSvIPRNIKIAESPSHGLPLKDY 232
                         68888889999999999999999999998866555411444444333321145666777777788888652699999************** PP

       nifH-03292025 236 apdseqakeyreLakkil 253
                         ap+s   ++y++La++++
  MHKS01000005.1_181 233 APNSVGSNAYKRLAQEVM 250
                         ***************996 PP

>> MHKS01000005.1_472  # 484332 # 486023 # -1 # ID=5_472;partial=00;start_type=ATG;rbs_motif=None;rbs_spacer=None;gc_con
   #    score  bias  c-Evalue  i-Evalue hmmfrom  hmm to    alifrom  ali to    envfrom  env to     acc
 ---   ------ ----- --------- --------- ------- -------    ------- -------    ------- -------    ----
   1 !   11.9   0.0     1e-05    0.0045       9      56 ..      28      73 ..      20      92 .. 0.80

  Alignments for each domain:
  == domain 1  score: 11.9 bits;  conditional E-value: 1e-05
       nifH-03292025  9 mrkiAiYGKGGiGKSttasnlsaalaeegkkvlivGCdPKaDstrlll 56
                         r++ + GK G+GKSt+ +n+     ++gk v +v  dP  D ++ ++
  MHKS01000005.1_472 28 RRHMYFIGKTGMGKSTVLENMIIQDIQDGKGVCVV--DPHGDLVEKVI 73
                        5677889****************999999999998..88877666555 PP



Internal pipeline statistics summary:
-------------------------------------
Query model(s):                            1  (327 nodes)
Target sequences:                        872  (273730 residues searched)
Passed MSV filter:                        58  (0.0665138); expected 17.4 (0.02)
Passed bias filter:                       46  (0.0527523); expected 17.4 (0.02)
Passed Vit filter:                         6  (0.00688073); expected 0.9 (0.001)
Passed Fwd filter:                         2  (0.00229358); expected 0.0 (1e-05)
Initial search space (Z):                872  [actual number of targets]
Domain search space  (domZ):               2  [number of targets reported over threshold]
# CPU time: 0.01u 0.00s 00:00:00.01 Elapsed: 00:00:00.01
# Mc/sec: 6612.44
//
Query:       nifD-03292025  [M=482]
Scores for complete sequences (score includes all domains):
   --- full sequence ---   --- best 1 domain ---    -#dom-
    E-value  score  bias    E-value  score  bias    exp  N  Sequence Description
    ------- ------ -----    ------- ------ -----   ---- --  -------- -----------

   [No hits detected that satisfy reporting thresholds]


Domain annotation for each sequence (and alignments):

   [No targets detected that satisfy reporting thresholds]


Internal pipeline statistics summary:
-------------------------------------
Query model(s):                            1  (482 nodes)
Target sequences:                        872  (273730 residues searched)
Passed MSV filter:                        55  (0.0630734); expected 17.4 (0.02)
Passed bias filter:                       27  (0.0309633); expected 17.4 (0.02)
Passed Vit filter:                         1  (0.00114679); expected 0.9 (0.001)
Passed Fwd filter:                         0  (0); expected 0.0 (1e-05)
Initial search space (Z):                872  [actual number of targets]
Domain search space  (domZ):               0  [number of targets reported over threshold]
# CPU time: 0.01u 0.00s 00:00:00.01 Elapsed: 00:00:00.00
# Mc/sec: 15493.44
//
Query:       nifK-03292025  [M=490]
Scores for complete sequences (score includes all domains):
   --- full sequence ---   --- best 1 domain ---    -#dom-
    E-value  score  bias    E-value  score  bias    exp  N  Sequence Description
    ------- ------ -----    ------- ------ -----   ---- --  -------- -----------

   [No hits detected that satisfy reporting thresholds]


Domain annotation for each sequence (and alignments):

   [No targets detected that satisfy reporting thresholds]


Internal pipeline statistics summary:
-------------------------------------
Query model(s):                            1  (490 nodes)
Target sequences:                        872  (273730 residues searched)
Passed MSV filter:                        34  (0.0389908); expected 17.4 (0.02)
Passed bias filter:                       23  (0.0263761); expected 17.4 (0.02)
Passed Vit filter:                         3  (0.00344037); expected 0.9 (0.001)
Passed Fwd filter:                         0  (0); expected 0.0 (1e-05)
Initial search space (Z):                872  [actual number of targets]
Domain search space  (domZ):               0  [number of targets reported over threshold]
# CPU time: 0.01u 0.00s 00:00:00.01 Elapsed: 00:00:00.00
# Mc/sec: 14379.38
//
Query:       nifB-03292025  [M=505]
Scores for complete sequences (score includes all domains):
   --- full sequence ---   --- best 1 domain ---    -#dom-
    E-value  score  bias    E-value  score  bias    exp  N  Sequence Description
    ------- ------ -----    ------- ------ -----   ---- --  -------- -----------

   [No hits detected that satisfy reporting thresholds]


Domain annotation for each sequence (and alignments):

   [No targets detected that satisfy reporting thresholds]


Internal pipeline statistics summary:
-------------------------------------
Query model(s):                            1  (505 nodes)
Target sequences:                        872  (273730 residues searched)
Passed MSV filter:                        37  (0.0424312); expected 17.4 (0.02)
Passed bias filter:                       23  (0.0263761); expected 17.4 (0.02)
Passed Vit filter:                         2  (0.00229358); expected 0.9 (0.001)
Passed Fwd filter:                         0  (0); expected 0.0 (1e-05)
Initial search space (Z):                872  [actual number of targets]
Domain search space  (domZ):               0  [number of targets reported over threshold]
# CPU time: 0.01u 0.00s 00:00:00.01 Elapsed: 00:00:00.00
# Mc/sec: 15865.25
//
Query:       nifE-03292025  [M=556]
Scores for complete sequences (score includes all domains):
   --- full sequence ---   --- best 1 domain ---    -#dom-
    E-value  score  bias    E-value  score  bias    exp  N  Sequence Description
    ------- ------ -----    ------- ------ -----   ---- --  -------- -----------

   [No hits detected that satisfy reporting thresholds]


Domain annotation for each sequence (and alignments):

   [No targets detected that satisfy reporting thresholds]


Internal pipeline statistics summary:
-------------------------------------
Query model(s):                            1  (556 nodes)
Target sequences:                        872  (273730 residues searched)
Passed MSV filter:                        44  (0.0504587); expected 17.4 (0.02)
Passed bias filter:                       27  (0.0309633); expected 17.4 (0.02)
Passed Vit filter:                         5  (0.00573394); expected 0.9 (0.001)
Passed Fwd filter:                         0  (0); expected 0.0 (1e-05)
Initial search space (Z):                872  [actual number of targets]
Domain search space  (domZ):               0  [number of targets reported over threshold]
# CPU time: 0.01u 0.00s 00:00:00.01 Elapsed: 00:00:00.01
# Mc/sec: 13563.59
//
Query:       nifN-03292025  [M=700]
Scores for complete sequences (score includes all domains):
   --- full sequence ---   --- best 1 domain ---    -#dom-
    E-value  score  bias    E-value  score  bias    exp  N  Sequence Description
    ------- ------ -----    ------- ------ -----   ---- --  -------- -----------

   [No hits detected that satisfy reporting thresholds]


Domain annotation for each sequence (and alignments):

   [No targets detected that satisfy reporting thresholds]


Internal pipeline statistics summary:
-------------------------------------
Query model(s):                            1  (700 nodes)
Target sequences:                        872  (273730 residues searched)
Passed MSV filter:                        53  (0.0607798); expected 17.4 (0.02)
Passed bias filter:                       39  (0.0447248); expected 17.4 (0.02)
Passed Vit filter:                         2  (0.00229358); expected 0.9 (0.001)
Passed Fwd filter:                         0  (0); expected 0.0 (1e-05)
Initial search space (Z):                872  [actual number of targets]
Domain search space  (domZ):               0  [number of targets reported over threshold]
# CPU time: 0.01u 0.00s 00:00:00.01 Elapsed: 00:00:00.01
# Mc/sec: 14007.67
//
Query:       pchlide-04012025  [M=508]
Scores for complete sequences (score includes all domains):
   --- full sequence ---   --- best 1 domain ---    -#dom-
    E-value  score  bias    E-value  score  bias    exp  N  Sequence Description
    ------- ------ -----    ------- ------ -----   ---- --  -------- -----------

   [No hits detected that satisfy reporting thresholds]


Domain annotation for each sequence (and alignments):

   [No targets detected that satisfy reporting thresholds]


Internal pipeline statistics summary:
-------------------------------------
Query model(s):                            1  (508 nodes)
Target sequences:                        872  (273730 residues searched)
Passed MSV filter:                        29  (0.0332569); expected 17.4 (0.02)
Passed bias filter:                       22  (0.0252294); expected 17.4 (0.02)
Passed Vit filter:                         4  (0.00458716); expected 0.9 (0.001)
Passed Fwd filter:                         0  (0); expected 0.0 (1e-05)
Initial search space (Z):                872  [actual number of targets]
Domain search space  (domZ):               0  [number of targets reported over threshold]
# CPU time: 0.01u 0.00s 00:00:00.01 Elapsed: 00:00:00.00
# Mc/sec: 15406.91
//
[ok]
# hmmsearch :: search profile(s) against a sequence database
# HMMER 3.4 (Aug 2023); http://hmmer.org/
# Copyright (C) 2023 Howard Hughes Medical Institute.
# Freely distributed under the BSD open source license.
# - - - - - - - - - - - - - - - - - - - - - - - - - - - - - - - - - - - -
# query HMM file:                  ../HMMs/nifV_07242025.hmm
# target sequence database:        ../all_rep_proteins_aa/bacteria/GB_GCA_001818495.1_protein.faa
# - - - - - - - - - - - - - - - - - - - - - - - - - - - - - - - - - - - -

Query:       nifV-07242025  [M=437]
Scores for complete sequences (score includes all domains):
   --- full sequence ---   --- best 1 domain ---    -#dom-
    E-value  score  bias    E-value  score  bias    exp  N  Sequence Description
    ------- ------ -----    ------- ------ -----   ---- --  -------- -----------

   [No hits detected that satisfy reporting thresholds]


Domain annotation for each sequence (and alignments):

   [No targets detected that satisfy reporting thresholds]


Internal pipeline statistics summary:
-------------------------------------
Query model(s):                            1  (437 nodes)
Target sequences:                        872  (273730 residues searched)
Passed MSV filter:                        14  (0.016055); expected 17.4 (0.02)
Passed bias filter:                        8  (0.00917431); expected 17.4 (0.02)
Passed Vit filter:                         1  (0.00114679); expected 0.9 (0.001)
Passed Fwd filter:                         0  (0); expected 0.0 (1e-05)
Initial search space (Z):                872  [actual number of targets]
Domain search space  (domZ):               0  [number of targets reported over threshold]
# CPU time: 0.01u 0.00s 00:00:00.01 Elapsed: 00:00:00.00
# Mc/sec: 18320.55
//
[ok]
