# hmmsearch :: search profile(s) against a sequence database
# HMMER 3.4 (Aug 2023); http://hmmer.org/
# Copyright (C) 2023 Howard Hughes Medical Institute.
# Freely distributed under the BSD open source license.
# - - - - - - - - - - - - - - - - - - - - - - - - - - - - - - - - - - - -
# query HMM file:                  ../HMMs/combined_nif_04012025.hmm
# target sequence database:        ../all_rep_proteins_aa/bacteria/GB_GCA_017987895.1_protein.faa
# - - - - - - - - - - - - - - - - - - - - - - - - - - - - - - - - - - - -

Query:       nifH-03292025  [M=327]
Scores for complete sequences (score includes all domains):
   --- full sequence ---   --- best 1 domain ---    -#dom-
    E-value  score  bias    E-value  score  bias    exp  N  Sequence            Description
    ------- ------ -----    ------- ------ -----   ---- --  --------            -----------
    7.7e-11   39.4   0.7    9.6e-05   19.4   0.0    2.1  2  JAGNSU010000065.1_8  # 5842 # 6657 # -1 # ID=25_8;partial=00;
    2.2e-06   24.8   0.0    5.6e-06   23.4   0.0    1.6  2  JAGNSU010000129.1_4  # 2104 # 3231 # -1 # ID=148_4;partial=00


Domain annotation for each sequence (and alignments):
>> JAGNSU010000065.1_8  # 5842 # 6657 # -1 # ID=25_8;partial=00;start_type=ATG;rbs_motif=None;rbs_spacer=None;gc_cont=0.
   #    score  bias  c-Evalue  i-Evalue hmmfrom  hmm to    alifrom  ali to    envfrom  env to     acc
 ---   ------ ----- --------- --------- ------- -------    ------- -------    ------- -------    ----
   1 !   19.4   0.0   5.3e-08   9.6e-05      17      53 ..      11      47 ..       2      72 .. 0.93
   2 !   18.6   0.1   9.2e-08   0.00017     148     261 ..     140     259 ..     137     268 .. 0.78

  Alignments for each domain:
  == domain 1  score: 19.4 bits;  conditional E-value: 5.3e-08
        nifH-03292025 17 KGGiGKSttasnlsaalaeegkkvlivGCdPKaDstr 53
                         KGG+GK tta nl+a +   +++ l v  dP a +t+
  JAGNSU010000065.1_8 11 KGGVGKTTTAINLAACFGVLERRTLLVDADPQANATS 47
                         9********************************9997 PP

  == domain 2  score: 18.6 bits;  conditional E-value: 9.2e-08
        nifH-03292025 148 kadevyivtsgemmalYaanniakgikkyaee..ggvrlgGlicNsrk..vdkeeelveefaeklgtqiiafv.prsnevqkaelekktv 232
                           ad+v++ + +e+ al     ++++ik ++++  ++  + G++  + +   +  +++vee+ ++++  ++ +v +r+  + +a  +++t+
  JAGNSU010000065.1_8 140 AADSVIVPVQCEYFALEGLGKLLNTIKIVQQRlnTELMIEGMLLTMYDsrLRLANQVVEEVKTHFQQLVFDTViHRNVALGEAPSHGQTI 229
                          588999999999999999999999999999984445566788776654114567888999888888888876526777899********* PP

        nifH-03292025 233 ieaapdseqakeyreLakkilenk.klvip 261
                          i ++ +s+ a +y +La++il+++ ++ ip
  JAGNSU010000065.1_8 230 IMHDASSKGAVNYLNLAREILQKNsMTRIP 259
                          ********************8765144444 PP

>> JAGNSU010000129.1_4  # 2104 # 3231 # -1 # ID=148_4;partial=00;start_type=ATG;rbs_motif=None;rbs_spacer=None;gc_cont=0
   #    score  bias  c-Evalue  i-Evalue hmmfrom  hmm to    alifrom  ali to    envfrom  env to     acc
 ---   ------ ----- --------- --------- ------- -------    ------- -------    ------- -------    ----
   1 !   23.4   0.0   3.1e-09   5.6e-06      15      43 ..     114     142 ..     102     159 .. 0.86
   2 ?   -3.1   0.0      0.35   6.4e+02     202     251 ..     305     353 ..     301     362 .. 0.69

  Alignments for each domain:
  == domain 1  score: 23.4 bits;  conditional E-value: 3.1e-09
        nifH-03292025  15 YGKGGiGKSttasnlsaalaeegkkvliv 43 
                           GKGG+GKSt+++nl+a la +g kv  v
  JAGNSU010000129.1_4 114 SGKGGVGKSTVTANLAAGLALRGWKVGLV 142
                          4**********************999665 PP

  == domain 2  score: -3.1 bits;  conditional E-value: 0.35
        nifH-03292025 202 eefaeklgtqiiafvprsnevqka.elekktvieaapdseqakeyreLakk 251
                          +++ae+l++  + +vp  + +++a ++ +  v++   ++++ak++++L ++
  JAGNSU010000129.1_4 305 RALAEELQVPFLGEVPLVQSIREAgDVGRPAVLQG--NTPSAKAFNDLCTA 353
                          57899999999999999999998834555555544..44556666666655 PP



Internal pipeline statistics summary:
-------------------------------------
Query model(s):                            1  (327 nodes)
Target sequences:                       3607  (1260967 residues searched)
Passed MSV filter:                        98  (0.0271694); expected 72.1 (0.02)
Passed bias filter:                       88  (0.024397); expected 72.1 (0.02)
Passed Vit filter:                         9  (0.00249515); expected 3.6 (0.001)
Passed Fwd filter:                         2  (0.000554477); expected 0.0 (1e-05)
Initial search space (Z):               3607  [actual number of targets]
Domain search space  (domZ):               2  [number of targets reported over threshold]
# CPU time: 0.02u 0.00s 00:00:00.02 Elapsed: 00:00:00.03
# Mc/sec: 13329.29
//
Query:       nifD-03292025  [M=482]
Scores for complete sequences (score includes all domains):
   --- full sequence ---   --- best 1 domain ---    -#dom-
    E-value  score  bias    E-value  score  bias    exp  N  Sequence Description
    ------- ------ -----    ------- ------ -----   ---- --  -------- -----------

   [No hits detected that satisfy reporting thresholds]


Domain annotation for each sequence (and alignments):

   [No targets detected that satisfy reporting thresholds]


Internal pipeline statistics summary:
-------------------------------------
Query model(s):                            1  (482 nodes)
Target sequences:                       3607  (1260967 residues searched)
Passed MSV filter:                        84  (0.0232881); expected 72.1 (0.02)
Passed bias filter:                       69  (0.0191295); expected 72.1 (0.02)
Passed Vit filter:                         4  (0.00110895); expected 3.6 (0.001)
Passed Fwd filter:                         0  (0); expected 0.0 (1e-05)
Initial search space (Z):               3607  [actual number of targets]
Domain search space  (domZ):               0  [number of targets reported over threshold]
# CPU time: 0.03u 0.00s 00:00:00.03 Elapsed: 00:00:00.02
# Mc/sec: 23928.47
//
Query:       nifK-03292025  [M=490]
Scores for complete sequences (score includes all domains):
   --- full sequence ---   --- best 1 domain ---    -#dom-
    E-value  score  bias    E-value  score  bias    exp  N  Sequence Description
    ------- ------ -----    ------- ------ -----   ---- --  -------- -----------

   [No hits detected that satisfy reporting thresholds]


Domain annotation for each sequence (and alignments):

   [No targets detected that satisfy reporting thresholds]


Internal pipeline statistics summary:
-------------------------------------
Query model(s):                            1  (490 nodes)
Target sequences:                       3607  (1260967 residues searched)
Passed MSV filter:                        81  (0.0224563); expected 72.1 (0.02)
Passed bias filter:                       71  (0.0196839); expected 72.1 (0.02)
Passed Vit filter:                         8  (0.00221791); expected 3.6 (0.001)
Passed Fwd filter:                         0  (0); expected 0.0 (1e-05)
Initial search space (Z):               3607  [actual number of targets]
Domain search space  (domZ):               0  [number of targets reported over threshold]
# CPU time: 0.03u 0.00s 00:00:00.03 Elapsed: 00:00:00.01
# Mc/sec: 34160.51
//
Query:       nifB-03292025  [M=505]
Scores for complete sequences (score includes all domains):
   --- full sequence ---   --- best 1 domain ---    -#dom-
    E-value  score  bias    E-value  score  bias    exp  N  Sequence             Description
    ------- ------ -----    ------- ------ -----   ---- --  --------             -----------
    8.5e-06   22.1   1.1      5e-05   19.6   1.1    2.1  1  JAGNSU010000072.1_14  # 14133 # 15122 # -1 # ID=38_14;partial


Domain annotation for each sequence (and alignments):
>> JAGNSU010000072.1_14  # 14133 # 15122 # -1 # ID=38_14;partial=00;start_type=GTG;rbs_motif=None;rbs_spacer=None;gc_con
   #    score  bias  c-Evalue  i-Evalue hmmfrom  hmm to    alifrom  ali to    envfrom  env to     acc
 ---   ------ ----- --------- --------- ------- -------    ------- -------    ------- -------    ----
   1 !   19.6   1.1   1.4e-08     5e-05      80     275 ..      15     185 ..       2     205 .. 0.78

  Alignments for each domain:
  == domain 1  score: 19.6 bits;  conditional E-value: 1.4e-08
         nifB-03292025  80 HvavApaCNiqCnyCnRkydCanEsRPGvvsevLtpeqavkkvkavaaeipqlsVvGiAGPGDalanpektfetlelvkeeapdlklCl 168
                            +++  +C + C yC      + E+   +  e L  ++ ++ + ++  e+  ++ + + G G++l+ p+  ++ +  +++    + l l
  JAGNSU010000072.1_14  15 RISIVDKCDLRCTYC------MPEDQHFLRREELMTREELSTIATLFVECYGITKIRLTG-GEPLVRPD-AVDIVGDMAQ--LGVSLGL 93 
                           478888999999996......567788888888888888999999999999999999988.99999888.4444444433..478999* PP

         nifB-03292025 169 stNGLaLpeyvdelaelnvdhvtvTiNavdpeigakiypwvlyekkrytgeeaaeiLlerQlegleklaergvlvKvNsvlipgvNdeh 257
                           +tN ++L  ++  l++ ++  + + + + d+e             kr++ +++ +  ++  l +l    e+g+ vKvN v++ gvNd++
  JAGNSU010000072.1_14  94 TTNAMTLDRHLHGLIAAGLRNINISLDTFDAERF-----------KRISRRDGFDKVHASILLAL----EKGLRVKVNMVVLRGVNDDE 167
                           ******************************9644...........55555666655555544444....689***************** PP

         nifB-03292025 258 lvevakkvkekgaflhNv 275
                           l      ++e+++ +  +
  JAGNSU010000072.1_14 168 LLRFVEFTREHDVHVRFI 185
                           *99999999998877644 PP



Internal pipeline statistics summary:
-------------------------------------
Query model(s):                            1  (505 nodes)
Target sequences:                       3607  (1260967 residues searched)
Passed MSV filter:                        80  (0.0221791); expected 72.1 (0.02)
Passed bias filter:                       66  (0.0182978); expected 72.1 (0.02)
Passed Vit filter:                         7  (0.00194067); expected 3.6 (0.001)
Passed Fwd filter:                         1  (0.000277239); expected 0.0 (1e-05)
Initial search space (Z):               3607  [actual number of targets]
Domain search space  (domZ):               1  [number of targets reported over threshold]
# CPU time: 0.05u 0.01s 00:00:00.06 Elapsed: 00:00:00.02
# Mc/sec: 28589.64
//
Query:       nifE-03292025  [M=556]
Scores for complete sequences (score includes all domains):
   --- full sequence ---   --- best 1 domain ---    -#dom-
    E-value  score  bias    E-value  score  bias    exp  N  Sequence Description
    ------- ------ -----    ------- ------ -----   ---- --  -------- -----------

   [No hits detected that satisfy reporting thresholds]


Domain annotation for each sequence (and alignments):

   [No targets detected that satisfy reporting thresholds]


Internal pipeline statistics summary:
-------------------------------------
Query model(s):                            1  (556 nodes)
Target sequences:                       3607  (1260967 residues searched)
Passed MSV filter:                       116  (0.0321597); expected 72.1 (0.02)
Passed bias filter:                       96  (0.0266149); expected 72.1 (0.02)
Passed Vit filter:                        15  (0.00415858); expected 3.6 (0.001)
Passed Fwd filter:                         0  (0); expected 0.0 (1e-05)
Initial search space (Z):               3607  [actual number of targets]
Domain search space  (domZ):               0  [number of targets reported over threshold]
# CPU time: 0.04u 0.00s 00:00:00.04 Elapsed: 00:00:00.02
# Mc/sec: 32211.65
//
Query:       nifN-03292025  [M=700]
Scores for complete sequences (score includes all domains):
   --- full sequence ---   --- best 1 domain ---    -#dom-
    E-value  score  bias    E-value  score  bias    exp  N  Sequence Description
    ------- ------ -----    ------- ------ -----   ---- --  -------- -----------

   [No hits detected that satisfy reporting thresholds]


Domain annotation for each sequence (and alignments):

   [No targets detected that satisfy reporting thresholds]


Internal pipeline statistics summary:
-------------------------------------
Query model(s):                            1  (700 nodes)
Target sequences:                       3607  (1260967 residues searched)
Passed MSV filter:                       122  (0.0338231); expected 72.1 (0.02)
Passed bias filter:                       98  (0.0271694); expected 72.1 (0.02)
Passed Vit filter:                         7  (0.00194067); expected 3.6 (0.001)
Passed Fwd filter:                         0  (0); expected 0.0 (1e-05)
Initial search space (Z):               3607  [actual number of targets]
Domain search space  (domZ):               0  [number of targets reported over threshold]
# CPU time: 0.04u 0.00s 00:00:00.04 Elapsed: 00:00:00.02
# Mc/sec: 35554.18
//
Query:       pchlide-04012025  [M=508]
Scores for complete sequences (score includes all domains):
   --- full sequence ---   --- best 1 domain ---    -#dom-
    E-value  score  bias    E-value  score  bias    exp  N  Sequence Description
    ------- ------ -----    ------- ------ -----   ---- --  -------- -----------

   [No hits detected that satisfy reporting thresholds]


Domain annotation for each sequence (and alignments):

   [No targets detected that satisfy reporting thresholds]


Internal pipeline statistics summary:
-------------------------------------
Query model(s):                            1  (508 nodes)
Target sequences:                       3607  (1260967 residues searched)
Passed MSV filter:                        98  (0.0271694); expected 72.1 (0.02)
Passed bias filter:                       93  (0.0257832); expected 72.1 (0.02)
Passed Vit filter:                        10  (0.00277239); expected 3.6 (0.001)
Passed Fwd filter:                         0  (0); expected 0.0 (1e-05)
Initial search space (Z):               3607  [actual number of targets]
Domain search space  (domZ):               0  [number of targets reported over threshold]
# CPU time: 0.03u 0.00s 00:00:00.03 Elapsed: 00:00:00.01
# Mc/sec: 36719.59
//
[ok]
# hmmsearch :: search profile(s) against a sequence database
# HMMER 3.4 (Aug 2023); http://hmmer.org/
# Copyright (C) 2023 Howard Hughes Medical Institute.
# Freely distributed under the BSD open source license.
# - - - - - - - - - - - - - - - - - - - - - - - - - - - - - - - - - - - -
# query HMM file:                  ../HMMs/nifV_07242025.hmm
# target sequence database:        ../all_rep_proteins_aa/bacteria/GB_GCA_017987895.1_protein.faa
# - - - - - - - - - - - - - - - - - - - - - - - - - - - - - - - - - - - -

Query:       nifV-07242025  [M=437]
Scores for complete sequences (score includes all domains):
   --- full sequence ---   --- best 1 domain ---    -#dom-
    E-value  score  bias    E-value  score  bias    exp  N  Sequence Description
    ------- ------ -----    ------- ------ -----   ---- --  -------- -----------

   [No hits detected that satisfy reporting thresholds]


Domain annotation for each sequence (and alignments):

   [No targets detected that satisfy reporting thresholds]


Internal pipeline statistics summary:
-------------------------------------
Query model(s):                            1  (437 nodes)
Target sequences:                       3607  (1260967 residues searched)
Passed MSV filter:                       106  (0.0293873); expected 72.1 (0.02)
Passed bias filter:                       68  (0.0188522); expected 72.1 (0.02)
Passed Vit filter:                         8  (0.00221791); expected 3.6 (0.001)
Passed Fwd filter:                         0  (0); expected 0.0 (1e-05)
Initial search space (Z):               3607  [actual number of targets]
Domain search space  (domZ):               0  [number of targets reported over threshold]
# CPU time: 0.03u 0.00s 00:00:00.03 Elapsed: 00:00:00.01
# Mc/sec: 31877.99
//
[ok]
