# hmmsearch :: search profile(s) against a sequence database
# HMMER 3.4 (Aug 2023); http://hmmer.org/
# Copyright (C) 2023 Howard Hughes Medical Institute.
# Freely distributed under the BSD open source license.
# - - - - - - - - - - - - - - - - - - - - - - - - - - - - - - - - - - - -
# query HMM file:                  ../HMMs/combined_nif_04012025.hmm
# target sequence database:        ../all_rep_proteins_aa/bacteria/GB_GCA_947253405.1_protein.faa
# - - - - - - - - - - - - - - - - - - - - - - - - - - - - - - - - - - - -

Query:       nifH-03292025  [M=327]
Scores for complete sequences (score includes all domains):
   --- full sequence ---   --- best 1 domain ---    -#dom-
    E-value  score  bias    E-value  score  bias    exp  N  Sequence            Description
    ------- ------ -----    ------- ------ -----   ---- --  --------            -----------
    2.9e-07   24.9   0.0    0.00014   16.1   0.1    2.1  2  CAMXZF010000040.1_3  # 2925 # 3719 # -1 # ID=40_3;partial=00;


Domain annotation for each sequence (and alignments):
>> CAMXZF010000040.1_3  # 2925 # 3719 # -1 # ID=40_3;partial=00;start_type=ATG;rbs_motif=None;rbs_spacer=None;gc_cont=0.
   #    score  bias  c-Evalue  i-Evalue hmmfrom  hmm to    alifrom  ali to    envfrom  env to     acc
 ---   ------ ----- --------- --------- ------- -------    ------- -------    ------- -------    ----
   1 !   16.1   0.1   2.7e-07   0.00014      17      55 ..      11      50 ..       3      79 .. 0.88
   2 !    6.9   0.0   0.00016     0.087     158     254 ..     159     260 ..     149     262 .. 0.77

  Alignments for each domain:
  == domain 1  score: 16.1 bits;  conditional E-value: 2.7e-07
        nifH-03292025 17 KGGiGKSttasnlsaala.eegkkvlivGCdPKaDstrll 55
                         KGG+GK tta nls+ la  ++ + l +  dP   +t+ +
  CAMXZF010000040.1_3 11 KGGVGKTTTAINLSYYLAkCHNARTLLIDFDPQGNATSGM 50
                         9*****************557899********99998765 PP

  == domain 2  score: 6.9 bits;  conditional E-value: 0.00016
        nifH-03292025 158 gemmalYaanniakgikkyaee..ggvrlgGlicNsrkvdk..eeelveefaeklgtqiia.fvprsnevqkaelekktvieaapdseqa 242
                          +e+ al     ++++ik ++++   ++++ G+++ ++++++   +++ +e+a+ +  ++++  vpr+  + +a  ++  v  ++  s+ a
  CAMXZF010000040.1_3 159 AEFYALEGLTQLLETIKLVRQSlnPTIEILGVVVTMMDSRTalSRQVYQEVARYFPGKVLKnSVPRNVRLAEAPSHGLPVGVYDRFSKGA 248
                          556666666666677766666533556777888877655441268999999*99988877527*************************** PP

        nifH-03292025 243 keyreLakkile 254
                          k+y+ +ak+il+
  CAMXZF010000040.1_3 249 KAYKMIAKEILS 260
                          *********975 PP



Internal pipeline statistics summary:
-------------------------------------
Query model(s):                            1  (327 nodes)
Target sequences:                        532  (170794 residues searched)
Passed MSV filter:                        36  (0.0676692); expected 10.6 (0.02)
Passed bias filter:                       26  (0.0488722); expected 10.6 (0.02)
Passed Vit filter:                         5  (0.0093985); expected 0.5 (0.001)
Passed Fwd filter:                         1  (0.0018797); expected 0.0 (1e-05)
Initial search space (Z):                532  [actual number of targets]
Domain search space  (domZ):               1  [number of targets reported over threshold]
# CPU time: 0.01u 0.00s 00:00:00.01 Elapsed: 00:00:00.00
# Mc/sec: 6412.62
//
Query:       nifD-03292025  [M=482]
Scores for complete sequences (score includes all domains):
   --- full sequence ---   --- best 1 domain ---    -#dom-
    E-value  score  bias    E-value  score  bias    exp  N  Sequence Description
    ------- ------ -----    ------- ------ -----   ---- --  -------- -----------

   [No hits detected that satisfy reporting thresholds]


Domain annotation for each sequence (and alignments):

   [No targets detected that satisfy reporting thresholds]


Internal pipeline statistics summary:
-------------------------------------
Query model(s):                            1  (482 nodes)
Target sequences:                        532  (170794 residues searched)
Passed MSV filter:                        28  (0.0526316); expected 10.6 (0.02)
Passed bias filter:                       13  (0.0244361); expected 10.6 (0.02)
Passed Vit filter:                         1  (0.0018797); expected 0.5 (0.001)
Passed Fwd filter:                         0  (0); expected 0.0 (1e-05)
Initial search space (Z):                532  [actual number of targets]
Domain search space  (domZ):               0  [number of targets reported over threshold]
# CPU time: 0.01u 0.00s 00:00:00.01 Elapsed: 00:00:00.00
# Mc/sec: 15008.11
//
Query:       nifK-03292025  [M=490]
Scores for complete sequences (score includes all domains):
   --- full sequence ---   --- best 1 domain ---    -#dom-
    E-value  score  bias    E-value  score  bias    exp  N  Sequence Description
    ------- ------ -----    ------- ------ -----   ---- --  -------- -----------

   [No hits detected that satisfy reporting thresholds]


Domain annotation for each sequence (and alignments):

   [No targets detected that satisfy reporting thresholds]


Internal pipeline statistics summary:
-------------------------------------
Query model(s):                            1  (490 nodes)
Target sequences:                        532  (170794 residues searched)
Passed MSV filter:                        14  (0.0263158); expected 10.6 (0.02)
Passed bias filter:                        9  (0.0169173); expected 10.6 (0.02)
Passed Vit filter:                         1  (0.0018797); expected 0.5 (0.001)
Passed Fwd filter:                         0  (0); expected 0.0 (1e-05)
Initial search space (Z):                532  [actual number of targets]
Domain search space  (domZ):               0  [number of targets reported over threshold]
# CPU time: 0.00u 0.00s 00:00:00.00 Elapsed: 00:00:00.00
# Mc/sec: 15669.80
//
Query:       nifB-03292025  [M=505]
Scores for complete sequences (score includes all domains):
   --- full sequence ---   --- best 1 domain ---    -#dom-
    E-value  score  bias    E-value  score  bias    exp  N  Sequence Description
    ------- ------ -----    ------- ------ -----   ---- --  -------- -----------

   [No hits detected that satisfy reporting thresholds]


Domain annotation for each sequence (and alignments):

   [No targets detected that satisfy reporting thresholds]


Internal pipeline statistics summary:
-------------------------------------
Query model(s):                            1  (505 nodes)
Target sequences:                        532  (170794 residues searched)
Passed MSV filter:                        23  (0.0432331); expected 10.6 (0.02)
Passed bias filter:                       16  (0.0300752); expected 10.6 (0.02)
Passed Vit filter:                         1  (0.0018797); expected 0.5 (0.001)
Passed Fwd filter:                         0  (0); expected 0.0 (1e-05)
Initial search space (Z):                532  [actual number of targets]
Domain search space  (domZ):               0  [number of targets reported over threshold]
# CPU time: 0.00u 0.00s 00:00:00.00 Elapsed: 00:00:00.00
# Mc/sec: 13751.02
//
Query:       nifE-03292025  [M=556]
Scores for complete sequences (score includes all domains):
   --- full sequence ---   --- best 1 domain ---    -#dom-
    E-value  score  bias    E-value  score  bias    exp  N  Sequence Description
    ------- ------ -----    ------- ------ -----   ---- --  -------- -----------

   [No hits detected that satisfy reporting thresholds]


Domain annotation for each sequence (and alignments):

   [No targets detected that satisfy reporting thresholds]


Internal pipeline statistics summary:
-------------------------------------
Query model(s):                            1  (556 nodes)
Target sequences:                        532  (170794 residues searched)
Passed MSV filter:                        27  (0.0507519); expected 10.6 (0.02)
Passed bias filter:                       16  (0.0300752); expected 10.6 (0.02)
Passed Vit filter:                         1  (0.0018797); expected 0.5 (0.001)
Passed Fwd filter:                         0  (0); expected 0.0 (1e-05)
Initial search space (Z):                532  [actual number of targets]
Domain search space  (domZ):               0  [number of targets reported over threshold]
# CPU time: 0.00u 0.00s 00:00:00.00 Elapsed: 00:00:00.00
# Mc/sec: 13603.16
//
Query:       nifN-03292025  [M=700]
Scores for complete sequences (score includes all domains):
   --- full sequence ---   --- best 1 domain ---    -#dom-
    E-value  score  bias    E-value  score  bias    exp  N  Sequence Description
    ------- ------ -----    ------- ------ -----   ---- --  -------- -----------

   [No hits detected that satisfy reporting thresholds]


Domain annotation for each sequence (and alignments):

   [No targets detected that satisfy reporting thresholds]


Internal pipeline statistics summary:
-------------------------------------
Query model(s):                            1  (700 nodes)
Target sequences:                        532  (170794 residues searched)
Passed MSV filter:                        27  (0.0507519); expected 10.6 (0.02)
Passed bias filter:                       19  (0.0357143); expected 10.6 (0.02)
Passed Vit filter:                         2  (0.0037594); expected 0.5 (0.001)
Passed Fwd filter:                         0  (0); expected 0.0 (1e-05)
Initial search space (Z):                532  [actual number of targets]
Domain search space  (domZ):               0  [number of targets reported over threshold]
# CPU time: 0.01u 0.00s 00:00:00.01 Elapsed: 00:00:00.00
# Mc/sec: 15049.95
//
Query:       pchlide-04012025  [M=508]
Scores for complete sequences (score includes all domains):
   --- full sequence ---   --- best 1 domain ---    -#dom-
    E-value  score  bias    E-value  score  bias    exp  N  Sequence Description
    ------- ------ -----    ------- ------ -----   ---- --  -------- -----------

   [No hits detected that satisfy reporting thresholds]


Domain annotation for each sequence (and alignments):

   [No targets detected that satisfy reporting thresholds]


Internal pipeline statistics summary:
-------------------------------------
Query model(s):                            1  (508 nodes)
Target sequences:                        532  (170794 residues searched)
Passed MSV filter:                        22  (0.0413534); expected 10.6 (0.02)
Passed bias filter:                       19  (0.0357143); expected 10.6 (0.02)
Passed Vit filter:                         3  (0.0056391); expected 0.5 (0.001)
Passed Fwd filter:                         0  (0); expected 0.0 (1e-05)
Initial search space (Z):                532  [actual number of targets]
Domain search space  (domZ):               0  [number of targets reported over threshold]
# CPU time: 0.01u 0.00s 00:00:00.01 Elapsed: 00:00:00.00
# Mc/sec: 11109.17
//
[ok]
# hmmsearch :: search profile(s) against a sequence database
# HMMER 3.4 (Aug 2023); http://hmmer.org/
# Copyright (C) 2023 Howard Hughes Medical Institute.
# Freely distributed under the BSD open source license.
# - - - - - - - - - - - - - - - - - - - - - - - - - - - - - - - - - - - -
# query HMM file:                  ../HMMs/nifV_07242025.hmm
# target sequence database:        ../all_rep_proteins_aa/bacteria/GB_GCA_947253405.1_protein.faa
# - - - - - - - - - - - - - - - - - - - - - - - - - - - - - - - - - - - -

Query:       nifV-07242025  [M=437]
Scores for complete sequences (score includes all domains):
   --- full sequence ---   --- best 1 domain ---    -#dom-
    E-value  score  bias    E-value  score  bias    exp  N  Sequence Description
    ------- ------ -----    ------- ------ -----   ---- --  -------- -----------

   [No hits detected that satisfy reporting thresholds]


Domain annotation for each sequence (and alignments):

   [No targets detected that satisfy reporting thresholds]


Internal pipeline statistics summary:
-------------------------------------
Query model(s):                            1  (437 nodes)
Target sequences:                        532  (170794 residues searched)
Passed MSV filter:                        19  (0.0357143); expected 10.6 (0.02)
Passed bias filter:                       10  (0.018797); expected 10.6 (0.02)
Passed Vit filter:                         1  (0.0018797); expected 0.5 (0.001)
Passed Fwd filter:                         0  (0); expected 0.0 (1e-05)
Initial search space (Z):                532  [actual number of targets]
Domain search space  (domZ):               0  [number of targets reported over threshold]
# CPU time: 0.01u 0.00s 00:00:00.01 Elapsed: 00:00:00.00
# Mc/sec: 13622.67
//
[ok]
