# hmmsearch :: search profile(s) against a sequence database
# HMMER 3.4 (Aug 2023); http://hmmer.org/
# Copyright (C) 2023 Howard Hughes Medical Institute.
# Freely distributed under the BSD open source license.
# - - - - - - - - - - - - - - - - - - - - - - - - - - - - - - - - - - - -
# query HMM file:                  ../HMMs/combined_nif_04012025.hmm
# target sequence database:        ../all_rep_proteins_aa/bacteria/GB_GCA_001817115.1_protein.faa
# - - - - - - - - - - - - - - - - - - - - - - - - - - - - - - - - - - - -

Query:       nifH-03292025  [M=327]
Scores for complete sequences (score includes all domains):
   --- full sequence ---   --- best 1 domain ---    -#dom-
    E-value  score  bias    E-value  score  bias    exp  N  Sequence          Description
    ------- ------ -----    ------- ------ -----   ---- --  --------          -----------
      1e-11   40.4   0.0      1e-07   27.3   0.0    2.1  2  MHHS01000050.1_24  # 24460 # 25224 # 1 # ID=50_24;partial=00;


Domain annotation for each sequence (and alignments):
>> MHHS01000050.1_24  # 24460 # 25224 # 1 # ID=50_24;partial=00;start_type=ATG;rbs_motif=None;rbs_spacer=None;gc_cont=0.
   #    score  bias  c-Evalue  i-Evalue hmmfrom  hmm to    alifrom  ali to    envfrom  env to     acc
 ---   ------ ----- --------- --------- ------- -------    ------- -------    ------- -------    ----
   1 !   27.3   0.0     1e-10     1e-07      17      55 ..      11      49 ..       4      77 .. 0.84
   2 !   11.1   0.0   8.4e-06    0.0081     158     253 ..     150     250 ..     139     253 .. 0.70

  Alignments for each domain:
  == domain 1  score: 27.3 bits;  conditional E-value: 1e-10
      nifH-03292025 17 KGGiGKSttasnlsaalaeegkkvlivGCdPKaDstrll 55
                       KGG+GK tt+ nl   la++gk+vliv  dP a +t  +
  MHHS01000050.1_24 11 KGGVGKTTTSVNLGSYLADSGKNVLIVDLDPQANATAGV 49
                       9*********************************99754 PP

  == domain 2  score: 11.1 bits;  conditional E-value: 8.4e-06
      nifH-03292025 158 gemmalYaanniakgikkyaeeggvrlg..G..licNsrkvdkeeelveefaeklgtqiiaf.vprsnevqkaelekktvieaapdseqake 244
                        +e+ al     +++++  ++++ + rl+  G  l +  r+++  +++v+e+ +++  ++++  +pr++e+ +a  +++t++e++  s+ a++
  MHHS01000050.1_24 150 CEFYALEGLHQLLNTVDLVRKHLNPRLQvlGavLTMFDRRTALSRKVVREVRKTFPGHVFESiIPRNTELAEAPSTGQTILEYDRLSPGARA 241
                        5555555555555555555544333332113113445678888899999999999999887527**************************** PP

      nifH-03292025 245 yreLakkil 253
                        y+ L++++l
  MHHS01000050.1_24 242 YEYLSEELL 250
                        ****99876 PP



Internal pipeline statistics summary:
-------------------------------------
Query model(s):                            1  (327 nodes)
Target sequences:                        960  (268079 residues searched)
Passed MSV filter:                        41  (0.0427083); expected 19.2 (0.02)
Passed bias filter:                       35  (0.0364583); expected 19.2 (0.02)
Passed Vit filter:                         5  (0.00520833); expected 1.0 (0.001)
Passed Fwd filter:                         1  (0.00104167); expected 0.0 (1e-05)
Initial search space (Z):                960  [actual number of targets]
Domain search space  (domZ):               1  [number of targets reported over threshold]
# CPU time: 0.01u 0.00s 00:00:00.01 Elapsed: 00:00:00.01
# Mc/sec: 6562.28
//
Query:       nifD-03292025  [M=482]
Scores for complete sequences (score includes all domains):
   --- full sequence ---   --- best 1 domain ---    -#dom-
    E-value  score  bias    E-value  score  bias    exp  N  Sequence Description
    ------- ------ -----    ------- ------ -----   ---- --  -------- -----------

   [No hits detected that satisfy reporting thresholds]


Domain annotation for each sequence (and alignments):

   [No targets detected that satisfy reporting thresholds]


Internal pipeline statistics summary:
-------------------------------------
Query model(s):                            1  (482 nodes)
Target sequences:                        960  (268079 residues searched)
Passed MSV filter:                        36  (0.0375); expected 19.2 (0.02)
Passed bias filter:                       25  (0.0260417); expected 19.2 (0.02)
Passed Vit filter:                         0  (0); expected 1.0 (0.001)
Passed Fwd filter:                         0  (0); expected 0.0 (1e-05)
Initial search space (Z):                960  [actual number of targets]
Domain search space  (domZ):               0  [number of targets reported over threshold]
# CPU time: 0.01u 0.00s 00:00:00.01 Elapsed: 00:00:00.00
# Mc/sec: 16216.33
//
Query:       nifK-03292025  [M=490]
Scores for complete sequences (score includes all domains):
   --- full sequence ---   --- best 1 domain ---    -#dom-
    E-value  score  bias    E-value  score  bias    exp  N  Sequence Description
    ------- ------ -----    ------- ------ -----   ---- --  -------- -----------

   [No hits detected that satisfy reporting thresholds]


Domain annotation for each sequence (and alignments):

   [No targets detected that satisfy reporting thresholds]


Internal pipeline statistics summary:
-------------------------------------
Query model(s):                            1  (490 nodes)
Target sequences:                        960  (268079 residues searched)
Passed MSV filter:                        32  (0.0333333); expected 19.2 (0.02)
Passed bias filter:                       24  (0.025); expected 19.2 (0.02)
Passed Vit filter:                         0  (0); expected 1.0 (0.001)
Passed Fwd filter:                         0  (0); expected 0.0 (1e-05)
Initial search space (Z):                960  [actual number of targets]
Domain search space  (domZ):               0  [number of targets reported over threshold]
# CPU time: 0.01u 0.00s 00:00:00.01 Elapsed: 00:00:00.00
# Mc/sec: 17548.63
//
Query:       nifB-03292025  [M=505]
Scores for complete sequences (score includes all domains):
   --- full sequence ---   --- best 1 domain ---    -#dom-
    E-value  score  bias    E-value  score  bias    exp  N  Sequence Description
    ------- ------ -----    ------- ------ -----   ---- --  -------- -----------

   [No hits detected that satisfy reporting thresholds]


Domain annotation for each sequence (and alignments):

   [No targets detected that satisfy reporting thresholds]


Internal pipeline statistics summary:
-------------------------------------
Query model(s):                            1  (505 nodes)
Target sequences:                        960  (268079 residues searched)
Passed MSV filter:                        24  (0.025); expected 19.2 (0.02)
Passed bias filter:                       18  (0.01875); expected 19.2 (0.02)
Passed Vit filter:                         1  (0.00104167); expected 1.0 (0.001)
Passed Fwd filter:                         0  (0); expected 0.0 (1e-05)
Initial search space (Z):                960  [actual number of targets]
Domain search space  (domZ):               0  [number of targets reported over threshold]
# CPU time: 0.00u 0.00s 00:00:00.00 Elapsed: 00:00:00.00
# Mc/sec: 17485.09
//
Query:       nifE-03292025  [M=556]
Scores for complete sequences (score includes all domains):
   --- full sequence ---   --- best 1 domain ---    -#dom-
    E-value  score  bias    E-value  score  bias    exp  N  Sequence Description
    ------- ------ -----    ------- ------ -----   ---- --  -------- -----------

   [No hits detected that satisfy reporting thresholds]


Domain annotation for each sequence (and alignments):

   [No targets detected that satisfy reporting thresholds]


Internal pipeline statistics summary:
-------------------------------------
Query model(s):                            1  (556 nodes)
Target sequences:                        960  (268079 residues searched)
Passed MSV filter:                        45  (0.046875); expected 19.2 (0.02)
Passed bias filter:                       39  (0.040625); expected 19.2 (0.02)
Passed Vit filter:                         4  (0.00416667); expected 1.0 (0.001)
Passed Fwd filter:                         0  (0); expected 0.0 (1e-05)
Initial search space (Z):                960  [actual number of targets]
Domain search space  (domZ):               0  [number of targets reported over threshold]
# CPU time: 0.01u 0.00s 00:00:00.01 Elapsed: 00:00:00.01
# Mc/sec: 12830.26
//
Query:       nifN-03292025  [M=700]
Scores for complete sequences (score includes all domains):
   --- full sequence ---   --- best 1 domain ---    -#dom-
    E-value  score  bias    E-value  score  bias    exp  N  Sequence Description
    ------- ------ -----    ------- ------ -----   ---- --  -------- -----------

   [No hits detected that satisfy reporting thresholds]


Domain annotation for each sequence (and alignments):

   [No targets detected that satisfy reporting thresholds]


Internal pipeline statistics summary:
-------------------------------------
Query model(s):                            1  (700 nodes)
Target sequences:                        960  (268079 residues searched)
Passed MSV filter:                        31  (0.0322917); expected 19.2 (0.02)
Passed bias filter:                       23  (0.0239583); expected 19.2 (0.02)
Passed Vit filter:                         3  (0.003125); expected 1.0 (0.001)
Passed Fwd filter:                         0  (0); expected 0.0 (1e-05)
Initial search space (Z):                960  [actual number of targets]
Domain search space  (domZ):               0  [number of targets reported over threshold]
# CPU time: 0.01u 0.00s 00:00:00.01 Elapsed: 00:00:00.01
# Mc/sec: 16676.13
//
Query:       pchlide-04012025  [M=508]
Scores for complete sequences (score includes all domains):
   --- full sequence ---   --- best 1 domain ---    -#dom-
    E-value  score  bias    E-value  score  bias    exp  N  Sequence          Description
    ------- ------ -----    ------- ------ -----   ---- --  --------          -----------
      9e-06   20.3   1.2    9.9e-06   20.2   1.2    1.2  1  MHHS01000030.1_13  # 10393 # 10734 # 1 # ID=30_13;partial=00;


Domain annotation for each sequence (and alignments):
>> MHHS01000030.1_13  # 10393 # 10734 # 1 # ID=30_13;partial=00;start_type=ATG;rbs_motif=ATA;rbs_spacer=3bp;gc_cont=0.46
   #    score  bias  c-Evalue  i-Evalue hmmfrom  hmm to    alifrom  ali to    envfrom  env to     acc
 ---   ------ ----- --------- --------- ------- -------    ------- -------    ------- -------    ----
   1 !   20.2   1.2     1e-08   9.9e-06     438     501 ..       8      80 ..       1     100 [. 0.80

  Alignments for each domain:
  == domain 1  score: 20.2 bits;  conditional E-value: 1e-08
   pchlide-04012025 438 daaatkevaitkslstekeleWtaeaeaeLkki......Pffvrgkvrr....ntekfArekgleeitlevlya 501
                        + ++t++ ++ ks+s++++l+W+++a ++L++       P +++++v++    ++e++Ar++g +++t++ l+a
  MHHS01000030.1_13   8 E-KKTNKSESPKSSSSSTSLSWDQSAVKALAQAvsqapvPSMMKQRVKQelsnAAEEAARKAGKTTVTAQHLMA 80 
                        2.23444446788888889***********998888988****9998863332689999*********998865 PP



Internal pipeline statistics summary:
-------------------------------------
Query model(s):                            1  (508 nodes)
Target sequences:                        960  (268079 residues searched)
Passed MSV filter:                        39  (0.040625); expected 19.2 (0.02)
Passed bias filter:                       33  (0.034375); expected 19.2 (0.02)
Passed Vit filter:                         5  (0.00520833); expected 1.0 (0.001)
Passed Fwd filter:                         1  (0.00104167); expected 0.0 (1e-05)
Initial search space (Z):                960  [actual number of targets]
Domain search space  (domZ):               1  [number of targets reported over threshold]
# CPU time: 0.01u 0.00s 00:00:00.01 Elapsed: 00:00:00.01
# Mc/sec: 9932.22
//
[ok]
# hmmsearch :: search profile(s) against a sequence database
# HMMER 3.4 (Aug 2023); http://hmmer.org/
# Copyright (C) 2023 Howard Hughes Medical Institute.
# Freely distributed under the BSD open source license.
# - - - - - - - - - - - - - - - - - - - - - - - - - - - - - - - - - - - -
# query HMM file:                  ../HMMs/nifV_07242025.hmm
# target sequence database:        ../all_rep_proteins_aa/bacteria/GB_GCA_001817115.1_protein.faa
# - - - - - - - - - - - - - - - - - - - - - - - - - - - - - - - - - - - -

Query:       nifV-07242025  [M=437]
Scores for complete sequences (score includes all domains):
   --- full sequence ---   --- best 1 domain ---    -#dom-
    E-value  score  bias    E-value  score  bias    exp  N  Sequence Description
    ------- ------ -----    ------- ------ -----   ---- --  -------- -----------

   [No hits detected that satisfy reporting thresholds]


Domain annotation for each sequence (and alignments):

   [No targets detected that satisfy reporting thresholds]


Internal pipeline statistics summary:
-------------------------------------
Query model(s):                            1  (437 nodes)
Target sequences:                        960  (268079 residues searched)
Passed MSV filter:                        35  (0.0364583); expected 19.2 (0.02)
Passed bias filter:                       25  (0.0260417); expected 19.2 (0.02)
Passed Vit filter:                         3  (0.003125); expected 1.0 (0.001)
Passed Fwd filter:                         0  (0); expected 0.0 (1e-05)
Initial search space (Z):                960  [actual number of targets]
Domain search space  (domZ):               0  [number of targets reported over threshold]
# CPU time: 0.01u 0.00s 00:00:00.01 Elapsed: 00:00:00.00
# Mc/sec: 13288.86
//
[ok]
