# hmmsearch :: search profile(s) against a sequence database
# HMMER 3.4 (Aug 2023); http://hmmer.org/
# Copyright (C) 2023 Howard Hughes Medical Institute.
# Freely distributed under the BSD open source license.
# - - - - - - - - - - - - - - - - - - - - - - - - - - - - - - - - - - - -
# query HMM file:                  ../HMMs/combined_nif_04012025.hmm
# target sequence database:        ../all_rep_proteins_aa/bacteria/GB_GCA_944327425.1_protein.faa
# - - - - - - - - - - - - - - - - - - - - - - - - - - - - - - - - - - - -

Query:       nifH-03292025  [M=327]
Scores for complete sequences (score includes all domains):
   --- full sequence ---   --- best 1 domain ---    -#dom-
    E-value  score  bias    E-value  score  bias    exp  N  Sequence             Description
    ------- ------ -----    ------- ------ -----   ---- --  --------             -----------
    5.3e-13   45.0   1.4      2e-07   26.7   0.3    2.2  2  CALVHJ010000052.1_10  # 8535 # 9320 # -1 # ID=52_10;partial=0
     0.0047   12.3   2.0      0.019   10.4   0.2    2.4  3  CALVHJ010000033.1_12  # 10275 # 11048 # -1 # ID=33_12;partial


Domain annotation for each sequence (and alignments):
>> CALVHJ010000052.1_10  # 8535 # 9320 # -1 # ID=52_10;partial=00;start_type=ATG;rbs_motif=GGAG/GAGG;rbs_spacer=5-10bp;g
   #    score  bias  c-Evalue  i-Evalue hmmfrom  hmm to    alifrom  ali to    envfrom  env to     acc
 ---   ------ ----- --------- --------- ------- -------    ------- -------    ------- -------    ----
   1 !   26.7   0.3   3.1e-10     2e-07      17      55 ..      11      49 ..       5      80 .. 0.87
   2 !   17.4   0.0   2.1e-07   0.00014     149     256 ..     147     259 ..     140     261 .. 0.86

  Alignments for each domain:
  == domain 1  score: 26.7 bits;  conditional E-value: 3.1e-10
         nifH-03292025 17 KGGiGKSttasnlsaalaeegkkvlivGCdPKaDstrll 55
                          KGG+GK tt+ nl+aal  egkk l +  dP + +t+ l
  CALVHJ010000052.1_10 11 KGGVGKTTTSINLAAALGVEGKKTLLIDLDPQRNATTGL 49
                          9********************************999865 PP

  == domain 2  score: 17.4 bits;  conditional E-value: 2.1e-07
         nifH-03292025 149 adevyivtsgemmalYaanniakgikkyaee..ggvrlgGlicNsrkvdk..eeelveefaeklgtqiiaf.vprsnevqkaelekktv 232
                           +d+v+i + +e+ al     ++++i  ++++   + r+ G++  + + ++    e++ee+ + ++ +++++ +pr   + +a  ++k +
  CALVHJ010000052.1_10 147 SDSVIIPVQCEFFALEGITQLLNSIIMVQSSmnPTLRIEGVLLTMLDGRTiiGLEVIEEVRKYFKDKVFNTiIPRLVRLVEAPSHGKPI 235
                           57888999999999999999999999988883356788999998876655226899***********9976279*************** PP

         nifH-03292025 233 ieaapdseqakeyreLakkilenk 256
                            e++p+s+++ +y +Lak++++ +
  CALVHJ010000052.1_10 236 NEYDPKSKATMAYANLAKEVINRD 259
                           ********************9865 PP

>> CALVHJ010000033.1_12  # 10275 # 11048 # -1 # ID=33_12;partial=00;start_type=ATG;rbs_motif=GGA/GAG/AGG;rbs_spacer=5-10
   #    score  bias  c-Evalue  i-Evalue hmmfrom  hmm to    alifrom  ali to    envfrom  env to     acc
 ---   ------ ----- --------- --------- ------- -------    ------- -------    ------- -------    ----
   1 !   10.4   0.2   2.9e-05     0.019      16      43 ..      13      40 ..       2      44 .. 0.91
   2 ?    0.4   0.0     0.032        20     104     125 ..      46      67 ..      43      70 .. 0.86
   3 ?   -1.9   0.0      0.16     1e+02     162     274 ..     188     218 ..     164     246 .. 0.59

  Alignments for each domain:
  == domain 1  score: 10.4 bits;  conditional E-value: 2.9e-05
         nifH-03292025 16 GKGGiGKSttasnlsaalaeegkkvliv 43
                           KGG+GK  t+ nl+ ++   +kkvli+
  CALVHJ010000033.1_12 13 AKGGVGKTITTLNLAGIFEVLEKKVLII 40
                          59************************98 PP

  == domain 2  score: 0.4 bits;  conditional E-value: 0.032
         nifH-03292025 104 GrGiitaielLeelgayeedld 125
                           G Gi ta+++L+ +++y+   d
  CALVHJ010000033.1_12  46 GGGISTALNVLNGKSIYHFVYD 67 
                           99*************9986666 PP

  == domain 3  score: -1.9 bits;  conditional E-value: 0.16
         nifH-03292025 162 alYaanniakgikkyaeeggvrlgGlicNsrkvdkeeelveefaeklgtqiiafvprsnevqkaelekktvieaapdseqakeyreLak 250
                            +Y   ni+k+   y                                                                          
  CALVHJ010000033.1_12 188 GIYDIKNIIKANIDYV------------------------------------------------------------------------- 203
                           5555555555544443......................................................................... PP

         nifH-03292025 251 kilenkklvipkplseeeleella 274
                                    + k +  ++++++++
  CALVHJ010000033.1_12 204 ---------LSKDFYIKNIDNFVM 218
                           .........333333333333333 PP



Internal pipeline statistics summary:
-------------------------------------
Query model(s):                            1  (327 nodes)
Target sequences:                       1282  (352491 residues searched)
Passed MSV filter:                       103  (0.0803432); expected 25.6 (0.02)
Passed bias filter:                       57  (0.0444618); expected 25.6 (0.02)
Passed Vit filter:                         9  (0.00702028); expected 1.3 (0.001)
Passed Fwd filter:                         2  (0.00156006); expected 0.0 (1e-05)
Initial search space (Z):               1282  [actual number of targets]
Domain search space  (domZ):               2  [number of targets reported over threshold]
# CPU time: 0.02u 0.00s 00:00:00.02 Elapsed: 00:00:00.01
# Mc/sec: 6099.95
//
Query:       nifD-03292025  [M=482]
Scores for complete sequences (score includes all domains):
   --- full sequence ---   --- best 1 domain ---    -#dom-
    E-value  score  bias    E-value  score  bias    exp  N  Sequence Description
    ------- ------ -----    ------- ------ -----   ---- --  -------- -----------

   [No hits detected that satisfy reporting thresholds]


Domain annotation for each sequence (and alignments):

   [No targets detected that satisfy reporting thresholds]


Internal pipeline statistics summary:
-------------------------------------
Query model(s):                            1  (482 nodes)
Target sequences:                       1282  (352491 residues searched)
Passed MSV filter:                        91  (0.0709828); expected 25.6 (0.02)
Passed bias filter:                       33  (0.025741); expected 25.6 (0.02)
Passed Vit filter:                         2  (0.00156006); expected 1.3 (0.001)
Passed Fwd filter:                         0  (0); expected 0.0 (1e-05)
Initial search space (Z):               1282  [actual number of targets]
Domain search space  (domZ):               0  [number of targets reported over threshold]
# CPU time: 0.01u 0.00s 00:00:00.01 Elapsed: 00:00:00.00
# Mc/sec: 19509.38
//
Query:       nifK-03292025  [M=490]
Scores for complete sequences (score includes all domains):
   --- full sequence ---   --- best 1 domain ---    -#dom-
    E-value  score  bias    E-value  score  bias    exp  N  Sequence Description
    ------- ------ -----    ------- ------ -----   ---- --  -------- -----------

   [No hits detected that satisfy reporting thresholds]


Domain annotation for each sequence (and alignments):

   [No targets detected that satisfy reporting thresholds]


Internal pipeline statistics summary:
-------------------------------------
Query model(s):                            1  (490 nodes)
Target sequences:                       1282  (352491 residues searched)
Passed MSV filter:                        64  (0.049922); expected 25.6 (0.02)
Passed bias filter:                       24  (0.0187207); expected 25.6 (0.02)
Passed Vit filter:                         3  (0.00234009); expected 1.3 (0.001)
Passed Fwd filter:                         0  (0); expected 0.0 (1e-05)
Initial search space (Z):               1282  [actual number of targets]
Domain search space  (domZ):               0  [number of targets reported over threshold]
# CPU time: 0.02u 0.00s 00:00:00.02 Elapsed: 00:00:00.00
# Mc/sec: 17617.59
//
Query:       nifB-03292025  [M=505]
Scores for complete sequences (score includes all domains):
   --- full sequence ---   --- best 1 domain ---    -#dom-
    E-value  score  bias    E-value  score  bias    exp  N  Sequence Description
    ------- ------ -----    ------- ------ -----   ---- --  -------- -----------

   [No hits detected that satisfy reporting thresholds]


Domain annotation for each sequence (and alignments):

   [No targets detected that satisfy reporting thresholds]


Internal pipeline statistics summary:
-------------------------------------
Query model(s):                            1  (505 nodes)
Target sequences:                       1282  (352491 residues searched)
Passed MSV filter:                        56  (0.0436817); expected 25.6 (0.02)
Passed bias filter:                       25  (0.0195008); expected 25.6 (0.02)
Passed Vit filter:                         2  (0.00156006); expected 1.3 (0.001)
Passed Fwd filter:                         0  (0); expected 0.0 (1e-05)
Initial search space (Z):               1282  [actual number of targets]
Domain search space  (domZ):               0  [number of targets reported over threshold]
# CPU time: 0.01u 0.00s 00:00:00.01 Elapsed: 00:00:00.00
# Mc/sec: 18588.17
//
Query:       nifE-03292025  [M=556]
Scores for complete sequences (score includes all domains):
   --- full sequence ---   --- best 1 domain ---    -#dom-
    E-value  score  bias    E-value  score  bias    exp  N  Sequence Description
    ------- ------ -----    ------- ------ -----   ---- --  -------- -----------

   [No hits detected that satisfy reporting thresholds]


Domain annotation for each sequence (and alignments):

   [No targets detected that satisfy reporting thresholds]


Internal pipeline statistics summary:
-------------------------------------
Query model(s):                            1  (556 nodes)
Target sequences:                       1282  (352491 residues searched)
Passed MSV filter:                        88  (0.0686427); expected 25.6 (0.02)
Passed bias filter:                       45  (0.0351014); expected 25.6 (0.02)
Passed Vit filter:                         2  (0.00156006); expected 1.3 (0.001)
Passed Fwd filter:                         0  (0); expected 0.0 (1e-05)
Initial search space (Z):               1282  [actual number of targets]
Domain search space  (domZ):               0  [number of targets reported over threshold]
# CPU time: 0.01u 0.00s 00:00:00.01 Elapsed: 00:00:00.01
# Mc/sec: 18975.66
//
Query:       nifN-03292025  [M=700]
Scores for complete sequences (score includes all domains):
   --- full sequence ---   --- best 1 domain ---    -#dom-
    E-value  score  bias    E-value  score  bias    exp  N  Sequence Description
    ------- ------ -----    ------- ------ -----   ---- --  -------- -----------

   [No hits detected that satisfy reporting thresholds]


Domain annotation for each sequence (and alignments):

   [No targets detected that satisfy reporting thresholds]


Internal pipeline statistics summary:
-------------------------------------
Query model(s):                            1  (700 nodes)
Target sequences:                       1282  (352491 residues searched)
Passed MSV filter:                        53  (0.0413417); expected 25.6 (0.02)
Passed bias filter:                       41  (0.0319813); expected 25.6 (0.02)
Passed Vit filter:                         1  (0.000780031); expected 1.3 (0.001)
Passed Fwd filter:                         0  (0); expected 0.0 (1e-05)
Initial search space (Z):               1282  [actual number of targets]
Domain search space  (domZ):               0  [number of targets reported over threshold]
# CPU time: 0.01u 0.00s 00:00:00.01 Elapsed: 00:00:00.01
# Mc/sec: 18780.86
//
Query:       pchlide-04012025  [M=508]
Scores for complete sequences (score includes all domains):
   --- full sequence ---   --- best 1 domain ---    -#dom-
    E-value  score  bias    E-value  score  bias    exp  N  Sequence Description
    ------- ------ -----    ------- ------ -----   ---- --  -------- -----------

   [No hits detected that satisfy reporting thresholds]


Domain annotation for each sequence (and alignments):

   [No targets detected that satisfy reporting thresholds]


Internal pipeline statistics summary:
-------------------------------------
Query model(s):                            1  (508 nodes)
Target sequences:                       1282  (352491 residues searched)
Passed MSV filter:                        51  (0.0397816); expected 25.6 (0.02)
Passed bias filter:                       38  (0.0296412); expected 25.6 (0.02)
Passed Vit filter:                         3  (0.00234009); expected 1.3 (0.001)
Passed Fwd filter:                         0  (0); expected 0.0 (1e-05)
Initial search space (Z):               1282  [actual number of targets]
Domain search space  (domZ):               0  [number of targets reported over threshold]
# CPU time: 0.01u 0.00s 00:00:00.01 Elapsed: 00:00:00.01
# Mc/sec: 16793.39
//
[ok]
# hmmsearch :: search profile(s) against a sequence database
# HMMER 3.4 (Aug 2023); http://hmmer.org/
# Copyright (C) 2023 Howard Hughes Medical Institute.
# Freely distributed under the BSD open source license.
# - - - - - - - - - - - - - - - - - - - - - - - - - - - - - - - - - - - -
# query HMM file:                  ../HMMs/nifV_07242025.hmm
# target sequence database:        ../all_rep_proteins_aa/bacteria/GB_GCA_944327425.1_protein.faa
# - - - - - - - - - - - - - - - - - - - - - - - - - - - - - - - - - - - -

Query:       nifV-07242025  [M=437]
Scores for complete sequences (score includes all domains):
   --- full sequence ---   --- best 1 domain ---    -#dom-
    E-value  score  bias    E-value  score  bias    exp  N  Sequence Description
    ------- ------ -----    ------- ------ -----   ---- --  -------- -----------

   [No hits detected that satisfy reporting thresholds]


Domain annotation for each sequence (and alignments):

   [No targets detected that satisfy reporting thresholds]


Internal pipeline statistics summary:
-------------------------------------
Query model(s):                            1  (437 nodes)
Target sequences:                       1282  (352491 residues searched)
Passed MSV filter:                        33  (0.025741); expected 25.6 (0.02)
Passed bias filter:                       32  (0.024961); expected 25.6 (0.02)
Passed Vit filter:                         3  (0.00234009); expected 1.3 (0.001)
Passed Fwd filter:                         0  (0); expected 0.0 (1e-05)
Initial search space (Z):               1282  [actual number of targets]
Domain search space  (domZ):               0  [number of targets reported over threshold]
# CPU time: 0.01u 0.00s 00:00:00.01 Elapsed: 00:00:00.00
# Mc/sec: 18765.90
//
[ok]
