# hmmsearch :: search profile(s) against a sequence database
# HMMER 3.4 (Aug 2023); http://hmmer.org/
# Copyright (C) 2023 Howard Hughes Medical Institute.
# Freely distributed under the BSD open source license.
# - - - - - - - - - - - - - - - - - - - - - - - - - - - - - - - - - - - -
# query HMM file:                  ../HMMs/combined_nif_04012025.hmm
# target sequence database:        ../all_rep_proteins_aa/bacteria/GB_GCA_944332645.1_protein.faa
# - - - - - - - - - - - - - - - - - - - - - - - - - - - - - - - - - - - -

Query:       nifH-03292025  [M=327]
Scores for complete sequences (score includes all domains):
   --- full sequence ---   --- best 1 domain ---    -#dom-
    E-value  score  bias    E-value  score  bias    exp  N  Sequence            Description
    ------- ------ -----    ------- ------ -----   ---- --  --------            -----------
    2.7e-08   29.5   1.3    4.4e-08   28.8   0.8    1.5  2  CALVKK010000059.1_1  # 1 # 366 # -1 # ID=59_1;partial=10;star


Domain annotation for each sequence (and alignments):
>> CALVKK010000059.1_1  # 1 # 366 # -1 # ID=59_1;partial=10;start_type=ATG;rbs_motif=None;rbs_spacer=None;gc_cont=0.339
   #    score  bias  c-Evalue  i-Evalue hmmfrom  hmm to    alifrom  ali to    envfrom  env to     acc
 ---   ------ ----- --------- --------- ------- -------    ------- -------    ------- -------    ----
   1 !   28.8   0.8   3.6e-11   4.4e-08      17      82 ..      11      75 ..       3      87 .. 0.80
   2 ?    0.7   0.0     0.013        15     201     250 ..      70     122 .]      64     122 .] 0.75

  Alignments for each domain:
  == domain 1  score: 28.8 bits;  conditional E-value: 3.6e-11
        nifH-03292025 17 KGGiGKSttasnlsaalaeegkkvlivGCdPKaDstrll..lggkaqktvldllrekgedleledvvk 82
                         KGG+GK tt+ nlsa l   gkkvl v  d    st+ +   +++++kt+ dl+ ++    +l++v++
  CALVKK010000059.1_1 11 KGGVGKTTTSINLSASLGVLGKKVLLVDLDSQGNSTTGVgvSKSSHEKTIYDLIVDRA---TLDEVIV 75
                         9***********************************9752156778999999998764...4555443 PP

  == domain 2  score: 0.7 bits;  conditional E-value: 0.013
        nifH-03292025 201 veefaeklgtqiiafvprsnevqkaele...kktvieaapdseqakeyreLak 250
                          ++e+  k++ + ++ +p s  +  a++e   +  v + +++s+q k+y ++ak
  CALVKK010000059.1_1  70 LDEVIVKTHFKNLYIIPASINLAGADIElmeRSRVDHSFNKSSQLKKYLDIAK 122
                          56666777778888899999999998752226678888999999999999986 PP



Internal pipeline statistics summary:
-------------------------------------
Query model(s):                            1  (327 nodes)
Target sequences:                       1218  (330509 residues searched)
Passed MSV filter:                       105  (0.0862069); expected 24.4 (0.02)
Passed bias filter:                       51  (0.0418719); expected 24.4 (0.02)
Passed Vit filter:                        12  (0.00985222); expected 1.2 (0.001)
Passed Fwd filter:                         1  (0.000821018); expected 0.0 (1e-05)
Initial search space (Z):               1218  [actual number of targets]
Domain search space  (domZ):               1  [number of targets reported over threshold]
# CPU time: 0.01u 0.00s 00:00:00.01 Elapsed: 00:00:00.01
# Mc/sec: 7234.79
//
Query:       nifD-03292025  [M=482]
Scores for complete sequences (score includes all domains):
   --- full sequence ---   --- best 1 domain ---    -#dom-
    E-value  score  bias    E-value  score  bias    exp  N  Sequence Description
    ------- ------ -----    ------- ------ -----   ---- --  -------- -----------

   [No hits detected that satisfy reporting thresholds]


Domain annotation for each sequence (and alignments):

   [No targets detected that satisfy reporting thresholds]


Internal pipeline statistics summary:
-------------------------------------
Query model(s):                            1  (482 nodes)
Target sequences:                       1218  (330509 residues searched)
Passed MSV filter:                        82  (0.0673235); expected 24.4 (0.02)
Passed bias filter:                       21  (0.0172414); expected 24.4 (0.02)
Passed Vit filter:                         3  (0.00246305); expected 1.2 (0.001)
Passed Fwd filter:                         0  (0); expected 0.0 (1e-05)
Initial search space (Z):               1218  [actual number of targets]
Domain search space  (domZ):               0  [number of targets reported over threshold]
# CPU time: 0.01u 0.00s 00:00:00.01 Elapsed: 00:00:00.00
# Mc/sec: 19108.00
//
Query:       nifK-03292025  [M=490]
Scores for complete sequences (score includes all domains):
   --- full sequence ---   --- best 1 domain ---    -#dom-
    E-value  score  bias    E-value  score  bias    exp  N  Sequence Description
    ------- ------ -----    ------- ------ -----   ---- --  -------- -----------

   [No hits detected that satisfy reporting thresholds]


Domain annotation for each sequence (and alignments):

   [No targets detected that satisfy reporting thresholds]


Internal pipeline statistics summary:
-------------------------------------
Query model(s):                            1  (490 nodes)
Target sequences:                       1218  (330509 residues searched)
Passed MSV filter:                        58  (0.047619); expected 24.4 (0.02)
Passed bias filter:                       20  (0.0164204); expected 24.4 (0.02)
Passed Vit filter:                         2  (0.00164204); expected 1.2 (0.001)
Passed Fwd filter:                         0  (0); expected 0.0 (1e-05)
Initial search space (Z):               1218  [actual number of targets]
Domain search space  (domZ):               0  [number of targets reported over threshold]
# CPU time: 0.01u 0.00s 00:00:00.01 Elapsed: 00:00:00.00
# Mc/sec: 19853.81
//
Query:       nifB-03292025  [M=505]
Scores for complete sequences (score includes all domains):
   --- full sequence ---   --- best 1 domain ---    -#dom-
    E-value  score  bias    E-value  score  bias    exp  N  Sequence Description
    ------- ------ -----    ------- ------ -----   ---- --  -------- -----------

   [No hits detected that satisfy reporting thresholds]


Domain annotation for each sequence (and alignments):

   [No targets detected that satisfy reporting thresholds]


Internal pipeline statistics summary:
-------------------------------------
Query model(s):                            1  (505 nodes)
Target sequences:                       1218  (330509 residues searched)
Passed MSV filter:                        70  (0.0574713); expected 24.4 (0.02)
Passed bias filter:                       37  (0.0303777); expected 24.4 (0.02)
Passed Vit filter:                         2  (0.00164204); expected 1.2 (0.001)
Passed Fwd filter:                         0  (0); expected 0.0 (1e-05)
Initial search space (Z):               1218  [actual number of targets]
Domain search space  (domZ):               0  [number of targets reported over threshold]
# CPU time: 0.01u 0.00s 00:00:00.01 Elapsed: 00:00:00.00
# Mc/sec: 17622.29
//
Query:       nifE-03292025  [M=556]
Scores for complete sequences (score includes all domains):
   --- full sequence ---   --- best 1 domain ---    -#dom-
    E-value  score  bias    E-value  score  bias    exp  N  Sequence Description
    ------- ------ -----    ------- ------ -----   ---- --  -------- -----------

   [No hits detected that satisfy reporting thresholds]


Domain annotation for each sequence (and alignments):

   [No targets detected that satisfy reporting thresholds]


Internal pipeline statistics summary:
-------------------------------------
Query model(s):                            1  (556 nodes)
Target sequences:                       1218  (330509 residues searched)
Passed MSV filter:                        70  (0.0574713); expected 24.4 (0.02)
Passed bias filter:                       36  (0.0295567); expected 24.4 (0.02)
Passed Vit filter:                         5  (0.00410509); expected 1.2 (0.001)
Passed Fwd filter:                         0  (0); expected 0.0 (1e-05)
Initial search space (Z):               1218  [actual number of targets]
Domain search space  (domZ):               0  [number of targets reported over threshold]
# CPU time: 0.01u 0.00s 00:00:00.01 Elapsed: 00:00:00.01
# Mc/sec: 16648.06
//
Query:       nifN-03292025  [M=700]
Scores for complete sequences (score includes all domains):
   --- full sequence ---   --- best 1 domain ---    -#dom-
    E-value  score  bias    E-value  score  bias    exp  N  Sequence Description
    ------- ------ -----    ------- ------ -----   ---- --  -------- -----------

   [No hits detected that satisfy reporting thresholds]


Domain annotation for each sequence (and alignments):

   [No targets detected that satisfy reporting thresholds]


Internal pipeline statistics summary:
-------------------------------------
Query model(s):                            1  (700 nodes)
Target sequences:                       1218  (330509 residues searched)
Passed MSV filter:                        56  (0.045977); expected 24.4 (0.02)
Passed bias filter:                       39  (0.0320197); expected 24.4 (0.02)
Passed Vit filter:                         3  (0.00246305); expected 1.2 (0.001)
Passed Fwd filter:                         0  (0); expected 0.0 (1e-05)
Initial search space (Z):               1218  [actual number of targets]
Domain search space  (domZ):               0  [number of targets reported over threshold]
# CPU time: 0.01u 0.00s 00:00:00.01 Elapsed: 00:00:00.01
# Mc/sec: 17887.21
//
Query:       pchlide-04012025  [M=508]
Scores for complete sequences (score includes all domains):
   --- full sequence ---   --- best 1 domain ---    -#dom-
    E-value  score  bias    E-value  score  bias    exp  N  Sequence Description
    ------- ------ -----    ------- ------ -----   ---- --  -------- -----------

   [No hits detected that satisfy reporting thresholds]


Domain annotation for each sequence (and alignments):

   [No targets detected that satisfy reporting thresholds]


Internal pipeline statistics summary:
-------------------------------------
Query model(s):                            1  (508 nodes)
Target sequences:                       1218  (330509 residues searched)
Passed MSV filter:                        46  (0.0377668); expected 24.4 (0.02)
Passed bias filter:                       29  (0.0238095); expected 24.4 (0.02)
Passed Vit filter:                         1  (0.000821018); expected 1.2 (0.001)
Passed Fwd filter:                         0  (0); expected 0.0 (1e-05)
Initial search space (Z):               1218  [actual number of targets]
Domain search space  (domZ):               0  [number of targets reported over threshold]
# CPU time: 0.01u 0.00s 00:00:00.01 Elapsed: 00:00:00.00
# Mc/sec: 18567.14
//
[ok]
# hmmsearch :: search profile(s) against a sequence database
# HMMER 3.4 (Aug 2023); http://hmmer.org/
# Copyright (C) 2023 Howard Hughes Medical Institute.
# Freely distributed under the BSD open source license.
# - - - - - - - - - - - - - - - - - - - - - - - - - - - - - - - - - - - -
# query HMM file:                  ../HMMs/nifV_07242025.hmm
# target sequence database:        ../all_rep_proteins_aa/bacteria/GB_GCA_944332645.1_protein.faa
# - - - - - - - - - - - - - - - - - - - - - - - - - - - - - - - - - - - -

Query:       nifV-07242025  [M=437]
Scores for complete sequences (score includes all domains):
   --- full sequence ---   --- best 1 domain ---    -#dom-
    E-value  score  bias    E-value  score  bias    exp  N  Sequence Description
    ------- ------ -----    ------- ------ -----   ---- --  -------- -----------

   [No hits detected that satisfy reporting thresholds]


Domain annotation for each sequence (and alignments):

   [No targets detected that satisfy reporting thresholds]


Internal pipeline statistics summary:
-------------------------------------
Query model(s):                            1  (437 nodes)
Target sequences:                       1218  (330509 residues searched)
Passed MSV filter:                        33  (0.0270936); expected 24.4 (0.02)
Passed bias filter:                       28  (0.0229885); expected 24.4 (0.02)
Passed Vit filter:                         7  (0.00574713); expected 1.2 (0.001)
Passed Fwd filter:                         0  (0); expected 0.0 (1e-05)
Initial search space (Z):               1218  [actual number of targets]
Domain search space  (domZ):               0  [number of targets reported over threshold]
# CPU time: 0.01u 0.00s 00:00:00.01 Elapsed: 00:00:00.00
# Mc/sec: 15878.03
//
[ok]
