# hmmsearch :: search profile(s) against a sequence database
# HMMER 3.4 (Aug 2023); http://hmmer.org/
# Copyright (C) 2023 Howard Hughes Medical Institute.
# Freely distributed under the BSD open source license.
# - - - - - - - - - - - - - - - - - - - - - - - - - - - - - - - - - - - -
# query HMM file:                  ../HMMs/combined_nif_04012025.hmm
# target sequence database:        ../all_rep_proteins_aa/bacteria/GB_GCA_000990945.1_protein.faa
# - - - - - - - - - - - - - - - - - - - - - - - - - - - - - - - - - - - -

Query:       nifH-03292025  [M=327]
Scores for complete sequences (score includes all domains):
   --- full sequence ---   --- best 1 domain ---    -#dom-
    E-value  score  bias    E-value  score  bias    exp  N  Sequence         Description
    ------- ------ -----    ------- ------ -----   ---- --  --------         -----------
    4.4e-11   38.7   0.1    7.4e-06   21.5   0.0    2.1  2  LBQR01000011.1_1  # 131 # 901 # 1 # ID=11_1;partial=00;start_


Domain annotation for each sequence (and alignments):
>> LBQR01000011.1_1  # 131 # 901 # 1 # ID=11_1;partial=00;start_type=ATG;rbs_motif=TATAA;rbs_spacer=6bp;gc_cont=0.394
   #    score  bias  c-Evalue  i-Evalue hmmfrom  hmm to    alifrom  ali to    envfrom  env to     acc
 ---   ------ ----- --------- --------- ------- -------    ------- -------    ------- -------    ----
   1 !   21.5   0.0   5.8e-09   7.4e-06      17      52 ..      11      46 ..       4      64 .. 0.90
   2 !   15.3   0.0   4.7e-07    0.0006     149     256 ..     141     253 ..     139     256 .. 0.86

  Alignments for each domain:
  == domain 1  score: 21.5 bits;  conditional E-value: 5.8e-09
     nifH-03292025 17 KGGiGKSttasnlsaalaeegkkvlivGCdPKaDst 52
                      KGG+GK t a nl++ la++gk+vl v  dP   ++
  LBQR01000011.1_1 11 KGGVGKTTSAVNLTTYLATAGKRVLLVDLDPQGNAS 46
                      9******************************87655 PP

  == domain 2  score: 15.3 bits;  conditional E-value: 4.7e-07
     nifH-03292025 149 adevyivtsgemmalYaanniakgikkyaee..ggvrlgGlicNs..rkvdkeeelveefaeklgtqiiaf.vprsnevqkaelekktvieaa 236
                       +de++i + +e+ al     ++++i+ ++e+   + +++G++  +  r+ +  +++v+e+ e++  +++++ +prs  + +a   +k +++++
  LBQR01000011.1_1 141 SDEIIIPVQTEYYALEGLSQLLETISLVKENiqPDLKIKGVMLTMydRRNRLSRQVVKEVREHFPGHVFENvIPRSVRLAEAPSFGKSILNFD 233
                       6899999999999999999***999998887445678889887652266777899*********9999976269******************* PP

     nifH-03292025 237 pdseqakeyreLakkilenk 256
                         s+ a++y+ +ak+i+e +
  LBQR01000011.1_1 234 AFSKGARAYKGIAKEIIEMD 253
                       ****************9865 PP



Internal pipeline statistics summary:
-------------------------------------
Query model(s):                            1  (327 nodes)
Target sequences:                       1274  (336921 residues searched)
Passed MSV filter:                        83  (0.0651491); expected 25.5 (0.02)
Passed bias filter:                       46  (0.0361068); expected 25.5 (0.02)
Passed Vit filter:                         8  (0.00627943); expected 1.3 (0.001)
Passed Fwd filter:                         1  (0.000784929); expected 0.0 (1e-05)
Initial search space (Z):               1274  [actual number of targets]
Domain search space  (domZ):               1  [number of targets reported over threshold]
# CPU time: 0.01u 0.00s 00:00:00.01 Elapsed: 00:00:00.01
# Mc/sec: 7903.21
//
Query:       nifD-03292025  [M=482]
Scores for complete sequences (score includes all domains):
   --- full sequence ---   --- best 1 domain ---    -#dom-
    E-value  score  bias    E-value  score  bias    exp  N  Sequence Description
    ------- ------ -----    ------- ------ -----   ---- --  -------- -----------

   [No hits detected that satisfy reporting thresholds]


Domain annotation for each sequence (and alignments):

   [No targets detected that satisfy reporting thresholds]


Internal pipeline statistics summary:
-------------------------------------
Query model(s):                            1  (482 nodes)
Target sequences:                       1274  (336921 residues searched)
Passed MSV filter:                        80  (0.0627943); expected 25.5 (0.02)
Passed bias filter:                       34  (0.0266876); expected 25.5 (0.02)
Passed Vit filter:                         5  (0.00392465); expected 1.3 (0.001)
Passed Fwd filter:                         0  (0); expected 0.0 (1e-05)
Initial search space (Z):               1274  [actual number of targets]
Domain search space  (domZ):               0  [number of targets reported over threshold]
# CPU time: 0.01u 0.00s 00:00:00.01 Elapsed: 00:00:00.00
# Mc/sec: 17605.21
//
Query:       nifK-03292025  [M=490]
Scores for complete sequences (score includes all domains):
   --- full sequence ---   --- best 1 domain ---    -#dom-
    E-value  score  bias    E-value  score  bias    exp  N  Sequence Description
    ------- ------ -----    ------- ------ -----   ---- --  -------- -----------

   [No hits detected that satisfy reporting thresholds]


Domain annotation for each sequence (and alignments):

   [No targets detected that satisfy reporting thresholds]


Internal pipeline statistics summary:
-------------------------------------
Query model(s):                            1  (490 nodes)
Target sequences:                       1274  (336921 residues searched)
Passed MSV filter:                        39  (0.0306122); expected 25.5 (0.02)
Passed bias filter:                       19  (0.0149137); expected 25.5 (0.02)
Passed Vit filter:                         2  (0.00156986); expected 1.3 (0.001)
Passed Fwd filter:                         0  (0); expected 0.0 (1e-05)
Initial search space (Z):               1274  [actual number of targets]
Domain search space  (domZ):               0  [number of targets reported over threshold]
# CPU time: 0.01u 0.00s 00:00:00.01 Elapsed: 00:00:00.00
# Mc/sec: 20438.79
//
Query:       nifB-03292025  [M=505]
Scores for complete sequences (score includes all domains):
   --- full sequence ---   --- best 1 domain ---    -#dom-
    E-value  score  bias    E-value  score  bias    exp  N  Sequence Description
    ------- ------ -----    ------- ------ -----   ---- --  -------- -----------

   [No hits detected that satisfy reporting thresholds]


Domain annotation for each sequence (and alignments):

   [No targets detected that satisfy reporting thresholds]


Internal pipeline statistics summary:
-------------------------------------
Query model(s):                            1  (505 nodes)
Target sequences:                       1274  (336921 residues searched)
Passed MSV filter:                        50  (0.0392465); expected 25.5 (0.02)
Passed bias filter:                       30  (0.0235479); expected 25.5 (0.02)
Passed Vit filter:                         5  (0.00392465); expected 1.3 (0.001)
Passed Fwd filter:                         0  (0); expected 0.0 (1e-05)
Initial search space (Z):               1274  [actual number of targets]
Domain search space  (domZ):               0  [number of targets reported over threshold]
# CPU time: 0.01u 0.00s 00:00:00.01 Elapsed: 00:00:00.00
# Mc/sec: 17311.99
//
Query:       nifE-03292025  [M=556]
Scores for complete sequences (score includes all domains):
   --- full sequence ---   --- best 1 domain ---    -#dom-
    E-value  score  bias    E-value  score  bias    exp  N  Sequence Description
    ------- ------ -----    ------- ------ -----   ---- --  -------- -----------

   [No hits detected that satisfy reporting thresholds]


Domain annotation for each sequence (and alignments):

   [No targets detected that satisfy reporting thresholds]


Internal pipeline statistics summary:
-------------------------------------
Query model(s):                            1  (556 nodes)
Target sequences:                       1274  (336921 residues searched)
Passed MSV filter:                        53  (0.0416013); expected 25.5 (0.02)
Passed bias filter:                       20  (0.0156986); expected 25.5 (0.02)
Passed Vit filter:                         2  (0.00156986); expected 1.3 (0.001)
Passed Fwd filter:                         0  (0); expected 0.0 (1e-05)
Initial search space (Z):               1274  [actual number of targets]
Domain search space  (domZ):               0  [number of targets reported over threshold]
# CPU time: 0.01u 0.00s 00:00:00.01 Elapsed: 00:00:00.00
# Mc/sec: 21402.51
//
Query:       nifN-03292025  [M=700]
Scores for complete sequences (score includes all domains):
   --- full sequence ---   --- best 1 domain ---    -#dom-
    E-value  score  bias    E-value  score  bias    exp  N  Sequence Description
    ------- ------ -----    ------- ------ -----   ---- --  -------- -----------

   [No hits detected that satisfy reporting thresholds]


Domain annotation for each sequence (and alignments):

   [No targets detected that satisfy reporting thresholds]


Internal pipeline statistics summary:
-------------------------------------
Query model(s):                            1  (700 nodes)
Target sequences:                       1274  (336921 residues searched)
Passed MSV filter:                        53  (0.0416013); expected 25.5 (0.02)
Passed bias filter:                       37  (0.0290424); expected 25.5 (0.02)
Passed Vit filter:                         1  (0.000784929); expected 1.3 (0.001)
Passed Fwd filter:                         0  (0); expected 0.0 (1e-05)
Initial search space (Z):               1274  [actual number of targets]
Domain search space  (domZ):               0  [number of targets reported over threshold]
# CPU time: 0.01u 0.00s 00:00:00.01 Elapsed: 00:00:00.01
# Mc/sec: 19826.52
//
Query:       pchlide-04012025  [M=508]
Scores for complete sequences (score includes all domains):
   --- full sequence ---   --- best 1 domain ---    -#dom-
    E-value  score  bias    E-value  score  bias    exp  N  Sequence Description
    ------- ------ -----    ------- ------ -----   ---- --  -------- -----------

   [No hits detected that satisfy reporting thresholds]


Domain annotation for each sequence (and alignments):

   [No targets detected that satisfy reporting thresholds]


Internal pipeline statistics summary:
-------------------------------------
Query model(s):                            1  (508 nodes)
Target sequences:                       1274  (336921 residues searched)
Passed MSV filter:                        45  (0.0353218); expected 25.5 (0.02)
Passed bias filter:                       32  (0.0251177); expected 25.5 (0.02)
Passed Vit filter:                         4  (0.00313972); expected 1.3 (0.001)
Passed Fwd filter:                         0  (0); expected 0.0 (1e-05)
Initial search space (Z):               1274  [actual number of targets]
Domain search space  (domZ):               0  [number of targets reported over threshold]
# CPU time: 0.01u 0.00s 00:00:00.01 Elapsed: 00:00:00.01
# Mc/sec: 16631.90
//
[ok]
# hmmsearch :: search profile(s) against a sequence database
# HMMER 3.4 (Aug 2023); http://hmmer.org/
# Copyright (C) 2023 Howard Hughes Medical Institute.
# Freely distributed under the BSD open source license.
# - - - - - - - - - - - - - - - - - - - - - - - - - - - - - - - - - - - -
# query HMM file:                  ../HMMs/nifV_07242025.hmm
# target sequence database:        ../all_rep_proteins_aa/bacteria/GB_GCA_000990945.1_protein.faa
# - - - - - - - - - - - - - - - - - - - - - - - - - - - - - - - - - - - -

Query:       nifV-07242025  [M=437]
Scores for complete sequences (score includes all domains):
   --- full sequence ---   --- best 1 domain ---    -#dom-
    E-value  score  bias    E-value  score  bias    exp  N  Sequence Description
    ------- ------ -----    ------- ------ -----   ---- --  -------- -----------

   [No hits detected that satisfy reporting thresholds]


Domain annotation for each sequence (and alignments):

   [No targets detected that satisfy reporting thresholds]


Internal pipeline statistics summary:
-------------------------------------
Query model(s):                            1  (437 nodes)
Target sequences:                       1274  (336921 residues searched)
Passed MSV filter:                        28  (0.021978); expected 25.5 (0.02)
Passed bias filter:                       19  (0.0149137); expected 25.5 (0.02)
Passed Vit filter:                         1  (0.000784929); expected 1.3 (0.001)
Passed Fwd filter:                         0  (0); expected 0.0 (1e-05)
Initial search space (Z):               1274  [actual number of targets]
Domain search space  (domZ):               0  [number of targets reported over threshold]
# CPU time: 0.00u 0.00s 00:00:00.00 Elapsed: 00:00:00.00
# Mc/sec: 22803.27
//
[ok]
