# hmmsearch :: search profile(s) against a sequence database
# HMMER 3.4 (Aug 2023); http://hmmer.org/
# Copyright (C) 2023 Howard Hughes Medical Institute.
# Freely distributed under the BSD open source license.
# - - - - - - - - - - - - - - - - - - - - - - - - - - - - - - - - - - - -
# query HMM file:                  ../HMMs/combined_nif_04012025.hmm
# target sequence database:        ../all_rep_proteins_aa/bacteria/GB_GCA_029784595.1_protein.faa
# - - - - - - - - - - - - - - - - - - - - - - - - - - - - - - - - - - - -

Query:       nifH-03292025  [M=327]
Scores for complete sequences (score includes all domains):
   --- full sequence ---   --- best 1 domain ---    -#dom-
    E-value  score  bias    E-value  score  bias    exp  N  Sequence              Description
    ------- ------ -----    ------- ------ -----   ---- --  --------              -----------
    1.3e-06   23.2   0.1      1e-05   20.2   0.0    2.1  2  JAJETZ010000001.1_120  # 139691 # 140485 # -1 # ID=1_120;part
     0.0042   11.6   2.1      0.016    9.8   1.0    2.1  2  JAJETZ010000002.1_162  # 228748 # 229656 # 1 # ID=2_162;parti


Domain annotation for each sequence (and alignments):
>> JAJETZ010000001.1_120  # 139691 # 140485 # -1 # ID=1_120;partial=00;start_type=GTG;rbs_motif=None;rbs_spacer=None;gc_
   #    score  bias  c-Evalue  i-Evalue hmmfrom  hmm to    alifrom  ali to    envfrom  env to     acc
 ---   ------ ----- --------- --------- ------- -------    ------- -------    ------- -------    ----
   1 !   20.2   0.0   2.9e-08     1e-05      15      46 ..      30      61 ..      15      81 .. 0.82
   2 ?    0.4   0.0     0.031        11     155     226 ..     161     236 ..     154     260 .. 0.55

  Alignments for each domain:
  == domain 1  score: 20.2 bits;  conditional E-value: 2.9e-08
          nifH-03292025 15 YGKGGiGKSttasnlsaalaeegkkvlivGCd 46
                            GKGG+GKSt+a nl+  la+  +kv  v  d
  JAJETZ010000001.1_120 30 SGKGGVGKSTVALNLAFSLAKLRYKVALVDTD 61
                           5************************9887655 PP

  == domain 2  score: 0.4 bits;  conditional E-value: 0.031
          nifH-03292025 155 vtsgemmalYaanniakgikkyaeeggvrlgGlicNsrkvdkeeelv........eefaeklgtqiiafvprsnevqkae 226
                            v++ + +al  a  i    +k     +v + G+i N+    + ++ +        ++ +e+l+++++ ++p + ++ +a 
  JAJETZ010000001.1_120 161 VSTPQKLALIEACKIYDMFTK----LEVPIIGIIENMSYLVQGDTKIyifgkdgaKKTSEELKVSLLGQIPLDPQICRAS 236
                            555555666655555554444....3477788888876655544443111211114555666666666666666666654 PP

>> JAJETZ010000002.1_162  # 228748 # 229656 # 1 # ID=2_162;partial=00;start_type=TTG;rbs_motif=AGxAGG/AGGxGG;rbs_spacer=
   #    score  bias  c-Evalue  i-Evalue hmmfrom  hmm to    alifrom  ali to    envfrom  env to     acc
 ---   ------ ----- --------- --------- ------- -------    ------- -------    ------- -------    ----
   1 !    9.8   1.0   4.4e-05     0.016      12      46 ..     103     137 ..      95     145 .. 0.92
   2 ?    0.0   0.0      0.04        14     240     276 ..     167     211 ..     142     257 .. 0.54

  Alignments for each domain:
  == domain 1  score: 9.8 bits;  conditional E-value: 4.4e-05
          nifH-03292025  12 iAiYGKGGiGKSttasnlsaalaeegkkvlivGCd 46 
                            i i G  G GK tt  +l++   e+ k+v+ + Cd
  JAJETZ010000002.1_162 103 IMICGVNGNGKTTTIGKLAYKYKEMKKSVMLIACD 137
                            6788999***************************9 PP

  == domain 2  score: 0.0 bits;  conditional E-value: 0.04
          nifH-03292025 240 eqakeyreLakkilenkklvipkpl........seeeleellael 276
                            ++  +yr ++++i+en ++v+ +           +eel+++ +++
  JAJETZ010000002.1_162 167 PASVAYRGISQAIKENVDVVLIDTAgrlqnnvnLMEELSKIYRTI 211
                            344568888888888876654433322222222233333333333 PP



Internal pipeline statistics summary:
-------------------------------------
Query model(s):                            1  (327 nodes)
Target sequences:                        714  (221455 residues searched)
Passed MSV filter:                        40  (0.0560224); expected 14.3 (0.02)
Passed bias filter:                       24  (0.0336134); expected 14.3 (0.02)
Passed Vit filter:                         2  (0.00280112); expected 0.7 (0.001)
Passed Fwd filter:                         2  (0.00280112); expected 0.0 (1e-05)
Initial search space (Z):                714  [actual number of targets]
Domain search space  (domZ):               2  [number of targets reported over threshold]
# CPU time: 0.01u 0.00s 00:00:00.01 Elapsed: 00:00:00.01
# Mc/sec: 4952.96
//
Query:       nifD-03292025  [M=482]
Scores for complete sequences (score includes all domains):
   --- full sequence ---   --- best 1 domain ---    -#dom-
    E-value  score  bias    E-value  score  bias    exp  N  Sequence Description
    ------- ------ -----    ------- ------ -----   ---- --  -------- -----------

   [No hits detected that satisfy reporting thresholds]


Domain annotation for each sequence (and alignments):

   [No targets detected that satisfy reporting thresholds]


Internal pipeline statistics summary:
-------------------------------------
Query model(s):                            1  (482 nodes)
Target sequences:                        714  (221455 residues searched)
Passed MSV filter:                        44  (0.0616246); expected 14.3 (0.02)
Passed bias filter:                       18  (0.0252101); expected 14.3 (0.02)
Passed Vit filter:                         1  (0.00140056); expected 0.7 (0.001)
Passed Fwd filter:                         0  (0); expected 0.0 (1e-05)
Initial search space (Z):                714  [actual number of targets]
Domain search space  (domZ):               0  [number of targets reported over threshold]
# CPU time: 0.00u 0.00s 00:00:00.00 Elapsed: 00:00:00.00
# Mc/sec: 14362.68
//
Query:       nifK-03292025  [M=490]
Scores for complete sequences (score includes all domains):
   --- full sequence ---   --- best 1 domain ---    -#dom-
    E-value  score  bias    E-value  score  bias    exp  N  Sequence Description
    ------- ------ -----    ------- ------ -----   ---- --  -------- -----------

   [No hits detected that satisfy reporting thresholds]


Domain annotation for each sequence (and alignments):

   [No targets detected that satisfy reporting thresholds]


Internal pipeline statistics summary:
-------------------------------------
Query model(s):                            1  (490 nodes)
Target sequences:                        714  (221455 residues searched)
Passed MSV filter:                        19  (0.0266106); expected 14.3 (0.02)
Passed bias filter:                       11  (0.0154062); expected 14.3 (0.02)
Passed Vit filter:                         1  (0.00140056); expected 0.7 (0.001)
Passed Fwd filter:                         0  (0); expected 0.0 (1e-05)
Initial search space (Z):                714  [actual number of targets]
Domain search space  (domZ):               0  [number of targets reported over threshold]
# CPU time: 0.00u 0.00s 00:00:00.00 Elapsed: 00:00:00.00
# Mc/sec: 15808.56
//
Query:       nifB-03292025  [M=505]
Scores for complete sequences (score includes all domains):
   --- full sequence ---   --- best 1 domain ---    -#dom-
    E-value  score  bias    E-value  score  bias    exp  N  Sequence Description
    ------- ------ -----    ------- ------ -----   ---- --  -------- -----------

   [No hits detected that satisfy reporting thresholds]


Domain annotation for each sequence (and alignments):

   [No targets detected that satisfy reporting thresholds]


Internal pipeline statistics summary:
-------------------------------------
Query model(s):                            1  (505 nodes)
Target sequences:                        714  (221455 residues searched)
Passed MSV filter:                        33  (0.0462185); expected 14.3 (0.02)
Passed bias filter:                       12  (0.0168067); expected 14.3 (0.02)
Passed Vit filter:                         0  (0); expected 0.7 (0.001)
Passed Fwd filter:                         0  (0); expected 0.0 (1e-05)
Initial search space (Z):                714  [actual number of targets]
Domain search space  (domZ):               0  [number of targets reported over threshold]
# CPU time: 0.00u 0.00s 00:00:00.00 Elapsed: 00:00:00.00
# Mc/sec: 16234.43
//
Query:       nifE-03292025  [M=556]
Scores for complete sequences (score includes all domains):
   --- full sequence ---   --- best 1 domain ---    -#dom-
    E-value  score  bias    E-value  score  bias    exp  N  Sequence Description
    ------- ------ -----    ------- ------ -----   ---- --  -------- -----------

   [No hits detected that satisfy reporting thresholds]


Domain annotation for each sequence (and alignments):

   [No targets detected that satisfy reporting thresholds]


Internal pipeline statistics summary:
-------------------------------------
Query model(s):                            1  (556 nodes)
Target sequences:                        714  (221455 residues searched)
Passed MSV filter:                        45  (0.0630252); expected 14.3 (0.02)
Passed bias filter:                       18  (0.0252101); expected 14.3 (0.02)
Passed Vit filter:                         0  (0); expected 0.7 (0.001)
Passed Fwd filter:                         0  (0); expected 0.0 (1e-05)
Initial search space (Z):                714  [actual number of targets]
Domain search space  (domZ):               0  [number of targets reported over threshold]
# CPU time: 0.00u 0.00s 00:00:00.00 Elapsed: 00:00:00.00
# Mc/sec: 16152.01
//
Query:       nifN-03292025  [M=700]
Scores for complete sequences (score includes all domains):
   --- full sequence ---   --- best 1 domain ---    -#dom-
    E-value  score  bias    E-value  score  bias    exp  N  Sequence Description
    ------- ------ -----    ------- ------ -----   ---- --  -------- -----------

   [No hits detected that satisfy reporting thresholds]


Domain annotation for each sequence (and alignments):

   [No targets detected that satisfy reporting thresholds]


Internal pipeline statistics summary:
-------------------------------------
Query model(s):                            1  (700 nodes)
Target sequences:                        714  (221455 residues searched)
Passed MSV filter:                        27  (0.0378151); expected 14.3 (0.02)
Passed bias filter:                       17  (0.0238095); expected 14.3 (0.02)
Passed Vit filter:                         1  (0.00140056); expected 0.7 (0.001)
Passed Fwd filter:                         0  (0); expected 0.0 (1e-05)
Initial search space (Z):                714  [actual number of targets]
Domain search space  (domZ):               0  [number of targets reported over threshold]
# CPU time: 0.01u 0.00s 00:00:00.01 Elapsed: 00:00:00.00
# Mc/sec: 17321.68
//
Query:       pchlide-04012025  [M=508]
Scores for complete sequences (score includes all domains):
   --- full sequence ---   --- best 1 domain ---    -#dom-
    E-value  score  bias    E-value  score  bias    exp  N  Sequence Description
    ------- ------ -----    ------- ------ -----   ---- --  -------- -----------

   [No hits detected that satisfy reporting thresholds]


Domain annotation for each sequence (and alignments):

   [No targets detected that satisfy reporting thresholds]


Internal pipeline statistics summary:
-------------------------------------
Query model(s):                            1  (508 nodes)
Target sequences:                        714  (221455 residues searched)
Passed MSV filter:                        30  (0.0420168); expected 14.3 (0.02)
Passed bias filter:                       24  (0.0336134); expected 14.3 (0.02)
Passed Vit filter:                         4  (0.00560224); expected 0.7 (0.001)
Passed Fwd filter:                         0  (0); expected 0.0 (1e-05)
Initial search space (Z):                714  [actual number of targets]
Domain search space  (domZ):               0  [number of targets reported over threshold]
# CPU time: 0.01u 0.00s 00:00:00.01 Elapsed: 00:00:00.00
# Mc/sec: 13042.37
//
[ok]
# hmmsearch :: search profile(s) against a sequence database
# HMMER 3.4 (Aug 2023); http://hmmer.org/
# Copyright (C) 2023 Howard Hughes Medical Institute.
# Freely distributed under the BSD open source license.
# - - - - - - - - - - - - - - - - - - - - - - - - - - - - - - - - - - - -
# query HMM file:                  ../HMMs/nifV_07242025.hmm
# target sequence database:        ../all_rep_proteins_aa/bacteria/GB_GCA_029784595.1_protein.faa
# - - - - - - - - - - - - - - - - - - - - - - - - - - - - - - - - - - - -

Query:       nifV-07242025  [M=437]
Scores for complete sequences (score includes all domains):
   --- full sequence ---   --- best 1 domain ---    -#dom-
    E-value  score  bias    E-value  score  bias    exp  N  Sequence Description
    ------- ------ -----    ------- ------ -----   ---- --  -------- -----------

   [No hits detected that satisfy reporting thresholds]


Domain annotation for each sequence (and alignments):

   [No targets detected that satisfy reporting thresholds]


Internal pipeline statistics summary:
-------------------------------------
Query model(s):                            1  (437 nodes)
Target sequences:                        714  (221455 residues searched)
Passed MSV filter:                        22  (0.0308123); expected 14.3 (0.02)
Passed bias filter:                       16  (0.022409); expected 14.3 (0.02)
Passed Vit filter:                         0  (0); expected 0.7 (0.001)
Passed Fwd filter:                         0  (0); expected 0.0 (1e-05)
Initial search space (Z):                714  [actual number of targets]
Domain search space  (domZ):               0  [number of targets reported over threshold]
# CPU time: 0.00u 0.00s 00:00:00.00 Elapsed: 00:00:00.00
# Mc/sec: 15927.45
//
[ok]
