# hmmsearch :: search profile(s) against a sequence database
# HMMER 3.4 (Aug 2023); http://hmmer.org/
# Copyright (C) 2023 Howard Hughes Medical Institute.
# Freely distributed under the BSD open source license.
# - - - - - - - - - - - - - - - - - - - - - - - - - - - - - - - - - - - -
# query HMM file:                  ../HMMs/combined_nif_04012025.hmm
# target sequence database:        ../all_rep_proteins_aa/bacteria/GB_GCA_002490725.1_protein.faa
# - - - - - - - - - - - - - - - - - - - - - - - - - - - - - - - - - - - -

Query:       nifH-03292025  [M=327]
Scores for complete sequences (score includes all domains):
   --- full sequence ---   --- best 1 domain ---    -#dom-
    E-value  score  bias    E-value  score  bias    exp  N  Sequence           Description
    ------- ------ -----    ------- ------ -----   ---- --  --------           -----------
    6.4e-12   41.6   0.1    1.3e-08   30.7   0.3    2.1  2  DKUN01000016.1_110  # 129985 # 130767 # 1 # ID=26_110;partial
      0.006   12.1   4.2       0.29    6.6   0.0    2.8  3  DKUN01000006.1_42   # 58862 # 60835 # -1 # ID=7_42;partial=00


Domain annotation for each sequence (and alignments):
>> DKUN01000016.1_110  # 129985 # 130767 # 1 # ID=26_110;partial=00;start_type=ATG;rbs_motif=None;rbs_spacer=None;gc_con
   #    score  bias  c-Evalue  i-Evalue hmmfrom  hmm to    alifrom  ali to    envfrom  env to     acc
 ---   ------ ----- --------- --------- ------- -------    ------- -------    ------- -------    ----
   1 !   30.7   0.3   1.9e-11   1.3e-08      17      53 ..      11      47 ..       2      62 .. 0.92
   2 !    8.7   0.0   9.2e-05     0.063     148     258 ..     140     255 ..     138     260 .. 0.84

  Alignments for each domain:
  == domain 1  score: 30.7 bits;  conditional E-value: 1.9e-11
       nifH-03292025 17 KGGiGKSttasnlsaalaeegkkvlivGCdPKaDstr 53
                        KGG+GK tta nl+a la+e kkvliv  dP a +t+
  DKUN01000016.1_110 11 KGGVGKTTTAINLAASLASEKKKVLIVDADPQANATS 47
                        9********************************9985 PP

  == domain 2  score: 8.7 bits;  conditional E-value: 9.2e-05
       nifH-03292025 148 kadevyivtsgemmalYaanniakgikkyaee..ggvrlgGlicNs..rkvdkeeelveefaeklgtqiiaf.vprsnevqkaelekktvi 233
                          ad+v+i + +e+ al     ++++i+ ++++   + ++ G++  +   + +  +++ ee+  ++g  ++ + +pr+  +++a  ++   +
  DKUN01000016.1_110 140 AADSVIIPVQAEYFALEGISKLLNTIRIIKSKlnPELEIEGFLLTMydARLRLANQIYEELKGHFGDMVFDTvIPRNIRLSEAPSHGLPAL 230
                         5899999999**************9998888843566778877765114566789999*******9999976269999************* PP

       nifH-03292025 234 eaapdseqakeyreLakkilenkkl 258
                          ++p s+ a++ ++La++i +++++
  DKUN01000016.1_110 231 LYDPASRGATSHTQLAREIVKKHSS 255
                         *******************988765 PP

>> DKUN01000006.1_42  # 58862 # 60835 # -1 # ID=7_42;partial=00;start_type=ATG;rbs_motif=None;rbs_spacer=None;gc_cont=0.
   #    score  bias  c-Evalue  i-Evalue hmmfrom  hmm to    alifrom  ali to    envfrom  env to     acc
 ---   ------ ----- --------- --------- ------- -------    ------- -------    ------- -------    ----
   1 !    6.6   0.0   0.00042      0.29       8      27 ..      26      45 ..      19      54 .. 0.81
   2 ?   -2.9   0.5      0.32   2.2e+02     261     281 ..     265     285 ..     238     312 .. 0.39
   3 !    6.2   0.0   0.00053      0.36       8      31 ..     352     375 ..     345     386 .. 0.81

  Alignments for each domain:
  == domain 1  score: 6.6 bits;  conditional E-value: 0.00042
      nifH-03292025  8 kmrkiAiYGKGGiGKSttas 27
                       +  +iA+ GK G GKSt+ +
  DKUN01000006.1_42 26 RRDRIALVGKNGAGKSTMLK 45
                       5679*************865 PP

  == domain 2  score: -2.9 bits;  conditional E-value: 0.32
      nifH-03292025 261 pkplseeeleellaelgllee 281
                        ++  +  + ee++++++  ++
  DKUN01000006.1_42 265 NQQKQIADTEEFIERFRYKAT 285
                        222222222222222221111 PP

  == domain 3  score: 6.2 bits;  conditional E-value: 0.00053
      nifH-03292025   8 kmrkiAiYGKGGiGKSttasnlsa 31 
                        + +k+A+ GK G GKSt ++ ++ 
  DKUN01000006.1_42 352 RGEKVAFVGKNGEGKSTLVKCIMH 375
                        5689*************9887765 PP



Internal pipeline statistics summary:
-------------------------------------
Query model(s):                            1  (327 nodes)
Target sequences:                       1371  (527017 residues searched)
Passed MSV filter:                        65  (0.0474106); expected 27.4 (0.02)
Passed bias filter:                       53  (0.0386579); expected 27.4 (0.02)
Passed Vit filter:                         5  (0.00364697); expected 1.4 (0.001)
Passed Fwd filter:                         2  (0.00145879); expected 0.0 (1e-05)
Initial search space (Z):               1371  [actual number of targets]
Domain search space  (domZ):               2  [number of targets reported over threshold]
# CPU time: 0.01u 0.00s 00:00:00.01 Elapsed: 00:00:00.01
# Mc/sec: 9764.74
//
Query:       nifD-03292025  [M=482]
Scores for complete sequences (score includes all domains):
   --- full sequence ---   --- best 1 domain ---    -#dom-
    E-value  score  bias    E-value  score  bias    exp  N  Sequence Description
    ------- ------ -----    ------- ------ -----   ---- --  -------- -----------

   [No hits detected that satisfy reporting thresholds]


Domain annotation for each sequence (and alignments):

   [No targets detected that satisfy reporting thresholds]


Internal pipeline statistics summary:
-------------------------------------
Query model(s):                            1  (482 nodes)
Target sequences:                       1371  (527017 residues searched)
Passed MSV filter:                        45  (0.0328228); expected 27.4 (0.02)
Passed bias filter:                       36  (0.0262582); expected 27.4 (0.02)
Passed Vit filter:                         1  (0.000729395); expected 1.4 (0.001)
Passed Fwd filter:                         0  (0); expected 0.0 (1e-05)
Initial search space (Z):               1371  [actual number of targets]
Domain search space  (domZ):               0  [number of targets reported over threshold]
# CPU time: 0.01u 0.00s 00:00:00.01 Elapsed: 00:00:00.01
# Mc/sec: 23032.35
//
Query:       nifK-03292025  [M=490]
Scores for complete sequences (score includes all domains):
   --- full sequence ---   --- best 1 domain ---    -#dom-
    E-value  score  bias    E-value  score  bias    exp  N  Sequence Description
    ------- ------ -----    ------- ------ -----   ---- --  -------- -----------

   [No hits detected that satisfy reporting thresholds]


Domain annotation for each sequence (and alignments):

   [No targets detected that satisfy reporting thresholds]


Internal pipeline statistics summary:
-------------------------------------
Query model(s):                            1  (490 nodes)
Target sequences:                       1371  (527017 residues searched)
Passed MSV filter:                        38  (0.027717); expected 27.4 (0.02)
Passed bias filter:                       35  (0.0255288); expected 27.4 (0.02)
Passed Vit filter:                         5  (0.00364697); expected 1.4 (0.001)
Passed Fwd filter:                         0  (0); expected 0.0 (1e-05)
Initial search space (Z):               1371  [actual number of targets]
Domain search space  (domZ):               0  [number of targets reported over threshold]
# CPU time: 0.01u 0.00s 00:00:00.01 Elapsed: 00:00:00.01
# Mc/sec: 16243.94
//
Query:       nifB-03292025  [M=505]
Scores for complete sequences (score includes all domains):
   --- full sequence ---   --- best 1 domain ---    -#dom-
    E-value  score  bias    E-value  score  bias    exp  N  Sequence          Description
    ------- ------ -----    ------- ------ -----   ---- --  --------          -----------
    0.00011   17.0   0.0      0.002   12.9   0.0    2.1  1  DKUN01000014.1_33  # 47640 # 48380 # 1 # ID=14_33;partial=00;


Domain annotation for each sequence (and alignments):
>> DKUN01000014.1_33  # 47640 # 48380 # 1 # ID=14_33;partial=00;start_type=ATG;rbs_motif=None;rbs_spacer=None;gc_cont=0.
   #    score  bias  c-Evalue  i-Evalue hmmfrom  hmm to    alifrom  ali to    envfrom  env to     acc
 ---   ------ ----- --------- --------- ------- -------    ------- -------    ------- -------    ----
   1 !   12.9   0.0   1.5e-06     0.002     141     186 ..      79     122 ..      73     239 .. 0.77

  Alignments for each domain:
  == domain 1  score: 12.9 bits;  conditional E-value: 1.5e-06
      nifB-03292025 141 GDalanpektfetlelvkeeapdlklClstNGLaLpeyvdelaeln 186
                        G++ ++ ek +  +e++k++   +++Cl tNG  + ++vd+l el 
  DKUN01000014.1_33  79 GEPTFQAEKLIPLFEQLKSN--GVHICLDTNGTIVSDHVDRLHELT 122
                        78889999999999999765..7899****************9984 PP



Internal pipeline statistics summary:
-------------------------------------
Query model(s):                            1  (505 nodes)
Target sequences:                       1371  (527017 residues searched)
Passed MSV filter:                        55  (0.0401167); expected 27.4 (0.02)
Passed bias filter:                       39  (0.0284464); expected 27.4 (0.02)
Passed Vit filter:                         5  (0.00364697); expected 1.4 (0.001)
Passed Fwd filter:                         1  (0.000729395); expected 0.0 (1e-05)
Initial search space (Z):               1371  [actual number of targets]
Domain search space  (domZ):               1  [number of targets reported over threshold]
# CPU time: 0.01u 0.00s 00:00:00.01 Elapsed: 00:00:00.01
# Mc/sec: 15027.04
//
Query:       nifE-03292025  [M=556]
Scores for complete sequences (score includes all domains):
   --- full sequence ---   --- best 1 domain ---    -#dom-
    E-value  score  bias    E-value  score  bias    exp  N  Sequence Description
    ------- ------ -----    ------- ------ -----   ---- --  -------- -----------

   [No hits detected that satisfy reporting thresholds]


Domain annotation for each sequence (and alignments):

   [No targets detected that satisfy reporting thresholds]


Internal pipeline statistics summary:
-------------------------------------
Query model(s):                            1  (556 nodes)
Target sequences:                       1371  (527017 residues searched)
Passed MSV filter:                        50  (0.0364697); expected 27.4 (0.02)
Passed bias filter:                       43  (0.031364); expected 27.4 (0.02)
Passed Vit filter:                         2  (0.00145879); expected 1.4 (0.001)
Passed Fwd filter:                         0  (0); expected 0.0 (1e-05)
Initial search space (Z):               1371  [actual number of targets]
Domain search space  (domZ):               0  [number of targets reported over threshold]
# CPU time: 0.01u 0.00s 00:00:00.01 Elapsed: 00:00:00.01
# Mc/sec: 18034.08
//
Query:       nifN-03292025  [M=700]
Scores for complete sequences (score includes all domains):
   --- full sequence ---   --- best 1 domain ---    -#dom-
    E-value  score  bias    E-value  score  bias    exp  N  Sequence Description
    ------- ------ -----    ------- ------ -----   ---- --  -------- -----------

   [No hits detected that satisfy reporting thresholds]


Domain annotation for each sequence (and alignments):

   [No targets detected that satisfy reporting thresholds]


Internal pipeline statistics summary:
-------------------------------------
Query model(s):                            1  (700 nodes)
Target sequences:                       1371  (527017 residues searched)
Passed MSV filter:                        66  (0.04814); expected 27.4 (0.02)
Passed bias filter:                       54  (0.0393873); expected 27.4 (0.02)
Passed Vit filter:                         6  (0.00437637); expected 1.4 (0.001)
Passed Fwd filter:                         0  (0); expected 0.0 (1e-05)
Initial search space (Z):               1371  [actual number of targets]
Domain search space  (domZ):               0  [number of targets reported over threshold]
# CPU time: 0.02u 0.00s 00:00:00.02 Elapsed: 00:00:00.01
# Mc/sec: 20131.36
//
Query:       pchlide-04012025  [M=508]
Scores for complete sequences (score includes all domains):
   --- full sequence ---   --- best 1 domain ---    -#dom-
    E-value  score  bias    E-value  score  bias    exp  N  Sequence Description
    ------- ------ -----    ------- ------ -----   ---- --  -------- -----------

   [No hits detected that satisfy reporting thresholds]


Domain annotation for each sequence (and alignments):

   [No targets detected that satisfy reporting thresholds]


Internal pipeline statistics summary:
-------------------------------------
Query model(s):                            1  (508 nodes)
Target sequences:                       1371  (527017 residues searched)
Passed MSV filter:                        45  (0.0328228); expected 27.4 (0.02)
Passed bias filter:                       37  (0.0269876); expected 27.4 (0.02)
Passed Vit filter:                         3  (0.00218818); expected 1.4 (0.001)
Passed Fwd filter:                         0  (0); expected 0.0 (1e-05)
Initial search space (Z):               1371  [actual number of targets]
Domain search space  (domZ):               0  [number of targets reported over threshold]
# CPU time: 0.01u 0.00s 00:00:00.01 Elapsed: 00:00:00.01
# Mc/sec: 22684.46
//
[ok]
# hmmsearch :: search profile(s) against a sequence database
# HMMER 3.4 (Aug 2023); http://hmmer.org/
# Copyright (C) 2023 Howard Hughes Medical Institute.
# Freely distributed under the BSD open source license.
# - - - - - - - - - - - - - - - - - - - - - - - - - - - - - - - - - - - -
# query HMM file:                  ../HMMs/nifV_07242025.hmm
# target sequence database:        ../all_rep_proteins_aa/bacteria/GB_GCA_002490725.1_protein.faa
# - - - - - - - - - - - - - - - - - - - - - - - - - - - - - - - - - - - -

Query:       nifV-07242025  [M=437]
Scores for complete sequences (score includes all domains):
   --- full sequence ---   --- best 1 domain ---    -#dom-
    E-value  score  bias    E-value  score  bias    exp  N  Sequence Description
    ------- ------ -----    ------- ------ -----   ---- --  -------- -----------

   [No hits detected that satisfy reporting thresholds]


Domain annotation for each sequence (and alignments):

   [No targets detected that satisfy reporting thresholds]


Internal pipeline statistics summary:
-------------------------------------
Query model(s):                            1  (437 nodes)
Target sequences:                       1371  (527017 residues searched)
Passed MSV filter:                        42  (0.0306346); expected 27.4 (0.02)
Passed bias filter:                       29  (0.0211524); expected 27.4 (0.02)
Passed Vit filter:                         3  (0.00218818); expected 1.4 (0.001)
Passed Fwd filter:                         0  (0); expected 0.0 (1e-05)
Initial search space (Z):               1371  [actual number of targets]
Domain search space  (domZ):               0  [number of targets reported over threshold]
# CPU time: 0.01u 0.00s 00:00:00.01 Elapsed: 00:00:00.00
# Mc/sec: 23751.61
//
[ok]
