# hmmsearch :: search profile(s) against a sequence database
# HMMER 3.4 (Aug 2023); http://hmmer.org/
# Copyright (C) 2023 Howard Hughes Medical Institute.
# Freely distributed under the BSD open source license.
# - - - - - - - - - - - - - - - - - - - - - - - - - - - - - - - - - - - -
# query HMM file:                  ../HMMs/combined_nif_04012025.hmm
# target sequence database:        ../all_rep_proteins_aa/bacteria/GB_GCA_007116105.1_protein.faa
# - - - - - - - - - - - - - - - - - - - - - - - - - - - - - - - - - - - -

Query:       nifH-03292025  [M=327]
Scores for complete sequences (score includes all domains):
   --- full sequence ---   --- best 1 domain ---    -#dom-
    E-value  score  bias    E-value  score  bias    exp  N  Sequence         Description
    ------- ------ -----    ------- ------ -----   ---- --  --------         -----------
    3.1e-06   22.7   0.0      5e-06   22.0   0.0    1.3  1  SKJA01000038.1_2  # 612 # 1625 # 1 # ID=93_2;partial=00;start
    0.00083   14.7   0.1     0.0019   13.6   0.1    1.6  1  SKJA01000127.1_4  # 3548 # 4513 # 1 # ID=28_4;partial=00;star


Domain annotation for each sequence (and alignments):
>> SKJA01000038.1_2  # 612 # 1625 # 1 # ID=93_2;partial=00;start_type=ATG;rbs_motif=None;rbs_spacer=None;gc_cont=0.459
   #    score  bias  c-Evalue  i-Evalue hmmfrom  hmm to    alifrom  ali to    envfrom  env to     acc
 ---   ------ ----- --------- --------- ------- -------    ------- -------    ------- -------    ----
   1 !   22.0   0.0   8.3e-09     5e-06      16      46 ..     102     132 ..      87     156 .. 0.83

  Alignments for each domain:
  == domain 1  score: 22.0 bits;  conditional E-value: 8.3e-09
     nifH-03292025  16 GKGGiGKSttasnlsaalaeegkkvlivGCd 46 
                       GKGG+GKSt+a nl++al++ gk+  i+  d
  SKJA01000038.1_2 102 GKGGVGKSTVAVNLAVALTRLGKRTAIIDAD 132
                       9***********************9988776 PP

>> SKJA01000127.1_4  # 3548 # 4513 # 1 # ID=28_4;partial=00;start_type=ATG;rbs_motif=GGA/GAG/AGG;rbs_spacer=5-10bp;gc_co
   #    score  bias  c-Evalue  i-Evalue hmmfrom  hmm to    alifrom  ali to    envfrom  env to     acc
 ---   ------ ----- --------- --------- ------- -------    ------- -------    ------- -------    ----
   1 !   13.6   0.1   3.1e-06    0.0019      15      46 ..     123     154 ..     117     183 .. 0.92

  Alignments for each domain:
  == domain 1  score: 13.6 bits;  conditional E-value: 3.1e-06
     nifH-03292025  15 YGKGGiGKSttasnlsaalaeegkkvlivGCd 46 
                        G  G+GK tt  +++  l+++gkkv+ v  d
  SKJA01000127.1_4 123 VGVNGVGKTTTIGKVAKQLSDQGKKVMLVAGD 154
                       5788***********************99655 PP



Internal pipeline statistics summary:
-------------------------------------
Query model(s):                            1  (327 nodes)
Target sequences:                       1209  (339203 residues searched)
Passed MSV filter:                        69  (0.057072); expected 24.2 (0.02)
Passed bias filter:                       59  (0.0488007); expected 24.2 (0.02)
Passed Vit filter:                        14  (0.0115798); expected 1.2 (0.001)
Passed Fwd filter:                         2  (0.00165426); expected 0.0 (1e-05)
Initial search space (Z):               1209  [actual number of targets]
Domain search space  (domZ):               2  [number of targets reported over threshold]
# CPU time: 0.01u 0.00s 00:00:00.01 Elapsed: 00:00:00.01
# Mc/sec: 7196.94
//
Query:       nifD-03292025  [M=482]
Scores for complete sequences (score includes all domains):
   --- full sequence ---   --- best 1 domain ---    -#dom-
    E-value  score  bias    E-value  score  bias    exp  N  Sequence Description
    ------- ------ -----    ------- ------ -----   ---- --  -------- -----------

   [No hits detected that satisfy reporting thresholds]


Domain annotation for each sequence (and alignments):

   [No targets detected that satisfy reporting thresholds]


Internal pipeline statistics summary:
-------------------------------------
Query model(s):                            1  (482 nodes)
Target sequences:                       1209  (339203 residues searched)
Passed MSV filter:                        31  (0.025641); expected 24.2 (0.02)
Passed bias filter:                       24  (0.0198511); expected 24.2 (0.02)
Passed Vit filter:                         3  (0.00248139); expected 1.2 (0.001)
Passed Fwd filter:                         0  (0); expected 0.0 (1e-05)
Initial search space (Z):               1209  [actual number of targets]
Domain search space  (domZ):               0  [number of targets reported over threshold]
# CPU time: 0.00u 0.00s 00:00:00.00 Elapsed: 00:00:00.00
# Mc/sec: 20021.11
//
Query:       nifK-03292025  [M=490]
Scores for complete sequences (score includes all domains):
   --- full sequence ---   --- best 1 domain ---    -#dom-
    E-value  score  bias    E-value  score  bias    exp  N  Sequence Description
    ------- ------ -----    ------- ------ -----   ---- --  -------- -----------

   [No hits detected that satisfy reporting thresholds]


Domain annotation for each sequence (and alignments):

   [No targets detected that satisfy reporting thresholds]


Internal pipeline statistics summary:
-------------------------------------
Query model(s):                            1  (490 nodes)
Target sequences:                       1209  (339203 residues searched)
Passed MSV filter:                        21  (0.0173697); expected 24.2 (0.02)
Passed bias filter:                       18  (0.0148883); expected 24.2 (0.02)
Passed Vit filter:                         2  (0.00165426); expected 1.2 (0.001)
Passed Fwd filter:                         0  (0); expected 0.0 (1e-05)
Initial search space (Z):               1209  [actual number of targets]
Domain search space  (domZ):               0  [number of targets reported over threshold]
# CPU time: 0.01u 0.00s 00:00:00.01 Elapsed: 00:00:00.00
# Mc/sec: 17316.37
//
Query:       nifB-03292025  [M=505]
Scores for complete sequences (score includes all domains):
   --- full sequence ---   --- best 1 domain ---    -#dom-
    E-value  score  bias    E-value  score  bias    exp  N  Sequence          Description
    ------- ------ -----    ------- ------ -----   ---- --  --------          -----------
    0.00054   14.6   0.3    0.00062   14.4   0.3    1.2  1  SKJA01000073.1_11  # 7341 # 7610 # 1 # ID=13_11;partial=01;st


Domain annotation for each sequence (and alignments):
>> SKJA01000073.1_11  # 7341 # 7610 # 1 # ID=13_11;partial=01;start_type=ATG;rbs_motif=GGAGG;rbs_spacer=5-10bp;gc_cont=0
   #    score  bias  c-Evalue  i-Evalue hmmfrom  hmm to    alifrom  ali to    envfrom  env to     acc
 ---   ------ ----- --------- --------- ------- -------    ------- -------    ------- -------    ----
   1 !   14.4   0.3   5.1e-07   0.00062     375     465 ..       2      81 ..       1      90 [] 0.72

  Alignments for each domain:
  == domain 1  score: 14.4 bits;  conditional E-value: 5.1e-07
      nifB-03292025 375 lvAvaskggkrvnqHFGhakefliyevsekevklveerkvekyCkggegceeeedrleeilkalsdceavlcakiGeepkekLeeagieav 465
                        ++Av+ ++ + v +HF+h+k++++y+v e+++  v++ +++      ++ e+ e+ ++++l+a   +eav++  iG+   e++  +g++ +
  SKJA01000073.1_11   2 KIAVT-EERGFVATHFAHVKTLVVYDVFEEGM--VKRESID------HSFETYEAVFDRLLEA--KVEAVITGAIGHGSIEHIMGRGMTIY 81 
                        56775.556789***************99986..4444443......3333445677777774..78889999999888888888888765 PP



Internal pipeline statistics summary:
-------------------------------------
Query model(s):                            1  (505 nodes)
Target sequences:                       1209  (339203 residues searched)
Passed MSV filter:                        29  (0.0239868); expected 24.2 (0.02)
Passed bias filter:                       22  (0.0181969); expected 24.2 (0.02)
Passed Vit filter:                         6  (0.00496278); expected 1.2 (0.001)
Passed Fwd filter:                         1  (0.00082713); expected 0.0 (1e-05)
Initial search space (Z):               1209  [actual number of targets]
Domain search space  (domZ):               1  [number of targets reported over threshold]
# CPU time: 0.01u 0.00s 00:00:00.01 Elapsed: 00:00:00.01
# Mc/sec: 13791.33
//
Query:       nifE-03292025  [M=556]
Scores for complete sequences (score includes all domains):
   --- full sequence ---   --- best 1 domain ---    -#dom-
    E-value  score  bias    E-value  score  bias    exp  N  Sequence Description
    ------- ------ -----    ------- ------ -----   ---- --  -------- -----------

   [No hits detected that satisfy reporting thresholds]


Domain annotation for each sequence (and alignments):

   [No targets detected that satisfy reporting thresholds]


Internal pipeline statistics summary:
-------------------------------------
Query model(s):                            1  (556 nodes)
Target sequences:                       1209  (339203 residues searched)
Passed MSV filter:                        53  (0.0438379); expected 24.2 (0.02)
Passed bias filter:                       43  (0.0355666); expected 24.2 (0.02)
Passed Vit filter:                         6  (0.00496278); expected 1.2 (0.001)
Passed Fwd filter:                         0  (0); expected 0.0 (1e-05)
Initial search space (Z):               1209  [actual number of targets]
Domain search space  (domZ):               0  [number of targets reported over threshold]
# CPU time: 0.01u 0.00s 00:00:00.01 Elapsed: 00:00:00.01
# Mc/sec: 14709.78
//
Query:       nifN-03292025  [M=700]
Scores for complete sequences (score includes all domains):
   --- full sequence ---   --- best 1 domain ---    -#dom-
    E-value  score  bias    E-value  score  bias    exp  N  Sequence Description
    ------- ------ -----    ------- ------ -----   ---- --  -------- -----------

   [No hits detected that satisfy reporting thresholds]


Domain annotation for each sequence (and alignments):

   [No targets detected that satisfy reporting thresholds]


Internal pipeline statistics summary:
-------------------------------------
Query model(s):                            1  (700 nodes)
Target sequences:                       1209  (339203 residues searched)
Passed MSV filter:                        45  (0.0372208); expected 24.2 (0.02)
Passed bias filter:                       31  (0.025641); expected 24.2 (0.02)
Passed Vit filter:                         2  (0.00165426); expected 1.2 (0.001)
Passed Fwd filter:                         0  (0); expected 0.0 (1e-05)
Initial search space (Z):               1209  [actual number of targets]
Domain search space  (domZ):               0  [number of targets reported over threshold]
# CPU time: 0.02u 0.00s 00:00:00.02 Elapsed: 00:00:00.01
# Mc/sec: 20182.15
//
Query:       pchlide-04012025  [M=508]
Scores for complete sequences (score includes all domains):
   --- full sequence ---   --- best 1 domain ---    -#dom-
    E-value  score  bias    E-value  score  bias    exp  N  Sequence Description
    ------- ------ -----    ------- ------ -----   ---- --  -------- -----------

   [No hits detected that satisfy reporting thresholds]


Domain annotation for each sequence (and alignments):

   [No targets detected that satisfy reporting thresholds]


Internal pipeline statistics summary:
-------------------------------------
Query model(s):                            1  (508 nodes)
Target sequences:                       1209  (339203 residues searched)
Passed MSV filter:                        46  (0.038048); expected 24.2 (0.02)
Passed bias filter:                       32  (0.0264682); expected 24.2 (0.02)
Passed Vit filter:                         1  (0.00082713); expected 1.2 (0.001)
Passed Fwd filter:                         0  (0); expected 0.0 (1e-05)
Initial search space (Z):               1209  [actual number of targets]
Domain search space  (domZ):               0  [number of targets reported over threshold]
# CPU time: 0.01u 0.00s 00:00:00.01 Elapsed: 00:00:00.00
# Mc/sec: 19384.53
//
[ok]
# hmmsearch :: search profile(s) against a sequence database
# HMMER 3.4 (Aug 2023); http://hmmer.org/
# Copyright (C) 2023 Howard Hughes Medical Institute.
# Freely distributed under the BSD open source license.
# - - - - - - - - - - - - - - - - - - - - - - - - - - - - - - - - - - - -
# query HMM file:                  ../HMMs/nifV_07242025.hmm
# target sequence database:        ../all_rep_proteins_aa/bacteria/GB_GCA_007116105.1_protein.faa
# - - - - - - - - - - - - - - - - - - - - - - - - - - - - - - - - - - - -

Query:       nifV-07242025  [M=437]
Scores for complete sequences (score includes all domains):
   --- full sequence ---   --- best 1 domain ---    -#dom-
    E-value  score  bias    E-value  score  bias    exp  N  Sequence Description
    ------- ------ -----    ------- ------ -----   ---- --  -------- -----------

   [No hits detected that satisfy reporting thresholds]


Domain annotation for each sequence (and alignments):

   [No targets detected that satisfy reporting thresholds]


Internal pipeline statistics summary:
-------------------------------------
Query model(s):                            1  (437 nodes)
Target sequences:                       1209  (339203 residues searched)
Passed MSV filter:                        40  (0.0330852); expected 24.2 (0.02)
Passed bias filter:                       25  (0.0206782); expected 24.2 (0.02)
Passed Vit filter:                         1  (0.00082713); expected 1.2 (0.001)
Passed Fwd filter:                         0  (0); expected 0.0 (1e-05)
Initial search space (Z):               1209  [actual number of targets]
Domain search space  (domZ):               0  [number of targets reported over threshold]
# CPU time: 0.01u 0.00s 00:00:00.01 Elapsed: 00:00:00.00
# Mc/sec: 19362.49
//
[ok]
