# hmmsearch :: search profile(s) against a sequence database
# HMMER 3.4 (Aug 2023); http://hmmer.org/
# Copyright (C) 2023 Howard Hughes Medical Institute.
# Freely distributed under the BSD open source license.
# - - - - - - - - - - - - - - - - - - - - - - - - - - - - - - - - - - - -
# query HMM file:                  ../HMMs/combined_nif_04012025.hmm
# target sequence database:        ../all_rep_proteins_aa/bacteria/GB_GCA_022564195.1_protein.faa
# - - - - - - - - - - - - - - - - - - - - - - - - - - - - - - - - - - - -

Query:       nifH-03292025  [M=327]
Scores for complete sequences (score includes all domains):
   --- full sequence ---   --- best 1 domain ---    -#dom-
    E-value  score  bias    E-value  score  bias    exp  N  Sequence              Description
    ------- ------ -----    ------- ------ -----   ---- --  --------              -----------
     0.0023   13.2   0.0     0.0034   12.7   0.0    1.2  1  JADFLW010000001.1_100  # 77774 # 78778 # 1 # ID=10_100;partia
     0.0048   12.2   0.0      0.011   11.0   0.0    1.5  1  JADFLW010000012.1_23   # 22274 # 24439 # -1 # ID=3_23;partial


Domain annotation for each sequence (and alignments):
>> JADFLW010000001.1_100  # 77774 # 78778 # 1 # ID=10_100;partial=00;start_type=ATG;rbs_motif=None;rbs_spacer=None;gc_co
   #    score  bias  c-Evalue  i-Evalue hmmfrom  hmm to    alifrom  ali to    envfrom  env to     acc
 ---   ------ ----- --------- --------- ------- -------    ------- -------    ------- -------    ----
   1 !   12.7   0.0   5.6e-06    0.0034     131     156 ..     201     226 ..     196     262 .. 0.93

  Alignments for each domain:
  == domain 1  score: 12.7 bits;  conditional E-value: 5.6e-06
          nifH-03292025 131 vLGDVVCGGFamPiregkadevyivt 156
                            vL+DVV GG a  ir+   + vy+v 
  JADFLW010000001.1_100 201 VLADVVVGGLAEAIRKSRGKVVYVVN 226
                            9***********************95 PP

>> JADFLW010000012.1_23  # 22274 # 24439 # -1 # ID=3_23;partial=00;start_type=ATG;rbs_motif=None;rbs_spacer=None;gc_cont
   #    score  bias  c-Evalue  i-Evalue hmmfrom  hmm to    alifrom  ali to    envfrom  env to     acc
 ---   ------ ----- --------- --------- ------- -------    ------- -------    ------- -------    ----
   1 !   11.0   0.0   1.9e-05     0.011       7      61 ..     336     388 ..     330     408 .. 0.79

  Alignments for each domain:
  == domain 1  score: 11.0 bits;  conditional E-value: 1.9e-05
         nifH-03292025   7 kkmrkiAiYGKGGiGKSttasnlsaalaeegkkvlivGCdPKaDstrlllggkaq 61 
                           ++ r+i i GK G GKSt  +n + a  ++g+   ++  dP  D +++ll+    
  JADFLW010000012.1_23 336 DRRRHIYIIGKTGTGKSTLIANQAIADMRNGEGLAVI--DPHGDLSEILLDYIPS 388
                           4568999***************999988888887776..8888888888765544 PP



Internal pipeline statistics summary:
-------------------------------------
Query model(s):                            1  (327 nodes)
Target sequences:                       1190  (335233 residues searched)
Passed MSV filter:                        59  (0.0495798); expected 23.8 (0.02)
Passed bias filter:                       49  (0.0411765); expected 23.8 (0.02)
Passed Vit filter:                         6  (0.00504202); expected 1.2 (0.001)
Passed Fwd filter:                         2  (0.00168067); expected 0.0 (1e-05)
Initial search space (Z):               1190  [actual number of targets]
Domain search space  (domZ):               2  [number of targets reported over threshold]
# CPU time: 0.01u 0.00s 00:00:00.01 Elapsed: 00:00:00.01
# Mc/sec: 9742.85
//
Query:       nifD-03292025  [M=482]
Scores for complete sequences (score includes all domains):
   --- full sequence ---   --- best 1 domain ---    -#dom-
    E-value  score  bias    E-value  score  bias    exp  N  Sequence Description
    ------- ------ -----    ------- ------ -----   ---- --  -------- -----------

   [No hits detected that satisfy reporting thresholds]


Domain annotation for each sequence (and alignments):

   [No targets detected that satisfy reporting thresholds]


Internal pipeline statistics summary:
-------------------------------------
Query model(s):                            1  (482 nodes)
Target sequences:                       1190  (335233 residues searched)
Passed MSV filter:                        54  (0.0453782); expected 23.8 (0.02)
Passed bias filter:                       41  (0.0344538); expected 23.8 (0.02)
Passed Vit filter:                         2  (0.00168067); expected 1.2 (0.001)
Passed Fwd filter:                         0  (0); expected 0.0 (1e-05)
Initial search space (Z):               1190  [actual number of targets]
Domain search space  (domZ):               0  [number of targets reported over threshold]
# CPU time: 0.01u 0.00s 00:00:00.01 Elapsed: 00:00:00.00
# Mc/sec: 16879.80
//
Query:       nifK-03292025  [M=490]
Scores for complete sequences (score includes all domains):
   --- full sequence ---   --- best 1 domain ---    -#dom-
    E-value  score  bias    E-value  score  bias    exp  N  Sequence Description
    ------- ------ -----    ------- ------ -----   ---- --  -------- -----------

   [No hits detected that satisfy reporting thresholds]


Domain annotation for each sequence (and alignments):

   [No targets detected that satisfy reporting thresholds]


Internal pipeline statistics summary:
-------------------------------------
Query model(s):                            1  (490 nodes)
Target sequences:                       1190  (335233 residues searched)
Passed MSV filter:                        22  (0.0184874); expected 23.8 (0.02)
Passed bias filter:                       19  (0.0159664); expected 23.8 (0.02)
Passed Vit filter:                         2  (0.00168067); expected 1.2 (0.001)
Passed Fwd filter:                         0  (0); expected 0.0 (1e-05)
Initial search space (Z):               1190  [actual number of targets]
Domain search space  (domZ):               0  [number of targets reported over threshold]
# CPU time: 0.01u 0.00s 00:00:00.01 Elapsed: 00:00:00.00
# Mc/sec: 23535.94
//
Query:       nifB-03292025  [M=505]
Scores for complete sequences (score includes all domains):
   --- full sequence ---   --- best 1 domain ---    -#dom-
    E-value  score  bias    E-value  score  bias    exp  N  Sequence Description
    ------- ------ -----    ------- ------ -----   ---- --  -------- -----------

   [No hits detected that satisfy reporting thresholds]


Domain annotation for each sequence (and alignments):

   [No targets detected that satisfy reporting thresholds]


Internal pipeline statistics summary:
-------------------------------------
Query model(s):                            1  (505 nodes)
Target sequences:                       1190  (335233 residues searched)
Passed MSV filter:                        36  (0.0302521); expected 23.8 (0.02)
Passed bias filter:                       27  (0.0226891); expected 23.8 (0.02)
Passed Vit filter:                         3  (0.00252101); expected 1.2 (0.001)
Passed Fwd filter:                         0  (0); expected 0.0 (1e-05)
Initial search space (Z):               1190  [actual number of targets]
Domain search space  (domZ):               0  [number of targets reported over threshold]
# CPU time: 0.01u 0.00s 00:00:00.01 Elapsed: 00:00:00.00
# Mc/sec: 20665.90
//
Query:       nifE-03292025  [M=556]
Scores for complete sequences (score includes all domains):
   --- full sequence ---   --- best 1 domain ---    -#dom-
    E-value  score  bias    E-value  score  bias    exp  N  Sequence Description
    ------- ------ -----    ------- ------ -----   ---- --  -------- -----------

   [No hits detected that satisfy reporting thresholds]


Domain annotation for each sequence (and alignments):

   [No targets detected that satisfy reporting thresholds]


Internal pipeline statistics summary:
-------------------------------------
Query model(s):                            1  (556 nodes)
Target sequences:                       1190  (335233 residues searched)
Passed MSV filter:                        47  (0.0394958); expected 23.8 (0.02)
Passed bias filter:                       34  (0.0285714); expected 23.8 (0.02)
Passed Vit filter:                         6  (0.00504202); expected 1.2 (0.001)
Passed Fwd filter:                         0  (0); expected 0.0 (1e-05)
Initial search space (Z):               1190  [actual number of targets]
Domain search space  (domZ):               0  [number of targets reported over threshold]
# CPU time: 0.02u 0.00s 00:00:00.02 Elapsed: 00:00:00.01
# Mc/sec: 16515.87
//
Query:       nifN-03292025  [M=700]
Scores for complete sequences (score includes all domains):
   --- full sequence ---   --- best 1 domain ---    -#dom-
    E-value  score  bias    E-value  score  bias    exp  N  Sequence Description
    ------- ------ -----    ------- ------ -----   ---- --  -------- -----------

   [No hits detected that satisfy reporting thresholds]


Domain annotation for each sequence (and alignments):

   [No targets detected that satisfy reporting thresholds]


Internal pipeline statistics summary:
-------------------------------------
Query model(s):                            1  (700 nodes)
Target sequences:                       1190  (335233 residues searched)
Passed MSV filter:                        44  (0.0369748); expected 23.8 (0.02)
Passed bias filter:                       37  (0.0310924); expected 23.8 (0.02)
Passed Vit filter:                         4  (0.00336134); expected 1.2 (0.001)
Passed Fwd filter:                         0  (0); expected 0.0 (1e-05)
Initial search space (Z):               1190  [actual number of targets]
Domain search space  (domZ):               0  [number of targets reported over threshold]
# CPU time: 0.02u 0.00s 00:00:00.02 Elapsed: 00:00:00.01
# Mc/sec: 20999.09
//
Query:       pchlide-04012025  [M=508]
Scores for complete sequences (score includes all domains):
   --- full sequence ---   --- best 1 domain ---    -#dom-
    E-value  score  bias    E-value  score  bias    exp  N  Sequence Description
    ------- ------ -----    ------- ------ -----   ---- --  -------- -----------

   [No hits detected that satisfy reporting thresholds]


Domain annotation for each sequence (and alignments):

   [No targets detected that satisfy reporting thresholds]


Internal pipeline statistics summary:
-------------------------------------
Query model(s):                            1  (508 nodes)
Target sequences:                       1190  (335233 residues searched)
Passed MSV filter:                        35  (0.0294118); expected 23.8 (0.02)
Passed bias filter:                       28  (0.0235294); expected 23.8 (0.02)
Passed Vit filter:                         3  (0.00252101); expected 1.2 (0.001)
Passed Fwd filter:                         0  (0); expected 0.0 (1e-05)
Initial search space (Z):               1190  [actual number of targets]
Domain search space  (domZ):               0  [number of targets reported over threshold]
# CPU time: 0.01u 0.00s 00:00:00.01 Elapsed: 00:00:00.00
# Mc/sec: 22159.28
//
[ok]
# hmmsearch :: search profile(s) against a sequence database
# HMMER 3.4 (Aug 2023); http://hmmer.org/
# Copyright (C) 2023 Howard Hughes Medical Institute.
# Freely distributed under the BSD open source license.
# - - - - - - - - - - - - - - - - - - - - - - - - - - - - - - - - - - - -
# query HMM file:                  ../HMMs/nifV_07242025.hmm
# target sequence database:        ../all_rep_proteins_aa/bacteria/GB_GCA_022564195.1_protein.faa
# - - - - - - - - - - - - - - - - - - - - - - - - - - - - - - - - - - - -

Query:       nifV-07242025  [M=437]
Scores for complete sequences (score includes all domains):
   --- full sequence ---   --- best 1 domain ---    -#dom-
    E-value  score  bias    E-value  score  bias    exp  N  Sequence Description
    ------- ------ -----    ------- ------ -----   ---- --  -------- -----------

   [No hits detected that satisfy reporting thresholds]


Domain annotation for each sequence (and alignments):

   [No targets detected that satisfy reporting thresholds]


Internal pipeline statistics summary:
-------------------------------------
Query model(s):                            1  (437 nodes)
Target sequences:                       1190  (335233 residues searched)
Passed MSV filter:                        31  (0.0260504); expected 23.8 (0.02)
Passed bias filter:                       24  (0.0201681); expected 23.8 (0.02)
Passed Vit filter:                         0  (0); expected 1.2 (0.001)
Passed Fwd filter:                         0  (0); expected 0.0 (1e-05)
Initial search space (Z):               1190  [actual number of targets]
Domain search space  (domZ):               0  [number of targets reported over threshold]
# CPU time: 0.01u 0.00s 00:00:00.01 Elapsed: 00:00:00.00
# Mc/sec: 20972.94
//
[ok]
