# hmmsearch :: search profile(s) against a sequence database
# HMMER 3.4 (Aug 2023); http://hmmer.org/
# Copyright (C) 2023 Howard Hughes Medical Institute.
# Freely distributed under the BSD open source license.
# - - - - - - - - - - - - - - - - - - - - - - - - - - - - - - - - - - - -
# query HMM file:                  ../HMMs/combined_nif_04012025.hmm
# target sequence database:        ../all_rep_proteins_aa/bacteria/GB_GCA_017470045.1_protein.faa
# - - - - - - - - - - - - - - - - - - - - - - - - - - - - - - - - - - - -

Query:       nifH-03292025  [M=327]
Scores for complete sequences (score includes all domains):
   --- full sequence ---   --- best 1 domain ---    -#dom-
    E-value  score  bias    E-value  score  bias    exp  N  Sequence             Description
    ------- ------ -----    ------- ------ -----   ---- --  --------             -----------
    5.3e-11   39.1   0.2    1.5e-06   24.5   0.3    2.1  2  JAFUFG010000039.1_10  # 8195 # 8980 # 1 # ID=170_10;partial=0
    0.00073   15.6   0.0     0.0012   14.9   0.0    1.4  1  JAFUFG010000049.1_1   # 1 # 744 # 1 # ID=181_1;partial=10;sta
  ------ inclusion threshold ------
      0.014   11.4   0.0      0.023   10.7   0.0    1.3  1  JAFUFG010000042.1_3   # 972 # 2129 # 1 # ID=173_3;partial=01;


Domain annotation for each sequence (and alignments):
>> JAFUFG010000039.1_10  # 8195 # 8980 # 1 # ID=170_10;partial=00;start_type=ATG;rbs_motif=3Base/5BMM;rbs_spacer=13-15bp
   #    score  bias  c-Evalue  i-Evalue hmmfrom  hmm to    alifrom  ali to    envfrom  env to     acc
 ---   ------ ----- --------- --------- ------- -------    ------- -------    ------- -------    ----
   1 !   24.5   0.3   2.2e-09   1.5e-06      17      54 ..      11      48 ..       7      84 .. 0.84
   2 !   12.6   0.0   9.3e-06    0.0062     150     255 ..     148     258 ..     144     261 .. 0.83

  Alignments for each domain:
  == domain 1  score: 24.5 bits;  conditional E-value: 2.2e-09
         nifH-03292025 17 KGGiGKSttasnlsaalaeegkkvlivGCdPKaDstrl 54
                          KGG+GK tt+ nlsa la  gkk l +  dP   +t+ 
  JAFUFG010000039.1_10 11 KGGVGKTTTSINLSASLAVLGKKTLLIDLDPQGNTTTG 48
                          9*******************************999875 PP

  == domain 2  score: 12.6 bits;  conditional E-value: 9.3e-06
         nifH-03292025 150 devyivtsgemmalYaanniakgikkyaee..ggvrlgGlicNsrkvdke..eelveefaeklgtqiiaf.vprsnevqkaelekktvi 233
                           ++v+i + +e+ al     ++k+i   +++   +  + G++  + +++++   e+v+++ + ++ ++ ++ +pr  ++++a  +++ +i
  JAFUFG010000039.1_10 148 NSVIIPVQCEFFALEGITQLLKTIMLAQKNlnPTLDIEGVLLTMLDSRTNlgFEVVDDIRKFFKEKVYNTiIPRLVKLTEAPSHGEPII 236
                           5788888899999999999999999888883345567899888877666522699999999999999875279**************** PP

         nifH-03292025 234 eaapdseqakeyreLakkilen 255
                            ++p+s+  ++y +Lak++++ 
  JAFUFG010000039.1_10 237 VYDPKSRGSEAYLNLAKEVISR 258
                           ******************9875 PP

>> JAFUFG010000049.1_1  # 1 # 744 # 1 # ID=181_1;partial=10;start_type=Edge;rbs_motif=None;rbs_spacer=None;gc_cont=0.316
   #    score  bias  c-Evalue  i-Evalue hmmfrom  hmm to    alifrom  ali to    envfrom  env to     acc
 ---   ------ ----- --------- --------- ------- -------    ------- -------    ------- -------    ----
   1 !   14.9   0.0   1.8e-06    0.0012      14      46 ..      48      80 ..      36     115 .. 0.92

  Alignments for each domain:
  == domain 1  score: 14.9 bits;  conditional E-value: 1.8e-06
        nifH-03292025 14 iYGKGGiGKSttasnlsaalaeegkkvlivGCd 46
                         + G  G+GK tt  +l+  + +egkkvl vG d
  JAFUFG010000049.1_1 48 FVGVNGVGKTTTIGKLANKFKDEGKKVLLVGAD 80
                         67889**************************98 PP

>> JAFUFG010000042.1_3  # 972 # 2129 # 1 # ID=173_3;partial=01;start_type=ATG;rbs_motif=GGAG/GAGG;rbs_spacer=5-10bp;gc_c
   #    score  bias  c-Evalue  i-Evalue hmmfrom  hmm to    alifrom  ali to    envfrom  env to     acc
 ---   ------ ----- --------- --------- ------- -------    ------- -------    ------- -------    ----
   1 ?   10.7   0.0   3.4e-05     0.023       5      60 ..      35      89 ..      31     114 .. 0.70

  Alignments for each domain:
  == domain 1  score: 10.7 bits;  conditional E-value: 3.4e-05
        nifH-03292025  5 makkmrkiAiYGKGGiGKSttasnlsaalaeegkkvlivGCdPKaDstrlllggka 60
                         ++kk+  + +YGK GiGK ++a+ l+  l  + ++ l    + K+D   ++ ++k+
  JAFUFG010000042.1_3 35 KNKKIFSMILYGKPGIGKTSIANALVKDLDVR-YRFLNATINNKKDLEIVIEEAKM 89
                         5567788899************9999888653.56666666666666555555555 PP



Internal pipeline statistics summary:
-------------------------------------
Query model(s):                            1  (327 nodes)
Target sequences:                       2001  (536913 residues searched)
Passed MSV filter:                       155  (0.0774613); expected 40.0 (0.02)
Passed bias filter:                       86  (0.0429785); expected 40.0 (0.02)
Passed Vit filter:                        16  (0.007996); expected 2.0 (0.001)
Passed Fwd filter:                         3  (0.00149925); expected 0.0 (1e-05)
Initial search space (Z):               2001  [actual number of targets]
Domain search space  (domZ):               3  [number of targets reported over threshold]
# CPU time: 0.02u 0.00s 00:00:00.02 Elapsed: 00:00:00.01
# Mc/sec: 9371.28
//
Query:       nifD-03292025  [M=482]
Scores for complete sequences (score includes all domains):
   --- full sequence ---   --- best 1 domain ---    -#dom-
    E-value  score  bias    E-value  score  bias    exp  N  Sequence Description
    ------- ------ -----    ------- ------ -----   ---- --  -------- -----------

   [No hits detected that satisfy reporting thresholds]


Domain annotation for each sequence (and alignments):

   [No targets detected that satisfy reporting thresholds]


Internal pipeline statistics summary:
-------------------------------------
Query model(s):                            1  (482 nodes)
Target sequences:                       2001  (536913 residues searched)
Passed MSV filter:                       168  (0.083958); expected 40.0 (0.02)
Passed bias filter:                       35  (0.0174913); expected 40.0 (0.02)
Passed Vit filter:                         0  (0); expected 2.0 (0.001)
Passed Fwd filter:                         0  (0); expected 0.0 (1e-05)
Initial search space (Z):               2001  [actual number of targets]
Domain search space  (domZ):               0  [number of targets reported over threshold]
# CPU time: 0.01u 0.00s 00:00:00.01 Elapsed: 00:00:00.01
# Mc/sec: 21297.35
//
Query:       nifK-03292025  [M=490]
Scores for complete sequences (score includes all domains):
   --- full sequence ---   --- best 1 domain ---    -#dom-
    E-value  score  bias    E-value  score  bias    exp  N  Sequence Description
    ------- ------ -----    ------- ------ -----   ---- --  -------- -----------

   [No hits detected that satisfy reporting thresholds]


Domain annotation for each sequence (and alignments):

   [No targets detected that satisfy reporting thresholds]


Internal pipeline statistics summary:
-------------------------------------
Query model(s):                            1  (490 nodes)
Target sequences:                       2001  (536913 residues searched)
Passed MSV filter:                        68  (0.033983); expected 40.0 (0.02)
Passed bias filter:                       29  (0.0144928); expected 40.0 (0.02)
Passed Vit filter:                         2  (0.0009995); expected 2.0 (0.001)
Passed Fwd filter:                         0  (0); expected 0.0 (1e-05)
Initial search space (Z):               2001  [actual number of targets]
Domain search space  (domZ):               0  [number of targets reported over threshold]
# CPU time: 0.01u 0.00s 00:00:00.01 Elapsed: 00:00:00.00
# Mc/sec: 26414.49
//
Query:       nifB-03292025  [M=505]
Scores for complete sequences (score includes all domains):
   --- full sequence ---   --- best 1 domain ---    -#dom-
    E-value  score  bias    E-value  score  bias    exp  N  Sequence            Description
    ------- ------ -----    ------- ------ -----   ---- --  --------            -----------
  ------ inclusion threshold ------
       0.01   11.1   1.7       0.38    5.9   0.2    2.2  2  JAFUFG010000170.1_7  # 5745 # 6599 # 1 # ID=65_7;partial=00;s


Domain annotation for each sequence (and alignments):
>> JAFUFG010000170.1_7  # 5745 # 6599 # 1 # ID=65_7;partial=00;start_type=ATG;rbs_motif=AGxAGG/AGGxGG;rbs_spacer=5-10bp;
   #    score  bias  c-Evalue  i-Evalue hmmfrom  hmm to    alifrom  ali to    envfrom  env to     acc
 ---   ------ ----- --------- --------- ------- -------    ------- -------    ------- -------    ----
   1 ?    5.9   0.2   0.00019      0.38      75      95 ..      11      31 ..       5      38 .. 0.84
   2 ?    4.4   0.1   0.00057       1.1     143     196 ..      67     117 ..      64     134 .. 0.79

  Alignments for each domain:
  == domain 1  score: 5.9 bits;  conditional E-value: 0.00019
        nifB-03292025 75 kfaRmHvavApaCNiqCnyCn 95
                         k+ ++ v +   CN++C +C+
  JAFUFG010000170.1_7 11 KLKKIYVEITNHCNLNCSFCS 31
                         567899**************5 PP

  == domain 2  score: 4.4 bits;  conditional E-value: 0.00057
        nifB-03292025 143 alanpektfetlelvkeeapdlklClstNGLaLpeyvdelaelnvdhvtvTiNa 196
                          +l  p+  +e le+v++   +lk+ l+tNG  L e  d l++  ++++ + + +
  JAFUFG010000170.1_7  67 PLLHPD-LKELLEVVEK--NNLKVNLTTNGTLLKERKDILKDSVINKINISLHS 117
                          555555.5667777765..589999**********************9998765 PP



Internal pipeline statistics summary:
-------------------------------------
Query model(s):                            1  (505 nodes)
Target sequences:                       2001  (536913 residues searched)
Passed MSV filter:                        83  (0.0414793); expected 40.0 (0.02)
Passed bias filter:                       49  (0.0244878); expected 40.0 (0.02)
Passed Vit filter:                         6  (0.0029985); expected 2.0 (0.001)
Passed Fwd filter:                         1  (0.00049975); expected 0.0 (1e-05)
Initial search space (Z):               2001  [actual number of targets]
Domain search space  (domZ):               1  [number of targets reported over threshold]
# CPU time: 0.02u 0.00s 00:00:00.02 Elapsed: 00:00:00.01
# Mc/sec: 18670.62
//
Query:       nifE-03292025  [M=556]
Scores for complete sequences (score includes all domains):
   --- full sequence ---   --- best 1 domain ---    -#dom-
    E-value  score  bias    E-value  score  bias    exp  N  Sequence Description
    ------- ------ -----    ------- ------ -----   ---- --  -------- -----------

   [No hits detected that satisfy reporting thresholds]


Domain annotation for each sequence (and alignments):

   [No targets detected that satisfy reporting thresholds]


Internal pipeline statistics summary:
-------------------------------------
Query model(s):                            1  (556 nodes)
Target sequences:                       2001  (536913 residues searched)
Passed MSV filter:                       101  (0.0504748); expected 40.0 (0.02)
Passed bias filter:                       53  (0.0264868); expected 40.0 (0.02)
Passed Vit filter:                         5  (0.00249875); expected 2.0 (0.001)
Passed Fwd filter:                         0  (0); expected 0.0 (1e-05)
Initial search space (Z):               2001  [actual number of targets]
Domain search space  (domZ):               0  [number of targets reported over threshold]
# CPU time: 0.02u 0.00s 00:00:00.02 Elapsed: 00:00:00.01
# Mc/sec: 15343.45
//
Query:       nifN-03292025  [M=700]
Scores for complete sequences (score includes all domains):
   --- full sequence ---   --- best 1 domain ---    -#dom-
    E-value  score  bias    E-value  score  bias    exp  N  Sequence Description
    ------- ------ -----    ------- ------ -----   ---- --  -------- -----------

   [No hits detected that satisfy reporting thresholds]


Domain annotation for each sequence (and alignments):

   [No targets detected that satisfy reporting thresholds]


Internal pipeline statistics summary:
-------------------------------------
Query model(s):                            1  (700 nodes)
Target sequences:                       2001  (536913 residues searched)
Passed MSV filter:                        95  (0.0474763); expected 40.0 (0.02)
Passed bias filter:                       54  (0.0269865); expected 40.0 (0.02)
Passed Vit filter:                         4  (0.001999); expected 2.0 (0.001)
Passed Fwd filter:                         0  (0); expected 0.0 (1e-05)
Initial search space (Z):               2001  [actual number of targets]
Domain search space  (domZ):               0  [number of targets reported over threshold]
# CPU time: 0.03u 0.00s 00:00:00.03 Elapsed: 00:00:00.02
# Mc/sec: 15795.74
//
Query:       pchlide-04012025  [M=508]
Scores for complete sequences (score includes all domains):
   --- full sequence ---   --- best 1 domain ---    -#dom-
    E-value  score  bias    E-value  score  bias    exp  N  Sequence Description
    ------- ------ -----    ------- ------ -----   ---- --  -------- -----------

   [No hits detected that satisfy reporting thresholds]


Domain annotation for each sequence (and alignments):

   [No targets detected that satisfy reporting thresholds]


Internal pipeline statistics summary:
-------------------------------------
Query model(s):                            1  (508 nodes)
Target sequences:                       2001  (536913 residues searched)
Passed MSV filter:                        73  (0.0364818); expected 40.0 (0.02)
Passed bias filter:                       54  (0.0269865); expected 40.0 (0.02)
Passed Vit filter:                         4  (0.001999); expected 2.0 (0.001)
Passed Fwd filter:                         0  (0); expected 0.0 (1e-05)
Initial search space (Z):               2001  [actual number of targets]
Domain search space  (domZ):               0  [number of targets reported over threshold]
# CPU time: 0.02u 0.00s 00:00:00.02 Elapsed: 00:00:00.01
# Mc/sec: 21431.55
//
[ok]
# hmmsearch :: search profile(s) against a sequence database
# HMMER 3.4 (Aug 2023); http://hmmer.org/
# Copyright (C) 2023 Howard Hughes Medical Institute.
# Freely distributed under the BSD open source license.
# - - - - - - - - - - - - - - - - - - - - - - - - - - - - - - - - - - - -
# query HMM file:                  ../HMMs/nifV_07242025.hmm
# target sequence database:        ../all_rep_proteins_aa/bacteria/GB_GCA_017470045.1_protein.faa
# - - - - - - - - - - - - - - - - - - - - - - - - - - - - - - - - - - - -

Query:       nifV-07242025  [M=437]
Scores for complete sequences (score includes all domains):
   --- full sequence ---   --- best 1 domain ---    -#dom-
    E-value  score  bias    E-value  score  bias    exp  N  Sequence Description
    ------- ------ -----    ------- ------ -----   ---- --  -------- -----------

   [No hits detected that satisfy reporting thresholds]


Domain annotation for each sequence (and alignments):

   [No targets detected that satisfy reporting thresholds]


Internal pipeline statistics summary:
-------------------------------------
Query model(s):                            1  (437 nodes)
Target sequences:                       2001  (536913 residues searched)
Passed MSV filter:                        46  (0.0229885); expected 40.0 (0.02)
Passed bias filter:                       31  (0.0154923); expected 40.0 (0.02)
Passed Vit filter:                         3  (0.00149925); expected 2.0 (0.001)
Passed Fwd filter:                         0  (0); expected 0.0 (1e-05)
Initial search space (Z):               2001  [actual number of targets]
Domain search space  (domZ):               0  [number of targets reported over threshold]
# CPU time: 0.01u 0.00s 00:00:00.01 Elapsed: 00:00:00.00
# Mc/sec: 25945.70
//
[ok]
