# hmmsearch :: search profile(s) against a sequence database
# HMMER 3.4 (Aug 2023); http://hmmer.org/
# Copyright (C) 2023 Howard Hughes Medical Institute.
# Freely distributed under the BSD open source license.
# - - - - - - - - - - - - - - - - - - - - - - - - - - - - - - - - - - - -
# query HMM file:                  ../HMMs/combined_nif_04012025.hmm
# target sequence database:        ../all_rep_proteins_aa/bacteria/GB_GCA_902797265.1_protein.faa
# - - - - - - - - - - - - - - - - - - - - - - - - - - - - - - - - - - - -

Query:       nifH-03292025  [M=327]
Scores for complete sequences (score includes all domains):
   --- full sequence ---   --- best 1 domain ---    -#dom-
    E-value  score  bias    E-value  score  bias    exp  N  Sequence             Description
    ------- ------ -----    ------- ------ -----   ---- --  --------             -----------
    3.7e-13   45.7   0.3      5e-08   28.8   0.3    2.1  2  CADBSF010000064.1_43  # 36783 # 37571 # -1 # ID=64_43;partial
    0.00042   15.9   0.1    0.00042   15.9   0.1    2.0  2  CADBSF010000065.1_1   # 2 # 1120 # 1 # ID=65_1;partial=10;sta
     0.0018   13.8   0.0      0.015   10.8   0.0    2.1  2  CADBSF010000077.1_10  # 8322 # 9038 # -1 # ID=77_10;partial=0


Domain annotation for each sequence (and alignments):
>> CADBSF010000064.1_43  # 36783 # 37571 # -1 # ID=64_43;partial=00;start_type=ATG;rbs_motif=3Base/5BMM;rbs_spacer=13-15
   #    score  bias  c-Evalue  i-Evalue hmmfrom  hmm to    alifrom  ali to    envfrom  env to     acc
 ---   ------ ----- --------- --------- ------- -------    ------- -------    ------- -------    ----
   1 !   28.8   0.3   1.1e-10     5e-08      17      87 ..      11      81 ..       6      87 .. 0.77
   2 !   14.9   0.0   1.9e-06   0.00087     150     256 ..     148     259 ..     144     262 .. 0.85

  Alignments for each domain:
  == domain 1  score: 28.8 bits;  conditional E-value: 1.1e-10
         nifH-03292025 17 KGGiGKSttasnlsaalaeegkkvlivGCdPKaDstrl..llggkaqktvldllrekgedleledvvkeGfkg 87
                          KGG+GK tt+ nlsa la  gkkvl +  dP   +t+   + +g+ ++++ d+l  +     +e ++k+ +k+
  CADBSF010000064.1_43 11 KGGVGKTTTSINLSASLAVLGKKVLLIDLDPQGNTTTGvgINKGEIERSIYDVLIGEC--SITESMIKTKYKD 81
                          9*******************************99997522567777778888776443..2335556655555 PP

  == domain 2  score: 14.9 bits;  conditional E-value: 1.9e-06
         nifH-03292025 150 devyivtsgemmalYaanniakgikkyaee..ggvrlgGlicNsrkvdke..eelveefaeklgtqiiaf.vprsnevqkaelekktvi 233
                           ++v+i + +e+ al     ++k+i   +++   +  + G++  + +++++   e+v+++ + ++ ++ ++ +pr   +++a  +++ +i
  CADBSF010000064.1_43 148 NSVIIPVQCEFFALEGITQLLKTIMMAQKTlnPTLDIEGVLLTMLDSRTNlgFEVVDDIRKFFKEKVYNTiIPRLVRLTEAPSHGEPII 236
                           6788889999999999********9999984344567899988877666522699*********999875279**************** PP

         nifH-03292025 234 eaapdseqakeyreLakkilenk 256
                            ++p+s+  ++y +Lak+++e +
  CADBSF010000064.1_43 237 AYDPKSRGSEAYLNLAKEVIERN 259
                           ******************99865 PP

>> CADBSF010000065.1_1  # 2 # 1120 # 1 # ID=65_1;partial=10;start_type=Edge;rbs_motif=None;rbs_spacer=None;gc_cont=0.302
   #    score  bias  c-Evalue  i-Evalue hmmfrom  hmm to    alifrom  ali to    envfrom  env to     acc
 ---   ------ ----- --------- --------- ------- -------    ------- -------    ------- -------    ----
   1 ?   -2.7   0.9       0.4   1.9e+02     292     292 ..      44      44 ..       5     100 .. 0.45
   2 !   15.9   0.1     9e-07   0.00042      12      46 ..     172     206 ..     161     214 .. 0.90

  Alignments for each domain:
  == domain 1  score: -2.7 bits;  conditional E-value: 0.4
        nifH-03292025 292 a 292
                          +
  CADBSF010000065.1_1  44 K 44 
                          1 PP

  == domain 2  score: 15.9 bits;  conditional E-value: 9e-07
        nifH-03292025  12 iAiYGKGGiGKSttasnlsaalaeegkkvlivGCd 46 
                          i + G  G+GK tt  +++  l +egkkvl vG d
  CADBSF010000065.1_1 172 ILFIGVNGVGKTTTIGKIAHKLKDEGKKVLLVGAD 206
                          6788999**************************98 PP

>> CADBSF010000077.1_10  # 8322 # 9038 # -1 # ID=77_10;partial=00;start_type=ATG;rbs_motif=AGGAGG;rbs_spacer=5-10bp;gc_c
   #    score  bias  c-Evalue  i-Evalue hmmfrom  hmm to    alifrom  ali to    envfrom  env to     acc
 ---   ------ ----- --------- --------- ------- -------    ------- -------    ------- -------    ----
   1 !   10.8   0.0   3.3e-05     0.015      18      46 ..      48      76 ..      36      91 .. 0.91
   2 ?    0.5   0.0     0.043        20     172     196 ..     195     219 ..     188     230 .. 0.85

  Alignments for each domain:
  == domain 1  score: 10.8 bits;  conditional E-value: 3.3e-05
         nifH-03292025 18 GGiGKSttasnlsaalaeegkkvlivGCd 46
                          +G GKS +++nl+ a a+e+kkvl +  d
  CADBSF010000077.1_10 48 AGDGKSFVTANLAIAYAQEDKKVLLIDAD 76
                          578*********************98665 PP

  == domain 2  score: 0.5 bits;  conditional E-value: 0.043
         nifH-03292025 172 gikkyaeeggvrlgGlicNsrkvdk 196
                            +kk+ ++++ ++ G+i N+ +v+ 
  CADBSF010000077.1_10 195 RVKKLFDQNNLKISGVIFNKAQVSG 219
                           588999999***********99876 PP



Internal pipeline statistics summary:
-------------------------------------
Query model(s):                            1  (327 nodes)
Target sequences:                       1402  (421365 residues searched)
Passed MSV filter:                       134  (0.0955777); expected 28.0 (0.02)
Passed bias filter:                       63  (0.0449358); expected 28.0 (0.02)
Passed Vit filter:                        13  (0.00927247); expected 1.4 (0.001)
Passed Fwd filter:                         3  (0.0021398); expected 0.0 (1e-05)
Initial search space (Z):               1402  [actual number of targets]
Domain search space  (domZ):               3  [number of targets reported over threshold]
# CPU time: 0.02u 0.00s 00:00:00.02 Elapsed: 00:00:00.01
# Mc/sec: 7685.52
//
Query:       nifD-03292025  [M=482]
Scores for complete sequences (score includes all domains):
   --- full sequence ---   --- best 1 domain ---    -#dom-
    E-value  score  bias    E-value  score  bias    exp  N  Sequence Description
    ------- ------ -----    ------- ------ -----   ---- --  -------- -----------

   [No hits detected that satisfy reporting thresholds]


Domain annotation for each sequence (and alignments):

   [No targets detected that satisfy reporting thresholds]


Internal pipeline statistics summary:
-------------------------------------
Query model(s):                            1  (482 nodes)
Target sequences:                       1402  (421365 residues searched)
Passed MSV filter:                       114  (0.0813124); expected 28.0 (0.02)
Passed bias filter:                       23  (0.0164051); expected 28.0 (0.02)
Passed Vit filter:                         0  (0); expected 1.4 (0.001)
Passed Fwd filter:                         0  (0); expected 0.0 (1e-05)
Initial search space (Z):               1402  [actual number of targets]
Domain search space  (domZ):               0  [number of targets reported over threshold]
# CPU time: 0.01u 0.00s 00:00:00.01 Elapsed: 00:00:00.01
# Mc/sec: 19124.52
//
Query:       nifK-03292025  [M=490]
Scores for complete sequences (score includes all domains):
   --- full sequence ---   --- best 1 domain ---    -#dom-
    E-value  score  bias    E-value  score  bias    exp  N  Sequence Description
    ------- ------ -----    ------- ------ -----   ---- --  -------- -----------

   [No hits detected that satisfy reporting thresholds]


Domain annotation for each sequence (and alignments):

   [No targets detected that satisfy reporting thresholds]


Internal pipeline statistics summary:
-------------------------------------
Query model(s):                            1  (490 nodes)
Target sequences:                       1402  (421365 residues searched)
Passed MSV filter:                        66  (0.0470756); expected 28.0 (0.02)
Passed bias filter:                       25  (0.0178317); expected 28.0 (0.02)
Passed Vit filter:                         2  (0.00142653); expected 1.4 (0.001)
Passed Fwd filter:                         0  (0); expected 0.0 (1e-05)
Initial search space (Z):               1402  [actual number of targets]
Domain search space  (domZ):               0  [number of targets reported over threshold]
# CPU time: 0.01u 0.00s 00:00:00.01 Elapsed: 00:00:00.01
# Mc/sec: 18474.31
//
Query:       nifB-03292025  [M=505]
Scores for complete sequences (score includes all domains):
   --- full sequence ---   --- best 1 domain ---    -#dom-
    E-value  score  bias    E-value  score  bias    exp  N  Sequence             Description
    ------- ------ -----    ------- ------ -----   ---- --  --------             -----------
     0.0023   12.8   2.7      0.016    9.9   2.4    2.2  1  CADBSF010000083.1_10  # 7415 # 8245 # 1 # ID=83_10;partial=00


Domain annotation for each sequence (and alignments):
>> CADBSF010000083.1_10  # 7415 # 8245 # 1 # ID=83_10;partial=00;start_type=ATG;rbs_motif=AGGA;rbs_spacer=5-10bp;gc_cont
   #    score  bias  c-Evalue  i-Evalue hmmfrom  hmm to    alifrom  ali to    envfrom  env to     acc
 ---   ------ ----- --------- --------- ------- -------    ------- -------    ------- -------    ----
   1 !    9.9   2.4   1.2e-05     0.016      74      97 ..       2      25 ..       1     148 [. 0.69

  Alignments for each domain:
  == domain 1  score: 9.9 bits;  conditional E-value: 1.2e-05
         nifB-03292025 74 hkfaRmHvavApaCNiqCnyCnRk 97
                          +k+ ++ + +  +CN+qC +C+++
  CADBSF010000083.1_10  2 KKYKKIYIEITNQCNLQCSFCSKN 25
                          57999****************864 PP



Internal pipeline statistics summary:
-------------------------------------
Query model(s):                            1  (505 nodes)
Target sequences:                       1402  (421365 residues searched)
Passed MSV filter:                        69  (0.0492154); expected 28.0 (0.02)
Passed bias filter:                       36  (0.0256776); expected 28.0 (0.02)
Passed Vit filter:                         4  (0.00285307); expected 1.4 (0.001)
Passed Fwd filter:                         1  (0.000713267); expected 0.0 (1e-05)
Initial search space (Z):               1402  [actual number of targets]
Domain search space  (domZ):               1  [number of targets reported over threshold]
# CPU time: 0.02u 0.00s 00:00:00.02 Elapsed: 00:00:00.01
# Mc/sec: 13373.12
//
Query:       nifE-03292025  [M=556]
Scores for complete sequences (score includes all domains):
   --- full sequence ---   --- best 1 domain ---    -#dom-
    E-value  score  bias    E-value  score  bias    exp  N  Sequence Description
    ------- ------ -----    ------- ------ -----   ---- --  -------- -----------

   [No hits detected that satisfy reporting thresholds]


Domain annotation for each sequence (and alignments):

   [No targets detected that satisfy reporting thresholds]


Internal pipeline statistics summary:
-------------------------------------
Query model(s):                            1  (556 nodes)
Target sequences:                       1402  (421365 residues searched)
Passed MSV filter:                        82  (0.0584879); expected 28.0 (0.02)
Passed bias filter:                       30  (0.021398); expected 28.0 (0.02)
Passed Vit filter:                         1  (0.000713267); expected 1.4 (0.001)
Passed Fwd filter:                         0  (0); expected 0.0 (1e-05)
Initial search space (Z):               1402  [actual number of targets]
Domain search space  (domZ):               0  [number of targets reported over threshold]
# CPU time: 0.01u 0.00s 00:00:00.01 Elapsed: 00:00:00.01
# Mc/sec: 18069.86
//
Query:       nifN-03292025  [M=700]
Scores for complete sequences (score includes all domains):
   --- full sequence ---   --- best 1 domain ---    -#dom-
    E-value  score  bias    E-value  score  bias    exp  N  Sequence Description
    ------- ------ -----    ------- ------ -----   ---- --  -------- -----------

   [No hits detected that satisfy reporting thresholds]


Domain annotation for each sequence (and alignments):

   [No targets detected that satisfy reporting thresholds]


Internal pipeline statistics summary:
-------------------------------------
Query model(s):                            1  (700 nodes)
Target sequences:                       1402  (421365 residues searched)
Passed MSV filter:                        82  (0.0584879); expected 28.0 (0.02)
Passed bias filter:                       50  (0.0356633); expected 28.0 (0.02)
Passed Vit filter:                         3  (0.0021398); expected 1.4 (0.001)
Passed Fwd filter:                         0  (0); expected 0.0 (1e-05)
Initial search space (Z):               1402  [actual number of targets]
Domain search space  (domZ):               0  [number of targets reported over threshold]
# CPU time: 0.02u 0.00s 00:00:00.02 Elapsed: 00:00:00.01
# Mc/sec: 18387.25
//
Query:       pchlide-04012025  [M=508]
Scores for complete sequences (score includes all domains):
   --- full sequence ---   --- best 1 domain ---    -#dom-
    E-value  score  bias    E-value  score  bias    exp  N  Sequence Description
    ------- ------ -----    ------- ------ -----   ---- --  -------- -----------

   [No hits detected that satisfy reporting thresholds]


Domain annotation for each sequence (and alignments):

   [No targets detected that satisfy reporting thresholds]


Internal pipeline statistics summary:
-------------------------------------
Query model(s):                            1  (508 nodes)
Target sequences:                       1402  (421365 residues searched)
Passed MSV filter:                        56  (0.0399429); expected 28.0 (0.02)
Passed bias filter:                       40  (0.0285307); expected 28.0 (0.02)
Passed Vit filter:                         1  (0.000713267); expected 1.4 (0.001)
Passed Fwd filter:                         0  (0); expected 0.0 (1e-05)
Initial search space (Z):               1402  [actual number of targets]
Domain search space  (domZ):               0  [number of targets reported over threshold]
# CPU time: 0.01u 0.00s 00:00:00.01 Elapsed: 00:00:00.01
# Mc/sec: 20106.26
//
[ok]
# hmmsearch :: search profile(s) against a sequence database
# HMMER 3.4 (Aug 2023); http://hmmer.org/
# Copyright (C) 2023 Howard Hughes Medical Institute.
# Freely distributed under the BSD open source license.
# - - - - - - - - - - - - - - - - - - - - - - - - - - - - - - - - - - - -
# query HMM file:                  ../HMMs/nifV_07242025.hmm
# target sequence database:        ../all_rep_proteins_aa/bacteria/GB_GCA_902797265.1_protein.faa
# - - - - - - - - - - - - - - - - - - - - - - - - - - - - - - - - - - - -

Query:       nifV-07242025  [M=437]
Scores for complete sequences (score includes all domains):
   --- full sequence ---   --- best 1 domain ---    -#dom-
    E-value  score  bias    E-value  score  bias    exp  N  Sequence Description
    ------- ------ -----    ------- ------ -----   ---- --  -------- -----------

   [No hits detected that satisfy reporting thresholds]


Domain annotation for each sequence (and alignments):

   [No targets detected that satisfy reporting thresholds]


Internal pipeline statistics summary:
-------------------------------------
Query model(s):                            1  (437 nodes)
Target sequences:                       1402  (421365 residues searched)
Passed MSV filter:                        42  (0.0299572); expected 28.0 (0.02)
Passed bias filter:                       37  (0.0263909); expected 28.0 (0.02)
Passed Vit filter:                         0  (0); expected 1.4 (0.001)
Passed Fwd filter:                         0  (0); expected 0.0 (1e-05)
Initial search space (Z):               1402  [actual number of targets]
Domain search space  (domZ):               0  [number of targets reported over threshold]
# CPU time: 0.01u 0.00s 00:00:00.01 Elapsed: 00:00:00.00
# Mc/sec: 22475.42
//
[ok]
