# hmmsearch :: search profile(s) against a sequence database
# HMMER 3.4 (Aug 2023); http://hmmer.org/
# Copyright (C) 2023 Howard Hughes Medical Institute.
# Freely distributed under the BSD open source license.
# - - - - - - - - - - - - - - - - - - - - - - - - - - - - - - - - - - - -
# query HMM file:                  ../HMMs/combined_nif_04012025.hmm
# target sequence database:        ../all_rep_proteins_aa/bacteria/GB_GCA_949296605.1_protein.faa
# - - - - - - - - - - - - - - - - - - - - - - - - - - - - - - - - - - - -

Query:       nifH-03292025  [M=327]
Scores for complete sequences (score includes all domains):
   --- full sequence ---   --- best 1 domain ---    -#dom-
    E-value  score  bias    E-value  score  bias    exp  N  Sequence             Description
    ------- ------ -----    ------- ------ -----   ---- --  --------             -----------
      8e-15   50.9   1.2    6.4e-09   31.5   0.6    2.1  2  CASFPB010000013.1_12  # 7688 # 8473 # -1 # ID=13_12;partial=0


Domain annotation for each sequence (and alignments):
>> CASFPB010000013.1_12  # 7688 # 8473 # -1 # ID=13_12;partial=00;start_type=ATG;rbs_motif=GGAG/GAGG;rbs_spacer=5-10bp;g
   #    score  bias  c-Evalue  i-Evalue hmmfrom  hmm to    alifrom  ali to    envfrom  env to     acc
 ---   ------ ----- --------- --------- ------- -------    ------- -------    ------- -------    ----
   1 !   31.5   0.6   5.3e-12   6.4e-09      17      55 ..      11      49 ..       3      84 .. 0.86
   2 !   18.1   0.0   6.5e-08   7.8e-05     149     255 ..     147     258 ..     142     261 .. 0.87

  Alignments for each domain:
  == domain 1  score: 31.5 bits;  conditional E-value: 5.3e-12
         nifH-03292025 17 KGGiGKSttasnlsaalaeegkkvlivGCdPKaDstrll 55
                          KGG+GK tt+ nlsaal + gkkvli+  dP + +t+ l
  CASFPB010000013.1_12 11 KGGVGKTTTSINLSAALGKLGKKVLIIDMDPQSNATTGL 49
                          9*********************************99876 PP

  == domain 2  score: 18.1 bits;  conditional E-value: 6.5e-08
         nifH-03292025 149 adevyivtsgemmalYaanniakgikkyaee..ggvrlgGlicNsrkvdke..eelveefaeklgtqiiaf.vprsnevqkaelekktv 232
                           +d+v+i + +e+ al     ++++i  ++++   + r+ G++  + + +++   e++ee+ + ++ +++++ +pr   + +a  ++k +
  CASFPB010000013.1_12 147 SDSVIIPVQCEFFALEGITQLLNSIIMVQSSmnPNLRIEGVLLTMLDGRTNigLEVIEEIRKYFKDKVFNTiIPRLVRLVEAPSHGKPI 235
                           5789999999**************999988744678899*9999887666522799************976279*************** PP

         nifH-03292025 233 ieaapdseqakeyreLakkilen 255
                            e++p+s+++++y++Lak++ + 
  CASFPB010000013.1_12 236 NEYDPTSRATEAYHNLAKEVVSR 258
                           *******************9875 PP



Internal pipeline statistics summary:
-------------------------------------
Query model(s):                            1  (327 nodes)
Target sequences:                       1203  (351607 residues searched)
Passed MSV filter:                       113  (0.0939318); expected 24.1 (0.02)
Passed bias filter:                       53  (0.0440565); expected 24.1 (0.02)
Passed Vit filter:                         7  (0.00581879); expected 1.2 (0.001)
Passed Fwd filter:                         1  (0.000831255); expected 0.0 (1e-05)
Initial search space (Z):               1203  [actual number of targets]
Domain search space  (domZ):               1  [number of targets reported over threshold]
# CPU time: 0.01u 0.00s 00:00:00.01 Elapsed: 00:00:00.01
# Mc/sec: 6291.21
//
Query:       nifD-03292025  [M=482]
Scores for complete sequences (score includes all domains):
   --- full sequence ---   --- best 1 domain ---    -#dom-
    E-value  score  bias    E-value  score  bias    exp  N  Sequence Description
    ------- ------ -----    ------- ------ -----   ---- --  -------- -----------

   [No hits detected that satisfy reporting thresholds]


Domain annotation for each sequence (and alignments):

   [No targets detected that satisfy reporting thresholds]


Internal pipeline statistics summary:
-------------------------------------
Query model(s):                            1  (482 nodes)
Target sequences:                       1203  (351607 residues searched)
Passed MSV filter:                        96  (0.0798005); expected 24.1 (0.02)
Passed bias filter:                       21  (0.0174564); expected 24.1 (0.02)
Passed Vit filter:                         4  (0.00332502); expected 1.2 (0.001)
Passed Fwd filter:                         0  (0); expected 0.0 (1e-05)
Initial search space (Z):               1203  [actual number of targets]
Domain search space  (domZ):               0  [number of targets reported over threshold]
# CPU time: 0.01u 0.00s 00:00:00.01 Elapsed: 00:00:00.00
# Mc/sec: 19250.65
//
Query:       nifK-03292025  [M=490]
Scores for complete sequences (score includes all domains):
   --- full sequence ---   --- best 1 domain ---    -#dom-
    E-value  score  bias    E-value  score  bias    exp  N  Sequence Description
    ------- ------ -----    ------- ------ -----   ---- --  -------- -----------

   [No hits detected that satisfy reporting thresholds]


Domain annotation for each sequence (and alignments):

   [No targets detected that satisfy reporting thresholds]


Internal pipeline statistics summary:
-------------------------------------
Query model(s):                            1  (490 nodes)
Target sequences:                       1203  (351607 residues searched)
Passed MSV filter:                        56  (0.0465503); expected 24.1 (0.02)
Passed bias filter:                       20  (0.0166251); expected 24.1 (0.02)
Passed Vit filter:                         4  (0.00332502); expected 1.2 (0.001)
Passed Fwd filter:                         0  (0); expected 0.0 (1e-05)
Initial search space (Z):               1203  [actual number of targets]
Domain search space  (domZ):               0  [number of targets reported over threshold]
# CPU time: 0.01u 0.00s 00:00:00.01 Elapsed: 00:00:00.01
# Mc/sec: 16356.48
//
Query:       nifB-03292025  [M=505]
Scores for complete sequences (score includes all domains):
   --- full sequence ---   --- best 1 domain ---    -#dom-
    E-value  score  bias    E-value  score  bias    exp  N  Sequence Description
    ------- ------ -----    ------- ------ -----   ---- --  -------- -----------

   [No hits detected that satisfy reporting thresholds]


Domain annotation for each sequence (and alignments):

   [No targets detected that satisfy reporting thresholds]


Internal pipeline statistics summary:
-------------------------------------
Query model(s):                            1  (505 nodes)
Target sequences:                       1203  (351607 residues searched)
Passed MSV filter:                        62  (0.0515378); expected 24.1 (0.02)
Passed bias filter:                       30  (0.0249377); expected 24.1 (0.02)
Passed Vit filter:                         2  (0.00166251); expected 1.2 (0.001)
Passed Fwd filter:                         0  (0); expected 0.0 (1e-05)
Initial search space (Z):               1203  [actual number of targets]
Domain search space  (domZ):               0  [number of targets reported over threshold]
# CPU time: 0.01u 0.00s 00:00:00.01 Elapsed: 00:00:00.00
# Mc/sec: 19064.40
//
Query:       nifE-03292025  [M=556]
Scores for complete sequences (score includes all domains):
   --- full sequence ---   --- best 1 domain ---    -#dom-
    E-value  score  bias    E-value  score  bias    exp  N  Sequence Description
    ------- ------ -----    ------- ------ -----   ---- --  -------- -----------

   [No hits detected that satisfy reporting thresholds]


Domain annotation for each sequence (and alignments):

   [No targets detected that satisfy reporting thresholds]


Internal pipeline statistics summary:
-------------------------------------
Query model(s):                            1  (556 nodes)
Target sequences:                       1203  (351607 residues searched)
Passed MSV filter:                        71  (0.0590191); expected 24.1 (0.02)
Passed bias filter:                       30  (0.0249377); expected 24.1 (0.02)
Passed Vit filter:                         6  (0.00498753); expected 1.2 (0.001)
Passed Fwd filter:                         0  (0); expected 0.0 (1e-05)
Initial search space (Z):               1203  [actual number of targets]
Domain search space  (domZ):               0  [number of targets reported over threshold]
# CPU time: 0.01u 0.00s 00:00:00.01 Elapsed: 00:00:00.01
# Mc/sec: 18957.54
//
Query:       nifN-03292025  [M=700]
Scores for complete sequences (score includes all domains):
   --- full sequence ---   --- best 1 domain ---    -#dom-
    E-value  score  bias    E-value  score  bias    exp  N  Sequence Description
    ------- ------ -----    ------- ------ -----   ---- --  -------- -----------

   [No hits detected that satisfy reporting thresholds]


Domain annotation for each sequence (and alignments):

   [No targets detected that satisfy reporting thresholds]


Internal pipeline statistics summary:
-------------------------------------
Query model(s):                            1  (700 nodes)
Target sequences:                       1203  (351607 residues searched)
Passed MSV filter:                        65  (0.0540316); expected 24.1 (0.02)
Passed bias filter:                       40  (0.0332502); expected 24.1 (0.02)
Passed Vit filter:                         1  (0.000831255); expected 1.2 (0.001)
Passed Fwd filter:                         0  (0); expected 0.0 (1e-05)
Initial search space (Z):               1203  [actual number of targets]
Domain search space  (domZ):               0  [number of targets reported over threshold]
# CPU time: 0.01u 0.00s 00:00:00.01 Elapsed: 00:00:00.01
# Mc/sec: 20458.00
//
Query:       pchlide-04012025  [M=508]
Scores for complete sequences (score includes all domains):
   --- full sequence ---   --- best 1 domain ---    -#dom-
    E-value  score  bias    E-value  score  bias    exp  N  Sequence Description
    ------- ------ -----    ------- ------ -----   ---- --  -------- -----------

   [No hits detected that satisfy reporting thresholds]


Domain annotation for each sequence (and alignments):

   [No targets detected that satisfy reporting thresholds]


Internal pipeline statistics summary:
-------------------------------------
Query model(s):                            1  (508 nodes)
Target sequences:                       1203  (351607 residues searched)
Passed MSV filter:                        60  (0.0498753); expected 24.1 (0.02)
Passed bias filter:                       36  (0.0299252); expected 24.1 (0.02)
Passed Vit filter:                         1  (0.000831255); expected 1.2 (0.001)
Passed Fwd filter:                         0  (0); expected 0.0 (1e-05)
Initial search space (Z):               1203  [actual number of targets]
Domain search space  (domZ):               0  [number of targets reported over threshold]
# CPU time: 0.02u 0.00s 00:00:00.02 Elapsed: 00:00:00.00
# Mc/sec: 18891.09
//
[ok]
# hmmsearch :: search profile(s) against a sequence database
# HMMER 3.4 (Aug 2023); http://hmmer.org/
# Copyright (C) 2023 Howard Hughes Medical Institute.
# Freely distributed under the BSD open source license.
# - - - - - - - - - - - - - - - - - - - - - - - - - - - - - - - - - - - -
# query HMM file:                  ../HMMs/nifV_07242025.hmm
# target sequence database:        ../all_rep_proteins_aa/bacteria/GB_GCA_949296605.1_protein.faa
# - - - - - - - - - - - - - - - - - - - - - - - - - - - - - - - - - - - -

Query:       nifV-07242025  [M=437]
Scores for complete sequences (score includes all domains):
   --- full sequence ---   --- best 1 domain ---    -#dom-
    E-value  score  bias    E-value  score  bias    exp  N  Sequence Description
    ------- ------ -----    ------- ------ -----   ---- --  -------- -----------

   [No hits detected that satisfy reporting thresholds]


Domain annotation for each sequence (and alignments):

   [No targets detected that satisfy reporting thresholds]


Internal pipeline statistics summary:
-------------------------------------
Query model(s):                            1  (437 nodes)
Target sequences:                       1203  (351607 residues searched)
Passed MSV filter:                        28  (0.0232751); expected 24.1 (0.02)
Passed bias filter:                       23  (0.0191189); expected 24.1 (0.02)
Passed Vit filter:                         2  (0.00166251); expected 1.2 (0.001)
Passed Fwd filter:                         0  (0); expected 0.0 (1e-05)
Initial search space (Z):               1203  [actual number of targets]
Domain search space  (domZ):               0  [number of targets reported over threshold]
# CPU time: 0.01u 0.00s 00:00:00.01 Elapsed: 00:00:00.00
# Mc/sec: 21130.66
//
[ok]
