# hmmsearch :: search profile(s) against a sequence database
# HMMER 3.4 (Aug 2023); http://hmmer.org/
# Copyright (C) 2023 Howard Hughes Medical Institute.
# Freely distributed under the BSD open source license.
# - - - - - - - - - - - - - - - - - - - - - - - - - - - - - - - - - - - -
# query HMM file:                  ../HMMs/combined_nif_04012025.hmm
# target sequence database:        ../all_rep_proteins_aa/bacteria/GB_GCA_948433885.1_protein.faa
# - - - - - - - - - - - - - - - - - - - - - - - - - - - - - - - - - - - -

Query:       nifH-03292025  [M=327]
Scores for complete sequences (score includes all domains):
   --- full sequence ---   --- best 1 domain ---    -#dom-
    E-value  score  bias    E-value  score  bias    exp  N  Sequence             Description
    ------- ------ -----    ------- ------ -----   ---- --  --------             -----------
    3.8e-10   35.8   0.5    8.9e-05   18.1   0.8    2.1  2  CAOJEC010000024.1_23  # 17084 # 17869 # -1 # ID=24_23;partial


Domain annotation for each sequence (and alignments):
>> CAOJEC010000024.1_23  # 17084 # 17869 # -1 # ID=24_23;partial=00;start_type=ATG;rbs_motif=GGA/GAG/AGG;rbs_spacer=11-1
   #    score  bias  c-Evalue  i-Evalue hmmfrom  hmm to    alifrom  ali to    envfrom  env to     acc
 ---   ------ ----- --------- --------- ------- -------    ------- -------    ------- -------    ----
   1 !   18.1   0.8   6.2e-08   8.9e-05      17      50 ..      11      44 ..       4      84 .. 0.75
   2 !   15.4   0.0   4.2e-07   0.00061     150     255 ..     148     258 ..     144     261 .. 0.82

  Alignments for each domain:
  == domain 1  score: 18.1 bits;  conditional E-value: 6.2e-08
         nifH-03292025 17 KGGiGKSttasnlsaalaeegkkvlivGCdPKaD 50
                          KGG+GK tt+ nl+a l + gkk l +  d    
  CAOJEC010000024.1_23 11 KGGVGKTTTSINLAASLGKLGKKTLLIDLDSQGN 44
                          9************************998887654 PP

  == domain 2  score: 15.4 bits;  conditional E-value: 4.2e-07
         nifH-03292025 150 devyivtsgemmalYaanniakgikkyaee..ggvrlgGlicNsrkvdke..eelveefaeklgtqiiaf.vprsnevqkaelekktvi 233
                           ++v i + +e+ al  +  ++++i  ++++  ++ ++ G++    +++++   e+ve++ + +g +++++ +pr   + +a  ++k ++
  CAOJEC010000024.1_23 148 NSVLIPVQCEFFALEGVAQLLNTIIMTQTKlnSELTIEGVLLTLLDSRTNlgLEVVEQVRKFFGEKVFNTiIPRLIRLVEAPSHGKPIC 236
                           5677778889999999999999988777764467778898877655554422799***********9976279999************* PP

         nifH-03292025 234 eaapdseqakeyreLakkilen 255
                           e++p+++++++y +Lak++++ 
  CAOJEC010000024.1_23 237 EYDPTCRATEAYLNLAKEVIDR 258
                           ******************9875 PP



Internal pipeline statistics summary:
-------------------------------------
Query model(s):                            1  (327 nodes)
Target sequences:                       1434  (419616 residues searched)
Passed MSV filter:                       104  (0.0725244); expected 28.7 (0.02)
Passed bias filter:                       59  (0.0411437); expected 28.7 (0.02)
Passed Vit filter:                         7  (0.00488145); expected 1.4 (0.001)
Passed Fwd filter:                         1  (0.00069735); expected 0.0 (1e-05)
Initial search space (Z):               1434  [actual number of targets]
Domain search space  (domZ):               1  [number of targets reported over threshold]
# CPU time: 0.01u 0.00s 00:00:00.01 Elapsed: 00:00:00.01
# Mc/sec: 8053.00
//
Query:       nifD-03292025  [M=482]
Scores for complete sequences (score includes all domains):
   --- full sequence ---   --- best 1 domain ---    -#dom-
    E-value  score  bias    E-value  score  bias    exp  N  Sequence Description
    ------- ------ -----    ------- ------ -----   ---- --  -------- -----------

   [No hits detected that satisfy reporting thresholds]


Domain annotation for each sequence (and alignments):

   [No targets detected that satisfy reporting thresholds]


Internal pipeline statistics summary:
-------------------------------------
Query model(s):                            1  (482 nodes)
Target sequences:                       1434  (419616 residues searched)
Passed MSV filter:                       107  (0.0746165); expected 28.7 (0.02)
Passed bias filter:                       30  (0.0209205); expected 28.7 (0.02)
Passed Vit filter:                         2  (0.0013947); expected 1.4 (0.001)
Passed Fwd filter:                         0  (0); expected 0.0 (1e-05)
Initial search space (Z):               1434  [actual number of targets]
Domain search space  (domZ):               0  [number of targets reported over threshold]
# CPU time: 0.01u 0.00s 00:00:00.01 Elapsed: 00:00:00.00
# Mc/sec: 21950.27
//
Query:       nifK-03292025  [M=490]
Scores for complete sequences (score includes all domains):
   --- full sequence ---   --- best 1 domain ---    -#dom-
    E-value  score  bias    E-value  score  bias    exp  N  Sequence Description
    ------- ------ -----    ------- ------ -----   ---- --  -------- -----------

   [No hits detected that satisfy reporting thresholds]


Domain annotation for each sequence (and alignments):

   [No targets detected that satisfy reporting thresholds]


Internal pipeline statistics summary:
-------------------------------------
Query model(s):                            1  (490 nodes)
Target sequences:                       1434  (419616 residues searched)
Passed MSV filter:                        62  (0.0432357); expected 28.7 (0.02)
Passed bias filter:                       31  (0.0216179); expected 28.7 (0.02)
Passed Vit filter:                         0  (0); expected 1.4 (0.001)
Passed Fwd filter:                         0  (0); expected 0.0 (1e-05)
Initial search space (Z):               1434  [actual number of targets]
Domain search space  (domZ):               0  [number of targets reported over threshold]
# CPU time: 0.01u 0.00s 00:00:00.01 Elapsed: 00:00:00.00
# Mc/sec: 22212.96
//
Query:       nifB-03292025  [M=505]
Scores for complete sequences (score includes all domains):
   --- full sequence ---   --- best 1 domain ---    -#dom-
    E-value  score  bias    E-value  score  bias    exp  N  Sequence Description
    ------- ------ -----    ------- ------ -----   ---- --  -------- -----------

   [No hits detected that satisfy reporting thresholds]


Domain annotation for each sequence (and alignments):

   [No targets detected that satisfy reporting thresholds]


Internal pipeline statistics summary:
-------------------------------------
Query model(s):                            1  (505 nodes)
Target sequences:                       1434  (419616 residues searched)
Passed MSV filter:                        59  (0.0411437); expected 28.7 (0.02)
Passed bias filter:                       37  (0.025802); expected 28.7 (0.02)
Passed Vit filter:                         3  (0.00209205); expected 1.4 (0.001)
Passed Fwd filter:                         0  (0); expected 0.0 (1e-05)
Initial search space (Z):               1434  [actual number of targets]
Domain search space  (domZ):               0  [number of targets reported over threshold]
# CPU time: 0.01u 0.00s 00:00:00.01 Elapsed: 00:00:00.01
# Mc/sec: 15345.43
//
Query:       nifE-03292025  [M=556]
Scores for complete sequences (score includes all domains):
   --- full sequence ---   --- best 1 domain ---    -#dom-
    E-value  score  bias    E-value  score  bias    exp  N  Sequence Description
    ------- ------ -----    ------- ------ -----   ---- --  -------- -----------

   [No hits detected that satisfy reporting thresholds]


Domain annotation for each sequence (and alignments):

   [No targets detected that satisfy reporting thresholds]


Internal pipeline statistics summary:
-------------------------------------
Query model(s):                            1  (556 nodes)
Target sequences:                       1434  (419616 residues searched)
Passed MSV filter:                        89  (0.0620642); expected 28.7 (0.02)
Passed bias filter:                       51  (0.0355649); expected 28.7 (0.02)
Passed Vit filter:                         1  (0.00069735); expected 1.4 (0.001)
Passed Fwd filter:                         0  (0); expected 0.0 (1e-05)
Initial search space (Z):               1434  [actual number of targets]
Domain search space  (domZ):               0  [number of targets reported over threshold]
# CPU time: 0.02u 0.00s 00:00:00.02 Elapsed: 00:00:00.01
# Mc/sec: 21108.76
//
Query:       nifN-03292025  [M=700]
Scores for complete sequences (score includes all domains):
   --- full sequence ---   --- best 1 domain ---    -#dom-
    E-value  score  bias    E-value  score  bias    exp  N  Sequence Description
    ------- ------ -----    ------- ------ -----   ---- --  -------- -----------

   [No hits detected that satisfy reporting thresholds]


Domain annotation for each sequence (and alignments):

   [No targets detected that satisfy reporting thresholds]


Internal pipeline statistics summary:
-------------------------------------
Query model(s):                            1  (700 nodes)
Target sequences:                       1434  (419616 residues searched)
Passed MSV filter:                        66  (0.0460251); expected 28.7 (0.02)
Passed bias filter:                       43  (0.0299861); expected 28.7 (0.02)
Passed Vit filter:                         1  (0.00069735); expected 1.4 (0.001)
Passed Fwd filter:                         0  (0); expected 0.0 (1e-05)
Initial search space (Z):               1434  [actual number of targets]
Domain search space  (domZ):               0  [number of targets reported over threshold]
# CPU time: 0.02u 0.01s 00:00:00.03 Elapsed: 00:00:00.01
# Mc/sec: 19747.91
//
Query:       pchlide-04012025  [M=508]
Scores for complete sequences (score includes all domains):
   --- full sequence ---   --- best 1 domain ---    -#dom-
    E-value  score  bias    E-value  score  bias    exp  N  Sequence Description
    ------- ------ -----    ------- ------ -----   ---- --  -------- -----------

   [No hits detected that satisfy reporting thresholds]


Domain annotation for each sequence (and alignments):

   [No targets detected that satisfy reporting thresholds]


Internal pipeline statistics summary:
-------------------------------------
Query model(s):                            1  (508 nodes)
Target sequences:                       1434  (419616 residues searched)
Passed MSV filter:                        52  (0.0362622); expected 28.7 (0.02)
Passed bias filter:                       31  (0.0216179); expected 28.7 (0.02)
Passed Vit filter:                         3  (0.00209205); expected 1.4 (0.001)
Passed Fwd filter:                         0  (0); expected 0.0 (1e-05)
Initial search space (Z):               1434  [actual number of targets]
Domain search space  (domZ):               0  [number of targets reported over threshold]
# CPU time: 0.01u 0.00s 00:00:00.01 Elapsed: 00:00:00.00
# Mc/sec: 23754.67
//
[ok]
# hmmsearch :: search profile(s) against a sequence database
# HMMER 3.4 (Aug 2023); http://hmmer.org/
# Copyright (C) 2023 Howard Hughes Medical Institute.
# Freely distributed under the BSD open source license.
# - - - - - - - - - - - - - - - - - - - - - - - - - - - - - - - - - - - -
# query HMM file:                  ../HMMs/nifV_07242025.hmm
# target sequence database:        ../all_rep_proteins_aa/bacteria/GB_GCA_948433885.1_protein.faa
# - - - - - - - - - - - - - - - - - - - - - - - - - - - - - - - - - - - -

Query:       nifV-07242025  [M=437]
Scores for complete sequences (score includes all domains):
   --- full sequence ---   --- best 1 domain ---    -#dom-
    E-value  score  bias    E-value  score  bias    exp  N  Sequence Description
    ------- ------ -----    ------- ------ -----   ---- --  -------- -----------

   [No hits detected that satisfy reporting thresholds]


Domain annotation for each sequence (and alignments):

   [No targets detected that satisfy reporting thresholds]


Internal pipeline statistics summary:
-------------------------------------
Query model(s):                            1  (437 nodes)
Target sequences:                       1434  (419616 residues searched)
Passed MSV filter:                        29  (0.0202232); expected 28.7 (0.02)
Passed bias filter:                       23  (0.0160391); expected 28.7 (0.02)
Passed Vit filter:                         0  (0); expected 1.4 (0.001)
Passed Fwd filter:                         0  (0); expected 0.0 (1e-05)
Initial search space (Z):               1434  [actual number of targets]
Domain search space  (domZ):               0  [number of targets reported over threshold]
# CPU time: 0.01u 0.00s 00:00:00.01 Elapsed: 00:00:00.00
# Mc/sec: 24813.53
//
[ok]
