# hmmsearch :: search profile(s) against a sequence database
# HMMER 3.4 (Aug 2023); http://hmmer.org/
# Copyright (C) 2023 Howard Hughes Medical Institute.
# Freely distributed under the BSD open source license.
# - - - - - - - - - - - - - - - - - - - - - - - - - - - - - - - - - - - -
# query HMM file:                  ../HMMs/combined_nif_04012025.hmm
# target sequence database:        ../all_rep_proteins_aa/bacteria/GB_GCA_020632215.1_protein.faa
# - - - - - - - - - - - - - - - - - - - - - - - - - - - - - - - - - - - -

Query:       nifH-03292025  [M=327]
Scores for complete sequences (score includes all domains):
   --- full sequence ---   --- best 1 domain ---    -#dom-
    E-value  score  bias    E-value  score  bias    exp  N  Sequence              Description
    ------- ------ -----    ------- ------ -----   ---- --  --------              -----------
  ------ inclusion threshold ------
      0.027    9.2   0.0      0.027    9.2   0.0    2.5  3  JACKFZ010000003.1_116  # 95259 # 97010 # -1 # ID=9_116;partia


Domain annotation for each sequence (and alignments):
>> JACKFZ010000003.1_116  # 95259 # 97010 # -1 # ID=9_116;partial=00;start_type=ATG;rbs_motif=ATAAT;rbs_spacer=7bp;gc_co
   #    score  bias  c-Evalue  i-Evalue hmmfrom  hmm to    alifrom  ali to    envfrom  env to     acc
 ---   ------ ----- --------- --------- ------- -------    ------- -------    ------- -------    ----
   1 ?    9.2   0.0   3.4e-05     0.027       6      32 ..      27      53 ..      22      79 .. 0.82
   2 ?   -3.4   0.0      0.22   1.7e+02     240     276 ..     290     326 ..     236     342 .. 0.53
   3 ?   -1.4   3.4     0.055        43     224     281 ..     467     546 ..     454     580 .. 0.45

  Alignments for each domain:
  == domain 1  score: 9.2 bits;  conditional E-value: 3.4e-05
          nifH-03292025  6 akkmrkiAiYGKGGiGKSttasnlsaa 32
                           +++++++ + GK G+GKSt+ +n+++ 
  JACKFZ010000003.1_116 27 EDRTKHVYVIGKTGMGKSTMLENMAVQ 53
                           5568899999*************9875 PP

  == domain 2  score: -3.4 bits;  conditional E-value: 0.22
          nifH-03292025 240 eqakeyreLakkilenkklvipkplseeeleellael 276
                             q  + +++a+ ++e +k  ++  + ++ +e++++e+
  JACKFZ010000003.1_116 290 FQSFANESFADILSEARKYKLNLTMAHQYIEQMTEEV 326
                            3333333334444555555555566666666666555 PP

  == domain 3  score: -1.4 bits;  conditional E-value: 0.055
          nifH-03292025 224 kaelekktvieaapdseqakeyreLakkilenk......................klvipkplseeeleellaelgllee 281
                            + e ekk vi+ ++++e  +++++  kki e +                      +    +  +  el+++l ++   +e
  JACKFZ010000003.1_116 467 RREDEKKPVIDSSKKNELLAALESQKKKIFESEssvpveqeslslnalrkpkekrDAKSASTETRSELKNILNQVLASSE 546
                            45666666666666666666666666666665511111111111111111111112222222234444444444422222 PP



Internal pipeline statistics summary:
-------------------------------------
Query model(s):                            1  (327 nodes)
Target sequences:                        785  (210678 residues searched)
Passed MSV filter:                        34  (0.0433121); expected 15.7 (0.02)
Passed bias filter:                       23  (0.0292994); expected 15.7 (0.02)
Passed Vit filter:                         6  (0.00764331); expected 0.8 (0.001)
Passed Fwd filter:                         1  (0.00127389); expected 0.0 (1e-05)
Initial search space (Z):                785  [actual number of targets]
Domain search space  (domZ):               1  [number of targets reported over threshold]
# CPU time: 0.01u 0.00s 00:00:00.01 Elapsed: 00:00:00.00
# Mc/sec: 7368.29
//
Query:       nifD-03292025  [M=482]
Scores for complete sequences (score includes all domains):
   --- full sequence ---   --- best 1 domain ---    -#dom-
    E-value  score  bias    E-value  score  bias    exp  N  Sequence Description
    ------- ------ -----    ------- ------ -----   ---- --  -------- -----------

   [No hits detected that satisfy reporting thresholds]


Domain annotation for each sequence (and alignments):

   [No targets detected that satisfy reporting thresholds]


Internal pipeline statistics summary:
-------------------------------------
Query model(s):                            1  (482 nodes)
Target sequences:                        785  (210678 residues searched)
Passed MSV filter:                        51  (0.0649682); expected 15.7 (0.02)
Passed bias filter:                       31  (0.0394904); expected 15.7 (0.02)
Passed Vit filter:                         3  (0.00382166); expected 0.8 (0.001)
Passed Fwd filter:                         0  (0); expected 0.0 (1e-05)
Initial search space (Z):                785  [actual number of targets]
Domain search space  (domZ):               0  [number of targets reported over threshold]
# CPU time: 0.01u 0.00s 00:00:00.01 Elapsed: 00:00:00.00
# Mc/sec: 12953.38
//
Query:       nifK-03292025  [M=490]
Scores for complete sequences (score includes all domains):
   --- full sequence ---   --- best 1 domain ---    -#dom-
    E-value  score  bias    E-value  score  bias    exp  N  Sequence Description
    ------- ------ -----    ------- ------ -----   ---- --  -------- -----------

   [No hits detected that satisfy reporting thresholds]


Domain annotation for each sequence (and alignments):

   [No targets detected that satisfy reporting thresholds]


Internal pipeline statistics summary:
-------------------------------------
Query model(s):                            1  (490 nodes)
Target sequences:                        785  (210678 residues searched)
Passed MSV filter:                        27  (0.0343949); expected 15.7 (0.02)
Passed bias filter:                       14  (0.0178344); expected 15.7 (0.02)
Passed Vit filter:                         0  (0); expected 0.8 (0.001)
Passed Fwd filter:                         0  (0); expected 0.0 (1e-05)
Initial search space (Z):                785  [actual number of targets]
Domain search space  (domZ):               0  [number of targets reported over threshold]
# CPU time: 0.01u 0.00s 00:00:00.01 Elapsed: 00:00:00.00
# Mc/sec: 17172.46
//
Query:       nifB-03292025  [M=505]
Scores for complete sequences (score includes all domains):
   --- full sequence ---   --- best 1 domain ---    -#dom-
    E-value  score  bias    E-value  score  bias    exp  N  Sequence Description
    ------- ------ -----    ------- ------ -----   ---- --  -------- -----------

   [No hits detected that satisfy reporting thresholds]


Domain annotation for each sequence (and alignments):

   [No targets detected that satisfy reporting thresholds]


Internal pipeline statistics summary:
-------------------------------------
Query model(s):                            1  (505 nodes)
Target sequences:                        785  (210678 residues searched)
Passed MSV filter:                        31  (0.0394904); expected 15.7 (0.02)
Passed bias filter:                       21  (0.0267516); expected 15.7 (0.02)
Passed Vit filter:                         3  (0.00382166); expected 0.8 (0.001)
Passed Fwd filter:                         0  (0); expected 0.0 (1e-05)
Initial search space (Z):                785  [actual number of targets]
Domain search space  (domZ):               0  [number of targets reported over threshold]
# CPU time: 0.01u 0.00s 00:00:00.01 Elapsed: 00:00:00.00
# Mc/sec: 13173.79
//
Query:       nifE-03292025  [M=556]
Scores for complete sequences (score includes all domains):
   --- full sequence ---   --- best 1 domain ---    -#dom-
    E-value  score  bias    E-value  score  bias    exp  N  Sequence Description
    ------- ------ -----    ------- ------ -----   ---- --  -------- -----------

   [No hits detected that satisfy reporting thresholds]


Domain annotation for each sequence (and alignments):

   [No targets detected that satisfy reporting thresholds]


Internal pipeline statistics summary:
-------------------------------------
Query model(s):                            1  (556 nodes)
Target sequences:                        785  (210678 residues searched)
Passed MSV filter:                        47  (0.0598726); expected 15.7 (0.02)
Passed bias filter:                       29  (0.0369427); expected 15.7 (0.02)
Passed Vit filter:                         2  (0.00254777); expected 0.8 (0.001)
Passed Fwd filter:                         0  (0); expected 0.0 (1e-05)
Initial search space (Z):                785  [actual number of targets]
Domain search space  (domZ):               0  [number of targets reported over threshold]
# CPU time: 0.01u 0.00s 00:00:00.01 Elapsed: 00:00:00.00
# Mc/sec: 15038.80
//
Query:       nifN-03292025  [M=700]
Scores for complete sequences (score includes all domains):
   --- full sequence ---   --- best 1 domain ---    -#dom-
    E-value  score  bias    E-value  score  bias    exp  N  Sequence Description
    ------- ------ -----    ------- ------ -----   ---- --  -------- -----------

   [No hits detected that satisfy reporting thresholds]


Domain annotation for each sequence (and alignments):

   [No targets detected that satisfy reporting thresholds]


Internal pipeline statistics summary:
-------------------------------------
Query model(s):                            1  (700 nodes)
Target sequences:                        785  (210678 residues searched)
Passed MSV filter:                        33  (0.0420382); expected 15.7 (0.02)
Passed bias filter:                       27  (0.0343949); expected 15.7 (0.02)
Passed Vit filter:                         1  (0.00127389); expected 0.8 (0.001)
Passed Fwd filter:                         0  (0); expected 0.0 (1e-05)
Initial search space (Z):                785  [actual number of targets]
Domain search space  (domZ):               0  [number of targets reported over threshold]
# CPU time: 0.01u 0.00s 00:00:00.01 Elapsed: 00:00:00.00
# Mc/sec: 16044.44
//
Query:       pchlide-04012025  [M=508]
Scores for complete sequences (score includes all domains):
   --- full sequence ---   --- best 1 domain ---    -#dom-
    E-value  score  bias    E-value  score  bias    exp  N  Sequence Description
    ------- ------ -----    ------- ------ -----   ---- --  -------- -----------

   [No hits detected that satisfy reporting thresholds]


Domain annotation for each sequence (and alignments):

   [No targets detected that satisfy reporting thresholds]


Internal pipeline statistics summary:
-------------------------------------
Query model(s):                            1  (508 nodes)
Target sequences:                        785  (210678 residues searched)
Passed MSV filter:                        25  (0.0318471); expected 15.7 (0.02)
Passed bias filter:                       20  (0.0254777); expected 15.7 (0.02)
Passed Vit filter:                         0  (0); expected 0.8 (0.001)
Passed Fwd filter:                         0  (0); expected 0.0 (1e-05)
Initial search space (Z):                785  [actual number of targets]
Domain search space  (domZ):               0  [number of targets reported over threshold]
# CPU time: 0.01u 0.00s 00:00:00.01 Elapsed: 00:00:00.00
# Mc/sec: 16323.55
//
[ok]
# hmmsearch :: search profile(s) against a sequence database
# HMMER 3.4 (Aug 2023); http://hmmer.org/
# Copyright (C) 2023 Howard Hughes Medical Institute.
# Freely distributed under the BSD open source license.
# - - - - - - - - - - - - - - - - - - - - - - - - - - - - - - - - - - - -
# query HMM file:                  ../HMMs/nifV_07242025.hmm
# target sequence database:        ../all_rep_proteins_aa/bacteria/GB_GCA_020632215.1_protein.faa
# - - - - - - - - - - - - - - - - - - - - - - - - - - - - - - - - - - - -

Query:       nifV-07242025  [M=437]
Scores for complete sequences (score includes all domains):
   --- full sequence ---   --- best 1 domain ---    -#dom-
    E-value  score  bias    E-value  score  bias    exp  N  Sequence Description
    ------- ------ -----    ------- ------ -----   ---- --  -------- -----------

   [No hits detected that satisfy reporting thresholds]


Domain annotation for each sequence (and alignments):

   [No targets detected that satisfy reporting thresholds]


Internal pipeline statistics summary:
-------------------------------------
Query model(s):                            1  (437 nodes)
Target sequences:                        785  (210678 residues searched)
Passed MSV filter:                        16  (0.0203822); expected 15.7 (0.02)
Passed bias filter:                       14  (0.0178344); expected 15.7 (0.02)
Passed Vit filter:                         1  (0.00127389); expected 0.8 (0.001)
Passed Fwd filter:                         0  (0); expected 0.0 (1e-05)
Initial search space (Z):                785  [actual number of targets]
Domain search space  (domZ):               0  [number of targets reported over threshold]
# CPU time: 0.00u 0.00s 00:00:00.00 Elapsed: 00:00:00.00
# Mc/sec: 16763.53
//
[ok]
