# hmmsearch :: search profile(s) against a sequence database
# HMMER 3.4 (Aug 2023); http://hmmer.org/
# Copyright (C) 2023 Howard Hughes Medical Institute.
# Freely distributed under the BSD open source license.
# - - - - - - - - - - - - - - - - - - - - - - - - - - - - - - - - - - - -
# query HMM file:                  ../HMMs/combined_nif_04012025.hmm
# target sequence database:        ../all_rep_proteins_aa/bacteria/GB_GCA_947631875.1_protein.faa
# - - - - - - - - - - - - - - - - - - - - - - - - - - - - - - - - - - - -

Query:       nifH-03292025  [M=327]
Scores for complete sequences (score includes all domains):
   --- full sequence ---   --- best 1 domain ---    -#dom-
    E-value  score  bias    E-value  score  bias    exp  N  Sequence             Description
    ------- ------ -----    ------- ------ -----   ---- --  --------             -----------
    1.5e-14   49.8   1.4    1.3e-09   33.6   0.5    2.1  2  CANRMV010000045.1_2   # 1261 # 2088 # -1 # ID=45_2;partial=00
      2e-13   46.2   1.8    3.3e-08   29.0   0.3    2.1  2  CANRMV010000081.1_3   # 1370 # 2194 # -1 # ID=81_3;partial=00
    0.00036   15.7   0.1    0.00047   15.4   0.1    1.3  1  CANRMV010000034.1_10  # 8934 # 9395 # 1 # ID=34_10;partial=01


Domain annotation for each sequence (and alignments):
>> CANRMV010000045.1_2  # 1261 # 2088 # -1 # ID=45_2;partial=00;start_type=ATG;rbs_motif=GGA/GAG/AGG;rbs_spacer=5-10bp;g
   #    score  bias  c-Evalue  i-Evalue hmmfrom  hmm to    alifrom  ali to    envfrom  env to     acc
 ---   ------ ----- --------- --------- ------- -------    ------- -------    ------- -------    ----
   1 !   33.6   0.5   3.7e-12   1.3e-09      17      84 ..      11      77 ..       4      84 .. 0.82
   2 !   15.0   0.0   1.6e-06   0.00059     149     266 ..     141     263 ..     138     272 .. 0.80

  Alignments for each domain:
  == domain 1  score: 33.6 bits;  conditional E-value: 3.7e-12
        nifH-03292025 17 KGGiGKSttasnlsaalaeegkkvlivGCdPKaDstrll..lggkaqktvldllrekgedleledvvkeG 84
                         KGG+GK tt  nlsa +a +gkkvl+v  dP   +t+ l   ++k+ ktv dl++  +   + e+vvk+ 
  CANRMV010000045.1_2 11 KGGVGKTTTCINLSAYVAAMGKKVLVVDLDPQGNATSGLgiDKEKELKTVYDLISGDS---TAEEVVKQT 77
                         9*******************************9999876215778899****999654...345555543 PP

  == domain 2  score: 15.0 bits;  conditional E-value: 1.6e-06
        nifH-03292025 149 adevyivtsgemmalYaanniakgik..kyaeeggvrlgGlicNsrkvdke..eelveefaeklgtqii.afvprsnevqkaelekktvi 233
                          +d+v+i + +e+  l     ++++i+  k++ + ++ + G+++ +++++++  +++ +e+ + +g +++ +++pr+  + +a  ++  ++
  CANRMV010000045.1_2 141 SDSVIIPMQCEYYPLMGITQLMNTIRliKFHLNPNIDVEGVVMTMKDKRSNltNQVSDEIIKFFGKKVFfTYIPRNIRLAEAPSHGVPIL 230
                          5778888889998888888999988733666779999*****988766554226778888888888885278****************** PP

        nifH-03292025 234 eaapdseqakeyreLakkilenkklvipkplse 266
                           ++p+s+ a++y +La++ l+ +k+  ++ ++e
  CANRMV010000045.1_2 231 LYEPSSKGAEAYLSLAEEFLDRNKVKYKQITNE 263
                          ******************999887776654444 PP

>> CANRMV010000081.1_3  # 1370 # 2194 # -1 # ID=81_3;partial=00;start_type=ATG;rbs_motif=AGGA;rbs_spacer=5-10bp;gc_cont=
   #    score  bias  c-Evalue  i-Evalue hmmfrom  hmm to    alifrom  ali to    envfrom  env to     acc
 ---   ------ ----- --------- --------- ------- -------    ------- -------    ------- -------    ----
   1 !   29.0   0.3   9.3e-11   3.3e-08      17      83 ..      11      76 ..       2      84 .. 0.81
   2 !   16.5   0.1   5.9e-07   0.00021     149     261 ..     141     258 ..     138     269 .. 0.82

  Alignments for each domain:
  == domain 1  score: 29.0 bits;  conditional E-value: 9.3e-11
        nifH-03292025 17 KGGiGKSttasnlsaalaeegkkvlivGCdPKaDstrl..llggkaqktvldllrekgedleledvvke 83
                         KGG+GK tt  n+++ +a ++kk+li+  dP   +t+   ++++k+ kt+ dl+  ++   + ++v+k+
  CANRMV010000081.1_3 11 KGGVGKTTTCINVATYMALMDKKILILDLDPQGNATSAvgITKNKELKTIYDLIGGES---NYDEVIKS 76
                         9******************************9777665228999999****9998654...34555554 PP

  == domain 2  score: 16.5 bits;  conditional E-value: 5.9e-07
        nifH-03292025 149 adevyivtsgemmalYaanniakgik..kyaeeggvrlgGlicNsrkvdk..eeelveefaeklgtqi.iafvprsnevqkaelekktvi 233
                          +d+v+i + +e+ al     ++++i+  ky+ + +  + G+++ +++++    +++ +e+ + ++ ++ ++++pr+  + +a  ++  v 
  CANRMV010000081.1_3 141 SDSVIIPIQCEFFALEGLTQLMNTIRliKYHLNPELDVEGVVMTMKDKRYnlSNQVSNEIIKFFNKKVyLTTIPRNVRLAEAPSHGLPVA 230
                          578888899999999999999999973366667889999**9988765541156777888888888873579****************** PP

        nifH-03292025 234 eaapdseqakeyreLakkilenkklvip 261
                           ++ +s+ a++y +La++i++ +++ ++
  CANRMV010000081.1_3 231 LYDANSKGAEAYLSLAEEIMKRNNTPFK 258
                          *******************999877655 PP

>> CANRMV010000034.1_10  # 8934 # 9395 # 1 # ID=34_10;partial=01;start_type=ATG;rbs_motif=AGGAG;rbs_spacer=5-10bp;gc_con
   #    score  bias  c-Evalue  i-Evalue hmmfrom  hmm to    alifrom  ali to    envfrom  env to     acc
 ---   ------ ----- --------- --------- ------- -------    ------- -------    ------- -------    ----
   1 !   15.4   0.1   1.3e-06   0.00047      14      43 ..       8      37 ..       1      72 [. 0.82

  Alignments for each domain:
  == domain 1  score: 15.4 bits;  conditional E-value: 1.3e-06
         nifH-03292025 14 iYGKGGiGKSttasnlsaalaeegkkvliv 43
                            GKGG+GK t+ +nl + l++ g + + +
  CANRMV010000034.1_10  8 TSGKGGVGKTTVCANLGVYLSRLGFRTVLI 37
                          46*******************999887766 PP



Internal pipeline statistics summary:
-------------------------------------
Query model(s):                            1  (327 nodes)
Target sequences:                       1072  (334270 residues searched)
Passed MSV filter:                        95  (0.0886194); expected 21.4 (0.02)
Passed bias filter:                       56  (0.0522388); expected 21.4 (0.02)
Passed Vit filter:                        14  (0.0130597); expected 1.1 (0.001)
Passed Fwd filter:                         3  (0.00279851); expected 0.0 (1e-05)
Initial search space (Z):               1072  [actual number of targets]
Domain search space  (domZ):               3  [number of targets reported over threshold]
# CPU time: 0.01u 0.00s 00:00:00.01 Elapsed: 00:00:00.01
# Mc/sec: 6043.72
//
Query:       nifD-03292025  [M=482]
Scores for complete sequences (score includes all domains):
   --- full sequence ---   --- best 1 domain ---    -#dom-
    E-value  score  bias    E-value  score  bias    exp  N  Sequence Description
    ------- ------ -----    ------- ------ -----   ---- --  -------- -----------

   [No hits detected that satisfy reporting thresholds]


Domain annotation for each sequence (and alignments):

   [No targets detected that satisfy reporting thresholds]


Internal pipeline statistics summary:
-------------------------------------
Query model(s):                            1  (482 nodes)
Target sequences:                       1072  (334270 residues searched)
Passed MSV filter:                        68  (0.0634328); expected 21.4 (0.02)
Passed bias filter:                       26  (0.0242537); expected 21.4 (0.02)
Passed Vit filter:                         2  (0.00186567); expected 1.1 (0.001)
Passed Fwd filter:                         0  (0); expected 0.0 (1e-05)
Initial search space (Z):               1072  [actual number of targets]
Domain search space  (domZ):               0  [number of targets reported over threshold]
# CPU time: 0.01u 0.00s 00:00:00.01 Elapsed: 00:00:00.01
# Mc/sec: 15267.12
//
Query:       nifK-03292025  [M=490]
Scores for complete sequences (score includes all domains):
   --- full sequence ---   --- best 1 domain ---    -#dom-
    E-value  score  bias    E-value  score  bias    exp  N  Sequence Description
    ------- ------ -----    ------- ------ -----   ---- --  -------- -----------

   [No hits detected that satisfy reporting thresholds]


Domain annotation for each sequence (and alignments):

   [No targets detected that satisfy reporting thresholds]


Internal pipeline statistics summary:
-------------------------------------
Query model(s):                            1  (490 nodes)
Target sequences:                       1072  (334270 residues searched)
Passed MSV filter:                        50  (0.0466418); expected 21.4 (0.02)
Passed bias filter:                       19  (0.0177239); expected 21.4 (0.02)
Passed Vit filter:                         3  (0.00279851); expected 1.1 (0.001)
Passed Fwd filter:                         0  (0); expected 0.0 (1e-05)
Initial search space (Z):               1072  [actual number of targets]
Domain search space  (domZ):               0  [number of targets reported over threshold]
# CPU time: 0.01u 0.00s 00:00:00.01 Elapsed: 00:00:00.01
# Mc/sec: 15946.67
//
Query:       nifB-03292025  [M=505]
Scores for complete sequences (score includes all domains):
   --- full sequence ---   --- best 1 domain ---    -#dom-
    E-value  score  bias    E-value  score  bias    exp  N  Sequence Description
    ------- ------ -----    ------- ------ -----   ---- --  -------- -----------

   [No hits detected that satisfy reporting thresholds]


Domain annotation for each sequence (and alignments):

   [No targets detected that satisfy reporting thresholds]


Internal pipeline statistics summary:
-------------------------------------
Query model(s):                            1  (505 nodes)
Target sequences:                       1072  (334270 residues searched)
Passed MSV filter:                        60  (0.0559701); expected 21.4 (0.02)
Passed bias filter:                       26  (0.0242537); expected 21.4 (0.02)
Passed Vit filter:                         3  (0.00279851); expected 1.1 (0.001)
Passed Fwd filter:                         0  (0); expected 0.0 (1e-05)
Initial search space (Z):               1072  [actual number of targets]
Domain search space  (domZ):               0  [number of targets reported over threshold]
# CPU time: 0.01u 0.00s 00:00:00.01 Elapsed: 00:00:00.00
# Mc/sec: 17203.06
//
Query:       nifE-03292025  [M=556]
Scores for complete sequences (score includes all domains):
   --- full sequence ---   --- best 1 domain ---    -#dom-
    E-value  score  bias    E-value  score  bias    exp  N  Sequence Description
    ------- ------ -----    ------- ------ -----   ---- --  -------- -----------

   [No hits detected that satisfy reporting thresholds]


Domain annotation for each sequence (and alignments):

   [No targets detected that satisfy reporting thresholds]


Internal pipeline statistics summary:
-------------------------------------
Query model(s):                            1  (556 nodes)
Target sequences:                       1072  (334270 residues searched)
Passed MSV filter:                        68  (0.0634328); expected 21.4 (0.02)
Passed bias filter:                       26  (0.0242537); expected 21.4 (0.02)
Passed Vit filter:                         2  (0.00186567); expected 1.1 (0.001)
Passed Fwd filter:                         0  (0); expected 0.0 (1e-05)
Initial search space (Z):               1072  [actual number of targets]
Domain search space  (domZ):               0  [number of targets reported over threshold]
# CPU time: 0.01u 0.00s 00:00:00.01 Elapsed: 00:00:00.01
# Mc/sec: 17549.12
//
Query:       nifN-03292025  [M=700]
Scores for complete sequences (score includes all domains):
   --- full sequence ---   --- best 1 domain ---    -#dom-
    E-value  score  bias    E-value  score  bias    exp  N  Sequence Description
    ------- ------ -----    ------- ------ -----   ---- --  -------- -----------

   [No hits detected that satisfy reporting thresholds]


Domain annotation for each sequence (and alignments):

   [No targets detected that satisfy reporting thresholds]


Internal pipeline statistics summary:
-------------------------------------
Query model(s):                            1  (700 nodes)
Target sequences:                       1072  (334270 residues searched)
Passed MSV filter:                        68  (0.0634328); expected 21.4 (0.02)
Passed bias filter:                       49  (0.045709); expected 21.4 (0.02)
Passed Vit filter:                         2  (0.00186567); expected 1.1 (0.001)
Passed Fwd filter:                         0  (0); expected 0.0 (1e-05)
Initial search space (Z):               1072  [actual number of targets]
Domain search space  (domZ):               0  [number of targets reported over threshold]
# CPU time: 0.01u 0.00s 00:00:00.01 Elapsed: 00:00:00.01
# Mc/sec: 15247.94
//
Query:       pchlide-04012025  [M=508]
Scores for complete sequences (score includes all domains):
   --- full sequence ---   --- best 1 domain ---    -#dom-
    E-value  score  bias    E-value  score  bias    exp  N  Sequence Description
    ------- ------ -----    ------- ------ -----   ---- --  -------- -----------

   [No hits detected that satisfy reporting thresholds]


Domain annotation for each sequence (and alignments):

   [No targets detected that satisfy reporting thresholds]


Internal pipeline statistics summary:
-------------------------------------
Query model(s):                            1  (508 nodes)
Target sequences:                       1072  (334270 residues searched)
Passed MSV filter:                        52  (0.0485075); expected 21.4 (0.02)
Passed bias filter:                       38  (0.0354478); expected 21.4 (0.02)
Passed Vit filter:                         3  (0.00279851); expected 1.1 (0.001)
Passed Fwd filter:                         0  (0); expected 0.0 (1e-05)
Initial search space (Z):               1072  [actual number of targets]
Domain search space  (domZ):               0  [number of targets reported over threshold]
# CPU time: 0.01u 0.00s 00:00:00.01 Elapsed: 00:00:00.01
# Mc/sec: 16201.69
//
[ok]
# hmmsearch :: search profile(s) against a sequence database
# HMMER 3.4 (Aug 2023); http://hmmer.org/
# Copyright (C) 2023 Howard Hughes Medical Institute.
# Freely distributed under the BSD open source license.
# - - - - - - - - - - - - - - - - - - - - - - - - - - - - - - - - - - - -
# query HMM file:                  ../HMMs/nifV_07242025.hmm
# target sequence database:        ../all_rep_proteins_aa/bacteria/GB_GCA_947631875.1_protein.faa
# - - - - - - - - - - - - - - - - - - - - - - - - - - - - - - - - - - - -

Query:       nifV-07242025  [M=437]
Scores for complete sequences (score includes all domains):
   --- full sequence ---   --- best 1 domain ---    -#dom-
    E-value  score  bias    E-value  score  bias    exp  N  Sequence Description
    ------- ------ -----    ------- ------ -----   ---- --  -------- -----------

   [No hits detected that satisfy reporting thresholds]


Domain annotation for each sequence (and alignments):

   [No targets detected that satisfy reporting thresholds]


Internal pipeline statistics summary:
-------------------------------------
Query model(s):                            1  (437 nodes)
Target sequences:                       1072  (334270 residues searched)
Passed MSV filter:                        47  (0.0438433); expected 21.4 (0.02)
Passed bias filter:                       33  (0.0307836); expected 21.4 (0.02)
Passed Vit filter:                         4  (0.00373134); expected 1.1 (0.001)
Passed Fwd filter:                         0  (0); expected 0.0 (1e-05)
Initial search space (Z):               1072  [actual number of targets]
Domain search space  (domZ):               0  [number of targets reported over threshold]
# CPU time: 0.01u 0.00s 00:00:00.01 Elapsed: 00:00:00.00
# Mc/sec: 15057.65
//
[ok]
