# hmmsearch :: search profile(s) against a sequence database
# HMMER 3.4 (Aug 2023); http://hmmer.org/
# Copyright (C) 2023 Howard Hughes Medical Institute.
# Freely distributed under the BSD open source license.
# - - - - - - - - - - - - - - - - - - - - - - - - - - - - - - - - - - - -
# query HMM file:                  ../HMMs/combined_nif_04012025.hmm
# target sequence database:        ../all_rep_proteins_aa/bacteria/GB_GCA_016936175.1_protein.faa
# - - - - - - - - - - - - - - - - - - - - - - - - - - - - - - - - - - - -

Query:       nifH-03292025  [M=327]
Scores for complete sequences (score includes all domains):
   --- full sequence ---   --- best 1 domain ---    -#dom-
    E-value  score  bias    E-value  score  bias    exp  N  Sequence Description
    ------- ------ -----    ------- ------ -----   ---- --  -------- -----------

   [No hits detected that satisfy reporting thresholds]


Domain annotation for each sequence (and alignments):

   [No targets detected that satisfy reporting thresholds]


Internal pipeline statistics summary:
-------------------------------------
Query model(s):                            1  (327 nodes)
Target sequences:                        645  (198253 residues searched)
Passed MSV filter:                        23  (0.0356589); expected 12.9 (0.02)
Passed bias filter:                       21  (0.0325581); expected 12.9 (0.02)
Passed Vit filter:                         5  (0.00775194); expected 0.6 (0.001)
Passed Fwd filter:                         0  (0); expected 0.0 (1e-05)
Initial search space (Z):                645  [actual number of targets]
Domain search space  (domZ):               0  [number of targets reported over threshold]
# CPU time: 0.01u 0.00s 00:00:00.01 Elapsed: 00:00:00.00
# Mc/sec: 8509.02
//
Query:       nifD-03292025  [M=482]
Scores for complete sequences (score includes all domains):
   --- full sequence ---   --- best 1 domain ---    -#dom-
    E-value  score  bias    E-value  score  bias    exp  N  Sequence Description
    ------- ------ -----    ------- ------ -----   ---- --  -------- -----------

   [No hits detected that satisfy reporting thresholds]


Domain annotation for each sequence (and alignments):

   [No targets detected that satisfy reporting thresholds]


Internal pipeline statistics summary:
-------------------------------------
Query model(s):                            1  (482 nodes)
Target sequences:                        645  (198253 residues searched)
Passed MSV filter:                        29  (0.0449612); expected 12.9 (0.02)
Passed bias filter:                       23  (0.0356589); expected 12.9 (0.02)
Passed Vit filter:                         2  (0.00310078); expected 0.6 (0.001)
Passed Fwd filter:                         0  (0); expected 0.0 (1e-05)
Initial search space (Z):                645  [actual number of targets]
Domain search space  (domZ):               0  [number of targets reported over threshold]
# CPU time: 0.01u 0.00s 00:00:00.01 Elapsed: 00:00:00.00
# Mc/sec: 11542.31
//
Query:       nifK-03292025  [M=490]
Scores for complete sequences (score includes all domains):
   --- full sequence ---   --- best 1 domain ---    -#dom-
    E-value  score  bias    E-value  score  bias    exp  N  Sequence Description
    ------- ------ -----    ------- ------ -----   ---- --  -------- -----------

   [No hits detected that satisfy reporting thresholds]


Domain annotation for each sequence (and alignments):

   [No targets detected that satisfy reporting thresholds]


Internal pipeline statistics summary:
-------------------------------------
Query model(s):                            1  (490 nodes)
Target sequences:                        645  (198253 residues searched)
Passed MSV filter:                        19  (0.0294574); expected 12.9 (0.02)
Passed bias filter:                       17  (0.0263566); expected 12.9 (0.02)
Passed Vit filter:                         1  (0.00155039); expected 0.6 (0.001)
Passed Fwd filter:                         0  (0); expected 0.0 (1e-05)
Initial search space (Z):                645  [actual number of targets]
Domain search space  (domZ):               0  [number of targets reported over threshold]
# CPU time: 0.01u 0.00s 00:00:00.01 Elapsed: 00:00:00.00
# Mc/sec: 15389.98
//
Query:       nifB-03292025  [M=505]
Scores for complete sequences (score includes all domains):
   --- full sequence ---   --- best 1 domain ---    -#dom-
    E-value  score  bias    E-value  score  bias    exp  N  Sequence Description
    ------- ------ -----    ------- ------ -----   ---- --  -------- -----------

   [No hits detected that satisfy reporting thresholds]


Domain annotation for each sequence (and alignments):

   [No targets detected that satisfy reporting thresholds]


Internal pipeline statistics summary:
-------------------------------------
Query model(s):                            1  (505 nodes)
Target sequences:                        645  (198253 residues searched)
Passed MSV filter:                        15  (0.0232558); expected 12.9 (0.02)
Passed bias filter:                        9  (0.0139535); expected 12.9 (0.02)
Passed Vit filter:                         0  (0); expected 0.6 (0.001)
Passed Fwd filter:                         0  (0); expected 0.0 (1e-05)
Initial search space (Z):                645  [actual number of targets]
Domain search space  (domZ):               0  [number of targets reported over threshold]
# CPU time: 0.01u 0.00s 00:00:00.01 Elapsed: 00:00:00.00
# Mc/sec: 17357.09
//
Query:       nifE-03292025  [M=556]
Scores for complete sequences (score includes all domains):
   --- full sequence ---   --- best 1 domain ---    -#dom-
    E-value  score  bias    E-value  score  bias    exp  N  Sequence             Description
    ------- ------ -----    ------- ------ -----   ---- --  --------             -----------
     0.0037   11.0   0.1     0.0067   10.1   0.1    1.3  1  JAFGPN010000018.1_45  # 47245 # 49056 # -1 # ID=18_45;partial


Domain annotation for each sequence (and alignments):
>> JAFGPN010000018.1_45  # 47245 # 49056 # -1 # ID=18_45;partial=00;start_type=ATG;rbs_motif=TAA;rbs_spacer=3bp;gc_cont=
   #    score  bias  c-Evalue  i-Evalue hmmfrom  hmm to    alifrom  ali to    envfrom  env to     acc
 ---   ------ ----- --------- --------- ------- -------    ------- -------    ------- -------    ----
   1 !   10.1   0.1     1e-05    0.0067     199     345 ..     420     573 ..     411     580 .. 0.68

  Alignments for each domain:
  == domain 1  score: 10.1 bits;  conditional E-value: 1e-05
         nifE-03292025 199 geallkhvigtkepeettkydinliGefNiaGelwg..............vkplleelGirvlaiitgdarveeiarahrAklnvvvCs 273
                           g+a+++h+  + +p     ++i +++     G  w+              +++l  +lG          +rv+e+ + ++    +   +
  JAFGPN010000018.1_45 420 GHAIVSHILPNGDPV----HKISVVSRGMALGYTWNmpvadkylhsksqfIDELAAMLG----------GRVAEMLTFKETTTGASNDL 494
                           555555555555555....5555555555555555555544444443333333333333..........45555555555555566666 PP

         nifE-03292025 274 kslinlarkleeryGipyievsf.yGiedtskaL.reiakll.....gdeelleraealiaeeearvekeleeyrkrLk 345
                           +  ++l+rk+  r+G+ +  +++ +G++d    L rei +         +++ e++  li+e e ++ + l++yrk+L 
  JAFGPN010000018.1_45 495 QRATELSRKMVTRFGMSEKLGPVvFGVQDELVFLgREIHEQRnysekVAAQIDEEVAGLIKEAEDKATAVLKKYRKELD 573
                           77899************************99888766666664444435569999*********************995 PP



Internal pipeline statistics summary:
-------------------------------------
Query model(s):                            1  (556 nodes)
Target sequences:                        645  (198253 residues searched)
Passed MSV filter:                        20  (0.0310078); expected 12.9 (0.02)
Passed bias filter:                       16  (0.0248062); expected 12.9 (0.02)
Passed Vit filter:                         3  (0.00465116); expected 0.6 (0.001)
Passed Fwd filter:                         1  (0.00155039); expected 0.0 (1e-05)
Initial search space (Z):                645  [actual number of targets]
Domain search space  (domZ):               1  [number of targets reported over threshold]
# CPU time: 0.01u 0.00s 00:00:00.01 Elapsed: 00:00:00.01
# Mc/sec: 8668.25
//
Query:       nifN-03292025  [M=700]
Scores for complete sequences (score includes all domains):
   --- full sequence ---   --- best 1 domain ---    -#dom-
    E-value  score  bias    E-value  score  bias    exp  N  Sequence Description
    ------- ------ -----    ------- ------ -----   ---- --  -------- -----------

   [No hits detected that satisfy reporting thresholds]


Domain annotation for each sequence (and alignments):

   [No targets detected that satisfy reporting thresholds]


Internal pipeline statistics summary:
-------------------------------------
Query model(s):                            1  (700 nodes)
Target sequences:                        645  (198253 residues searched)
Passed MSV filter:                        21  (0.0325581); expected 12.9 (0.02)
Passed bias filter:                       18  (0.027907); expected 12.9 (0.02)
Passed Vit filter:                         2  (0.00310078); expected 0.6 (0.001)
Passed Fwd filter:                         0  (0); expected 0.0 (1e-05)
Initial search space (Z):                645  [actual number of targets]
Domain search space  (domZ):               0  [number of targets reported over threshold]
# CPU time: 0.01u 0.00s 00:00:00.01 Elapsed: 00:00:00.00
# Mc/sec: 14193.86
//
Query:       pchlide-04012025  [M=508]
Scores for complete sequences (score includes all domains):
   --- full sequence ---   --- best 1 domain ---    -#dom-
    E-value  score  bias    E-value  score  bias    exp  N  Sequence Description
    ------- ------ -----    ------- ------ -----   ---- --  -------- -----------

   [No hits detected that satisfy reporting thresholds]


Domain annotation for each sequence (and alignments):

   [No targets detected that satisfy reporting thresholds]


Internal pipeline statistics summary:
-------------------------------------
Query model(s):                            1  (508 nodes)
Target sequences:                        645  (198253 residues searched)
Passed MSV filter:                        25  (0.0387597); expected 12.9 (0.02)
Passed bias filter:                       22  (0.0341085); expected 12.9 (0.02)
Passed Vit filter:                         0  (0); expected 0.6 (0.001)
Passed Fwd filter:                         0  (0); expected 0.0 (1e-05)
Initial search space (Z):                645  [actual number of targets]
Domain search space  (domZ):               0  [number of targets reported over threshold]
# CPU time: 0.01u 0.00s 00:00:00.01 Elapsed: 00:00:00.00
# Mc/sec: 12685.23
//
[ok]
# hmmsearch :: search profile(s) against a sequence database
# HMMER 3.4 (Aug 2023); http://hmmer.org/
# Copyright (C) 2023 Howard Hughes Medical Institute.
# Freely distributed under the BSD open source license.
# - - - - - - - - - - - - - - - - - - - - - - - - - - - - - - - - - - - -
# query HMM file:                  ../HMMs/nifV_07242025.hmm
# target sequence database:        ../all_rep_proteins_aa/bacteria/GB_GCA_016936175.1_protein.faa
# - - - - - - - - - - - - - - - - - - - - - - - - - - - - - - - - - - - -

Query:       nifV-07242025  [M=437]
Scores for complete sequences (score includes all domains):
   --- full sequence ---   --- best 1 domain ---    -#dom-
    E-value  score  bias    E-value  score  bias    exp  N  Sequence Description
    ------- ------ -----    ------- ------ -----   ---- --  -------- -----------

   [No hits detected that satisfy reporting thresholds]


Domain annotation for each sequence (and alignments):

   [No targets detected that satisfy reporting thresholds]


Internal pipeline statistics summary:
-------------------------------------
Query model(s):                            1  (437 nodes)
Target sequences:                        645  (198253 residues searched)
Passed MSV filter:                        14  (0.0217054); expected 12.9 (0.02)
Passed bias filter:                        8  (0.0124031); expected 12.9 (0.02)
Passed Vit filter:                         1  (0.00155039); expected 0.6 (0.001)
Passed Fwd filter:                         0  (0); expected 0.0 (1e-05)
Initial search space (Z):                645  [actual number of targets]
Domain search space  (domZ):               0  [number of targets reported over threshold]
# CPU time: 0.00u 0.00s 00:00:00.00 Elapsed: 00:00:00.00
# Mc/sec: 15923.06
//
[ok]
