# hmmsearch :: search profile(s) against a sequence database
# HMMER 3.4 (Aug 2023); http://hmmer.org/
# Copyright (C) 2023 Howard Hughes Medical Institute.
# Freely distributed under the BSD open source license.
# - - - - - - - - - - - - - - - - - - - - - - - - - - - - - - - - - - - -
# query HMM file:                  ../HMMs/combined_nif_04012025.hmm
# target sequence database:        ../all_rep_proteins_aa/bacteria/GB_GCA_025450075.1_protein.faa
# - - - - - - - - - - - - - - - - - - - - - - - - - - - - - - - - - - - -

Query:       nifH-03292025  [M=327]
Scores for complete sequences (score includes all domains):
   --- full sequence ---   --- best 1 domain ---    -#dom-
    E-value  score  bias    E-value  score  bias    exp  N  Sequence             Description
    ------- ------ -----    ------- ------ -----   ---- --  --------             -----------
    1.6e-12   43.3   0.1    6.9e-06   21.5   0.1    2.1  2  JANWIC010000017.1_14  # 17254 # 18021 # -1 # ID=17_14;partial


Domain annotation for each sequence (and alignments):
>> JANWIC010000017.1_14  # 17254 # 18021 # -1 # ID=17_14;partial=00;start_type=ATG;rbs_motif=ATA;rbs_spacer=5bp;gc_cont=
   #    score  bias  c-Evalue  i-Evalue hmmfrom  hmm to    alifrom  ali to    envfrom  env to     acc
 ---   ------ ----- --------- --------- ------- -------    ------- -------    ------- -------    ----
   1 !   21.5   0.1   5.9e-09   6.9e-06      17      55 ..       9      47 ..       7      70 .. 0.90
   2 !   19.8   0.0     2e-08   2.3e-05     148     254 ..     141     252 ..     138     255 .. 0.87

  Alignments for each domain:
  == domain 1  score: 21.5 bits;  conditional E-value: 5.9e-09
         nifH-03292025 17 KGGiGKSttasnlsaalaeegkkvlivGCdPKaDstrll 55
                          KGG+GK tt+ nl + la+  kkvl +  dP +  t+ l
  JANWIC010000017.1_14  9 KGGVGKTTTTLNLGVYLASLKKKVLLIDLDPQSNLTSGL 47
                          9*******************************9988766 PP

  == domain 2  score: 19.8 bits;  conditional E-value: 2e-08
         nifH-03292025 148 kadevyivtsgemmalYaanniakgikkyaee..ggvrlgGlicNsrkvdk..eeelveefaeklgtqiiaf.vprsnevqkaelekkt 231
                            a++v+i + +e+ al     ++++i+ +++    + ++ G+i  + ++++   +++v+e+ + +  +++++ +pr+  +++a  +++ 
  JANWIC010000017.1_14 141 AAETVFIPVQCEYYALEGIGQLMETITLIKTGinPNLTVSGIILTMFDTRTklSTSVVDEIKKYFPEEMFQTiIPRNVRLSEAPSHGQP 229
                           5899**********************98887643778899***99876655116889************986379************** PP

         nifH-03292025 232 vieaapdseqakeyreLakkile 254
                           +  ++p+s+ ak+y++Lak++ +
  JANWIC010000017.1_14 230 ISIYDPSSSGAKAYHNLAKEVVH 252
                           *******************9976 PP



Internal pipeline statistics summary:
-------------------------------------
Query model(s):                            1  (327 nodes)
Target sequences:                       1158  (342373 residues searched)
Passed MSV filter:                        68  (0.0587219); expected 23.2 (0.02)
Passed bias filter:                       48  (0.0414508); expected 23.2 (0.02)
Passed Vit filter:                        10  (0.00863558); expected 1.2 (0.001)
Passed Fwd filter:                         1  (0.000863558); expected 0.0 (1e-05)
Initial search space (Z):               1158  [actual number of targets]
Domain search space  (domZ):               1  [number of targets reported over threshold]
# CPU time: 0.01u 0.00s 00:00:00.01 Elapsed: 00:00:00.01
# Mc/sec: 7914.14
//
Query:       nifD-03292025  [M=482]
Scores for complete sequences (score includes all domains):
   --- full sequence ---   --- best 1 domain ---    -#dom-
    E-value  score  bias    E-value  score  bias    exp  N  Sequence Description
    ------- ------ -----    ------- ------ -----   ---- --  -------- -----------

   [No hits detected that satisfy reporting thresholds]


Domain annotation for each sequence (and alignments):

   [No targets detected that satisfy reporting thresholds]


Internal pipeline statistics summary:
-------------------------------------
Query model(s):                            1  (482 nodes)
Target sequences:                       1158  (342373 residues searched)
Passed MSV filter:                        60  (0.0518135); expected 23.2 (0.02)
Passed bias filter:                       35  (0.0302245); expected 23.2 (0.02)
Passed Vit filter:                         6  (0.00518135); expected 1.2 (0.001)
Passed Fwd filter:                         0  (0); expected 0.0 (1e-05)
Initial search space (Z):               1158  [actual number of targets]
Domain search space  (domZ):               0  [number of targets reported over threshold]
# CPU time: 0.01u 0.00s 00:00:00.01 Elapsed: 00:00:00.01
# Mc/sec: 14334.54
//
Query:       nifK-03292025  [M=490]
Scores for complete sequences (score includes all domains):
   --- full sequence ---   --- best 1 domain ---    -#dom-
    E-value  score  bias    E-value  score  bias    exp  N  Sequence Description
    ------- ------ -----    ------- ------ -----   ---- --  -------- -----------

   [No hits detected that satisfy reporting thresholds]


Domain annotation for each sequence (and alignments):

   [No targets detected that satisfy reporting thresholds]


Internal pipeline statistics summary:
-------------------------------------
Query model(s):                            1  (490 nodes)
Target sequences:                       1158  (342373 residues searched)
Passed MSV filter:                        44  (0.0379965); expected 23.2 (0.02)
Passed bias filter:                       33  (0.0284974); expected 23.2 (0.02)
Passed Vit filter:                         2  (0.00172712); expected 1.2 (0.001)
Passed Fwd filter:                         0  (0); expected 0.0 (1e-05)
Initial search space (Z):               1158  [actual number of targets]
Domain search space  (domZ):               0  [number of targets reported over threshold]
# CPU time: 0.01u 0.00s 00:00:00.01 Elapsed: 00:00:00.00
# Mc/sec: 19375.24
//
Query:       nifB-03292025  [M=505]
Scores for complete sequences (score includes all domains):
   --- full sequence ---   --- best 1 domain ---    -#dom-
    E-value  score  bias    E-value  score  bias    exp  N  Sequence Description
    ------- ------ -----    ------- ------ -----   ---- --  -------- -----------

   [No hits detected that satisfy reporting thresholds]


Domain annotation for each sequence (and alignments):

   [No targets detected that satisfy reporting thresholds]


Internal pipeline statistics summary:
-------------------------------------
Query model(s):                            1  (505 nodes)
Target sequences:                       1158  (342373 residues searched)
Passed MSV filter:                        33  (0.0284974); expected 23.2 (0.02)
Passed bias filter:                       24  (0.0207254); expected 23.2 (0.02)
Passed Vit filter:                         3  (0.00259067); expected 1.2 (0.001)
Passed Fwd filter:                         0  (0); expected 0.0 (1e-05)
Initial search space (Z):               1158  [actual number of targets]
Domain search space  (domZ):               0  [number of targets reported over threshold]
# CPU time: 0.01u 0.00s 00:00:00.01 Elapsed: 00:00:00.01
# Mc/sec: 17223.48
//
Query:       nifE-03292025  [M=556]
Scores for complete sequences (score includes all domains):
   --- full sequence ---   --- best 1 domain ---    -#dom-
    E-value  score  bias    E-value  score  bias    exp  N  Sequence Description
    ------- ------ -----    ------- ------ -----   ---- --  -------- -----------

   [No hits detected that satisfy reporting thresholds]


Domain annotation for each sequence (and alignments):

   [No targets detected that satisfy reporting thresholds]


Internal pipeline statistics summary:
-------------------------------------
Query model(s):                            1  (556 nodes)
Target sequences:                       1158  (342373 residues searched)
Passed MSV filter:                        51  (0.0440415); expected 23.2 (0.02)
Passed bias filter:                       32  (0.0276339); expected 23.2 (0.02)
Passed Vit filter:                         1  (0.000863558); expected 1.2 (0.001)
Passed Fwd filter:                         0  (0); expected 0.0 (1e-05)
Initial search space (Z):               1158  [actual number of targets]
Domain search space  (domZ):               0  [number of targets reported over threshold]
# CPU time: 0.01u 0.00s 00:00:00.01 Elapsed: 00:00:00.01
# Mc/sec: 17860.16
//
Query:       nifN-03292025  [M=700]
Scores for complete sequences (score includes all domains):
   --- full sequence ---   --- best 1 domain ---    -#dom-
    E-value  score  bias    E-value  score  bias    exp  N  Sequence Description
    ------- ------ -----    ------- ------ -----   ---- --  -------- -----------

   [No hits detected that satisfy reporting thresholds]


Domain annotation for each sequence (and alignments):

   [No targets detected that satisfy reporting thresholds]


Internal pipeline statistics summary:
-------------------------------------
Query model(s):                            1  (700 nodes)
Target sequences:                       1158  (342373 residues searched)
Passed MSV filter:                        33  (0.0284974); expected 23.2 (0.02)
Passed bias filter:                       22  (0.0189983); expected 23.2 (0.02)
Passed Vit filter:                         1  (0.000863558); expected 1.2 (0.001)
Passed Fwd filter:                         0  (0); expected 0.0 (1e-05)
Initial search space (Z):               1158  [actual number of targets]
Domain search space  (domZ):               0  [number of targets reported over threshold]
# CPU time: 0.01u 0.01s 00:00:00.02 Elapsed: 00:00:00.01
# Mc/sec: 20657.29
//
Query:       pchlide-04012025  [M=508]
Scores for complete sequences (score includes all domains):
   --- full sequence ---   --- best 1 domain ---    -#dom-
    E-value  score  bias    E-value  score  bias    exp  N  Sequence Description
    ------- ------ -----    ------- ------ -----   ---- --  -------- -----------

   [No hits detected that satisfy reporting thresholds]


Domain annotation for each sequence (and alignments):

   [No targets detected that satisfy reporting thresholds]


Internal pipeline statistics summary:
-------------------------------------
Query model(s):                            1  (508 nodes)
Target sequences:                       1158  (342373 residues searched)
Passed MSV filter:                        40  (0.0345423); expected 23.2 (0.02)
Passed bias filter:                       34  (0.029361); expected 23.2 (0.02)
Passed Vit filter:                         1  (0.000863558); expected 1.2 (0.001)
Passed Fwd filter:                         0  (0); expected 0.0 (1e-05)
Initial search space (Z):               1158  [actual number of targets]
Domain search space  (domZ):               0  [number of targets reported over threshold]
# CPU time: 0.01u 0.00s 00:00:00.01 Elapsed: 00:00:00.01
# Mc/sec: 16179.03
//
[ok]
# hmmsearch :: search profile(s) against a sequence database
# HMMER 3.4 (Aug 2023); http://hmmer.org/
# Copyright (C) 2023 Howard Hughes Medical Institute.
# Freely distributed under the BSD open source license.
# - - - - - - - - - - - - - - - - - - - - - - - - - - - - - - - - - - - -
# query HMM file:                  ../HMMs/nifV_07242025.hmm
# target sequence database:        ../all_rep_proteins_aa/bacteria/GB_GCA_025450075.1_protein.faa
# - - - - - - - - - - - - - - - - - - - - - - - - - - - - - - - - - - - -

Query:       nifV-07242025  [M=437]
Scores for complete sequences (score includes all domains):
   --- full sequence ---   --- best 1 domain ---    -#dom-
    E-value  score  bias    E-value  score  bias    exp  N  Sequence Description
    ------- ------ -----    ------- ------ -----   ---- --  -------- -----------

   [No hits detected that satisfy reporting thresholds]


Domain annotation for each sequence (and alignments):

   [No targets detected that satisfy reporting thresholds]


Internal pipeline statistics summary:
-------------------------------------
Query model(s):                            1  (437 nodes)
Target sequences:                       1158  (342373 residues searched)
Passed MSV filter:                        24  (0.0207254); expected 23.2 (0.02)
Passed bias filter:                       20  (0.0172712); expected 23.2 (0.02)
Passed Vit filter:                         1  (0.000863558); expected 1.2 (0.001)
Passed Fwd filter:                         0  (0); expected 0.0 (1e-05)
Initial search space (Z):               1158  [actual number of targets]
Domain search space  (domZ):               0  [number of targets reported over threshold]
# CPU time: 0.01u 0.00s 00:00:00.01 Elapsed: 00:00:00.00
# Mc/sec: 18332.29
//
[ok]
