# hmmsearch :: search profile(s) against a sequence database
# HMMER 3.4 (Aug 2023); http://hmmer.org/
# Copyright (C) 2023 Howard Hughes Medical Institute.
# Freely distributed under the BSD open source license.
# - - - - - - - - - - - - - - - - - - - - - - - - - - - - - - - - - - - -
# query HMM file:                  ../HMMs/combined_nif_04012025.hmm
# target sequence database:        ../all_rep_proteins_aa/bacteria/GB_GCA_002347605.1_protein.faa
# - - - - - - - - - - - - - - - - - - - - - - - - - - - - - - - - - - - -

Query:       nifH-03292025  [M=327]
Scores for complete sequences (score includes all domains):
   --- full sequence ---   --- best 1 domain ---    -#dom-
    E-value  score  bias    E-value  score  bias    exp  N  Sequence          Description
    ------- ------ -----    ------- ------ -----   ---- --  --------          -----------
    6.2e-13   44.0   0.1    2.1e-07   25.9   0.0    2.2  2  DDXN01000018.1_32  # 24981 # 25772 # -1 # ID=9_32;partial=00;
  ------ inclusion threshold ------
        0.7    4.4   7.9      0.018    9.6   0.5    2.1  3  DDXN01000022.1_30  # 26748 # 28256 # 1 # ID=4_30;partial=00;s


Domain annotation for each sequence (and alignments):
>> DDXN01000018.1_32  # 24981 # 25772 # -1 # ID=9_32;partial=00;start_type=ATG;rbs_motif=ATTAT;rbs_spacer=4bp;gc_cont=0.
   #    score  bias  c-Evalue  i-Evalue hmmfrom  hmm to    alifrom  ali to    envfrom  env to     acc
 ---   ------ ----- --------- --------- ------- -------    ------- -------    ------- -------    ----
   1 !   25.9   0.0   5.5e-10   2.1e-07      17      50 ..      10      43 ..       5      76 .. 0.91
   2 !   16.0   0.0   5.6e-07   0.00021     149     253 ..     151     259 ..     148     261 .. 0.75

  Alignments for each domain:
  == domain 1  score: 25.9 bits;  conditional E-value: 5.5e-10
      nifH-03292025 17 KGGiGKSttasnlsaalaeegkkvlivGCdPKaD 50
                       KGG+GK tt+ nl aa+a++gkk+l +  dP a 
  DDXN01000018.1_32 10 KGGVGKTTTTLNLGAAIARKGKKILLIDLDPQAN 43
                       9******************************986 PP

  == domain 2  score: 16.0 bits;  conditional E-value: 5.6e-07
      nifH-03292025 149 adevyivtsgemmalYaanniakgikkyaee.ggvrlgGlicNsrkvdk..eeelveefaeklgtq.iiafvprsnevqkaelekktvieaa 236
                        a+e  i + +e+ al     +++++k ++   ++ +lgG+i  + ++++   +++v+++ e ++ +   + vpr+  +++a   +kt+++++
  DDXN01000018.1_32 151 AEELLIPIQCEYFALEGLGQLINTMKLIKGLnSSLSLGGVILTMYDSRTklSSNVVTDVREFFKETaFETIVPRNVRLSEAPSYGKTIFQYD 242
                        667777777788887777777777666665437789*****9876554411567777777766544044569******************** PP

      nifH-03292025 237 pdseqakeyreLakkil 253
                        ++s+ a +y++La++ +
  DDXN01000018.1_32 243 NKSTGAIAYNNLAREFI 259
                        *************9865 PP

>> DDXN01000022.1_30  # 26748 # 28256 # 1 # ID=4_30;partial=00;start_type=ATG;rbs_motif=ATAAT;rbs_spacer=7bp;gc_cont=0.3
   #    score  bias  c-Evalue  i-Evalue hmmfrom  hmm to    alifrom  ali to    envfrom  env to     acc
 ---   ------ ----- --------- --------- ------- -------    ------- -------    ------- -------    ----
   1 ?   -3.2   0.1       0.4   1.5e+02      10      25 ..      28      43 ..      25      48 .. 0.84
   2 ?   -2.5   0.1      0.24        88     217     248 ..     254     272 ..     211     294 .. 0.50
   3 ?    9.6   0.5   4.9e-05     0.018       7      37 ..     321     351 ..     314     363 .. 0.79

  Alignments for each domain:
  == domain 1  score: -3.2 bits;  conditional E-value: 0.4
      nifH-03292025 10 rkiAiYGKGGiGKStt 25
                       +ki + G  G GKSt 
  DDXN01000022.1_30 28 EKIGLVGVNGAGKSTL 43
                       588999999*****97 PP

  == domain 2  score: -2.5 bits;  conditional E-value: 0.24
      nifH-03292025 217 prsnevqkaelekktvieaapdseqakeyreL 248
                        +  +++++a             ++++++  +L
  DDXN01000022.1_30 254 KAAKKFEQA-------------KKEKEKVLAL 272
                        222222222.............2222222233 PP

  == domain 3  score: 9.6 bits;  conditional E-value: 4.9e-05
      nifH-03292025   7 kkmrkiAiYGKGGiGKSttasnlsaalaeeg 37 
                        +k ++iA+ GK G+GK t  + l+  l+++ 
  DDXN01000022.1_30 321 EKGERIAVIGKNGVGKTTLLKILVGKLSQTK 351
                        45689***************99999999653 PP



Internal pipeline statistics summary:
-------------------------------------
Query model(s):                            1  (327 nodes)
Target sequences:                        747  (228109 residues searched)
Passed MSV filter:                        52  (0.0696118); expected 14.9 (0.02)
Passed bias filter:                       38  (0.0508701); expected 14.9 (0.02)
Passed Vit filter:                         6  (0.00803213); expected 0.7 (0.001)
Passed Fwd filter:                         2  (0.00267738); expected 0.0 (1e-05)
Initial search space (Z):                747  [actual number of targets]
Domain search space  (domZ):               2  [number of targets reported over threshold]
# CPU time: 0.01u 0.00s 00:00:00.01 Elapsed: 00:00:00.01
# Mc/sec: 5094.04
//
Query:       nifD-03292025  [M=482]
Scores for complete sequences (score includes all domains):
   --- full sequence ---   --- best 1 domain ---    -#dom-
    E-value  score  bias    E-value  score  bias    exp  N  Sequence Description
    ------- ------ -----    ------- ------ -----   ---- --  -------- -----------

   [No hits detected that satisfy reporting thresholds]


Domain annotation for each sequence (and alignments):

   [No targets detected that satisfy reporting thresholds]


Internal pipeline statistics summary:
-------------------------------------
Query model(s):                            1  (482 nodes)
Target sequences:                        747  (228109 residues searched)
Passed MSV filter:                        52  (0.0696118); expected 14.9 (0.02)
Passed bias filter:                       23  (0.0307898); expected 14.9 (0.02)
Passed Vit filter:                         1  (0.00133869); expected 0.7 (0.001)
Passed Fwd filter:                         0  (0); expected 0.0 (1e-05)
Initial search space (Z):                747  [actual number of targets]
Domain search space  (domZ):               0  [number of targets reported over threshold]
# CPU time: 0.00u 0.00s 00:00:00.00 Elapsed: 00:00:00.00
# Mc/sec: 13494.22
//
Query:       nifK-03292025  [M=490]
Scores for complete sequences (score includes all domains):
   --- full sequence ---   --- best 1 domain ---    -#dom-
    E-value  score  bias    E-value  score  bias    exp  N  Sequence Description
    ------- ------ -----    ------- ------ -----   ---- --  -------- -----------

   [No hits detected that satisfy reporting thresholds]


Domain annotation for each sequence (and alignments):

   [No targets detected that satisfy reporting thresholds]


Internal pipeline statistics summary:
-------------------------------------
Query model(s):                            1  (490 nodes)
Target sequences:                        747  (228109 residues searched)
Passed MSV filter:                        28  (0.0374833); expected 14.9 (0.02)
Passed bias filter:                       18  (0.0240964); expected 14.9 (0.02)
Passed Vit filter:                         2  (0.00267738); expected 0.7 (0.001)
Passed Fwd filter:                         0  (0); expected 0.0 (1e-05)
Initial search space (Z):                747  [actual number of targets]
Domain search space  (domZ):               0  [number of targets reported over threshold]
# CPU time: 0.00u 0.00s 00:00:00.00 Elapsed: 00:00:00.00
# Mc/sec: 15838.24
//
Query:       nifB-03292025  [M=505]
Scores for complete sequences (score includes all domains):
   --- full sequence ---   --- best 1 domain ---    -#dom-
    E-value  score  bias    E-value  score  bias    exp  N  Sequence Description
    ------- ------ -----    ------- ------ -----   ---- --  -------- -----------

   [No hits detected that satisfy reporting thresholds]


Domain annotation for each sequence (and alignments):

   [No targets detected that satisfy reporting thresholds]


Internal pipeline statistics summary:
-------------------------------------
Query model(s):                            1  (505 nodes)
Target sequences:                        747  (228109 residues searched)
Passed MSV filter:                        32  (0.042838); expected 14.9 (0.02)
Passed bias filter:                       21  (0.0281124); expected 14.9 (0.02)
Passed Vit filter:                         1  (0.00133869); expected 0.7 (0.001)
Passed Fwd filter:                         0  (0); expected 0.0 (1e-05)
Initial search space (Z):                747  [actual number of targets]
Domain search space  (domZ):               0  [number of targets reported over threshold]
# CPU time: 0.00u 0.00s 00:00:00.00 Elapsed: 00:00:00.00
# Mc/sec: 16049.14
//
Query:       nifE-03292025  [M=556]
Scores for complete sequences (score includes all domains):
   --- full sequence ---   --- best 1 domain ---    -#dom-
    E-value  score  bias    E-value  score  bias    exp  N  Sequence Description
    ------- ------ -----    ------- ------ -----   ---- --  -------- -----------

   [No hits detected that satisfy reporting thresholds]


Domain annotation for each sequence (and alignments):

   [No targets detected that satisfy reporting thresholds]


Internal pipeline statistics summary:
-------------------------------------
Query model(s):                            1  (556 nodes)
Target sequences:                        747  (228109 residues searched)
Passed MSV filter:                        35  (0.0468541); expected 14.9 (0.02)
Passed bias filter:                       23  (0.0307898); expected 14.9 (0.02)
Passed Vit filter:                         0  (0); expected 0.7 (0.001)
Passed Fwd filter:                         0  (0); expected 0.0 (1e-05)
Initial search space (Z):                747  [actual number of targets]
Domain search space  (domZ):               0  [number of targets reported over threshold]
# CPU time: 0.01u 0.00s 00:00:00.01 Elapsed: 00:00:00.00
# Mc/sec: 14461.12
//
Query:       nifN-03292025  [M=700]
Scores for complete sequences (score includes all domains):
   --- full sequence ---   --- best 1 domain ---    -#dom-
    E-value  score  bias    E-value  score  bias    exp  N  Sequence Description
    ------- ------ -----    ------- ------ -----   ---- --  -------- -----------

   [No hits detected that satisfy reporting thresholds]


Domain annotation for each sequence (and alignments):

   [No targets detected that satisfy reporting thresholds]


Internal pipeline statistics summary:
-------------------------------------
Query model(s):                            1  (700 nodes)
Target sequences:                        747  (228109 residues searched)
Passed MSV filter:                        32  (0.042838); expected 14.9 (0.02)
Passed bias filter:                       24  (0.0321285); expected 14.9 (0.02)
Passed Vit filter:                         2  (0.00267738); expected 0.7 (0.001)
Passed Fwd filter:                         0  (0); expected 0.0 (1e-05)
Initial search space (Z):                747  [actual number of targets]
Domain search space  (domZ):               0  [number of targets reported over threshold]
# CPU time: 0.01u 0.00s 00:00:00.01 Elapsed: 00:00:00.01
# Mc/sec: 15275.60
//
Query:       pchlide-04012025  [M=508]
Scores for complete sequences (score includes all domains):
   --- full sequence ---   --- best 1 domain ---    -#dom-
    E-value  score  bias    E-value  score  bias    exp  N  Sequence Description
    ------- ------ -----    ------- ------ -----   ---- --  -------- -----------

   [No hits detected that satisfy reporting thresholds]


Domain annotation for each sequence (and alignments):

   [No targets detected that satisfy reporting thresholds]


Internal pipeline statistics summary:
-------------------------------------
Query model(s):                            1  (508 nodes)
Target sequences:                        747  (228109 residues searched)
Passed MSV filter:                        25  (0.0334672); expected 14.9 (0.02)
Passed bias filter:                       22  (0.0294511); expected 14.9 (0.02)
Passed Vit filter:                         2  (0.00267738); expected 0.7 (0.001)
Passed Fwd filter:                         0  (0); expected 0.0 (1e-05)
Initial search space (Z):                747  [actual number of targets]
Domain search space  (domZ):               0  [number of targets reported over threshold]
# CPU time: 0.01u 0.00s 00:00:00.01 Elapsed: 00:00:00.00
# Mc/sec: 14572.88
//
[ok]
# hmmsearch :: search profile(s) against a sequence database
# HMMER 3.4 (Aug 2023); http://hmmer.org/
# Copyright (C) 2023 Howard Hughes Medical Institute.
# Freely distributed under the BSD open source license.
# - - - - - - - - - - - - - - - - - - - - - - - - - - - - - - - - - - - -
# query HMM file:                  ../HMMs/nifV_07242025.hmm
# target sequence database:        ../all_rep_proteins_aa/bacteria/GB_GCA_002347605.1_protein.faa
# - - - - - - - - - - - - - - - - - - - - - - - - - - - - - - - - - - - -

Query:       nifV-07242025  [M=437]
Scores for complete sequences (score includes all domains):
   --- full sequence ---   --- best 1 domain ---    -#dom-
    E-value  score  bias    E-value  score  bias    exp  N  Sequence Description
    ------- ------ -----    ------- ------ -----   ---- --  -------- -----------

   [No hits detected that satisfy reporting thresholds]


Domain annotation for each sequence (and alignments):

   [No targets detected that satisfy reporting thresholds]


Internal pipeline statistics summary:
-------------------------------------
Query model(s):                            1  (437 nodes)
Target sequences:                        747  (228109 residues searched)
Passed MSV filter:                        16  (0.021419); expected 14.9 (0.02)
Passed bias filter:                       12  (0.0160643); expected 14.9 (0.02)
Passed Vit filter:                         0  (0); expected 0.7 (0.001)
Passed Fwd filter:                         0  (0); expected 0.0 (1e-05)
Initial search space (Z):                747  [actual number of targets]
Domain search space  (domZ):               0  [number of targets reported over threshold]
# CPU time: 0.00u 0.00s 00:00:00.00 Elapsed: 00:00:00.00
# Mc/sec: 16416.51
//
[ok]
