# hmmsearch :: search profile(s) against a sequence database
# HMMER 3.4 (Aug 2023); http://hmmer.org/
# Copyright (C) 2023 Howard Hughes Medical Institute.
# Freely distributed under the BSD open source license.
# - - - - - - - - - - - - - - - - - - - - - - - - - - - - - - - - - - - -
# query HMM file:                  ../HMMs/combined_nif_04012025.hmm
# target sequence database:        ../all_rep_proteins_aa/bacteria/GB_GCA_903893445.1_protein.faa
# - - - - - - - - - - - - - - - - - - - - - - - - - - - - - - - - - - - -

Query:       nifH-03292025  [M=327]
Scores for complete sequences (score includes all domains):
   --- full sequence ---   --- best 1 domain ---    -#dom-
    E-value  score  bias    E-value  score  bias    exp  N  Sequence            Description
    ------- ------ -----    ------- ------ -----   ---- --  --------            -----------
    2.4e-13   46.2   0.0    2.9e-07   26.2   0.0    2.1  2  CAITMG010000015.1_3  # 2014 # 2793 # 1 # ID=15_3;partial=00;s
      0.002   13.5   0.1     0.0034   12.8   0.1    1.2  1  CAITMG010000045.1_4  # 3780 # 5147 # 1 # ID=45_4;partial=00;s


Domain annotation for each sequence (and alignments):
>> CAITMG010000015.1_3  # 2014 # 2793 # 1 # ID=15_3;partial=00;start_type=ATG;rbs_motif=None;rbs_spacer=None;gc_cont=0.4
   #    score  bias  c-Evalue  i-Evalue hmmfrom  hmm to    alifrom  ali to    envfrom  env to     acc
 ---   ------ ----- --------- --------- ------- -------    ------- -------    ------- -------    ----
   1 !   26.2   0.0   4.5e-10   2.9e-07      17      53 ..      11      47 ..       5      67 .. 0.93
   2 !   18.0   0.0   1.4e-07   8.9e-05     149     258 ..     141     255 ..     138     258 .. 0.82

  Alignments for each domain:
  == domain 1  score: 26.2 bits;  conditional E-value: 4.5e-10
        nifH-03292025 17 KGGiGKSttasnlsaalaeegkkvlivGCdPKaDstr 53
                         KGG+GK tta nl a lae+gk vliv  dP a +t+
  CAITMG010000015.1_3 11 KGGVGKTTTAINLGAYLAEAGKFVLIVDLDPQANATS 47
                         9********************************9997 PP

  == domain 2  score: 18.0 bits;  conditional E-value: 1.4e-07
        nifH-03292025 149 adevyivtsgemmalYaanniakgikkyaee..ggvrlgGlicNsrkvdk..eeelveefaeklgtqiiaf.vprsnevqkaelekktvi 233
                          adev i + +e+ al     ++++++ ++e+   + ++ G +  + ++++   +++++e+ + +  +i+   +prs  + +a   ++t++
  CAITMG010000015.1_3 141 ADEVLIPVQAEYYALEGLSQLLETVTLVKERlrPELEILGAVLTMYDSRNklSDDVMQELYKYFPNNIFRSvIPRSVRLAEAPSFGRTIV 230
                          8999999999*************999999984444555566655544433115788999999999999875279**************** PP

        nifH-03292025 234 eaapdseqakeyreLakkilenkkl 258
                          +++  s+ ak+y++La++il+ +++
  CAITMG010000015.1_3 231 SFDGASKGAKAYERLAREILDSEMQ 255
                          *******************998765 PP

>> CAITMG010000045.1_4  # 3780 # 5147 # 1 # ID=45_4;partial=00;start_type=ATG;rbs_motif=None;rbs_spacer=None;gc_cont=0.5
   #    score  bias  c-Evalue  i-Evalue hmmfrom  hmm to    alifrom  ali to    envfrom  env to     acc
 ---   ------ ----- --------- --------- ------- -------    ------- -------    ------- -------    ----
   1 !   12.8   0.1   5.3e-06    0.0034      16      43 ..      97     124 ..      91     128 .. 0.92

  Alignments for each domain:
  == domain 1  score: 12.8 bits;  conditional E-value: 5.3e-06
        nifH-03292025  16 GKGGiGKSttasnlsaalaeegkkvliv 43 
                          G  GiGKSt  s+ + a+a +g++v+ v
  CAITMG010000045.1_4  97 GEPGIGKSTLLSQAAIAIAASGRRVMYV 124
                          889***********************87 PP



Internal pipeline statistics summary:
-------------------------------------
Query model(s):                            1  (327 nodes)
Target sequences:                       1267  (368211 residues searched)
Passed MSV filter:                        57  (0.0449882); expected 25.3 (0.02)
Passed bias filter:                       42  (0.0331492); expected 25.3 (0.02)
Passed Vit filter:                         9  (0.00710339); expected 1.3 (0.001)
Passed Fwd filter:                         2  (0.00157853); expected 0.0 (1e-05)
Initial search space (Z):               1267  [actual number of targets]
Domain search space  (domZ):               2  [number of targets reported over threshold]
# CPU time: 0.01u 0.00s 00:00:00.01 Elapsed: 00:00:00.01
# Mc/sec: 8198.35
//
Query:       nifD-03292025  [M=482]
Scores for complete sequences (score includes all domains):
   --- full sequence ---   --- best 1 domain ---    -#dom-
    E-value  score  bias    E-value  score  bias    exp  N  Sequence Description
    ------- ------ -----    ------- ------ -----   ---- --  -------- -----------

   [No hits detected that satisfy reporting thresholds]


Domain annotation for each sequence (and alignments):

   [No targets detected that satisfy reporting thresholds]


Internal pipeline statistics summary:
-------------------------------------
Query model(s):                            1  (482 nodes)
Target sequences:                       1267  (368211 residues searched)
Passed MSV filter:                        45  (0.035517); expected 25.3 (0.02)
Passed bias filter:                       39  (0.0307814); expected 25.3 (0.02)
Passed Vit filter:                         1  (0.000789266); expected 1.3 (0.001)
Passed Fwd filter:                         0  (0); expected 0.0 (1e-05)
Initial search space (Z):               1267  [actual number of targets]
Domain search space  (domZ):               0  [number of targets reported over threshold]
# CPU time: 0.01u 0.00s 00:00:00.01 Elapsed: 00:00:00.01
# Mc/sec: 15412.69
//
Query:       nifK-03292025  [M=490]
Scores for complete sequences (score includes all domains):
   --- full sequence ---   --- best 1 domain ---    -#dom-
    E-value  score  bias    E-value  score  bias    exp  N  Sequence Description
    ------- ------ -----    ------- ------ -----   ---- --  -------- -----------

   [No hits detected that satisfy reporting thresholds]


Domain annotation for each sequence (and alignments):

   [No targets detected that satisfy reporting thresholds]


Internal pipeline statistics summary:
-------------------------------------
Query model(s):                            1  (490 nodes)
Target sequences:                       1267  (368211 residues searched)
Passed MSV filter:                        25  (0.0197316); expected 25.3 (0.02)
Passed bias filter:                       20  (0.0157853); expected 25.3 (0.02)
Passed Vit filter:                         0  (0); expected 1.3 (0.001)
Passed Fwd filter:                         0  (0); expected 0.0 (1e-05)
Initial search space (Z):               1267  [actual number of targets]
Domain search space  (domZ):               0  [number of targets reported over threshold]
# CPU time: 0.02u 0.00s 00:00:00.02 Elapsed: 00:00:00.00
# Mc/sec: 18936.07
//
Query:       nifB-03292025  [M=505]
Scores for complete sequences (score includes all domains):
   --- full sequence ---   --- best 1 domain ---    -#dom-
    E-value  score  bias    E-value  score  bias    exp  N  Sequence Description
    ------- ------ -----    ------- ------ -----   ---- --  -------- -----------

   [No hits detected that satisfy reporting thresholds]


Domain annotation for each sequence (and alignments):

   [No targets detected that satisfy reporting thresholds]


Internal pipeline statistics summary:
-------------------------------------
Query model(s):                            1  (505 nodes)
Target sequences:                       1267  (368211 residues searched)
Passed MSV filter:                        29  (0.0228887); expected 25.3 (0.02)
Passed bias filter:                       21  (0.0165746); expected 25.3 (0.02)
Passed Vit filter:                         1  (0.000789266); expected 1.3 (0.001)
Passed Fwd filter:                         0  (0); expected 0.0 (1e-05)
Initial search space (Z):               1267  [actual number of targets]
Domain search space  (domZ):               0  [number of targets reported over threshold]
# CPU time: 0.01u 0.00s 00:00:00.01 Elapsed: 00:00:00.01
# Mc/sec: 16721.08
//
Query:       nifE-03292025  [M=556]
Scores for complete sequences (score includes all domains):
   --- full sequence ---   --- best 1 domain ---    -#dom-
    E-value  score  bias    E-value  score  bias    exp  N  Sequence Description
    ------- ------ -----    ------- ------ -----   ---- --  -------- -----------

   [No hits detected that satisfy reporting thresholds]


Domain annotation for each sequence (and alignments):

   [No targets detected that satisfy reporting thresholds]


Internal pipeline statistics summary:
-------------------------------------
Query model(s):                            1  (556 nodes)
Target sequences:                       1267  (368211 residues searched)
Passed MSV filter:                        46  (0.0363062); expected 25.3 (0.02)
Passed bias filter:                       31  (0.0244672); expected 25.3 (0.02)
Passed Vit filter:                         1  (0.000789266); expected 1.3 (0.001)
Passed Fwd filter:                         0  (0); expected 0.0 (1e-05)
Initial search space (Z):               1267  [actual number of targets]
Domain search space  (domZ):               0  [number of targets reported over threshold]
# CPU time: 0.01u 0.00s 00:00:00.01 Elapsed: 00:00:00.01
# Mc/sec: 16235.37
//
Query:       nifN-03292025  [M=700]
Scores for complete sequences (score includes all domains):
   --- full sequence ---   --- best 1 domain ---    -#dom-
    E-value  score  bias    E-value  score  bias    exp  N  Sequence Description
    ------- ------ -----    ------- ------ -----   ---- --  -------- -----------

   [No hits detected that satisfy reporting thresholds]


Domain annotation for each sequence (and alignments):

   [No targets detected that satisfy reporting thresholds]


Internal pipeline statistics summary:
-------------------------------------
Query model(s):                            1  (700 nodes)
Target sequences:                       1267  (368211 residues searched)
Passed MSV filter:                        37  (0.0292028); expected 25.3 (0.02)
Passed bias filter:                       26  (0.0205209); expected 25.3 (0.02)
Passed Vit filter:                         2  (0.00157853); expected 1.3 (0.001)
Passed Fwd filter:                         0  (0); expected 0.0 (1e-05)
Initial search space (Z):               1267  [actual number of targets]
Domain search space  (domZ):               0  [number of targets reported over threshold]
# CPU time: 0.02u 0.00s 00:00:00.02 Elapsed: 00:00:00.01
# Mc/sec: 17948.70
//
Query:       pchlide-04012025  [M=508]
Scores for complete sequences (score includes all domains):
   --- full sequence ---   --- best 1 domain ---    -#dom-
    E-value  score  bias    E-value  score  bias    exp  N  Sequence Description
    ------- ------ -----    ------- ------ -----   ---- --  -------- -----------

   [No hits detected that satisfy reporting thresholds]


Domain annotation for each sequence (and alignments):

   [No targets detected that satisfy reporting thresholds]


Internal pipeline statistics summary:
-------------------------------------
Query model(s):                            1  (508 nodes)
Target sequences:                       1267  (368211 residues searched)
Passed MSV filter:                        50  (0.0394633); expected 25.3 (0.02)
Passed bias filter:                       38  (0.0299921); expected 25.3 (0.02)
Passed Vit filter:                         2  (0.00157853); expected 1.3 (0.001)
Passed Fwd filter:                         0  (0); expected 0.0 (1e-05)
Initial search space (Z):               1267  [actual number of targets]
Domain search space  (domZ):               0  [number of targets reported over threshold]
# CPU time: 0.01u 0.00s 00:00:00.01 Elapsed: 00:00:00.01
# Mc/sec: 16506.41
//
[ok]
# hmmsearch :: search profile(s) against a sequence database
# HMMER 3.4 (Aug 2023); http://hmmer.org/
# Copyright (C) 2023 Howard Hughes Medical Institute.
# Freely distributed under the BSD open source license.
# - - - - - - - - - - - - - - - - - - - - - - - - - - - - - - - - - - - -
# query HMM file:                  ../HMMs/nifV_07242025.hmm
# target sequence database:        ../all_rep_proteins_aa/bacteria/GB_GCA_903893445.1_protein.faa
# - - - - - - - - - - - - - - - - - - - - - - - - - - - - - - - - - - - -

Query:       nifV-07242025  [M=437]
Scores for complete sequences (score includes all domains):
   --- full sequence ---   --- best 1 domain ---    -#dom-
    E-value  score  bias    E-value  score  bias    exp  N  Sequence Description
    ------- ------ -----    ------- ------ -----   ---- --  -------- -----------

   [No hits detected that satisfy reporting thresholds]


Domain annotation for each sequence (and alignments):

   [No targets detected that satisfy reporting thresholds]


Internal pipeline statistics summary:
-------------------------------------
Query model(s):                            1  (437 nodes)
Target sequences:                       1267  (368211 residues searched)
Passed MSV filter:                        36  (0.0284136); expected 25.3 (0.02)
Passed bias filter:                       27  (0.0213102); expected 25.3 (0.02)
Passed Vit filter:                         3  (0.0023678); expected 1.3 (0.001)
Passed Fwd filter:                         0  (0); expected 0.0 (1e-05)
Initial search space (Z):               1267  [actual number of targets]
Domain search space  (domZ):               0  [number of targets reported over threshold]
# CPU time: 0.01u 0.00s 00:00:00.01 Elapsed: 00:00:00.00
# Mc/sec: 20748.20
//
[ok]
