# hmmsearch :: search profile(s) against a sequence database
# HMMER 3.4 (Aug 2023); http://hmmer.org/
# Copyright (C) 2023 Howard Hughes Medical Institute.
# Freely distributed under the BSD open source license.
# - - - - - - - - - - - - - - - - - - - - - - - - - - - - - - - - - - - -
# query HMM file:                  ../HMMs/combined_nif_04012025.hmm
# target sequence database:        ../all_rep_proteins_aa/bacteria/GB_GCA_949291455.1_protein.faa
# - - - - - - - - - - - - - - - - - - - - - - - - - - - - - - - - - - - -

Query:       nifH-03292025  [M=327]
Scores for complete sequences (score includes all domains):
   --- full sequence ---   --- best 1 domain ---    -#dom-
    E-value  score  bias    E-value  score  bias    exp  N  Sequence             Description
    ------- ------ -----    ------- ------ -----   ---- --  --------             -----------
    6.9e-13   44.5   0.8    8.5e-08   27.7   0.4    2.1  2  CASEVQ010000004.1_48  # 43451 # 44233 # 1 # ID=4_48;partial=0
    0.00031   16.0   0.1    0.00074   14.8   0.1    1.7  1  CASEVQ010000029.1_3   # 2443 # 3495 # 1 # ID=29_3;partial=00;


Domain annotation for each sequence (and alignments):
>> CASEVQ010000004.1_48  # 43451 # 44233 # 1 # ID=4_48;partial=00;start_type=ATG;rbs_motif=GGA/GAG/AGG;rbs_spacer=5-10bp
   #    score  bias  c-Evalue  i-Evalue hmmfrom  hmm to    alifrom  ali to    envfrom  env to     acc
 ---   ------ ----- --------- --------- ------- -------    ------- -------    ------- -------    ----
   1 !   27.7   0.4   1.5e-10   8.5e-08      17      68 ..      11      64 ..       5      81 .. 0.83
   2 !   15.2   0.0     1e-06   0.00057     150     255 ..     148     258 ..     143     260 .. 0.83

  Alignments for each domain:
  == domain 1  score: 27.7 bits;  conditional E-value: 1.5e-10
         nifH-03292025 17 KGGiGKSttasnlsaalaeegkkvlivGCdPKaDstrll..lggkaqktvldll 68
                          KGG+GK tt+ nlsa la  gkkvl +  dP   +t+ +   +g   kt+ d+l
  CASEVQ010000004.1_48 11 KGGVGKTTTSINLSASLAYLGKKVLLLDLDPQGNTTTGIgmNKGDIDKTIYDVL 64
                          9*********************************99876214455667777766 PP

  == domain 2  score: 15.2 bits;  conditional E-value: 1e-06
         nifH-03292025 150 devyivtsgemmalYaanniakgikkyaee..ggvrlgGlicNsrkvdke..eelveefaeklgtqiiaf.vprsnevqkaelekktvi 233
                           ++v+i + +e++al     ++++i   +++   +  + G++  + +++ +   e+vee+ + ++ ++ ++ +pr   + ++  ++k +i
  CASEVQ010000004.1_48 148 NSVIIPVQCEFLALEGIMQLLNTIMMAQRQlnPNLDIEGVLLTMLDSRANlgFEVVEEIRKYFKERVYNTiIPRLVRLAECPSHGKPII 236
                           6788888899999999999999998888874456677899988877766522699***********9976279999999999******* PP

         nifH-03292025 234 eaapdseqakeyreLakkilen 255
                            ++p+++++++y +Lak+++e 
  CASEVQ010000004.1_48 237 AYDPKCRATDAYLNLAKEVIER 258
                           ******************9986 PP

>> CASEVQ010000029.1_3  # 2443 # 3495 # 1 # ID=29_3;partial=00;start_type=ATG;rbs_motif=None;rbs_spacer=None;gc_cont=0.2
   #    score  bias  c-Evalue  i-Evalue hmmfrom  hmm to    alifrom  ali to    envfrom  env to     acc
 ---   ------ ----- --------- --------- ------- -------    ------- -------    ------- -------    ----
   1 !   14.8   0.1   1.3e-06   0.00074      12      61 ..     149     199 ..     138     235 .. 0.73

  Alignments for each domain:
  == domain 1  score: 14.8 bits;  conditional E-value: 1.3e-06
        nifH-03292025  12 iAiYGKGGiGKSttasnlsaalaeegkkvlivGCdP.KaDstrlllggkaq 61 
                          i + G  G+GK tt ++++a + +e+kkv+++  d  +a +t+ l +  + 
  CASEVQ010000029.1_3 149 ILFVGVNGVGKTTTIAKIAAKFKDENKKVMMIAGDTfRAGATKQLEEWAER 199
                          6677999**********************9997774366677766644444 PP



Internal pipeline statistics summary:
-------------------------------------
Query model(s):                            1  (327 nodes)
Target sequences:                       1131  (328185 residues searched)
Passed MSV filter:                        95  (0.0839965); expected 22.6 (0.02)
Passed bias filter:                       51  (0.0450928); expected 22.6 (0.02)
Passed Vit filter:                        10  (0.00884173); expected 1.1 (0.001)
Passed Fwd filter:                         2  (0.00176835); expected 0.0 (1e-05)
Initial search space (Z):               1131  [actual number of targets]
Domain search space  (domZ):               2  [number of targets reported over threshold]
# CPU time: 0.01u 0.00s 00:00:00.01 Elapsed: 00:00:00.02
# Mc/sec: 4778.02
//
Query:       nifD-03292025  [M=482]
Scores for complete sequences (score includes all domains):
   --- full sequence ---   --- best 1 domain ---    -#dom-
    E-value  score  bias    E-value  score  bias    exp  N  Sequence Description
    ------- ------ -----    ------- ------ -----   ---- --  -------- -----------

   [No hits detected that satisfy reporting thresholds]


Domain annotation for each sequence (and alignments):

   [No targets detected that satisfy reporting thresholds]


Internal pipeline statistics summary:
-------------------------------------
Query model(s):                            1  (482 nodes)
Target sequences:                       1131  (328185 residues searched)
Passed MSV filter:                       108  (0.0954907); expected 22.6 (0.02)
Passed bias filter:                       18  (0.0159151); expected 22.6 (0.02)
Passed Vit filter:                         2  (0.00176835); expected 1.1 (0.001)
Passed Fwd filter:                         0  (0); expected 0.0 (1e-05)
Initial search space (Z):               1131  [actual number of targets]
Domain search space  (domZ):               0  [number of targets reported over threshold]
# CPU time: 0.01u 0.00s 00:00:00.01 Elapsed: 00:00:00.00
# Mc/sec: 16998.13
//
Query:       nifK-03292025  [M=490]
Scores for complete sequences (score includes all domains):
   --- full sequence ---   --- best 1 domain ---    -#dom-
    E-value  score  bias    E-value  score  bias    exp  N  Sequence Description
    ------- ------ -----    ------- ------ -----   ---- --  -------- -----------

   [No hits detected that satisfy reporting thresholds]


Domain annotation for each sequence (and alignments):

   [No targets detected that satisfy reporting thresholds]


Internal pipeline statistics summary:
-------------------------------------
Query model(s):                            1  (490 nodes)
Target sequences:                       1131  (328185 residues searched)
Passed MSV filter:                        46  (0.040672); expected 22.6 (0.02)
Passed bias filter:                       14  (0.0123784); expected 22.6 (0.02)
Passed Vit filter:                         1  (0.000884173); expected 1.1 (0.001)
Passed Fwd filter:                         0  (0); expected 0.0 (1e-05)
Initial search space (Z):               1131  [actual number of targets]
Domain search space  (domZ):               0  [number of targets reported over threshold]
# CPU time: 0.01u 0.00s 00:00:00.01 Elapsed: 00:00:00.00
# Mc/sec: 16944.90
//
Query:       nifB-03292025  [M=505]
Scores for complete sequences (score includes all domains):
   --- full sequence ---   --- best 1 domain ---    -#dom-
    E-value  score  bias    E-value  score  bias    exp  N  Sequence Description
    ------- ------ -----    ------- ------ -----   ---- --  -------- -----------

   [No hits detected that satisfy reporting thresholds]


Domain annotation for each sequence (and alignments):

   [No targets detected that satisfy reporting thresholds]


Internal pipeline statistics summary:
-------------------------------------
Query model(s):                            1  (505 nodes)
Target sequences:                       1131  (328185 residues searched)
Passed MSV filter:                        48  (0.0424403); expected 22.6 (0.02)
Passed bias filter:                       19  (0.0167993); expected 22.6 (0.02)
Passed Vit filter:                         2  (0.00176835); expected 1.1 (0.001)
Passed Fwd filter:                         0  (0); expected 0.0 (1e-05)
Initial search space (Z):               1131  [actual number of targets]
Domain search space  (domZ):               0  [number of targets reported over threshold]
# CPU time: 0.01u 0.00s 00:00:00.01 Elapsed: 00:00:00.01
# Mc/sec: 16117.23
//
Query:       nifE-03292025  [M=556]
Scores for complete sequences (score includes all domains):
   --- full sequence ---   --- best 1 domain ---    -#dom-
    E-value  score  bias    E-value  score  bias    exp  N  Sequence Description
    ------- ------ -----    ------- ------ -----   ---- --  -------- -----------

   [No hits detected that satisfy reporting thresholds]


Domain annotation for each sequence (and alignments):

   [No targets detected that satisfy reporting thresholds]


Internal pipeline statistics summary:
-------------------------------------
Query model(s):                            1  (556 nodes)
Target sequences:                       1131  (328185 residues searched)
Passed MSV filter:                        70  (0.0618921); expected 22.6 (0.02)
Passed bias filter:                       34  (0.0300619); expected 22.6 (0.02)
Passed Vit filter:                         2  (0.00176835); expected 1.1 (0.001)
Passed Fwd filter:                         0  (0); expected 0.0 (1e-05)
Initial search space (Z):               1131  [actual number of targets]
Domain search space  (domZ):               0  [number of targets reported over threshold]
# CPU time: 0.01u 0.00s 00:00:00.01 Elapsed: 00:00:00.01
# Mc/sec: 16163.80
//
Query:       nifN-03292025  [M=700]
Scores for complete sequences (score includes all domains):
   --- full sequence ---   --- best 1 domain ---    -#dom-
    E-value  score  bias    E-value  score  bias    exp  N  Sequence Description
    ------- ------ -----    ------- ------ -----   ---- --  -------- -----------

   [No hits detected that satisfy reporting thresholds]


Domain annotation for each sequence (and alignments):

   [No targets detected that satisfy reporting thresholds]


Internal pipeline statistics summary:
-------------------------------------
Query model(s):                            1  (700 nodes)
Target sequences:                       1131  (328185 residues searched)
Passed MSV filter:                        58  (0.0512821); expected 22.6 (0.02)
Passed bias filter:                       45  (0.0397878); expected 22.6 (0.02)
Passed Vit filter:                         4  (0.00353669); expected 1.1 (0.001)
Passed Fwd filter:                         0  (0); expected 0.0 (1e-05)
Initial search space (Z):               1131  [actual number of targets]
Domain search space  (domZ):               0  [number of targets reported over threshold]
# CPU time: 0.01u 0.00s 00:00:00.01 Elapsed: 00:00:00.01
# Mc/sec: 15156.56
//
Query:       pchlide-04012025  [M=508]
Scores for complete sequences (score includes all domains):
   --- full sequence ---   --- best 1 domain ---    -#dom-
    E-value  score  bias    E-value  score  bias    exp  N  Sequence Description
    ------- ------ -----    ------- ------ -----   ---- --  -------- -----------

   [No hits detected that satisfy reporting thresholds]


Domain annotation for each sequence (and alignments):

   [No targets detected that satisfy reporting thresholds]


Internal pipeline statistics summary:
-------------------------------------
Query model(s):                            1  (508 nodes)
Target sequences:                       1131  (328185 residues searched)
Passed MSV filter:                        24  (0.0212202); expected 22.6 (0.02)
Passed bias filter:                       13  (0.0114943); expected 22.6 (0.02)
Passed Vit filter:                         0  (0); expected 1.1 (0.001)
Passed Fwd filter:                         0  (0); expected 0.0 (1e-05)
Initial search space (Z):               1131  [actual number of targets]
Domain search space  (domZ):               0  [number of targets reported over threshold]
# CPU time: 0.01u 0.00s 00:00:00.01 Elapsed: 00:00:00.00
# Mc/sec: 19756.10
//
[ok]
# hmmsearch :: search profile(s) against a sequence database
# HMMER 3.4 (Aug 2023); http://hmmer.org/
# Copyright (C) 2023 Howard Hughes Medical Institute.
# Freely distributed under the BSD open source license.
# - - - - - - - - - - - - - - - - - - - - - - - - - - - - - - - - - - - -
# query HMM file:                  ../HMMs/nifV_07242025.hmm
# target sequence database:        ../all_rep_proteins_aa/bacteria/GB_GCA_949291455.1_protein.faa
# - - - - - - - - - - - - - - - - - - - - - - - - - - - - - - - - - - - -

Query:       nifV-07242025  [M=437]
Scores for complete sequences (score includes all domains):
   --- full sequence ---   --- best 1 domain ---    -#dom-
    E-value  score  bias    E-value  score  bias    exp  N  Sequence Description
    ------- ------ -----    ------- ------ -----   ---- --  -------- -----------

   [No hits detected that satisfy reporting thresholds]


Domain annotation for each sequence (and alignments):

   [No targets detected that satisfy reporting thresholds]


Internal pipeline statistics summary:
-------------------------------------
Query model(s):                            1  (437 nodes)
Target sequences:                       1131  (328185 residues searched)
Passed MSV filter:                        25  (0.0221043); expected 22.6 (0.02)
Passed bias filter:                       24  (0.0212202); expected 22.6 (0.02)
Passed Vit filter:                         0  (0); expected 1.1 (0.001)
Passed Fwd filter:                         0  (0); expected 0.0 (1e-05)
Initial search space (Z):               1131  [actual number of targets]
Domain search space  (domZ):               0  [number of targets reported over threshold]
# CPU time: 0.01u 0.00s 00:00:00.01 Elapsed: 00:00:00.00
# Mc/sec: 17516.22
//
[ok]
