# hmmsearch :: search profile(s) against a sequence database
# HMMER 3.4 (Aug 2023); http://hmmer.org/
# Copyright (C) 2023 Howard Hughes Medical Institute.
# Freely distributed under the BSD open source license.
# - - - - - - - - - - - - - - - - - - - - - - - - - - - - - - - - - - - -
# query HMM file:                  ../HMMs/combined_nif_04012025.hmm
# target sequence database:        ../all_rep_proteins_aa/bacteria/GB_GCA_948477625.1_protein.faa
# - - - - - - - - - - - - - - - - - - - - - - - - - - - - - - - - - - - -

Query:       nifH-03292025  [M=327]
Scores for complete sequences (score includes all domains):
   --- full sequence ---   --- best 1 domain ---    -#dom-
    E-value  score  bias    E-value  score  bias    exp  N  Sequence            Description
    ------- ------ -----    ------- ------ -----   ---- --  --------            -----------
    1.4e-09   33.2   0.3    1.7e-06   23.1   0.1    2.2  2  CAOLNK010000007.1_2  # 1172 # 1951 # -1 # ID=7_2;partial=00;s


Domain annotation for each sequence (and alignments):
>> CAOLNK010000007.1_2  # 1172 # 1951 # -1 # ID=7_2;partial=00;start_type=ATG;rbs_motif=None;rbs_spacer=None;gc_cont=0.4
   #    score  bias  c-Evalue  i-Evalue hmmfrom  hmm to    alifrom  ali to    envfrom  env to     acc
 ---   ------ ----- --------- --------- ------- -------    ------- -------    ------- -------    ----
   1 !   23.1   0.1     2e-09   1.7e-06      17      54 ..      15      52 ..       2      84 .. 0.84
   2 !    8.4   0.0   5.9e-05      0.05     160     256 ..     156     257 ..     143     259 .. 0.75

  Alignments for each domain:
  == domain 1  score: 23.1 bits;  conditional E-value: 2e-09
        nifH-03292025 17 KGGiGKSttasnlsaalaeegkkvlivGCdPKaDstrl 54
                         KGG+GK tt+ nl++ la++ ++vl v  dP   +++ 
  CAOLNK010000007.1_2 15 KGGVGKTTTSVNLAYFLAKDKNRVLLVDVDPQGNASSG 52
                         9******************************9776554 PP

  == domain 2  score: 8.4 bits;  conditional E-value: 5.9e-05
        nifH-03292025 160 mmalYaanniakgikkyaee..ggvrlgGlicNs..rkvdkeeelveefaeklgtqii.afvprsnevqkaelekktvieaapdseqake 244
                          + al  +  ++++++ ++++   + +l G+++ +  ++++   e++ e+ + ++ +++ + +pr+  v +a  ++  v  +++ s+ ak+
  CAOLNK010000007.1_2 156 FYALEGVAQLLESMAMVKKAmnPDLKLLGVLATMydKRTSLSAEVLAEVRKYFKDKVFrTSIPRNVRVAEAPSHGVPVGAYDKFSKGAKA 245
                          5555555556555555544422667888888765114455678999999999999998357***************************** PP

        nifH-03292025 245 yreLakkilenk 256
                          y+e++++++e +
  CAOLNK010000007.1_2 246 YKEFTREVEERT 257
                          *******99865 PP



Internal pipeline statistics summary:
-------------------------------------
Query model(s):                            1  (327 nodes)
Target sequences:                        843  (242417 residues searched)
Passed MSV filter:                        52  (0.0616845); expected 16.9 (0.02)
Passed bias filter:                       41  (0.0486358); expected 16.9 (0.02)
Passed Vit filter:                         8  (0.00948992); expected 0.8 (0.001)
Passed Fwd filter:                         1  (0.00118624); expected 0.0 (1e-05)
Initial search space (Z):                843  [actual number of targets]
Domain search space  (domZ):               1  [number of targets reported over threshold]
# CPU time: 0.01u 0.00s 00:00:00.01 Elapsed: 00:00:00.01
# Mc/sec: 6949.85
//
Query:       nifD-03292025  [M=482]
Scores for complete sequences (score includes all domains):
   --- full sequence ---   --- best 1 domain ---    -#dom-
    E-value  score  bias    E-value  score  bias    exp  N  Sequence Description
    ------- ------ -----    ------- ------ -----   ---- --  -------- -----------

   [No hits detected that satisfy reporting thresholds]


Domain annotation for each sequence (and alignments):

   [No targets detected that satisfy reporting thresholds]


Internal pipeline statistics summary:
-------------------------------------
Query model(s):                            1  (482 nodes)
Target sequences:                        843  (242417 residues searched)
Passed MSV filter:                        34  (0.0403321); expected 16.9 (0.02)
Passed bias filter:                       16  (0.0189798); expected 16.9 (0.02)
Passed Vit filter:                         1  (0.00118624); expected 0.8 (0.001)
Passed Fwd filter:                         0  (0); expected 0.0 (1e-05)
Initial search space (Z):                843  [actual number of targets]
Domain search space  (domZ):               0  [number of targets reported over threshold]
# CPU time: 0.01u 0.00s 00:00:00.01 Elapsed: 00:00:00.00
# Mc/sec: 15041.11
//
Query:       nifK-03292025  [M=490]
Scores for complete sequences (score includes all domains):
   --- full sequence ---   --- best 1 domain ---    -#dom-
    E-value  score  bias    E-value  score  bias    exp  N  Sequence Description
    ------- ------ -----    ------- ------ -----   ---- --  -------- -----------

   [No hits detected that satisfy reporting thresholds]


Domain annotation for each sequence (and alignments):

   [No targets detected that satisfy reporting thresholds]


Internal pipeline statistics summary:
-------------------------------------
Query model(s):                            1  (490 nodes)
Target sequences:                        843  (242417 residues searched)
Passed MSV filter:                        24  (0.0284698); expected 16.9 (0.02)
Passed bias filter:                       17  (0.0201661); expected 16.9 (0.02)
Passed Vit filter:                         1  (0.00118624); expected 0.8 (0.001)
Passed Fwd filter:                         0  (0); expected 0.0 (1e-05)
Initial search space (Z):                843  [actual number of targets]
Domain search space  (domZ):               0  [number of targets reported over threshold]
# CPU time: 0.00u 0.00s 00:00:00.00 Elapsed: 00:00:00.00
# Mc/sec: 17232.11
//
Query:       nifB-03292025  [M=505]
Scores for complete sequences (score includes all domains):
   --- full sequence ---   --- best 1 domain ---    -#dom-
    E-value  score  bias    E-value  score  bias    exp  N  Sequence Description
    ------- ------ -----    ------- ------ -----   ---- --  -------- -----------

   [No hits detected that satisfy reporting thresholds]


Domain annotation for each sequence (and alignments):

   [No targets detected that satisfy reporting thresholds]


Internal pipeline statistics summary:
-------------------------------------
Query model(s):                            1  (505 nodes)
Target sequences:                        843  (242417 residues searched)
Passed MSV filter:                        34  (0.0403321); expected 16.9 (0.02)
Passed bias filter:                       26  (0.0308422); expected 16.9 (0.02)
Passed Vit filter:                         1  (0.00118624); expected 0.8 (0.001)
Passed Fwd filter:                         0  (0); expected 0.0 (1e-05)
Initial search space (Z):                843  [actual number of targets]
Domain search space  (domZ):               0  [number of targets reported over threshold]
# CPU time: 0.00u 0.00s 00:00:00.00 Elapsed: 00:00:00.00
# Mc/sec: 15644.87
//
Query:       nifE-03292025  [M=556]
Scores for complete sequences (score includes all domains):
   --- full sequence ---   --- best 1 domain ---    -#dom-
    E-value  score  bias    E-value  score  bias    exp  N  Sequence Description
    ------- ------ -----    ------- ------ -----   ---- --  -------- -----------

   [No hits detected that satisfy reporting thresholds]


Domain annotation for each sequence (and alignments):

   [No targets detected that satisfy reporting thresholds]


Internal pipeline statistics summary:
-------------------------------------
Query model(s):                            1  (556 nodes)
Target sequences:                        843  (242417 residues searched)
Passed MSV filter:                        60  (0.0711744); expected 16.9 (0.02)
Passed bias filter:                       32  (0.0379597); expected 16.9 (0.02)
Passed Vit filter:                         2  (0.00237248); expected 0.8 (0.001)
Passed Fwd filter:                         0  (0); expected 0.0 (1e-05)
Initial search space (Z):                843  [actual number of targets]
Domain search space  (domZ):               0  [number of targets reported over threshold]
# CPU time: 0.01u 0.00s 00:00:00.01 Elapsed: 00:00:00.00
# Mc/sec: 13753.52
//
Query:       nifN-03292025  [M=700]
Scores for complete sequences (score includes all domains):
   --- full sequence ---   --- best 1 domain ---    -#dom-
    E-value  score  bias    E-value  score  bias    exp  N  Sequence Description
    ------- ------ -----    ------- ------ -----   ---- --  -------- -----------

   [No hits detected that satisfy reporting thresholds]


Domain annotation for each sequence (and alignments):

   [No targets detected that satisfy reporting thresholds]


Internal pipeline statistics summary:
-------------------------------------
Query model(s):                            1  (700 nodes)
Target sequences:                        843  (242417 residues searched)
Passed MSV filter:                        29  (0.0344009); expected 16.9 (0.02)
Passed bias filter:                       18  (0.0213523); expected 16.9 (0.02)
Passed Vit filter:                         0  (0); expected 0.8 (0.001)
Passed Fwd filter:                         0  (0); expected 0.0 (1e-05)
Initial search space (Z):                843  [actual number of targets]
Domain search space  (domZ):               0  [number of targets reported over threshold]
# CPU time: 0.01u 0.00s 00:00:00.01 Elapsed: 00:00:00.01
# Mc/sec: 16388.37
//
Query:       pchlide-04012025  [M=508]
Scores for complete sequences (score includes all domains):
   --- full sequence ---   --- best 1 domain ---    -#dom-
    E-value  score  bias    E-value  score  bias    exp  N  Sequence Description
    ------- ------ -----    ------- ------ -----   ---- --  -------- -----------

   [No hits detected that satisfy reporting thresholds]


Domain annotation for each sequence (and alignments):

   [No targets detected that satisfy reporting thresholds]


Internal pipeline statistics summary:
-------------------------------------
Query model(s):                            1  (508 nodes)
Target sequences:                        843  (242417 residues searched)
Passed MSV filter:                        29  (0.0344009); expected 16.9 (0.02)
Passed bias filter:                       19  (0.0225386); expected 16.9 (0.02)
Passed Vit filter:                         2  (0.00237248); expected 0.8 (0.001)
Passed Fwd filter:                         0  (0); expected 0.0 (1e-05)
Initial search space (Z):                843  [actual number of targets]
Domain search space  (domZ):               0  [number of targets reported over threshold]
# CPU time: 0.00u 0.00s 00:00:00.00 Elapsed: 00:00:00.00
# Mc/sec: 15619.81
//
[ok]
# hmmsearch :: search profile(s) against a sequence database
# HMMER 3.4 (Aug 2023); http://hmmer.org/
# Copyright (C) 2023 Howard Hughes Medical Institute.
# Freely distributed under the BSD open source license.
# - - - - - - - - - - - - - - - - - - - - - - - - - - - - - - - - - - - -
# query HMM file:                  ../HMMs/nifV_07242025.hmm
# target sequence database:        ../all_rep_proteins_aa/bacteria/GB_GCA_948477625.1_protein.faa
# - - - - - - - - - - - - - - - - - - - - - - - - - - - - - - - - - - - -

Query:       nifV-07242025  [M=437]
Scores for complete sequences (score includes all domains):
   --- full sequence ---   --- best 1 domain ---    -#dom-
    E-value  score  bias    E-value  score  bias    exp  N  Sequence Description
    ------- ------ -----    ------- ------ -----   ---- --  -------- -----------

   [No hits detected that satisfy reporting thresholds]


Domain annotation for each sequence (and alignments):

   [No targets detected that satisfy reporting thresholds]


Internal pipeline statistics summary:
-------------------------------------
Query model(s):                            1  (437 nodes)
Target sequences:                        843  (242417 residues searched)
Passed MSV filter:                        23  (0.0272835); expected 16.9 (0.02)
Passed bias filter:                       14  (0.0166074); expected 16.9 (0.02)
Passed Vit filter:                         2  (0.00237248); expected 0.8 (0.001)
Passed Fwd filter:                         0  (0); expected 0.0 (1e-05)
Initial search space (Z):                843  [actual number of targets]
Domain search space  (domZ):               0  [number of targets reported over threshold]
# CPU time: 0.01u 0.00s 00:00:00.01 Elapsed: 00:00:00.00
# Mc/sec: 14718.35
//
[ok]
