# hmmsearch :: search profile(s) against a sequence database
# HMMER 3.4 (Aug 2023); http://hmmer.org/
# Copyright (C) 2023 Howard Hughes Medical Institute.
# Freely distributed under the BSD open source license.
# - - - - - - - - - - - - - - - - - - - - - - - - - - - - - - - - - - - -
# query HMM file:                  ../HMMs/combined_nif_04012025.hmm
# target sequence database:        ../all_rep_proteins_aa/bacteria/GB_GCA_017555565.1_protein.faa
# - - - - - - - - - - - - - - - - - - - - - - - - - - - - - - - - - - - -

Query:       nifH-03292025  [M=327]
Scores for complete sequences (score includes all domains):
   --- full sequence ---   --- best 1 domain ---    -#dom-
    E-value  score  bias    E-value  score  bias    exp  N  Sequence             Description
    ------- ------ -----    ------- ------ -----   ---- --  --------             -----------
    9.5e-10   35.0   0.2    2.3e-06   23.9   0.2    2.1  2  JAFZGF010000020.1_18  # 17708 # 18469 # 1 # ID=82_18;partial=
    0.00039   16.6   0.1    0.00061   16.0   0.1    1.3  1  JAFZGF010000077.1_46  # 46868 # 47596 # 1 # ID=57_46;partial=


Domain annotation for each sequence (and alignments):
>> JAFZGF010000020.1_18  # 17708 # 18469 # 1 # ID=82_18;partial=00;start_type=ATG;rbs_motif=GGAG/GAGG;rbs_spacer=5-10bp;
   #    score  bias  c-Evalue  i-Evalue hmmfrom  hmm to    alifrom  ali to    envfrom  env to     acc
 ---   ------ ----- --------- --------- ------- -------    ------- -------    ------- -------    ----
   1 !   23.9   0.2   2.2e-09   2.3e-06      17      53 ..      11      47 ..       2      71 .. 0.91
   2 !    9.2   0.0   6.6e-05      0.07     148     255 ..     139     251 ..     137     253 .. 0.85

  Alignments for each domain:
  == domain 1  score: 23.9 bits;  conditional E-value: 2.2e-09
         nifH-03292025 17 KGGiGKSttasnlsaalaeegkkvlivGCdPKaDstr 53
                          KGG+GK tta nl+  +a +gk+vl v  dP   +t+
  JAFZGF010000020.1_18 11 KGGVGKTTTAVNLASSVAAKGKRVLLVDLDPQGNTTS 47
                          9******************************988875 PP

  == domain 2  score: 9.2 bits;  conditional E-value: 6.6e-05
         nifH-03292025 148 kadevyivtsgemmalYaanniakgikkyaee..ggvrlgGlicNsrk..vdkeeelveefaeklgtqiia.fvprsnevqkaelekkt 231
                            ad+v + + +e+ al    +++++i+ ++++  + + + G++  + +   +   ++vee+ + +  ++ + ++pr+  +++a   ++ 
  JAFZGF010000020.1_18 139 AADTVLVPIQCEFFALEGLSELMNTIRLVKQHynKYIDIEGVLLTMFDgrLNLTLQVVEEVKKYFPNKVYKtTIPRNVRLSEAPSFGEP 227
                           5888999999999999999999999987777655889999999888761145667899***999999998537**************** PP

         nifH-03292025 232 vieaapdseqakeyreLakkilen 255
                           +  ++ +s+ ak+y++La+++l++
  JAFZGF010000020.1_18 228 INFYDASSKGAKAYSALADEVLSQ 251
                           ********************9876 PP

>> JAFZGF010000077.1_46  # 46868 # 47596 # 1 # ID=57_46;partial=00;start_type=ATG;rbs_motif=GGAGG;rbs_spacer=3-4bp;gc_co
   #    score  bias  c-Evalue  i-Evalue hmmfrom  hmm to    alifrom  ali to    envfrom  env to     acc
 ---   ------ ----- --------- --------- ------- -------    ------- -------    ------- -------    ----
   1 !   16.0   0.1   5.8e-07   0.00061      16      46 ..      10      40 ..       2      70 .. 0.85

  Alignments for each domain:
  == domain 1  score: 16.0 bits;  conditional E-value: 5.8e-07
         nifH-03292025 16 GKGGiGKSttasnlsaalaeegkkvlivGCd 46
                          GKGG GKSt+a+ +++ la+++ + l +  d
  JAFZGF010000077.1_46 10 GKGGTGKSTVATYVATELAQKNCRTLLIELD 40
                          **********************999988655 PP



Internal pipeline statistics summary:
-------------------------------------
Query model(s):                            1  (327 nodes)
Target sequences:                       2116  (616909 residues searched)
Passed MSV filter:                       141  (0.0666352); expected 42.3 (0.02)
Passed bias filter:                       84  (0.0396975); expected 42.3 (0.02)
Passed Vit filter:                        11  (0.00519849); expected 2.1 (0.001)
Passed Fwd filter:                         2  (0.00094518); expected 0.0 (1e-05)
Initial search space (Z):               2116  [actual number of targets]
Domain search space  (domZ):               2  [number of targets reported over threshold]
# CPU time: 0.01u 0.00s 00:00:00.01 Elapsed: 00:00:00.01
# Mc/sec: 10857.93
//
Query:       nifD-03292025  [M=482]
Scores for complete sequences (score includes all domains):
   --- full sequence ---   --- best 1 domain ---    -#dom-
    E-value  score  bias    E-value  score  bias    exp  N  Sequence             Description
    ------- ------ -----    ------- ------ -----   ---- --  --------             -----------
  ------ inclusion threshold ------
      0.015   10.5   0.0      0.015   10.5   0.0    1.1  1  JAFZGF010000013.1_55  # 50681 # 51112 # -1 # ID=75_55;partial


Domain annotation for each sequence (and alignments):
>> JAFZGF010000013.1_55  # 50681 # 51112 # -1 # ID=75_55;partial=00;start_type=TTG;rbs_motif=GGAG/GAGG;rbs_spacer=5-10bp
   #    score  bias  c-Evalue  i-Evalue hmmfrom  hmm to    alifrom  ali to    envfrom  env to     acc
 ---   ------ ----- --------- --------- ------- -------    ------- -------    ------- -------    ----
   1 ?   10.5   0.0   7.3e-06     0.015     321     386 ..       3      71 ..       1     136 [. 0.78

  Alignments for each domain:
  == domain 1  score: 10.5 bits;  conditional E-value: 7.3e-06
         nifD-03292025 321 evIaeekakvkaelekykerleGkkvmlyvGglrarh...vikaledlGlevvaagyeFahedDyekte 386
                           + I + k+++ a  ek+  +le + ++ y+Ggl + +   ++++ + lG++  +++ +Fa  ++y +  
  JAFZGF010000013.1_55   3 SFITNSKEETIALAEKLAGKLENHDIIFYIGGLGMGKtafTQGLCNGLGIKAEVTSPTFAIVNEYSGSP 71 
                           56888999999999******************966541116678999***************9998765 PP



Internal pipeline statistics summary:
-------------------------------------
Query model(s):                            1  (482 nodes)
Target sequences:                       2116  (616909 residues searched)
Passed MSV filter:                       125  (0.0590737); expected 42.3 (0.02)
Passed bias filter:                       61  (0.028828); expected 42.3 (0.02)
Passed Vit filter:                         3  (0.00141777); expected 2.1 (0.001)
Passed Fwd filter:                         1  (0.00047259); expected 0.0 (1e-05)
Initial search space (Z):               2116  [actual number of targets]
Domain search space  (domZ):               1  [number of targets reported over threshold]
# CPU time: 0.01u 0.01s 00:00:00.02 Elapsed: 00:00:00.01
# Mc/sec: 15374.27
//
Query:       nifK-03292025  [M=490]
Scores for complete sequences (score includes all domains):
   --- full sequence ---   --- best 1 domain ---    -#dom-
    E-value  score  bias    E-value  score  bias    exp  N  Sequence             Description
    ------- ------ -----    ------- ------ -----   ---- --  --------             -----------
  ------ inclusion threshold ------
      0.012   11.1   0.0      0.018   10.6   0.0    1.3  1  JAFZGF010000032.1_18  # 13485 # 14318 # -1 # ID=9_18;partial=


Domain annotation for each sequence (and alignments):
>> JAFZGF010000032.1_18  # 13485 # 14318 # -1 # ID=9_18;partial=00;start_type=ATG;rbs_motif=GGAG/GAGG;rbs_spacer=5-10bp;
   #    score  bias  c-Evalue  i-Evalue hmmfrom  hmm to    alifrom  ali to    envfrom  env to     acc
 ---   ------ ----- --------- --------- ------- -------    ------- -------    ------- -------    ----
   1 ?   10.6   0.0   8.3e-06     0.018     169     252 ..      40     120 ..      35     163 .. 0.75

  Alignments for each domain:
  == domain 1  score: 10.6 bits;  conditional E-value: 8.3e-06
         nifK-03292025 169 sfvgshvtGydn.mvkgiletlaeekkkeeeknekinlipGfdeyvgdlrelkrllklmgveatlladtsevldspldgeyrmyp 252
                           s   +h tG+d   +k++++++ e    ++ ++++i++ + ++ y+g++++lk l k m+    l   +   +d  + ++ ++yp
  JAFZGF010000032.1_18  40 SLLSNHTTGFDDySFKDLADEMKEII--DKWQSQQIKFSAVYSGYIGNINQLKMLEKVMDK--CLEEGAVRIIDPAMADNGQLYP 120
                           55678*****8725899999988765..67899**********************999973..3333444555555556666666 PP



Internal pipeline statistics summary:
-------------------------------------
Query model(s):                            1  (490 nodes)
Target sequences:                       2116  (616909 residues searched)
Passed MSV filter:                        81  (0.0382798); expected 42.3 (0.02)
Passed bias filter:                       56  (0.026465); expected 42.3 (0.02)
Passed Vit filter:                         2  (0.00094518); expected 2.1 (0.001)
Passed Fwd filter:                         1  (0.00047259); expected 0.0 (1e-05)
Initial search space (Z):               2116  [actual number of targets]
Domain search space  (domZ):               1  [number of targets reported over threshold]
# CPU time: 0.01u 0.00s 00:00:00.01 Elapsed: 00:00:00.01
# Mc/sec: 26430.29
//
Query:       nifB-03292025  [M=505]
Scores for complete sequences (score includes all domains):
   --- full sequence ---   --- best 1 domain ---    -#dom-
    E-value  score  bias    E-value  score  bias    exp  N  Sequence             Description
    ------- ------ -----    ------- ------ -----   ---- --  --------             -----------
    2.2e-07   26.6   0.1    2.5e-07   26.4   0.1    1.1  1  JAFZGF010000075.1_13  # 9479 # 9880 # -1 # ID=55_13;partial=0


Domain annotation for each sequence (and alignments):
>> JAFZGF010000075.1_13  # 9479 # 9880 # -1 # ID=55_13;partial=00;start_type=ATG;rbs_motif=GGAG/GAGG;rbs_spacer=5-10bp;g
   #    score  bias  c-Evalue  i-Evalue hmmfrom  hmm to    alifrom  ali to    envfrom  env to     acc
 ---   ------ ----- --------- --------- ------- -------    ------- -------    ------- -------    ----
   1 !   26.4   0.1   1.2e-10   2.5e-07     375     469 ..       2      85 ..       1     113 [. 0.81

  Alignments for each domain:
  == domain 1  score: 26.4 bits;  conditional E-value: 1.2e-10
         nifB-03292025 375 lvAvaskggkrvnqHFGhakefliyevsekevklveerkvekyCkggegceeeedrleeilkalsdceavlcakiGeepkekLeeagie 463
                           ++Av+  +++ v qHFG +++f +yev + ++     + v    +gg+g    + +l+ +l+al ++++++c  +G+ +k+++++agi+
  JAFZGF010000075.1_13   2 KIAVTY-ENGMVFQHFGRTSQFKVYEVVDGKMAD--MKVV---SSGGSG----HGALAGVLSAL-GVDVLICGGMGTGAKNAMAAAGIQ 79 
                           577755.567899**************9987654..4444...456666....56899999999.8*********************** PP

         nifB-03292025 464 aveaea 469
                           ++   +
  JAFZGF010000075.1_13  80 VIGGVQ 85 
                           987665 PP



Internal pipeline statistics summary:
-------------------------------------
Query model(s):                            1  (505 nodes)
Target sequences:                       2116  (616909 residues searched)
Passed MSV filter:                        84  (0.0396975); expected 42.3 (0.02)
Passed bias filter:                       58  (0.0274102); expected 42.3 (0.02)
Passed Vit filter:                         5  (0.00236295); expected 2.1 (0.001)
Passed Fwd filter:                         1  (0.00047259); expected 0.0 (1e-05)
Initial search space (Z):               2116  [actual number of targets]
Domain search space  (domZ):               1  [number of targets reported over threshold]
# CPU time: 0.02u 0.00s 00:00:00.02 Elapsed: 00:00:00.01
# Mc/sec: 21011.08
//
Query:       nifE-03292025  [M=556]
Scores for complete sequences (score includes all domains):
   --- full sequence ---   --- best 1 domain ---    -#dom-
    E-value  score  bias    E-value  score  bias    exp  N  Sequence Description
    ------- ------ -----    ------- ------ -----   ---- --  -------- -----------

   [No hits detected that satisfy reporting thresholds]


Domain annotation for each sequence (and alignments):

   [No targets detected that satisfy reporting thresholds]


Internal pipeline statistics summary:
-------------------------------------
Query model(s):                            1  (556 nodes)
Target sequences:                       2116  (616909 residues searched)
Passed MSV filter:                       120  (0.0567108); expected 42.3 (0.02)
Passed bias filter:                       70  (0.0330813); expected 42.3 (0.02)
Passed Vit filter:                         6  (0.00283554); expected 2.1 (0.001)
Passed Fwd filter:                         0  (0); expected 0.0 (1e-05)
Initial search space (Z):               2116  [actual number of targets]
Domain search space  (domZ):               0  [number of targets reported over threshold]
# CPU time: 0.03u 0.00s 00:00:00.03 Elapsed: 00:00:00.01
# Mc/sec: 23745.01
//
Query:       nifN-03292025  [M=700]
Scores for complete sequences (score includes all domains):
   --- full sequence ---   --- best 1 domain ---    -#dom-
    E-value  score  bias    E-value  score  bias    exp  N  Sequence Description
    ------- ------ -----    ------- ------ -----   ---- --  -------- -----------

   [No hits detected that satisfy reporting thresholds]


Domain annotation for each sequence (and alignments):

   [No targets detected that satisfy reporting thresholds]


Internal pipeline statistics summary:
-------------------------------------
Query model(s):                            1  (700 nodes)
Target sequences:                       2116  (616909 residues searched)
Passed MSV filter:                       107  (0.0505671); expected 42.3 (0.02)
Passed bias filter:                       73  (0.0344991); expected 42.3 (0.02)
Passed Vit filter:                         3  (0.00141777); expected 2.1 (0.001)
Passed Fwd filter:                         0  (0); expected 0.0 (1e-05)
Initial search space (Z):               2116  [actual number of targets]
Domain search space  (domZ):               0  [number of targets reported over threshold]
# CPU time: 0.03u 0.00s 00:00:00.03 Elapsed: 00:00:00.01
# Mc/sec: 28181.72
//
Query:       pchlide-04012025  [M=508]
Scores for complete sequences (score includes all domains):
   --- full sequence ---   --- best 1 domain ---    -#dom-
    E-value  score  bias    E-value  score  bias    exp  N  Sequence Description
    ------- ------ -----    ------- ------ -----   ---- --  -------- -----------

   [No hits detected that satisfy reporting thresholds]


Domain annotation for each sequence (and alignments):

   [No targets detected that satisfy reporting thresholds]


Internal pipeline statistics summary:
-------------------------------------
Query model(s):                            1  (508 nodes)
Target sequences:                       2116  (616909 residues searched)
Passed MSV filter:                        92  (0.0434783); expected 42.3 (0.02)
Passed bias filter:                       66  (0.0311909); expected 42.3 (0.02)
Passed Vit filter:                         3  (0.00141777); expected 2.1 (0.001)
Passed Fwd filter:                         0  (0); expected 0.0 (1e-05)
Initial search space (Z):               2116  [actual number of targets]
Domain search space  (domZ):               0  [number of targets reported over threshold]
# CPU time: 0.01u 0.00s 00:00:00.01 Elapsed: 00:00:00.01
# Mc/sec: 27402.68
//
[ok]
# hmmsearch :: search profile(s) against a sequence database
# HMMER 3.4 (Aug 2023); http://hmmer.org/
# Copyright (C) 2023 Howard Hughes Medical Institute.
# Freely distributed under the BSD open source license.
# - - - - - - - - - - - - - - - - - - - - - - - - - - - - - - - - - - - -
# query HMM file:                  ../HMMs/nifV_07242025.hmm
# target sequence database:        ../all_rep_proteins_aa/bacteria/GB_GCA_017555565.1_protein.faa
# - - - - - - - - - - - - - - - - - - - - - - - - - - - - - - - - - - - -

Query:       nifV-07242025  [M=437]
Scores for complete sequences (score includes all domains):
   --- full sequence ---   --- best 1 domain ---    -#dom-
    E-value  score  bias    E-value  score  bias    exp  N  Sequence Description
    ------- ------ -----    ------- ------ -----   ---- --  -------- -----------

   [No hits detected that satisfy reporting thresholds]


Domain annotation for each sequence (and alignments):

   [No targets detected that satisfy reporting thresholds]


Internal pipeline statistics summary:
-------------------------------------
Query model(s):                            1  (437 nodes)
Target sequences:                       2116  (616909 residues searched)
Passed MSV filter:                        59  (0.0278828); expected 42.3 (0.02)
Passed bias filter:                       43  (0.0203214); expected 42.3 (0.02)
Passed Vit filter:                         7  (0.00330813); expected 2.1 (0.001)
Passed Fwd filter:                         0  (0); expected 0.0 (1e-05)
Initial search space (Z):               2116  [actual number of targets]
Domain search space  (domZ):               0  [number of targets reported over threshold]
# CPU time: 0.01u 0.00s 00:00:00.01 Elapsed: 00:00:00.01
# Mc/sec: 26369.20
//
[ok]
