# hmmsearch :: search profile(s) against a sequence database
# HMMER 3.4 (Aug 2023); http://hmmer.org/
# Copyright (C) 2023 Howard Hughes Medical Institute.
# Freely distributed under the BSD open source license.
# - - - - - - - - - - - - - - - - - - - - - - - - - - - - - - - - - - - -
# query HMM file:                  ../HMMs/combined_nif_04012025.hmm
# target sequence database:        ../all_rep_proteins_aa/bacteria/GB_GCA_946408075.1_protein.faa
# - - - - - - - - - - - - - - - - - - - - - - - - - - - - - - - - - - - -

Query:       nifH-03292025  [M=327]
Scores for complete sequences (score includes all domains):
   --- full sequence ---   --- best 1 domain ---    -#dom-
    E-value  score  bias    E-value  score  bias    exp  N  Sequence              Description
    ------- ------ -----    ------- ------ -----   ---- --  --------              -----------
    3.4e-13   45.3   1.3    5.8e-08   28.1   0.4    2.1  2  CAMJQQ010000002.1_100  # 111035 # 111802 # 1 # ID=2_100;parti
    0.00059   14.9   1.7    0.00074   14.6   0.0    2.0  3  CAMJQQ010000009.1_7    # 4255 # 5610 # -1 # ID=9_7;partial=00


Domain annotation for each sequence (and alignments):
>> CAMJQQ010000002.1_100  # 111035 # 111802 # 1 # ID=2_100;partial=00;start_type=ATG;rbs_motif=None;rbs_spacer=None;gc_c
   #    score  bias  c-Evalue  i-Evalue hmmfrom  hmm to    alifrom  ali to    envfrom  env to     acc
 ---   ------ ----- --------- --------- ------- -------    ------- -------    ------- -------    ----
   1 !   28.1   0.4   1.2e-10   5.8e-08      17      71 ..      11      67 ..       3      84 .. 0.78
   2 !   16.2   0.0     5e-07   0.00025     149     256 ..     143     254 ..     140     255 .. 0.88

  Alignments for each domain:
  == domain 1  score: 28.1 bits;  conditional E-value: 1.2e-10
          nifH-03292025 17 KGGiGKSttasnlsaalaeegkkvlivGCdPKaDstrll..lggkaqktvldllrek 71
                           KGG+GK tt+ nls+ la++g+kvl v  dP   +++ l   +++ qkt+ dl+  +
  CAMJQQ010000002.1_100 11 KGGVGKTTTSINLSYYLAKAGQKVLLVDLDPQGNASSGLgvDKNELQKTMSDLILGE 67
                           9******************************97766655114566678887776544 PP

  == domain 2  score: 16.2 bits;  conditional E-value: 5e-07
          nifH-03292025 149 adevyivtsgemmalYaanniakgikkyaee.ggvrlgGlicNs..rkvdkeeelveefaeklgtqiia.fvprsnevqkaelekktv 232
                            ad v i + +e+ al  +  ++k+++ ++++  + +l G+++ +  r++   +++  e+ + ++ ++++ ++pr+  + +a  ++  +
  CAMJQQ010000002.1_100 143 ADYVLIPVQTEFYALEGVAQLLKTMADVRKNnPSLQLLGVVATMydRRTGLSSQVYAEVKKYFKDKVFEtTIPRNVRLAEAPSHGVAI 230
                            7889999999****************9988757899****9876226677789999999999**9999637***************** PP

          nifH-03292025 233 ieaapdseqakeyreLakkilenk 256
                             +++  s+ ak+y++La++++e +
  CAMJQQ010000002.1_100 231 GQYDRFSKGAKAYKNLAQEVIERT 254
                            ********************9865 PP

>> CAMJQQ010000009.1_7  # 4255 # 5610 # -1 # ID=9_7;partial=00;start_type=ATG;rbs_motif=GGA/GAG/AGG;rbs_spacer=11-12bp;g
   #    score  bias  c-Evalue  i-Evalue hmmfrom  hmm to    alifrom  ali to    envfrom  env to     acc
 ---   ------ ----- --------- --------- ------- -------    ------- -------    ------- -------    ----
   1 ?   -2.7   0.1      0.27   1.4e+02     265     265 ..     106     106 ..      48     164 .. 0.50
   2 ?   -3.2   0.0       0.4     2e+02     202     251 ..     206     254 ..     199     263 .. 0.70
   3 !   14.6   0.0   1.5e-06   0.00074      21      47 ..     277     303 ..     276     348 .. 0.91

  Alignments for each domain:
  == domain 1  score: -2.7 bits;  conditional E-value: 0.27
        nifH-03292025 265 s 265
                           
  CAMJQQ010000009.1_7 106 A 106
                          2 PP

  == domain 2  score: -3.2 bits;  conditional E-value: 0.4
        nifH-03292025 202 eefaeklgtqiiafvprsnevqkaelekktvieaapdseqakeyreLakk 251
                          ee+ +++++ i  +v +s+ ++    ++++++e++p+s+  +++++L ++
  CAMJQQ010000009.1_7 206 EELESQVKMPIAGKVVKSE-IKLKPGDNEILVEHYPKSAVSESIKSLRTN 254
                          5666677777777776654.455556677888888888888888877655 PP

  == domain 3  score: 14.6 bits;  conditional E-value: 1.5e-06
        nifH-03292025  21 GKSttasnlsaalaeegkkvlivGCdP 47 
                          GKS +++nl++ +a++gkkvl v Cd 
  CAMJQQ010000009.1_7 277 GKSFVSANLATSFAQNGKKVLLVDCDL 303
                          9************************95 PP



Internal pipeline statistics summary:
-------------------------------------
Query model(s):                            1  (327 nodes)
Target sequences:                        999  (328699 residues searched)
Passed MSV filter:                        70  (0.0700701); expected 20.0 (0.02)
Passed bias filter:                       46  (0.046046); expected 20.0 (0.02)
Passed Vit filter:                         9  (0.00900901); expected 1.0 (0.001)
Passed Fwd filter:                         2  (0.002002); expected 0.0 (1e-05)
Initial search space (Z):                999  [actual number of targets]
Domain search space  (domZ):               2  [number of targets reported over threshold]
# CPU time: 0.01u 0.00s 00:00:00.01 Elapsed: 00:00:00.01
# Mc/sec: 6196.55
//
Query:       nifD-03292025  [M=482]
Scores for complete sequences (score includes all domains):
   --- full sequence ---   --- best 1 domain ---    -#dom-
    E-value  score  bias    E-value  score  bias    exp  N  Sequence Description
    ------- ------ -----    ------- ------ -----   ---- --  -------- -----------

   [No hits detected that satisfy reporting thresholds]


Domain annotation for each sequence (and alignments):

   [No targets detected that satisfy reporting thresholds]


Internal pipeline statistics summary:
-------------------------------------
Query model(s):                            1  (482 nodes)
Target sequences:                        999  (328699 residues searched)
Passed MSV filter:                        60  (0.0600601); expected 20.0 (0.02)
Passed bias filter:                       36  (0.036036); expected 20.0 (0.02)
Passed Vit filter:                         3  (0.003003); expected 1.0 (0.001)
Passed Fwd filter:                         0  (0); expected 0.0 (1e-05)
Initial search space (Z):                999  [actual number of targets]
Domain search space  (domZ):               0  [number of targets reported over threshold]
# CPU time: 0.02u 0.00s 00:00:00.02 Elapsed: 00:00:00.01
# Mc/sec: 14308.02
//
Query:       nifK-03292025  [M=490]
Scores for complete sequences (score includes all domains):
   --- full sequence ---   --- best 1 domain ---    -#dom-
    E-value  score  bias    E-value  score  bias    exp  N  Sequence Description
    ------- ------ -----    ------- ------ -----   ---- --  -------- -----------

   [No hits detected that satisfy reporting thresholds]


Domain annotation for each sequence (and alignments):

   [No targets detected that satisfy reporting thresholds]


Internal pipeline statistics summary:
-------------------------------------
Query model(s):                            1  (490 nodes)
Target sequences:                        999  (328699 residues searched)
Passed MSV filter:                        22  (0.022022); expected 20.0 (0.02)
Passed bias filter:                       16  (0.016016); expected 20.0 (0.02)
Passed Vit filter:                         1  (0.001001); expected 1.0 (0.001)
Passed Fwd filter:                         0  (0); expected 0.0 (1e-05)
Initial search space (Z):                999  [actual number of targets]
Domain search space  (domZ):               0  [number of targets reported over threshold]
# CPU time: 0.01u 0.00s 00:00:00.01 Elapsed: 00:00:00.00
# Mc/sec: 17586.39
//
Query:       nifB-03292025  [M=505]
Scores for complete sequences (score includes all domains):
   --- full sequence ---   --- best 1 domain ---    -#dom-
    E-value  score  bias    E-value  score  bias    exp  N  Sequence Description
    ------- ------ -----    ------- ------ -----   ---- --  -------- -----------

   [No hits detected that satisfy reporting thresholds]


Domain annotation for each sequence (and alignments):

   [No targets detected that satisfy reporting thresholds]


Internal pipeline statistics summary:
-------------------------------------
Query model(s):                            1  (505 nodes)
Target sequences:                        999  (328699 residues searched)
Passed MSV filter:                        36  (0.036036); expected 20.0 (0.02)
Passed bias filter:                       25  (0.025025); expected 20.0 (0.02)
Passed Vit filter:                         2  (0.002002); expected 1.0 (0.001)
Passed Fwd filter:                         0  (0); expected 0.0 (1e-05)
Initial search space (Z):                999  [actual number of targets]
Domain search space  (domZ):               0  [number of targets reported over threshold]
# CPU time: 0.01u 0.00s 00:00:00.01 Elapsed: 00:00:00.01
# Mc/sec: 15250.53
//
Query:       nifE-03292025  [M=556]
Scores for complete sequences (score includes all domains):
   --- full sequence ---   --- best 1 domain ---    -#dom-
    E-value  score  bias    E-value  score  bias    exp  N  Sequence Description
    ------- ------ -----    ------- ------ -----   ---- --  -------- -----------

   [No hits detected that satisfy reporting thresholds]


Domain annotation for each sequence (and alignments):

   [No targets detected that satisfy reporting thresholds]


Internal pipeline statistics summary:
-------------------------------------
Query model(s):                            1  (556 nodes)
Target sequences:                        999  (328699 residues searched)
Passed MSV filter:                        47  (0.047047); expected 20.0 (0.02)
Passed bias filter:                       29  (0.029029); expected 20.0 (0.02)
Passed Vit filter:                         2  (0.002002); expected 1.0 (0.001)
Passed Fwd filter:                         0  (0); expected 0.0 (1e-05)
Initial search space (Z):                999  [actual number of targets]
Domain search space  (domZ):               0  [number of targets reported over threshold]
# CPU time: 0.01u 0.00s 00:00:00.01 Elapsed: 00:00:00.01
# Mc/sec: 15228.18
//
Query:       nifN-03292025  [M=700]
Scores for complete sequences (score includes all domains):
   --- full sequence ---   --- best 1 domain ---    -#dom-
    E-value  score  bias    E-value  score  bias    exp  N  Sequence Description
    ------- ------ -----    ------- ------ -----   ---- --  -------- -----------

   [No hits detected that satisfy reporting thresholds]


Domain annotation for each sequence (and alignments):

   [No targets detected that satisfy reporting thresholds]


Internal pipeline statistics summary:
-------------------------------------
Query model(s):                            1  (700 nodes)
Target sequences:                        999  (328699 residues searched)
Passed MSV filter:                        40  (0.04004); expected 20.0 (0.02)
Passed bias filter:                       27  (0.027027); expected 20.0 (0.02)
Passed Vit filter:                         0  (0); expected 1.0 (0.001)
Passed Fwd filter:                         0  (0); expected 0.0 (1e-05)
Initial search space (Z):                999  [actual number of targets]
Domain search space  (domZ):               0  [number of targets reported over threshold]
# CPU time: 0.01u 0.01s 00:00:00.02 Elapsed: 00:00:00.01
# Mc/sec: 17017.56
//
Query:       pchlide-04012025  [M=508]
Scores for complete sequences (score includes all domains):
   --- full sequence ---   --- best 1 domain ---    -#dom-
    E-value  score  bias    E-value  score  bias    exp  N  Sequence Description
    ------- ------ -----    ------- ------ -----   ---- --  -------- -----------

   [No hits detected that satisfy reporting thresholds]


Domain annotation for each sequence (and alignments):

   [No targets detected that satisfy reporting thresholds]


Internal pipeline statistics summary:
-------------------------------------
Query model(s):                            1  (508 nodes)
Target sequences:                        999  (328699 residues searched)
Passed MSV filter:                        36  (0.036036); expected 20.0 (0.02)
Passed bias filter:                       27  (0.027027); expected 20.0 (0.02)
Passed Vit filter:                         3  (0.003003); expected 1.0 (0.001)
Passed Fwd filter:                         0  (0); expected 0.0 (1e-05)
Initial search space (Z):                999  [actual number of targets]
Domain search space  (domZ):               0  [number of targets reported over threshold]
# CPU time: 0.01u 0.00s 00:00:00.01 Elapsed: 00:00:00.01
# Mc/sec: 14757.89
//
[ok]
# hmmsearch :: search profile(s) against a sequence database
# HMMER 3.4 (Aug 2023); http://hmmer.org/
# Copyright (C) 2023 Howard Hughes Medical Institute.
# Freely distributed under the BSD open source license.
# - - - - - - - - - - - - - - - - - - - - - - - - - - - - - - - - - - - -
# query HMM file:                  ../HMMs/nifV_07242025.hmm
# target sequence database:        ../all_rep_proteins_aa/bacteria/GB_GCA_946408075.1_protein.faa
# - - - - - - - - - - - - - - - - - - - - - - - - - - - - - - - - - - - -

Query:       nifV-07242025  [M=437]
Scores for complete sequences (score includes all domains):
   --- full sequence ---   --- best 1 domain ---    -#dom-
    E-value  score  bias    E-value  score  bias    exp  N  Sequence Description
    ------- ------ -----    ------- ------ -----   ---- --  -------- -----------

   [No hits detected that satisfy reporting thresholds]


Domain annotation for each sequence (and alignments):

   [No targets detected that satisfy reporting thresholds]


Internal pipeline statistics summary:
-------------------------------------
Query model(s):                            1  (437 nodes)
Target sequences:                        999  (328699 residues searched)
Passed MSV filter:                        21  (0.021021); expected 20.0 (0.02)
Passed bias filter:                       15  (0.015015); expected 20.0 (0.02)
Passed Vit filter:                         1  (0.001001); expected 1.0 (0.001)
Passed Fwd filter:                         0  (0); expected 0.0 (1e-05)
Initial search space (Z):                999  [actual number of targets]
Domain search space  (domZ):               0  [number of targets reported over threshold]
# CPU time: 0.01u 0.00s 00:00:00.01 Elapsed: 00:00:00.00
# Mc/sec: 17863.13
//
[ok]
