# hmmsearch :: search profile(s) against a sequence database
# HMMER 3.4 (Aug 2023); http://hmmer.org/
# Copyright (C) 2023 Howard Hughes Medical Institute.
# Freely distributed under the BSD open source license.
# - - - - - - - - - - - - - - - - - - - - - - - - - - - - - - - - - - - -
# query HMM file:                  ../HMMs/combined_nif_04012025.hmm
# target sequence database:        ../all_rep_proteins_aa/bacteria/GB_GCA_947630195.1_protein.faa
# - - - - - - - - - - - - - - - - - - - - - - - - - - - - - - - - - - - -

Query:       nifH-03292025  [M=327]
Scores for complete sequences (score includes all domains):
   --- full sequence ---   --- best 1 domain ---    -#dom-
    E-value  score  bias    E-value  score  bias    exp  N  Sequence            Description
    ------- ------ -----    ------- ------ -----   ---- --  --------            -----------
    3.8e-15   52.0   0.2    6.4e-09   31.6   0.1    2.1  2  CANRGQ010000058.1_7  # 3089 # 3874 # 1 # ID=58_7;partial=00;s


Domain annotation for each sequence (and alignments):
>> CANRGQ010000058.1_7  # 3089 # 3874 # 1 # ID=58_7;partial=00;start_type=ATG;rbs_motif=GGAG/GAGG;rbs_spacer=5-10bp;gc_c
   #    score  bias  c-Evalue  i-Evalue hmmfrom  hmm to    alifrom  ali to    envfrom  env to     acc
 ---   ------ ----- --------- --------- ------- -------    ------- -------    ------- -------    ----
   1 !   31.6   0.1   5.1e-12   6.4e-09      17      89 ..      11      83 ..       5     110 .. 0.86
   2 !   18.7   0.0   4.1e-08   5.2e-05     149     255 ..     147     258 ..     142     261 .. 0.87

  Alignments for each domain:
  == domain 1  score: 31.6 bits;  conditional E-value: 5.1e-12
        nifH-03292025 17 KGGiGKSttasnlsaalaeegkkvlivGCdPKaDstrl..llggkaqktvldllrekgedleledvvkeGfkgvk 89
                         KGG+GK tt+ nl+aal +e+k+vl +  dP + +t+   l++g  ++ + ++l  k + +e e v+k++f++  
  CANRGQ010000058.1_7 11 KGGVGKTTTSINLAAALGKENKRVLLIDLDPQSNATTGlgLTQGDFEHDIYEVLTGKCS-IE-ESVIKTSFENLA 83
                         9*********************************9986225788889999999886643.43.788888888765 PP

  == domain 2  score: 18.7 bits;  conditional E-value: 4.1e-08
        nifH-03292025 149 adevyivtsgemmalYaanniakgikkyaee..ggvrlgGlicNsrkvdke..eelveefaeklgtqiiaf.vprsnevqkaelekktvi 233
                          +d+v+i + +e+ al     ++++i  ++++   + r+ G++  + + +++   e++ee+ + ++ +++++ +pr   + +a  ++k + 
  CANRGQ010000058.1_7 147 SDSVIIPVQCEFFALEGITQLLNSIIMVQSSmnPHLRIEGVLLTMLDGRTNigLEVIEEIRKYFKDKVFNTiIPRLVRLVEAPSHGKPIN 236
                          5789999999**************999988844567889*9999887665522799***********9976279**************** PP

        nifH-03292025 234 eaapdseqakeyreLakkilen 255
                          e++p+s+++++y++Lak+++e 
  CANRGQ010000058.1_7 237 EYDPTSRATEAYHNLAKEVIER 258
                          ******************9986 PP



Internal pipeline statistics summary:
-------------------------------------
Query model(s):                            1  (327 nodes)
Target sequences:                       1252  (352278 residues searched)
Passed MSV filter:                       107  (0.0854633); expected 25.0 (0.02)
Passed bias filter:                       55  (0.0439297); expected 25.0 (0.02)
Passed Vit filter:                         8  (0.00638978); expected 1.3 (0.001)
Passed Fwd filter:                         1  (0.000798722); expected 0.0 (1e-05)
Initial search space (Z):               1252  [actual number of targets]
Domain search space  (domZ):               1  [number of targets reported over threshold]
# CPU time: 0.01u 0.00s 00:00:00.01 Elapsed: 00:00:00.01
# Mc/sec: 7613.74
//
Query:       nifD-03292025  [M=482]
Scores for complete sequences (score includes all domains):
   --- full sequence ---   --- best 1 domain ---    -#dom-
    E-value  score  bias    E-value  score  bias    exp  N  Sequence Description
    ------- ------ -----    ------- ------ -----   ---- --  -------- -----------

   [No hits detected that satisfy reporting thresholds]


Domain annotation for each sequence (and alignments):

   [No targets detected that satisfy reporting thresholds]


Internal pipeline statistics summary:
-------------------------------------
Query model(s):                            1  (482 nodes)
Target sequences:                       1252  (352278 residues searched)
Passed MSV filter:                        97  (0.077476); expected 25.0 (0.02)
Passed bias filter:                       28  (0.0223642); expected 25.0 (0.02)
Passed Vit filter:                         0  (0); expected 1.3 (0.001)
Passed Fwd filter:                         0  (0); expected 0.0 (1e-05)
Initial search space (Z):               1252  [actual number of targets]
Domain search space  (domZ):               0  [number of targets reported over threshold]
# CPU time: 0.01u 0.00s 00:00:00.01 Elapsed: 00:00:00.01
# Mc/sec: 16341.19
//
Query:       nifK-03292025  [M=490]
Scores for complete sequences (score includes all domains):
   --- full sequence ---   --- best 1 domain ---    -#dom-
    E-value  score  bias    E-value  score  bias    exp  N  Sequence             Description
    ------- ------ -----    ------- ------ -----   ---- --  --------             -----------
     0.0074   11.1   0.0      0.012   10.4   0.0    1.3  1  CANRGQ010000002.1_34  # 34130 # 34882 # 1 # ID=2_34;partial=0


Domain annotation for each sequence (and alignments):
>> CANRGQ010000002.1_34  # 34130 # 34882 # 1 # ID=2_34;partial=00;start_type=ATG;rbs_motif=AGGAG;rbs_spacer=5-10bp;gc_co
   #    score  bias  c-Evalue  i-Evalue hmmfrom  hmm to    alifrom  ali to    envfrom  env to     acc
 ---   ------ ----- --------- --------- ------- -------    ------- -------    ------- -------    ----
   1 !   10.4   0.0   9.3e-06     0.012     371     425 ..      27      80 ..       9     100 .. 0.81

  Alignments for each domain:
  == domain 1  score: 10.4 bits;  conditional E-value: 9.3e-06
         nifK-03292025 371 hvltgngnkkfekeikalleespvgkeakvlagkDLwelrsllktepvDlligns 425
                            +ltg+ +++++k  k+l ++ p   +++   ++D+++l + +k+e++D+li n+
  CANRGQ010000002.1_34  27 LILTGRREERLKKIQKELHKK-PKIISLDLNKEEDVYKLYDKVKKENIDILINNA 80 
                           567777777777666666655.888889************************986 PP



Internal pipeline statistics summary:
-------------------------------------
Query model(s):                            1  (490 nodes)
Target sequences:                       1252  (352278 residues searched)
Passed MSV filter:                        49  (0.0391374); expected 25.0 (0.02)
Passed bias filter:                       23  (0.0183706); expected 25.0 (0.02)
Passed Vit filter:                         2  (0.00159744); expected 1.3 (0.001)
Passed Fwd filter:                         1  (0.000798722); expected 0.0 (1e-05)
Initial search space (Z):               1252  [actual number of targets]
Domain search space  (domZ):               1  [number of targets reported over threshold]
# CPU time: 0.01u 0.00s 00:00:00.01 Elapsed: 00:00:00.01
# Mc/sec: 13872.78
//
Query:       nifB-03292025  [M=505]
Scores for complete sequences (score includes all domains):
   --- full sequence ---   --- best 1 domain ---    -#dom-
    E-value  score  bias    E-value  score  bias    exp  N  Sequence Description
    ------- ------ -----    ------- ------ -----   ---- --  -------- -----------

   [No hits detected that satisfy reporting thresholds]


Domain annotation for each sequence (and alignments):

   [No targets detected that satisfy reporting thresholds]


Internal pipeline statistics summary:
-------------------------------------
Query model(s):                            1  (505 nodes)
Target sequences:                       1252  (352278 residues searched)
Passed MSV filter:                        60  (0.0479233); expected 25.0 (0.02)
Passed bias filter:                       33  (0.0263578); expected 25.0 (0.02)
Passed Vit filter:                         4  (0.00319489); expected 1.3 (0.001)
Passed Fwd filter:                         0  (0); expected 0.0 (1e-05)
Initial search space (Z):               1252  [actual number of targets]
Domain search space  (domZ):               0  [number of targets reported over threshold]
# CPU time: 0.01u 0.00s 00:00:00.01 Elapsed: 00:00:00.00
# Mc/sec: 18965.45
//
Query:       nifE-03292025  [M=556]
Scores for complete sequences (score includes all domains):
   --- full sequence ---   --- best 1 domain ---    -#dom-
    E-value  score  bias    E-value  score  bias    exp  N  Sequence Description
    ------- ------ -----    ------- ------ -----   ---- --  -------- -----------

   [No hits detected that satisfy reporting thresholds]


Domain annotation for each sequence (and alignments):

   [No targets detected that satisfy reporting thresholds]


Internal pipeline statistics summary:
-------------------------------------
Query model(s):                            1  (556 nodes)
Target sequences:                       1252  (352278 residues searched)
Passed MSV filter:                        93  (0.0742812); expected 25.0 (0.02)
Passed bias filter:                       50  (0.0399361); expected 25.0 (0.02)
Passed Vit filter:                         1  (0.000798722); expected 1.3 (0.001)
Passed Fwd filter:                         0  (0); expected 0.0 (1e-05)
Initial search space (Z):               1252  [actual number of targets]
Domain search space  (domZ):               0  [number of targets reported over threshold]
# CPU time: 0.02u 0.00s 00:00:00.02 Elapsed: 00:00:00.01
# Mc/sec: 19422.81
//
Query:       nifN-03292025  [M=700]
Scores for complete sequences (score includes all domains):
   --- full sequence ---   --- best 1 domain ---    -#dom-
    E-value  score  bias    E-value  score  bias    exp  N  Sequence Description
    ------- ------ -----    ------- ------ -----   ---- --  -------- -----------

   [No hits detected that satisfy reporting thresholds]


Domain annotation for each sequence (and alignments):

   [No targets detected that satisfy reporting thresholds]


Internal pipeline statistics summary:
-------------------------------------
Query model(s):                            1  (700 nodes)
Target sequences:                       1252  (352278 residues searched)
Passed MSV filter:                        69  (0.0551118); expected 25.0 (0.02)
Passed bias filter:                       47  (0.0375399); expected 25.0 (0.02)
Passed Vit filter:                         1  (0.000798722); expected 1.3 (0.001)
Passed Fwd filter:                         0  (0); expected 0.0 (1e-05)
Initial search space (Z):               1252  [actual number of targets]
Domain search space  (domZ):               0  [number of targets reported over threshold]
# CPU time: 0.02u 0.00s 00:00:00.02 Elapsed: 00:00:00.01
# Mc/sec: 18404.26
//
Query:       pchlide-04012025  [M=508]
Scores for complete sequences (score includes all domains):
   --- full sequence ---   --- best 1 domain ---    -#dom-
    E-value  score  bias    E-value  score  bias    exp  N  Sequence Description
    ------- ------ -----    ------- ------ -----   ---- --  -------- -----------

   [No hits detected that satisfy reporting thresholds]


Domain annotation for each sequence (and alignments):

   [No targets detected that satisfy reporting thresholds]


Internal pipeline statistics summary:
-------------------------------------
Query model(s):                            1  (508 nodes)
Target sequences:                       1252  (352278 residues searched)
Passed MSV filter:                        52  (0.0415335); expected 25.0 (0.02)
Passed bias filter:                       40  (0.0319489); expected 25.0 (0.02)
Passed Vit filter:                         5  (0.00399361); expected 1.3 (0.001)
Passed Fwd filter:                         0  (0); expected 0.0 (1e-05)
Initial search space (Z):               1252  [actual number of targets]
Domain search space  (domZ):               0  [number of targets reported over threshold]
# CPU time: 0.01u 0.00s 00:00:00.01 Elapsed: 00:00:00.01
# Mc/sec: 17027.82
//
[ok]
# hmmsearch :: search profile(s) against a sequence database
# HMMER 3.4 (Aug 2023); http://hmmer.org/
# Copyright (C) 2023 Howard Hughes Medical Institute.
# Freely distributed under the BSD open source license.
# - - - - - - - - - - - - - - - - - - - - - - - - - - - - - - - - - - - -
# query HMM file:                  ../HMMs/nifV_07242025.hmm
# target sequence database:        ../all_rep_proteins_aa/bacteria/GB_GCA_947630195.1_protein.faa
# - - - - - - - - - - - - - - - - - - - - - - - - - - - - - - - - - - - -

Query:       nifV-07242025  [M=437]
Scores for complete sequences (score includes all domains):
   --- full sequence ---   --- best 1 domain ---    -#dom-
    E-value  score  bias    E-value  score  bias    exp  N  Sequence Description
    ------- ------ -----    ------- ------ -----   ---- --  -------- -----------

   [No hits detected that satisfy reporting thresholds]


Domain annotation for each sequence (and alignments):

   [No targets detected that satisfy reporting thresholds]


Internal pipeline statistics summary:
-------------------------------------
Query model(s):                            1  (437 nodes)
Target sequences:                       1252  (352278 residues searched)
Passed MSV filter:                        34  (0.0271565); expected 25.0 (0.02)
Passed bias filter:                       27  (0.0215655); expected 25.0 (0.02)
Passed Vit filter:                         3  (0.00239617); expected 1.3 (0.001)
Passed Fwd filter:                         0  (0); expected 0.0 (1e-05)
Initial search space (Z):               1252  [actual number of targets]
Domain search space  (domZ):               0  [number of targets reported over threshold]
# CPU time: 0.01u 0.00s 00:00:00.01 Elapsed: 00:00:00.00
# Mc/sec: 19059.12
//
[ok]
