# hmmsearch :: search profile(s) against a sequence database
# HMMER 3.4 (Aug 2023); http://hmmer.org/
# Copyright (C) 2023 Howard Hughes Medical Institute.
# Freely distributed under the BSD open source license.
# - - - - - - - - - - - - - - - - - - - - - - - - - - - - - - - - - - - -
# query HMM file:                  ../HMMs/combined_nif_04012025.hmm
# target sequence database:        ../all_rep_proteins_aa/bacteria/GB_GCA_028695025.1_protein.faa
# - - - - - - - - - - - - - - - - - - - - - - - - - - - - - - - - - - - -

Query:       nifH-03292025  [M=327]
Scores for complete sequences (score includes all domains):
   --- full sequence ---   --- best 1 domain ---    -#dom-
    E-value  score  bias    E-value  score  bias    exp  N  Sequence             Description
    ------- ------ -----    ------- ------ -----   ---- --  --------             -----------
    4.8e-12   41.6   0.0    1.6e-07   26.8   0.0    2.1  2  JAQVJV010000009.1_15  # 14172 # 14960 # 1 # ID=11_15;partial=


Domain annotation for each sequence (and alignments):
>> JAQVJV010000009.1_15  # 14172 # 14960 # 1 # ID=11_15;partial=00;start_type=ATG;rbs_motif=TATAA;rbs_spacer=10bp;gc_con
   #    score  bias  c-Evalue  i-Evalue hmmfrom  hmm to    alifrom  ali to    envfrom  env to     acc
 ---   ------ ----- --------- --------- ------- -------    ------- -------    ------- -------    ----
   1 !   26.8   0.0   1.5e-10   1.6e-07      17      55 ..      11      49 ..       4      61 .. 0.94
   2 !   12.8   0.0   2.7e-06    0.0029     149     256 ..     141     253 ..     138     257 .. 0.82

  Alignments for each domain:
  == domain 1  score: 26.8 bits;  conditional E-value: 1.5e-10
         nifH-03292025 17 KGGiGKSttasnlsaalaeegkkvlivGCdPKaDstrll 55
                          KGG+GK tta nls+ la++gk vl v  dP a +t+ l
  JAQVJV010000009.1_15 11 KGGVGKTTTAVNLSTSLAQAGKFVLLVDLDPQANATSGL 49
                          9*********************************99866 PP

  == domain 2  score: 12.8 bits;  conditional E-value: 2.7e-06
         nifH-03292025 149 adevyivtsgemmalYaanniakgikkyaee..ggvrlgGlicNs..rkvdkeeelveefaeklgtqiiaf.vprsnevqkaelekktv 232
                           +dev+i + +e+ al     ++++i+ ++++   + ++ G +  +  r+ +   ++v+e+ +++  ++++  +prs  + +a   +k +
  JAQVJV010000009.1_15 141 SDEVVIPVQCEYYALEGLSQLLETINLVRDNlqPDLKIMGAVLTMfdRRNRLSYQVVREVKDHFPGRVFESvIPRSVRLAEAPSFGKSI 229
                           57888989999999999999999999888873345566676655411666778899999999999999976279*************** PP

         nifH-03292025 233 ieaapdseqakeyreLakkilenk 256
                           ++++  s+ ak+y++La++il+++
  JAQVJV010000009.1_15 230 FDFDLFSRGAKSYKNLANEILRTE 253
                           ********************9876 PP



Internal pipeline statistics summary:
-------------------------------------
Query model(s):                            1  (327 nodes)
Target sequences:                       1049  (290239 residues searched)
Passed MSV filter:                        56  (0.0533842); expected 21.0 (0.02)
Passed bias filter:                       38  (0.036225); expected 21.0 (0.02)
Passed Vit filter:                         6  (0.00571973); expected 1.0 (0.001)
Passed Fwd filter:                         1  (0.000953289); expected 0.0 (1e-05)
Initial search space (Z):               1049  [actual number of targets]
Domain search space  (domZ):               1  [number of targets reported over threshold]
# CPU time: 0.01u 0.00s 00:00:00.01 Elapsed: 00:00:00.01
# Mc/sec: 7906.81
//
Query:       nifD-03292025  [M=482]
Scores for complete sequences (score includes all domains):
   --- full sequence ---   --- best 1 domain ---    -#dom-
    E-value  score  bias    E-value  score  bias    exp  N  Sequence Description
    ------- ------ -----    ------- ------ -----   ---- --  -------- -----------

   [No hits detected that satisfy reporting thresholds]


Domain annotation for each sequence (and alignments):

   [No targets detected that satisfy reporting thresholds]


Internal pipeline statistics summary:
-------------------------------------
Query model(s):                            1  (482 nodes)
Target sequences:                       1049  (290239 residues searched)
Passed MSV filter:                        73  (0.0695901); expected 21.0 (0.02)
Passed bias filter:                       46  (0.0438513); expected 21.0 (0.02)
Passed Vit filter:                         1  (0.000953289); expected 1.0 (0.001)
Passed Fwd filter:                         0  (0); expected 0.0 (1e-05)
Initial search space (Z):               1049  [actual number of targets]
Domain search space  (domZ):               0  [number of targets reported over threshold]
# CPU time: 0.01u 0.01s 00:00:00.02 Elapsed: 00:00:00.01
# Mc/sec: 13841.94
//
Query:       nifK-03292025  [M=490]
Scores for complete sequences (score includes all domains):
   --- full sequence ---   --- best 1 domain ---    -#dom-
    E-value  score  bias    E-value  score  bias    exp  N  Sequence Description
    ------- ------ -----    ------- ------ -----   ---- --  -------- -----------

   [No hits detected that satisfy reporting thresholds]


Domain annotation for each sequence (and alignments):

   [No targets detected that satisfy reporting thresholds]


Internal pipeline statistics summary:
-------------------------------------
Query model(s):                            1  (490 nodes)
Target sequences:                       1049  (290239 residues searched)
Passed MSV filter:                        37  (0.0352717); expected 21.0 (0.02)
Passed bias filter:                       28  (0.0266921); expected 21.0 (0.02)
Passed Vit filter:                         4  (0.00381316); expected 1.0 (0.001)
Passed Fwd filter:                         0  (0); expected 0.0 (1e-05)
Initial search space (Z):               1049  [actual number of targets]
Domain search space  (domZ):               0  [number of targets reported over threshold]
# CPU time: 0.02u 0.00s 00:00:00.02 Elapsed: 00:00:00.01
# Mc/sec: 13082.56
//
Query:       nifB-03292025  [M=505]
Scores for complete sequences (score includes all domains):
   --- full sequence ---   --- best 1 domain ---    -#dom-
    E-value  score  bias    E-value  score  bias    exp  N  Sequence            Description
    ------- ------ -----    ------- ------ -----   ---- --  --------            -----------
  ------ inclusion threshold ------
       0.02    9.2   1.4       0.31    5.3   0.0    2.1  2  JAQVJV010000001.1_4  # 630 # 1793 # -1 # ID=10_4;partial=00;s


Domain annotation for each sequence (and alignments):
>> JAQVJV010000001.1_4  # 630 # 1793 # -1 # ID=10_4;partial=00;start_type=ATG;rbs_motif=AAAA;rbs_spacer=3bp;gc_cont=0.38
   #    score  bias  c-Evalue  i-Evalue hmmfrom  hmm to    alifrom  ali to    envfrom  env to     acc
 ---   ------ ----- --------- --------- ------- -------    ------- -------    ------- -------    ----
   1 ?    2.7   0.3    0.0018       1.9      82      95 ..      91     104 ..      82     106 .. 0.89
   2 ?    5.3   0.0   0.00029      0.31     225     278 ..     207     263 ..     161     272 .. 0.78

  Alignments for each domain:
  == domain 1  score: 2.7 bits;  conditional E-value: 0.0018
        nifB-03292025  82 avApaCNiqCnyCn 95 
                           vA +CN  C +C+
  JAQVJV010000001.1_4  91 IVAQKCNYDCTFCH 104
                          59***********6 PP

  == domain 2  score: 5.3 bits;  conditional E-value: 0.00029
        nifB-03292025 225 LlerQlegleklaer..gvlvKvNsvlipgvN..dehlvevakkvkekgaflhNvmpl 278
                            ++ + gl kl e+  +v +++Ns l+ g+N  ++++ ++ +  ++ +a ++ v +l
  JAQVJV010000001.1_4 207 VFHKVIYGLLKLREKypDVDIRINSTLVDGINssERDILDLIRFAERLDASIKYV-EL 263
                          55666778888887655899************33457999999999999998876.55 PP



Internal pipeline statistics summary:
-------------------------------------
Query model(s):                            1  (505 nodes)
Target sequences:                       1049  (290239 residues searched)
Passed MSV filter:                        44  (0.0419447); expected 21.0 (0.02)
Passed bias filter:                       24  (0.0228789); expected 21.0 (0.02)
Passed Vit filter:                         3  (0.00285987); expected 1.0 (0.001)
Passed Fwd filter:                         1  (0.000953289); expected 0.0 (1e-05)
Initial search space (Z):               1049  [actual number of targets]
Domain search space  (domZ):               1  [number of targets reported over threshold]
# CPU time: 0.01u 0.00s 00:00:00.01 Elapsed: 00:00:00.01
# Mc/sec: 9269.55
//
Query:       nifE-03292025  [M=556]
Scores for complete sequences (score includes all domains):
   --- full sequence ---   --- best 1 domain ---    -#dom-
    E-value  score  bias    E-value  score  bias    exp  N  Sequence Description
    ------- ------ -----    ------- ------ -----   ---- --  -------- -----------

   [No hits detected that satisfy reporting thresholds]


Domain annotation for each sequence (and alignments):

   [No targets detected that satisfy reporting thresholds]


Internal pipeline statistics summary:
-------------------------------------
Query model(s):                            1  (556 nodes)
Target sequences:                       1049  (290239 residues searched)
Passed MSV filter:                        51  (0.0486177); expected 21.0 (0.02)
Passed bias filter:                       32  (0.0305052); expected 21.0 (0.02)
Passed Vit filter:                         0  (0); expected 1.0 (0.001)
Passed Fwd filter:                         0  (0); expected 0.0 (1e-05)
Initial search space (Z):               1049  [actual number of targets]
Domain search space  (domZ):               0  [number of targets reported over threshold]
# CPU time: 0.01u 0.00s 00:00:00.01 Elapsed: 00:00:00.01
# Mc/sec: 13920.82
//
Query:       nifN-03292025  [M=700]
Scores for complete sequences (score includes all domains):
   --- full sequence ---   --- best 1 domain ---    -#dom-
    E-value  score  bias    E-value  score  bias    exp  N  Sequence Description
    ------- ------ -----    ------- ------ -----   ---- --  -------- -----------

   [No hits detected that satisfy reporting thresholds]


Domain annotation for each sequence (and alignments):

   [No targets detected that satisfy reporting thresholds]


Internal pipeline statistics summary:
-------------------------------------
Query model(s):                            1  (700 nodes)
Target sequences:                       1049  (290239 residues searched)
Passed MSV filter:                        33  (0.0314585); expected 21.0 (0.02)
Passed bias filter:                       23  (0.0219256); expected 21.0 (0.02)
Passed Vit filter:                         0  (0); expected 1.0 (0.001)
Passed Fwd filter:                         0  (0); expected 0.0 (1e-05)
Initial search space (Z):               1049  [actual number of targets]
Domain search space  (domZ):               0  [number of targets reported over threshold]
# CPU time: 0.01u 0.00s 00:00:00.01 Elapsed: 00:00:00.01
# Mc/sec: 16842.52
//
Query:       pchlide-04012025  [M=508]
Scores for complete sequences (score includes all domains):
   --- full sequence ---   --- best 1 domain ---    -#dom-
    E-value  score  bias    E-value  score  bias    exp  N  Sequence Description
    ------- ------ -----    ------- ------ -----   ---- --  -------- -----------

   [No hits detected that satisfy reporting thresholds]


Domain annotation for each sequence (and alignments):

   [No targets detected that satisfy reporting thresholds]


Internal pipeline statistics summary:
-------------------------------------
Query model(s):                            1  (508 nodes)
Target sequences:                       1049  (290239 residues searched)
Passed MSV filter:                        30  (0.0285987); expected 21.0 (0.02)
Passed bias filter:                       21  (0.0200191); expected 21.0 (0.02)
Passed Vit filter:                         3  (0.00285987); expected 1.0 (0.001)
Passed Fwd filter:                         0  (0); expected 0.0 (1e-05)
Initial search space (Z):               1049  [actual number of targets]
Domain search space  (domZ):               0  [number of targets reported over threshold]
# CPU time: 0.01u 0.00s 00:00:00.01 Elapsed: 00:00:00.00
# Mc/sec: 15102.76
//
[ok]
# hmmsearch :: search profile(s) against a sequence database
# HMMER 3.4 (Aug 2023); http://hmmer.org/
# Copyright (C) 2023 Howard Hughes Medical Institute.
# Freely distributed under the BSD open source license.
# - - - - - - - - - - - - - - - - - - - - - - - - - - - - - - - - - - - -
# query HMM file:                  ../HMMs/nifV_07242025.hmm
# target sequence database:        ../all_rep_proteins_aa/bacteria/GB_GCA_028695025.1_protein.faa
# - - - - - - - - - - - - - - - - - - - - - - - - - - - - - - - - - - - -

Query:       nifV-07242025  [M=437]
Scores for complete sequences (score includes all domains):
   --- full sequence ---   --- best 1 domain ---    -#dom-
    E-value  score  bias    E-value  score  bias    exp  N  Sequence Description
    ------- ------ -----    ------- ------ -----   ---- --  -------- -----------

   [No hits detected that satisfy reporting thresholds]


Domain annotation for each sequence (and alignments):

   [No targets detected that satisfy reporting thresholds]


Internal pipeline statistics summary:
-------------------------------------
Query model(s):                            1  (437 nodes)
Target sequences:                       1049  (290239 residues searched)
Passed MSV filter:                        26  (0.0247855); expected 21.0 (0.02)
Passed bias filter:                       19  (0.0181125); expected 21.0 (0.02)
Passed Vit filter:                         1  (0.000953289); expected 1.0 (0.001)
Passed Fwd filter:                         0  (0); expected 0.0 (1e-05)
Initial search space (Z):               1049  [actual number of targets]
Domain search space  (domZ):               0  [number of targets reported over threshold]
# CPU time: 0.01u 0.00s 00:00:00.01 Elapsed: 00:00:00.00
# Mc/sec: 16849.45
//
[ok]
