# hmmsearch :: search profile(s) against a sequence database
# HMMER 3.4 (Aug 2023); http://hmmer.org/
# Copyright (C) 2023 Howard Hughes Medical Institute.
# Freely distributed under the BSD open source license.
# - - - - - - - - - - - - - - - - - - - - - - - - - - - - - - - - - - - -
# query HMM file:                  ../HMMs/combined_nif_04012025.hmm
# target sequence database:        ../all_rep_proteins_aa/bacteria/GB_GCA_026710765.1_protein.faa
# - - - - - - - - - - - - - - - - - - - - - - - - - - - - - - - - - - - -

Query:       nifH-03292025  [M=327]
Scores for complete sequences (score includes all domains):
   --- full sequence ---   --- best 1 domain ---    -#dom-
    E-value  score  bias    E-value  score  bias    exp  N  Sequence             Description
    ------- ------ -----    ------- ------ -----   ---- --  --------             -----------
    5.1e-11   38.7   0.0    2.6e-05   20.0   0.0    2.2  2  JAPOQI010000087.1_10  # 7975 # 8766 # -1 # ID=150_10;partial=
      4e-08   29.2   0.0    7.5e-07   25.0   0.0    2.3  2  JAPOQI010000065.1_27  # 24440 # 25534 # 1 # ID=12_27;partial=


Domain annotation for each sequence (and alignments):
>> JAPOQI010000087.1_10  # 7975 # 8766 # -1 # ID=150_10;partial=00;start_type=ATG;rbs_motif=AAA;rbs_spacer=3bp;gc_cont=0
   #    score  bias  c-Evalue  i-Evalue hmmfrom  hmm to    alifrom  ali to    envfrom  env to     acc
 ---   ------ ----- --------- --------- ------- -------    ------- -------    ------- -------    ----
   1 !   20.0   0.0   3.5e-08   2.6e-05      17      55 ..      11      49 ..       3      61 .. 0.92
   2 !   16.7   0.0   3.4e-07   0.00025     150     262 ..     142     259 ..     138     263 .. 0.83

  Alignments for each domain:
  == domain 1  score: 20.0 bits;  conditional E-value: 3.5e-08
         nifH-03292025 17 KGGiGKSttasnlsaalaeegkkvlivGCdPKaDstrll 55
                          KGG+GK tta nlsa ++  ++kvl v  d  a +t+ +
  JAPOQI010000087.1_10 11 KGGVGKTTTAINLSASFSVLDYKVLLVDADSQANATSGI 49
                          9*****************************999999765 PP

  == domain 2  score: 16.7 bits;  conditional E-value: 3.4e-07
         nifH-03292025 150 devyivtsgemmalYaanniakgikkyaeeggv..rlgGlicNsrk..vdkeeelveefaeklgtqiiaf.vprsnevqkaelekktvi 233
                           d+v+i + +e+ al     ++++i++++++ ++  ++ G++  + +   +  ++++ee+ ++++t+++++ v r+ ++++a   +   +
  JAPOQI010000087.1_10 142 DSVIIPVQCEYFALEGLGKLLNTIRTIQKRLNTllEIEGILPTMYDprLRLSNQVIEELKTHFQTKVFQTiVARNVKLSEAPSFGSPAV 230
                           778888899999999999999999999999554116689987766511567899*************9872578889************ PP

         nifH-03292025 234 eaapdseqakeyreLakkilenkklvipk 262
                            ++ +s+ a++y +La++il++++l ipk
  JAPOQI010000087.1_10 231 FYDAESKGATSYLSLAEEILKKHQLPIPK 259
                           *********************99998885 PP

>> JAPOQI010000065.1_27  # 24440 # 25534 # 1 # ID=12_27;partial=01;start_type=ATG;rbs_motif=None;rbs_spacer=None;gc_cont
   #    score  bias  c-Evalue  i-Evalue hmmfrom  hmm to    alifrom  ali to    envfrom  env to     acc
 ---   ------ ----- --------- --------- ------- -------    ------- -------    ------- -------    ----
   1 !   25.0   0.0     1e-09   7.5e-07      15      43 ..     107     135 ..      94     159 .. 0.87
   2 ?    1.8   0.0     0.012       8.7     161     192 ..     248     277 ..     236     353 .. 0.86

  Alignments for each domain:
  == domain 1  score: 25.0 bits;  conditional E-value: 1e-09
         nifH-03292025  15 YGKGGiGKSttasnlsaalaeegkkvliv 43 
                            GKGG+GKSt a+nl+ ala+eg kv  v
  JAPOQI010000065.1_27 107 SGKGGVGKSTLAANLALALAQEGAKVGLV 135
                           4************************9665 PP

  == domain 2  score: 1.8 bits;  conditional E-value: 0.012
         nifH-03292025 161 malYaanniakgikkyaee.ggvrlgGlicNsr 192
                           +a     ++ kgi+ +++   +v+l Gli N+ 
  JAPOQI010000065.1_27 248 LA---LSDVRKGIAMFRKPeINVSLLGLIENMS 277
                           44...47899*****9986589*********86 PP



Internal pipeline statistics summary:
-------------------------------------
Query model(s):                            1  (327 nodes)
Target sequences:                       1466  (510964 residues searched)
Passed MSV filter:                        60  (0.0409277); expected 29.3 (0.02)
Passed bias filter:                       51  (0.0347885); expected 29.3 (0.02)
Passed Vit filter:                        10  (0.00682128); expected 1.5 (0.001)
Passed Fwd filter:                         2  (0.00136426); expected 0.0 (1e-05)
Initial search space (Z):               1466  [actual number of targets]
Domain search space  (domZ):               2  [number of targets reported over threshold]
# CPU time: 0.01u 0.00s 00:00:00.01 Elapsed: 00:00:00.02
# Mc/sec: 5630.61
//
Query:       nifD-03292025  [M=482]
Scores for complete sequences (score includes all domains):
   --- full sequence ---   --- best 1 domain ---    -#dom-
    E-value  score  bias    E-value  score  bias    exp  N  Sequence Description
    ------- ------ -----    ------- ------ -----   ---- --  -------- -----------

   [No hits detected that satisfy reporting thresholds]


Domain annotation for each sequence (and alignments):

   [No targets detected that satisfy reporting thresholds]


Internal pipeline statistics summary:
-------------------------------------
Query model(s):                            1  (482 nodes)
Target sequences:                       1466  (510964 residues searched)
Passed MSV filter:                        67  (0.0457026); expected 29.3 (0.02)
Passed bias filter:                       52  (0.0354707); expected 29.3 (0.02)
Passed Vit filter:                         2  (0.00136426); expected 1.5 (0.001)
Passed Fwd filter:                         0  (0); expected 0.0 (1e-05)
Initial search space (Z):               1466  [actual number of targets]
Domain search space  (domZ):               0  [number of targets reported over threshold]
# CPU time: 0.02u 0.00s 00:00:00.02 Elapsed: 00:00:00.01
# Mc/sec: 22524.59
//
Query:       nifK-03292025  [M=490]
Scores for complete sequences (score includes all domains):
   --- full sequence ---   --- best 1 domain ---    -#dom-
    E-value  score  bias    E-value  score  bias    exp  N  Sequence Description
    ------- ------ -----    ------- ------ -----   ---- --  -------- -----------

   [No hits detected that satisfy reporting thresholds]


Domain annotation for each sequence (and alignments):

   [No targets detected that satisfy reporting thresholds]


Internal pipeline statistics summary:
-------------------------------------
Query model(s):                            1  (490 nodes)
Target sequences:                       1466  (510964 residues searched)
Passed MSV filter:                        43  (0.0293315); expected 29.3 (0.02)
Passed bias filter:                       36  (0.0245566); expected 29.3 (0.02)
Passed Vit filter:                         3  (0.00204638); expected 1.5 (0.001)
Passed Fwd filter:                         0  (0); expected 0.0 (1e-05)
Initial search space (Z):               1466  [actual number of targets]
Domain search space  (domZ):               0  [number of targets reported over threshold]
# CPU time: 0.01u 0.00s 00:00:00.01 Elapsed: 00:00:00.01
# Mc/sec: 23023.96
//
Query:       nifB-03292025  [M=505]
Scores for complete sequences (score includes all domains):
   --- full sequence ---   --- best 1 domain ---    -#dom-
    E-value  score  bias    E-value  score  bias    exp  N  Sequence Description
    ------- ------ -----    ------- ------ -----   ---- --  -------- -----------

   [No hits detected that satisfy reporting thresholds]


Domain annotation for each sequence (and alignments):

   [No targets detected that satisfy reporting thresholds]


Internal pipeline statistics summary:
-------------------------------------
Query model(s):                            1  (505 nodes)
Target sequences:                       1466  (510964 residues searched)
Passed MSV filter:                        43  (0.0293315); expected 29.3 (0.02)
Passed bias filter:                       28  (0.0190996); expected 29.3 (0.02)
Passed Vit filter:                         5  (0.00341064); expected 1.5 (0.001)
Passed Fwd filter:                         0  (0); expected 0.0 (1e-05)
Initial search space (Z):               1466  [actual number of targets]
Domain search space  (domZ):               0  [number of targets reported over threshold]
# CPU time: 0.01u 0.00s 00:00:00.01 Elapsed: 00:00:00.00
# Mc/sec: 26841.71
//
Query:       nifE-03292025  [M=556]
Scores for complete sequences (score includes all domains):
   --- full sequence ---   --- best 1 domain ---    -#dom-
    E-value  score  bias    E-value  score  bias    exp  N  Sequence Description
    ------- ------ -----    ------- ------ -----   ---- --  -------- -----------

   [No hits detected that satisfy reporting thresholds]


Domain annotation for each sequence (and alignments):

   [No targets detected that satisfy reporting thresholds]


Internal pipeline statistics summary:
-------------------------------------
Query model(s):                            1  (556 nodes)
Target sequences:                       1466  (510964 residues searched)
Passed MSV filter:                        40  (0.0272851); expected 29.3 (0.02)
Passed bias filter:                       26  (0.0177353); expected 29.3 (0.02)
Passed Vit filter:                         1  (0.000682128); expected 1.5 (0.001)
Passed Fwd filter:                         0  (0); expected 0.0 (1e-05)
Initial search space (Z):               1466  [actual number of targets]
Domain search space  (domZ):               0  [number of targets reported over threshold]
# CPU time: 0.02u 0.00s 00:00:00.02 Elapsed: 00:00:00.00
# Mc/sec: 31542.25
//
Query:       nifN-03292025  [M=700]
Scores for complete sequences (score includes all domains):
   --- full sequence ---   --- best 1 domain ---    -#dom-
    E-value  score  bias    E-value  score  bias    exp  N  Sequence Description
    ------- ------ -----    ------- ------ -----   ---- --  -------- -----------

   [No hits detected that satisfy reporting thresholds]


Domain annotation for each sequence (and alignments):

   [No targets detected that satisfy reporting thresholds]


Internal pipeline statistics summary:
-------------------------------------
Query model(s):                            1  (700 nodes)
Target sequences:                       1466  (510964 residues searched)
Passed MSV filter:                        44  (0.0300136); expected 29.3 (0.02)
Passed bias filter:                       33  (0.0225102); expected 29.3 (0.02)
Passed Vit filter:                         5  (0.00341064); expected 1.5 (0.001)
Passed Fwd filter:                         0  (0); expected 0.0 (1e-05)
Initial search space (Z):               1466  [actual number of targets]
Domain search space  (domZ):               0  [number of targets reported over threshold]
# CPU time: 0.02u 0.00s 00:00:00.02 Elapsed: 00:00:00.01
# Mc/sec: 26962.79
//
Query:       pchlide-04012025  [M=508]
Scores for complete sequences (score includes all domains):
   --- full sequence ---   --- best 1 domain ---    -#dom-
    E-value  score  bias    E-value  score  bias    exp  N  Sequence Description
    ------- ------ -----    ------- ------ -----   ---- --  -------- -----------

   [No hits detected that satisfy reporting thresholds]


Domain annotation for each sequence (and alignments):

   [No targets detected that satisfy reporting thresholds]


Internal pipeline statistics summary:
-------------------------------------
Query model(s):                            1  (508 nodes)
Target sequences:                       1466  (510964 residues searched)
Passed MSV filter:                        40  (0.0272851); expected 29.3 (0.02)
Passed bias filter:                       33  (0.0225102); expected 29.3 (0.02)
Passed Vit filter:                         2  (0.00136426); expected 1.5 (0.001)
Passed Fwd filter:                         0  (0); expected 0.0 (1e-05)
Initial search space (Z):               1466  [actual number of targets]
Domain search space  (domZ):               0  [number of targets reported over threshold]
# CPU time: 0.02u 0.01s 00:00:00.03 Elapsed: 00:00:00.00
# Mc/sec: 26543.93
//
[ok]
# hmmsearch :: search profile(s) against a sequence database
# HMMER 3.4 (Aug 2023); http://hmmer.org/
# Copyright (C) 2023 Howard Hughes Medical Institute.
# Freely distributed under the BSD open source license.
# - - - - - - - - - - - - - - - - - - - - - - - - - - - - - - - - - - - -
# query HMM file:                  ../HMMs/nifV_07242025.hmm
# target sequence database:        ../all_rep_proteins_aa/bacteria/GB_GCA_026710765.1_protein.faa
# - - - - - - - - - - - - - - - - - - - - - - - - - - - - - - - - - - - -

Query:       nifV-07242025  [M=437]
Scores for complete sequences (score includes all domains):
   --- full sequence ---   --- best 1 domain ---    -#dom-
    E-value  score  bias    E-value  score  bias    exp  N  Sequence Description
    ------- ------ -----    ------- ------ -----   ---- --  -------- -----------

   [No hits detected that satisfy reporting thresholds]


Domain annotation for each sequence (and alignments):

   [No targets detected that satisfy reporting thresholds]


Internal pipeline statistics summary:
-------------------------------------
Query model(s):                            1  (437 nodes)
Target sequences:                       1466  (510964 residues searched)
Passed MSV filter:                        45  (0.0306958); expected 29.3 (0.02)
Passed bias filter:                       40  (0.0272851); expected 29.3 (0.02)
Passed Vit filter:                         6  (0.00409277); expected 1.5 (0.001)
Passed Fwd filter:                         0  (0); expected 0.0 (1e-05)
Initial search space (Z):               1466  [actual number of targets]
Domain search space  (domZ):               0  [number of targets reported over threshold]
# CPU time: 0.01u 0.00s 00:00:00.01 Elapsed: 00:00:00.01
# Mc/sec: 20955.59
//
[ok]
