# hmmsearch :: search profile(s) against a sequence database
# HMMER 3.4 (Aug 2023); http://hmmer.org/
# Copyright (C) 2023 Howard Hughes Medical Institute.
# Freely distributed under the BSD open source license.
# - - - - - - - - - - - - - - - - - - - - - - - - - - - - - - - - - - - -
# query HMM file:                  ../HMMs/combined_nif_04012025.hmm
# target sequence database:        ../all_rep_proteins_aa/bacteria/GB_GCA_944381185.1_protein.faa
# - - - - - - - - - - - - - - - - - - - - - - - - - - - - - - - - - - - -

Query:       nifH-03292025  [M=327]
Scores for complete sequences (score includes all domains):
   --- full sequence ---   --- best 1 domain ---    -#dom-
    E-value  score  bias    E-value  score  bias    exp  N  Sequence              Description
    ------- ------ -----    ------- ------ -----   ---- --  --------              -----------
    7.8e-12   41.1   0.1    2.1e-09   33.1   0.1    2.1  2  CALWKE010000001.1_483  # 549929 # 550711 # -1 # ID=1_483;part
     0.0053   12.1   0.0      0.013   10.8   0.0    1.6  1  CALWKE010000003.1_116  # 111393 # 114080 # 1 # ID=3_116;parti


Domain annotation for each sequence (and alignments):
>> CALWKE010000001.1_483  # 549929 # 550711 # -1 # ID=1_483;partial=00;start_type=ATG;rbs_motif=GGAG/GAGG;rbs_spacer=5-1
   #    score  bias  c-Evalue  i-Evalue hmmfrom  hmm to    alifrom  ali to    envfrom  env to     acc
 ---   ------ ----- --------- --------- ------- -------    ------- -------    ------- -------    ----
   1 !   33.1   0.1   3.6e-12   2.1e-09      17      78 ..      11      72 ..       1      87 [. 0.80
   2 !    6.1   0.0   0.00058      0.34     148     256 ..     140     253 ..     138     259 .. 0.83

  Alignments for each domain:
  == domain 1  score: 33.1 bits;  conditional E-value: 3.6e-12
          nifH-03292025 17 KGGiGKSttasnlsaalaeegkkvlivGCdPKaDstrll..lggkaqktvldllrekgedlele 78
                           KGG+GK tt  n+++ +a +gkkvl v  dP   +t++l   +g++++++ ++++e+++ ++ e
  CALWKE010000001.1_483 11 KGGVGKTTTCVNMATFMALMGKKVLLVDLDPQGNATSNLgfEKGNKINSIYQVMAEEKQ-VQ-E 72
                           9***********************************99833478899999999998864.22.3 PP

  == domain 2  score: 6.1 bits;  conditional E-value: 0.00058
          nifH-03292025 148 kadevyivtsgemmalYaanniakgikkyaee..ggvrlgGlicNsrkvdke..eelveefaeklgtqii.afvprsnevqkaelekk 230
                             ad v+i + +e+ al     ++++++ ++++   ++ + G++  +r+++++  +++  e+ + +  +++ +++pr+  + +a   ++
  CALWKE010000001.1_483 140 AADAVIIPIQCEFFALEGLSQLMNTVRLVKKKlnPDIAIDGVVLTMRDTRSNlgKQVAGEIRKFFADSVFeTTIPRNVRLAEAPSYGE 227
                            589999999*****************99998855678999******9988763356666666666666652579************** PP

          nifH-03292025 231 tvieaapdseqakeyreLakkilenk 256
                             +  +++++   k+y+ L+++  e +
  CALWKE010000001.1_483 228 PIYVYDKSCVGSKAYKMLTEEYFERQ 253
                            ******************99876665 PP

>> CALWKE010000003.1_116  # 111393 # 114080 # 1 # ID=3_116;partial=00;start_type=ATG;rbs_motif=AGGAG;rbs_spacer=5-10bp;g
   #    score  bias  c-Evalue  i-Evalue hmmfrom  hmm to    alifrom  ali to    envfrom  env to     acc
 ---   ------ ----- --------- --------- ------- -------    ------- -------    ------- -------    ----
   1 !   10.8   0.0   2.2e-05     0.013      11      43 ..     518     550 ..     508     576 .. 0.88

  Alignments for each domain:
  == domain 1  score: 10.8 bits;  conditional E-value: 2.2e-05
          nifH-03292025  11 kiAiYGKGGiGKSttasnlsaalaeegkkvliv 43 
                            ++ i GK G GKS  ++ + a la +++k++i+
  CALWKE010000003.1_116 518 NMVIMGKSGCGKSFCTKSILANLAADNSKIFIL 550
                            56799************************9986 PP



Internal pipeline statistics summary:
-------------------------------------
Query model(s):                            1  (327 nodes)
Target sequences:                       1177  (413469 residues searched)
Passed MSV filter:                       119  (0.101105); expected 23.5 (0.02)
Passed bias filter:                       66  (0.0560748); expected 23.5 (0.02)
Passed Vit filter:                        14  (0.0118946); expected 1.2 (0.001)
Passed Fwd filter:                         2  (0.00169924); expected 0.0 (1e-05)
Initial search space (Z):               1177  [actual number of targets]
Domain search space  (domZ):               2  [number of targets reported over threshold]
# CPU time: 0.02u 0.00s 00:00:00.02 Elapsed: 00:00:00.02
# Mc/sec: 6339.95
//
Query:       nifD-03292025  [M=482]
Scores for complete sequences (score includes all domains):
   --- full sequence ---   --- best 1 domain ---    -#dom-
    E-value  score  bias    E-value  score  bias    exp  N  Sequence Description
    ------- ------ -----    ------- ------ -----   ---- --  -------- -----------

   [No hits detected that satisfy reporting thresholds]


Domain annotation for each sequence (and alignments):

   [No targets detected that satisfy reporting thresholds]


Internal pipeline statistics summary:
-------------------------------------
Query model(s):                            1  (482 nodes)
Target sequences:                       1177  (413469 residues searched)
Passed MSV filter:                       103  (0.0875106); expected 23.5 (0.02)
Passed bias filter:                       28  (0.0237893); expected 23.5 (0.02)
Passed Vit filter:                         2  (0.00169924); expected 1.2 (0.001)
Passed Fwd filter:                         0  (0); expected 0.0 (1e-05)
Initial search space (Z):               1177  [actual number of targets]
Domain search space  (domZ):               0  [number of targets reported over threshold]
# CPU time: 0.01u 0.00s 00:00:00.01 Elapsed: 00:00:00.01
# Mc/sec: 18533.83
//
Query:       nifK-03292025  [M=490]
Scores for complete sequences (score includes all domains):
   --- full sequence ---   --- best 1 domain ---    -#dom-
    E-value  score  bias    E-value  score  bias    exp  N  Sequence Description
    ------- ------ -----    ------- ------ -----   ---- --  -------- -----------

   [No hits detected that satisfy reporting thresholds]


Domain annotation for each sequence (and alignments):

   [No targets detected that satisfy reporting thresholds]


Internal pipeline statistics summary:
-------------------------------------
Query model(s):                            1  (490 nodes)
Target sequences:                       1177  (413469 residues searched)
Passed MSV filter:                        59  (0.0501274); expected 23.5 (0.02)
Passed bias filter:                       27  (0.0229397); expected 23.5 (0.02)
Passed Vit filter:                         1  (0.000849618); expected 1.2 (0.001)
Passed Fwd filter:                         0  (0); expected 0.0 (1e-05)
Initial search space (Z):               1177  [actual number of targets]
Domain search space  (domZ):               0  [number of targets reported over threshold]
# CPU time: 0.01u 0.00s 00:00:00.01 Elapsed: 00:00:00.01
# Mc/sec: 19883.91
//
Query:       nifB-03292025  [M=505]
Scores for complete sequences (score includes all domains):
   --- full sequence ---   --- best 1 domain ---    -#dom-
    E-value  score  bias    E-value  score  bias    exp  N  Sequence Description
    ------- ------ -----    ------- ------ -----   ---- --  -------- -----------

   [No hits detected that satisfy reporting thresholds]


Domain annotation for each sequence (and alignments):

   [No targets detected that satisfy reporting thresholds]


Internal pipeline statistics summary:
-------------------------------------
Query model(s):                            1  (505 nodes)
Target sequences:                       1177  (413469 residues searched)
Passed MSV filter:                        71  (0.0603229); expected 23.5 (0.02)
Passed bias filter:                       30  (0.0254885); expected 23.5 (0.02)
Passed Vit filter:                         2  (0.00169924); expected 1.2 (0.001)
Passed Fwd filter:                         0  (0); expected 0.0 (1e-05)
Initial search space (Z):               1177  [actual number of targets]
Domain search space  (domZ):               0  [number of targets reported over threshold]
# CPU time: 0.01u 0.00s 00:00:00.01 Elapsed: 00:00:00.01
# Mc/sec: 18304.22
//
Query:       nifE-03292025  [M=556]
Scores for complete sequences (score includes all domains):
   --- full sequence ---   --- best 1 domain ---    -#dom-
    E-value  score  bias    E-value  score  bias    exp  N  Sequence Description
    ------- ------ -----    ------- ------ -----   ---- --  -------- -----------

   [No hits detected that satisfy reporting thresholds]


Domain annotation for each sequence (and alignments):

   [No targets detected that satisfy reporting thresholds]


Internal pipeline statistics summary:
-------------------------------------
Query model(s):                            1  (556 nodes)
Target sequences:                       1177  (413469 residues searched)
Passed MSV filter:                        86  (0.0730671); expected 23.5 (0.02)
Passed bias filter:                       34  (0.028887); expected 23.5 (0.02)
Passed Vit filter:                         5  (0.00424809); expected 1.2 (0.001)
Passed Fwd filter:                         0  (0); expected 0.0 (1e-05)
Initial search space (Z):               1177  [actual number of targets]
Domain search space  (domZ):               0  [number of targets reported over threshold]
# CPU time: 0.01u 0.00s 00:00:00.01 Elapsed: 00:00:00.01
# Mc/sec: 17868.18
//
Query:       nifN-03292025  [M=700]
Scores for complete sequences (score includes all domains):
   --- full sequence ---   --- best 1 domain ---    -#dom-
    E-value  score  bias    E-value  score  bias    exp  N  Sequence Description
    ------- ------ -----    ------- ------ -----   ---- --  -------- -----------

   [No hits detected that satisfy reporting thresholds]


Domain annotation for each sequence (and alignments):

   [No targets detected that satisfy reporting thresholds]


Internal pipeline statistics summary:
-------------------------------------
Query model(s):                            1  (700 nodes)
Target sequences:                       1177  (413469 residues searched)
Passed MSV filter:                        81  (0.068819); expected 23.5 (0.02)
Passed bias filter:                       43  (0.0365336); expected 23.5 (0.02)
Passed Vit filter:                         3  (0.00254885); expected 1.2 (0.001)
Passed Fwd filter:                         0  (0); expected 0.0 (1e-05)
Initial search space (Z):               1177  [actual number of targets]
Domain search space  (domZ):               0  [number of targets reported over threshold]
# CPU time: 0.02u 0.00s 00:00:00.02 Elapsed: 00:00:00.01
# Mc/sec: 16276.00
//
Query:       pchlide-04012025  [M=508]
Scores for complete sequences (score includes all domains):
   --- full sequence ---   --- best 1 domain ---    -#dom-
    E-value  score  bias    E-value  score  bias    exp  N  Sequence Description
    ------- ------ -----    ------- ------ -----   ---- --  -------- -----------

   [No hits detected that satisfy reporting thresholds]


Domain annotation for each sequence (and alignments):

   [No targets detected that satisfy reporting thresholds]


Internal pipeline statistics summary:
-------------------------------------
Query model(s):                            1  (508 nodes)
Target sequences:                       1177  (413469 residues searched)
Passed MSV filter:                        47  (0.039932); expected 23.5 (0.02)
Passed bias filter:                       29  (0.0246389); expected 23.5 (0.02)
Passed Vit filter:                         2  (0.00169924); expected 1.2 (0.001)
Passed Fwd filter:                         0  (0); expected 0.0 (1e-05)
Initial search space (Z):               1177  [actual number of targets]
Domain search space  (domZ):               0  [number of targets reported over threshold]
# CPU time: 0.01u 0.00s 00:00:00.01 Elapsed: 00:00:00.01
# Mc/sec: 19182.61
//
[ok]
# hmmsearch :: search profile(s) against a sequence database
# HMMER 3.4 (Aug 2023); http://hmmer.org/
# Copyright (C) 2023 Howard Hughes Medical Institute.
# Freely distributed under the BSD open source license.
# - - - - - - - - - - - - - - - - - - - - - - - - - - - - - - - - - - - -
# query HMM file:                  ../HMMs/nifV_07242025.hmm
# target sequence database:        ../all_rep_proteins_aa/bacteria/GB_GCA_944381185.1_protein.faa
# - - - - - - - - - - - - - - - - - - - - - - - - - - - - - - - - - - - -

Query:       nifV-07242025  [M=437]
Scores for complete sequences (score includes all domains):
   --- full sequence ---   --- best 1 domain ---    -#dom-
    E-value  score  bias    E-value  score  bias    exp  N  Sequence Description
    ------- ------ -----    ------- ------ -----   ---- --  -------- -----------

   [No hits detected that satisfy reporting thresholds]


Domain annotation for each sequence (and alignments):

   [No targets detected that satisfy reporting thresholds]


Internal pipeline statistics summary:
-------------------------------------
Query model(s):                            1  (437 nodes)
Target sequences:                       1177  (413469 residues searched)
Passed MSV filter:                        24  (0.0203908); expected 23.5 (0.02)
Passed bias filter:                       16  (0.0135939); expected 23.5 (0.02)
Passed Vit filter:                         2  (0.00169924); expected 1.2 (0.001)
Passed Fwd filter:                         0  (0); expected 0.0 (1e-05)
Initial search space (Z):               1177  [actual number of targets]
Domain search space  (domZ):               0  [number of targets reported over threshold]
# CPU time: 0.01u 0.00s 00:00:00.01 Elapsed: 00:00:00.00
# Mc/sec: 21733.18
//
[ok]
