# hmmsearch :: search profile(s) against a sequence database
# HMMER 3.4 (Aug 2023); http://hmmer.org/
# Copyright (C) 2023 Howard Hughes Medical Institute.
# Freely distributed under the BSD open source license.
# - - - - - - - - - - - - - - - - - - - - - - - - - - - - - - - - - - - -
# query HMM file:                  ../HMMs/combined_nif_04012025.hmm
# target sequence database:        ../all_rep_proteins_aa/bacteria/GB_GCA_934401725.1_protein.faa
# - - - - - - - - - - - - - - - - - - - - - - - - - - - - - - - - - - - -

Query:       nifH-03292025  [M=327]
Scores for complete sequences (score includes all domains):
   --- full sequence ---   --- best 1 domain ---    -#dom-
    E-value  score  bias    E-value  score  bias    exp  N  Sequence             Description
    ------- ------ -----    ------- ------ -----   ---- --  --------             -----------
    2.2e-08   30.3   0.4    1.1e-06   24.8   0.2    2.1  2  CAKRSS010000050.1_7   # 9466 # 10227 # 1 # ID=50_7;partial=00
    0.00048   16.1   1.6    0.00054   15.9   0.4    1.6  2  CAKRSS010000031.1_18  # 18943 # 19785 # -1 # ID=31_18;partial


Domain annotation for each sequence (and alignments):
>> CAKRSS010000050.1_7  # 9466 # 10227 # 1 # ID=50_7;partial=00;start_type=ATG;rbs_motif=GGAGG;rbs_spacer=5-10bp;gc_cont
   #    score  bias  c-Evalue  i-Evalue hmmfrom  hmm to    alifrom  ali to    envfrom  env to     acc
 ---   ------ ----- --------- --------- ------- -------    ------- -------    ------- -------    ----
   1 !   24.8   0.2   1.2e-09   1.1e-06      17      81 ..      11      74 ..       4      84 .. 0.79
   2 !    3.7   0.0     0.003       2.8     150     253 ..     142     250 ..     138     252 .. 0.76

  Alignments for each domain:
  == domain 1  score: 24.8 bits;  conditional E-value: 1.2e-09
        nifH-03292025 17 KGGiGKSttasnlsaalaeegkkvlivGCdPKaDstrll..lggkaqktvldllrekgedleledvv 81
                         KGG+GK t a n++a l   g+kvl v  dP   +t+ +   +++ + t+ d+l +k      edvv
  CAKRSS010000050.1_7 11 KGGVGKTTSAVNVAASLGVIGYKVLLVDLDPQGNATSGVgvSKKNLKLTIQDVLVQKAA---AEDVV 74
                         9*******************************998876521555666788888877653...34444 PP

  == domain 2  score: 3.7 bits;  conditional E-value: 0.003
        nifH-03292025 150 devyivtsgemmalYaanniakgikkyaee..ggvrlgGlicNsrkvd..keeelveefaeklgtqiiaf.vprsnevqkaelekktvie 234
                          d v+i + +e+ al     ++ +++++++    + ++ G++  + +++     +++ e+ ++   +++++ ++r+ ++++a   ++ v  
  CAKRSS010000050.1_7 142 DGVVIPMQCEFYALEGLSQLMITVSRIKQYynDKLTVTGILITMYNKRllLSMQVMAELKKHYTDKLFETcISRNVKLSEAPGFGMPVYY 231
                          66777788888888888888888877776533566777776544443311467788899999888888653899999************* PP

        nifH-03292025 235 aapdseqakeyreLakkil 253
                          ++++s+  +ey ++ak+++
  CAKRSS010000050.1_7 232 HDKSSKGSAEYLDVAKELS 250
                          ***************9875 PP

>> CAKRSS010000031.1_18  # 18943 # 19785 # -1 # ID=31_18;partial=00;start_type=ATG;rbs_motif=GGA/GAG/AGG;rbs_spacer=11-1
   #    score  bias  c-Evalue  i-Evalue hmmfrom  hmm to    alifrom  ali to    envfrom  env to     acc
 ---   ------ ----- --------- --------- ------- -------    ------- -------    ------- -------    ----
   1 !   15.9   0.4   5.9e-07   0.00054      15      41 ..      43      69 ..      33      80 .. 0.90
   2 ?   -2.3   0.0      0.21   1.9e+02     177     193 ..     193     209 ..     170     250 .. 0.54

  Alignments for each domain:
  == domain 1  score: 15.9 bits;  conditional E-value: 5.9e-07
         nifH-03292025 15 YGKGGiGKSttasnlsaalaeegkkvl 41
                           GKGG+GKS ++s l++ l+++g+kv 
  CAKRSS010000031.1_18 43 SGKGGVGKSLVTSMLAVNLSRQGYKVG 69
                          5************************95 PP

  == domain 2  score: -2.3 bits;  conditional E-value: 0.21
         nifH-03292025 177 aeeggvrlgGlicNsrk 193
                           a+   + + G++ N+  
  CAKRSS010000031.1_18 193 AQMMAIPVIGVVENMSY 209
                           33444444555555443 PP



Internal pipeline statistics summary:
-------------------------------------
Query model(s):                            1  (327 nodes)
Target sequences:                       1838  (631512 residues searched)
Passed MSV filter:                       118  (0.0642002); expected 36.8 (0.02)
Passed bias filter:                       98  (0.0533188); expected 36.8 (0.02)
Passed Vit filter:                        22  (0.0119695); expected 1.8 (0.001)
Passed Fwd filter:                         2  (0.00108814); expected 0.0 (1e-05)
Initial search space (Z):               1838  [actual number of targets]
Domain search space  (domZ):               2  [number of targets reported over threshold]
# CPU time: 0.02u 0.00s 00:00:00.02 Elapsed: 00:00:00.02
# Mc/sec: 7446.54
//
Query:       nifD-03292025  [M=482]
Scores for complete sequences (score includes all domains):
   --- full sequence ---   --- best 1 domain ---    -#dom-
    E-value  score  bias    E-value  score  bias    exp  N  Sequence Description
    ------- ------ -----    ------- ------ -----   ---- --  -------- -----------

   [No hits detected that satisfy reporting thresholds]


Domain annotation for each sequence (and alignments):

   [No targets detected that satisfy reporting thresholds]


Internal pipeline statistics summary:
-------------------------------------
Query model(s):                            1  (482 nodes)
Target sequences:                       1838  (631512 residues searched)
Passed MSV filter:                        69  (0.0375408); expected 36.8 (0.02)
Passed bias filter:                       57  (0.031012); expected 36.8 (0.02)
Passed Vit filter:                         3  (0.00163221); expected 1.8 (0.001)
Passed Fwd filter:                         0  (0); expected 0.0 (1e-05)
Initial search space (Z):               1838  [actual number of targets]
Domain search space  (domZ):               0  [number of targets reported over threshold]
# CPU time: 0.02u 0.00s 00:00:00.02 Elapsed: 00:00:00.01
# Mc/sec: 25136.62
//
Query:       nifK-03292025  [M=490]
Scores for complete sequences (score includes all domains):
   --- full sequence ---   --- best 1 domain ---    -#dom-
    E-value  score  bias    E-value  score  bias    exp  N  Sequence Description
    ------- ------ -----    ------- ------ -----   ---- --  -------- -----------

   [No hits detected that satisfy reporting thresholds]


Domain annotation for each sequence (and alignments):

   [No targets detected that satisfy reporting thresholds]


Internal pipeline statistics summary:
-------------------------------------
Query model(s):                            1  (490 nodes)
Target sequences:                       1838  (631512 residues searched)
Passed MSV filter:                        44  (0.0239391); expected 36.8 (0.02)
Passed bias filter:                       34  (0.0184984); expected 36.8 (0.02)
Passed Vit filter:                         3  (0.00163221); expected 1.8 (0.001)
Passed Fwd filter:                         0  (0); expected 0.0 (1e-05)
Initial search space (Z):               1838  [actual number of targets]
Domain search space  (domZ):               0  [number of targets reported over threshold]
# CPU time: 0.02u 0.00s 00:00:00.02 Elapsed: 00:00:00.01
# Mc/sec: 20207.30
//
Query:       nifB-03292025  [M=505]
Scores for complete sequences (score includes all domains):
   --- full sequence ---   --- best 1 domain ---    -#dom-
    E-value  score  bias    E-value  score  bias    exp  N  Sequence Description
    ------- ------ -----    ------- ------ -----   ---- --  -------- -----------

   [No hits detected that satisfy reporting thresholds]


Domain annotation for each sequence (and alignments):

   [No targets detected that satisfy reporting thresholds]


Internal pipeline statistics summary:
-------------------------------------
Query model(s):                            1  (505 nodes)
Target sequences:                       1838  (631512 residues searched)
Passed MSV filter:                        56  (0.0304679); expected 36.8 (0.02)
Passed bias filter:                       45  (0.0244831); expected 36.8 (0.02)
Passed Vit filter:                         2  (0.00108814); expected 1.8 (0.001)
Passed Fwd filter:                         0  (0); expected 0.0 (1e-05)
Initial search space (Z):               1838  [actual number of targets]
Domain search space  (domZ):               0  [number of targets reported over threshold]
# CPU time: 0.02u 0.00s 00:00:00.02 Elapsed: 00:00:00.01
# Mc/sec: 19520.52
//
Query:       nifE-03292025  [M=556]
Scores for complete sequences (score includes all domains):
   --- full sequence ---   --- best 1 domain ---    -#dom-
    E-value  score  bias    E-value  score  bias    exp  N  Sequence Description
    ------- ------ -----    ------- ------ -----   ---- --  -------- -----------

   [No hits detected that satisfy reporting thresholds]


Domain annotation for each sequence (and alignments):

   [No targets detected that satisfy reporting thresholds]


Internal pipeline statistics summary:
-------------------------------------
Query model(s):                            1  (556 nodes)
Target sequences:                       1838  (631512 residues searched)
Passed MSV filter:                        85  (0.0462459); expected 36.8 (0.02)
Passed bias filter:                       65  (0.0353645); expected 36.8 (0.02)
Passed Vit filter:                         9  (0.00489663); expected 1.8 (0.001)
Passed Fwd filter:                         0  (0); expected 0.0 (1e-05)
Initial search space (Z):               1838  [actual number of targets]
Domain search space  (domZ):               0  [number of targets reported over threshold]
# CPU time: 0.03u 0.01s 00:00:00.04 Elapsed: 00:00:00.02
# Mc/sec: 15177.31
//
Query:       nifN-03292025  [M=700]
Scores for complete sequences (score includes all domains):
   --- full sequence ---   --- best 1 domain ---    -#dom-
    E-value  score  bias    E-value  score  bias    exp  N  Sequence Description
    ------- ------ -----    ------- ------ -----   ---- --  -------- -----------

   [No hits detected that satisfy reporting thresholds]


Domain annotation for each sequence (and alignments):

   [No targets detected that satisfy reporting thresholds]


Internal pipeline statistics summary:
-------------------------------------
Query model(s):                            1  (700 nodes)
Target sequences:                       1838  (631512 residues searched)
Passed MSV filter:                        77  (0.0418934); expected 36.8 (0.02)
Passed bias filter:                       58  (0.031556); expected 36.8 (0.02)
Passed Vit filter:                         2  (0.00108814); expected 1.8 (0.001)
Passed Fwd filter:                         0  (0); expected 0.0 (1e-05)
Initial search space (Z):               1838  [actual number of targets]
Domain search space  (domZ):               0  [number of targets reported over threshold]
# CPU time: 0.03u 0.00s 00:00:00.03 Elapsed: 00:00:00.02
# Mc/sec: 20007.11
//
Query:       pchlide-04012025  [M=508]
Scores for complete sequences (score includes all domains):
   --- full sequence ---   --- best 1 domain ---    -#dom-
    E-value  score  bias    E-value  score  bias    exp  N  Sequence Description
    ------- ------ -----    ------- ------ -----   ---- --  -------- -----------

   [No hits detected that satisfy reporting thresholds]


Domain annotation for each sequence (and alignments):

   [No targets detected that satisfy reporting thresholds]


Internal pipeline statistics summary:
-------------------------------------
Query model(s):                            1  (508 nodes)
Target sequences:                       1838  (631512 residues searched)
Passed MSV filter:                        43  (0.023395); expected 36.8 (0.02)
Passed bias filter:                       33  (0.0179543); expected 36.8 (0.02)
Passed Vit filter:                         5  (0.00272035); expected 1.8 (0.001)
Passed Fwd filter:                         0  (0); expected 0.0 (1e-05)
Initial search space (Z):               1838  [actual number of targets]
Domain search space  (domZ):               0  [number of targets reported over threshold]
# CPU time: 0.02u 0.00s 00:00:00.02 Elapsed: 00:00:00.01
# Mc/sec: 17839.12
//
[ok]
# hmmsearch :: search profile(s) against a sequence database
# HMMER 3.4 (Aug 2023); http://hmmer.org/
# Copyright (C) 2023 Howard Hughes Medical Institute.
# Freely distributed under the BSD open source license.
# - - - - - - - - - - - - - - - - - - - - - - - - - - - - - - - - - - - -
# query HMM file:                  ../HMMs/nifV_07242025.hmm
# target sequence database:        ../all_rep_proteins_aa/bacteria/GB_GCA_934401725.1_protein.faa
# - - - - - - - - - - - - - - - - - - - - - - - - - - - - - - - - - - - -

Query:       nifV-07242025  [M=437]
Scores for complete sequences (score includes all domains):
   --- full sequence ---   --- best 1 domain ---    -#dom-
    E-value  score  bias    E-value  score  bias    exp  N  Sequence Description
    ------- ------ -----    ------- ------ -----   ---- --  -------- -----------

   [No hits detected that satisfy reporting thresholds]


Domain annotation for each sequence (and alignments):

   [No targets detected that satisfy reporting thresholds]


Internal pipeline statistics summary:
-------------------------------------
Query model(s):                            1  (437 nodes)
Target sequences:                       1838  (631512 residues searched)
Passed MSV filter:                        75  (0.0408052); expected 36.8 (0.02)
Passed bias filter:                       58  (0.031556); expected 36.8 (0.02)
Passed Vit filter:                         1  (0.00054407); expected 1.8 (0.001)
Passed Fwd filter:                         0  (0); expected 0.0 (1e-05)
Initial search space (Z):               1838  [actual number of targets]
Domain search space  (domZ):               0  [number of targets reported over threshold]
# CPU time: 0.01u 0.00s 00:00:00.01 Elapsed: 00:00:00.01
# Mc/sec: 25577.63
//
[ok]
