# hmmsearch :: search profile(s) against a sequence database
# HMMER 3.4 (Aug 2023); http://hmmer.org/
# Copyright (C) 2023 Howard Hughes Medical Institute.
# Freely distributed under the BSD open source license.
# - - - - - - - - - - - - - - - - - - - - - - - - - - - - - - - - - - - -
# query HMM file:                  ../HMMs/combined_nif_04012025.hmm
# target sequence database:        ../all_rep_proteins_aa/bacteria/GB_GCA_934085585.1_protein.faa
# - - - - - - - - - - - - - - - - - - - - - - - - - - - - - - - - - - - -

Query:       nifH-03292025  [M=327]
Scores for complete sequences (score includes all domains):
   --- full sequence ---   --- best 1 domain ---    -#dom-
    E-value  score  bias    E-value  score  bias    exp  N  Sequence              Description
    ------- ------ -----    ------- ------ -----   ---- --  --------              -----------
    2.8e-14   49.2   0.4    3.8e-09   32.3   0.3    2.1  2  CAKOHI010000008.1_63   # 44104 # 44889 # 1 # ID=8_63;partial=
     0.0042   12.4   0.0     0.0068   11.8   0.0    1.3  1  CAKOHI010000003.1_104  # 104900 # 106096 # 1 # ID=3_104;parti


Domain annotation for each sequence (and alignments):
>> CAKOHI010000008.1_63  # 44104 # 44889 # 1 # ID=8_63;partial=00;start_type=ATG;rbs_motif=GGA/GAG/AGG;rbs_spacer=5-10bp
   #    score  bias  c-Evalue  i-Evalue hmmfrom  hmm to    alifrom  ali to    envfrom  env to     acc
 ---   ------ ----- --------- --------- ------- -------    ------- -------    ------- -------    ----
   1 !   32.3   0.3   6.1e-12   3.8e-09      17      55 ..      11      49 ..       4      86 .. 0.83
   2 !   15.1   0.0   1.1e-06   0.00068     149     255 ..     147     258 ..     142     261 .. 0.86

  Alignments for each domain:
  == domain 1  score: 32.3 bits;  conditional E-value: 6.1e-12
         nifH-03292025 17 KGGiGKSttasnlsaalaeegkkvlivGCdPKaDstrll 55
                          KGG+GK tt+ nlsaal ++gk+vl +  dP + +t+ l
  CAKOHI010000008.1_63 11 KGGVGKTTTSINLSAALGKMGKRVLLIDMDPQSNATTGL 49
                          9*********************************99876 PP

  == domain 2  score: 15.1 bits;  conditional E-value: 1.1e-06
         nifH-03292025 149 adevyivtsgemmalYaanniakgikkyaee..ggvrlgGlicNsrkvdke..eelveefaeklgtqiiaf.vprsnevqkaelekktv 232
                           +d+v+i + +e+ al     ++++i  ++ +   + r+ G++  + + +++   e++ee+ + ++ +++++ +pr   + +a  ++k +
  CAKOHI010000008.1_63 147 SDSVIIPVQCEFFALEGITQLLNSIIMVQGSmnPELRIEGVLLTMLDGRTNigLEVIEEIRKYFKDKVFNTiIPRLVRLVEAPSHGKPI 235
                           5788999999999**999******99998874467788999999887665522799***********9976279*************** PP

         nifH-03292025 233 ieaapdseqakeyreLakkilen 255
                            e++p s+++++y +Lak++ + 
  CAKOHI010000008.1_63 236 NEYDPLSRATEAYANLAKEVVSR 258
                           *******************9875 PP

>> CAKOHI010000003.1_104  # 104900 # 106096 # 1 # ID=3_104;partial=00;start_type=ATG;rbs_motif=None;rbs_spacer=None;gc_c
   #    score  bias  c-Evalue  i-Evalue hmmfrom  hmm to    alifrom  ali to    envfrom  env to     acc
 ---   ------ ----- --------- --------- ------- -------    ------- -------    ------- -------    ----
   1 !   11.8   0.0   1.1e-05    0.0068       7      64 ..      36      92 ..      30     116 .. 0.76

  Alignments for each domain:
  == domain 1  score: 11.8 bits;  conditional E-value: 1.1e-05
          nifH-03292025  7 kkmrkiAiYGKGGiGKSttasnlsaalaeegkkvlivGCdPKaDstrlllggkaqktv 64
                           k++  + +YGK GiGK ++a+ l   l    +k l    + K+D  + ++++k+   +
  CAKOHI010000003.1_104 36 KRLFSMILYGKPGIGKTSIANALIEELNL-HYKFLNATINNKSDFDTAIMEAKMYGEM 92
                           55667789*************99999976.5889999999999988888877765544 PP



Internal pipeline statistics summary:
-------------------------------------
Query model(s):                            1  (327 nodes)
Target sequences:                       1246  (366793 residues searched)
Passed MSV filter:                       115  (0.0922953); expected 24.9 (0.02)
Passed bias filter:                       64  (0.0513644); expected 24.9 (0.02)
Passed Vit filter:                        10  (0.00802568); expected 1.2 (0.001)
Passed Fwd filter:                         2  (0.00160514); expected 0.0 (1e-05)
Initial search space (Z):               1246  [actual number of targets]
Domain search space  (domZ):               2  [number of targets reported over threshold]
# CPU time: 0.02u 0.00s 00:00:00.02 Elapsed: 00:00:00.01
# Mc/sec: 6213.10
//
Query:       nifD-03292025  [M=482]
Scores for complete sequences (score includes all domains):
   --- full sequence ---   --- best 1 domain ---    -#dom-
    E-value  score  bias    E-value  score  bias    exp  N  Sequence Description
    ------- ------ -----    ------- ------ -----   ---- --  -------- -----------

   [No hits detected that satisfy reporting thresholds]


Domain annotation for each sequence (and alignments):

   [No targets detected that satisfy reporting thresholds]


Internal pipeline statistics summary:
-------------------------------------
Query model(s):                            1  (482 nodes)
Target sequences:                       1246  (366793 residues searched)
Passed MSV filter:                       108  (0.0866774); expected 24.9 (0.02)
Passed bias filter:                       25  (0.0200642); expected 24.9 (0.02)
Passed Vit filter:                         1  (0.000802568); expected 1.2 (0.001)
Passed Fwd filter:                         0  (0); expected 0.0 (1e-05)
Initial search space (Z):               1246  [actual number of targets]
Domain search space  (domZ):               0  [number of targets reported over threshold]
# CPU time: 0.01u 0.00s 00:00:00.01 Elapsed: 00:00:00.01
# Mc/sec: 14220.82
//
Query:       nifK-03292025  [M=490]
Scores for complete sequences (score includes all domains):
   --- full sequence ---   --- best 1 domain ---    -#dom-
    E-value  score  bias    E-value  score  bias    exp  N  Sequence Description
    ------- ------ -----    ------- ------ -----   ---- --  -------- -----------

   [No hits detected that satisfy reporting thresholds]


Domain annotation for each sequence (and alignments):

   [No targets detected that satisfy reporting thresholds]


Internal pipeline statistics summary:
-------------------------------------
Query model(s):                            1  (490 nodes)
Target sequences:                       1246  (366793 residues searched)
Passed MSV filter:                        76  (0.0609952); expected 24.9 (0.02)
Passed bias filter:                       31  (0.0248796); expected 24.9 (0.02)
Passed Vit filter:                         5  (0.00401284); expected 1.2 (0.001)
Passed Fwd filter:                         0  (0); expected 0.0 (1e-05)
Initial search space (Z):               1246  [actual number of targets]
Domain search space  (domZ):               0  [number of targets reported over threshold]
# CPU time: 0.01u 0.00s 00:00:00.01 Elapsed: 00:00:00.01
# Mc/sec: 14663.25
//
Query:       nifB-03292025  [M=505]
Scores for complete sequences (score includes all domains):
   --- full sequence ---   --- best 1 domain ---    -#dom-
    E-value  score  bias    E-value  score  bias    exp  N  Sequence Description
    ------- ------ -----    ------- ------ -----   ---- --  -------- -----------

   [No hits detected that satisfy reporting thresholds]


Domain annotation for each sequence (and alignments):

   [No targets detected that satisfy reporting thresholds]


Internal pipeline statistics summary:
-------------------------------------
Query model(s):                            1  (505 nodes)
Target sequences:                       1246  (366793 residues searched)
Passed MSV filter:                        73  (0.0585875); expected 24.9 (0.02)
Passed bias filter:                       35  (0.0280899); expected 24.9 (0.02)
Passed Vit filter:                         7  (0.00561798); expected 1.2 (0.001)
Passed Fwd filter:                         0  (0); expected 0.0 (1e-05)
Initial search space (Z):               1246  [actual number of targets]
Domain search space  (domZ):               0  [number of targets reported over threshold]
# CPU time: 0.01u 0.00s 00:00:00.01 Elapsed: 00:00:00.01
# Mc/sec: 14185.02
//
Query:       nifE-03292025  [M=556]
Scores for complete sequences (score includes all domains):
   --- full sequence ---   --- best 1 domain ---    -#dom-
    E-value  score  bias    E-value  score  bias    exp  N  Sequence Description
    ------- ------ -----    ------- ------ -----   ---- --  -------- -----------

   [No hits detected that satisfy reporting thresholds]


Domain annotation for each sequence (and alignments):

   [No targets detected that satisfy reporting thresholds]


Internal pipeline statistics summary:
-------------------------------------
Query model(s):                            1  (556 nodes)
Target sequences:                       1246  (366793 residues searched)
Passed MSV filter:                        78  (0.0626003); expected 24.9 (0.02)
Passed bias filter:                       40  (0.0321027); expected 24.9 (0.02)
Passed Vit filter:                         1  (0.000802568); expected 1.2 (0.001)
Passed Fwd filter:                         0  (0); expected 0.0 (1e-05)
Initial search space (Z):               1246  [actual number of targets]
Domain search space  (domZ):               0  [number of targets reported over threshold]
# CPU time: 0.01u 0.00s 00:00:00.01 Elapsed: 00:00:00.01
# Mc/sec: 16234.64
//
Query:       nifN-03292025  [M=700]
Scores for complete sequences (score includes all domains):
   --- full sequence ---   --- best 1 domain ---    -#dom-
    E-value  score  bias    E-value  score  bias    exp  N  Sequence Description
    ------- ------ -----    ------- ------ -----   ---- --  -------- -----------

   [No hits detected that satisfy reporting thresholds]


Domain annotation for each sequence (and alignments):

   [No targets detected that satisfy reporting thresholds]


Internal pipeline statistics summary:
-------------------------------------
Query model(s):                            1  (700 nodes)
Target sequences:                       1246  (366793 residues searched)
Passed MSV filter:                        77  (0.0617978); expected 24.9 (0.02)
Passed bias filter:                       62  (0.0497592); expected 24.9 (0.02)
Passed Vit filter:                         4  (0.00321027); expected 1.2 (0.001)
Passed Fwd filter:                         0  (0); expected 0.0 (1e-05)
Initial search space (Z):               1246  [actual number of targets]
Domain search space  (domZ):               0  [number of targets reported over threshold]
# CPU time: 0.02u 0.00s 00:00:00.02 Elapsed: 00:00:00.01
# Mc/sec: 13559.40
//
Query:       pchlide-04012025  [M=508]
Scores for complete sequences (score includes all domains):
   --- full sequence ---   --- best 1 domain ---    -#dom-
    E-value  score  bias    E-value  score  bias    exp  N  Sequence Description
    ------- ------ -----    ------- ------ -----   ---- --  -------- -----------

   [No hits detected that satisfy reporting thresholds]


Domain annotation for each sequence (and alignments):

   [No targets detected that satisfy reporting thresholds]


Internal pipeline statistics summary:
-------------------------------------
Query model(s):                            1  (508 nodes)
Target sequences:                       1246  (366793 residues searched)
Passed MSV filter:                        51  (0.040931); expected 24.9 (0.02)
Passed bias filter:                       34  (0.0272873); expected 24.9 (0.02)
Passed Vit filter:                         4  (0.00321027); expected 1.2 (0.001)
Passed Fwd filter:                         0  (0); expected 0.0 (1e-05)
Initial search space (Z):               1246  [actual number of targets]
Domain search space  (domZ):               0  [number of targets reported over threshold]
# CPU time: 0.01u 0.01s 00:00:00.02 Elapsed: 00:00:00.01
# Mc/sec: 15875.17
//
[ok]
# hmmsearch :: search profile(s) against a sequence database
# HMMER 3.4 (Aug 2023); http://hmmer.org/
# Copyright (C) 2023 Howard Hughes Medical Institute.
# Freely distributed under the BSD open source license.
# - - - - - - - - - - - - - - - - - - - - - - - - - - - - - - - - - - - -
# query HMM file:                  ../HMMs/nifV_07242025.hmm
# target sequence database:        ../all_rep_proteins_aa/bacteria/GB_GCA_934085585.1_protein.faa
# - - - - - - - - - - - - - - - - - - - - - - - - - - - - - - - - - - - -

Query:       nifV-07242025  [M=437]
Scores for complete sequences (score includes all domains):
   --- full sequence ---   --- best 1 domain ---    -#dom-
    E-value  score  bias    E-value  score  bias    exp  N  Sequence Description
    ------- ------ -----    ------- ------ -----   ---- --  -------- -----------

   [No hits detected that satisfy reporting thresholds]


Domain annotation for each sequence (and alignments):

   [No targets detected that satisfy reporting thresholds]


Internal pipeline statistics summary:
-------------------------------------
Query model(s):                            1  (437 nodes)
Target sequences:                       1246  (366793 residues searched)
Passed MSV filter:                        35  (0.0280899); expected 24.9 (0.02)
Passed bias filter:                       30  (0.024077); expected 24.9 (0.02)
Passed Vit filter:                         3  (0.0024077); expected 1.2 (0.001)
Passed Fwd filter:                         0  (0); expected 0.0 (1e-05)
Initial search space (Z):               1246  [actual number of targets]
Domain search space  (domZ):               0  [number of targets reported over threshold]
# CPU time: 0.01u 0.00s 00:00:00.01 Elapsed: 00:00:00.00
# Mc/sec: 20785.61
//
[ok]
