# hmmsearch :: search profile(s) against a sequence database
# HMMER 3.4 (Aug 2023); http://hmmer.org/
# Copyright (C) 2023 Howard Hughes Medical Institute.
# Freely distributed under the BSD open source license.
# - - - - - - - - - - - - - - - - - - - - - - - - - - - - - - - - - - - -
# query HMM file:                  ../HMMs/combined_nif_04012025.hmm
# target sequence database:        ../all_rep_proteins_aa/bacteria/GB_GCA_903866285.1_protein.faa
# - - - - - - - - - - - - - - - - - - - - - - - - - - - - - - - - - - - -

Query:       nifH-03292025  [M=327]
Scores for complete sequences (score includes all domains):
   --- full sequence ---   --- best 1 domain ---    -#dom-
    E-value  score  bias    E-value  score  bias    exp  N  Sequence             Description
    ------- ------ -----    ------- ------ -----   ---- --  --------             -----------
    7.2e-13   44.4   0.1    1.5e-06   23.6   0.1    2.1  2  CAIPMZ010000137.1_16  # 19369 # 20181 # 1 # ID=137_16;partial


Domain annotation for each sequence (and alignments):
>> CAIPMZ010000137.1_16  # 19369 # 20181 # 1 # ID=137_16;partial=00;start_type=ATG;rbs_motif=None;rbs_spacer=None;gc_con
   #    score  bias  c-Evalue  i-Evalue hmmfrom  hmm to    alifrom  ali to    envfrom  env to     acc
 ---   ------ ----- --------- --------- ------- -------    ------- -------    ------- -------    ----
   1 !   23.6   0.1   1.4e-09   1.5e-06      17      51 ..      20      54 ..      11      66 .. 0.90
   2 !   18.7   0.0   4.2e-08   4.7e-05     149     260 ..     150     266 ..     148     270 .. 0.84

  Alignments for each domain:
  == domain 1  score: 23.6 bits;  conditional E-value: 1.4e-09
         nifH-03292025 17 KGGiGKSttasnlsaalaeegkkvlivGCdPKaDs 51
                          KGG+GK tta nl++ la+ gkkvl v  dP   +
  CAIPMZ010000137.1_16 20 KGGVGKTTTAINLATYLADFGKKVLLVDLDPQGNA 54
                          9******************************8665 PP

  == domain 2  score: 18.7 bits;  conditional E-value: 4.2e-08
         nifH-03292025 149 adevyivtsgemmalYaanniakgikkyaee..ggvrlgGlicNs..rkvdkeeelveefaeklgtqiiaf.vprsnevqkaelekktv 232
                           +dev i + +e+ al     ++++i+ ++++   + ++ G i  +  r+ +  +++v+e+ +++  +++   +prs  + +a   +k +
  CAIPMZ010000137.1_16 150 SDEVLIPVQTEYYALEGLSQLLQTIELVQTHlqPNLKIMGAILTMydRRNRLARQVVKEMRNHFPGHVFDSvIPRSVRLAEAPSYGKSI 238
                           589999999999999999999999998887743667777877665126667789999***99999999975279*************** PP

         nifH-03292025 233 ieaapdseqakeyreLakkilenkklvi 260
                           ++++  s+ a++y++La++i+e++++ +
  CAIPMZ010000137.1_16 239 LSFDGLSKGARSYKSLAREIIEKDEVEL 266
                           *********************9987765 PP



Internal pipeline statistics summary:
-------------------------------------
Query model(s):                            1  (327 nodes)
Target sequences:                       1127  (312724 residues searched)
Passed MSV filter:                        72  (0.0638864); expected 22.5 (0.02)
Passed bias filter:                       52  (0.0461402); expected 22.5 (0.02)
Passed Vit filter:                        11  (0.00976043); expected 1.1 (0.001)
Passed Fwd filter:                         1  (0.000887311); expected 0.0 (1e-05)
Initial search space (Z):               1127  [actual number of targets]
Domain search space  (domZ):               1  [number of targets reported over threshold]
# CPU time: 0.01u 0.00s 00:00:00.01 Elapsed: 00:00:00.01
# Mc/sec: 7460.89
//
Query:       nifD-03292025  [M=482]
Scores for complete sequences (score includes all domains):
   --- full sequence ---   --- best 1 domain ---    -#dom-
    E-value  score  bias    E-value  score  bias    exp  N  Sequence Description
    ------- ------ -----    ------- ------ -----   ---- --  -------- -----------

   [No hits detected that satisfy reporting thresholds]


Domain annotation for each sequence (and alignments):

   [No targets detected that satisfy reporting thresholds]


Internal pipeline statistics summary:
-------------------------------------
Query model(s):                            1  (482 nodes)
Target sequences:                       1127  (312724 residues searched)
Passed MSV filter:                        59  (0.0523514); expected 22.5 (0.02)
Passed bias filter:                       27  (0.0239574); expected 22.5 (0.02)
Passed Vit filter:                         2  (0.00177462); expected 1.1 (0.001)
Passed Fwd filter:                         0  (0); expected 0.0 (1e-05)
Initial search space (Z):               1127  [actual number of targets]
Domain search space  (domZ):               0  [number of targets reported over threshold]
# CPU time: 0.01u 0.00s 00:00:00.01 Elapsed: 00:00:00.00
# Mc/sec: 16748.42
//
Query:       nifK-03292025  [M=490]
Scores for complete sequences (score includes all domains):
   --- full sequence ---   --- best 1 domain ---    -#dom-
    E-value  score  bias    E-value  score  bias    exp  N  Sequence Description
    ------- ------ -----    ------- ------ -----   ---- --  -------- -----------

   [No hits detected that satisfy reporting thresholds]


Domain annotation for each sequence (and alignments):

   [No targets detected that satisfy reporting thresholds]


Internal pipeline statistics summary:
-------------------------------------
Query model(s):                            1  (490 nodes)
Target sequences:                       1127  (312724 residues searched)
Passed MSV filter:                        40  (0.0354925); expected 22.5 (0.02)
Passed bias filter:                       26  (0.0230701); expected 22.5 (0.02)
Passed Vit filter:                         4  (0.00354925); expected 1.1 (0.001)
Passed Fwd filter:                         0  (0); expected 0.0 (1e-05)
Initial search space (Z):               1127  [actual number of targets]
Domain search space  (domZ):               0  [number of targets reported over threshold]
# CPU time: 0.01u 0.00s 00:00:00.01 Elapsed: 00:00:00.00
# Mc/sec: 15410.47
//
Query:       nifB-03292025  [M=505]
Scores for complete sequences (score includes all domains):
   --- full sequence ---   --- best 1 domain ---    -#dom-
    E-value  score  bias    E-value  score  bias    exp  N  Sequence             Description
    ------- ------ -----    ------- ------ -----   ---- --  --------             -----------
     0.0012   13.3   0.3     0.0043   11.6   0.3    1.7  1  CAIPMZ010000088.1_13  # 12754 # 13815 # -1 # ID=88_13;partial
     0.0026   12.3   0.0     0.0038   11.7   0.0    1.2  1  CAIPMZ010000124.1_2   # 909 # 2036 # -1 # ID=124_2;partial=00


Domain annotation for each sequence (and alignments):
>> CAIPMZ010000088.1_13  # 12754 # 13815 # -1 # ID=88_13;partial=00;start_type=ATG;rbs_motif=ATTAA;rbs_spacer=15bp;gc_co
   #    score  bias  c-Evalue  i-Evalue hmmfrom  hmm to    alifrom  ali to    envfrom  env to     acc
 ---   ------ ----- --------- --------- ------- -------    ------- -------    ------- -------    ----
   1 !   11.6   0.3   7.6e-06    0.0043      81     187 ..      10     107 ..       2     114 .. 0.75

  Alignments for each domain:
  == domain 1  score: 11.6 bits;  conditional E-value: 7.6e-06
         nifB-03292025  81 vavApaCNiqCnyCnRkydCanEsRPGvvsevLtpeqavkkvk.avaaeipqlsVvGiAGPGDalanpektfetlelvkeeapdlklCl 168
                           + +  +CN+ C+yC  k             +++  + a+k +  a  +e  ++  +Gi G G++l++++ + + +   ++++   k+ +
  CAIPMZ010000088.1_13  10 LHITDKCNLHCKYCYVKKR----------DRTMAWQIAMKAIDfAFSSENVKIGAIGIFG-GESLMEWRLVERIVVYAEKKYKVNKFDI 87 
                           66889*********86632..........235665556655541344556668889**99.9*******9999999999999999**** PP

         nifB-03292025 169 stNGLaLpey.vdelaelnv 187
                           +tNGL L ++ ++  +++n+
  CAIPMZ010000088.1_13  88 ATNGLLLTKKrLEYFVRHNI 107
                           *****998642555666665 PP

>> CAIPMZ010000124.1_2  # 909 # 2036 # -1 # ID=124_2;partial=00;start_type=ATG;rbs_motif=AATAA;rbs_spacer=10bp;gc_cont=0
   #    score  bias  c-Evalue  i-Evalue hmmfrom  hmm to    alifrom  ali to    envfrom  env to     acc
 ---   ------ ----- --------- --------- ------- -------    ------- -------    ------- -------    ----
   1 !   11.7   0.0   6.8e-06    0.0038      79     156 ..      23      95 ..      17     145 .. 0.74

  Alignments for each domain:
  == domain 1  score: 11.7 bits;  conditional E-value: 6.8e-06
        nifB-03292025  79 mHvavApaCNiqCnyCnRkydCanEsRPGvvsevLtpeqavkkvkavaaeipqlsVvGiAGPGDala..npektfetlel 156
                          + +a+   CN++C yC   y C  E    v  + L     ++k+++ aa +  ++ vGi G G++l   n e t++ l++
  CAIPMZ010000124.1_2  23 IWIAIPAYCNLACSYC---YACGGER---VKEDNLLSWGEFEKLLEQAALMG-VKSVGIPGAGEPLLphNRELTMKILRK 95 
                          67899999********...99*8875...99999999999999999877665.999**********72244445555554 PP



Internal pipeline statistics summary:
-------------------------------------
Query model(s):                            1  (505 nodes)
Target sequences:                       1127  (312724 residues searched)
Passed MSV filter:                        51  (0.0452529); expected 22.5 (0.02)
Passed bias filter:                       33  (0.0292813); expected 22.5 (0.02)
Passed Vit filter:                         6  (0.00532387); expected 1.1 (0.001)
Passed Fwd filter:                         2  (0.00177462); expected 0.0 (1e-05)
Initial search space (Z):               1127  [actual number of targets]
Domain search space  (domZ):               2  [number of targets reported over threshold]
# CPU time: 0.02u 0.00s 00:00:00.02 Elapsed: 00:00:00.02
# Mc/sec: 6724.34
//
Query:       nifE-03292025  [M=556]
Scores for complete sequences (score includes all domains):
   --- full sequence ---   --- best 1 domain ---    -#dom-
    E-value  score  bias    E-value  score  bias    exp  N  Sequence Description
    ------- ------ -----    ------- ------ -----   ---- --  -------- -----------

   [No hits detected that satisfy reporting thresholds]


Domain annotation for each sequence (and alignments):

   [No targets detected that satisfy reporting thresholds]


Internal pipeline statistics summary:
-------------------------------------
Query model(s):                            1  (556 nodes)
Target sequences:                       1127  (312724 residues searched)
Passed MSV filter:                        61  (0.054126); expected 22.5 (0.02)
Passed bias filter:                       37  (0.0328305); expected 22.5 (0.02)
Passed Vit filter:                         4  (0.00354925); expected 1.1 (0.001)
Passed Fwd filter:                         0  (0); expected 0.0 (1e-05)
Initial search space (Z):               1127  [actual number of targets]
Domain search space  (domZ):               0  [number of targets reported over threshold]
# CPU time: 0.01u 0.01s 00:00:00.02 Elapsed: 00:00:00.01
# Mc/sec: 15485.10
//
Query:       nifN-03292025  [M=700]
Scores for complete sequences (score includes all domains):
   --- full sequence ---   --- best 1 domain ---    -#dom-
    E-value  score  bias    E-value  score  bias    exp  N  Sequence Description
    ------- ------ -----    ------- ------ -----   ---- --  -------- -----------

   [No hits detected that satisfy reporting thresholds]


Domain annotation for each sequence (and alignments):

   [No targets detected that satisfy reporting thresholds]


Internal pipeline statistics summary:
-------------------------------------
Query model(s):                            1  (700 nodes)
Target sequences:                       1127  (312724 residues searched)
Passed MSV filter:                        49  (0.0434783); expected 22.5 (0.02)
Passed bias filter:                       32  (0.028394); expected 22.5 (0.02)
Passed Vit filter:                         1  (0.000887311); expected 1.1 (0.001)
Passed Fwd filter:                         0  (0); expected 0.0 (1e-05)
Initial search space (Z):               1127  [actual number of targets]
Domain search space  (domZ):               0  [number of targets reported over threshold]
# CPU time: 0.01u 0.00s 00:00:00.01 Elapsed: 00:00:00.01
# Mc/sec: 16117.02
//
Query:       pchlide-04012025  [M=508]
Scores for complete sequences (score includes all domains):
   --- full sequence ---   --- best 1 domain ---    -#dom-
    E-value  score  bias    E-value  score  bias    exp  N  Sequence Description
    ------- ------ -----    ------- ------ -----   ---- --  -------- -----------

   [No hits detected that satisfy reporting thresholds]


Domain annotation for each sequence (and alignments):

   [No targets detected that satisfy reporting thresholds]


Internal pipeline statistics summary:
-------------------------------------
Query model(s):                            1  (508 nodes)
Target sequences:                       1127  (312724 residues searched)
Passed MSV filter:                        50  (0.0443656); expected 22.5 (0.02)
Passed bias filter:                       34  (0.0301686); expected 22.5 (0.02)
Passed Vit filter:                         1  (0.000887311); expected 1.1 (0.001)
Passed Fwd filter:                         0  (0); expected 0.0 (1e-05)
Initial search space (Z):               1127  [actual number of targets]
Domain search space  (domZ):               0  [number of targets reported over threshold]
# CPU time: 0.01u 0.00s 00:00:00.01 Elapsed: 00:00:00.01
# Mc/sec: 15095.57
//
[ok]
# hmmsearch :: search profile(s) against a sequence database
# HMMER 3.4 (Aug 2023); http://hmmer.org/
# Copyright (C) 2023 Howard Hughes Medical Institute.
# Freely distributed under the BSD open source license.
# - - - - - - - - - - - - - - - - - - - - - - - - - - - - - - - - - - - -
# query HMM file:                  ../HMMs/nifV_07242025.hmm
# target sequence database:        ../all_rep_proteins_aa/bacteria/GB_GCA_903866285.1_protein.faa
# - - - - - - - - - - - - - - - - - - - - - - - - - - - - - - - - - - - -

Query:       nifV-07242025  [M=437]
Scores for complete sequences (score includes all domains):
   --- full sequence ---   --- best 1 domain ---    -#dom-
    E-value  score  bias    E-value  score  bias    exp  N  Sequence Description
    ------- ------ -----    ------- ------ -----   ---- --  -------- -----------

   [No hits detected that satisfy reporting thresholds]


Domain annotation for each sequence (and alignments):

   [No targets detected that satisfy reporting thresholds]


Internal pipeline statistics summary:
-------------------------------------
Query model(s):                            1  (437 nodes)
Target sequences:                       1127  (312724 residues searched)
Passed MSV filter:                        35  (0.0310559); expected 22.5 (0.02)
Passed bias filter:                       22  (0.0195209); expected 22.5 (0.02)
Passed Vit filter:                         4  (0.00354925); expected 1.1 (0.001)
Passed Fwd filter:                         0  (0); expected 0.0 (1e-05)
Initial search space (Z):               1127  [actual number of targets]
Domain search space  (domZ):               0  [number of targets reported over threshold]
# CPU time: 0.01u 0.00s 00:00:00.01 Elapsed: 00:00:00.00
# Mc/sec: 15087.27
//
[ok]
