# hmmsearch :: search profile(s) against a sequence database
# HMMER 3.4 (Aug 2023); http://hmmer.org/
# Copyright (C) 2023 Howard Hughes Medical Institute.
# Freely distributed under the BSD open source license.
# - - - - - - - - - - - - - - - - - - - - - - - - - - - - - - - - - - - -
# query HMM file:                  ../HMMs/combined_nif_04012025.hmm
# target sequence database:        ../all_rep_proteins_aa/bacteria/GB_GCA_905233895.1_protein.faa
# - - - - - - - - - - - - - - - - - - - - - - - - - - - - - - - - - - - -

Query:       nifH-03292025  [M=327]
Scores for complete sequences (score includes all domains):
   --- full sequence ---   --- best 1 domain ---    -#dom-
    E-value  score  bias    E-value  score  bias    exp  N  Sequence             Description
    ------- ------ -----    ------- ------ -----   ---- --  --------             -----------
    1.5e-13   47.6   0.3      5e-10   36.0   0.1    2.1  2  CAJOFL010000019.1_6   # 5434 # 6204 # 1 # ID=19_6;partial=00;
    7.4e-07   25.6   0.0    6.7e-06   22.4   0.1    2.1  2  CAJOFL010000020.1_31  # 34563 # 35642 # 1 # ID=20_31;partial=


Domain annotation for each sequence (and alignments):
>> CAJOFL010000019.1_6  # 5434 # 6204 # 1 # ID=19_6;partial=00;start_type=ATG;rbs_motif=None;rbs_spacer=None;gc_cont=0.5
   #    score  bias  c-Evalue  i-Evalue hmmfrom  hmm to    alifrom  ali to    envfrom  env to     acc
 ---   ------ ----- --------- --------- ------- -------    ------- -------    ------- -------    ----
   1 !   36.0   0.1   4.7e-13     5e-10      17      55 ..      11      49 ..       2      74 .. 0.91
   2 !    9.9   0.0     4e-05     0.043     148     257 ..     140     254 ..     137     256 .. 0.81

  Alignments for each domain:
  == domain 1  score: 36.0 bits;  conditional E-value: 4.7e-13
        nifH-03292025 17 KGGiGKSttasnlsaalaeegkkvlivGCdPKaDstrll 55
                         KGG+GK tta nlsa la  +kkvl v CdP a +t+ l
  CAJOFL010000019.1_6 11 KGGVGKTTTAVNLSASLAVLEKKVLLVDCDPQANATSGL 49
                         9*********************************99866 PP

  == domain 2  score: 9.9 bits;  conditional E-value: 4e-05
        nifH-03292025 148 kadevyivtsgemmalYaanniakgikkyaeeggvrl..gGlicNsr..kvdkeeelveefaeklgtqiiaf.vprsnevqkaelekktv 232
                           ad+v+i + +e+ al     ++++++ ++++ + rl   Gl+  +   + +  +++ve++  +++  ++ + + r++++ +a   +k +
  CAJOFL010000019.1_6 140 AADSVIIPIQSEYFALEGLGKLLNTVRIVQTRLNPRLsiEGLLITMYdnRLRLARQVVEDVRGHFKDMVFDTlIFRNTKLAEAPSYGKSI 229
                          589999999999999999999999999988886655422687765541145667899999999999888865378999************ PP

        nifH-03292025 233 ieaapdseqakeyreLakkilenkk 257
                          i ++  s+ a +y +La++il+ +k
  CAJOFL010000019.1_6 230 IMHDVASTGAVNYLNLAQEILRRNK 254
                          ********************98765 PP

>> CAJOFL010000020.1_31  # 34563 # 35642 # 1 # ID=20_31;partial=00;start_type=ATG;rbs_motif=AAAA;rbs_spacer=14bp;gc_cont
   #    score  bias  c-Evalue  i-Evalue hmmfrom  hmm to    alifrom  ali to    envfrom  env to     acc
 ---   ------ ----- --------- --------- ------- -------    ------- -------    ------- -------    ----
   1 !   22.4   0.1   6.3e-09   6.7e-06      15      43 ..     105     133 ..      91     156 .. 0.86
   2 ?    0.6   0.0     0.028        30     202     252 ..     296     349 ..     239     356 .. 0.77

  Alignments for each domain:
  == domain 1  score: 22.4 bits;  conditional E-value: 6.3e-09
         nifH-03292025  15 YGKGGiGKSttasnlsaalaeegkkvliv 43 
                            GKGG+GKSt+a nl+  la++g kv  v
  CAJOFL010000020.1_31 105 SGKGGVGKSTVAVNLAISLAKTGAKVGLV 133
                           5************************9666 PP

  == domain 2  score: 0.6 bits;  conditional E-value: 0.028
         nifH-03292025 202 eefaeklgtqiiafvprsnevqkaelekktvieaapdse...qakeyreLakki 252
                           +++ae++++ ++ ++p  + + ++  ++k v  ++p+ +     +++ eLa++ 
  CAJOFL010000020.1_31 296 RRMAEEMNIPLLGEIPLVQSIAESGDSGKPVALFNPSDTkdpVRDAFDELARNT 349
                           678999999999999999999999999999998887654111567888888765 PP



Internal pipeline statistics summary:
-------------------------------------
Query model(s):                            1  (327 nodes)
Target sequences:                       2116  (721219 residues searched)
Passed MSV filter:                       111  (0.0524575); expected 42.3 (0.02)
Passed bias filter:                       88  (0.0415879); expected 42.3 (0.02)
Passed Vit filter:                        13  (0.00614367); expected 2.1 (0.001)
Passed Fwd filter:                         2  (0.00094518); expected 0.0 (1e-05)
Initial search space (Z):               2116  [actual number of targets]
Domain search space  (domZ):               2  [number of targets reported over threshold]
# CPU time: 0.02u 0.00s 00:00:00.02 Elapsed: 00:00:00.02
# Mc/sec: 8123.63
//
Query:       nifD-03292025  [M=482]
Scores for complete sequences (score includes all domains):
   --- full sequence ---   --- best 1 domain ---    -#dom-
    E-value  score  bias    E-value  score  bias    exp  N  Sequence Description
    ------- ------ -----    ------- ------ -----   ---- --  -------- -----------

   [No hits detected that satisfy reporting thresholds]


Domain annotation for each sequence (and alignments):

   [No targets detected that satisfy reporting thresholds]


Internal pipeline statistics summary:
-------------------------------------
Query model(s):                            1  (482 nodes)
Target sequences:                       2116  (721219 residues searched)
Passed MSV filter:                        88  (0.0415879); expected 42.3 (0.02)
Passed bias filter:                       63  (0.0297732); expected 42.3 (0.02)
Passed Vit filter:                         5  (0.00236295); expected 2.1 (0.001)
Passed Fwd filter:                         0  (0); expected 0.0 (1e-05)
Initial search space (Z):               2116  [actual number of targets]
Domain search space  (domZ):               0  [number of targets reported over threshold]
# CPU time: 0.02u 0.00s 00:00:00.02 Elapsed: 00:00:00.02
# Mc/sec: 14945.38
//
Query:       nifK-03292025  [M=490]
Scores for complete sequences (score includes all domains):
   --- full sequence ---   --- best 1 domain ---    -#dom-
    E-value  score  bias    E-value  score  bias    exp  N  Sequence Description
    ------- ------ -----    ------- ------ -----   ---- --  -------- -----------

   [No hits detected that satisfy reporting thresholds]


Domain annotation for each sequence (and alignments):

   [No targets detected that satisfy reporting thresholds]


Internal pipeline statistics summary:
-------------------------------------
Query model(s):                            1  (490 nodes)
Target sequences:                       2116  (721219 residues searched)
Passed MSV filter:                        61  (0.028828); expected 42.3 (0.02)
Passed bias filter:                       43  (0.0203214); expected 42.3 (0.02)
Passed Vit filter:                         3  (0.00141777); expected 2.1 (0.001)
Passed Fwd filter:                         0  (0); expected 0.0 (1e-05)
Initial search space (Z):               2116  [actual number of targets]
Domain search space  (domZ):               0  [number of targets reported over threshold]
# CPU time: 0.02u 0.01s 00:00:00.03 Elapsed: 00:00:00.01
# Mc/sec: 25206.85
//
Query:       nifB-03292025  [M=505]
Scores for complete sequences (score includes all domains):
   --- full sequence ---   --- best 1 domain ---    -#dom-
    E-value  score  bias    E-value  score  bias    exp  N  Sequence Description
    ------- ------ -----    ------- ------ -----   ---- --  -------- -----------

   [No hits detected that satisfy reporting thresholds]


Domain annotation for each sequence (and alignments):

   [No targets detected that satisfy reporting thresholds]


Internal pipeline statistics summary:
-------------------------------------
Query model(s):                            1  (505 nodes)
Target sequences:                       2116  (721219 residues searched)
Passed MSV filter:                        66  (0.0311909); expected 42.3 (0.02)
Passed bias filter:                       50  (0.0236295); expected 42.3 (0.02)
Passed Vit filter:                         3  (0.00141777); expected 2.1 (0.001)
Passed Fwd filter:                         0  (0); expected 0.0 (1e-05)
Initial search space (Z):               2116  [actual number of targets]
Domain search space  (domZ):               0  [number of targets reported over threshold]
# CPU time: 0.03u 0.00s 00:00:00.03 Elapsed: 00:00:00.01
# Mc/sec: 25041.01
//
Query:       nifE-03292025  [M=556]
Scores for complete sequences (score includes all domains):
   --- full sequence ---   --- best 1 domain ---    -#dom-
    E-value  score  bias    E-value  score  bias    exp  N  Sequence Description
    ------- ------ -----    ------- ------ -----   ---- --  -------- -----------

   [No hits detected that satisfy reporting thresholds]


Domain annotation for each sequence (and alignments):

   [No targets detected that satisfy reporting thresholds]


Internal pipeline statistics summary:
-------------------------------------
Query model(s):                            1  (556 nodes)
Target sequences:                       2116  (721219 residues searched)
Passed MSV filter:                        77  (0.0363894); expected 42.3 (0.02)
Passed bias filter:                       49  (0.0231569); expected 42.3 (0.02)
Passed Vit filter:                         4  (0.00189036); expected 2.1 (0.001)
Passed Fwd filter:                         0  (0); expected 0.0 (1e-05)
Initial search space (Z):               2116  [actual number of targets]
Domain search space  (domZ):               0  [number of targets reported over threshold]
# CPU time: 0.03u 0.00s 00:00:00.03 Elapsed: 00:00:00.01
# Mc/sec: 23290.78
//
Query:       nifN-03292025  [M=700]
Scores for complete sequences (score includes all domains):
   --- full sequence ---   --- best 1 domain ---    -#dom-
    E-value  score  bias    E-value  score  bias    exp  N  Sequence Description
    ------- ------ -----    ------- ------ -----   ---- --  -------- -----------

   [No hits detected that satisfy reporting thresholds]


Domain annotation for each sequence (and alignments):

   [No targets detected that satisfy reporting thresholds]


Internal pipeline statistics summary:
-------------------------------------
Query model(s):                            1  (700 nodes)
Target sequences:                       2116  (721219 residues searched)
Passed MSV filter:                        84  (0.0396975); expected 42.3 (0.02)
Passed bias filter:                       66  (0.0311909); expected 42.3 (0.02)
Passed Vit filter:                         7  (0.00330813); expected 2.1 (0.001)
Passed Fwd filter:                         0  (0); expected 0.0 (1e-05)
Initial search space (Z):               2116  [actual number of targets]
Domain search space  (domZ):               0  [number of targets reported over threshold]
# CPU time: 0.04u 0.00s 00:00:00.04 Elapsed: 00:00:00.02
# Mc/sec: 22905.26
//
Query:       pchlide-04012025  [M=508]
Scores for complete sequences (score includes all domains):
   --- full sequence ---   --- best 1 domain ---    -#dom-
    E-value  score  bias    E-value  score  bias    exp  N  Sequence Description
    ------- ------ -----    ------- ------ -----   ---- --  -------- -----------

   [No hits detected that satisfy reporting thresholds]


Domain annotation for each sequence (and alignments):

   [No targets detected that satisfy reporting thresholds]


Internal pipeline statistics summary:
-------------------------------------
Query model(s):                            1  (508 nodes)
Target sequences:                       2116  (721219 residues searched)
Passed MSV filter:                        73  (0.0344991); expected 42.3 (0.02)
Passed bias filter:                       59  (0.0278828); expected 42.3 (0.02)
Passed Vit filter:                         3  (0.00141777); expected 2.1 (0.001)
Passed Fwd filter:                         0  (0); expected 0.0 (1e-05)
Initial search space (Z):               2116  [actual number of targets]
Domain search space  (domZ):               0  [number of targets reported over threshold]
# CPU time: 0.03u 0.00s 00:00:00.03 Elapsed: 00:00:00.01
# Mc/sec: 22469.33
//
[ok]
# hmmsearch :: search profile(s) against a sequence database
# HMMER 3.4 (Aug 2023); http://hmmer.org/
# Copyright (C) 2023 Howard Hughes Medical Institute.
# Freely distributed under the BSD open source license.
# - - - - - - - - - - - - - - - - - - - - - - - - - - - - - - - - - - - -
# query HMM file:                  ../HMMs/nifV_07242025.hmm
# target sequence database:        ../all_rep_proteins_aa/bacteria/GB_GCA_905233895.1_protein.faa
# - - - - - - - - - - - - - - - - - - - - - - - - - - - - - - - - - - - -

Query:       nifV-07242025  [M=437]
Scores for complete sequences (score includes all domains):
   --- full sequence ---   --- best 1 domain ---    -#dom-
    E-value  score  bias    E-value  score  bias    exp  N  Sequence            Description
    ------- ------ -----    ------- ------ -----   ---- --  --------            -----------
    0.00028   16.9   0.0     0.0004   16.4   0.0    1.2  1  CAJOFL010000018.1_9  # 9642 # 11090 # 1 # ID=18_9;partial=00;


Domain annotation for each sequence (and alignments):
>> CAJOFL010000018.1_9  # 9642 # 11090 # 1 # ID=18_9;partial=00;start_type=ATG;rbs_motif=AAAAA;rbs_spacer=4bp;gc_cont=0.
   #    score  bias  c-Evalue  i-Evalue hmmfrom  hmm to    alifrom  ali to    envfrom  env to     acc
 ---   ------ ----- --------- --------- ------- -------    ------- -------    ------- -------    ----
   1 !   16.4   0.0   1.9e-07    0.0004     160     231 ..     160     232 ..     125     237 .. 0.87

  Alignments for each domain:
  == domain 1  score: 16.4 bits;  conditional E-value: 1.9e-07
        nifV-07242025 160 evaevaqeaGasrlRfaDTlGildPfttlekvkkLraal.dlelEmHaHnDlGlAtANtlaavkaGathvntt 231
                           +++   e Ga  + + D  G+  P t  + vk+++++  ++ +  H H   Gl+ A tl+ ++aGa  ++  
  CAJOFL010000018.1_9 160 GIVDKLVEFGADEIALKDMAGVGRPATLGRLVKEIKTKYpHIVVQYHGHTGPGLSMASTLMVAEAGADVIDCA 232
                          577778899**************************998735899***********************999865 PP



Internal pipeline statistics summary:
-------------------------------------
Query model(s):                            1  (437 nodes)
Target sequences:                       2116  (721219 residues searched)
Passed MSV filter:                        62  (0.0293006); expected 42.3 (0.02)
Passed bias filter:                       48  (0.0226843); expected 42.3 (0.02)
Passed Vit filter:                         5  (0.00236295); expected 2.1 (0.001)
Passed Fwd filter:                         1  (0.00047259); expected 0.0 (1e-05)
Initial search space (Z):               2116  [actual number of targets]
Domain search space  (domZ):               1  [number of targets reported over threshold]
# CPU time: 0.02u 0.00s 00:00:00.02 Elapsed: 00:00:00.01
# Mc/sec: 17659.10
//
[ok]
