# hmmsearch :: search profile(s) against a sequence database
# HMMER 3.4 (Aug 2023); http://hmmer.org/
# Copyright (C) 2023 Howard Hughes Medical Institute.
# Freely distributed under the BSD open source license.
# - - - - - - - - - - - - - - - - - - - - - - - - - - - - - - - - - - - -
# query HMM file:                  ../HMMs/combined_nif_04012025.hmm
# target sequence database:        ../all_rep_proteins_aa/bacteria/GB_GCA_002323795.1_protein.faa
# - - - - - - - - - - - - - - - - - - - - - - - - - - - - - - - - - - - -

Query:       nifH-03292025  [M=327]
Scores for complete sequences (score includes all domains):
   --- full sequence ---   --- best 1 domain ---    -#dom-
    E-value  score  bias    E-value  score  bias    exp  N  Sequence          Description
    ------- ------ -----    ------- ------ -----   ---- --  --------          -----------
    5.8e-09   32.4   0.7    7.6e-05   18.9   0.1    2.1  2  DCPZ01000021.1_20  # 17495 # 18307 # -1 # ID=51_20;partial=00
    1.9e-06   24.1   0.1    3.9e-06   23.1   0.1    1.4  1  DCPZ01000001.1_24  # 22558 # 23628 # 1 # ID=2_24;partial=00;s
  ------ inclusion threshold ------
      0.023   10.7   0.0      0.048    9.7   0.0    1.5  1  DCPZ01000035.1_2   # 1311 # 3761 # -1 # ID=54_2;partial=00;st


Domain annotation for each sequence (and alignments):
>> DCPZ01000021.1_20  # 17495 # 18307 # -1 # ID=51_20;partial=00;start_type=ATG;rbs_motif=None;rbs_spacer=None;gc_cont=0
   #    score  bias  c-Evalue  i-Evalue hmmfrom  hmm to    alifrom  ali to    envfrom  env to     acc
 ---   ------ ----- --------- --------- ------- -------    ------- -------    ------- -------    ----
   1 !   18.9   0.1   1.1e-07   7.6e-05      17      55 ..      11      49 ..       2      54 .. 0.91
   2 !   11.9   0.0   1.5e-05      0.01     148     258 ..     140     255 ..     137     268 .. 0.82

  Alignments for each domain:
  == domain 1  score: 18.9 bits;  conditional E-value: 1.1e-07
      nifH-03292025 17 KGGiGKSttasnlsaalaeegkkvlivGCdPKaDstrll 55
                       KGG+GK tta nl a +a  + k l +  dP a +t+ l
  DCPZ01000021.1_20 11 KGGVGKTTTAINLGACFAVLEFKTLLIDADPQANATSGL 49
                       9*********************************99765 PP

  == domain 2  score: 11.9 bits;  conditional E-value: 1.5e-05
      nifH-03292025 148 kadevyivtsgemmalYaanniakgikkyaee..ggvrlgGlicNsrkv..dkeeelveefaeklgtqiiaf.vprsnevqkaelekktvie 234
                         ad+v i + +e+ al     ++++ik ++++  ++  + G++  + ++  +  +++v+e+ ++++  ++++ ++r++ + +a   ++ +i 
  DCPZ01000021.1_20 140 AADSVLIPVQCEYFALEGLGKLLNTIKIVQTQlnESLDVEGILLTMYDTrlRLANQVVDEVRTHFQDMVMKTvIHRNTRLGEAPSFGESIIM 231
                        58999999999*****999999999998888754677889999887655115678999999999988877662578899************* PP

      nifH-03292025 235 aapdseqakeyreLakkilenkkl 258
                        ++ +s+   +y +La++il+ +++
  DCPZ01000021.1_20 232 HDASSKGSINYLNLAREILQRNRM 255
                        ******************987654 PP

>> DCPZ01000001.1_24  # 22558 # 23628 # 1 # ID=2_24;partial=00;start_type=ATG;rbs_motif=None;rbs_spacer=None;gc_cont=0.5
   #    score  bias  c-Evalue  i-Evalue hmmfrom  hmm to    alifrom  ali to    envfrom  env to     acc
 ---   ------ ----- --------- --------- ------- -------    ------- -------    ------- -------    ----
   1 !   23.1   0.1   5.7e-09   3.9e-06      15      40 ..     106     131 ..      97     155 .. 0.88

  Alignments for each domain:
  == domain 1  score: 23.1 bits;  conditional E-value: 5.7e-09
      nifH-03292025  15 YGKGGiGKSttasnlsaalaeegkkv 40 
                         GKGG+GKSt+a+nl++ la+ g+kv
  DCPZ01000001.1_24 106 SGKGGVGKSTVAANLAVGLAQLGYKV 131
                        4***********************99 PP

>> DCPZ01000035.1_2  # 1311 # 3761 # -1 # ID=54_2;partial=00;start_type=ATG;rbs_motif=None;rbs_spacer=None;gc_cont=0.501
   #    score  bias  c-Evalue  i-Evalue hmmfrom  hmm to    alifrom  ali to    envfrom  env to     acc
 ---   ------ ----- --------- --------- ------- -------    ------- -------    ------- -------    ----
   1 ?    9.7   0.0   7.1e-05     0.048      19      43 ..     611     635 ..     609     650 .. 0.91

  Alignments for each domain:
  == domain 1  score: 9.7 bits;  conditional E-value: 7.1e-05
     nifH-03292025  19 GiGKSttasnlsaalaeegkkvliv 43 
                       G GKS ++snls++la++gkkv+ v
  DCPZ01000035.1_2 611 GEGKSFVSSNLSTVLAKTGKKVVLV 635
                       67********************988 PP



Internal pipeline statistics summary:
-------------------------------------
Query model(s):                            1  (327 nodes)
Target sequences:                       2049  (736349 residues searched)
Passed MSV filter:                        85  (0.0414837); expected 41.0 (0.02)
Passed bias filter:                       79  (0.0385554); expected 41.0 (0.02)
Passed Vit filter:                        15  (0.00732064); expected 2.0 (0.001)
Passed Fwd filter:                         3  (0.00146413); expected 0.0 (1e-05)
Initial search space (Z):               2049  [actual number of targets]
Domain search space  (domZ):               3  [number of targets reported over threshold]
# CPU time: 0.02u 0.00s 00:00:00.02 Elapsed: 00:00:00.02
# Mc/sec: 8425.98
//
Query:       nifD-03292025  [M=482]
Scores for complete sequences (score includes all domains):
   --- full sequence ---   --- best 1 domain ---    -#dom-
    E-value  score  bias    E-value  score  bias    exp  N  Sequence Description
    ------- ------ -----    ------- ------ -----   ---- --  -------- -----------

   [No hits detected that satisfy reporting thresholds]


Domain annotation for each sequence (and alignments):

   [No targets detected that satisfy reporting thresholds]


Internal pipeline statistics summary:
-------------------------------------
Query model(s):                            1  (482 nodes)
Target sequences:                       2049  (736349 residues searched)
Passed MSV filter:                        70  (0.034163); expected 41.0 (0.02)
Passed bias filter:                       56  (0.0273304); expected 41.0 (0.02)
Passed Vit filter:                         4  (0.00195217); expected 2.0 (0.001)
Passed Fwd filter:                         0  (0); expected 0.0 (1e-05)
Initial search space (Z):               2049  [actual number of targets]
Domain search space  (domZ):               0  [number of targets reported over threshold]
# CPU time: 0.02u 0.00s 00:00:00.02 Elapsed: 00:00:00.01
# Mc/sec: 23879.29
//
Query:       nifK-03292025  [M=490]
Scores for complete sequences (score includes all domains):
   --- full sequence ---   --- best 1 domain ---    -#dom-
    E-value  score  bias    E-value  score  bias    exp  N  Sequence Description
    ------- ------ -----    ------- ------ -----   ---- --  -------- -----------

   [No hits detected that satisfy reporting thresholds]


Domain annotation for each sequence (and alignments):

   [No targets detected that satisfy reporting thresholds]


Internal pipeline statistics summary:
-------------------------------------
Query model(s):                            1  (490 nodes)
Target sequences:                       2049  (736349 residues searched)
Passed MSV filter:                        49  (0.0239141); expected 41.0 (0.02)
Passed bias filter:                       43  (0.0209858); expected 41.0 (0.02)
Passed Vit filter:                         1  (0.000488043); expected 2.0 (0.001)
Passed Fwd filter:                         0  (0); expected 0.0 (1e-05)
Initial search space (Z):               2049  [actual number of targets]
Domain search space  (domZ):               0  [number of targets reported over threshold]
# CPU time: 0.02u 0.00s 00:00:00.02 Elapsed: 00:00:00.01
# Mc/sec: 30347.15
//
Query:       nifB-03292025  [M=505]
Scores for complete sequences (score includes all domains):
   --- full sequence ---   --- best 1 domain ---    -#dom-
    E-value  score  bias    E-value  score  bias    exp  N  Sequence Description
    ------- ------ -----    ------- ------ -----   ---- --  -------- -----------

   [No hits detected that satisfy reporting thresholds]


Domain annotation for each sequence (and alignments):

   [No targets detected that satisfy reporting thresholds]


Internal pipeline statistics summary:
-------------------------------------
Query model(s):                            1  (505 nodes)
Target sequences:                       2049  (736349 residues searched)
Passed MSV filter:                        48  (0.0234261); expected 41.0 (0.02)
Passed bias filter:                       38  (0.0185456); expected 41.0 (0.02)
Passed Vit filter:                         3  (0.00146413); expected 2.0 (0.001)
Passed Fwd filter:                         0  (0); expected 0.0 (1e-05)
Initial search space (Z):               2049  [actual number of targets]
Domain search space  (domZ):               0  [number of targets reported over threshold]
# CPU time: 0.02u 0.00s 00:00:00.02 Elapsed: 00:00:00.01
# Mc/sec: 32797.24
//
Query:       nifE-03292025  [M=556]
Scores for complete sequences (score includes all domains):
   --- full sequence ---   --- best 1 domain ---    -#dom-
    E-value  score  bias    E-value  score  bias    exp  N  Sequence Description
    ------- ------ -----    ------- ------ -----   ---- --  -------- -----------

   [No hits detected that satisfy reporting thresholds]


Domain annotation for each sequence (and alignments):

   [No targets detected that satisfy reporting thresholds]


Internal pipeline statistics summary:
-------------------------------------
Query model(s):                            1  (556 nodes)
Target sequences:                       2049  (736349 residues searched)
Passed MSV filter:                        81  (0.0395315); expected 41.0 (0.02)
Passed bias filter:                       64  (0.0312347); expected 41.0 (0.02)
Passed Vit filter:                         6  (0.00292826); expected 2.0 (0.001)
Passed Fwd filter:                         0  (0); expected 0.0 (1e-05)
Initial search space (Z):               2049  [actual number of targets]
Domain search space  (domZ):               0  [number of targets reported over threshold]
# CPU time: 0.02u 0.00s 00:00:00.02 Elapsed: 00:00:00.01
# Mc/sec: 29175.39
//
Query:       nifN-03292025  [M=700]
Scores for complete sequences (score includes all domains):
   --- full sequence ---   --- best 1 domain ---    -#dom-
    E-value  score  bias    E-value  score  bias    exp  N  Sequence Description
    ------- ------ -----    ------- ------ -----   ---- --  -------- -----------

   [No hits detected that satisfy reporting thresholds]


Domain annotation for each sequence (and alignments):

   [No targets detected that satisfy reporting thresholds]


Internal pipeline statistics summary:
-------------------------------------
Query model(s):                            1  (700 nodes)
Target sequences:                       2049  (736349 residues searched)
Passed MSV filter:                        74  (0.0361152); expected 41.0 (0.02)
Passed bias filter:                       64  (0.0312347); expected 41.0 (0.02)
Passed Vit filter:                         9  (0.00439239); expected 2.0 (0.001)
Passed Fwd filter:                         0  (0); expected 0.0 (1e-05)
Initial search space (Z):               2049  [actual number of targets]
Domain search space  (domZ):               0  [number of targets reported over threshold]
# CPU time: 0.03u 0.00s 00:00:00.03 Elapsed: 00:00:00.01
# Mc/sec: 28129.81
//
Query:       pchlide-04012025  [M=508]
Scores for complete sequences (score includes all domains):
   --- full sequence ---   --- best 1 domain ---    -#dom-
    E-value  score  bias    E-value  score  bias    exp  N  Sequence Description
    ------- ------ -----    ------- ------ -----   ---- --  -------- -----------

   [No hits detected that satisfy reporting thresholds]


Domain annotation for each sequence (and alignments):

   [No targets detected that satisfy reporting thresholds]


Internal pipeline statistics summary:
-------------------------------------
Query model(s):                            1  (508 nodes)
Target sequences:                       2049  (736349 residues searched)
Passed MSV filter:                        67  (0.0326989); expected 41.0 (0.02)
Passed bias filter:                       55  (0.0268424); expected 41.0 (0.02)
Passed Vit filter:                         4  (0.00195217); expected 2.0 (0.001)
Passed Fwd filter:                         0  (0); expected 0.0 (1e-05)
Initial search space (Z):               2049  [actual number of targets]
Domain search space  (domZ):               0  [number of targets reported over threshold]
# CPU time: 0.03u 0.00s 00:00:00.03 Elapsed: 00:00:00.01
# Mc/sec: 28454.98
//
[ok]
# hmmsearch :: search profile(s) against a sequence database
# HMMER 3.4 (Aug 2023); http://hmmer.org/
# Copyright (C) 2023 Howard Hughes Medical Institute.
# Freely distributed under the BSD open source license.
# - - - - - - - - - - - - - - - - - - - - - - - - - - - - - - - - - - - -
# query HMM file:                  ../HMMs/nifV_07242025.hmm
# target sequence database:        ../all_rep_proteins_aa/bacteria/GB_GCA_002323795.1_protein.faa
# - - - - - - - - - - - - - - - - - - - - - - - - - - - - - - - - - - - -

Query:       nifV-07242025  [M=437]
Scores for complete sequences (score includes all domains):
   --- full sequence ---   --- best 1 domain ---    -#dom-
    E-value  score  bias    E-value  score  bias    exp  N  Sequence Description
    ------- ------ -----    ------- ------ -----   ---- --  -------- -----------

   [No hits detected that satisfy reporting thresholds]


Domain annotation for each sequence (and alignments):

   [No targets detected that satisfy reporting thresholds]


Internal pipeline statistics summary:
-------------------------------------
Query model(s):                            1  (437 nodes)
Target sequences:                       2049  (736349 residues searched)
Passed MSV filter:                        55  (0.0268424); expected 41.0 (0.02)
Passed bias filter:                       42  (0.0204978); expected 41.0 (0.02)
Passed Vit filter:                         3  (0.00146413); expected 2.0 (0.001)
Passed Fwd filter:                         0  (0); expected 0.0 (1e-05)
Initial search space (Z):               2049  [actual number of targets]
Domain search space  (domZ):               0  [number of targets reported over threshold]
# CPU time: 0.02u 0.00s 00:00:00.02 Elapsed: 00:00:00.01
# Mc/sec: 28440.89
//
[ok]
