# hmmsearch :: search profile(s) against a sequence database
# HMMER 3.4 (Aug 2023); http://hmmer.org/
# Copyright (C) 2023 Howard Hughes Medical Institute.
# Freely distributed under the BSD open source license.
# - - - - - - - - - - - - - - - - - - - - - - - - - - - - - - - - - - - -
# query HMM file:                  ../HMMs/combined_nif_04012025.hmm
# target sequence database:        ../all_rep_proteins_aa/bacteria/GB_GCA_947642475.1_protein.faa
# - - - - - - - - - - - - - - - - - - - - - - - - - - - - - - - - - - - -

Query:       nifH-03292025  [M=327]
Scores for complete sequences (score includes all domains):
   --- full sequence ---   --- best 1 domain ---    -#dom-
    E-value  score  bias    E-value  score  bias    exp  N  Sequence            Description
    ------- ------ -----    ------- ------ -----   ---- --  --------            -----------
    9.1e-14   47.4   0.3    5.1e-09   31.8   0.2    2.1  2  CANRSQ010000032.1_2  # 365 # 1150 # 1 # ID=32_2;partial=00;st
    3.6e-05   19.2   0.2      4e-05   19.0   0.2    1.1  1  CANRSQ010000031.1_5  # 5042 # 5242 # 1 # ID=31_5;partial=00;s


Domain annotation for each sequence (and alignments):
>> CANRSQ010000032.1_2  # 365 # 1150 # 1 # ID=32_2;partial=00;start_type=ATG;rbs_motif=GGxGG;rbs_spacer=5-10bp;gc_cont=0
   #    score  bias  c-Evalue  i-Evalue hmmfrom  hmm to    alifrom  ali to    envfrom  env to     acc
 ---   ------ ----- --------- --------- ------- -------    ------- -------    ------- -------    ----
   1 !   31.8   0.2   8.6e-12   5.1e-09      17      82 ..      11      75 ..       3      87 .. 0.81
   2 !   13.8   0.0   2.7e-06    0.0016     149     255 ..     147     258 ..     144     261 .. 0.80

  Alignments for each domain:
  == domain 1  score: 31.8 bits;  conditional E-value: 8.6e-12
        nifH-03292025 17 KGGiGKSttasnlsaalaeegkkvlivGCdPKaDstrll..lggkaqktvldllrekgedleledvvk 82
                         KGG+GK tt+ nlsa l   gkkvl +  dP   st+ l   +g  ++++ dll  k e   l+dv+ 
  CANRSQ010000032.1_2 11 KGGVGKTTTSINLSASLGVLGKKVLLIDLDPQGNSTTGLgiEKGDIKNSIYDLLTGKAE---LKDVII 75
                         9***********************************98622567788899999987654...555554 PP

  == domain 2  score: 13.8 bits;  conditional E-value: 2.7e-06
        nifH-03292025 149 adevyivtsgemmalYaanniakgikkyaee..ggvrlgGlicNsrkvdke..eelveefaeklgtqiiaf.vprsnevqkaelekktvi 233
                          a++v+i + +e+ al     ++++i   +++   +  + G++  + + +++   e+v+++ + ++ ++  + +pr   +++a  ++k ++
  CANRSQ010000032.1_2 147 ANSVIIPVQCEFFALEGIMQLLNSIMLAQKTlnPTLDIEGVLLTMLDNRTNlgLEVVQDIKSYFKERVYDTiIPRLVRLSEAPSHGKPIV 236
                          77888888899999988888888888888773334556788777665544422689999999999999975279**************** PP

        nifH-03292025 234 eaapdseqakeyreLakkilen 255
                           ++p+s+ a++y +Lak++++ 
  CANRSQ010000032.1_2 237 AYDPKSRGAEAYINLAKEVISR 258
                          ******************9875 PP

>> CANRSQ010000031.1_5  # 5042 # 5242 # 1 # ID=31_5;partial=00;start_type=ATG;rbs_motif=AGGAGG;rbs_spacer=5-10bp;gc_cont
   #    score  bias  c-Evalue  i-Evalue hmmfrom  hmm to    alifrom  ali to    envfrom  env to     acc
 ---   ------ ----- --------- --------- ------- -------    ------- -------    ------- -------    ----
   1 !   19.0   0.2   6.8e-08     4e-05      17      43 ..      15      41 ..       3      47 .. 0.92

  Alignments for each domain:
  == domain 1  score: 19.0 bits;  conditional E-value: 6.8e-08
        nifH-03292025 17 KGGiGKSttasnlsaalaeegkkvliv 43
                         KGG GKStt+ nl+ +l+e+ kk ++v
  CANRSQ010000031.1_5 15 KGGTGKSTTVLNLAGVLTEMKKKTIVV 41
                         9**********************9998 PP



Internal pipeline statistics summary:
-------------------------------------
Query model(s):                            1  (327 nodes)
Target sequences:                       1180  (335293 residues searched)
Passed MSV filter:                       111  (0.0940678); expected 23.6 (0.02)
Passed bias filter:                       67  (0.0567797); expected 23.6 (0.02)
Passed Vit filter:                        15  (0.0127119); expected 1.2 (0.001)
Passed Fwd filter:                         3  (0.00254237); expected 0.0 (1e-05)
Initial search space (Z):               1180  [actual number of targets]
Domain search space  (domZ):               2  [number of targets reported over threshold]
# CPU time: 0.02u 0.00s 00:00:00.02 Elapsed: 00:00:00.01
# Mc/sec: 5852.67
//
Query:       nifD-03292025  [M=482]
Scores for complete sequences (score includes all domains):
   --- full sequence ---   --- best 1 domain ---    -#dom-
    E-value  score  bias    E-value  score  bias    exp  N  Sequence Description
    ------- ------ -----    ------- ------ -----   ---- --  -------- -----------

   [No hits detected that satisfy reporting thresholds]


Domain annotation for each sequence (and alignments):

   [No targets detected that satisfy reporting thresholds]


Internal pipeline statistics summary:
-------------------------------------
Query model(s):                            1  (482 nodes)
Target sequences:                       1180  (335293 residues searched)
Passed MSV filter:                        99  (0.0838983); expected 23.6 (0.02)
Passed bias filter:                       28  (0.0237288); expected 23.6 (0.02)
Passed Vit filter:                         2  (0.00169492); expected 1.2 (0.001)
Passed Fwd filter:                         0  (0); expected 0.0 (1e-05)
Initial search space (Z):               1180  [actual number of targets]
Domain search space  (domZ):               0  [number of targets reported over threshold]
# CPU time: 0.01u 0.00s 00:00:00.01 Elapsed: 00:00:00.00
# Mc/sec: 18725.20
//
Query:       nifK-03292025  [M=490]
Scores for complete sequences (score includes all domains):
   --- full sequence ---   --- best 1 domain ---    -#dom-
    E-value  score  bias    E-value  score  bias    exp  N  Sequence Description
    ------- ------ -----    ------- ------ -----   ---- --  -------- -----------

   [No hits detected that satisfy reporting thresholds]


Domain annotation for each sequence (and alignments):

   [No targets detected that satisfy reporting thresholds]


Internal pipeline statistics summary:
-------------------------------------
Query model(s):                            1  (490 nodes)
Target sequences:                       1180  (335293 residues searched)
Passed MSV filter:                        52  (0.0440678); expected 23.6 (0.02)
Passed bias filter:                       16  (0.0135593); expected 23.6 (0.02)
Passed Vit filter:                         1  (0.000847458); expected 1.2 (0.001)
Passed Fwd filter:                         0  (0); expected 0.0 (1e-05)
Initial search space (Z):               1180  [actual number of targets]
Domain search space  (domZ):               0  [number of targets reported over threshold]
# CPU time: 0.01u 0.00s 00:00:00.01 Elapsed: 00:00:00.00
# Mc/sec: 20013.31
//
Query:       nifB-03292025  [M=505]
Scores for complete sequences (score includes all domains):
   --- full sequence ---   --- best 1 domain ---    -#dom-
    E-value  score  bias    E-value  score  bias    exp  N  Sequence Description
    ------- ------ -----    ------- ------ -----   ---- --  -------- -----------

   [No hits detected that satisfy reporting thresholds]


Domain annotation for each sequence (and alignments):

   [No targets detected that satisfy reporting thresholds]


Internal pipeline statistics summary:
-------------------------------------
Query model(s):                            1  (505 nodes)
Target sequences:                       1180  (335293 residues searched)
Passed MSV filter:                        59  (0.05); expected 23.6 (0.02)
Passed bias filter:                       24  (0.020339); expected 23.6 (0.02)
Passed Vit filter:                         1  (0.000847458); expected 1.2 (0.001)
Passed Fwd filter:                         0  (0); expected 0.0 (1e-05)
Initial search space (Z):               1180  [actual number of targets]
Domain search space  (domZ):               0  [number of targets reported over threshold]
# CPU time: 0.01u 0.00s 00:00:00.01 Elapsed: 00:00:00.00
# Mc/sec: 19562.26
//
Query:       nifE-03292025  [M=556]
Scores for complete sequences (score includes all domains):
   --- full sequence ---   --- best 1 domain ---    -#dom-
    E-value  score  bias    E-value  score  bias    exp  N  Sequence Description
    ------- ------ -----    ------- ------ -----   ---- --  -------- -----------

   [No hits detected that satisfy reporting thresholds]


Domain annotation for each sequence (and alignments):

   [No targets detected that satisfy reporting thresholds]


Internal pipeline statistics summary:
-------------------------------------
Query model(s):                            1  (556 nodes)
Target sequences:                       1180  (335293 residues searched)
Passed MSV filter:                        75  (0.0635593); expected 23.6 (0.02)
Passed bias filter:                       30  (0.0254237); expected 23.6 (0.02)
Passed Vit filter:                         6  (0.00508475); expected 1.2 (0.001)
Passed Fwd filter:                         0  (0); expected 0.0 (1e-05)
Initial search space (Z):               1180  [actual number of targets]
Domain search space  (domZ):               0  [number of targets reported over threshold]
# CPU time: 0.01u 0.00s 00:00:00.01 Elapsed: 00:00:00.01
# Mc/sec: 14100.99
//
Query:       nifN-03292025  [M=700]
Scores for complete sequences (score includes all domains):
   --- full sequence ---   --- best 1 domain ---    -#dom-
    E-value  score  bias    E-value  score  bias    exp  N  Sequence Description
    ------- ------ -----    ------- ------ -----   ---- --  -------- -----------

   [No hits detected that satisfy reporting thresholds]


Domain annotation for each sequence (and alignments):

   [No targets detected that satisfy reporting thresholds]


Internal pipeline statistics summary:
-------------------------------------
Query model(s):                            1  (700 nodes)
Target sequences:                       1180  (335293 residues searched)
Passed MSV filter:                        64  (0.0542373); expected 23.6 (0.02)
Passed bias filter:                       37  (0.0313559); expected 23.6 (0.02)
Passed Vit filter:                         3  (0.00254237); expected 1.2 (0.001)
Passed Fwd filter:                         0  (0); expected 0.0 (1e-05)
Initial search space (Z):               1180  [actual number of targets]
Domain search space  (domZ):               0  [number of targets reported over threshold]
# CPU time: 0.01u 0.00s 00:00:00.01 Elapsed: 00:00:00.01
# Mc/sec: 16351.70
//
Query:       pchlide-04012025  [M=508]
Scores for complete sequences (score includes all domains):
   --- full sequence ---   --- best 1 domain ---    -#dom-
    E-value  score  bias    E-value  score  bias    exp  N  Sequence Description
    ------- ------ -----    ------- ------ -----   ---- --  -------- -----------

   [No hits detected that satisfy reporting thresholds]


Domain annotation for each sequence (and alignments):

   [No targets detected that satisfy reporting thresholds]


Internal pipeline statistics summary:
-------------------------------------
Query model(s):                            1  (508 nodes)
Target sequences:                       1180  (335293 residues searched)
Passed MSV filter:                        44  (0.0372881); expected 23.6 (0.02)
Passed bias filter:                       31  (0.0262712); expected 23.6 (0.02)
Passed Vit filter:                         1  (0.000847458); expected 1.2 (0.001)
Passed Fwd filter:                         0  (0); expected 0.0 (1e-05)
Initial search space (Z):               1180  [actual number of targets]
Domain search space  (domZ):               0  [number of targets reported over threshold]
# CPU time: 0.01u 0.00s 00:00:00.01 Elapsed: 00:00:00.00
# Mc/sec: 19232.42
//
[ok]
# hmmsearch :: search profile(s) against a sequence database
# HMMER 3.4 (Aug 2023); http://hmmer.org/
# Copyright (C) 2023 Howard Hughes Medical Institute.
# Freely distributed under the BSD open source license.
# - - - - - - - - - - - - - - - - - - - - - - - - - - - - - - - - - - - -
# query HMM file:                  ../HMMs/nifV_07242025.hmm
# target sequence database:        ../all_rep_proteins_aa/bacteria/GB_GCA_947642475.1_protein.faa
# - - - - - - - - - - - - - - - - - - - - - - - - - - - - - - - - - - - -

Query:       nifV-07242025  [M=437]
Scores for complete sequences (score includes all domains):
   --- full sequence ---   --- best 1 domain ---    -#dom-
    E-value  score  bias    E-value  score  bias    exp  N  Sequence Description
    ------- ------ -----    ------- ------ -----   ---- --  -------- -----------

   [No hits detected that satisfy reporting thresholds]


Domain annotation for each sequence (and alignments):

   [No targets detected that satisfy reporting thresholds]


Internal pipeline statistics summary:
-------------------------------------
Query model(s):                            1  (437 nodes)
Target sequences:                       1180  (335293 residues searched)
Passed MSV filter:                        31  (0.0262712); expected 23.6 (0.02)
Passed bias filter:                       24  (0.020339); expected 23.6 (0.02)
Passed Vit filter:                         5  (0.00423729); expected 1.2 (0.001)
Passed Fwd filter:                         0  (0); expected 0.0 (1e-05)
Initial search space (Z):               1180  [actual number of targets]
Domain search space  (domZ):               0  [number of targets reported over threshold]
# CPU time: 0.01u 0.00s 00:00:00.01 Elapsed: 00:00:00.00
# Mc/sec: 18946.04
//
[ok]
