# hmmsearch :: search profile(s) against a sequence database
# HMMER 3.4 (Aug 2023); http://hmmer.org/
# Copyright (C) 2023 Howard Hughes Medical Institute.
# Freely distributed under the BSD open source license.
# - - - - - - - - - - - - - - - - - - - - - - - - - - - - - - - - - - - -
# query HMM file:                  ../HMMs/combined_nif_04012025.hmm
# target sequence database:        ../all_rep_proteins_aa/bacteria/GB_GCA_947176435.1_protein.faa
# - - - - - - - - - - - - - - - - - - - - - - - - - - - - - - - - - - - -

Query:       nifH-03292025  [M=327]
Scores for complete sequences (score includes all domains):
   --- full sequence ---   --- best 1 domain ---    -#dom-
    E-value  score  bias    E-value  score  bias    exp  N  Sequence            Description
    ------- ------ -----    ------- ------ -----   ---- --  --------            -----------
    3.9e-09   31.6   3.0    1.2e-05   20.1   0.1    2.2  2  CAMWQH010000069.1_4  # 2292 # 3071 # -1 # ID=69_4;partial=00;


Domain annotation for each sequence (and alignments):
>> CAMWQH010000069.1_4  # 2292 # 3071 # -1 # ID=69_4;partial=00;start_type=ATG;rbs_motif=GGAG/GAGG;rbs_spacer=5-10bp;gc_
   #    score  bias  c-Evalue  i-Evalue hmmfrom  hmm to    alifrom  ali to    envfrom  env to     acc
 ---   ------ ----- --------- --------- ------- -------    ------- -------    ------- -------    ----
   1 !   20.1   0.1   1.5e-08   1.2e-05      16      46 ..      10      40 ..       1      89 [. 0.83
   2 !   12.1   0.4   4.3e-06    0.0033     148     254 ..     144     257 ..     141     259 .. 0.83

  Alignments for each domain:
  == domain 1  score: 20.1 bits;  conditional E-value: 1.5e-08
        nifH-03292025 16 GKGGiGKSttasnlsaalaeegkkvlivGCd 46
                          KGG+GK tt+ nl   la+ gkkvl +  d
  CAMWQH010000069.1_4 10 QKGGVGKTTTTVNLGIGLANLGKKVLCIDAD 40
                         49************************99766 PP

  == domain 2  score: 12.1 bits;  conditional E-value: 4.3e-06
        nifH-03292025 148 kadevyivtsgemmalYaanniakgikkyaee..ggvrlgGlicNsr..kvdkeeelveefaeklgtqiiaf...vprsnevqkaelekk 230
                          +ad+v+i + + ++ l     ++k+i k++++   + ++ G++  +   +++  ++++e + e+ g +i  f   +prs +  ++ +++k
  CAMWQH010000069.1_4 144 CADSVIIPVQASYLPLKGLQQLIKTIYKVKRQlnPKLEIEGILITMVdgRTNYSKDIIEILNENYGNSIKVFeniIPRSIKQDETTVSGK 233
                          68899999999999999999*********999444566789887776225677899********998875433349************** PP

        nifH-03292025 231 tvieaapdseqakeyreLakkile 254
                           + ++a++s+ ak y+++ +++ +
  CAMWQH010000069.1_4 234 SIYKYAKNSNVAKCYKNFVDEVVK 257
                          *****************9998876 PP



Internal pipeline statistics summary:
-------------------------------------
Query model(s):                            1  (327 nodes)
Target sequences:                        753  (218855 residues searched)
Passed MSV filter:                        67  (0.0889774); expected 15.1 (0.02)
Passed bias filter:                       37  (0.0491368); expected 15.1 (0.02)
Passed Vit filter:                         8  (0.0106242); expected 0.8 (0.001)
Passed Fwd filter:                         1  (0.00132802); expected 0.0 (1e-05)
Initial search space (Z):                753  [actual number of targets]
Domain search space  (domZ):               1  [number of targets reported over threshold]
# CPU time: 0.01u 0.00s 00:00:00.01 Elapsed: 00:00:00.01
# Mc/sec: 6417.44
//
Query:       nifD-03292025  [M=482]
Scores for complete sequences (score includes all domains):
   --- full sequence ---   --- best 1 domain ---    -#dom-
    E-value  score  bias    E-value  score  bias    exp  N  Sequence Description
    ------- ------ -----    ------- ------ -----   ---- --  -------- -----------

   [No hits detected that satisfy reporting thresholds]


Domain annotation for each sequence (and alignments):

   [No targets detected that satisfy reporting thresholds]


Internal pipeline statistics summary:
-------------------------------------
Query model(s):                            1  (482 nodes)
Target sequences:                        753  (218855 residues searched)
Passed MSV filter:                        48  (0.063745); expected 15.1 (0.02)
Passed bias filter:                       14  (0.0185923); expected 15.1 (0.02)
Passed Vit filter:                         1  (0.00132802); expected 0.8 (0.001)
Passed Fwd filter:                         0  (0); expected 0.0 (1e-05)
Initial search space (Z):                753  [actual number of targets]
Domain search space  (domZ):               0  [number of targets reported over threshold]
# CPU time: 0.01u 0.00s 00:00:00.01 Elapsed: 00:00:00.00
# Mc/sec: 14893.17
//
Query:       nifK-03292025  [M=490]
Scores for complete sequences (score includes all domains):
   --- full sequence ---   --- best 1 domain ---    -#dom-
    E-value  score  bias    E-value  score  bias    exp  N  Sequence Description
    ------- ------ -----    ------- ------ -----   ---- --  -------- -----------

   [No hits detected that satisfy reporting thresholds]


Domain annotation for each sequence (and alignments):

   [No targets detected that satisfy reporting thresholds]


Internal pipeline statistics summary:
-------------------------------------
Query model(s):                            1  (490 nodes)
Target sequences:                        753  (218855 residues searched)
Passed MSV filter:                        35  (0.0464807); expected 15.1 (0.02)
Passed bias filter:                       19  (0.0252324); expected 15.1 (0.02)
Passed Vit filter:                         1  (0.00132802); expected 0.8 (0.001)
Passed Fwd filter:                         0  (0); expected 0.0 (1e-05)
Initial search space (Z):                753  [actual number of targets]
Domain search space  (domZ):               0  [number of targets reported over threshold]
# CPU time: 0.01u 0.00s 00:00:00.01 Elapsed: 00:00:00.00
# Mc/sec: 16997.09
//
Query:       nifB-03292025  [M=505]
Scores for complete sequences (score includes all domains):
   --- full sequence ---   --- best 1 domain ---    -#dom-
    E-value  score  bias    E-value  score  bias    exp  N  Sequence Description
    ------- ------ -----    ------- ------ -----   ---- --  -------- -----------

   [No hits detected that satisfy reporting thresholds]


Domain annotation for each sequence (and alignments):

   [No targets detected that satisfy reporting thresholds]


Internal pipeline statistics summary:
-------------------------------------
Query model(s):                            1  (505 nodes)
Target sequences:                        753  (218855 residues searched)
Passed MSV filter:                        35  (0.0464807); expected 15.1 (0.02)
Passed bias filter:                       16  (0.0212483); expected 15.1 (0.02)
Passed Vit filter:                         0  (0); expected 0.8 (0.001)
Passed Fwd filter:                         0  (0); expected 0.0 (1e-05)
Initial search space (Z):                753  [actual number of targets]
Domain search space  (domZ):               0  [number of targets reported over threshold]
# CPU time: 0.01u 0.00s 00:00:00.01 Elapsed: 00:00:00.00
# Mc/sec: 15453.22
//
Query:       nifE-03292025  [M=556]
Scores for complete sequences (score includes all domains):
   --- full sequence ---   --- best 1 domain ---    -#dom-
    E-value  score  bias    E-value  score  bias    exp  N  Sequence Description
    ------- ------ -----    ------- ------ -----   ---- --  -------- -----------

   [No hits detected that satisfy reporting thresholds]


Domain annotation for each sequence (and alignments):

   [No targets detected that satisfy reporting thresholds]


Internal pipeline statistics summary:
-------------------------------------
Query model(s):                            1  (556 nodes)
Target sequences:                        753  (218855 residues searched)
Passed MSV filter:                        51  (0.0677291); expected 15.1 (0.02)
Passed bias filter:                       22  (0.0292165); expected 15.1 (0.02)
Passed Vit filter:                         1  (0.00132802); expected 0.8 (0.001)
Passed Fwd filter:                         0  (0); expected 0.0 (1e-05)
Initial search space (Z):                753  [actual number of targets]
Domain search space  (domZ):               0  [number of targets reported over threshold]
# CPU time: 0.01u 0.00s 00:00:00.01 Elapsed: 00:00:00.00
# Mc/sec: 14130.86
//
Query:       nifN-03292025  [M=700]
Scores for complete sequences (score includes all domains):
   --- full sequence ---   --- best 1 domain ---    -#dom-
    E-value  score  bias    E-value  score  bias    exp  N  Sequence Description
    ------- ------ -----    ------- ------ -----   ---- --  -------- -----------

   [No hits detected that satisfy reporting thresholds]


Domain annotation for each sequence (and alignments):

   [No targets detected that satisfy reporting thresholds]


Internal pipeline statistics summary:
-------------------------------------
Query model(s):                            1  (700 nodes)
Target sequences:                        753  (218855 residues searched)
Passed MSV filter:                        44  (0.0584329); expected 15.1 (0.02)
Passed bias filter:                       24  (0.0318725); expected 15.1 (0.02)
Passed Vit filter:                         4  (0.00531208); expected 0.8 (0.001)
Passed Fwd filter:                         0  (0); expected 0.0 (1e-05)
Initial search space (Z):                753  [actual number of targets]
Domain search space  (domZ):               0  [number of targets reported over threshold]
# CPU time: 0.01u 0.00s 00:00:00.01 Elapsed: 00:00:00.01
# Mc/sec: 14105.12
//
Query:       pchlide-04012025  [M=508]
Scores for complete sequences (score includes all domains):
   --- full sequence ---   --- best 1 domain ---    -#dom-
    E-value  score  bias    E-value  score  bias    exp  N  Sequence Description
    ------- ------ -----    ------- ------ -----   ---- --  -------- -----------

   [No hits detected that satisfy reporting thresholds]


Domain annotation for each sequence (and alignments):

   [No targets detected that satisfy reporting thresholds]


Internal pipeline statistics summary:
-------------------------------------
Query model(s):                            1  (508 nodes)
Target sequences:                        753  (218855 residues searched)
Passed MSV filter:                        29  (0.0385126); expected 15.1 (0.02)
Passed bias filter:                       21  (0.0278884); expected 15.1 (0.02)
Passed Vit filter:                         5  (0.00664011); expected 0.8 (0.001)
Passed Fwd filter:                         0  (0); expected 0.0 (1e-05)
Initial search space (Z):                753  [actual number of targets]
Domain search space  (domZ):               0  [number of targets reported over threshold]
# CPU time: 0.01u 0.00s 00:00:00.01 Elapsed: 00:00:00.00
# Mc/sec: 15681.13
//
[ok]
# hmmsearch :: search profile(s) against a sequence database
# HMMER 3.4 (Aug 2023); http://hmmer.org/
# Copyright (C) 2023 Howard Hughes Medical Institute.
# Freely distributed under the BSD open source license.
# - - - - - - - - - - - - - - - - - - - - - - - - - - - - - - - - - - - -
# query HMM file:                  ../HMMs/nifV_07242025.hmm
# target sequence database:        ../all_rep_proteins_aa/bacteria/GB_GCA_947176435.1_protein.faa
# - - - - - - - - - - - - - - - - - - - - - - - - - - - - - - - - - - - -

Query:       nifV-07242025  [M=437]
Scores for complete sequences (score includes all domains):
   --- full sequence ---   --- best 1 domain ---    -#dom-
    E-value  score  bias    E-value  score  bias    exp  N  Sequence Description
    ------- ------ -----    ------- ------ -----   ---- --  -------- -----------

   [No hits detected that satisfy reporting thresholds]


Domain annotation for each sequence (and alignments):

   [No targets detected that satisfy reporting thresholds]


Internal pipeline statistics summary:
-------------------------------------
Query model(s):                            1  (437 nodes)
Target sequences:                        753  (218855 residues searched)
Passed MSV filter:                        19  (0.0252324); expected 15.1 (0.02)
Passed bias filter:                       14  (0.0185923); expected 15.1 (0.02)
Passed Vit filter:                         2  (0.00265604); expected 0.8 (0.001)
Passed Fwd filter:                         0  (0); expected 0.0 (1e-05)
Initial search space (Z):                753  [actual number of targets]
Domain search space  (domZ):               0  [number of targets reported over threshold]
# CPU time: 0.00u 0.00s 00:00:00.00 Elapsed: 00:00:00.00
# Mc/sec: 14441.31
//
[ok]
