# hmmsearch :: search profile(s) against a sequence database
# HMMER 3.4 (Aug 2023); http://hmmer.org/
# Copyright (C) 2023 Howard Hughes Medical Institute.
# Freely distributed under the BSD open source license.
# - - - - - - - - - - - - - - - - - - - - - - - - - - - - - - - - - - - -
# query HMM file:                  ../HMMs/combined_nif_04012025.hmm
# target sequence database:        ../all_rep_proteins_aa/bacteria/GB_GCA_947474635.1_protein.faa
# - - - - - - - - - - - - - - - - - - - - - - - - - - - - - - - - - - - -

Query:       nifH-03292025  [M=327]
Scores for complete sequences (score includes all domains):
   --- full sequence ---   --- best 1 domain ---    -#dom-
    E-value  score  bias    E-value  score  bias    exp  N  Sequence             Description
    ------- ------ -----    ------- ------ -----   ---- --  --------             -----------
    1.3e-06   24.4   0.1    0.00088   15.0   0.0    2.1  2  CANJJB010000019.1_16  # 19939 # 20718 # 1 # ID=19_16;partial=
     0.0095   11.6   0.0      0.018   10.7   0.0    1.4  1  CANJJB010000014.1_19  # 17543 # 18913 # 1 # ID=14_19;partial=


Domain annotation for each sequence (and alignments):
>> CANJJB010000019.1_16  # 19939 # 20718 # 1 # ID=19_16;partial=00;start_type=ATG;rbs_motif=GGAG/GAGG;rbs_spacer=5-10bp;
   #    score  bias  c-Evalue  i-Evalue hmmfrom  hmm to    alifrom  ali to    envfrom  env to     acc
 ---   ------ ----- --------- --------- ------- -------    ------- -------    ------- -------    ----
   1 !    7.3   0.1   0.00025      0.19      17      55 ..      10      49 ..       4      81 .. 0.78
   2 !   15.0   0.0   1.1e-06   0.00088     158     254 ..     150     249 ..     139     256 .. 0.76

  Alignments for each domain:
  == domain 1  score: 7.3 bits;  conditional E-value: 0.00025
         nifH-03292025 17 KGGiGKSttasnlsaala.eegkkvlivGCdPKaDstrll 55
                          KGG  K +t+ nl aal   + kkvl +  d  a  t+ l
  CANJJB010000019.1_16 10 KGGTAKTSTTLNLGAALVkLHKKKVLLIDFDAQANLTTGL 49
                          9****************9456889**99999888877766 PP

  == domain 2  score: 15.0 bits;  conditional E-value: 1.1e-06
         nifH-03292025 158 gemmalYaanniakgikkyaeeggvrlgGlicNsrkv..dkeeelveefaeklgtqi.iafvprsnevqkaelekktvieaapdseqak 243
                            e+ ++     + + +++++e+++ ++ G+i    +   +++++++e + +++  +i  ++v+r+ ev ka +++k ++++ap+s++a+
  CANJJB010000019.1_16 150 PEFYSVKGLERLSQFMNNISERHSLQVLGVILSFWNPrgQSNDTFLEVIESTFPGKIlSSKVRRDLEVAKASVHGKPILQTAPKSRAAE 238
                           5666666666777888999999999999999865544113445566666666655551579**************************** PP

         nifH-03292025 244 eyreLakkile 254
                            y + ak++l+
  CANJJB010000019.1_16 239 DYASAAKELLS 249
                           *****999865 PP

>> CANJJB010000014.1_19  # 17543 # 18913 # 1 # ID=14_19;partial=00;start_type=ATG;rbs_motif=AGxAG;rbs_spacer=3-4bp;gc_co
   #    score  bias  c-Evalue  i-Evalue hmmfrom  hmm to    alifrom  ali to    envfrom  env to     acc
 ---   ------ ----- --------- --------- ------- -------    ------- -------    ------- -------    ----
   1 !   10.7   0.0   2.2e-05     0.018      16      43 ..      95     122 ..      92     143 .. 0.91

  Alignments for each domain:
  == domain 1  score: 10.7 bits;  conditional E-value: 2.2e-05
         nifH-03292025  16 GKGGiGKSttasnlsaalaeegkkvliv 43 
                           G  GiGKSt   +++  la++g  vl +
  CANJJB010000014.1_19  95 GDPGIGKSTLMLQIAQSLASQGLTVLYI 122
                           778**********************987 PP



Internal pipeline statistics summary:
-------------------------------------
Query model(s):                            1  (327 nodes)
Target sequences:                       1574  (509708 residues searched)
Passed MSV filter:                        76  (0.0482846); expected 31.5 (0.02)
Passed bias filter:                       65  (0.0412961); expected 31.5 (0.02)
Passed Vit filter:                        15  (0.00952986); expected 1.6 (0.001)
Passed Fwd filter:                         2  (0.00127065); expected 0.0 (1e-05)
Initial search space (Z):               1574  [actual number of targets]
Domain search space  (domZ):               2  [number of targets reported over threshold]
# CPU time: 0.02u 0.00s 00:00:00.02 Elapsed: 00:00:00.01
# Mc/sec: 12504.86
//
Query:       nifD-03292025  [M=482]
Scores for complete sequences (score includes all domains):
   --- full sequence ---   --- best 1 domain ---    -#dom-
    E-value  score  bias    E-value  score  bias    exp  N  Sequence Description
    ------- ------ -----    ------- ------ -----   ---- --  -------- -----------

   [No hits detected that satisfy reporting thresholds]


Domain annotation for each sequence (and alignments):

   [No targets detected that satisfy reporting thresholds]


Internal pipeline statistics summary:
-------------------------------------
Query model(s):                            1  (482 nodes)
Target sequences:                       1574  (509708 residues searched)
Passed MSV filter:                        67  (0.0425667); expected 31.5 (0.02)
Passed bias filter:                       49  (0.0311309); expected 31.5 (0.02)
Passed Vit filter:                         2  (0.00127065); expected 1.6 (0.001)
Passed Fwd filter:                         0  (0); expected 0.0 (1e-05)
Initial search space (Z):               1574  [actual number of targets]
Domain search space  (domZ):               0  [number of targets reported over threshold]
# CPU time: 0.01u 0.00s 00:00:00.01 Elapsed: 00:00:00.01
# Mc/sec: 23129.92
//
Query:       nifK-03292025  [M=490]
Scores for complete sequences (score includes all domains):
   --- full sequence ---   --- best 1 domain ---    -#dom-
    E-value  score  bias    E-value  score  bias    exp  N  Sequence Description
    ------- ------ -----    ------- ------ -----   ---- --  -------- -----------

   [No hits detected that satisfy reporting thresholds]


Domain annotation for each sequence (and alignments):

   [No targets detected that satisfy reporting thresholds]


Internal pipeline statistics summary:
-------------------------------------
Query model(s):                            1  (490 nodes)
Target sequences:                       1574  (509708 residues searched)
Passed MSV filter:                        41  (0.0260483); expected 31.5 (0.02)
Passed bias filter:                       35  (0.0222363); expected 31.5 (0.02)
Passed Vit filter:                         1  (0.000635324); expected 1.6 (0.001)
Passed Fwd filter:                         0  (0); expected 0.0 (1e-05)
Initial search space (Z):               1574  [actual number of targets]
Domain search space  (domZ):               0  [number of targets reported over threshold]
# CPU time: 0.01u 0.00s 00:00:00.01 Elapsed: 00:00:00.00
# Mc/sec: 25565.60
//
Query:       nifB-03292025  [M=505]
Scores for complete sequences (score includes all domains):
   --- full sequence ---   --- best 1 domain ---    -#dom-
    E-value  score  bias    E-value  score  bias    exp  N  Sequence Description
    ------- ------ -----    ------- ------ -----   ---- --  -------- -----------

   [No hits detected that satisfy reporting thresholds]


Domain annotation for each sequence (and alignments):

   [No targets detected that satisfy reporting thresholds]


Internal pipeline statistics summary:
-------------------------------------
Query model(s):                            1  (505 nodes)
Target sequences:                       1574  (509708 residues searched)
Passed MSV filter:                        38  (0.0241423); expected 31.5 (0.02)
Passed bias filter:                       26  (0.0165184); expected 31.5 (0.02)
Passed Vit filter:                         2  (0.00127065); expected 1.6 (0.001)
Passed Fwd filter:                         0  (0); expected 0.0 (1e-05)
Initial search space (Z):               1574  [actual number of targets]
Domain search space  (domZ):               0  [number of targets reported over threshold]
# CPU time: 0.02u 0.00s 00:00:00.02 Elapsed: 00:00:00.00
# Mc/sec: 29228.79
//
Query:       nifE-03292025  [M=556]
Scores for complete sequences (score includes all domains):
   --- full sequence ---   --- best 1 domain ---    -#dom-
    E-value  score  bias    E-value  score  bias    exp  N  Sequence Description
    ------- ------ -----    ------- ------ -----   ---- --  -------- -----------

   [No hits detected that satisfy reporting thresholds]


Domain annotation for each sequence (and alignments):

   [No targets detected that satisfy reporting thresholds]


Internal pipeline statistics summary:
-------------------------------------
Query model(s):                            1  (556 nodes)
Target sequences:                       1574  (509708 residues searched)
Passed MSV filter:                        59  (0.0374841); expected 31.5 (0.02)
Passed bias filter:                       43  (0.0273189); expected 31.5 (0.02)
Passed Vit filter:                         3  (0.00190597); expected 1.6 (0.001)
Passed Fwd filter:                         0  (0); expected 0.0 (1e-05)
Initial search space (Z):               1574  [actual number of targets]
Domain search space  (domZ):               0  [number of targets reported over threshold]
# CPU time: 0.02u 0.01s 00:00:00.03 Elapsed: 00:00:00.01
# Mc/sec: 26474.11
//
Query:       nifN-03292025  [M=700]
Scores for complete sequences (score includes all domains):
   --- full sequence ---   --- best 1 domain ---    -#dom-
    E-value  score  bias    E-value  score  bias    exp  N  Sequence Description
    ------- ------ -----    ------- ------ -----   ---- --  -------- -----------

   [No hits detected that satisfy reporting thresholds]


Domain annotation for each sequence (and alignments):

   [No targets detected that satisfy reporting thresholds]


Internal pipeline statistics summary:
-------------------------------------
Query model(s):                            1  (700 nodes)
Target sequences:                       1574  (509708 residues searched)
Passed MSV filter:                        54  (0.0343075); expected 31.5 (0.02)
Passed bias filter:                       43  (0.0273189); expected 31.5 (0.02)
Passed Vit filter:                        10  (0.00635324); expected 1.6 (0.001)
Passed Fwd filter:                         0  (0); expected 0.0 (1e-05)
Initial search space (Z):               1574  [actual number of targets]
Domain search space  (domZ):               0  [number of targets reported over threshold]
# CPU time: 0.03u 0.00s 00:00:00.03 Elapsed: 00:00:00.01
# Mc/sec: 19475.47
//
Query:       pchlide-04012025  [M=508]
Scores for complete sequences (score includes all domains):
   --- full sequence ---   --- best 1 domain ---    -#dom-
    E-value  score  bias    E-value  score  bias    exp  N  Sequence Description
    ------- ------ -----    ------- ------ -----   ---- --  -------- -----------

   [No hits detected that satisfy reporting thresholds]


Domain annotation for each sequence (and alignments):

   [No targets detected that satisfy reporting thresholds]


Internal pipeline statistics summary:
-------------------------------------
Query model(s):                            1  (508 nodes)
Target sequences:                       1574  (509708 residues searched)
Passed MSV filter:                        52  (0.0330368); expected 31.5 (0.02)
Passed bias filter:                       43  (0.0273189); expected 31.5 (0.02)
Passed Vit filter:                         6  (0.00381194); expected 1.6 (0.001)
Passed Fwd filter:                         0  (0); expected 0.0 (1e-05)
Initial search space (Z):               1574  [actual number of targets]
Domain search space  (domZ):               0  [number of targets reported over threshold]
# CPU time: 0.02u 0.00s 00:00:00.02 Elapsed: 00:00:00.01
# Mc/sec: 18571.50
//
[ok]
# hmmsearch :: search profile(s) against a sequence database
# HMMER 3.4 (Aug 2023); http://hmmer.org/
# Copyright (C) 2023 Howard Hughes Medical Institute.
# Freely distributed under the BSD open source license.
# - - - - - - - - - - - - - - - - - - - - - - - - - - - - - - - - - - - -
# query HMM file:                  ../HMMs/nifV_07242025.hmm
# target sequence database:        ../all_rep_proteins_aa/bacteria/GB_GCA_947474635.1_protein.faa
# - - - - - - - - - - - - - - - - - - - - - - - - - - - - - - - - - - - -

Query:       nifV-07242025  [M=437]
Scores for complete sequences (score includes all domains):
   --- full sequence ---   --- best 1 domain ---    -#dom-
    E-value  score  bias    E-value  score  bias    exp  N  Sequence Description
    ------- ------ -----    ------- ------ -----   ---- --  -------- -----------

   [No hits detected that satisfy reporting thresholds]


Domain annotation for each sequence (and alignments):

   [No targets detected that satisfy reporting thresholds]


Internal pipeline statistics summary:
-------------------------------------
Query model(s):                            1  (437 nodes)
Target sequences:                       1574  (509708 residues searched)
Passed MSV filter:                        41  (0.0260483); expected 31.5 (0.02)
Passed bias filter:                       27  (0.0171537); expected 31.5 (0.02)
Passed Vit filter:                         2  (0.00127065); expected 1.6 (0.001)
Passed Fwd filter:                         0  (0); expected 0.0 (1e-05)
Initial search space (Z):               1574  [actual number of targets]
Domain search space  (domZ):               0  [number of targets reported over threshold]
# CPU time: 0.01u 0.00s 00:00:00.01 Elapsed: 00:00:00.00
# Mc/sec: 26344.17
//
[ok]
