# hmmsearch :: search profile(s) against a sequence database
# HMMER 3.4 (Aug 2023); http://hmmer.org/
# Copyright (C) 2023 Howard Hughes Medical Institute.
# Freely distributed under the BSD open source license.
# - - - - - - - - - - - - - - - - - - - - - - - - - - - - - - - - - - - -
# query HMM file:                  ../HMMs/combined_nif_04012025.hmm
# target sequence database:        ../all_rep_proteins_aa/bacteria/GB_GCA_028714275.1_protein.faa
# - - - - - - - - - - - - - - - - - - - - - - - - - - - - - - - - - - - -

Query:       nifH-03292025  [M=327]
Scores for complete sequences (score includes all domains):
   --- full sequence ---   --- best 1 domain ---    -#dom-
    E-value  score  bias    E-value  score  bias    exp  N  Sequence            Description
    ------- ------ -----    ------- ------ -----   ---- --  --------            -----------
     0.0051   11.6   0.0      0.016   10.0   0.0    1.7  1  JAQTMP010000030.1_7  # 4536 # 6410 # 1 # ID=30_7;partial=00;s
  ------ inclusion threshold ------
      0.036    8.8   4.2      0.088    7.6   0.1    2.8  3  JAQTMP010000003.1_4  # 1527 # 2993 # 1 # ID=3_4;partial=00;st


Domain annotation for each sequence (and alignments):
>> JAQTMP010000030.1_7  # 4536 # 6410 # 1 # ID=30_7;partial=00;start_type=ATG;rbs_motif=TACTA;rbs_spacer=9bp;gc_cont=0.4
   #    score  bias  c-Evalue  i-Evalue hmmfrom  hmm to    alifrom  ali to    envfrom  env to     acc
 ---   ------ ----- --------- --------- ------- -------    ------- -------    ------- -------    ----
   1 !   10.0   0.0   3.8e-05     0.016       8      67 ..      29      86 ..      23      96 .. 0.82

  Alignments for each domain:
  == domain 1  score: 10.0 bits;  conditional E-value: 3.8e-05
        nifH-03292025  8 kmrkiAiYGKGGiGKSttasnlsaalaeegkkvlivGCdPKaDstrlllggkaqktvldl 67
                         + r++ + GK G+GKSt  +n+++   ++g+    +  dP   s+ lll+   q+ + d+
  JAQTMP010000030.1_7 29 RSRHMYVIGKTGMGKSTLLENMAVQDIRNGEGFCFI--DPHGKSADLLLEYVPQERIKDV 86
                         56778889***************9999999988877..8999999999887777776665 PP

>> JAQTMP010000003.1_4  # 1527 # 2993 # 1 # ID=3_4;partial=00;start_type=ATG;rbs_motif=None;rbs_spacer=None;gc_cont=0.45
   #    score  bias  c-Evalue  i-Evalue hmmfrom  hmm to    alifrom  ali to    envfrom  env to     acc
 ---   ------ ----- --------- --------- ------- -------    ------- -------    ------- -------    ----
   1 ?    7.6   0.1   0.00021     0.088      10      37 ..      35      63 ..      25      70 .. 0.81
   2 ?   -0.7   0.2     0.067        28     240     276 ..     227     263 ..     205     308 .. 0.58
   3 ?    1.1   0.0     0.019       8.2      14      31 ..     332     349 ..     319     358 .. 0.78

  Alignments for each domain:
  == domain 1  score: 7.6 bits;  conditional E-value: 0.00021
        nifH-03292025 10 rkiAiYGKGGiGKSttasnlsaala.eeg 37
                          k++i G  G GKSt+ + ++ al  eeg
  JAQTMP010000003.1_4 35 TKVTIMGQNGAGKSTIFQLITGALKlEEG 63
                         799********************984444 PP

  == domain 2  score: -0.7 bits;  conditional E-value: 0.067
        nifH-03292025 240 eqakeyreLakkilenkklvipkplseeeleellael 276
                          ++ ++  +Lak+i++nk+++   + +  +++ +++++
  JAQTMP010000003.1_4 227 KENRKNAQLAKEIQANKDKANFFAQKGGQMRLVAKRM 263
                          4555667888888888854433333333333332222 PP

  == domain 3  score: 1.1 bits;  conditional E-value: 0.019
        nifH-03292025  14 iYGKGGiGKSttasnlsa 31 
                          + G  GiGKSt  ++++ 
  JAQTMP010000003.1_4 332 LKGPNGIGKSTLLEHIAK 349
                          56888******9888765 PP



Internal pipeline statistics summary:
-------------------------------------
Query model(s):                            1  (327 nodes)
Target sequences:                        848  (221181 residues searched)
Passed MSV filter:                        45  (0.053066); expected 17.0 (0.02)
Passed bias filter:                       36  (0.0424528); expected 17.0 (0.02)
Passed Vit filter:                         7  (0.00825472); expected 0.8 (0.001)
Passed Fwd filter:                         2  (0.00235849); expected 0.0 (1e-05)
Initial search space (Z):                848  [actual number of targets]
Domain search space  (domZ):               2  [number of targets reported over threshold]
# CPU time: 0.01u 0.00s 00:00:00.01 Elapsed: 00:00:00.01
# Mc/sec: 5392.35
//
Query:       nifD-03292025  [M=482]
Scores for complete sequences (score includes all domains):
   --- full sequence ---   --- best 1 domain ---    -#dom-
    E-value  score  bias    E-value  score  bias    exp  N  Sequence Description
    ------- ------ -----    ------- ------ -----   ---- --  -------- -----------

   [No hits detected that satisfy reporting thresholds]


Domain annotation for each sequence (and alignments):

   [No targets detected that satisfy reporting thresholds]


Internal pipeline statistics summary:
-------------------------------------
Query model(s):                            1  (482 nodes)
Target sequences:                        848  (221181 residues searched)
Passed MSV filter:                        38  (0.0448113); expected 17.0 (0.02)
Passed bias filter:                       21  (0.0247642); expected 17.0 (0.02)
Passed Vit filter:                         1  (0.00117925); expected 0.8 (0.001)
Passed Fwd filter:                         0  (0); expected 0.0 (1e-05)
Initial search space (Z):                848  [actual number of targets]
Domain search space  (domZ):               0  [number of targets reported over threshold]
# CPU time: 0.00u 0.00s 00:00:00.00 Elapsed: 00:00:00.00
# Mc/sec: 11628.09
//
Query:       nifK-03292025  [M=490]
Scores for complete sequences (score includes all domains):
   --- full sequence ---   --- best 1 domain ---    -#dom-
    E-value  score  bias    E-value  score  bias    exp  N  Sequence Description
    ------- ------ -----    ------- ------ -----   ---- --  -------- -----------

   [No hits detected that satisfy reporting thresholds]


Domain annotation for each sequence (and alignments):

   [No targets detected that satisfy reporting thresholds]


Internal pipeline statistics summary:
-------------------------------------
Query model(s):                            1  (490 nodes)
Target sequences:                        848  (221181 residues searched)
Passed MSV filter:                        24  (0.0283019); expected 17.0 (0.02)
Passed bias filter:                       18  (0.0212264); expected 17.0 (0.02)
Passed Vit filter:                         0  (0); expected 0.8 (0.001)
Passed Fwd filter:                         0  (0); expected 0.0 (1e-05)
Initial search space (Z):                848  [actual number of targets]
Domain search space  (domZ):               0  [number of targets reported over threshold]
# CPU time: 0.01u 0.00s 00:00:00.01 Elapsed: 00:00:00.00
# Mc/sec: 13920.97
//
Query:       nifB-03292025  [M=505]
Scores for complete sequences (score includes all domains):
   --- full sequence ---   --- best 1 domain ---    -#dom-
    E-value  score  bias    E-value  score  bias    exp  N  Sequence Description
    ------- ------ -----    ------- ------ -----   ---- --  -------- -----------

   [No hits detected that satisfy reporting thresholds]


Domain annotation for each sequence (and alignments):

   [No targets detected that satisfy reporting thresholds]


Internal pipeline statistics summary:
-------------------------------------
Query model(s):                            1  (505 nodes)
Target sequences:                        848  (221181 residues searched)
Passed MSV filter:                        24  (0.0283019); expected 17.0 (0.02)
Passed bias filter:                       17  (0.0200472); expected 17.0 (0.02)
Passed Vit filter:                         2  (0.00235849); expected 0.8 (0.001)
Passed Fwd filter:                         0  (0); expected 0.0 (1e-05)
Initial search space (Z):                848  [actual number of targets]
Domain search space  (domZ):               0  [number of targets reported over threshold]
# CPU time: 0.01u 0.00s 00:00:00.01 Elapsed: 00:00:00.00
# Mc/sec: 13467.33
//
Query:       nifE-03292025  [M=556]
Scores for complete sequences (score includes all domains):
   --- full sequence ---   --- best 1 domain ---    -#dom-
    E-value  score  bias    E-value  score  bias    exp  N  Sequence Description
    ------- ------ -----    ------- ------ -----   ---- --  -------- -----------

   [No hits detected that satisfy reporting thresholds]


Domain annotation for each sequence (and alignments):

   [No targets detected that satisfy reporting thresholds]


Internal pipeline statistics summary:
-------------------------------------
Query model(s):                            1  (556 nodes)
Target sequences:                        848  (221181 residues searched)
Passed MSV filter:                        43  (0.0507075); expected 17.0 (0.02)
Passed bias filter:                       31  (0.0365566); expected 17.0 (0.02)
Passed Vit filter:                         1  (0.00117925); expected 0.8 (0.001)
Passed Fwd filter:                         0  (0); expected 0.0 (1e-05)
Initial search space (Z):                848  [actual number of targets]
Domain search space  (domZ):               0  [number of targets reported over threshold]
# CPU time: 0.01u 0.00s 00:00:00.01 Elapsed: 00:00:00.01
# Mc/sec: 11737.24
//
Query:       nifN-03292025  [M=700]
Scores for complete sequences (score includes all domains):
   --- full sequence ---   --- best 1 domain ---    -#dom-
    E-value  score  bias    E-value  score  bias    exp  N  Sequence Description
    ------- ------ -----    ------- ------ -----   ---- --  -------- -----------

   [No hits detected that satisfy reporting thresholds]


Domain annotation for each sequence (and alignments):

   [No targets detected that satisfy reporting thresholds]


Internal pipeline statistics summary:
-------------------------------------
Query model(s):                            1  (700 nodes)
Target sequences:                        848  (221181 residues searched)
Passed MSV filter:                        31  (0.0365566); expected 17.0 (0.02)
Passed bias filter:                       21  (0.0247642); expected 17.0 (0.02)
Passed Vit filter:                         3  (0.00353774); expected 0.8 (0.001)
Passed Fwd filter:                         0  (0); expected 0.0 (1e-05)
Initial search space (Z):                848  [actual number of targets]
Domain search space  (domZ):               0  [number of targets reported over threshold]
# CPU time: 0.01u 0.00s 00:00:00.01 Elapsed: 00:00:00.01
# Mc/sec: 11860.75
//
Query:       pchlide-04012025  [M=508]
Scores for complete sequences (score includes all domains):
   --- full sequence ---   --- best 1 domain ---    -#dom-
    E-value  score  bias    E-value  score  bias    exp  N  Sequence Description
    ------- ------ -----    ------- ------ -----   ---- --  -------- -----------

   [No hits detected that satisfy reporting thresholds]


Domain annotation for each sequence (and alignments):

   [No targets detected that satisfy reporting thresholds]


Internal pipeline statistics summary:
-------------------------------------
Query model(s):                            1  (508 nodes)
Target sequences:                        848  (221181 residues searched)
Passed MSV filter:                        25  (0.0294811); expected 17.0 (0.02)
Passed bias filter:                       17  (0.0200472); expected 17.0 (0.02)
Passed Vit filter:                         2  (0.00235849); expected 0.8 (0.001)
Passed Fwd filter:                         0  (0); expected 0.0 (1e-05)
Initial search space (Z):                848  [actual number of targets]
Domain search space  (domZ):               0  [number of targets reported over threshold]
# CPU time: 0.00u 0.00s 00:00:00.00 Elapsed: 00:00:00.00
# Mc/sec: 13374.42
//
[ok]
# hmmsearch :: search profile(s) against a sequence database
# HMMER 3.4 (Aug 2023); http://hmmer.org/
# Copyright (C) 2023 Howard Hughes Medical Institute.
# Freely distributed under the BSD open source license.
# - - - - - - - - - - - - - - - - - - - - - - - - - - - - - - - - - - - -
# query HMM file:                  ../HMMs/nifV_07242025.hmm
# target sequence database:        ../all_rep_proteins_aa/bacteria/GB_GCA_028714275.1_protein.faa
# - - - - - - - - - - - - - - - - - - - - - - - - - - - - - - - - - - - -

Query:       nifV-07242025  [M=437]
Scores for complete sequences (score includes all domains):
   --- full sequence ---   --- best 1 domain ---    -#dom-
    E-value  score  bias    E-value  score  bias    exp  N  Sequence Description
    ------- ------ -----    ------- ------ -----   ---- --  -------- -----------

   [No hits detected that satisfy reporting thresholds]


Domain annotation for each sequence (and alignments):

   [No targets detected that satisfy reporting thresholds]


Internal pipeline statistics summary:
-------------------------------------
Query model(s):                            1  (437 nodes)
Target sequences:                        848  (221181 residues searched)
Passed MSV filter:                        23  (0.0271226); expected 17.0 (0.02)
Passed bias filter:                       16  (0.0188679); expected 17.0 (0.02)
Passed Vit filter:                         0  (0); expected 0.8 (0.001)
Passed Fwd filter:                         0  (0); expected 0.0 (1e-05)
Initial search space (Z):                848  [actual number of targets]
Domain search space  (domZ):               0  [number of targets reported over threshold]
# CPU time: 0.00u 0.00s 00:00:00.00 Elapsed: 00:00:00.00
# Mc/sec: 15770.85
//
[ok]
