# hmmsearch :: search profile(s) against a sequence database
# HMMER 3.4 (Aug 2023); http://hmmer.org/
# Copyright (C) 2023 Howard Hughes Medical Institute.
# Freely distributed under the BSD open source license.
# - - - - - - - - - - - - - - - - - - - - - - - - - - - - - - - - - - - -
# query HMM file:                  ../HMMs/combined_nif_04012025.hmm
# target sequence database:        ../all_rep_proteins_aa/bacteria/GB_GCA_937921255.1_protein.faa
# - - - - - - - - - - - - - - - - - - - - - - - - - - - - - - - - - - - -

Query:       nifH-03292025  [M=327]
Scores for complete sequences (score includes all domains):
   --- full sequence ---   --- best 1 domain ---    -#dom-
    E-value  score  bias    E-value  score  bias    exp  N  Sequence Description
    ------- ------ -----    ------- ------ -----   ---- --  -------- -----------

   [No hits detected that satisfy reporting thresholds]


Domain annotation for each sequence (and alignments):

   [No targets detected that satisfy reporting thresholds]


Internal pipeline statistics summary:
-------------------------------------
Query model(s):                            1  (327 nodes)
Target sequences:                       1339  (398961 residues searched)
Passed MSV filter:                        47  (0.0351008); expected 26.8 (0.02)
Passed bias filter:                       45  (0.0336072); expected 26.8 (0.02)
Passed Vit filter:                         7  (0.00522778); expected 1.3 (0.001)
Passed Fwd filter:                         0  (0); expected 0.0 (1e-05)
Initial search space (Z):               1339  [actual number of targets]
Domain search space  (domZ):               0  [number of targets reported over threshold]
# CPU time: 0.01u 0.00s 00:00:00.01 Elapsed: 00:00:00.01
# Mc/sec: 11951.05
//
Query:       nifD-03292025  [M=482]
Scores for complete sequences (score includes all domains):
   --- full sequence ---   --- best 1 domain ---    -#dom-
    E-value  score  bias    E-value  score  bias    exp  N  Sequence Description
    ------- ------ -----    ------- ------ -----   ---- --  -------- -----------

   [No hits detected that satisfy reporting thresholds]


Domain annotation for each sequence (and alignments):

   [No targets detected that satisfy reporting thresholds]


Internal pipeline statistics summary:
-------------------------------------
Query model(s):                            1  (482 nodes)
Target sequences:                       1339  (398961 residues searched)
Passed MSV filter:                        24  (0.0179238); expected 26.8 (0.02)
Passed bias filter:                       22  (0.0164302); expected 26.8 (0.02)
Passed Vit filter:                         1  (0.000746826); expected 1.3 (0.001)
Passed Fwd filter:                         0  (0); expected 0.0 (1e-05)
Initial search space (Z):               1339  [actual number of targets]
Domain search space  (domZ):               0  [number of targets reported over threshold]
# CPU time: 0.01u 0.00s 00:00:00.01 Elapsed: 00:00:00.00
# Mc/sec: 23086.11
//
Query:       nifK-03292025  [M=490]
Scores for complete sequences (score includes all domains):
   --- full sequence ---   --- best 1 domain ---    -#dom-
    E-value  score  bias    E-value  score  bias    exp  N  Sequence Description
    ------- ------ -----    ------- ------ -----   ---- --  -------- -----------

   [No hits detected that satisfy reporting thresholds]


Domain annotation for each sequence (and alignments):

   [No targets detected that satisfy reporting thresholds]


Internal pipeline statistics summary:
-------------------------------------
Query model(s):                            1  (490 nodes)
Target sequences:                       1339  (398961 residues searched)
Passed MSV filter:                        17  (0.012696); expected 26.8 (0.02)
Passed bias filter:                       17  (0.012696); expected 26.8 (0.02)
Passed Vit filter:                         3  (0.00224048); expected 1.3 (0.001)
Passed Fwd filter:                         0  (0); expected 0.0 (1e-05)
Initial search space (Z):               1339  [actual number of targets]
Domain search space  (domZ):               0  [number of targets reported over threshold]
# CPU time: 0.01u 0.00s 00:00:00.01 Elapsed: 00:00:00.01
# Mc/sec: 17524.71
//
Query:       nifB-03292025  [M=505]
Scores for complete sequences (score includes all domains):
   --- full sequence ---   --- best 1 domain ---    -#dom-
    E-value  score  bias    E-value  score  bias    exp  N  Sequence            Description
    ------- ------ -----    ------- ------ -----   ---- --  --------            -----------
    0.00098   13.9   0.0      0.014   10.1   0.0    2.0  2  CAKZSO010000061.1_9  # 9469 # 10488 # -1 # ID=61_9;partial=00


Domain annotation for each sequence (and alignments):
>> CAKZSO010000061.1_9  # 9469 # 10488 # -1 # ID=61_9;partial=00;start_type=ATG;rbs_motif=GGAG/GAGG;rbs_spacer=5-10bp;gc
   #    score  bias  c-Evalue  i-Evalue hmmfrom  hmm to    alifrom  ali to    envfrom  env to     acc
 ---   ------ ----- --------- --------- ------- -------    ------- -------    ------- -------    ----
   1 !   10.1   0.0     1e-05     0.014      81     122 ..      78     122 ..      61     129 .. 0.83
   2 !    1.5   0.0    0.0042       5.6     230     257 ..     205     232 ..     201     244 .. 0.88

  Alignments for each domain:
  == domain 1  score: 10.1 bits;  conditional E-value: 1e-05
        nifB-03292025  81 vavAp.aCNiqCnyCnRkyd..CanEsRPGvvsevLtpeqavkkv 122
                          ++vA   CN+ C++C+ ++      E R G+  e + pe++v+ +
  CAKZSO010000061.1_9  78 LSVATvGCNLRCDFCQNHVIsqYPREHRGGIPGEAVAPEDVVRAA 122
                          6777636********9987523668***************99876 PP

  == domain 2  score: 1.5 bits;  conditional E-value: 0.0042
        nifB-03292025 230 legleklaergvlvKvNsvlipgvNdeh 257
                          l ++++++e+g+ v v +++ipg Nd++
  CAKZSO010000061.1_9 205 LDTIARMVEAGLWVEVTTLVIPGRNDSE 232
                          678999*******************974 PP



Internal pipeline statistics summary:
-------------------------------------
Query model(s):                            1  (505 nodes)
Target sequences:                       1339  (398961 residues searched)
Passed MSV filter:                        27  (0.0201643); expected 26.8 (0.02)
Passed bias filter:                       24  (0.0179238); expected 26.8 (0.02)
Passed Vit filter:                         3  (0.00224048); expected 1.3 (0.001)
Passed Fwd filter:                         1  (0.000746826); expected 0.0 (1e-05)
Initial search space (Z):               1339  [actual number of targets]
Domain search space  (domZ):               1  [number of targets reported over threshold]
# CPU time: 0.02u 0.00s 00:00:00.02 Elapsed: 00:00:00.01
# Mc/sec: 14331.93
//
Query:       nifE-03292025  [M=556]
Scores for complete sequences (score includes all domains):
   --- full sequence ---   --- best 1 domain ---    -#dom-
    E-value  score  bias    E-value  score  bias    exp  N  Sequence Description
    ------- ------ -----    ------- ------ -----   ---- --  -------- -----------

   [No hits detected that satisfy reporting thresholds]


Domain annotation for each sequence (and alignments):

   [No targets detected that satisfy reporting thresholds]


Internal pipeline statistics summary:
-------------------------------------
Query model(s):                            1  (556 nodes)
Target sequences:                       1339  (398961 residues searched)
Passed MSV filter:                        45  (0.0336072); expected 26.8 (0.02)
Passed bias filter:                       42  (0.0313667); expected 26.8 (0.02)
Passed Vit filter:                         8  (0.00597461); expected 1.3 (0.001)
Passed Fwd filter:                         0  (0); expected 0.0 (1e-05)
Initial search space (Z):               1339  [actual number of targets]
Domain search space  (domZ):               0  [number of targets reported over threshold]
# CPU time: 0.01u 0.00s 00:00:00.01 Elapsed: 00:00:00.01
# Mc/sec: 17330.64
//
Query:       nifN-03292025  [M=700]
Scores for complete sequences (score includes all domains):
   --- full sequence ---   --- best 1 domain ---    -#dom-
    E-value  score  bias    E-value  score  bias    exp  N  Sequence Description
    ------- ------ -----    ------- ------ -----   ---- --  -------- -----------

   [No hits detected that satisfy reporting thresholds]


Domain annotation for each sequence (and alignments):

   [No targets detected that satisfy reporting thresholds]


Internal pipeline statistics summary:
-------------------------------------
Query model(s):                            1  (700 nodes)
Target sequences:                       1339  (398961 residues searched)
Passed MSV filter:                        47  (0.0351008); expected 26.8 (0.02)
Passed bias filter:                       44  (0.0328603); expected 26.8 (0.02)
Passed Vit filter:                         4  (0.0029873); expected 1.3 (0.001)
Passed Fwd filter:                         0  (0); expected 0.0 (1e-05)
Initial search space (Z):               1339  [actual number of targets]
Domain search space  (domZ):               0  [number of targets reported over threshold]
# CPU time: 0.02u 0.01s 00:00:00.03 Elapsed: 00:00:00.01
# Mc/sec: 19905.38
//
Query:       pchlide-04012025  [M=508]
Scores for complete sequences (score includes all domains):
   --- full sequence ---   --- best 1 domain ---    -#dom-
    E-value  score  bias    E-value  score  bias    exp  N  Sequence Description
    ------- ------ -----    ------- ------ -----   ---- --  -------- -----------

   [No hits detected that satisfy reporting thresholds]


Domain annotation for each sequence (and alignments):

   [No targets detected that satisfy reporting thresholds]


Internal pipeline statistics summary:
-------------------------------------
Query model(s):                            1  (508 nodes)
Target sequences:                       1339  (398961 residues searched)
Passed MSV filter:                        37  (0.0276326); expected 26.8 (0.02)
Passed bias filter:                       34  (0.0253921); expected 26.8 (0.02)
Passed Vit filter:                         2  (0.00149365); expected 1.3 (0.001)
Passed Fwd filter:                         0  (0); expected 0.0 (1e-05)
Initial search space (Z):               1339  [actual number of targets]
Domain search space  (domZ):               0  [number of targets reported over threshold]
# CPU time: 0.01u 0.00s 00:00:00.01 Elapsed: 00:00:00.01
# Mc/sec: 17439.29
//
[ok]
# hmmsearch :: search profile(s) against a sequence database
# HMMER 3.4 (Aug 2023); http://hmmer.org/
# Copyright (C) 2023 Howard Hughes Medical Institute.
# Freely distributed under the BSD open source license.
# - - - - - - - - - - - - - - - - - - - - - - - - - - - - - - - - - - - -
# query HMM file:                  ../HMMs/nifV_07242025.hmm
# target sequence database:        ../all_rep_proteins_aa/bacteria/GB_GCA_937921255.1_protein.faa
# - - - - - - - - - - - - - - - - - - - - - - - - - - - - - - - - - - - -

Query:       nifV-07242025  [M=437]
Scores for complete sequences (score includes all domains):
   --- full sequence ---   --- best 1 domain ---    -#dom-
    E-value  score  bias    E-value  score  bias    exp  N  Sequence             Description
    ------- ------ -----    ------- ------ -----   ---- --  --------             -----------
    0.00058   15.2   0.1    0.00093   14.6   0.1    1.2  1  CAKZSO010000013.1_49  # 53572 # 55350 # 1 # ID=13_49;partial=


Domain annotation for each sequence (and alignments):
>> CAKZSO010000013.1_49  # 53572 # 55350 # 1 # ID=13_49;partial=00;start_type=GTG;rbs_motif=AGxAGG/AGGxGG;rbs_spacer=5-1
   #    score  bias  c-Evalue  i-Evalue hmmfrom  hmm to    alifrom  ali to    envfrom  env to     acc
 ---   ------ ----- --------- --------- ------- -------    ------- -------    ------- -------    ----
   1 !   14.6   0.1   6.9e-07   0.00093     175     229 ..     182     238 ..     171     281 .. 0.85

  Alignments for each domain:
  == domain 1  score: 14.6 bits;  conditional E-value: 6.9e-07
         nifV-07242025 175 faDTlGildPfttlekvkkLraal..dlelEmHaHnDlGlAtANtlaavkaGathvn 229
                           f D  G   P  + e++++ r+ l  +++l +H+H+  G A A  laa++aGa  v+
  CAKZSO010000013.1_49 182 FKDASGTAPPAVVGETIHRARKLLgpSVHLRFHTHDSAGAAVACYLAALEAGADGVD 238
                           6677777777777777777777653368899**********************9886 PP



Internal pipeline statistics summary:
-------------------------------------
Query model(s):                            1  (437 nodes)
Target sequences:                       1339  (398961 residues searched)
Passed MSV filter:                        44  (0.0328603); expected 26.8 (0.02)
Passed bias filter:                       31  (0.0231516); expected 26.8 (0.02)
Passed Vit filter:                         4  (0.0029873); expected 1.3 (0.001)
Passed Fwd filter:                         1  (0.000746826); expected 0.0 (1e-05)
Initial search space (Z):               1339  [actual number of targets]
Domain search space  (domZ):               1  [number of targets reported over threshold]
# CPU time: 0.01u 0.00s 00:00:00.01 Elapsed: 00:00:00.01
# Mc/sec: 12323.66
//
[ok]
