# hmmsearch :: search profile(s) against a sequence database
# HMMER 3.4 (Aug 2023); http://hmmer.org/
# Copyright (C) 2023 Howard Hughes Medical Institute.
# Freely distributed under the BSD open source license.
# - - - - - - - - - - - - - - - - - - - - - - - - - - - - - - - - - - - -
# query HMM file:                  ../HMMs/combined_nif_04012025.hmm
# target sequence database:        ../all_rep_proteins_aa/bacteria/GB_GCA_929200395.1_protein.faa
# - - - - - - - - - - - - - - - - - - - - - - - - - - - - - - - - - - - -

Query:       nifH-03292025  [M=327]
Scores for complete sequences (score includes all domains):
   --- full sequence ---   --- best 1 domain ---    -#dom-
    E-value  score  bias    E-value  score  bias    exp  N  Sequence            Description
    ------- ------ -----    ------- ------ -----   ---- --  --------            -----------
    5.9e-10   35.7   0.2    3.9e-05   19.9   0.2    2.1  2  CAKMZJ010000067.1_5  # 3024 # 3824 # 1 # ID=67_5;partial=00;s
    2.5e-07   27.1   3.5    2.9e-07   26.9   0.1    2.1  2  CAKMZJ010000040.1_3  # 6448 # 7488 # -1 # ID=40_3;partial=00;


Domain annotation for each sequence (and alignments):
>> CAKMZJ010000067.1_5  # 3024 # 3824 # 1 # ID=67_5;partial=00;start_type=GTG;rbs_motif=3Base/5BMM;rbs_spacer=13-15bp;gc
   #    score  bias  c-Evalue  i-Evalue hmmfrom  hmm to    alifrom  ali to    envfrom  env to     acc
 ---   ------ ----- --------- --------- ------- -------    ------- -------    ------- -------    ----
   1 !   19.9   0.2   3.7e-08   3.9e-05      17      53 ..      11      47 ..       3      80 .. 0.91
   2 !   13.9   0.0   2.5e-06    0.0026     148     256 ..     139     252 ..     137     265 .. 0.77

  Alignments for each domain:
  == domain 1  score: 19.9 bits;  conditional E-value: 3.7e-08
        nifH-03292025 17 KGGiGKSttasnlsaalaeegkkvlivGCdPKaDstr 53
                         KGG+GK t a n++a +a++ ++vl v  dP   +t 
  CAKMZJ010000067.1_5 11 KGGVGKTTSAINIAASIARNKRRVLLVDIDPQGNATM 47
                         9******************************988875 PP

  == domain 2  score: 13.9 bits;  conditional E-value: 2.5e-06
        nifH-03292025 148 kadevyivtsgemmalYaanniakgikkyaee..ggvrlgGlicNsrk..vdkeeelveefaeklgtqiiaf.vprsnevqkaelekktv 232
                          +ad ++i + +e+ al     ++ +++ ++++  ++ ++ G++  + +   +   e+ +++ +++g  +  + +pr+  + +a  +++ v
  CAKMZJ010000067.1_5 139 CADGIIIPMQCEYYALEGLAALIDTVSGIKNSlnSKLKIEGILRTMYDprLSLTYEVSRQLMHHFGRLVYRTvIPRNVRLAEAPSHGMAV 228
                          588899999999999888887777777777764467788999988765114566788889999999888765279*************** PP

        nifH-03292025 233 ieaapdseqakeyreLakkilenk 256
                          i+++  s+ a +y +La++i +  
  CAKMZJ010000067.1_5 229 ISYDRYSRGALAYLALANEIVRRC 252
                          *******************97653 PP

>> CAKMZJ010000040.1_3  # 6448 # 7488 # -1 # ID=40_3;partial=00;start_type=ATG;rbs_motif=None;rbs_spacer=None;gc_cont=0.
   #    score  bias  c-Evalue  i-Evalue hmmfrom  hmm to    alifrom  ali to    envfrom  env to     acc
 ---   ------ ----- --------- --------- ------- -------    ------- -------    ------- -------    ----
   1 !   26.9   0.1   2.7e-10   2.9e-07      10      46 ..      98     135 ..      89     160 .. 0.78
   2 ?    0.6   0.6     0.028        29     168     252 ..     246     335 ..     230     345 .. 0.61

  Alignments for each domain:
  == domain 1  score: 26.9 bits;  conditional E-value: 2.7e-10
        nifH-03292025  10 rkiAi.YGKGGiGKSttasnlsaalaeegkkvlivGCd 46 
                          + iAi  GKGG+GKStta+nl+  la++g kv i+  d
  CAKMZJ010000040.1_3  98 NSIAIvAGKGGVGKSTTAANLALSLASQGAKVGILDAD 135
                          5677625************************9776555 PP

  == domain 2  score: 0.6 bits;  conditional E-value: 0.028
        nifH-03292025 168 niakgikkyaeeggvrlgGlicNsrkvdke.........eelveefaeklgtqiiafvprsnevqkaelekktvieaapdseqakeyreL 248
                          ++ k+i+ + +  +++ +G+i N+ +             ++ +++++++ +t+++ ++p s e+++a    +++ + + +s+  + y+++
  CAKMZJ010000040.1_3 246 DVKKSIEMFDK-LSISNAGIIENMSDFCCSncqhiepifNNNIDDITNSYNTKVLGKIPLSIELSQAG---NMLNNLTSNSKINELYQQI 331
                          56666666653.34555666666554321100011111135578889999999999999999998885...4455555666666666666 PP

        nifH-03292025 249 akki 252
                          + +i
  CAKMZJ010000040.1_3 332 TLEI 335
                          5555 PP



Internal pipeline statistics summary:
-------------------------------------
Query model(s):                            1  (327 nodes)
Target sequences:                       2131  (767184 residues searched)
Passed MSV filter:                       165  (0.0774284); expected 42.6 (0.02)
Passed bias filter:                       79  (0.0370718); expected 42.6 (0.02)
Passed Vit filter:                         9  (0.00422337); expected 2.1 (0.001)
Passed Fwd filter:                         2  (0.000938527); expected 0.0 (1e-05)
Initial search space (Z):               2131  [actual number of targets]
Domain search space  (domZ):               2  [number of targets reported over threshold]
# CPU time: 0.02u 0.00s 00:00:00.02 Elapsed: 00:00:00.01
# Mc/sec: 13567.23
//
Query:       nifD-03292025  [M=482]
Scores for complete sequences (score includes all domains):
   --- full sequence ---   --- best 1 domain ---    -#dom-
    E-value  score  bias    E-value  score  bias    exp  N  Sequence Description
    ------- ------ -----    ------- ------ -----   ---- --  -------- -----------

   [No hits detected that satisfy reporting thresholds]


Domain annotation for each sequence (and alignments):

   [No targets detected that satisfy reporting thresholds]


Internal pipeline statistics summary:
-------------------------------------
Query model(s):                            1  (482 nodes)
Target sequences:                       2131  (767184 residues searched)
Passed MSV filter:                       118  (0.0553731); expected 42.6 (0.02)
Passed bias filter:                       44  (0.0206476); expected 42.6 (0.02)
Passed Vit filter:                         2  (0.000938527); expected 2.1 (0.001)
Passed Fwd filter:                         0  (0); expected 0.0 (1e-05)
Initial search space (Z):               2131  [actual number of targets]
Domain search space  (domZ):               0  [number of targets reported over threshold]
# CPU time: 0.02u 0.00s 00:00:00.02 Elapsed: 00:00:00.01
# Mc/sec: 26869.79
//
Query:       nifK-03292025  [M=490]
Scores for complete sequences (score includes all domains):
   --- full sequence ---   --- best 1 domain ---    -#dom-
    E-value  score  bias    E-value  score  bias    exp  N  Sequence Description
    ------- ------ -----    ------- ------ -----   ---- --  -------- -----------

   [No hits detected that satisfy reporting thresholds]


Domain annotation for each sequence (and alignments):

   [No targets detected that satisfy reporting thresholds]


Internal pipeline statistics summary:
-------------------------------------
Query model(s):                            1  (490 nodes)
Target sequences:                       2131  (767184 residues searched)
Passed MSV filter:                        83  (0.0389489); expected 42.6 (0.02)
Passed bias filter:                       36  (0.0168935); expected 42.6 (0.02)
Passed Vit filter:                         3  (0.00140779); expected 2.1 (0.001)
Passed Fwd filter:                         0  (0); expected 0.0 (1e-05)
Initial search space (Z):               2131  [actual number of targets]
Domain search space  (domZ):               0  [number of targets reported over threshold]
# CPU time: 0.02u 0.00s 00:00:00.02 Elapsed: 00:00:00.01
# Mc/sec: 20385.92
//
Query:       nifB-03292025  [M=505]
Scores for complete sequences (score includes all domains):
   --- full sequence ---   --- best 1 domain ---    -#dom-
    E-value  score  bias    E-value  score  bias    exp  N  Sequence            Description
    ------- ------ -----    ------- ------ -----   ---- --  --------            -----------
     0.0077   11.6   3.8      0.013   10.9   0.3    2.0  2  CAKMZJ010000185.1_4  # 2091 # 3110 # 1 # ID=185_4;partial=00;


Domain annotation for each sequence (and alignments):
>> CAKMZJ010000185.1_4  # 2091 # 3110 # 1 # ID=185_4;partial=00;start_type=ATG;rbs_motif=GGA/GAG/AGG;rbs_spacer=5-10bp;g
   #    score  bias  c-Evalue  i-Evalue hmmfrom  hmm to    alifrom  ali to    envfrom  env to     acc
 ---   ------ ----- --------- --------- ------- -------    ------- -------    ------- -------    ----
   1 !   10.9   0.3     6e-06     0.013      73      98 ..     109     134 ..      96     144 .. 0.89
   2 !    1.8   0.3    0.0034       7.2     226     293 ..     236     304 ..     190     316 .. 0.72

  Alignments for each domain:
  == domain 1  score: 10.9 bits;  conditional E-value: 6e-06
        nifB-03292025  73 hhkfaRmHvavApaCNiqCnyCnRky 98 
                          h++ +R+ +   +aC ++C+yC R+y
  CAKMZJ010000185.1_4 109 HKYQGRVLLITTSACAVNCRYCFRRY 134
                          78889*******************99 PP

  == domain 2  score: 1.8 bits;  conditional E-value: 0.0034
        nifB-03292025 226 lerQlegleklaergvlvKvNsvlipgvNd..ehlvevakkvkekgaflhNvmplisapehGt.vfglegq 293
                           ++ +++l  l+++gv+    +vl+ gvNd  e l +++ k+   +a+l   + l+   +hG+ +f++++q
  CAKMZJ010000185.1_4 236 DKNVQQALLLLKNAGVTLLNQAVLLRGVNDssEALYDLSEKLF-INAVLPYYLHLLD-LVHGAkHFEVKEQ 304
                          45556788999999*9999999*******93345777776654.3455555555553.4455325555555 PP



Internal pipeline statistics summary:
-------------------------------------
Query model(s):                            1  (505 nodes)
Target sequences:                       2131  (767184 residues searched)
Passed MSV filter:                       102  (0.0478649); expected 42.6 (0.02)
Passed bias filter:                       32  (0.0150164); expected 42.6 (0.02)
Passed Vit filter:                         4  (0.00187705); expected 2.1 (0.001)
Passed Fwd filter:                         1  (0.000469263); expected 0.0 (1e-05)
Initial search space (Z):               2131  [actual number of targets]
Domain search space  (domZ):               1  [number of targets reported over threshold]
# CPU time: 0.02u 0.00s 00:00:00.02 Elapsed: 00:00:00.02
# Mc/sec: 19319.42
//
Query:       nifE-03292025  [M=556]
Scores for complete sequences (score includes all domains):
   --- full sequence ---   --- best 1 domain ---    -#dom-
    E-value  score  bias    E-value  score  bias    exp  N  Sequence Description
    ------- ------ -----    ------- ------ -----   ---- --  -------- -----------

   [No hits detected that satisfy reporting thresholds]


Domain annotation for each sequence (and alignments):

   [No targets detected that satisfy reporting thresholds]


Internal pipeline statistics summary:
-------------------------------------
Query model(s):                            1  (556 nodes)
Target sequences:                       2131  (767184 residues searched)
Passed MSV filter:                        96  (0.0450493); expected 42.6 (0.02)
Passed bias filter:                       40  (0.0187705); expected 42.6 (0.02)
Passed Vit filter:                         2  (0.000938527); expected 2.1 (0.001)
Passed Fwd filter:                         0  (0); expected 0.0 (1e-05)
Initial search space (Z):               2131  [actual number of targets]
Domain search space  (domZ):               0  [number of targets reported over threshold]
# CPU time: 0.02u 0.01s 00:00:00.03 Elapsed: 00:00:00.01
# Mc/sec: 34463.20
//
Query:       nifN-03292025  [M=700]
Scores for complete sequences (score includes all domains):
   --- full sequence ---   --- best 1 domain ---    -#dom-
    E-value  score  bias    E-value  score  bias    exp  N  Sequence Description
    ------- ------ -----    ------- ------ -----   ---- --  -------- -----------

   [No hits detected that satisfy reporting thresholds]


Domain annotation for each sequence (and alignments):

   [No targets detected that satisfy reporting thresholds]


Internal pipeline statistics summary:
-------------------------------------
Query model(s):                            1  (700 nodes)
Target sequences:                       2131  (767184 residues searched)
Passed MSV filter:                       108  (0.0506804); expected 42.6 (0.02)
Passed bias filter:                       57  (0.026748); expected 42.6 (0.02)
Passed Vit filter:                         4  (0.00187705); expected 2.1 (0.001)
Passed Fwd filter:                         0  (0); expected 0.0 (1e-05)
Initial search space (Z):               2131  [actual number of targets]
Domain search space  (domZ):               0  [number of targets reported over threshold]
# CPU time: 0.03u 0.00s 00:00:00.03 Elapsed: 00:00:00.02
# Mc/sec: 18145.69
//
Query:       pchlide-04012025  [M=508]
Scores for complete sequences (score includes all domains):
   --- full sequence ---   --- best 1 domain ---    -#dom-
    E-value  score  bias    E-value  score  bias    exp  N  Sequence Description
    ------- ------ -----    ------- ------ -----   ---- --  -------- -----------

   [No hits detected that satisfy reporting thresholds]


Domain annotation for each sequence (and alignments):

   [No targets detected that satisfy reporting thresholds]


Internal pipeline statistics summary:
-------------------------------------
Query model(s):                            1  (508 nodes)
Target sequences:                       2131  (767184 residues searched)
Passed MSV filter:                        95  (0.04458); expected 42.6 (0.02)
Passed bias filter:                       54  (0.0253402); expected 42.6 (0.02)
Passed Vit filter:                         3  (0.00140779); expected 2.1 (0.001)
Passed Fwd filter:                         0  (0); expected 0.0 (1e-05)
Initial search space (Z):               2131  [actual number of targets]
Domain search space  (domZ):               0  [number of targets reported over threshold]
# CPU time: 0.02u 0.00s 00:00:00.02 Elapsed: 00:00:00.01
# Mc/sec: 19516.54
//
[ok]
# hmmsearch :: search profile(s) against a sequence database
# HMMER 3.4 (Aug 2023); http://hmmer.org/
# Copyright (C) 2023 Howard Hughes Medical Institute.
# Freely distributed under the BSD open source license.
# - - - - - - - - - - - - - - - - - - - - - - - - - - - - - - - - - - - -
# query HMM file:                  ../HMMs/nifV_07242025.hmm
# target sequence database:        ../all_rep_proteins_aa/bacteria/GB_GCA_929200395.1_protein.faa
# - - - - - - - - - - - - - - - - - - - - - - - - - - - - - - - - - - - -

Query:       nifV-07242025  [M=437]
Scores for complete sequences (score includes all domains):
   --- full sequence ---   --- best 1 domain ---    -#dom-
    E-value  score  bias    E-value  score  bias    exp  N  Sequence Description
    ------- ------ -----    ------- ------ -----   ---- --  -------- -----------

   [No hits detected that satisfy reporting thresholds]


Domain annotation for each sequence (and alignments):

   [No targets detected that satisfy reporting thresholds]


Internal pipeline statistics summary:
-------------------------------------
Query model(s):                            1  (437 nodes)
Target sequences:                       2131  (767184 residues searched)
Passed MSV filter:                        45  (0.0211168); expected 42.6 (0.02)
Passed bias filter:                       35  (0.0164242); expected 42.6 (0.02)
Passed Vit filter:                         2  (0.000938527); expected 2.1 (0.001)
Passed Fwd filter:                         0  (0); expected 0.0 (1e-05)
Initial search space (Z):               2131  [actual number of targets]
Domain search space  (domZ):               0  [number of targets reported over threshold]
# CPU time: 0.02u 0.00s 00:00:00.02 Elapsed: 00:00:00.01
# Mc/sec: 30768.63
//
[ok]
