# hmmsearch :: search profile(s) against a sequence database
# HMMER 3.4 (Aug 2023); http://hmmer.org/
# Copyright (C) 2023 Howard Hughes Medical Institute.
# Freely distributed under the BSD open source license.
# - - - - - - - - - - - - - - - - - - - - - - - - - - - - - - - - - - - -
# query HMM file:                  ../HMMs/combined_nif_04012025.hmm
# target sequence database:        ../all_rep_proteins_aa/bacteria/GB_GCA_002479145.1_protein.faa
# - - - - - - - - - - - - - - - - - - - - - - - - - - - - - - - - - - - -

Query:       nifH-03292025  [M=327]
Scores for complete sequences (score includes all domains):
   --- full sequence ---   --- best 1 domain ---    -#dom-
    E-value  score  bias    E-value  score  bias    exp  N  Sequence          Description
    ------- ------ -----    ------- ------ -----   ---- --  --------          -----------
    1.8e-10   36.9   0.2      1e-06   24.6   0.1    2.1  2  DLLX01000034.1_10  # 11164 # 11934 # 1 # ID=39_10;partial=00;
    1.5e-07   27.4   0.0      9e-06   21.5   0.3    2.4  2  DLLX01000059.1_5   # 3952 # 5013 # -1 # ID=40_5;partial=00;st
    5.4e-06   22.2   0.2    1.2e-05   21.0   0.2    1.5  1  DLLX01000057.1_21  # 35301 # 36404 # -1 # ID=84_21;partial=00
     0.0016   14.1   3.1       0.11    8.0   0.0    2.8  3  DLLX01000052.1_18  # 15518 # 17452 # -1 # ID=15_18;partial=00
     0.0024   13.5   0.0     0.0071   12.0   0.0    1.7  1  DLLX01000022.1_2   # 638 # 3094 # 1 # ID=52_2;partial=00;star


Domain annotation for each sequence (and alignments):
>> DLLX01000034.1_10  # 11164 # 11934 # 1 # ID=39_10;partial=00;start_type=ATG;rbs_motif=None;rbs_spacer=None;gc_cont=0.
   #    score  bias  c-Evalue  i-Evalue hmmfrom  hmm to    alifrom  ali to    envfrom  env to     acc
 ---   ------ ----- --------- --------- ------- -------    ------- -------    ------- -------    ----
   1 !   24.6   0.1   3.4e-09     1e-06      17      54 ..      11      48 ..       3      76 .. 0.91
   2 !   10.6   0.0   6.3e-05     0.019     148     257 ..     140     254 ..     138     256 .. 0.82

  Alignments for each domain:
  == domain 1  score: 24.6 bits;  conditional E-value: 3.4e-09
      nifH-03292025 17 KGGiGKSttasnlsaalaeegkkvlivGCdPKaDstrl 54
                       KGG+GK tt+ nl+a la+ +k vl++  dP a +++ 
  DLLX01000034.1_10 11 KGGVGKTTTTINLAASLATLEKTVLVLDADPQANASSG 48
                       9*******************************987765 PP

  == domain 2  score: 10.6 bits;  conditional E-value: 6.3e-05
      nifH-03292025 148 kadevyivtsgemmalYaanniakgikkyaee..ggvrlgGlicNsr..kvdkeeelveefaeklgtqiiaf.vprsnevqkaelekktvie 234
                         ad+v+i + +e+ al     ++++ik ++++   + ++ G++  +   + +  +++ +e+ ++++  ++ + ++r+ +++++  ++  vi 
  DLLX01000034.1_10 140 AADSVIIPVQCEYFALEGISKLLNTIKIIKSKlnPKLEIEGFLLTMYdsRLRLARQIYDEVKRHFQELVFRTvIQRNVKLSESPSHGLPVIL 231
                        589999999****************999988833556677877765511456678899999999888887662577889999999******* PP

      nifH-03292025 235 aapdseqakeyreLakkilenkk 257
                        ++ ds+ a++  +Lak+i+e++k
  DLLX01000034.1_10 232 YDADSAGARNHLSLAKEIIEHNK 254
                        ******************99876 PP

>> DLLX01000059.1_5  # 3952 # 5013 # -1 # ID=40_5;partial=00;start_type=ATG;rbs_motif=None;rbs_spacer=None;gc_cont=0.493
   #    score  bias  c-Evalue  i-Evalue hmmfrom  hmm to    alifrom  ali to    envfrom  env to     acc
 ---   ------ ----- --------- --------- ------- -------    ------- -------    ------- -------    ----
   1 !   21.5   0.3     3e-08     9e-06      16      39 ..     107     130 ..      96     139 .. 0.90
   2 ?    2.8   0.0     0.014       4.2     199     254 ..     294     348 ..     234     352 .. 0.68

  Alignments for each domain:
  == domain 1  score: 21.5 bits;  conditional E-value: 3e-08
     nifH-03292025  16 GKGGiGKSttasnlsaalaeegkk 39 
                       GKGG+GKSt+a+nl++ la++g+k
  DLLX01000059.1_5 107 GKGGVGKSTIAANLAVSLARKGYK 130
                       **********************98 PP

  == domain 2  score: 2.8 bits;  conditional E-value: 0.014
     nifH-03292025 199 elveefaeklgtqiiafvprsnevqkaelekktvieaapdseqakeyreLakkile 254
                       +  +++aek+g+ ++ ++p  + + ++   +k    ++pds++ k++ +La+++ +
  DLLX01000059.1_5 294 DGTRHLAEKMGVPLLGEIPLVQGICESGDAGKPA-ATDPDSPTGKAFDQLADRVVS 348
                       3457899999999999999999999998888875.57999***********99875 PP

>> DLLX01000057.1_21  # 35301 # 36404 # -1 # ID=84_21;partial=00;start_type=ATG;rbs_motif=AAAA;rbs_spacer=12bp;gc_cont=0
   #    score  bias  c-Evalue  i-Evalue hmmfrom  hmm to    alifrom  ali to    envfrom  env to     acc
 ---   ------ ----- --------- --------- ------- -------    ------- -------    ------- -------    ----
   1 !   21.0   0.2   4.1e-08   1.2e-05      15      40 ..     105     130 ..      92     145 .. 0.88

  Alignments for each domain:
  == domain 1  score: 21.0 bits;  conditional E-value: 4.1e-08
      nifH-03292025  15 YGKGGiGKSttasnlsaalaeegkkv 40 
                         GKGG+GKSt+a nl+  la+ g+kv
  DLLX01000057.1_21 105 SGKGGVGKSTVAVNLAISLAKLGYKV 130
                        4***********************99 PP

>> DLLX01000052.1_18  # 15518 # 17452 # -1 # ID=15_18;partial=00;start_type=ATG;rbs_motif=AAA;rbs_spacer=6bp;gc_cont=0.5
   #    score  bias  c-Evalue  i-Evalue hmmfrom  hmm to    alifrom  ali to    envfrom  env to     acc
 ---   ------ ----- --------- --------- ------- -------    ------- -------    ------- -------    ----
   1 !    8.0   0.0   0.00038      0.11       6      33 ..      24      51 ..      19     106 .. 0.84
   2 !    5.8   0.2    0.0018      0.52       8      30 ..     352     374 ..     346     385 .. 0.82
   3 ?   -3.7   0.3       1.4   4.1e+02     240     272 ..     573     605 ..     549     631 .. 0.48

  Alignments for each domain:
  == domain 1  score: 8.0 bits;  conditional E-value: 0.00038
      nifH-03292025  6 akkmrkiAiYGKGGiGKSttasnlsaal 33
                        ++  +iA+ GK G GKSt+ + l   l
  DLLX01000052.1_18 24 INEHDRIALVGKNGAGKSTMLKILCGEL 51
                       56789**************987666555 PP

  == domain 2  score: 5.8 bits;  conditional E-value: 0.0018
      nifH-03292025   8 kmrkiAiYGKGGiGKSttasnls 30 
                        + +k+A+ GK G GKSt ++ ++
  DLLX01000052.1_18 352 RGEKVAFVGKNGEGKSTLVKCIM 374
                        4589*************987665 PP

  == domain 3  score: -3.7 bits;  conditional E-value: 1.4
      nifH-03292025 240 eqakeyreLakkilenkklvipkplseeeleel 272
                        e++k++r+  k+++e ++++ +   + +el++l
  DLLX01000052.1_18 573 EEQKKLRKARKAVEECEHKISKLEARIKELDKL 605
                        222333333333333333333333333333333 PP

>> DLLX01000022.1_2  # 638 # 3094 # 1 # ID=52_2;partial=00;start_type=ATG;rbs_motif=AACAA;rbs_spacer=14bp;gc_cont=0.535
   #    score  bias  c-Evalue  i-Evalue hmmfrom  hmm to    alifrom  ali to    envfrom  env to     acc
 ---   ------ ----- --------- --------- ------- -------    ------- -------    ------- -------    ----
   1 !   12.0   0.0   2.4e-05    0.0071      19      79 ..     622     679 ..     613     691 .. 0.81

  Alignments for each domain:
  == domain 1  score: 12.0 bits;  conditional E-value: 2.4e-05
     nifH-03292025  19 GiGKSttasnlsaalaeegkkvlivGCdPKaDstrlllggkaqktvldllrekgedleled 79 
                       G GK   ++n++++la ++k+vli+ Cd ++   + l+ g+  + + + l    +d+el+ 
  DLLX01000022.1_2 622 GSGKTFLTANIAMTLAIKEKRVLIIDCDIRKAMISALI-GTPHEGLTHYLTG--KDVELDS 679
                       78**************************9988888888.6667777666664..3455555 PP



Internal pipeline statistics summary:
-------------------------------------
Query model(s):                            1  (327 nodes)
Target sequences:                       1496  (519493 residues searched)
Passed MSV filter:                        72  (0.0481283); expected 29.9 (0.02)
Passed bias filter:                       55  (0.0367647); expected 29.9 (0.02)
Passed Vit filter:                        10  (0.00668449); expected 1.5 (0.001)
Passed Fwd filter:                         5  (0.00334225); expected 0.0 (1e-05)
Initial search space (Z):               1496  [actual number of targets]
Domain search space  (domZ):               5  [number of targets reported over threshold]
# CPU time: 0.02u 0.00s 00:00:00.02 Elapsed: 00:00:00.02
# Mc/sec: 7963.82
//
Query:       nifD-03292025  [M=482]
Scores for complete sequences (score includes all domains):
   --- full sequence ---   --- best 1 domain ---    -#dom-
    E-value  score  bias    E-value  score  bias    exp  N  Sequence Description
    ------- ------ -----    ------- ------ -----   ---- --  -------- -----------

   [No hits detected that satisfy reporting thresholds]


Domain annotation for each sequence (and alignments):

   [No targets detected that satisfy reporting thresholds]


Internal pipeline statistics summary:
-------------------------------------
Query model(s):                            1  (482 nodes)
Target sequences:                       1496  (519493 residues searched)
Passed MSV filter:                        60  (0.040107); expected 29.9 (0.02)
Passed bias filter:                       38  (0.0254011); expected 29.9 (0.02)
Passed Vit filter:                         5  (0.00334225); expected 1.5 (0.001)
Passed Fwd filter:                         0  (0); expected 0.0 (1e-05)
Initial search space (Z):               1496  [actual number of targets]
Domain search space  (domZ):               0  [number of targets reported over threshold]
# CPU time: 0.01u 0.00s 00:00:00.01 Elapsed: 00:00:00.01
# Mc/sec: 22861.34
//
Query:       nifK-03292025  [M=490]
Scores for complete sequences (score includes all domains):
   --- full sequence ---   --- best 1 domain ---    -#dom-
    E-value  score  bias    E-value  score  bias    exp  N  Sequence Description
    ------- ------ -----    ------- ------ -----   ---- --  -------- -----------

   [No hits detected that satisfy reporting thresholds]


Domain annotation for each sequence (and alignments):

   [No targets detected that satisfy reporting thresholds]


Internal pipeline statistics summary:
-------------------------------------
Query model(s):                            1  (490 nodes)
Target sequences:                       1496  (519493 residues searched)
Passed MSV filter:                        62  (0.0414439); expected 29.9 (0.02)
Passed bias filter:                       47  (0.0314171); expected 29.9 (0.02)
Passed Vit filter:                         2  (0.0013369); expected 1.5 (0.001)
Passed Fwd filter:                         0  (0); expected 0.0 (1e-05)
Initial search space (Z):               1496  [actual number of targets]
Domain search space  (domZ):               0  [number of targets reported over threshold]
# CPU time: 0.02u 0.00s 00:00:00.02 Elapsed: 00:00:00.01
# Mc/sec: 22556.71
//
Query:       nifB-03292025  [M=505]
Scores for complete sequences (score includes all domains):
   --- full sequence ---   --- best 1 domain ---    -#dom-
    E-value  score  bias    E-value  score  bias    exp  N  Sequence Description
    ------- ------ -----    ------- ------ -----   ---- --  -------- -----------

   [No hits detected that satisfy reporting thresholds]


Domain annotation for each sequence (and alignments):

   [No targets detected that satisfy reporting thresholds]


Internal pipeline statistics summary:
-------------------------------------
Query model(s):                            1  (505 nodes)
Target sequences:                       1496  (519493 residues searched)
Passed MSV filter:                        47  (0.0314171); expected 29.9 (0.02)
Passed bias filter:                       32  (0.0213904); expected 29.9 (0.02)
Passed Vit filter:                         0  (0); expected 1.5 (0.001)
Passed Fwd filter:                         0  (0); expected 0.0 (1e-05)
Initial search space (Z):               1496  [actual number of targets]
Domain search space  (domZ):               0  [number of targets reported over threshold]
# CPU time: 0.02u 0.00s 00:00:00.02 Elapsed: 00:00:00.01
# Mc/sec: 26091.33
//
Query:       nifE-03292025  [M=556]
Scores for complete sequences (score includes all domains):
   --- full sequence ---   --- best 1 domain ---    -#dom-
    E-value  score  bias    E-value  score  bias    exp  N  Sequence Description
    ------- ------ -----    ------- ------ -----   ---- --  -------- -----------

   [No hits detected that satisfy reporting thresholds]


Domain annotation for each sequence (and alignments):

   [No targets detected that satisfy reporting thresholds]


Internal pipeline statistics summary:
-------------------------------------
Query model(s):                            1  (556 nodes)
Target sequences:                       1496  (519493 residues searched)
Passed MSV filter:                        60  (0.040107); expected 29.9 (0.02)
Passed bias filter:                       37  (0.0247326); expected 29.9 (0.02)
Passed Vit filter:                         6  (0.0040107); expected 1.5 (0.001)
Passed Fwd filter:                         0  (0); expected 0.0 (1e-05)
Initial search space (Z):               1496  [actual number of targets]
Domain search space  (domZ):               0  [number of targets reported over threshold]
# CPU time: 0.02u 0.00s 00:00:00.02 Elapsed: 00:00:00.01
# Mc/sec: 22742.45
//
Query:       nifN-03292025  [M=700]
Scores for complete sequences (score includes all domains):
   --- full sequence ---   --- best 1 domain ---    -#dom-
    E-value  score  bias    E-value  score  bias    exp  N  Sequence Description
    ------- ------ -----    ------- ------ -----   ---- --  -------- -----------

   [No hits detected that satisfy reporting thresholds]


Domain annotation for each sequence (and alignments):

   [No targets detected that satisfy reporting thresholds]


Internal pipeline statistics summary:
-------------------------------------
Query model(s):                            1  (700 nodes)
Target sequences:                       1496  (519493 residues searched)
Passed MSV filter:                        78  (0.052139); expected 29.9 (0.02)
Passed bias filter:                       55  (0.0367647); expected 29.9 (0.02)
Passed Vit filter:                         3  (0.00200535); expected 1.5 (0.001)
Passed Fwd filter:                         0  (0); expected 0.0 (1e-05)
Initial search space (Z):               1496  [actual number of targets]
Domain search space  (domZ):               0  [number of targets reported over threshold]
# CPU time: 0.03u 0.00s 00:00:00.03 Elapsed: 00:00:00.01
# Mc/sec: 25068.48
//
Query:       pchlide-04012025  [M=508]
Scores for complete sequences (score includes all domains):
   --- full sequence ---   --- best 1 domain ---    -#dom-
    E-value  score  bias    E-value  score  bias    exp  N  Sequence Description
    ------- ------ -----    ------- ------ -----   ---- --  -------- -----------

   [No hits detected that satisfy reporting thresholds]


Domain annotation for each sequence (and alignments):

   [No targets detected that satisfy reporting thresholds]


Internal pipeline statistics summary:
-------------------------------------
Query model(s):                            1  (508 nodes)
Target sequences:                       1496  (519493 residues searched)
Passed MSV filter:                        50  (0.0334225); expected 29.9 (0.02)
Passed bias filter:                       40  (0.026738); expected 29.9 (0.02)
Passed Vit filter:                         2  (0.0013369); expected 1.5 (0.001)
Passed Fwd filter:                         0  (0); expected 0.0 (1e-05)
Initial search space (Z):               1496  [actual number of targets]
Domain search space  (domZ):               0  [number of targets reported over threshold]
# CPU time: 0.01u 0.00s 00:00:00.01 Elapsed: 00:00:00.01
# Mc/sec: 25573.72
//
[ok]
# hmmsearch :: search profile(s) against a sequence database
# HMMER 3.4 (Aug 2023); http://hmmer.org/
# Copyright (C) 2023 Howard Hughes Medical Institute.
# Freely distributed under the BSD open source license.
# - - - - - - - - - - - - - - - - - - - - - - - - - - - - - - - - - - - -
# query HMM file:                  ../HMMs/nifV_07242025.hmm
# target sequence database:        ../all_rep_proteins_aa/bacteria/GB_GCA_002479145.1_protein.faa
# - - - - - - - - - - - - - - - - - - - - - - - - - - - - - - - - - - - -

Query:       nifV-07242025  [M=437]
Scores for complete sequences (score includes all domains):
   --- full sequence ---   --- best 1 domain ---    -#dom-
    E-value  score  bias    E-value  score  bias    exp  N  Sequence          Description
    ------- ------ -----    ------- ------ -----   ---- --  --------          -----------
     0.0034   12.9   0.0     0.0056   12.1   0.0    1.2  1  DLLX01000017.1_54  # 60820 # 62595 # 1 # ID=23_54;partial=00;


Domain annotation for each sequence (and alignments):
>> DLLX01000017.1_54  # 60820 # 62595 # 1 # ID=23_54;partial=00;start_type=ATG;rbs_motif=AAA;rbs_spacer=15bp;gc_cont=0.5
   #    score  bias  c-Evalue  i-Evalue hmmfrom  hmm to    alifrom  ali to    envfrom  env to     acc
 ---   ------ ----- --------- --------- ------- -------    ------- -------    ------- -------    ----
   1 !   12.1   0.0   3.8e-06    0.0056     159     233 ..     159     234 ..     152     237 .. 0.88

  Alignments for each domain:
  == domain 1  score: 12.1 bits;  conditional E-value: 3.8e-06
      nifV-07242025 159 levaevaqeaGasrlRfaDTlGildPfttlekvkkLra.aldlelEmHaHnDlGlAtANtlaavkaGathvnttvn 233
                        +++a+   +aGa+ + + D  Gi +P    +  k +++ + d+ +E H H   Gl+ A  l  +k G   ++t ++
  DLLX01000017.1_54 159 AKLADEEIAAGAEEICLKDMAGIGQPTFLGQLTKMIKDkHPDIVIEYHGHSGPGLSMASVLEVCKNGCDIIDTAIE 234
                        5677777899****************9999999999761568*******************************986 PP



Internal pipeline statistics summary:
-------------------------------------
Query model(s):                            1  (437 nodes)
Target sequences:                       1496  (519493 residues searched)
Passed MSV filter:                        50  (0.0334225); expected 29.9 (0.02)
Passed bias filter:                       43  (0.0287433); expected 29.9 (0.02)
Passed Vit filter:                         5  (0.00334225); expected 1.5 (0.001)
Passed Fwd filter:                         1  (0.000668449); expected 0.0 (1e-05)
Initial search space (Z):               1496  [actual number of targets]
Domain search space  (domZ):               1  [number of targets reported over threshold]
# CPU time: 0.01u 0.00s 00:00:00.01 Elapsed: 00:00:00.01
# Mc/sec: 17079.71
//
[ok]
