# hmmsearch :: search profile(s) against a sequence database
# HMMER 3.4 (Aug 2023); http://hmmer.org/
# Copyright (C) 2023 Howard Hughes Medical Institute.
# Freely distributed under the BSD open source license.
# - - - - - - - - - - - - - - - - - - - - - - - - - - - - - - - - - - - -
# query HMM file:                  ../HMMs/combined_nif_04012025.hmm
# target sequence database:        ../all_rep_proteins_aa/bacteria/GB_GCA_937921755.1_protein.faa
# - - - - - - - - - - - - - - - - - - - - - - - - - - - - - - - - - - - -

Query:       nifH-03292025  [M=327]
Scores for complete sequences (score includes all domains):
   --- full sequence ---   --- best 1 domain ---    -#dom-
    E-value  score  bias    E-value  score  bias    exp  N  Sequence            Description
    ------- ------ -----    ------- ------ -----   ---- --  --------            -----------
    1.3e-07   26.7   0.0    1.5e-05   19.9   0.0    2.1  2  CAKZUC010000006.1_3  # 659 # 1456 # 1 # ID=6_3;partial=00;sta


Domain annotation for each sequence (and alignments):
>> CAKZUC010000006.1_3  # 659 # 1456 # 1 # ID=6_3;partial=00;start_type=GTG;rbs_motif=GGAG/GAGG;rbs_spacer=5-10bp;gc_con
   #    score  bias  c-Evalue  i-Evalue hmmfrom  hmm to    alifrom  ali to    envfrom  env to     acc
 ---   ------ ----- --------- --------- ------- -------    ------- -------    ------- -------    ----
   1 !   19.9   0.0   1.8e-08   1.5e-05      12      53 ..       4      47 ..       1      88 [. 0.83
   2 !    5.0   0.0   0.00062      0.51     149     254 ..     149     259 ..     146     262 .. 0.73

  Alignments for each domain:
  == domain 1  score: 19.9 bits;  conditional E-value: 1.8e-08
        nifH-03292025 12 iAiY.GKGGiGKSttasnlsaala.eegkkvlivGCdPKaDstr 53
                         iAi   KGG+GK tta nl++ la +++ +vl v  dP   +++
  CAKZUC010000006.1_3  4 IAITnQKGGVGKTTTAVNLAYYLAkNHEARVLLVDFDPQGNASS 47
                         6654159*****************66799*********877655 PP

  == domain 2  score: 5.0 bits;  conditional E-value: 0.00062
        nifH-03292025 149 adevyivtsgemmalYaanniakgikkyaeeggvrlg..GlicNsr..kvdkeeelveefaeklgtqiia.fvprsnevqkaelekktvi 233
                          ad+v + t  e+ a+     ++++++ ++++ + +lg  G+++ ++  +++ +++   e+a+ +  +ii+  +pr+  + +a  ++  v 
  CAKZUC010000006.1_3 149 ADSVLLPTQPEFFAIEGLTQLLETMALVRKSINPTLGllGVLVTMMdkRTALNQQAYLEVAKYFPGKIIEpAIPRNVRLAEAPSHGLPVG 238
                          566666667777777777777777666666655444322544443301344567778889999999999757****************** PP

        nifH-03292025 234 eaapdseqakeyreLakkile 254
                           ++  s+ a++y+++ak++++
  CAKZUC010000006.1_3 239 AYDRFSKGARAYKAVAKEVAK 259
                          *****************9976 PP



Internal pipeline statistics summary:
-------------------------------------
Query model(s):                            1  (327 nodes)
Target sequences:                        825  (259961 residues searched)
Passed MSV filter:                        55  (0.0666667); expected 16.5 (0.02)
Passed bias filter:                       46  (0.0557576); expected 16.5 (0.02)
Passed Vit filter:                        10  (0.0121212); expected 0.8 (0.001)
Passed Fwd filter:                         1  (0.00121212); expected 0.0 (1e-05)
Initial search space (Z):                825  [actual number of targets]
Domain search space  (domZ):               1  [number of targets reported over threshold]
# CPU time: 0.01u 0.00s 00:00:00.01 Elapsed: 00:00:00.01
# Mc/sec: 5547.21
//
Query:       nifD-03292025  [M=482]
Scores for complete sequences (score includes all domains):
   --- full sequence ---   --- best 1 domain ---    -#dom-
    E-value  score  bias    E-value  score  bias    exp  N  Sequence Description
    ------- ------ -----    ------- ------ -----   ---- --  -------- -----------

   [No hits detected that satisfy reporting thresholds]


Domain annotation for each sequence (and alignments):

   [No targets detected that satisfy reporting thresholds]


Internal pipeline statistics summary:
-------------------------------------
Query model(s):                            1  (482 nodes)
Target sequences:                        825  (259961 residues searched)
Passed MSV filter:                        42  (0.0509091); expected 16.5 (0.02)
Passed bias filter:                       28  (0.0339394); expected 16.5 (0.02)
Passed Vit filter:                         4  (0.00484848); expected 0.8 (0.001)
Passed Fwd filter:                         0  (0); expected 0.0 (1e-05)
Initial search space (Z):                825  [actual number of targets]
Domain search space  (domZ):               0  [number of targets reported over threshold]
# CPU time: 0.01u 0.00s 00:00:00.01 Elapsed: 00:00:00.01
# Mc/sec: 11699.93
//
Query:       nifK-03292025  [M=490]
Scores for complete sequences (score includes all domains):
   --- full sequence ---   --- best 1 domain ---    -#dom-
    E-value  score  bias    E-value  score  bias    exp  N  Sequence Description
    ------- ------ -----    ------- ------ -----   ---- --  -------- -----------

   [No hits detected that satisfy reporting thresholds]


Domain annotation for each sequence (and alignments):

   [No targets detected that satisfy reporting thresholds]


Internal pipeline statistics summary:
-------------------------------------
Query model(s):                            1  (490 nodes)
Target sequences:                        825  (259961 residues searched)
Passed MSV filter:                        18  (0.0218182); expected 16.5 (0.02)
Passed bias filter:                       13  (0.0157576); expected 16.5 (0.02)
Passed Vit filter:                         1  (0.00121212); expected 0.8 (0.001)
Passed Fwd filter:                         0  (0); expected 0.0 (1e-05)
Initial search space (Z):                825  [actual number of targets]
Domain search space  (domZ):               0  [number of targets reported over threshold]
# CPU time: 0.01u 0.00s 00:00:00.01 Elapsed: 00:00:00.00
# Mc/sec: 15042.59
//
Query:       nifB-03292025  [M=505]
Scores for complete sequences (score includes all domains):
   --- full sequence ---   --- best 1 domain ---    -#dom-
    E-value  score  bias    E-value  score  bias    exp  N  Sequence Description
    ------- ------ -----    ------- ------ -----   ---- --  -------- -----------

   [No hits detected that satisfy reporting thresholds]


Domain annotation for each sequence (and alignments):

   [No targets detected that satisfy reporting thresholds]


Internal pipeline statistics summary:
-------------------------------------
Query model(s):                            1  (505 nodes)
Target sequences:                        825  (259961 residues searched)
Passed MSV filter:                        18  (0.0218182); expected 16.5 (0.02)
Passed bias filter:                        9  (0.0109091); expected 16.5 (0.02)
Passed Vit filter:                         1  (0.00121212); expected 0.8 (0.001)
Passed Fwd filter:                         0  (0); expected 0.0 (1e-05)
Initial search space (Z):                825  [actual number of targets]
Domain search space  (domZ):               0  [number of targets reported over threshold]
# CPU time: 0.01u 0.00s 00:00:00.01 Elapsed: 00:00:00.00
# Mc/sec: 16786.37
//
Query:       nifE-03292025  [M=556]
Scores for complete sequences (score includes all domains):
   --- full sequence ---   --- best 1 domain ---    -#dom-
    E-value  score  bias    E-value  score  bias    exp  N  Sequence Description
    ------- ------ -----    ------- ------ -----   ---- --  -------- -----------

   [No hits detected that satisfy reporting thresholds]


Domain annotation for each sequence (and alignments):

   [No targets detected that satisfy reporting thresholds]


Internal pipeline statistics summary:
-------------------------------------
Query model(s):                            1  (556 nodes)
Target sequences:                        825  (259961 residues searched)
Passed MSV filter:                        44  (0.0533333); expected 16.5 (0.02)
Passed bias filter:                       28  (0.0339394); expected 16.5 (0.02)
Passed Vit filter:                         2  (0.00242424); expected 0.8 (0.001)
Passed Fwd filter:                         0  (0); expected 0.0 (1e-05)
Initial search space (Z):                825  [actual number of targets]
Domain search space  (domZ):               0  [number of targets reported over threshold]
# CPU time: 0.01u 0.01s 00:00:00.02 Elapsed: 00:00:00.01
# Mc/sec: 13204.49
//
Query:       nifN-03292025  [M=700]
Scores for complete sequences (score includes all domains):
   --- full sequence ---   --- best 1 domain ---    -#dom-
    E-value  score  bias    E-value  score  bias    exp  N  Sequence Description
    ------- ------ -----    ------- ------ -----   ---- --  -------- -----------

   [No hits detected that satisfy reporting thresholds]


Domain annotation for each sequence (and alignments):

   [No targets detected that satisfy reporting thresholds]


Internal pipeline statistics summary:
-------------------------------------
Query model(s):                            1  (700 nodes)
Target sequences:                        825  (259961 residues searched)
Passed MSV filter:                        30  (0.0363636); expected 16.5 (0.02)
Passed bias filter:                       18  (0.0218182); expected 16.5 (0.02)
Passed Vit filter:                         0  (0); expected 0.8 (0.001)
Passed Fwd filter:                         0  (0); expected 0.0 (1e-05)
Initial search space (Z):                825  [actual number of targets]
Domain search space  (domZ):               0  [number of targets reported over threshold]
# CPU time: 0.01u 0.00s 00:00:00.01 Elapsed: 00:00:00.01
# Mc/sec: 15812.30
//
Query:       pchlide-04012025  [M=508]
Scores for complete sequences (score includes all domains):
   --- full sequence ---   --- best 1 domain ---    -#dom-
    E-value  score  bias    E-value  score  bias    exp  N  Sequence Description
    ------- ------ -----    ------- ------ -----   ---- --  -------- -----------

   [No hits detected that satisfy reporting thresholds]


Domain annotation for each sequence (and alignments):

   [No targets detected that satisfy reporting thresholds]


Internal pipeline statistics summary:
-------------------------------------
Query model(s):                            1  (508 nodes)
Target sequences:                        825  (259961 residues searched)
Passed MSV filter:                        25  (0.030303); expected 16.5 (0.02)
Passed bias filter:                       20  (0.0242424); expected 16.5 (0.02)
Passed Vit filter:                         2  (0.00242424); expected 0.8 (0.001)
Passed Fwd filter:                         0  (0); expected 0.0 (1e-05)
Initial search space (Z):                825  [actual number of targets]
Domain search space  (domZ):               0  [number of targets reported over threshold]
# CPU time: 0.01u 0.00s 00:00:00.01 Elapsed: 00:00:00.00
# Mc/sec: 13526.63
//
[ok]
# hmmsearch :: search profile(s) against a sequence database
# HMMER 3.4 (Aug 2023); http://hmmer.org/
# Copyright (C) 2023 Howard Hughes Medical Institute.
# Freely distributed under the BSD open source license.
# - - - - - - - - - - - - - - - - - - - - - - - - - - - - - - - - - - - -
# query HMM file:                  ../HMMs/nifV_07242025.hmm
# target sequence database:        ../all_rep_proteins_aa/bacteria/GB_GCA_937921755.1_protein.faa
# - - - - - - - - - - - - - - - - - - - - - - - - - - - - - - - - - - - -

Query:       nifV-07242025  [M=437]
Scores for complete sequences (score includes all domains):
   --- full sequence ---   --- best 1 domain ---    -#dom-
    E-value  score  bias    E-value  score  bias    exp  N  Sequence Description
    ------- ------ -----    ------- ------ -----   ---- --  -------- -----------

   [No hits detected that satisfy reporting thresholds]


Domain annotation for each sequence (and alignments):

   [No targets detected that satisfy reporting thresholds]


Internal pipeline statistics summary:
-------------------------------------
Query model(s):                            1  (437 nodes)
Target sequences:                        825  (259961 residues searched)
Passed MSV filter:                        23  (0.0278788); expected 16.5 (0.02)
Passed bias filter:                       13  (0.0157576); expected 16.5 (0.02)
Passed Vit filter:                         1  (0.00121212); expected 0.8 (0.001)
Passed Fwd filter:                         0  (0); expected 0.0 (1e-05)
Initial search space (Z):                825  [actual number of targets]
Domain search space  (domZ):               0  [number of targets reported over threshold]
# CPU time: 0.01u 0.00s 00:00:00.01 Elapsed: 00:00:00.00
# Mc/sec: 16064.20
//
[ok]
