# hmmsearch :: search profile(s) against a sequence database
# HMMER 3.4 (Aug 2023); http://hmmer.org/
# Copyright (C) 2023 Howard Hughes Medical Institute.
# Freely distributed under the BSD open source license.
# - - - - - - - - - - - - - - - - - - - - - - - - - - - - - - - - - - - -
# query HMM file:                  ../HMMs/combined_nif_04012025.hmm
# target sequence database:        ../all_rep_proteins_aa/bacteria/GB_GCA_944350385.1_protein.faa
# - - - - - - - - - - - - - - - - - - - - - - - - - - - - - - - - - - - -

Query:       nifH-03292025  [M=327]
Scores for complete sequences (score includes all domains):
   --- full sequence ---   --- best 1 domain ---    -#dom-
    E-value  score  bias    E-value  score  bias    exp  N  Sequence             Description
    ------- ------ -----    ------- ------ -----   ---- --  --------             -----------
    1.7e-11   40.2   0.3    1.9e-07   26.8   0.4    2.1  2  CALVOV010000003.1_80  # 85841 # 86626 # 1 # ID=3_80;partial=0
    0.00027   16.5   0.8     0.0004   15.9   0.1    1.6  2  CALVOV010000001.1_41  # 43452 # 44492 # 1 # ID=1_41;partial=0
    0.00031   16.3   0.0     0.0035   12.8   0.0    2.1  2  CALVOV010000004.1_9   # 7062 # 7766 # -1 # ID=4_9;partial=00;
     0.0068   11.9   0.0      0.011   11.2   0.0    1.3  1  CALVOV010000013.1_25  # 24693 # 25907 # -1 # ID=13_25;partial


Domain annotation for each sequence (and alignments):
>> CALVOV010000003.1_80  # 85841 # 86626 # 1 # ID=3_80;partial=00;start_type=ATG;rbs_motif=3Base/5BMM;rbs_spacer=13-15bp
   #    score  bias  c-Evalue  i-Evalue hmmfrom  hmm to    alifrom  ali to    envfrom  env to     acc
 ---   ------ ----- --------- --------- ------- -------    ------- -------    ------- -------    ----
   1 !   26.8   0.4   5.8e-10   1.9e-07      17      72 ..      11      68 ..       7      86 .. 0.80
   2 !   11.2   0.0   3.2e-05     0.011     150     255 ..     148     258 ..     144     261 .. 0.81

  Alignments for each domain:
  == domain 1  score: 26.8 bits;  conditional E-value: 5.8e-10
         nifH-03292025 17 KGGiGKSttasnlsaalaeegkkvlivGCdPKaDstrl..llggkaqktvldllrekg 72
                          KGG+GK tt+ nlsa la  gkk l +  dP   +t+   + +g+ +k+v d+l  + 
  CALVOV010000003.1_80 11 KGGVGKTTTSINLSASLAVLGKKTLLIDLDPQGNTTTGvgINKGEIEKSVYDVLIGEC 68
                          9********************************9997522677888899998887554 PP

  == domain 2  score: 11.2 bits;  conditional E-value: 3.2e-05
         nifH-03292025 150 devyivtsgemmalYaanniakgikkyaee..ggvrlgGlicNsrkvdke..eelveefaeklgtqiiaf.vprsnevqkaelekktvi 233
                           ++v+i + +e+ al     ++++i   +++   +  + G++  + +++++   e+v+++ + ++ ++ ++ +pr   +++a  +++ +i
  CALVOV010000003.1_80 148 NSVIIPVQCEFFALEGITQLLRTIMLAQKNlnPTLDIEGVLLTMLDSRTNlgFEVVDDIRKFFKEKVYNTiIPRLVRLTEAPSHGEPII 236
                           5677888889999999999999998888873344566788888776665522689999999999999875279**************** PP

         nifH-03292025 234 eaapdseqakeyreLakkilen 255
                            ++p+s+  ++y +Lak++++ 
  CALVOV010000003.1_80 237 VYDPKSRGSEAYINLAKEVISR 258
                           ******************9875 PP

>> CALVOV010000001.1_41  # 43452 # 44492 # 1 # ID=1_41;partial=00;start_type=ATG;rbs_motif=GGA/GAG/AGG;rbs_spacer=11-12b
   #    score  bias  c-Evalue  i-Evalue hmmfrom  hmm to    alifrom  ali to    envfrom  env to     acc
 ---   ------ ----- --------- --------- ------- -------    ------- -------    ------- -------    ----
   1 ?   -3.6   0.1         1   3.4e+02     290     290 ..      33      33 ..       7      72 .. 0.46
   2 !   15.9   0.1   1.2e-06    0.0004      12      46 ..     145     179 ..     135     195 .. 0.91

  Alignments for each domain:
  == domain 1  score: -3.6 bits;  conditional E-value: 1
         nifH-03292025 290 a 290
                           +
  CALVOV010000001.1_41  33 E 33 
                           1 PP

  == domain 2  score: 15.9 bits;  conditional E-value: 1.2e-06
         nifH-03292025  12 iAiYGKGGiGKSttasnlsaalaeegkkvlivGCd 46 
                           i + G  G+GK tt ++l+  +  egkkvl vG d
  CALVOV010000001.1_41 145 ILFVGVNGVGKTTTIAKLASKMKVEGKKVLLVGAD 179
                           6677999**************************98 PP

>> CALVOV010000004.1_9  # 7062 # 7766 # -1 # ID=4_9;partial=00;start_type=ATG;rbs_motif=AGGAG;rbs_spacer=5-10bp;gc_cont=
   #    score  bias  c-Evalue  i-Evalue hmmfrom  hmm to    alifrom  ali to    envfrom  env to     acc
 ---   ------ ----- --------- --------- ------- -------    ------- -------    ------- -------    ----
   1 !   12.8   0.0   1.1e-05    0.0035      19      46 ..      46      73 ..      43      89 .. 0.91
   2 ?    1.2   0.1     0.035        12     174     197 ..     194     217 ..     163     232 .. 0.80

  Alignments for each domain:
  == domain 1  score: 12.8 bits;  conditional E-value: 1.1e-05
        nifH-03292025 19 GiGKSttasnlsaalaeegkkvlivGCd 46
                         G GKS +++nl++a a+egkkvl +  d
  CALVOV010000004.1_9 46 GDGKSYISANLAVAYAQEGKKVLLIDAD 73
                         78*********************98665 PP

  == domain 2  score: 1.2 bits;  conditional E-value: 0.035
        nifH-03292025 174 kkyaeeggvrlgGlicNsrkvdke 197
                          kk+ ++++v+++G+++N+ + +++
  CALVOV010000004.1_9 194 KKIFDQSNVKIAGVVVNKVQRKEH 217
                          566678899999999999887655 PP

>> CALVOV010000013.1_25  # 24693 # 25907 # -1 # ID=13_25;partial=00;start_type=ATG;rbs_motif=GGA/GAG/AGG;rbs_spacer=5-10
   #    score  bias  c-Evalue  i-Evalue hmmfrom  hmm to    alifrom  ali to    envfrom  env to     acc
 ---   ------ ----- --------- --------- ------- -------    ------- -------    ------- -------    ----
   1 !   11.2   0.0   3.2e-05     0.011       5      64 ..      35      93 ..      31     115 .. 0.72

  Alignments for each domain:
  == domain 1  score: 11.2 bits;  conditional E-value: 3.2e-05
         nifH-03292025  5 makkmrkiAiYGKGGiGKSttasnlsaalaeegkkvlivGCdPKaDstrlllggkaqktv 64
                          ++kk+  + +YGK GiGK ++a+ ++  l  + ++ l    + K+D   ++ ++k+ + +
  CALVOV010000013.1_25 35 KNKKLFSMILYGKPGIGKTSIANAIVNDLGVR-YRFLNATSNTKKDLDIVIEEAKMYDGI 93
                          5567788899*************999999864.667777777777766666666665554 PP



Internal pipeline statistics summary:
-------------------------------------
Query model(s):                            1  (327 nodes)
Target sequences:                       1335  (419651 residues searched)
Passed MSV filter:                       129  (0.0966292); expected 26.7 (0.02)
Passed bias filter:                       64  (0.0479401); expected 26.7 (0.02)
Passed Vit filter:                        11  (0.0082397); expected 1.3 (0.001)
Passed Fwd filter:                         4  (0.00299625); expected 0.0 (1e-05)
Initial search space (Z):               1335  [actual number of targets]
Domain search space  (domZ):               4  [number of targets reported over threshold]
# CPU time: 0.02u 0.00s 00:00:00.02 Elapsed: 00:00:00.02
# Mc/sec: 6204.84
//
Query:       nifD-03292025  [M=482]
Scores for complete sequences (score includes all domains):
   --- full sequence ---   --- best 1 domain ---    -#dom-
    E-value  score  bias    E-value  score  bias    exp  N  Sequence Description
    ------- ------ -----    ------- ------ -----   ---- --  -------- -----------

   [No hits detected that satisfy reporting thresholds]


Domain annotation for each sequence (and alignments):

   [No targets detected that satisfy reporting thresholds]


Internal pipeline statistics summary:
-------------------------------------
Query model(s):                            1  (482 nodes)
Target sequences:                       1335  (419651 residues searched)
Passed MSV filter:                       108  (0.0808989); expected 26.7 (0.02)
Passed bias filter:                       29  (0.0217228); expected 26.7 (0.02)
Passed Vit filter:                         1  (0.000749064); expected 1.3 (0.001)
Passed Fwd filter:                         0  (0); expected 0.0 (1e-05)
Initial search space (Z):               1335  [actual number of targets]
Domain search space  (domZ):               0  [number of targets reported over threshold]
# CPU time: 0.01u 0.00s 00:00:00.01 Elapsed: 00:00:00.01
# Mc/sec: 19109.31
//
Query:       nifK-03292025  [M=490]
Scores for complete sequences (score includes all domains):
   --- full sequence ---   --- best 1 domain ---    -#dom-
    E-value  score  bias    E-value  score  bias    exp  N  Sequence Description
    ------- ------ -----    ------- ------ -----   ---- --  -------- -----------

   [No hits detected that satisfy reporting thresholds]


Domain annotation for each sequence (and alignments):

   [No targets detected that satisfy reporting thresholds]


Internal pipeline statistics summary:
-------------------------------------
Query model(s):                            1  (490 nodes)
Target sequences:                       1335  (419651 residues searched)
Passed MSV filter:                        60  (0.0449438); expected 26.7 (0.02)
Passed bias filter:                       22  (0.0164794); expected 26.7 (0.02)
Passed Vit filter:                         6  (0.00449438); expected 1.3 (0.001)
Passed Fwd filter:                         0  (0); expected 0.0 (1e-05)
Initial search space (Z):               1335  [actual number of targets]
Domain search space  (domZ):               0  [number of targets reported over threshold]
# CPU time: 0.01u 0.00s 00:00:00.01 Elapsed: 00:00:00.01
# Mc/sec: 15536.94
//
Query:       nifB-03292025  [M=505]
Scores for complete sequences (score includes all domains):
   --- full sequence ---   --- best 1 domain ---    -#dom-
    E-value  score  bias    E-value  score  bias    exp  N  Sequence             Description
    ------- ------ -----    ------- ------ -----   ---- --  --------             -----------
     0.0025   12.5   3.8       0.05    8.3   0.7    2.2  2  CALVOV010000005.1_22  # 22424 # 23266 # 1 # ID=5_22;partial=0
     0.0026   12.5   6.2      0.024    9.3   6.2    2.2  1  CALVOV010000003.1_9   # 9669 # 10397 # 1 # ID=3_9;partial=00;


Domain annotation for each sequence (and alignments):
>> CALVOV010000005.1_22  # 22424 # 23266 # 1 # ID=5_22;partial=00;start_type=ATG;rbs_motif=GGA/GAG/AGG;rbs_spacer=5-10bp
   #    score  bias  c-Evalue  i-Evalue hmmfrom  hmm to    alifrom  ali to    envfrom  env to     acc
 ---   ------ ----- --------- --------- ------- -------    ------- -------    ------- -------    ----
   1 !    8.3   0.7   7.5e-05      0.05      74      95 ..       2      23 ..       1      30 [. 0.88
   2 !    5.1   0.1    0.0007      0.46     158     202 ..      71     116 ..      56     137 .. 0.77

  Alignments for each domain:
  == domain 1  score: 8.3 bits;  conditional E-value: 7.5e-05
         nifB-03292025 74 hkfaRmHvavApaCNiqCnyCn 95
                          +kf ++ + +   CN++Cn+C+
  CALVOV010000005.1_22  2 KKFKKIYIEITNICNLNCNFCS 23
                          58999****************6 PP

  == domain 2  score: 5.1 bits;  conditional E-value: 0.0007
         nifB-03292025 158 keeapdlklClstNGLaLpeyvdelael.nvdhvtvTiNavdpeig 202
                           k+e  +lk+ ++tNG  L e+++ l +  n++++ + + + + +i 
  CALVOV010000005.1_22  71 KAEENNLKVNITTNGTLLKEKAEILRKAnNINKINISLHSENNKIN 116
                           3456789******************875279999999988877775 PP

>> CALVOV010000003.1_9  # 9669 # 10397 # 1 # ID=3_9;partial=00;start_type=ATG;rbs_motif=None;rbs_spacer=None;gc_cont=0.2
   #    score  bias  c-Evalue  i-Evalue hmmfrom  hmm to    alifrom  ali to    envfrom  env to     acc
 ---   ------ ----- --------- --------- ------- -------    ------- -------    ------- -------    ----
   1 !    9.3   6.2   3.7e-05     0.024      87     312 ..      28     229 ..      22     234 .. 0.70

  Alignments for each domain:
  == domain 1  score: 9.3 bits;  conditional E-value: 3.7e-05
        nifB-03292025  87 CNiqCnyCnRkydCanEsRPGvvsevLtpeqavkkvkavaaeipqlsVvGiAGPGDalanpektfetlelvkeeapdlklClstNGLaLp 176
                          CN+ C+yC+      n +   + +   t +++vkk +  +  +++   v   G G++l + +  +et++++k+e  ++++ + t G  L 
  CALVOV010000003.1_9  28 CNLRCKYCH------NPEMWKMQKVNYTSDEVVKKCIRNKPYFKRNGGVTFSG-GEPLLQYDFLVETCKKLKKE--NIHIAIDTAGVGLG 108
                          777777764......44444566667777777777777777777666666666.78888888888888888775..57777888888888 PP

        nifB-03292025 177 eyvdelaelnvdhvtvTiNavdpeigakiypwvlyekkrytgeeaaeiLlerQlegleklaergvlvKvNsvlipgvNdeh..lvevakk 264
                          +y + l e n+d v + i  +d               + y+++ +a+ L ++ +e +e+l ++++ v +  v+ip+vNd++  ++e++  
  CALVOV010000003.1_9 109 DYKE-LFE-NIDLVLLDIKHIDT--------------EGYKNITGAKSL-DKFFEFVEQLNKTNIEVWIRQVIIPDVNDNEkyMIELSNF 181
                          8754.443.67788888877777..............567777788776.67899**********************9975449999999 PP

        nifB-03292025 265 vkekgaflhNvmplisapehG.tvfglegqreptakelkalrdaceeei 312
                          +k+    ++ v ++++  + G   +g  +   p +++++  +++c+e  
  CALVOV010000003.1_9 182 IKKYIKNVTRV-DFLPYHKLGmEKYGPLNLDYPYKDKVEMDKNRCNELF 229
                          98865444444.3444445552457777777777777777777777655 PP



Internal pipeline statistics summary:
-------------------------------------
Query model(s):                            1  (505 nodes)
Target sequences:                       1335  (419651 residues searched)
Passed MSV filter:                        62  (0.0464419); expected 26.7 (0.02)
Passed bias filter:                       29  (0.0217228); expected 26.7 (0.02)
Passed Vit filter:                         3  (0.00224719); expected 1.3 (0.001)
Passed Fwd filter:                         2  (0.00149813); expected 0.0 (1e-05)
Initial search space (Z):               1335  [actual number of targets]
Domain search space  (domZ):               2  [number of targets reported over threshold]
# CPU time: 0.02u 0.00s 00:00:00.02 Elapsed: 00:00:00.01
# Mc/sec: 10897.17
//
Query:       nifE-03292025  [M=556]
Scores for complete sequences (score includes all domains):
   --- full sequence ---   --- best 1 domain ---    -#dom-
    E-value  score  bias    E-value  score  bias    exp  N  Sequence Description
    ------- ------ -----    ------- ------ -----   ---- --  -------- -----------

   [No hits detected that satisfy reporting thresholds]


Domain annotation for each sequence (and alignments):

   [No targets detected that satisfy reporting thresholds]


Internal pipeline statistics summary:
-------------------------------------
Query model(s):                            1  (556 nodes)
Target sequences:                       1335  (419651 residues searched)
Passed MSV filter:                        77  (0.0576779); expected 26.7 (0.02)
Passed bias filter:                       36  (0.0269663); expected 26.7 (0.02)
Passed Vit filter:                         4  (0.00299625); expected 1.3 (0.001)
Passed Fwd filter:                         0  (0); expected 0.0 (1e-05)
Initial search space (Z):               1335  [actual number of targets]
Domain search space  (domZ):               0  [number of targets reported over threshold]
# CPU time: 0.01u 0.01s 00:00:00.02 Elapsed: 00:00:00.01
# Mc/sec: 15770.06
//
Query:       nifN-03292025  [M=700]
Scores for complete sequences (score includes all domains):
   --- full sequence ---   --- best 1 domain ---    -#dom-
    E-value  score  bias    E-value  score  bias    exp  N  Sequence Description
    ------- ------ -----    ------- ------ -----   ---- --  -------- -----------

   [No hits detected that satisfy reporting thresholds]


Domain annotation for each sequence (and alignments):

   [No targets detected that satisfy reporting thresholds]


Internal pipeline statistics summary:
-------------------------------------
Query model(s):                            1  (700 nodes)
Target sequences:                       1335  (419651 residues searched)
Passed MSV filter:                        81  (0.0606742); expected 26.7 (0.02)
Passed bias filter:                       49  (0.0367041); expected 26.7 (0.02)
Passed Vit filter:                         4  (0.00299625); expected 1.3 (0.001)
Passed Fwd filter:                         0  (0); expected 0.0 (1e-05)
Initial search space (Z):               1335  [actual number of targets]
Domain search space  (domZ):               0  [number of targets reported over threshold]
# CPU time: 0.02u 0.00s 00:00:00.02 Elapsed: 00:00:00.01
# Mc/sec: 18969.23
//
Query:       pchlide-04012025  [M=508]
Scores for complete sequences (score includes all domains):
   --- full sequence ---   --- best 1 domain ---    -#dom-
    E-value  score  bias    E-value  score  bias    exp  N  Sequence Description
    ------- ------ -----    ------- ------ -----   ---- --  -------- -----------

   [No hits detected that satisfy reporting thresholds]


Domain annotation for each sequence (and alignments):

   [No targets detected that satisfy reporting thresholds]


Internal pipeline statistics summary:
-------------------------------------
Query model(s):                            1  (508 nodes)
Target sequences:                       1335  (419651 residues searched)
Passed MSV filter:                        58  (0.0434457); expected 26.7 (0.02)
Passed bias filter:                       36  (0.0269663); expected 26.7 (0.02)
Passed Vit filter:                         2  (0.00149813); expected 1.3 (0.001)
Passed Fwd filter:                         0  (0); expected 0.0 (1e-05)
Initial search space (Z):               1335  [actual number of targets]
Domain search space  (domZ):               0  [number of targets reported over threshold]
# CPU time: 0.02u 0.00s 00:00:00.02 Elapsed: 00:00:00.00
# Mc/sec: 21684.79
//
[ok]
# hmmsearch :: search profile(s) against a sequence database
# HMMER 3.4 (Aug 2023); http://hmmer.org/
# Copyright (C) 2023 Howard Hughes Medical Institute.
# Freely distributed under the BSD open source license.
# - - - - - - - - - - - - - - - - - - - - - - - - - - - - - - - - - - - -
# query HMM file:                  ../HMMs/nifV_07242025.hmm
# target sequence database:        ../all_rep_proteins_aa/bacteria/GB_GCA_944350385.1_protein.faa
# - - - - - - - - - - - - - - - - - - - - - - - - - - - - - - - - - - - -

Query:       nifV-07242025  [M=437]
Scores for complete sequences (score includes all domains):
   --- full sequence ---   --- best 1 domain ---    -#dom-
    E-value  score  bias    E-value  score  bias    exp  N  Sequence Description
    ------- ------ -----    ------- ------ -----   ---- --  -------- -----------

   [No hits detected that satisfy reporting thresholds]


Domain annotation for each sequence (and alignments):

   [No targets detected that satisfy reporting thresholds]


Internal pipeline statistics summary:
-------------------------------------
Query model(s):                            1  (437 nodes)
Target sequences:                       1335  (419651 residues searched)
Passed MSV filter:                        40  (0.0299625); expected 26.7 (0.02)
Passed bias filter:                       32  (0.02397); expected 26.7 (0.02)
Passed Vit filter:                         0  (0); expected 1.3 (0.001)
Passed Fwd filter:                         0  (0); expected 0.0 (1e-05)
Initial search space (Z):               1335  [actual number of targets]
Domain search space  (domZ):               0  [number of targets reported over threshold]
# CPU time: 0.01u 0.00s 00:00:00.01 Elapsed: 00:00:00.00
# Mc/sec: 24501.13
//
[ok]
