# hmmsearch :: search profile(s) against a sequence database
# HMMER 3.4 (Aug 2023); http://hmmer.org/
# Copyright (C) 2023 Howard Hughes Medical Institute.
# Freely distributed under the BSD open source license.
# - - - - - - - - - - - - - - - - - - - - - - - - - - - - - - - - - - - -
# query HMM file:                  ../HMMs/combined_nif_04012025.hmm
# target sequence database:        ../all_rep_proteins_aa/bacteria/GB_GCA_022428285.1_protein.faa
# - - - - - - - - - - - - - - - - - - - - - - - - - - - - - - - - - - - -

Query:       nifH-03292025  [M=327]
Scores for complete sequences (score includes all domains):
   --- full sequence ---   --- best 1 domain ---    -#dom-
    E-value  score  bias    E-value  score  bias    exp  N  Sequence             Description
    ------- ------ -----    ------- ------ -----   ---- --  --------             -----------
    1.2e-09   34.8   0.8    3.3e-05   20.3   0.3    2.1  2  JAKMCX010000093.1_4   # 2039 # 2893 # -1 # ID=210_4;partial=0
    5.4e-07   26.1   0.1      1e-06   25.2   0.1    1.4  1  JAKMCX010000182.1_40  # 47746 # 48864 # 1 # ID=119_40;partial


Domain annotation for each sequence (and alignments):
>> JAKMCX010000093.1_4  # 2039 # 2893 # -1 # ID=210_4;partial=00;start_type=ATG;rbs_motif=None;rbs_spacer=None;gc_cont=0
   #    score  bias  c-Evalue  i-Evalue hmmfrom  hmm to    alifrom  ali to    envfrom  env to     acc
 ---   ------ ----- --------- --------- ------- -------    ------- -------    ------- -------    ----
   1 !   20.3   0.3   2.9e-08   3.3e-05      17      53 ..      11      47 ..       2      56 .. 0.91
   2 !   13.0   0.0   4.7e-06    0.0054     149     259 ..     141     256 ..     138     274 .. 0.80

  Alignments for each domain:
  == domain 1  score: 20.3 bits;  conditional E-value: 2.9e-08
        nifH-03292025 17 KGGiGKSttasnlsaalaeegkkvlivGCdPKaDstr 53
                         KGG+GK tta nl a l   ++k l v  dP a s++
  JAKMCX010000093.1_4 11 KGGVGKTTTAINLGASLGALEYKTLLVDADPQANSSS 47
                         9********************************9975 PP

  == domain 2  score: 13.0 bits;  conditional E-value: 4.7e-06
        nifH-03292025 149 adevyivtsgemmalYaanniakgikkyaee..ggvrlgGlicNsrkv..dkeeelveefaeklgtqiiaf.vprsnevqkaelekktvi 233
                          ad+v+i + +e+ al     +++++k ++    ++ ++ G++  + ++  +  +++vee+  +++  ++ + ++r++ + +a  +++t++
  JAKMCX010000093.1_4 141 ADSVVIPVQCEYFALEGLGKLLNTVKIVQGGlnENLNIEGILLTMYDTrlRLSNQVVEEVRMHFREMVFDTlIHRNTRLGEAPSHGETIV 230
                          788888889999999999999998888876544778888998877655115678999999999988888653789999************ PP

        nifH-03292025 234 eaapdseqakeyreLakkilenkklv 259
                           ++ +++ a +y +La++il++++l+
  JAKMCX010000093.1_4 231 MHDASCKGAINYLNLAREILQKNDLT 256
                          *******************9877544 PP

>> JAKMCX010000182.1_40  # 47746 # 48864 # 1 # ID=119_40;partial=00;start_type=ATG;rbs_motif=None;rbs_spacer=None;gc_con
   #    score  bias  c-Evalue  i-Evalue hmmfrom  hmm to    alifrom  ali to    envfrom  env to     acc
 ---   ------ ----- --------- --------- ------- -------    ------- -------    ------- -------    ----
   1 !   25.2   0.1   8.8e-10     1e-06      15      44 ..     114     143 ..     101     174 .. 0.84

  Alignments for each domain:
  == domain 1  score: 25.2 bits;  conditional E-value: 8.8e-10
         nifH-03292025  15 YGKGGiGKSttasnlsaalaeegkkvlivG 44 
                            GKGG+GKSt+++n+++ la++g+kv  v 
  JAKMCX010000182.1_40 114 SGKGGVGKSTVTANIAVELARRGHKVGLVD 143
                           4************************97665 PP



Internal pipeline statistics summary:
-------------------------------------
Query model(s):                            1  (327 nodes)
Target sequences:                       2316  (855409 residues searched)
Passed MSV filter:                        73  (0.0315199); expected 46.3 (0.02)
Passed bias filter:                       66  (0.0284974); expected 46.3 (0.02)
Passed Vit filter:                        11  (0.00474957); expected 2.3 (0.001)
Passed Fwd filter:                         2  (0.000863558); expected 0.0 (1e-05)
Initial search space (Z):               2316  [actual number of targets]
Domain search space  (domZ):               2  [number of targets reported over threshold]
# CPU time: 0.02u 0.00s 00:00:00.02 Elapsed: 00:00:00.02
# Mc/sec: 12678.46
//
Query:       nifD-03292025  [M=482]
Scores for complete sequences (score includes all domains):
   --- full sequence ---   --- best 1 domain ---    -#dom-
    E-value  score  bias    E-value  score  bias    exp  N  Sequence Description
    ------- ------ -----    ------- ------ -----   ---- --  -------- -----------

   [No hits detected that satisfy reporting thresholds]


Domain annotation for each sequence (and alignments):

   [No targets detected that satisfy reporting thresholds]


Internal pipeline statistics summary:
-------------------------------------
Query model(s):                            1  (482 nodes)
Target sequences:                       2316  (855409 residues searched)
Passed MSV filter:                        77  (0.033247); expected 46.3 (0.02)
Passed bias filter:                       65  (0.0280656); expected 46.3 (0.02)
Passed Vit filter:                         7  (0.00302245); expected 2.3 (0.001)
Passed Fwd filter:                         0  (0); expected 0.0 (1e-05)
Initial search space (Z):               2316  [actual number of targets]
Domain search space  (domZ):               0  [number of targets reported over threshold]
# CPU time: 0.03u 0.00s 00:00:00.03 Elapsed: 00:00:00.02
# Mc/sec: 18972.61
//
Query:       nifK-03292025  [M=490]
Scores for complete sequences (score includes all domains):
   --- full sequence ---   --- best 1 domain ---    -#dom-
    E-value  score  bias    E-value  score  bias    exp  N  Sequence Description
    ------- ------ -----    ------- ------ -----   ---- --  -------- -----------

   [No hits detected that satisfy reporting thresholds]


Domain annotation for each sequence (and alignments):

   [No targets detected that satisfy reporting thresholds]


Internal pipeline statistics summary:
-------------------------------------
Query model(s):                            1  (490 nodes)
Target sequences:                       2316  (855409 residues searched)
Passed MSV filter:                        47  (0.0202936); expected 46.3 (0.02)
Passed bias filter:                       46  (0.0198618); expected 46.3 (0.02)
Passed Vit filter:                         4  (0.00172712); expected 2.3 (0.001)
Passed Fwd filter:                         0  (0); expected 0.0 (1e-05)
Initial search space (Z):               2316  [actual number of targets]
Domain search space  (domZ):               0  [number of targets reported over threshold]
# CPU time: 0.02u 0.00s 00:00:00.02 Elapsed: 00:00:00.01
# Mc/sec: 33840.49
//
Query:       nifB-03292025  [M=505]
Scores for complete sequences (score includes all domains):
   --- full sequence ---   --- best 1 domain ---    -#dom-
    E-value  score  bias    E-value  score  bias    exp  N  Sequence Description
    ------- ------ -----    ------- ------ -----   ---- --  -------- -----------

   [No hits detected that satisfy reporting thresholds]


Domain annotation for each sequence (and alignments):

   [No targets detected that satisfy reporting thresholds]


Internal pipeline statistics summary:
-------------------------------------
Query model(s):                            1  (505 nodes)
Target sequences:                       2316  (855409 residues searched)
Passed MSV filter:                        53  (0.0228843); expected 46.3 (0.02)
Passed bias filter:                       38  (0.0164076); expected 46.3 (0.02)
Passed Vit filter:                         3  (0.00129534); expected 2.3 (0.001)
Passed Fwd filter:                         0  (0); expected 0.0 (1e-05)
Initial search space (Z):               2316  [actual number of targets]
Domain search space  (domZ):               0  [number of targets reported over threshold]
# CPU time: 0.02u 0.00s 00:00:00.02 Elapsed: 00:00:00.01
# Mc/sec: 37117.98
//
Query:       nifE-03292025  [M=556]
Scores for complete sequences (score includes all domains):
   --- full sequence ---   --- best 1 domain ---    -#dom-
    E-value  score  bias    E-value  score  bias    exp  N  Sequence            Description
    ------- ------ -----    ------- ------ -----   ---- --  --------            -----------
  ------ inclusion threshold ------
      0.019   10.4   0.0       0.26    6.7   0.0    2.0  2  JAKMCX010000111.1_5  # 2080 # 2856 # 1 # ID=24_5;partial=00;s


Domain annotation for each sequence (and alignments):
>> JAKMCX010000111.1_5  # 2080 # 2856 # 1 # ID=24_5;partial=00;start_type=ATG;rbs_motif=None;rbs_spacer=None;gc_cont=0.6
   #    score  bias  c-Evalue  i-Evalue hmmfrom  hmm to    alifrom  ali to    envfrom  env to     acc
 ---   ------ ----- --------- --------- ------- -------    ------- -------    ------- -------    ----
   1 ?    6.7   0.0   0.00011      0.26     341     377 ..       2      39 ..       1     111 [. 0.75
   2 ?    2.0   0.0     0.003       6.9     236     268 ..     165     200 ..     134     210 .. 0.82

  Alignments for each domain:
  == domain 1  score: 6.7 bits;  conditional E-value: 0.00011
        nifE-03292025 341 rkrLkGkkallytggv.kawslvsalrelGmevvatgt 377
                          r  LkGk+al+   ++   w+ ++ l+elG +   +  
  JAKMCX010000111.1_5   2 RLDLKGKRALVCGASQgIGWAAANELAELGAQCTLMAR 39 
                          678*********99988*************99766543 PP

  == domain 2  score: 2.0 bits;  conditional E-value: 0.003
        nifE-03292025 236 kplleel...GirvlaiitgdarveeiarahrAkln 268
                          k l +el   Gi v+++++g  r +++ ++ +Ak++
  JAKMCX010000111.1_5 165 KTLANELgpdGITVNNVLPGATRTARLDQIAEAKAS 200
                          55556663337**********************985 PP



Internal pipeline statistics summary:
-------------------------------------
Query model(s):                            1  (556 nodes)
Target sequences:                       2316  (855409 residues searched)
Passed MSV filter:                        63  (0.0272021); expected 46.3 (0.02)
Passed bias filter:                       56  (0.0241796); expected 46.3 (0.02)
Passed Vit filter:                         5  (0.00215889); expected 2.3 (0.001)
Passed Fwd filter:                         1  (0.000431779); expected 0.0 (1e-05)
Initial search space (Z):               2316  [actual number of targets]
Domain search space  (domZ):               1  [number of targets reported over threshold]
# CPU time: 0.03u 0.00s 00:00:00.03 Elapsed: 00:00:00.01
# Mc/sec: 25939.99
//
Query:       nifN-03292025  [M=700]
Scores for complete sequences (score includes all domains):
   --- full sequence ---   --- best 1 domain ---    -#dom-
    E-value  score  bias    E-value  score  bias    exp  N  Sequence Description
    ------- ------ -----    ------- ------ -----   ---- --  -------- -----------

   [No hits detected that satisfy reporting thresholds]


Domain annotation for each sequence (and alignments):

   [No targets detected that satisfy reporting thresholds]


Internal pipeline statistics summary:
-------------------------------------
Query model(s):                            1  (700 nodes)
Target sequences:                       2316  (855409 residues searched)
Passed MSV filter:                        85  (0.0367012); expected 46.3 (0.02)
Passed bias filter:                       74  (0.0319516); expected 46.3 (0.02)
Passed Vit filter:                         7  (0.00302245); expected 2.3 (0.001)
Passed Fwd filter:                         0  (0); expected 0.0 (1e-05)
Initial search space (Z):               2316  [actual number of targets]
Domain search space  (domZ):               0  [number of targets reported over threshold]
# CPU time: 0.03u 0.00s 00:00:00.03 Elapsed: 00:00:00.01
# Mc/sec: 33393.11
//
Query:       pchlide-04012025  [M=508]
Scores for complete sequences (score includes all domains):
   --- full sequence ---   --- best 1 domain ---    -#dom-
    E-value  score  bias    E-value  score  bias    exp  N  Sequence Description
    ------- ------ -----    ------- ------ -----   ---- --  -------- -----------

   [No hits detected that satisfy reporting thresholds]


Domain annotation for each sequence (and alignments):

   [No targets detected that satisfy reporting thresholds]


Internal pipeline statistics summary:
-------------------------------------
Query model(s):                            1  (508 nodes)
Target sequences:                       2316  (855409 residues searched)
Passed MSV filter:                        64  (0.0276339); expected 46.3 (0.02)
Passed bias filter:                       61  (0.0263385); expected 46.3 (0.02)
Passed Vit filter:                         6  (0.00259067); expected 2.3 (0.001)
Passed Fwd filter:                         0  (0); expected 0.0 (1e-05)
Initial search space (Z):               2316  [actual number of targets]
Domain search space  (domZ):               0  [number of targets reported over threshold]
# CPU time: 0.02u 0.00s 00:00:00.02 Elapsed: 00:00:00.01
# Mc/sec: 22828.79
//
[ok]
# hmmsearch :: search profile(s) against a sequence database
# HMMER 3.4 (Aug 2023); http://hmmer.org/
# Copyright (C) 2023 Howard Hughes Medical Institute.
# Freely distributed under the BSD open source license.
# - - - - - - - - - - - - - - - - - - - - - - - - - - - - - - - - - - - -
# query HMM file:                  ../HMMs/nifV_07242025.hmm
# target sequence database:        ../all_rep_proteins_aa/bacteria/GB_GCA_022428285.1_protein.faa
# - - - - - - - - - - - - - - - - - - - - - - - - - - - - - - - - - - - -

Query:       nifV-07242025  [M=437]
Scores for complete sequences (score includes all domains):
   --- full sequence ---   --- best 1 domain ---    -#dom-
    E-value  score  bias    E-value  score  bias    exp  N  Sequence Description
    ------- ------ -----    ------- ------ -----   ---- --  -------- -----------

   [No hits detected that satisfy reporting thresholds]


Domain annotation for each sequence (and alignments):

   [No targets detected that satisfy reporting thresholds]


Internal pipeline statistics summary:
-------------------------------------
Query model(s):                            1  (437 nodes)
Target sequences:                       2316  (855409 residues searched)
Passed MSV filter:                        78  (0.0336788); expected 46.3 (0.02)
Passed bias filter:                       59  (0.025475); expected 46.3 (0.02)
Passed Vit filter:                         2  (0.000863558); expected 2.3 (0.001)
Passed Fwd filter:                         0  (0); expected 0.0 (1e-05)
Initial search space (Z):               2316  [actual number of targets]
Domain search space  (domZ):               0  [number of targets reported over threshold]
# CPU time: 0.02u 0.00s 00:00:00.02 Elapsed: 00:00:00.01
# Mc/sec: 31028.75
//
[ok]
