# hmmsearch :: search profile(s) against a sequence database
# HMMER 3.4 (Aug 2023); http://hmmer.org/
# Copyright (C) 2023 Howard Hughes Medical Institute.
# Freely distributed under the BSD open source license.
# - - - - - - - - - - - - - - - - - - - - - - - - - - - - - - - - - - - -
# query HMM file:                  ../HMMs/combined_nif_04012025.hmm
# target sequence database:        ../all_rep_proteins_aa/bacteria/GB_GCA_947165335.1_protein.faa
# - - - - - - - - - - - - - - - - - - - - - - - - - - - - - - - - - - - -

Query:       nifH-03292025  [M=327]
Scores for complete sequences (score includes all domains):
   --- full sequence ---   --- best 1 domain ---    -#dom-
    E-value  score  bias    E-value  score  bias    exp  N  Sequence            Description
    ------- ------ -----    ------- ------ -----   ---- --  --------            -----------
    2.2e-08   29.3   0.2    5.4e-05   18.2   0.2    2.1  2  CAMVAB010000039.1_2  # 708 # 1481 # 1 # ID=39_2;partial=00;st


Domain annotation for each sequence (and alignments):
>> CAMVAB010000039.1_2  # 708 # 1481 # 1 # ID=39_2;partial=00;start_type=ATG;rbs_motif=AGGA;rbs_spacer=5-10bp;gc_cont=0.
   #    score  bias  c-Evalue  i-Evalue hmmfrom  hmm to    alifrom  ali to    envfrom  env to     acc
 ---   ------ ----- --------- --------- ------- -------    ------- -------    ------- -------    ----
   1 !   18.2   0.2   6.1e-08   5.4e-05      17      45 ..      11      39 ..       2      73 .. 0.91
   2 !    9.3   0.0   3.1e-05     0.028     150     255 ..     142     252 ..     137     257 .. 0.80

  Alignments for each domain:
  == domain 1  score: 18.2 bits;  conditional E-value: 6.1e-08
        nifH-03292025 17 KGGiGKSttasnlsaalaeegkkvlivGC 45
                         KGG+GK tta n++a la   k+vl +  
  CAMVAB010000039.1_2 11 KGGVGKTTTAINIAASLAAIKKRVLLIDL 39
                         9************************9865 PP

  == domain 2  score: 9.3 bits;  conditional E-value: 3.1e-05
        nifH-03292025 150 devyivtsgemmalYaanniakgikkyaee..ggvrlgGlicNsrkvd..keeelveefaeklgtqiiaf.vprsnevqkaelekktvie 234
                          d v+i   +e+ al  +  ++ +ik ++++  ++  + G++  + +++    + + e++ +++g +++++ vpr+  v++a  ++k  + 
  CAMVAB010000039.1_2 142 DYVIIPLQCEFFALEGVQHLLSTIKAIQQKwnSKLDILGMVLTMYDKKlgLTRAVEEDVRNTFGDKVFKTvVPRNVRVSEAPSHGKPALF 231
                          6677778899999999999999999999985456666788877655441145556667788889999876379***************** PP

        nifH-03292025 235 aapdseqakeyreLakkilen 255
                          ++ +s  a++y ++a+++ + 
  CAMVAB010000039.1_2 232 YDFKSMGAQAYLRVATEVVNA 252
                          ****************99875 PP



Internal pipeline statistics summary:
-------------------------------------
Query model(s):                            1  (327 nodes)
Target sequences:                        888  (262063 residues searched)
Passed MSV filter:                        59  (0.0664414); expected 17.8 (0.02)
Passed bias filter:                       33  (0.0371622); expected 17.8 (0.02)
Passed Vit filter:                         4  (0.0045045); expected 0.9 (0.001)
Passed Fwd filter:                         1  (0.00112613); expected 0.0 (1e-05)
Initial search space (Z):                888  [actual number of targets]
Domain search space  (domZ):               1  [number of targets reported over threshold]
# CPU time: 0.01u 0.00s 00:00:00.01 Elapsed: 00:00:00.00
# Mc/sec: 8612.33
//
Query:       nifD-03292025  [M=482]
Scores for complete sequences (score includes all domains):
   --- full sequence ---   --- best 1 domain ---    -#dom-
    E-value  score  bias    E-value  score  bias    exp  N  Sequence Description
    ------- ------ -----    ------- ------ -----   ---- --  -------- -----------

   [No hits detected that satisfy reporting thresholds]


Domain annotation for each sequence (and alignments):

   [No targets detected that satisfy reporting thresholds]


Internal pipeline statistics summary:
-------------------------------------
Query model(s):                            1  (482 nodes)
Target sequences:                        888  (262063 residues searched)
Passed MSV filter:                        50  (0.0563063); expected 17.8 (0.02)
Passed bias filter:                       26  (0.0292793); expected 17.8 (0.02)
Passed Vit filter:                         1  (0.00112613); expected 0.9 (0.001)
Passed Fwd filter:                         0  (0); expected 0.0 (1e-05)
Initial search space (Z):                888  [actual number of targets]
Domain search space  (domZ):               0  [number of targets reported over threshold]
# CPU time: 0.01u 0.00s 00:00:00.01 Elapsed: 00:00:00.00
# Mc/sec: 14252.04
//
Query:       nifK-03292025  [M=490]
Scores for complete sequences (score includes all domains):
   --- full sequence ---   --- best 1 domain ---    -#dom-
    E-value  score  bias    E-value  score  bias    exp  N  Sequence Description
    ------- ------ -----    ------- ------ -----   ---- --  -------- -----------

   [No hits detected that satisfy reporting thresholds]


Domain annotation for each sequence (and alignments):

   [No targets detected that satisfy reporting thresholds]


Internal pipeline statistics summary:
-------------------------------------
Query model(s):                            1  (490 nodes)
Target sequences:                        888  (262063 residues searched)
Passed MSV filter:                        27  (0.0304054); expected 17.8 (0.02)
Passed bias filter:                       13  (0.0146396); expected 17.8 (0.02)
Passed Vit filter:                         0  (0); expected 0.9 (0.001)
Passed Fwd filter:                         0  (0); expected 0.0 (1e-05)
Initial search space (Z):                888  [actual number of targets]
Domain search space  (domZ):               0  [number of targets reported over threshold]
# CPU time: 0.00u 0.00s 00:00:00.00 Elapsed: 00:00:00.00
# Mc/sec: 17959.48
//
Query:       nifB-03292025  [M=505]
Scores for complete sequences (score includes all domains):
   --- full sequence ---   --- best 1 domain ---    -#dom-
    E-value  score  bias    E-value  score  bias    exp  N  Sequence Description
    ------- ------ -----    ------- ------ -----   ---- --  -------- -----------

   [No hits detected that satisfy reporting thresholds]


Domain annotation for each sequence (and alignments):

   [No targets detected that satisfy reporting thresholds]


Internal pipeline statistics summary:
-------------------------------------
Query model(s):                            1  (505 nodes)
Target sequences:                        888  (262063 residues searched)
Passed MSV filter:                        39  (0.0439189); expected 17.8 (0.02)
Passed bias filter:                       18  (0.0202703); expected 17.8 (0.02)
Passed Vit filter:                         2  (0.00225225); expected 0.9 (0.001)
Passed Fwd filter:                         0  (0); expected 0.0 (1e-05)
Initial search space (Z):                888  [actual number of targets]
Domain search space  (domZ):               0  [number of targets reported over threshold]
# CPU time: 0.00u 0.00s 00:00:00.00 Elapsed: 00:00:00.00
# Mc/sec: 17269.40
//
Query:       nifE-03292025  [M=556]
Scores for complete sequences (score includes all domains):
   --- full sequence ---   --- best 1 domain ---    -#dom-
    E-value  score  bias    E-value  score  bias    exp  N  Sequence Description
    ------- ------ -----    ------- ------ -----   ---- --  -------- -----------

   [No hits detected that satisfy reporting thresholds]


Domain annotation for each sequence (and alignments):

   [No targets detected that satisfy reporting thresholds]


Internal pipeline statistics summary:
-------------------------------------
Query model(s):                            1  (556 nodes)
Target sequences:                        888  (262063 residues searched)
Passed MSV filter:                        48  (0.0540541); expected 17.8 (0.02)
Passed bias filter:                       22  (0.0247748); expected 17.8 (0.02)
Passed Vit filter:                         2  (0.00225225); expected 0.9 (0.001)
Passed Fwd filter:                         0  (0); expected 0.0 (1e-05)
Initial search space (Z):                888  [actual number of targets]
Domain search space  (domZ):               0  [number of targets reported over threshold]
# CPU time: 0.01u 0.00s 00:00:00.01 Elapsed: 00:00:00.00
# Mc/sec: 14645.87
//
Query:       nifN-03292025  [M=700]
Scores for complete sequences (score includes all domains):
   --- full sequence ---   --- best 1 domain ---    -#dom-
    E-value  score  bias    E-value  score  bias    exp  N  Sequence Description
    ------- ------ -----    ------- ------ -----   ---- --  -------- -----------

   [No hits detected that satisfy reporting thresholds]


Domain annotation for each sequence (and alignments):

   [No targets detected that satisfy reporting thresholds]


Internal pipeline statistics summary:
-------------------------------------
Query model(s):                            1  (700 nodes)
Target sequences:                        888  (262063 residues searched)
Passed MSV filter:                        48  (0.0540541); expected 17.8 (0.02)
Passed bias filter:                       30  (0.0337838); expected 17.8 (0.02)
Passed Vit filter:                         1  (0.00112613); expected 0.9 (0.001)
Passed Fwd filter:                         0  (0); expected 0.0 (1e-05)
Initial search space (Z):                888  [actual number of targets]
Domain search space  (domZ):               0  [number of targets reported over threshold]
# CPU time: 0.01u 0.00s 00:00:00.01 Elapsed: 00:00:00.01
# Mc/sec: 15816.96
//
Query:       pchlide-04012025  [M=508]
Scores for complete sequences (score includes all domains):
   --- full sequence ---   --- best 1 domain ---    -#dom-
    E-value  score  bias    E-value  score  bias    exp  N  Sequence Description
    ------- ------ -----    ------- ------ -----   ---- --  -------- -----------

   [No hits detected that satisfy reporting thresholds]


Domain annotation for each sequence (and alignments):

   [No targets detected that satisfy reporting thresholds]


Internal pipeline statistics summary:
-------------------------------------
Query model(s):                            1  (508 nodes)
Target sequences:                        888  (262063 residues searched)
Passed MSV filter:                        31  (0.0349099); expected 17.8 (0.02)
Passed bias filter:                       22  (0.0247748); expected 17.8 (0.02)
Passed Vit filter:                         4  (0.0045045); expected 0.9 (0.001)
Passed Fwd filter:                         0  (0); expected 0.0 (1e-05)
Initial search space (Z):                888  [actual number of targets]
Domain search space  (domZ):               0  [number of targets reported over threshold]
# CPU time: 0.01u 0.00s 00:00:00.01 Elapsed: 00:00:00.00
# Mc/sec: 14447.47
//
[ok]
# hmmsearch :: search profile(s) against a sequence database
# HMMER 3.4 (Aug 2023); http://hmmer.org/
# Copyright (C) 2023 Howard Hughes Medical Institute.
# Freely distributed under the BSD open source license.
# - - - - - - - - - - - - - - - - - - - - - - - - - - - - - - - - - - - -
# query HMM file:                  ../HMMs/nifV_07242025.hmm
# target sequence database:        ../all_rep_proteins_aa/bacteria/GB_GCA_947165335.1_protein.faa
# - - - - - - - - - - - - - - - - - - - - - - - - - - - - - - - - - - - -

Query:       nifV-07242025  [M=437]
Scores for complete sequences (score includes all domains):
   --- full sequence ---   --- best 1 domain ---    -#dom-
    E-value  score  bias    E-value  score  bias    exp  N  Sequence Description
    ------- ------ -----    ------- ------ -----   ---- --  -------- -----------

   [No hits detected that satisfy reporting thresholds]


Domain annotation for each sequence (and alignments):

   [No targets detected that satisfy reporting thresholds]


Internal pipeline statistics summary:
-------------------------------------
Query model(s):                            1  (437 nodes)
Target sequences:                        888  (262063 residues searched)
Passed MSV filter:                        35  (0.0394144); expected 17.8 (0.02)
Passed bias filter:                       25  (0.0281532); expected 17.8 (0.02)
Passed Vit filter:                         3  (0.00337838); expected 0.9 (0.001)
Passed Fwd filter:                         0  (0); expected 0.0 (1e-05)
Initial search space (Z):                888  [actual number of targets]
Domain search space  (domZ):               0  [number of targets reported over threshold]
# CPU time: 0.01u 0.00s 00:00:00.01 Elapsed: 00:00:00.00
# Mc/sec: 14957.56
//
[ok]
