# hmmsearch :: search profile(s) against a sequence database
# HMMER 3.4 (Aug 2023); http://hmmer.org/
# Copyright (C) 2023 Howard Hughes Medical Institute.
# Freely distributed under the BSD open source license.
# - - - - - - - - - - - - - - - - - - - - - - - - - - - - - - - - - - - -
# query HMM file:                  ../HMMs/combined_nif_04012025.hmm
# target sequence database:        ../all_rep_proteins_aa/bacteria/GB_GCA_016209005.1_protein.faa
# - - - - - - - - - - - - - - - - - - - - - - - - - - - - - - - - - - - -

Query:       nifH-03292025  [M=327]
Scores for complete sequences (score includes all domains):
   --- full sequence ---   --- best 1 domain ---    -#dom-
    E-value  score  bias    E-value  score  bias    exp  N  Sequence            Description
    ------- ------ -----    ------- ------ -----   ---- --  --------            -----------
    2.4e-13   45.5   0.1    9.4e-07   23.9   0.1    2.1  2  JACQWZ010000076.1_4  # 4662 # 5426 # 1 # ID=63_4;partial=00;s


Domain annotation for each sequence (and alignments):
>> JACQWZ010000076.1_4  # 4662 # 5426 # 1 # ID=63_4;partial=00;start_type=ATG;rbs_motif=None;rbs_spacer=None;gc_cont=0.3
   #    score  bias  c-Evalue  i-Evalue hmmfrom  hmm to    alifrom  ali to    envfrom  env to     acc
 ---   ------ ----- --------- --------- ------- -------    ------- -------    ------- -------    ----
   1 !   23.9   0.1   1.1e-09   9.4e-07      17      51 ..      11      45 ..       2      76 .. 0.83
   2 !   19.8   0.0   1.9e-08   1.6e-05     150     254 ..     142     251 ..     138     254 .. 0.73

  Alignments for each domain:
  == domain 1  score: 23.9 bits;  conditional E-value: 1.1e-09
        nifH-03292025 17 KGGiGKSttasnlsaalaeegkkvlivGCdPKaDs 51
                         KGG+GK tta nl a la++gk+vl +  dP   +
  JACQWZ010000076.1_4 11 KGGVGKTTTAVNLGAFLAQTGKSVLLIDFDPQGNA 45
                         9******************************8654 PP

  == domain 2  score: 19.8 bits;  conditional E-value: 1.9e-08
        nifH-03292025 150 devyivtsgemmalYaanniakgikkyaeeggvrl...gGlicNs.rkvdkeeelveefaeklgtqiiaf.vprsnevqkaelekktvie 234
                          d++ i + +e+ al     ++++i+ ++++ + +l   g +++   ++ +  e ++ e+ +++  +i+   +pr  ++ +a   ++t+++
  JACQWZ010000076.1_4 142 DKILIPIQAEYYALEGLGQLLNTINLVQKNLKPELeilGAVVTMYdKRNKLSEAVLMELYQHFPHKIFRSvIPRTVKLAEAPSFGQTILQ 231
                          77888888888888888888999988888855544111333332202233345566777788888887642699999999999******* PP

        nifH-03292025 235 aapdseqakeyreLakkile 254
                          ++p s+ ak+y++Lak+ile
  JACQWZ010000076.1_4 232 FDPISKGAKSYKKLAKEILE 251
                          ******************87 PP



Internal pipeline statistics summary:
-------------------------------------
Query model(s):                            1  (327 nodes)
Target sequences:                        818  (207209 residues searched)
Passed MSV filter:                        67  (0.0819071); expected 16.4 (0.02)
Passed bias filter:                       32  (0.0391198); expected 16.4 (0.02)
Passed Vit filter:                         5  (0.00611247); expected 0.8 (0.001)
Passed Fwd filter:                         1  (0.00122249); expected 0.0 (1e-05)
Initial search space (Z):                818  [actual number of targets]
Domain search space  (domZ):               1  [number of targets reported over threshold]
# CPU time: 0.01u 0.00s 00:00:00.01 Elapsed: 00:00:00.01
# Mc/sec: 3962.19
//
Query:       nifD-03292025  [M=482]
Scores for complete sequences (score includes all domains):
   --- full sequence ---   --- best 1 domain ---    -#dom-
    E-value  score  bias    E-value  score  bias    exp  N  Sequence Description
    ------- ------ -----    ------- ------ -----   ---- --  -------- -----------

   [No hits detected that satisfy reporting thresholds]


Domain annotation for each sequence (and alignments):

   [No targets detected that satisfy reporting thresholds]


Internal pipeline statistics summary:
-------------------------------------
Query model(s):                            1  (482 nodes)
Target sequences:                        818  (207209 residues searched)
Passed MSV filter:                        64  (0.0782396); expected 16.4 (0.02)
Passed bias filter:                       32  (0.0391198); expected 16.4 (0.02)
Passed Vit filter:                         7  (0.00855746); expected 0.8 (0.001)
Passed Fwd filter:                         0  (0); expected 0.0 (1e-05)
Initial search space (Z):                818  [actual number of targets]
Domain search space  (domZ):               0  [number of targets reported over threshold]
# CPU time: 0.01u 0.00s 00:00:00.01 Elapsed: 00:00:00.00
# Mc/sec: 10509.82
//
Query:       nifK-03292025  [M=490]
Scores for complete sequences (score includes all domains):
   --- full sequence ---   --- best 1 domain ---    -#dom-
    E-value  score  bias    E-value  score  bias    exp  N  Sequence Description
    ------- ------ -----    ------- ------ -----   ---- --  -------- -----------

   [No hits detected that satisfy reporting thresholds]


Domain annotation for each sequence (and alignments):

   [No targets detected that satisfy reporting thresholds]


Internal pipeline statistics summary:
-------------------------------------
Query model(s):                            1  (490 nodes)
Target sequences:                        818  (207209 residues searched)
Passed MSV filter:                        46  (0.0562347); expected 16.4 (0.02)
Passed bias filter:                       29  (0.0354523); expected 16.4 (0.02)
Passed Vit filter:                         4  (0.00488998); expected 0.8 (0.001)
Passed Fwd filter:                         0  (0); expected 0.0 (1e-05)
Initial search space (Z):                818  [actual number of targets]
Domain search space  (domZ):               0  [number of targets reported over threshold]
# CPU time: 0.00u 0.00s 00:00:00.00 Elapsed: 00:00:00.00
# Mc/sec: 12683.75
//
Query:       nifB-03292025  [M=505]
Scores for complete sequences (score includes all domains):
   --- full sequence ---   --- best 1 domain ---    -#dom-
    E-value  score  bias    E-value  score  bias    exp  N  Sequence Description
    ------- ------ -----    ------- ------ -----   ---- --  -------- -----------

   [No hits detected that satisfy reporting thresholds]


Domain annotation for each sequence (and alignments):

   [No targets detected that satisfy reporting thresholds]


Internal pipeline statistics summary:
-------------------------------------
Query model(s):                            1  (505 nodes)
Target sequences:                        818  (207209 residues searched)
Passed MSV filter:                        43  (0.0525672); expected 16.4 (0.02)
Passed bias filter:                       16  (0.0195599); expected 16.4 (0.02)
Passed Vit filter:                         1  (0.00122249); expected 0.8 (0.001)
Passed Fwd filter:                         0  (0); expected 0.0 (1e-05)
Initial search space (Z):                818  [actual number of targets]
Domain search space  (domZ):               0  [number of targets reported over threshold]
# CPU time: 0.01u 0.00s 00:00:00.01 Elapsed: 00:00:00.00
# Mc/sec: 14802.52
//
Query:       nifE-03292025  [M=556]
Scores for complete sequences (score includes all domains):
   --- full sequence ---   --- best 1 domain ---    -#dom-
    E-value  score  bias    E-value  score  bias    exp  N  Sequence Description
    ------- ------ -----    ------- ------ -----   ---- --  -------- -----------

   [No hits detected that satisfy reporting thresholds]


Domain annotation for each sequence (and alignments):

   [No targets detected that satisfy reporting thresholds]


Internal pipeline statistics summary:
-------------------------------------
Query model(s):                            1  (556 nodes)
Target sequences:                        818  (207209 residues searched)
Passed MSV filter:                        45  (0.0550122); expected 16.4 (0.02)
Passed bias filter:                       23  (0.0281174); expected 16.4 (0.02)
Passed Vit filter:                         1  (0.00122249); expected 0.8 (0.001)
Passed Fwd filter:                         0  (0); expected 0.0 (1e-05)
Initial search space (Z):                818  [actual number of targets]
Domain search space  (domZ):               0  [number of targets reported over threshold]
# CPU time: 0.01u 0.00s 00:00:00.01 Elapsed: 00:00:00.00
# Mc/sec: 14636.69
//
Query:       nifN-03292025  [M=700]
Scores for complete sequences (score includes all domains):
   --- full sequence ---   --- best 1 domain ---    -#dom-
    E-value  score  bias    E-value  score  bias    exp  N  Sequence Description
    ------- ------ -----    ------- ------ -----   ---- --  -------- -----------

   [No hits detected that satisfy reporting thresholds]


Domain annotation for each sequence (and alignments):

   [No targets detected that satisfy reporting thresholds]


Internal pipeline statistics summary:
-------------------------------------
Query model(s):                            1  (700 nodes)
Target sequences:                        818  (207209 residues searched)
Passed MSV filter:                        34  (0.0415648); expected 16.4 (0.02)
Passed bias filter:                       19  (0.0232274); expected 16.4 (0.02)
Passed Vit filter:                         4  (0.00488998); expected 0.8 (0.001)
Passed Fwd filter:                         0  (0); expected 0.0 (1e-05)
Initial search space (Z):                818  [actual number of targets]
Domain search space  (domZ):               0  [number of targets reported over threshold]
# CPU time: 0.02u 0.00s 00:00:00.02 Elapsed: 00:00:00.01
# Mc/sec: 12143.41
//
Query:       pchlide-04012025  [M=508]
Scores for complete sequences (score includes all domains):
   --- full sequence ---   --- best 1 domain ---    -#dom-
    E-value  score  bias    E-value  score  bias    exp  N  Sequence Description
    ------- ------ -----    ------- ------ -----   ---- --  -------- -----------

   [No hits detected that satisfy reporting thresholds]


Domain annotation for each sequence (and alignments):

   [No targets detected that satisfy reporting thresholds]


Internal pipeline statistics summary:
-------------------------------------
Query model(s):                            1  (508 nodes)
Target sequences:                        818  (207209 residues searched)
Passed MSV filter:                        29  (0.0354523); expected 16.4 (0.02)
Passed bias filter:                       20  (0.0244499); expected 16.4 (0.02)
Passed Vit filter:                         2  (0.00244499); expected 0.8 (0.001)
Passed Fwd filter:                         0  (0); expected 0.0 (1e-05)
Initial search space (Z):                818  [actual number of targets]
Domain search space  (domZ):               0  [number of targets reported over threshold]
# CPU time: 0.01u 0.00s 00:00:00.01 Elapsed: 00:00:00.00
# Mc/sec: 12528.81
//
[ok]
# hmmsearch :: search profile(s) against a sequence database
# HMMER 3.4 (Aug 2023); http://hmmer.org/
# Copyright (C) 2023 Howard Hughes Medical Institute.
# Freely distributed under the BSD open source license.
# - - - - - - - - - - - - - - - - - - - - - - - - - - - - - - - - - - - -
# query HMM file:                  ../HMMs/nifV_07242025.hmm
# target sequence database:        ../all_rep_proteins_aa/bacteria/GB_GCA_016209005.1_protein.faa
# - - - - - - - - - - - - - - - - - - - - - - - - - - - - - - - - - - - -

Query:       nifV-07242025  [M=437]
Scores for complete sequences (score includes all domains):
   --- full sequence ---   --- best 1 domain ---    -#dom-
    E-value  score  bias    E-value  score  bias    exp  N  Sequence Description
    ------- ------ -----    ------- ------ -----   ---- --  -------- -----------

   [No hits detected that satisfy reporting thresholds]


Domain annotation for each sequence (and alignments):

   [No targets detected that satisfy reporting thresholds]


Internal pipeline statistics summary:
-------------------------------------
Query model(s):                            1  (437 nodes)
Target sequences:                        818  (207209 residues searched)
Passed MSV filter:                        13  (0.0158924); expected 16.4 (0.02)
Passed bias filter:                        6  (0.00733496); expected 16.4 (0.02)
Passed Vit filter:                         0  (0); expected 0.8 (0.001)
Passed Fwd filter:                         0  (0); expected 0.0 (1e-05)
Initial search space (Z):                818  [actual number of targets]
Domain search space  (domZ):               0  [number of targets reported over threshold]
# CPU time: 0.00u 0.00s 00:00:00.00 Elapsed: 00:00:00.00
# Mc/sec: 17096.62
//
[ok]
