# hmmsearch :: search profile(s) against a sequence database
# HMMER 3.4 (Aug 2023); http://hmmer.org/
# Copyright (C) 2023 Howard Hughes Medical Institute.
# Freely distributed under the BSD open source license.
# - - - - - - - - - - - - - - - - - - - - - - - - - - - - - - - - - - - -
# query HMM file:                  ../HMMs/combined_nif_04012025.hmm
# target sequence database:        ../all_rep_proteins_aa/bacteria/GB_GCA_905479885.1_protein.faa
# - - - - - - - - - - - - - - - - - - - - - - - - - - - - - - - - - - - -

Query:       nifH-03292025  [M=327]
Scores for complete sequences (score includes all domains):
   --- full sequence ---   --- best 1 domain ---    -#dom-
    E-value  score  bias    E-value  score  bias    exp  N  Sequence            Description
    ------- ------ -----    ------- ------ -----   ---- --  --------            -----------
    7.5e-12   41.2   1.0      2e-05   20.1   0.1    2.1  2  CAJQOE010000015.1_5  # 4055 # 4837 # -1 # ID=15_5;partial=00;
    2.5e-05   19.7   1.1    3.2e-05   19.4   0.3    1.6  2  CAJQOE010000084.1_5  # 3936 # 4934 # 1 # ID=84_5;partial=00;s


Domain annotation for each sequence (and alignments):
>> CAJQOE010000015.1_5  # 4055 # 4837 # -1 # ID=15_5;partial=00;start_type=ATG;rbs_motif=3Base/5BMM;rbs_spacer=13-15bp;g
   #    score  bias  c-Evalue  i-Evalue hmmfrom  hmm to    alifrom  ali to    envfrom  env to     acc
 ---   ------ ----- --------- --------- ------- -------    ------- -------    ------- -------    ----
   1 !   20.1   0.1   3.2e-08     2e-05      17      53 ..      12      48 ..       2      64 .. 0.81
   2 !   19.9   0.1   3.7e-08   2.2e-05     150     258 ..     143     256 ..     140     260 .. 0.84

  Alignments for each domain:
  == domain 1  score: 20.1 bits;  conditional E-value: 3.2e-08
        nifH-03292025 17 KGGiGKSttasnlsaalaeegkkvlivGCdPKaDstr 53
                         KGG+GK tta nl++++a ++kkvl +  d    +++
  CAJQOE010000015.1_5 12 KGGVGKTTTAVNLATIFAVMDKKVLLIDLDSQGNTSS 48
                         9************************998776665555 PP

  == domain 2  score: 19.9 bits;  conditional E-value: 3.7e-08
        nifH-03292025 150 devyivtsgemmalYaanniakgikkyaee..ggvrlgGlicNsrkvd.keeelveefaeklgtqiiaf..vprsnevqkaelekktvie 234
                          +ev+i + +++ +l     ++k+i+ ++++   ++++gG++  + +++ + +e ve+ ++++  +++++  +pr+  v++a  ++k vi 
  CAJQOE010000015.1_5 143 NEVIIPMLCDFYSLEGLSHLLKTIEIVEKKlnPQIKVGGILFTMYDKRnRLTEQVEKDVRSCLGDMVYNvtIPRNVRVSEAPSHGKSVII 232
                          68889999999999999999***9999988657899****999876550557889999999888999752269999************** PP

        nifH-03292025 235 aapdseqakeyreLakkilenkkl 258
                          ++ +++   +y +Lak+i++++++
  CAJQOE010000015.1_5 233 YDHKCSGSLAYISLAKEIIAKEEH 256
                          ******************988765 PP

>> CAJQOE010000084.1_5  # 3936 # 4934 # 1 # ID=84_5;partial=00;start_type=ATG;rbs_motif=None;rbs_spacer=None;gc_cont=0.3
   #    score  bias  c-Evalue  i-Evalue hmmfrom  hmm to    alifrom  ali to    envfrom  env to     acc
 ---   ------ ----- --------- --------- ------- -------    ------- -------    ------- -------    ----
   1 !   19.4   0.3   5.3e-08   3.2e-05      16      43 ..     107     134 ..      87     148 .. 0.89
   2 ?   -3.6   0.0      0.53   3.2e+02     174     193 ..     252     270 ..     231     292 .. 0.60

  Alignments for each domain:
  == domain 1  score: 19.4 bits;  conditional E-value: 5.3e-08
        nifH-03292025  16 GKGGiGKSttasnlsaalaeegkkvliv 43 
                          GKGG+GKSt+++ l+  l++egkkv i+
  CAJQOE010000084.1_5 107 GKGGVGKSTISALLAHKLTTEGKKVGII 134
                          ************************9776 PP

  == domain 2  score: -3.6 bits;  conditional E-value: 0.53
        nifH-03292025 174 kkyaeeggvrlgGlicNsrk 193
                            y+ + ++ + G+i N+  
  CAJQOE010000084.1_5 252 GLYN-KFNIPIIGIIENMSY 270
                          4444.345566677777654 PP



Internal pipeline statistics summary:
-------------------------------------
Query model(s):                            1  (327 nodes)
Target sequences:                       1215  (357911 residues searched)
Passed MSV filter:                        84  (0.0691358); expected 24.3 (0.02)
Passed bias filter:                       54  (0.0444444); expected 24.3 (0.02)
Passed Vit filter:                         8  (0.00658436); expected 1.2 (0.001)
Passed Fwd filter:                         2  (0.00164609); expected 0.0 (1e-05)
Initial search space (Z):               1215  [actual number of targets]
Domain search space  (domZ):               2  [number of targets reported over threshold]
# CPU time: 0.02u 0.00s 00:00:00.02 Elapsed: 00:00:00.01
# Mc/sec: 6125.83
//
Query:       nifD-03292025  [M=482]
Scores for complete sequences (score includes all domains):
   --- full sequence ---   --- best 1 domain ---    -#dom-
    E-value  score  bias    E-value  score  bias    exp  N  Sequence Description
    ------- ------ -----    ------- ------ -----   ---- --  -------- -----------

   [No hits detected that satisfy reporting thresholds]


Domain annotation for each sequence (and alignments):

   [No targets detected that satisfy reporting thresholds]


Internal pipeline statistics summary:
-------------------------------------
Query model(s):                            1  (482 nodes)
Target sequences:                       1215  (357911 residues searched)
Passed MSV filter:                        65  (0.0534979); expected 24.3 (0.02)
Passed bias filter:                       38  (0.0312757); expected 24.3 (0.02)
Passed Vit filter:                         5  (0.00411523); expected 1.2 (0.001)
Passed Fwd filter:                         0  (0); expected 0.0 (1e-05)
Initial search space (Z):               1215  [actual number of targets]
Domain search space  (domZ):               0  [number of targets reported over threshold]
# CPU time: 0.02u 0.00s 00:00:00.02 Elapsed: 00:00:00.01
# Mc/sec: 11262.77
//
Query:       nifK-03292025  [M=490]
Scores for complete sequences (score includes all domains):
   --- full sequence ---   --- best 1 domain ---    -#dom-
    E-value  score  bias    E-value  score  bias    exp  N  Sequence Description
    ------- ------ -----    ------- ------ -----   ---- --  -------- -----------

   [No hits detected that satisfy reporting thresholds]


Domain annotation for each sequence (and alignments):

   [No targets detected that satisfy reporting thresholds]


Internal pipeline statistics summary:
-------------------------------------
Query model(s):                            1  (490 nodes)
Target sequences:                       1215  (357911 residues searched)
Passed MSV filter:                        27  (0.0222222); expected 24.3 (0.02)
Passed bias filter:                       14  (0.0115226); expected 24.3 (0.02)
Passed Vit filter:                         0  (0); expected 1.2 (0.001)
Passed Fwd filter:                         0  (0); expected 0.0 (1e-05)
Initial search space (Z):               1215  [actual number of targets]
Domain search space  (domZ):               0  [number of targets reported over threshold]
# CPU time: 0.01u 0.00s 00:00:00.01 Elapsed: 00:00:00.00
# Mc/sec: 19414.60
//
Query:       nifB-03292025  [M=505]
Scores for complete sequences (score includes all domains):
   --- full sequence ---   --- best 1 domain ---    -#dom-
    E-value  score  bias    E-value  score  bias    exp  N  Sequence Description
    ------- ------ -----    ------- ------ -----   ---- --  -------- -----------

   [No hits detected that satisfy reporting thresholds]


Domain annotation for each sequence (and alignments):

   [No targets detected that satisfy reporting thresholds]


Internal pipeline statistics summary:
-------------------------------------
Query model(s):                            1  (505 nodes)
Target sequences:                       1215  (357911 residues searched)
Passed MSV filter:                        45  (0.037037); expected 24.3 (0.02)
Passed bias filter:                       32  (0.0263374); expected 24.3 (0.02)
Passed Vit filter:                         4  (0.00329218); expected 1.2 (0.001)
Passed Fwd filter:                         0  (0); expected 0.0 (1e-05)
Initial search space (Z):               1215  [actual number of targets]
Domain search space  (domZ):               0  [number of targets reported over threshold]
# CPU time: 0.01u 0.00s 00:00:00.01 Elapsed: 00:00:00.01
# Mc/sec: 13704.16
//
Query:       nifE-03292025  [M=556]
Scores for complete sequences (score includes all domains):
   --- full sequence ---   --- best 1 domain ---    -#dom-
    E-value  score  bias    E-value  score  bias    exp  N  Sequence Description
    ------- ------ -----    ------- ------ -----   ---- --  -------- -----------

   [No hits detected that satisfy reporting thresholds]


Domain annotation for each sequence (and alignments):

   [No targets detected that satisfy reporting thresholds]


Internal pipeline statistics summary:
-------------------------------------
Query model(s):                            1  (556 nodes)
Target sequences:                       1215  (357911 residues searched)
Passed MSV filter:                        62  (0.0510288); expected 24.3 (0.02)
Passed bias filter:                       38  (0.0312757); expected 24.3 (0.02)
Passed Vit filter:                         2  (0.00164609); expected 1.2 (0.001)
Passed Fwd filter:                         0  (0); expected 0.0 (1e-05)
Initial search space (Z):               1215  [actual number of targets]
Domain search space  (domZ):               0  [number of targets reported over threshold]
# CPU time: 0.01u 0.00s 00:00:00.01 Elapsed: 00:00:00.01
# Mc/sec: 13638.13
//
Query:       nifN-03292025  [M=700]
Scores for complete sequences (score includes all domains):
   --- full sequence ---   --- best 1 domain ---    -#dom-
    E-value  score  bias    E-value  score  bias    exp  N  Sequence Description
    ------- ------ -----    ------- ------ -----   ---- --  -------- -----------

   [No hits detected that satisfy reporting thresholds]


Domain annotation for each sequence (and alignments):

   [No targets detected that satisfy reporting thresholds]


Internal pipeline statistics summary:
-------------------------------------
Query model(s):                            1  (700 nodes)
Target sequences:                       1215  (357911 residues searched)
Passed MSV filter:                        57  (0.0469136); expected 24.3 (0.02)
Passed bias filter:                       37  (0.0304527); expected 24.3 (0.02)
Passed Vit filter:                         4  (0.00329218); expected 1.2 (0.001)
Passed Fwd filter:                         0  (0); expected 0.0 (1e-05)
Initial search space (Z):               1215  [actual number of targets]
Domain search space  (domZ):               0  [number of targets reported over threshold]
# CPU time: 0.02u 0.00s 00:00:00.02 Elapsed: 00:00:00.01
# Mc/sec: 12737.70
//
Query:       pchlide-04012025  [M=508]
Scores for complete sequences (score includes all domains):
   --- full sequence ---   --- best 1 domain ---    -#dom-
    E-value  score  bias    E-value  score  bias    exp  N  Sequence Description
    ------- ------ -----    ------- ------ -----   ---- --  -------- -----------

   [No hits detected that satisfy reporting thresholds]


Domain annotation for each sequence (and alignments):

   [No targets detected that satisfy reporting thresholds]


Internal pipeline statistics summary:
-------------------------------------
Query model(s):                            1  (508 nodes)
Target sequences:                       1215  (357911 residues searched)
Passed MSV filter:                        43  (0.0353909); expected 24.3 (0.02)
Passed bias filter:                       29  (0.0238683); expected 24.3 (0.02)
Passed Vit filter:                         3  (0.00246914); expected 1.2 (0.001)
Passed Fwd filter:                         0  (0); expected 0.0 (1e-05)
Initial search space (Z):               1215  [actual number of targets]
Domain search space  (domZ):               0  [number of targets reported over threshold]
# CPU time: 0.01u 0.00s 00:00:00.01 Elapsed: 00:00:00.01
# Mc/sec: 14364.50
//
[ok]
# hmmsearch :: search profile(s) against a sequence database
# HMMER 3.4 (Aug 2023); http://hmmer.org/
# Copyright (C) 2023 Howard Hughes Medical Institute.
# Freely distributed under the BSD open source license.
# - - - - - - - - - - - - - - - - - - - - - - - - - - - - - - - - - - - -
# query HMM file:                  ../HMMs/nifV_07242025.hmm
# target sequence database:        ../all_rep_proteins_aa/bacteria/GB_GCA_905479885.1_protein.faa
# - - - - - - - - - - - - - - - - - - - - - - - - - - - - - - - - - - - -

Query:       nifV-07242025  [M=437]
Scores for complete sequences (score includes all domains):
   --- full sequence ---   --- best 1 domain ---    -#dom-
    E-value  score  bias    E-value  score  bias    exp  N  Sequence Description
    ------- ------ -----    ------- ------ -----   ---- --  -------- -----------

   [No hits detected that satisfy reporting thresholds]


Domain annotation for each sequence (and alignments):

   [No targets detected that satisfy reporting thresholds]


Internal pipeline statistics summary:
-------------------------------------
Query model(s):                            1  (437 nodes)
Target sequences:                       1215  (357911 residues searched)
Passed MSV filter:                        25  (0.0205761); expected 24.3 (0.02)
Passed bias filter:                       16  (0.0131687); expected 24.3 (0.02)
Passed Vit filter:                         1  (0.000823045); expected 1.2 (0.001)
Passed Fwd filter:                         0  (0); expected 0.0 (1e-05)
Initial search space (Z):               1215  [actual number of targets]
Domain search space  (domZ):               0  [number of targets reported over threshold]
# CPU time: 0.01u 0.00s 00:00:00.01 Elapsed: 00:00:00.00
# Mc/sec: 19211.95
//
[ok]
