# hmmsearch :: search profile(s) against a sequence database
# HMMER 3.4 (Aug 2023); http://hmmer.org/
# Copyright (C) 2023 Howard Hughes Medical Institute.
# Freely distributed under the BSD open source license.
# - - - - - - - - - - - - - - - - - - - - - - - - - - - - - - - - - - - -
# query HMM file:                  ../HMMs/combined_nif_04012025.hmm
# target sequence database:        ../all_rep_proteins_aa/bacteria/GB_GCA_903834765.1_protein.faa
# - - - - - - - - - - - - - - - - - - - - - - - - - - - - - - - - - - - -

Query:       nifH-03292025  [M=327]
Scores for complete sequences (score includes all domains):
   --- full sequence ---   --- best 1 domain ---    -#dom-
    E-value  score  bias    E-value  score  bias    exp  N  Sequence             Description
    ------- ------ -----    ------- ------ -----   ---- --  --------             -----------
    1.1e-10   38.7   2.1    4.2e-06   23.6   0.1    2.1  2  CAILKE010000055.1_17  # 22335 # 23168 # -1 # ID=55_17;partial
    2.6e-09   34.2   0.4    4.2e-07   26.9   0.2    2.3  2  CAILKE010000040.1_14  # 15841 # 16935 # 1 # ID=40_14;partial=


Domain annotation for each sequence (and alignments):
>> CAILKE010000055.1_17  # 22335 # 23168 # -1 # ID=55_17;partial=00;start_type=ATG;rbs_motif=AAAAAA;rbs_spacer=15bp;gc_c
   #    score  bias  c-Evalue  i-Evalue hmmfrom  hmm to    alifrom  ali to    envfrom  env to     acc
 ---   ------ ----- --------- --------- ------- -------    ------- -------    ------- -------    ----
   1 !   23.6   0.1   2.7e-09   4.2e-06      17      54 ..      11      48 ..       2      62 .. 0.91
   2 !   14.8   0.3   1.3e-06     0.002     148     257 ..     140     254 ..     131     274 .. 0.83

  Alignments for each domain:
  == domain 1  score: 23.6 bits;  conditional E-value: 2.7e-09
         nifH-03292025 17 KGGiGKSttasnlsaalaeegkkvlivGCdPKaDstrl 54
                          KGG+GK t a nl+a la  ++k l v  dP a st+ 
  CAILKE010000055.1_17 11 KGGVGKTTSAINLAASLAVLEYKTLLVDADPQANSTSG 48
                          9***********************************75 PP

  == domain 2  score: 14.8 bits;  conditional E-value: 1.3e-06
         nifH-03292025 148 kadevyivtsgemmalYaanniakgikkyaee..ggvrlgGlicNsrk..vdkeeelveefaeklgtqiiaf.vprsnevqkaelekkt 231
                            ad+v+i + +e+ al  +  ++++ik ++e+  ++  + G++  + +   +  +++vee+  +++  ++++ ++r+ ++ +a  ++kt
  CAILKE010000055.1_17 140 AADSVIIPVQCEYFALEGMGKLLQTIKLVQEHinTELDIEGVLLTMYDprLKLANQVVEEVKMHFQNMVFNTiIQRNVKLAEAPSHGKT 228
                           6899*************************9994455667899887765115678999999999999888876257888999******** PP

         nifH-03292025 232 vieaapdseqakeyreLakkilenkk 257
                           +i ++   +   +y +La++il+ + 
  CAILKE010000055.1_17 229 IIMHDAIGKGSVNYLNLAREILQRNG 254
                           *********************98764 PP

>> CAILKE010000040.1_14  # 15841 # 16935 # 1 # ID=40_14;partial=00;start_type=ATG;rbs_motif=TAAAAA;rbs_spacer=10bp;gc_co
   #    score  bias  c-Evalue  i-Evalue hmmfrom  hmm to    alifrom  ali to    envfrom  env to     acc
 ---   ------ ----- --------- --------- ------- -------    ------- -------    ------- -------    ----
   1 !   26.9   0.2   2.7e-10   4.2e-07      15      43 ..     105     133 ..      92     150 .. 0.85
   2 !    5.2   0.0    0.0011       1.7     200     256 ..     294     349 ..     254     362 .. 0.85

  Alignments for each domain:
  == domain 1  score: 26.9 bits;  conditional E-value: 2.7e-10
         nifH-03292025  15 YGKGGiGKSttasnlsaalaeegkkvliv 43 
                            GKGG+GKSt+++nl++ala++g kv  v
  CAILKE010000040.1_14 105 SGKGGVGKSTVSANLAVALAKQGAKVGLV 133
                           4************************9665 PP

  == domain 2  score: 5.2 bits;  conditional E-value: 0.0011
         nifH-03292025 200 lveefaeklgtqiiafvprsnevqkaelekktvieaapdseqakeyreLakkilenk 256
                             +++a++++  ++ ++p  + ++++   ++  i  +++++qa ++re+a++i+++ 
  CAILKE010000040.1_14 294 GAKNLAAEMNLPLLGQIPLVQSIRESGDAGRPAI-LQETTPQALAFREMAQNIAQQV 349
                           56899*******************9988888777.4567899***********9864 PP



Internal pipeline statistics summary:
-------------------------------------
Query model(s):                            1  (327 nodes)
Target sequences:                       3107  (1100383 residues searched)
Passed MSV filter:                       189  (0.0608304); expected 62.1 (0.02)
Passed bias filter:                      124  (0.0399099); expected 62.1 (0.02)
Passed Vit filter:                         9  (0.00289668); expected 3.1 (0.001)
Passed Fwd filter:                         2  (0.000643708); expected 0.0 (1e-05)
Initial search space (Z):               3107  [actual number of targets]
Domain search space  (domZ):               2  [number of targets reported over threshold]
# CPU time: 0.03u 0.00s 00:00:00.03 Elapsed: 00:00:00.02
# Mc/sec: 17677.64
//
Query:       nifD-03292025  [M=482]
Scores for complete sequences (score includes all domains):
   --- full sequence ---   --- best 1 domain ---    -#dom-
    E-value  score  bias    E-value  score  bias    exp  N  Sequence Description
    ------- ------ -----    ------- ------ -----   ---- --  -------- -----------

   [No hits detected that satisfy reporting thresholds]


Domain annotation for each sequence (and alignments):

   [No targets detected that satisfy reporting thresholds]


Internal pipeline statistics summary:
-------------------------------------
Query model(s):                            1  (482 nodes)
Target sequences:                       3107  (1100383 residues searched)
Passed MSV filter:                       180  (0.0579337); expected 62.1 (0.02)
Passed bias filter:                       84  (0.0270357); expected 62.1 (0.02)
Passed Vit filter:                         5  (0.00160927); expected 3.1 (0.001)
Passed Fwd filter:                         0  (0); expected 0.0 (1e-05)
Initial search space (Z):               3107  [actual number of targets]
Domain search space  (domZ):               0  [number of targets reported over threshold]
# CPU time: 0.03u 0.00s 00:00:00.03 Elapsed: 00:00:00.01
# Mc/sec: 30860.46
//
Query:       nifK-03292025  [M=490]
Scores for complete sequences (score includes all domains):
   --- full sequence ---   --- best 1 domain ---    -#dom-
    E-value  score  bias    E-value  score  bias    exp  N  Sequence Description
    ------- ------ -----    ------- ------ -----   ---- --  -------- -----------

   [No hits detected that satisfy reporting thresholds]


Domain annotation for each sequence (and alignments):

   [No targets detected that satisfy reporting thresholds]


Internal pipeline statistics summary:
-------------------------------------
Query model(s):                            1  (490 nodes)
Target sequences:                       3107  (1100383 residues searched)
Passed MSV filter:                       115  (0.0370132); expected 62.1 (0.02)
Passed bias filter:                       66  (0.0212424); expected 62.1 (0.02)
Passed Vit filter:                         2  (0.000643708); expected 3.1 (0.001)
Passed Fwd filter:                         0  (0); expected 0.0 (1e-05)
Initial search space (Z):               3107  [actual number of targets]
Domain search space  (domZ):               0  [number of targets reported over threshold]
# CPU time: 0.03u 0.00s 00:00:00.03 Elapsed: 00:00:00.01
# Mc/sec: 27045.66
//
Query:       nifB-03292025  [M=505]
Scores for complete sequences (score includes all domains):
   --- full sequence ---   --- best 1 domain ---    -#dom-
    E-value  score  bias    E-value  score  bias    exp  N  Sequence Description
    ------- ------ -----    ------- ------ -----   ---- --  -------- -----------

   [No hits detected that satisfy reporting thresholds]


Domain annotation for each sequence (and alignments):

   [No targets detected that satisfy reporting thresholds]


Internal pipeline statistics summary:
-------------------------------------
Query model(s):                            1  (505 nodes)
Target sequences:                       3107  (1100383 residues searched)
Passed MSV filter:                       106  (0.0341165); expected 62.1 (0.02)
Passed bias filter:                       63  (0.0202768); expected 62.1 (0.02)
Passed Vit filter:                         3  (0.000965562); expected 3.1 (0.001)
Passed Fwd filter:                         0  (0); expected 0.0 (1e-05)
Initial search space (Z):               3107  [actual number of targets]
Domain search space  (domZ):               0  [number of targets reported over threshold]
# CPU time: 0.03u 0.00s 00:00:00.03 Elapsed: 00:00:00.02
# Mc/sec: 26197.02
//
Query:       nifE-03292025  [M=556]
Scores for complete sequences (score includes all domains):
   --- full sequence ---   --- best 1 domain ---    -#dom-
    E-value  score  bias    E-value  score  bias    exp  N  Sequence Description
    ------- ------ -----    ------- ------ -----   ---- --  -------- -----------

   [No hits detected that satisfy reporting thresholds]


Domain annotation for each sequence (and alignments):

   [No targets detected that satisfy reporting thresholds]


Internal pipeline statistics summary:
-------------------------------------
Query model(s):                            1  (556 nodes)
Target sequences:                       3107  (1100383 residues searched)
Passed MSV filter:                       157  (0.0505311); expected 62.1 (0.02)
Passed bias filter:                       92  (0.0296106); expected 62.1 (0.02)
Passed Vit filter:                         7  (0.00225298); expected 3.1 (0.001)
Passed Fwd filter:                         0  (0); expected 0.0 (1e-05)
Initial search space (Z):               3107  [actual number of targets]
Domain search space  (domZ):               0  [number of targets reported over threshold]
# CPU time: 0.04u 0.00s 00:00:00.04 Elapsed: 00:00:00.02
# Mc/sec: 22593.06
//
Query:       nifN-03292025  [M=700]
Scores for complete sequences (score includes all domains):
   --- full sequence ---   --- best 1 domain ---    -#dom-
    E-value  score  bias    E-value  score  bias    exp  N  Sequence Description
    ------- ------ -----    ------- ------ -----   ---- --  -------- -----------

   [No hits detected that satisfy reporting thresholds]


Domain annotation for each sequence (and alignments):

   [No targets detected that satisfy reporting thresholds]


Internal pipeline statistics summary:
-------------------------------------
Query model(s):                            1  (700 nodes)
Target sequences:                       3107  (1100383 residues searched)
Passed MSV filter:                       136  (0.0437721); expected 62.1 (0.02)
Passed bias filter:                       89  (0.028645); expected 62.1 (0.02)
Passed Vit filter:                         4  (0.00128742); expected 3.1 (0.001)
Passed Fwd filter:                         0  (0); expected 0.0 (1e-05)
Initial search space (Z):               3107  [actual number of targets]
Domain search space  (domZ):               0  [number of targets reported over threshold]
# CPU time: 0.05u 0.00s 00:00:00.05 Elapsed: 00:00:00.02
# Mc/sec: 27411.43
//
Query:       pchlide-04012025  [M=508]
Scores for complete sequences (score includes all domains):
   --- full sequence ---   --- best 1 domain ---    -#dom-
    E-value  score  bias    E-value  score  bias    exp  N  Sequence Description
    ------- ------ -----    ------- ------ -----   ---- --  -------- -----------

   [No hits detected that satisfy reporting thresholds]


Domain annotation for each sequence (and alignments):

   [No targets detected that satisfy reporting thresholds]


Internal pipeline statistics summary:
-------------------------------------
Query model(s):                            1  (508 nodes)
Target sequences:                       3107  (1100383 residues searched)
Passed MSV filter:                       120  (0.0386225); expected 62.1 (0.02)
Passed bias filter:                       88  (0.0283231); expected 62.1 (0.02)
Passed Vit filter:                         6  (0.00193112); expected 3.1 (0.001)
Passed Fwd filter:                         0  (0); expected 0.0 (1e-05)
Initial search space (Z):               3107  [actual number of targets]
Domain search space  (domZ):               0  [number of targets reported over threshold]
# CPU time: 0.04u 0.01s 00:00:00.05 Elapsed: 00:00:00.02
# Mc/sec: 25265.26
//
[ok]
# hmmsearch :: search profile(s) against a sequence database
# HMMER 3.4 (Aug 2023); http://hmmer.org/
# Copyright (C) 2023 Howard Hughes Medical Institute.
# Freely distributed under the BSD open source license.
# - - - - - - - - - - - - - - - - - - - - - - - - - - - - - - - - - - - -
# query HMM file:                  ../HMMs/nifV_07242025.hmm
# target sequence database:        ../all_rep_proteins_aa/bacteria/GB_GCA_903834765.1_protein.faa
# - - - - - - - - - - - - - - - - - - - - - - - - - - - - - - - - - - - -

Query:       nifV-07242025  [M=437]
Scores for complete sequences (score includes all domains):
   --- full sequence ---   --- best 1 domain ---    -#dom-
    E-value  score  bias    E-value  score  bias    exp  N  Sequence Description
    ------- ------ -----    ------- ------ -----   ---- --  -------- -----------

   [No hits detected that satisfy reporting thresholds]


Domain annotation for each sequence (and alignments):

   [No targets detected that satisfy reporting thresholds]


Internal pipeline statistics summary:
-------------------------------------
Query model(s):                            1  (437 nodes)
Target sequences:                       3107  (1100383 residues searched)
Passed MSV filter:                        62  (0.0199549); expected 62.1 (0.02)
Passed bias filter:                       51  (0.0164145); expected 62.1 (0.02)
Passed Vit filter:                         2  (0.000643708); expected 3.1 (0.001)
Passed Fwd filter:                         0  (0); expected 0.0 (1e-05)
Initial search space (Z):               3107  [actual number of targets]
Domain search space  (domZ):               0  [number of targets reported over threshold]
# CPU time: 0.02u 0.00s 00:00:00.02 Elapsed: 00:00:00.01
# Mc/sec: 33047.83
//
[ok]
