# hmmsearch :: search profile(s) against a sequence database
# HMMER 3.4 (Aug 2023); http://hmmer.org/
# Copyright (C) 2023 Howard Hughes Medical Institute.
# Freely distributed under the BSD open source license.
# - - - - - - - - - - - - - - - - - - - - - - - - - - - - - - - - - - - -
# query HMM file:                  ../HMMs/combined_nif_04012025.hmm
# target sequence database:        ../all_rep_proteins_aa/bacteria/GB_GCA_021805885.1_protein.faa
# - - - - - - - - - - - - - - - - - - - - - - - - - - - - - - - - - - - -

Query:       nifH-03292025  [M=327]
Scores for complete sequences (score includes all domains):
   --- full sequence ---   --- best 1 domain ---    -#dom-
    E-value  score  bias    E-value  score  bias    exp  N  Sequence             Description
    ------- ------ -----    ------- ------ -----   ---- --  --------             -----------
    3.8e-13   45.1   0.1    4.2e-07   25.2   0.0    2.2  2  JAJZDR010000058.1_11  # 12251 # 13021 # -1 # ID=77_11;partial


Domain annotation for each sequence (and alignments):
>> JAJZDR010000058.1_11  # 12251 # 13021 # -1 # ID=77_11;partial=00;start_type=ATG;rbs_motif=TAA;rbs_spacer=3bp;gc_cont=
   #    score  bias  c-Evalue  i-Evalue hmmfrom  hmm to    alifrom  ali to    envfrom  env to     acc
 ---   ------ ----- --------- --------- ------- -------    ------- -------    ------- -------    ----
   1 !   25.2   0.0   4.4e-10   4.2e-07      17      55 ..       9      47 ..       3      96 .. 0.86
   2 !   17.7   0.0   8.4e-08     8e-05     149     253 ..     143     252 ..     138     254 .. 0.79

  Alignments for each domain:
  == domain 1  score: 25.2 bits;  conditional E-value: 4.4e-10
         nifH-03292025 17 KGGiGKSttasnlsaalaeegkkvlivGCdPKaDstrll 55
                          KGG+GK t a n+ a lae+gkkvl v  dP +  t+ l
  JAJZDR010000058.1_11  9 KGGVGKTTSALNIGAYLAESGKKVLLVDFDPQSNLTSGL 47
                          9******************************99988755 PP

  == domain 2  score: 17.7 bits;  conditional E-value: 8.4e-08
         nifH-03292025 149 adevyivtsgemmalYaanniakgikkyaee..ggvrlgGlicNsrkvdke..eelveefaeklgtqii.afvprsnevqkaelekktv 232
                           +d++++ + +e+ al     ++++++ ++++   + ++ G+i  + +++++  e++ +e+ + ++ q + + +pr+ ++ +a   ++t+
  JAJZDR010000058.1_11 143 SDHIIVPVQCEYFALEGISQLLNTVSMIKDSlnPKLEISGVILTMYDTRTKisESVASEIRSFFKGQTFdTIIPRNVKLAEAPSFGQTI 231
                           5778888999****************9999944566778***9876554431144555555555556551568**************** PP

         nifH-03292025 233 ieaapdseqakeyreLakkil 253
                            +++  s+ a++yr+La++il
  JAJZDR010000058.1_11 232 NQYDSASSGASSYRKLADEIL 252
                           ******************996 PP



Internal pipeline statistics summary:
-------------------------------------
Query model(s):                            1  (327 nodes)
Target sequences:                        951  (267071 residues searched)
Passed MSV filter:                        68  (0.0715037); expected 19.0 (0.02)
Passed bias filter:                       44  (0.0462671); expected 19.0 (0.02)
Passed Vit filter:                         8  (0.0084122); expected 1.0 (0.001)
Passed Fwd filter:                         1  (0.00105152); expected 0.0 (1e-05)
Initial search space (Z):                951  [actual number of targets]
Domain search space  (domZ):               1  [number of targets reported over threshold]
# CPU time: 0.01u 0.00s 00:00:00.01 Elapsed: 00:00:00.01
# Mc/sec: 6523.14
//
Query:       nifD-03292025  [M=482]
Scores for complete sequences (score includes all domains):
   --- full sequence ---   --- best 1 domain ---    -#dom-
    E-value  score  bias    E-value  score  bias    exp  N  Sequence Description
    ------- ------ -----    ------- ------ -----   ---- --  -------- -----------

   [No hits detected that satisfy reporting thresholds]


Domain annotation for each sequence (and alignments):

   [No targets detected that satisfy reporting thresholds]


Internal pipeline statistics summary:
-------------------------------------
Query model(s):                            1  (482 nodes)
Target sequences:                        951  (267071 residues searched)
Passed MSV filter:                        62  (0.0651945); expected 19.0 (0.02)
Passed bias filter:                       28  (0.0294427); expected 19.0 (0.02)
Passed Vit filter:                         2  (0.00210305); expected 1.0 (0.001)
Passed Fwd filter:                         0  (0); expected 0.0 (1e-05)
Initial search space (Z):                951  [actual number of targets]
Domain search space  (domZ):               0  [number of targets reported over threshold]
# CPU time: 0.01u 0.00s 00:00:00.01 Elapsed: 00:00:00.00
# Mc/sec: 13216.97
//
Query:       nifK-03292025  [M=490]
Scores for complete sequences (score includes all domains):
   --- full sequence ---   --- best 1 domain ---    -#dom-
    E-value  score  bias    E-value  score  bias    exp  N  Sequence Description
    ------- ------ -----    ------- ------ -----   ---- --  -------- -----------

   [No hits detected that satisfy reporting thresholds]


Domain annotation for each sequence (and alignments):

   [No targets detected that satisfy reporting thresholds]


Internal pipeline statistics summary:
-------------------------------------
Query model(s):                            1  (490 nodes)
Target sequences:                        951  (267071 residues searched)
Passed MSV filter:                        31  (0.0325973); expected 19.0 (0.02)
Passed bias filter:                       20  (0.0210305); expected 19.0 (0.02)
Passed Vit filter:                         2  (0.00210305); expected 1.0 (0.001)
Passed Fwd filter:                         0  (0); expected 0.0 (1e-05)
Initial search space (Z):                951  [actual number of targets]
Domain search space  (domZ):               0  [number of targets reported over threshold]
# CPU time: 0.00u 0.00s 00:00:00.00 Elapsed: 00:00:00.00
# Mc/sec: 15198.47
//
Query:       nifB-03292025  [M=505]
Scores for complete sequences (score includes all domains):
   --- full sequence ---   --- best 1 domain ---    -#dom-
    E-value  score  bias    E-value  score  bias    exp  N  Sequence Description
    ------- ------ -----    ------- ------ -----   ---- --  -------- -----------

   [No hits detected that satisfy reporting thresholds]


Domain annotation for each sequence (and alignments):

   [No targets detected that satisfy reporting thresholds]


Internal pipeline statistics summary:
-------------------------------------
Query model(s):                            1  (505 nodes)
Target sequences:                        951  (267071 residues searched)
Passed MSV filter:                        36  (0.0378549); expected 19.0 (0.02)
Passed bias filter:                       24  (0.0252366); expected 19.0 (0.02)
Passed Vit filter:                         3  (0.00315457); expected 1.0 (0.001)
Passed Fwd filter:                         0  (0); expected 0.0 (1e-05)
Initial search space (Z):                951  [actual number of targets]
Domain search space  (domZ):               0  [number of targets reported over threshold]
# CPU time: 0.01u 0.00s 00:00:00.01 Elapsed: 00:00:00.00
# Mc/sec: 13976.47
//
Query:       nifE-03292025  [M=556]
Scores for complete sequences (score includes all domains):
   --- full sequence ---   --- best 1 domain ---    -#dom-
    E-value  score  bias    E-value  score  bias    exp  N  Sequence Description
    ------- ------ -----    ------- ------ -----   ---- --  -------- -----------

   [No hits detected that satisfy reporting thresholds]


Domain annotation for each sequence (and alignments):

   [No targets detected that satisfy reporting thresholds]


Internal pipeline statistics summary:
-------------------------------------
Query model(s):                            1  (556 nodes)
Target sequences:                        951  (267071 residues searched)
Passed MSV filter:                        36  (0.0378549); expected 19.0 (0.02)
Passed bias filter:                       21  (0.022082); expected 19.0 (0.02)
Passed Vit filter:                         2  (0.00210305); expected 1.0 (0.001)
Passed Fwd filter:                         0  (0); expected 0.0 (1e-05)
Initial search space (Z):                951  [actual number of targets]
Domain search space  (domZ):               0  [number of targets reported over threshold]
# CPU time: 0.01u 0.00s 00:00:00.01 Elapsed: 00:00:00.01
# Mc/sec: 14350.41
//
Query:       nifN-03292025  [M=700]
Scores for complete sequences (score includes all domains):
   --- full sequence ---   --- best 1 domain ---    -#dom-
    E-value  score  bias    E-value  score  bias    exp  N  Sequence Description
    ------- ------ -----    ------- ------ -----   ---- --  -------- -----------

   [No hits detected that satisfy reporting thresholds]


Domain annotation for each sequence (and alignments):

   [No targets detected that satisfy reporting thresholds]


Internal pipeline statistics summary:
-------------------------------------
Query model(s):                            1  (700 nodes)
Target sequences:                        951  (267071 residues searched)
Passed MSV filter:                        46  (0.0483701); expected 19.0 (0.02)
Passed bias filter:                       36  (0.0378549); expected 19.0 (0.02)
Passed Vit filter:                         1  (0.00105152); expected 1.0 (0.001)
Passed Fwd filter:                         0  (0); expected 0.0 (1e-05)
Initial search space (Z):                951  [actual number of targets]
Domain search space  (domZ):               0  [number of targets reported over threshold]
# CPU time: 0.01u 0.00s 00:00:00.01 Elapsed: 00:00:00.01
# Mc/sec: 14534.12
//
Query:       pchlide-04012025  [M=508]
Scores for complete sequences (score includes all domains):
   --- full sequence ---   --- best 1 domain ---    -#dom-
    E-value  score  bias    E-value  score  bias    exp  N  Sequence Description
    ------- ------ -----    ------- ------ -----   ---- --  -------- -----------

   [No hits detected that satisfy reporting thresholds]


Domain annotation for each sequence (and alignments):

   [No targets detected that satisfy reporting thresholds]


Internal pipeline statistics summary:
-------------------------------------
Query model(s):                            1  (508 nodes)
Target sequences:                        951  (267071 residues searched)
Passed MSV filter:                        26  (0.0273396); expected 19.0 (0.02)
Passed bias filter:                       22  (0.0231335); expected 19.0 (0.02)
Passed Vit filter:                         2  (0.00210305); expected 1.0 (0.001)
Passed Fwd filter:                         0  (0); expected 0.0 (1e-05)
Initial search space (Z):                951  [actual number of targets]
Domain search space  (domZ):               0  [number of targets reported over threshold]
# CPU time: 0.01u 0.00s 00:00:00.01 Elapsed: 00:00:00.00
# Mc/sec: 16992.36
//
[ok]
# hmmsearch :: search profile(s) against a sequence database
# HMMER 3.4 (Aug 2023); http://hmmer.org/
# Copyright (C) 2023 Howard Hughes Medical Institute.
# Freely distributed under the BSD open source license.
# - - - - - - - - - - - - - - - - - - - - - - - - - - - - - - - - - - - -
# query HMM file:                  ../HMMs/nifV_07242025.hmm
# target sequence database:        ../all_rep_proteins_aa/bacteria/GB_GCA_021805885.1_protein.faa
# - - - - - - - - - - - - - - - - - - - - - - - - - - - - - - - - - - - -

Query:       nifV-07242025  [M=437]
Scores for complete sequences (score includes all domains):
   --- full sequence ---   --- best 1 domain ---    -#dom-
    E-value  score  bias    E-value  score  bias    exp  N  Sequence Description
    ------- ------ -----    ------- ------ -----   ---- --  -------- -----------

   [No hits detected that satisfy reporting thresholds]


Domain annotation for each sequence (and alignments):

   [No targets detected that satisfy reporting thresholds]


Internal pipeline statistics summary:
-------------------------------------
Query model(s):                            1  (437 nodes)
Target sequences:                        951  (267071 residues searched)
Passed MSV filter:                        17  (0.0178759); expected 19.0 (0.02)
Passed bias filter:                       14  (0.0147213); expected 19.0 (0.02)
Passed Vit filter:                         0  (0); expected 1.0 (0.001)
Passed Fwd filter:                         0  (0); expected 0.0 (1e-05)
Initial search space (Z):                951  [actual number of targets]
Domain search space  (domZ):               0  [number of targets reported over threshold]
# CPU time: 0.00u 0.00s 00:00:00.00 Elapsed: 00:00:00.00
# Mc/sec: 16649.71
//
[ok]
