# hmmsearch :: search profile(s) against a sequence database
# HMMER 3.4 (Aug 2023); http://hmmer.org/
# Copyright (C) 2023 Howard Hughes Medical Institute.
# Freely distributed under the BSD open source license.
# - - - - - - - - - - - - - - - - - - - - - - - - - - - - - - - - - - - -
# query HMM file:                  ../HMMs/combined_nif_04012025.hmm
# target sequence database:        ../all_rep_proteins_aa/bacteria/GB_GCA_947179285.1_protein.faa
# - - - - - - - - - - - - - - - - - - - - - - - - - - - - - - - - - - - -

Query:       nifH-03292025  [M=327]
Scores for complete sequences (score includes all domains):
   --- full sequence ---   --- best 1 domain ---    -#dom-
    E-value  score  bias    E-value  score  bias    exp  N  Sequence            Description
    ------- ------ -----    ------- ------ -----   ---- --  --------            -----------
    2.5e-11   39.4   0.6    1.3e-07   27.2   0.1    2.2  2  CAMXAV010000135.1_3  # 446 # 1252 # -1 # ID=135_3;partial=00;
    1.7e-05   20.3   0.0    2.5e-05   19.7   0.0    1.3  1  CAMXAV010000055.1_4  # 2304 # 3221 # 1 # ID=55_4;partial=00;s


Domain annotation for each sequence (and alignments):
>> CAMXAV010000135.1_3  # 446 # 1252 # -1 # ID=135_3;partial=00;start_type=ATG;rbs_motif=AGGA;rbs_spacer=5-10bp;gc_cont=
   #    score  bias  c-Evalue  i-Evalue hmmfrom  hmm to    alifrom  ali to    envfrom  env to     acc
 ---   ------ ----- --------- --------- ------- -------    ------- -------    ------- -------    ----
   1 !   27.2   0.1   2.1e-10   1.3e-07      16      44 ..      10      38 ..       3      80 .. 0.88
   2 !   10.9   0.0   2.1e-05     0.012     148     256 ..     134     247 ..     101     257 .. 0.82

  Alignments for each domain:
  == domain 1  score: 27.2 bits;  conditional E-value: 2.1e-10
        nifH-03292025 16 GKGGiGKSttasnlsaalaeegkkvlivG 44
                         GKGG+GKStt +nl+a +a+egk+v+ + 
  CAMXAV010000135.1_3 10 GKGGVGKSTTCANLAAGIAQEGKRVVAID 38
                         9************************9875 PP

  == domain 2  score: 10.9 bits;  conditional E-value: 2.1e-05
        nifH-03292025 148 kadevyivtsgemmalYaanniakgikkyaeeggvrlg...GlicNsrkvd....keeelveefaeklgtqiiafvprsnevqkaelekk 230
                           ad+  ivt+ e+ a+  a+ ++  i   +e+ ++ l+    +i N+ + d     e   ++++ + l  ++i  vp++++v +a   ++
  CAMXAV010000135.1_3 134 LADRALIVTTPEVSAVRDADRVIGIIDAKSEKAKAGLQvrkEIIINRVRADmierGEMMSIDDVLQILALTLIGIVPEDEKVISATNLGE 223
                          589999***************99999888888666664222699998876522225677899**************************** PP

        nifH-03292025 231 tvieaapdseqakeyreLakkilenk 256
                           vi    ++ + ++y+++ak++  ++
  CAMXAV010000135.1_3 224 PVIYS--HCISGEAYKRIAKRVVGED 247
                          99965..5666778999999998765 PP

>> CAMXAV010000055.1_4  # 2304 # 3221 # 1 # ID=55_4;partial=00;start_type=GTG;rbs_motif=GGA/GAG/AGG;rbs_spacer=5-10bp;gc
   #    score  bias  c-Evalue  i-Evalue hmmfrom  hmm to    alifrom  ali to    envfrom  env to     acc
 ---   ------ ----- --------- --------- ------- -------    ------- -------    ------- -------    ----
   1 !   19.7   0.0   4.2e-08   2.5e-05      16      49 ..      10      42 ..       6      97 .. 0.89

  Alignments for each domain:
  == domain 1  score: 19.7 bits;  conditional E-value: 4.2e-08
        nifH-03292025 16 GKGGiGKSttasnlsaalaeegkkvlivGCdPKa 49
                         GKGG+GKSt++s l++ la+ ++k l v  dP +
  CAMXAV010000055.1_4 10 GKGGVGKSTMSSALACLLAR-DSKTLLVSTDPAH 42
                         9*************999997.5778888899976 PP



Internal pipeline statistics summary:
-------------------------------------
Query model(s):                            1  (327 nodes)
Target sequences:                       1198  (332242 residues searched)
Passed MSV filter:                        56  (0.0467446); expected 24.0 (0.02)
Passed bias filter:                       45  (0.0375626); expected 24.0 (0.02)
Passed Vit filter:                         5  (0.00417362); expected 1.2 (0.001)
Passed Fwd filter:                         2  (0.00166945); expected 0.0 (1e-05)
Initial search space (Z):               1198  [actual number of targets]
Domain search space  (domZ):               2  [number of targets reported over threshold]
# CPU time: 0.01u 0.00s 00:00:00.01 Elapsed: 00:00:00.01
# Mc/sec: 8400.02
//
Query:       nifD-03292025  [M=482]
Scores for complete sequences (score includes all domains):
   --- full sequence ---   --- best 1 domain ---    -#dom-
    E-value  score  bias    E-value  score  bias    exp  N  Sequence Description
    ------- ------ -----    ------- ------ -----   ---- --  -------- -----------

   [No hits detected that satisfy reporting thresholds]


Domain annotation for each sequence (and alignments):

   [No targets detected that satisfy reporting thresholds]


Internal pipeline statistics summary:
-------------------------------------
Query model(s):                            1  (482 nodes)
Target sequences:                       1198  (332242 residues searched)
Passed MSV filter:                        50  (0.0417362); expected 24.0 (0.02)
Passed bias filter:                       41  (0.0342237); expected 24.0 (0.02)
Passed Vit filter:                         2  (0.00166945); expected 1.2 (0.001)
Passed Fwd filter:                         0  (0); expected 0.0 (1e-05)
Initial search space (Z):               1198  [actual number of targets]
Domain search space  (domZ):               0  [number of targets reported over threshold]
# CPU time: 0.01u 0.00s 00:00:00.01 Elapsed: 00:00:00.01
# Mc/sec: 13089.20
//
Query:       nifK-03292025  [M=490]
Scores for complete sequences (score includes all domains):
   --- full sequence ---   --- best 1 domain ---    -#dom-
    E-value  score  bias    E-value  score  bias    exp  N  Sequence Description
    ------- ------ -----    ------- ------ -----   ---- --  -------- -----------

   [No hits detected that satisfy reporting thresholds]


Domain annotation for each sequence (and alignments):

   [No targets detected that satisfy reporting thresholds]


Internal pipeline statistics summary:
-------------------------------------
Query model(s):                            1  (490 nodes)
Target sequences:                       1198  (332242 residues searched)
Passed MSV filter:                        25  (0.0208681); expected 24.0 (0.02)
Passed bias filter:                       20  (0.0166945); expected 24.0 (0.02)
Passed Vit filter:                         3  (0.00250417); expected 1.2 (0.001)
Passed Fwd filter:                         0  (0); expected 0.0 (1e-05)
Initial search space (Z):               1198  [actual number of targets]
Domain search space  (domZ):               0  [number of targets reported over threshold]
# CPU time: 0.01u 0.00s 00:00:00.01 Elapsed: 00:00:00.00
# Mc/sec: 18919.46
//
Query:       nifB-03292025  [M=505]
Scores for complete sequences (score includes all domains):
   --- full sequence ---   --- best 1 domain ---    -#dom-
    E-value  score  bias    E-value  score  bias    exp  N  Sequence Description
    ------- ------ -----    ------- ------ -----   ---- --  -------- -----------

   [No hits detected that satisfy reporting thresholds]


Domain annotation for each sequence (and alignments):

   [No targets detected that satisfy reporting thresholds]


Internal pipeline statistics summary:
-------------------------------------
Query model(s):                            1  (505 nodes)
Target sequences:                       1198  (332242 residues searched)
Passed MSV filter:                        46  (0.0383973); expected 24.0 (0.02)
Passed bias filter:                       37  (0.0308848); expected 24.0 (0.02)
Passed Vit filter:                         5  (0.00417362); expected 1.2 (0.001)
Passed Fwd filter:                         0  (0); expected 0.0 (1e-05)
Initial search space (Z):               1198  [actual number of targets]
Domain search space  (domZ):               0  [number of targets reported over threshold]
# CPU time: 0.01u 0.00s 00:00:00.01 Elapsed: 00:00:00.01
# Mc/sec: 15873.18
//
Query:       nifE-03292025  [M=556]
Scores for complete sequences (score includes all domains):
   --- full sequence ---   --- best 1 domain ---    -#dom-
    E-value  score  bias    E-value  score  bias    exp  N  Sequence Description
    ------- ------ -----    ------- ------ -----   ---- --  -------- -----------

   [No hits detected that satisfy reporting thresholds]


Domain annotation for each sequence (and alignments):

   [No targets detected that satisfy reporting thresholds]


Internal pipeline statistics summary:
-------------------------------------
Query model(s):                            1  (556 nodes)
Target sequences:                       1198  (332242 residues searched)
Passed MSV filter:                        52  (0.0434057); expected 24.0 (0.02)
Passed bias filter:                       35  (0.0292154); expected 24.0 (0.02)
Passed Vit filter:                         4  (0.0033389); expected 1.2 (0.001)
Passed Fwd filter:                         0  (0); expected 0.0 (1e-05)
Initial search space (Z):               1198  [actual number of targets]
Domain search space  (domZ):               0  [number of targets reported over threshold]
# CPU time: 0.01u 0.00s 00:00:00.01 Elapsed: 00:00:00.01
# Mc/sec: 15977.75
//
Query:       nifN-03292025  [M=700]
Scores for complete sequences (score includes all domains):
   --- full sequence ---   --- best 1 domain ---    -#dom-
    E-value  score  bias    E-value  score  bias    exp  N  Sequence Description
    ------- ------ -----    ------- ------ -----   ---- --  -------- -----------

   [No hits detected that satisfy reporting thresholds]


Domain annotation for each sequence (and alignments):

   [No targets detected that satisfy reporting thresholds]


Internal pipeline statistics summary:
-------------------------------------
Query model(s):                            1  (700 nodes)
Target sequences:                       1198  (332242 residues searched)
Passed MSV filter:                        48  (0.0400668); expected 24.0 (0.02)
Passed bias filter:                       34  (0.0283806); expected 24.0 (0.02)
Passed Vit filter:                         1  (0.000834725); expected 1.2 (0.001)
Passed Fwd filter:                         0  (0); expected 0.0 (1e-05)
Initial search space (Z):               1198  [actual number of targets]
Domain search space  (domZ):               0  [number of targets reported over threshold]
# CPU time: 0.01u 0.00s 00:00:00.01 Elapsed: 00:00:00.01
# Mc/sec: 18994.80
//
Query:       pchlide-04012025  [M=508]
Scores for complete sequences (score includes all domains):
   --- full sequence ---   --- best 1 domain ---    -#dom-
    E-value  score  bias    E-value  score  bias    exp  N  Sequence Description
    ------- ------ -----    ------- ------ -----   ---- --  -------- -----------

   [No hits detected that satisfy reporting thresholds]


Domain annotation for each sequence (and alignments):

   [No targets detected that satisfy reporting thresholds]


Internal pipeline statistics summary:
-------------------------------------
Query model(s):                            1  (508 nodes)
Target sequences:                       1198  (332242 residues searched)
Passed MSV filter:                        40  (0.033389); expected 24.0 (0.02)
Passed bias filter:                       33  (0.0275459); expected 24.0 (0.02)
Passed Vit filter:                         0  (0); expected 1.2 (0.001)
Passed Fwd filter:                         0  (0); expected 0.0 (1e-05)
Initial search space (Z):               1198  [actual number of targets]
Domain search space  (domZ):               0  [number of targets reported over threshold]
# CPU time: 0.01u 0.00s 00:00:00.01 Elapsed: 00:00:00.00
# Mc/sec: 19378.29
//
[ok]
# hmmsearch :: search profile(s) against a sequence database
# HMMER 3.4 (Aug 2023); http://hmmer.org/
# Copyright (C) 2023 Howard Hughes Medical Institute.
# Freely distributed under the BSD open source license.
# - - - - - - - - - - - - - - - - - - - - - - - - - - - - - - - - - - - -
# query HMM file:                  ../HMMs/nifV_07242025.hmm
# target sequence database:        ../all_rep_proteins_aa/bacteria/GB_GCA_947179285.1_protein.faa
# - - - - - - - - - - - - - - - - - - - - - - - - - - - - - - - - - - - -

Query:       nifV-07242025  [M=437]
Scores for complete sequences (score includes all domains):
   --- full sequence ---   --- best 1 domain ---    -#dom-
    E-value  score  bias    E-value  score  bias    exp  N  Sequence Description
    ------- ------ -----    ------- ------ -----   ---- --  -------- -----------

   [No hits detected that satisfy reporting thresholds]


Domain annotation for each sequence (and alignments):

   [No targets detected that satisfy reporting thresholds]


Internal pipeline statistics summary:
-------------------------------------
Query model(s):                            1  (437 nodes)
Target sequences:                       1198  (332242 residues searched)
Passed MSV filter:                        28  (0.0233723); expected 24.0 (0.02)
Passed bias filter:                       20  (0.0166945); expected 24.0 (0.02)
Passed Vit filter:                         2  (0.00166945); expected 1.2 (0.001)
Passed Fwd filter:                         0  (0); expected 0.0 (1e-05)
Initial search space (Z):               1198  [actual number of targets]
Domain search space  (domZ):               0  [number of targets reported over threshold]
# CPU time: 0.01u 0.00s 00:00:00.01 Elapsed: 00:00:00.00
# Mc/sec: 19777.26
//
[ok]
