# hmmsearch :: search profile(s) against a sequence database
# HMMER 3.4 (Aug 2023); http://hmmer.org/
# Copyright (C) 2023 Howard Hughes Medical Institute.
# Freely distributed under the BSD open source license.
# - - - - - - - - - - - - - - - - - - - - - - - - - - - - - - - - - - - -
# query HMM file:                  ../HMMs/combined_nif_04012025.hmm
# target sequence database:        ../all_rep_proteins_aa/bacteria/GB_GCA_947599755.1_protein.faa
# - - - - - - - - - - - - - - - - - - - - - - - - - - - - - - - - - - - -

Query:       nifH-03292025  [M=327]
Scores for complete sequences (score includes all domains):
   --- full sequence ---   --- best 1 domain ---    -#dom-
    E-value  score  bias    E-value  score  bias    exp  N  Sequence             Description
    ------- ------ -----    ------- ------ -----   ---- --  --------             -----------
    4.8e-13   45.0   0.5    5.8e-08   28.3   0.6    2.1  2  CANQFO010000027.1_14  # 10745 # 11536 # -1 # ID=27_14;partial
    9.4e-06   21.1   0.1    5.6e-05   18.5   0.0    2.0  2  CANQFO010000078.1_3   # 1530 # 2243 # -1 # ID=78_3;partial=00
     0.0035   12.6   0.2     0.0086   11.3   0.0    1.6  2  CANQFO010000046.1_5   # 4852 # 6093 # -1 # ID=46_5;partial=00


Domain annotation for each sequence (and alignments):
>> CANQFO010000027.1_14  # 10745 # 11536 # -1 # ID=27_14;partial=00;start_type=ATG;rbs_motif=GGA/GAG/AGG;rbs_spacer=5-10
   #    score  bias  c-Evalue  i-Evalue hmmfrom  hmm to    alifrom  ali to    envfrom  env to     acc
 ---   ------ ----- --------- --------- ------- -------    ------- -------    ------- -------    ----
   1 !   28.3   0.6   1.5e-10   5.8e-08      17      69 ..      11      65 ..       7      85 .. 0.79
   2 !   14.6   0.0   2.3e-06   0.00089     150     256 ..     148     259 ..     144     262 .. 0.83

  Alignments for each domain:
  == domain 1  score: 28.3 bits;  conditional E-value: 1.5e-10
         nifH-03292025 17 KGGiGKSttasnlsaalaeegkkvlivGCdPKaDstrl..llggkaqktvldllr 69
                          KGG+GK tt+ nlsa la  gkkvl +  dP   +t+   + +g  +k+v d+l 
  CANQFO010000027.1_14 11 KGGVGKTTTSINLSASLAVLGKKVLLIDLDPQGNTTTGvgINKGDIEKSVYDVLI 65
                          9*******************************99997522566777777777776 PP

  == domain 2  score: 14.6 bits;  conditional E-value: 2.3e-06
         nifH-03292025 150 devyivtsgemmalYaanniakgikkyaee..ggvrlgGlicNsrkvdke..eelveefaeklgtqiiaf.vprsnevqkaelekktvi 233
                           ++v+i + +e+ al     ++k+i   +++   +  + G++  + +++++   e+ve++ + ++ ++ ++ +pr   +++a  +++ +i
  CANQFO010000027.1_14 148 NSVIIPVQCEFFALEGITQLLKTIMLAQKTlnPTLDIEGVLLTMLDSRTNlgFEVVEDIRKFFKEKVYNTiIPRLVRLTEAPSHGEPII 236
                           6788888899999999999999999998883344567899988877666522699*********999875279**************** PP

         nifH-03292025 234 eaapdseqakeyreLakkilenk 256
                            ++p+s+  ++y +Lak+++e +
  CANQFO010000027.1_14 237 AYDPKSRGSEAYINLAKEVIERN 259
                           ******************99875 PP

>> CANQFO010000078.1_3  # 1530 # 2243 # -1 # ID=78_3;partial=00;start_type=ATG;rbs_motif=AGGAG;rbs_spacer=5-10bp;gc_cont
   #    score  bias  c-Evalue  i-Evalue hmmfrom  hmm to    alifrom  ali to    envfrom  env to     acc
 ---   ------ ----- --------- --------- ------- -------    ------- -------    ------- -------    ----
   1 !   18.5   0.0   1.4e-07   5.6e-05      18      50 ..      45      77 ..      32     128 .. 0.80
   2 ?    0.4   0.0     0.048        19     175     197 ..     195     217 ..     169     230 .. 0.75

  Alignments for each domain:
  == domain 1  score: 18.5 bits;  conditional E-value: 1.4e-07
        nifH-03292025 18 GGiGKSttasnlsaalaeegkkvlivGCdPKaD 50
                         +G GKS +++nl+ a a+e+kkvl++ Cd ++ 
  CANQFO010000078.1_3 45 AGDGKSFITANLAIAYAQENKKVLVIDCDLRKG 77
                         688**************************7665 PP

  == domain 2  score: 0.4 bits;  conditional E-value: 0.048
        nifH-03292025 175 kyaeeggvrlgGlicNsrkvdke 197
                          k  ++ ++++ G+i N+ +v+++
  CANQFO010000078.1_3 195 KAFTQANAKITGVIINRASVKDN 217
                          34456788999999998888765 PP

>> CANQFO010000046.1_5  # 4852 # 6093 # -1 # ID=46_5;partial=00;start_type=ATG;rbs_motif=GGAG/GAGG;rbs_spacer=5-10bp;gc_
   #    score  bias  c-Evalue  i-Evalue hmmfrom  hmm to    alifrom  ali to    envfrom  env to     acc
 ---   ------ ----- --------- --------- ------- -------    ------- -------    ------- -------    ----
   1 !   11.3   0.0   2.2e-05    0.0086       6      62 ..      36      91 ..      31     116 .. 0.73
   2 ?   -2.2   0.1       0.3   1.2e+02     248     284 ..     370     406 ..     349     412 .. 0.73

  Alignments for each domain:
  == domain 1  score: 11.3 bits;  conditional E-value: 2.2e-05
        nifH-03292025  6 akkmrkiAiYGKGGiGKSttasnlsaalaeegkkvlivGCdPKaDstrlllggkaqk 62
                         +kk+  + +YGK GiGK ++a+ l+  l    ++ l    + K+D   ++ ++k+ +
  CANQFO010000046.1_5 36 HKKIFSMILYGKPGIGKTSIANALVNDLNM-RYRFLNATINTKKDLDIVIEEAKMYD 91
                         567778899************999999864.47777777777777666666666555 PP

  == domain 2  score: -2.2 bits;  conditional E-value: 0.3
        nifH-03292025 248 Lakkilenkklvipkpls.eeeleellaelglleeede 284
                          L +ki++ kk ++pk +  e++l+e+ ++l++++++++
  CANQFO010000046.1_5 370 LPDKIKN-KKYYFPKDIGyEKNLKEIYEKLEMINKNQK 406
                          5666665.567777777636789999999998888765 PP



Internal pipeline statistics summary:
-------------------------------------
Query model(s):                            1  (327 nodes)
Target sequences:                       1181  (347784 residues searched)
Passed MSV filter:                       104  (0.088061); expected 23.6 (0.02)
Passed bias filter:                       49  (0.0414903); expected 23.6 (0.02)
Passed Vit filter:                         8  (0.00677392); expected 1.2 (0.001)
Passed Fwd filter:                         3  (0.00254022); expected 0.0 (1e-05)
Initial search space (Z):               1181  [actual number of targets]
Domain search space  (domZ):               3  [number of targets reported over threshold]
# CPU time: 0.01u 0.00s 00:00:00.01 Elapsed: 00:00:00.01
# Mc/sec: 6462.14
//
Query:       nifD-03292025  [M=482]
Scores for complete sequences (score includes all domains):
   --- full sequence ---   --- best 1 domain ---    -#dom-
    E-value  score  bias    E-value  score  bias    exp  N  Sequence Description
    ------- ------ -----    ------- ------ -----   ---- --  -------- -----------

   [No hits detected that satisfy reporting thresholds]


Domain annotation for each sequence (and alignments):

   [No targets detected that satisfy reporting thresholds]


Internal pipeline statistics summary:
-------------------------------------
Query model(s):                            1  (482 nodes)
Target sequences:                       1181  (347784 residues searched)
Passed MSV filter:                       112  (0.0948349); expected 23.6 (0.02)
Passed bias filter:                       33  (0.0279424); expected 23.6 (0.02)
Passed Vit filter:                         1  (0.00084674); expected 1.2 (0.001)
Passed Fwd filter:                         0  (0); expected 0.0 (1e-05)
Initial search space (Z):               1181  [actual number of targets]
Domain search space  (domZ):               0  [number of targets reported over threshold]
# CPU time: 0.01u 0.00s 00:00:00.01 Elapsed: 00:00:00.01
# Mc/sec: 14638.91
//
Query:       nifK-03292025  [M=490]
Scores for complete sequences (score includes all domains):
   --- full sequence ---   --- best 1 domain ---    -#dom-
    E-value  score  bias    E-value  score  bias    exp  N  Sequence Description
    ------- ------ -----    ------- ------ -----   ---- --  -------- -----------

   [No hits detected that satisfy reporting thresholds]


Domain annotation for each sequence (and alignments):

   [No targets detected that satisfy reporting thresholds]


Internal pipeline statistics summary:
-------------------------------------
Query model(s):                            1  (490 nodes)
Target sequences:                       1181  (347784 residues searched)
Passed MSV filter:                        55  (0.0465707); expected 23.6 (0.02)
Passed bias filter:                       24  (0.0203218); expected 23.6 (0.02)
Passed Vit filter:                         1  (0.00084674); expected 1.2 (0.001)
Passed Fwd filter:                         0  (0); expected 0.0 (1e-05)
Initial search space (Z):               1181  [actual number of targets]
Domain search space  (domZ):               0  [number of targets reported over threshold]
# CPU time: 0.01u 0.00s 00:00:00.01 Elapsed: 00:00:00.00
# Mc/sec: 17628.86
//
Query:       nifB-03292025  [M=505]
Scores for complete sequences (score includes all domains):
   --- full sequence ---   --- best 1 domain ---    -#dom-
    E-value  score  bias    E-value  score  bias    exp  N  Sequence Description
    ------- ------ -----    ------- ------ -----   ---- --  -------- -----------

   [No hits detected that satisfy reporting thresholds]


Domain annotation for each sequence (and alignments):

   [No targets detected that satisfy reporting thresholds]


Internal pipeline statistics summary:
-------------------------------------
Query model(s):                            1  (505 nodes)
Target sequences:                       1181  (347784 residues searched)
Passed MSV filter:                        57  (0.0482642); expected 23.6 (0.02)
Passed bias filter:                       18  (0.0152413); expected 23.6 (0.02)
Passed Vit filter:                         1  (0.00084674); expected 1.2 (0.001)
Passed Fwd filter:                         0  (0); expected 0.0 (1e-05)
Initial search space (Z):               1181  [actual number of targets]
Domain search space  (domZ):               0  [number of targets reported over threshold]
# CPU time: 0.01u 0.00s 00:00:00.01 Elapsed: 00:00:00.00
# Mc/sec: 20298.25
//
Query:       nifE-03292025  [M=556]
Scores for complete sequences (score includes all domains):
   --- full sequence ---   --- best 1 domain ---    -#dom-
    E-value  score  bias    E-value  score  bias    exp  N  Sequence Description
    ------- ------ -----    ------- ------ -----   ---- --  -------- -----------

   [No hits detected that satisfy reporting thresholds]


Domain annotation for each sequence (and alignments):

   [No targets detected that satisfy reporting thresholds]


Internal pipeline statistics summary:
-------------------------------------
Query model(s):                            1  (556 nodes)
Target sequences:                       1181  (347784 residues searched)
Passed MSV filter:                        74  (0.0626588); expected 23.6 (0.02)
Passed bias filter:                       28  (0.0237087); expected 23.6 (0.02)
Passed Vit filter:                         2  (0.00169348); expected 1.2 (0.001)
Passed Fwd filter:                         0  (0); expected 0.0 (1e-05)
Initial search space (Z):               1181  [actual number of targets]
Domain search space  (domZ):               0  [number of targets reported over threshold]
# CPU time: 0.02u 0.00s 00:00:00.02 Elapsed: 00:00:00.01
# Mc/sec: 17522.93
//
Query:       nifN-03292025  [M=700]
Scores for complete sequences (score includes all domains):
   --- full sequence ---   --- best 1 domain ---    -#dom-
    E-value  score  bias    E-value  score  bias    exp  N  Sequence Description
    ------- ------ -----    ------- ------ -----   ---- --  -------- -----------

   [No hits detected that satisfy reporting thresholds]


Domain annotation for each sequence (and alignments):

   [No targets detected that satisfy reporting thresholds]


Internal pipeline statistics summary:
-------------------------------------
Query model(s):                            1  (700 nodes)
Target sequences:                       1181  (347784 residues searched)
Passed MSV filter:                        72  (0.0609653); expected 23.6 (0.02)
Passed bias filter:                       46  (0.03895); expected 23.6 (0.02)
Passed Vit filter:                         2  (0.00169348); expected 1.2 (0.001)
Passed Fwd filter:                         0  (0); expected 0.0 (1e-05)
Initial search space (Z):               1181  [actual number of targets]
Domain search space  (domZ):               0  [number of targets reported over threshold]
# CPU time: 0.02u 0.00s 00:00:00.02 Elapsed: 00:00:00.01
# Mc/sec: 16348.84
//
Query:       pchlide-04012025  [M=508]
Scores for complete sequences (score includes all domains):
   --- full sequence ---   --- best 1 domain ---    -#dom-
    E-value  score  bias    E-value  score  bias    exp  N  Sequence Description
    ------- ------ -----    ------- ------ -----   ---- --  -------- -----------

   [No hits detected that satisfy reporting thresholds]


Domain annotation for each sequence (and alignments):

   [No targets detected that satisfy reporting thresholds]


Internal pipeline statistics summary:
-------------------------------------
Query model(s):                            1  (508 nodes)
Target sequences:                       1181  (347784 residues searched)
Passed MSV filter:                        54  (0.045724); expected 23.6 (0.02)
Passed bias filter:                       28  (0.0237087); expected 23.6 (0.02)
Passed Vit filter:                         1  (0.00084674); expected 1.2 (0.001)
Passed Fwd filter:                         0  (0); expected 0.0 (1e-05)
Initial search space (Z):               1181  [actual number of targets]
Domain search space  (domZ):               0  [number of targets reported over threshold]
# CPU time: 0.01u 0.00s 00:00:00.01 Elapsed: 00:00:00.00
# Mc/sec: 18818.90
//
[ok]
# hmmsearch :: search profile(s) against a sequence database
# HMMER 3.4 (Aug 2023); http://hmmer.org/
# Copyright (C) 2023 Howard Hughes Medical Institute.
# Freely distributed under the BSD open source license.
# - - - - - - - - - - - - - - - - - - - - - - - - - - - - - - - - - - - -
# query HMM file:                  ../HMMs/nifV_07242025.hmm
# target sequence database:        ../all_rep_proteins_aa/bacteria/GB_GCA_947599755.1_protein.faa
# - - - - - - - - - - - - - - - - - - - - - - - - - - - - - - - - - - - -

Query:       nifV-07242025  [M=437]
Scores for complete sequences (score includes all domains):
   --- full sequence ---   --- best 1 domain ---    -#dom-
    E-value  score  bias    E-value  score  bias    exp  N  Sequence Description
    ------- ------ -----    ------- ------ -----   ---- --  -------- -----------

   [No hits detected that satisfy reporting thresholds]


Domain annotation for each sequence (and alignments):

   [No targets detected that satisfy reporting thresholds]


Internal pipeline statistics summary:
-------------------------------------
Query model(s):                            1  (437 nodes)
Target sequences:                       1181  (347784 residues searched)
Passed MSV filter:                        42  (0.0355631); expected 23.6 (0.02)
Passed bias filter:                       37  (0.0313294); expected 23.6 (0.02)
Passed Vit filter:                         2  (0.00169348); expected 1.2 (0.001)
Passed Fwd filter:                         0  (0); expected 0.0 (1e-05)
Initial search space (Z):               1181  [actual number of targets]
Domain search space  (domZ):               0  [number of targets reported over threshold]
# CPU time: 0.01u 0.00s 00:00:00.01 Elapsed: 00:00:00.00
# Mc/sec: 17195.23
//
[ok]
