# hmmsearch :: search profile(s) against a sequence database
# HMMER 3.4 (Aug 2023); http://hmmer.org/
# Copyright (C) 2023 Howard Hughes Medical Institute.
# Freely distributed under the BSD open source license.
# - - - - - - - - - - - - - - - - - - - - - - - - - - - - - - - - - - - -
# query HMM file:                  ../HMMs/combined_nif_04012025.hmm
# target sequence database:        ../all_rep_proteins_aa/bacteria/GB_GCA_947626215.1_protein.faa
# - - - - - - - - - - - - - - - - - - - - - - - - - - - - - - - - - - - -

Query:       nifH-03292025  [M=327]
Scores for complete sequences (score includes all domains):
   --- full sequence ---   --- best 1 domain ---    -#dom-
    E-value  score  bias    E-value  score  bias    exp  N  Sequence             Description
    ------- ------ -----    ------- ------ -----   ---- --  --------             -----------
      5e-12   41.9   0.3    1.9e-06   23.6   0.2    2.2  2  CANQRJ010000004.1_15  # 11451 # 12236 # -1 # ID=4_15;partial=
     0.0043   12.5   0.4     0.0043   12.5   0.4    1.8  2  CANQRJ010000098.1_1   # 3 # 500 # -1 # ID=98_1;partial=10;sta


Domain annotation for each sequence (and alignments):
>> CANQRJ010000004.1_15  # 11451 # 12236 # -1 # ID=4_15;partial=00;start_type=ATG;rbs_motif=AGxAGG/AGGxGG;rbs_spacer=5-1
   #    score  bias  c-Evalue  i-Evalue hmmfrom  hmm to    alifrom  ali to    envfrom  env to     acc
 ---   ------ ----- --------- --------- ------- -------    ------- -------    ------- -------    ----
   1 !   23.6   0.2   2.8e-09   1.9e-06      17      53 ..      11      47 ..       4      87 .. 0.81
   2 !   16.3   0.0   4.4e-07    0.0003     149     255 ..     147     258 ..     142     261 .. 0.86

  Alignments for each domain:
  == domain 1  score: 23.6 bits;  conditional E-value: 2.8e-09
         nifH-03292025 17 KGGiGKSttasnlsaalaeegkkvlivGCdPKaDstr 53
                          KGG+GK tt+ nl+aal +e+kk l +  dP   +++
  CANQRJ010000004.1_15 11 KGGVGKTTTSINLAAALGKENKKTLLIDLDPQGNASS 47
                          9******************************866544 PP

  == domain 2  score: 16.3 bits;  conditional E-value: 4.4e-07
         nifH-03292025 149 adevyivtsgemmalYaanniakgikkyaee..ggvrlgGlicNsrkvdke..eelveefaeklgtqiiaf.vprsnevqkaelekktv 232
                           +d+v+i + +e+ al     ++++i  ++++   + r+ G++  + + +++   e++ee+ + ++++++++ +pr   + +a  ++k +
  CANQRJ010000004.1_15 147 SDSVIIPVQCEYFALEGITQLLNSIILVQSNmnPDLRIEGVLLTMLDGRTNigLEIIEEVRKCFKSKVFNTiIPRLVRLVEAPSHGKPI 235
                           578889999999999999999999987777633678999*999988766552279*************976279*************** PP

         nifH-03292025 233 ieaapdseqakeyreLakkilen 255
                            +++p+s+++ +y++Lak++++ 
  CANQRJ010000004.1_15 236 SDYDPTSRATLAYENLAKEVISR 258
                           *******************9875 PP

>> CANQRJ010000098.1_1  # 3 # 500 # -1 # ID=98_1;partial=10;start_type=ATG;rbs_motif=GGA/GAG/AGG;rbs_spacer=5-10bp;gc_co
   #    score  bias  c-Evalue  i-Evalue hmmfrom  hmm to    alifrom  ali to    envfrom  env to     acc
 ---   ------ ----- --------- --------- ------- -------    ------- -------    ------- -------    ----
   1 ?   -2.3   0.0       0.2   1.4e+02      59      81 ..      69      91 ..      58     103 .. 0.59
   2 !   12.5   0.4   6.4e-06    0.0043      13      46 ..     129     162 ..     117     163 .. 0.88

  Alignments for each domain:
  == domain 1  score: -2.3 bits;  conditional E-value: 0.2
        nifH-03292025 59 kaqktvldllrekgedleledvv 81
                            +tv++ l++ +e+++ e+++
  CANQRJ010000098.1_1 69 IGVNTVFSFLERLKERVKKENIT 91
                         34455555555555555555554 PP

  == domain 2  score: 12.5 bits;  conditional E-value: 6.4e-06
        nifH-03292025  13 AiYGKGGiGKSttasnlsaalaeegkkvlivGCd 46 
                           + G  G+GK tt ++l++   +egkkv+++  d
  CANQRJ010000098.1_1 129 LMVGVNGVGKTTTIAKLAYKYIKEGKKVMMIAAD 162
                          566889***********************99765 PP



Internal pipeline statistics summary:
-------------------------------------
Query model(s):                            1  (327 nodes)
Target sequences:                       1363  (405125 residues searched)
Passed MSV filter:                       120  (0.0880411); expected 27.3 (0.02)
Passed bias filter:                       72  (0.0528247); expected 27.3 (0.02)
Passed Vit filter:                        13  (0.00953778); expected 1.4 (0.001)
Passed Fwd filter:                         2  (0.00146735); expected 0.0 (1e-05)
Initial search space (Z):               1363  [actual number of targets]
Domain search space  (domZ):               2  [number of targets reported over threshold]
# CPU time: 0.02u 0.00s 00:00:00.02 Elapsed: 00:00:00.02
# Mc/sec: 5189.49
//
Query:       nifD-03292025  [M=482]
Scores for complete sequences (score includes all domains):
   --- full sequence ---   --- best 1 domain ---    -#dom-
    E-value  score  bias    E-value  score  bias    exp  N  Sequence Description
    ------- ------ -----    ------- ------ -----   ---- --  -------- -----------

   [No hits detected that satisfy reporting thresholds]


Domain annotation for each sequence (and alignments):

   [No targets detected that satisfy reporting thresholds]


Internal pipeline statistics summary:
-------------------------------------
Query model(s):                            1  (482 nodes)
Target sequences:                       1363  (405125 residues searched)
Passed MSV filter:                       100  (0.0733676); expected 27.3 (0.02)
Passed bias filter:                       29  (0.0212766); expected 27.3 (0.02)
Passed Vit filter:                         2  (0.00146735); expected 1.4 (0.001)
Passed Fwd filter:                         0  (0); expected 0.0 (1e-05)
Initial search space (Z):               1363  [actual number of targets]
Domain search space  (domZ):               0  [number of targets reported over threshold]
# CPU time: 0.01u 0.00s 00:00:00.01 Elapsed: 00:00:00.00
# Mc/sec: 20177.47
//
Query:       nifK-03292025  [M=490]
Scores for complete sequences (score includes all domains):
   --- full sequence ---   --- best 1 domain ---    -#dom-
    E-value  score  bias    E-value  score  bias    exp  N  Sequence Description
    ------- ------ -----    ------- ------ -----   ---- --  -------- -----------

   [No hits detected that satisfy reporting thresholds]


Domain annotation for each sequence (and alignments):

   [No targets detected that satisfy reporting thresholds]


Internal pipeline statistics summary:
-------------------------------------
Query model(s):                            1  (490 nodes)
Target sequences:                       1363  (405125 residues searched)
Passed MSV filter:                        58  (0.0425532); expected 27.3 (0.02)
Passed bias filter:                       29  (0.0212766); expected 27.3 (0.02)
Passed Vit filter:                         0  (0); expected 1.4 (0.001)
Passed Fwd filter:                         0  (0); expected 0.0 (1e-05)
Initial search space (Z):               1363  [actual number of targets]
Domain search space  (domZ):               0  [number of targets reported over threshold]
# CPU time: 0.01u 0.00s 00:00:00.01 Elapsed: 00:00:00.00
# Mc/sec: 24207.87
//
Query:       nifB-03292025  [M=505]
Scores for complete sequences (score includes all domains):
   --- full sequence ---   --- best 1 domain ---    -#dom-
    E-value  score  bias    E-value  score  bias    exp  N  Sequence Description
    ------- ------ -----    ------- ------ -----   ---- --  -------- -----------

   [No hits detected that satisfy reporting thresholds]


Domain annotation for each sequence (and alignments):

   [No targets detected that satisfy reporting thresholds]


Internal pipeline statistics summary:
-------------------------------------
Query model(s):                            1  (505 nodes)
Target sequences:                       1363  (405125 residues searched)
Passed MSV filter:                        62  (0.0454879); expected 27.3 (0.02)
Passed bias filter:                       28  (0.0205429); expected 27.3 (0.02)
Passed Vit filter:                         1  (0.000733676); expected 1.4 (0.001)
Passed Fwd filter:                         0  (0); expected 0.0 (1e-05)
Initial search space (Z):               1363  [actual number of targets]
Domain search space  (domZ):               0  [number of targets reported over threshold]
# CPU time: 0.01u 0.00s 00:00:00.01 Elapsed: 00:00:00.01
# Mc/sec: 16049.34
//
Query:       nifE-03292025  [M=556]
Scores for complete sequences (score includes all domains):
   --- full sequence ---   --- best 1 domain ---    -#dom-
    E-value  score  bias    E-value  score  bias    exp  N  Sequence Description
    ------- ------ -----    ------- ------ -----   ---- --  -------- -----------

   [No hits detected that satisfy reporting thresholds]


Domain annotation for each sequence (and alignments):

   [No targets detected that satisfy reporting thresholds]


Internal pipeline statistics summary:
-------------------------------------
Query model(s):                            1  (556 nodes)
Target sequences:                       1363  (405125 residues searched)
Passed MSV filter:                        65  (0.0476889); expected 27.3 (0.02)
Passed bias filter:                       33  (0.0242113); expected 27.3 (0.02)
Passed Vit filter:                         0  (0); expected 1.4 (0.001)
Passed Fwd filter:                         0  (0); expected 0.0 (1e-05)
Initial search space (Z):               1363  [actual number of targets]
Domain search space  (domZ):               0  [number of targets reported over threshold]
# CPU time: 0.02u 0.00s 00:00:00.02 Elapsed: 00:00:00.01
# Mc/sec: 21962.79
//
Query:       nifN-03292025  [M=700]
Scores for complete sequences (score includes all domains):
   --- full sequence ---   --- best 1 domain ---    -#dom-
    E-value  score  bias    E-value  score  bias    exp  N  Sequence Description
    ------- ------ -----    ------- ------ -----   ---- --  -------- -----------

   [No hits detected that satisfy reporting thresholds]


Domain annotation for each sequence (and alignments):

   [No targets detected that satisfy reporting thresholds]


Internal pipeline statistics summary:
-------------------------------------
Query model(s):                            1  (700 nodes)
Target sequences:                       1363  (405125 residues searched)
Passed MSV filter:                        76  (0.0557594); expected 27.3 (0.02)
Passed bias filter:                       51  (0.0374175); expected 27.3 (0.02)
Passed Vit filter:                         3  (0.00220103); expected 1.4 (0.001)
Passed Fwd filter:                         0  (0); expected 0.0 (1e-05)
Initial search space (Z):               1363  [actual number of targets]
Domain search space  (domZ):               0  [number of targets reported over threshold]
# CPU time: 0.02u 0.01s 00:00:00.03 Elapsed: 00:00:00.01
# Mc/sec: 18910.52
//
Query:       pchlide-04012025  [M=508]
Scores for complete sequences (score includes all domains):
   --- full sequence ---   --- best 1 domain ---    -#dom-
    E-value  score  bias    E-value  score  bias    exp  N  Sequence Description
    ------- ------ -----    ------- ------ -----   ---- --  -------- -----------

   [No hits detected that satisfy reporting thresholds]


Domain annotation for each sequence (and alignments):

   [No targets detected that satisfy reporting thresholds]


Internal pipeline statistics summary:
-------------------------------------
Query model(s):                            1  (508 nodes)
Target sequences:                       1363  (405125 residues searched)
Passed MSV filter:                        59  (0.0432869); expected 27.3 (0.02)
Passed bias filter:                       34  (0.024945); expected 27.3 (0.02)
Passed Vit filter:                         2  (0.00146735); expected 1.4 (0.001)
Passed Fwd filter:                         0  (0); expected 0.0 (1e-05)
Initial search space (Z):               1363  [actual number of targets]
Domain search space  (domZ):               0  [number of targets reported over threshold]
# CPU time: 0.01u 0.00s 00:00:00.01 Elapsed: 00:00:00.01
# Mc/sec: 19421.25
//
[ok]
# hmmsearch :: search profile(s) against a sequence database
# HMMER 3.4 (Aug 2023); http://hmmer.org/
# Copyright (C) 2023 Howard Hughes Medical Institute.
# Freely distributed under the BSD open source license.
# - - - - - - - - - - - - - - - - - - - - - - - - - - - - - - - - - - - -
# query HMM file:                  ../HMMs/nifV_07242025.hmm
# target sequence database:        ../all_rep_proteins_aa/bacteria/GB_GCA_947626215.1_protein.faa
# - - - - - - - - - - - - - - - - - - - - - - - - - - - - - - - - - - - -

Query:       nifV-07242025  [M=437]
Scores for complete sequences (score includes all domains):
   --- full sequence ---   --- best 1 domain ---    -#dom-
    E-value  score  bias    E-value  score  bias    exp  N  Sequence Description
    ------- ------ -----    ------- ------ -----   ---- --  -------- -----------

   [No hits detected that satisfy reporting thresholds]


Domain annotation for each sequence (and alignments):

   [No targets detected that satisfy reporting thresholds]


Internal pipeline statistics summary:
-------------------------------------
Query model(s):                            1  (437 nodes)
Target sequences:                       1363  (405125 residues searched)
Passed MSV filter:                        24  (0.0176082); expected 27.3 (0.02)
Passed bias filter:                       19  (0.0139398); expected 27.3 (0.02)
Passed Vit filter:                         1  (0.000733676); expected 1.4 (0.001)
Passed Fwd filter:                         0  (0); expected 0.0 (1e-05)
Initial search space (Z):               1363  [actual number of targets]
Domain search space  (domZ):               0  [number of targets reported over threshold]
# CPU time: 0.01u 0.00s 00:00:00.01 Elapsed: 00:00:00.00
# Mc/sec: 24098.27
//
[ok]
