# hmmsearch :: search profile(s) against a sequence database
# HMMER 3.4 (Aug 2023); http://hmmer.org/
# Copyright (C) 2023 Howard Hughes Medical Institute.
# Freely distributed under the BSD open source license.
# - - - - - - - - - - - - - - - - - - - - - - - - - - - - - - - - - - - -
# query HMM file:                  ../HMMs/combined_nif_04012025.hmm
# target sequence database:        ../all_rep_proteins_aa/bacteria/GB_GCA_937967465.1_protein.faa
# - - - - - - - - - - - - - - - - - - - - - - - - - - - - - - - - - - - -

Query:       nifH-03292025  [M=327]
Scores for complete sequences (score includes all domains):
   --- full sequence ---   --- best 1 domain ---    -#dom-
    E-value  score  bias    E-value  score  bias    exp  N  Sequence             Description
    ------- ------ -----    ------- ------ -----   ---- --  --------             -----------
    2.8e-09   33.5   0.1    5.1e-05   19.5   0.2    2.1  2  CALBSW010000026.1_4   # 2202 # 3047 # 1 # ID=26_4;partial=00;
    7.3e-07   25.6   0.0    1.6e-06   24.5   0.0    1.6  1  CALBSW010000084.1_10  # 6690 # 7781 # 1 # ID=84_10;partial=00


Domain annotation for each sequence (and alignments):
>> CALBSW010000026.1_4  # 2202 # 3047 # 1 # ID=26_4;partial=00;start_type=ATG;rbs_motif=None;rbs_spacer=None;gc_cont=0.5
   #    score  bias  c-Evalue  i-Evalue hmmfrom  hmm to    alifrom  ali to    envfrom  env to     acc
 ---   ------ ----- --------- --------- ------- -------    ------- -------    ------- -------    ----
   1 !   19.5   0.2   4.8e-08   5.1e-05      17      53 ..      11      47 ..       2      56 .. 0.91
   2 !   11.9   0.0     1e-05     0.011     149     259 ..     141     256 ..     138     269 .. 0.76

  Alignments for each domain:
  == domain 1  score: 19.5 bits;  conditional E-value: 4.8e-08
        nifH-03292025 17 KGGiGKSttasnlsaalaeegkkvlivGCdPKaDstr 53
                         KGG+GK tta nl a l   +++ l v  dP a s++
  CALBSW010000026.1_4 11 KGGVGKTTTAINLGASLGALEYRTLLVDADPQANSSS 47
                         9********************************9975 PP

  == domain 2  score: 11.9 bits;  conditional E-value: 1e-05
        nifH-03292025 149 adevyivtsgemmalYaanniakgikkyaeeggvrlg..GlicNsrkv..dkeeelveefaeklgtqiiaf.vprsnevqkaelekktvi 233
                          ad+v+i + +e+ al     ++++ik ++   + +lg  G++  + ++  +  +++vee+  +++  ++ + ++r++ + +a  +++t++
  CALBSW010000026.1_4 141 ADSVVIPVQCEYFALEGLGKLLNTIKIVQGGLNPNLGieGILLTMYDTrlRLSNQVVEEVRMHFRELVFDTlIHRNTRLGEAPSHGETIV 230
                          788888888888888888888888888887755544333777766554115678899999988888887653789999************ PP

        nifH-03292025 234 eaapdseqakeyreLakkilenkklv 259
                           ++ +++ a +y +La++il++++l+
  CALBSW010000026.1_4 231 MHDASCKGAINYLNLAREILQKNDLT 256
                          *******************9876543 PP

>> CALBSW010000084.1_10  # 6690 # 7781 # 1 # ID=84_10;partial=00;start_type=ATG;rbs_motif=None;rbs_spacer=None;gc_cont=0
   #    score  bias  c-Evalue  i-Evalue hmmfrom  hmm to    alifrom  ali to    envfrom  env to     acc
 ---   ------ ----- --------- --------- ------- -------    ------- -------    ------- -------    ----
   1 !   24.5   0.0   1.5e-09   1.6e-06      15      44 ..     114     143 ..     101     180 .. 0.81

  Alignments for each domain:
  == domain 1  score: 24.5 bits;  conditional E-value: 1.5e-09
         nifH-03292025  15 YGKGGiGKSttasnlsaalaeegkkvlivG 44 
                            GKGG+GKSt+++nl++ la++g++v  + 
  CALBSW010000084.1_10 114 SGKGGVGKSTVTANLAVELARRGHRVGLID 143
                           4************************97665 PP



Internal pipeline statistics summary:
-------------------------------------
Query model(s):                            1  (327 nodes)
Target sequences:                       2135  (763932 residues searched)
Passed MSV filter:                        76  (0.0355972); expected 42.7 (0.02)
Passed bias filter:                       68  (0.0318501); expected 42.7 (0.02)
Passed Vit filter:                        13  (0.00608899); expected 2.1 (0.001)
Passed Fwd filter:                         2  (0.000936768); expected 0.0 (1e-05)
Initial search space (Z):               2135  [actual number of targets]
Domain search space  (domZ):               2  [number of targets reported over threshold]
# CPU time: 0.02u 0.00s 00:00:00.02 Elapsed: 00:00:00.01
# Mc/sec: 15196.74
//
Query:       nifD-03292025  [M=482]
Scores for complete sequences (score includes all domains):
   --- full sequence ---   --- best 1 domain ---    -#dom-
    E-value  score  bias    E-value  score  bias    exp  N  Sequence Description
    ------- ------ -----    ------- ------ -----   ---- --  -------- -----------

   [No hits detected that satisfy reporting thresholds]


Domain annotation for each sequence (and alignments):

   [No targets detected that satisfy reporting thresholds]


Internal pipeline statistics summary:
-------------------------------------
Query model(s):                            1  (482 nodes)
Target sequences:                       2135  (763932 residues searched)
Passed MSV filter:                        51  (0.0238876); expected 42.7 (0.02)
Passed bias filter:                       40  (0.0187354); expected 42.7 (0.02)
Passed Vit filter:                         6  (0.0028103); expected 2.1 (0.001)
Passed Fwd filter:                         0  (0); expected 0.0 (1e-05)
Initial search space (Z):               2135  [actual number of targets]
Domain search space  (domZ):               0  [number of targets reported over threshold]
# CPU time: 0.02u 0.00s 00:00:00.02 Elapsed: 00:00:00.01
# Mc/sec: 18684.78
//
Query:       nifK-03292025  [M=490]
Scores for complete sequences (score includes all domains):
   --- full sequence ---   --- best 1 domain ---    -#dom-
    E-value  score  bias    E-value  score  bias    exp  N  Sequence Description
    ------- ------ -----    ------- ------ -----   ---- --  -------- -----------

   [No hits detected that satisfy reporting thresholds]


Domain annotation for each sequence (and alignments):

   [No targets detected that satisfy reporting thresholds]


Internal pipeline statistics summary:
-------------------------------------
Query model(s):                            1  (490 nodes)
Target sequences:                       2135  (763932 residues searched)
Passed MSV filter:                        46  (0.0215457); expected 42.7 (0.02)
Passed bias filter:                       43  (0.0201405); expected 42.7 (0.02)
Passed Vit filter:                         2  (0.000936768); expected 2.1 (0.001)
Passed Fwd filter:                         0  (0); expected 0.0 (1e-05)
Initial search space (Z):               2135  [actual number of targets]
Domain search space  (domZ):               0  [number of targets reported over threshold]
# CPU time: 0.03u 0.00s 00:00:00.03 Elapsed: 00:00:00.01
# Mc/sec: 25014.06
//
Query:       nifB-03292025  [M=505]
Scores for complete sequences (score includes all domains):
   --- full sequence ---   --- best 1 domain ---    -#dom-
    E-value  score  bias    E-value  score  bias    exp  N  Sequence Description
    ------- ------ -----    ------- ------ -----   ---- --  -------- -----------

   [No hits detected that satisfy reporting thresholds]


Domain annotation for each sequence (and alignments):

   [No targets detected that satisfy reporting thresholds]


Internal pipeline statistics summary:
-------------------------------------
Query model(s):                            1  (505 nodes)
Target sequences:                       2135  (763932 residues searched)
Passed MSV filter:                        45  (0.0210773); expected 42.7 (0.02)
Passed bias filter:                       33  (0.0154567); expected 42.7 (0.02)
Passed Vit filter:                         0  (0); expected 2.1 (0.001)
Passed Fwd filter:                         0  (0); expected 0.0 (1e-05)
Initial search space (Z):               2135  [actual number of targets]
Domain search space  (domZ):               0  [number of targets reported over threshold]
# CPU time: 0.02u 0.01s 00:00:00.03 Elapsed: 00:00:00.01
# Mc/sec: 28368.10
//
Query:       nifE-03292025  [M=556]
Scores for complete sequences (score includes all domains):
   --- full sequence ---   --- best 1 domain ---    -#dom-
    E-value  score  bias    E-value  score  bias    exp  N  Sequence Description
    ------- ------ -----    ------- ------ -----   ---- --  -------- -----------

   [No hits detected that satisfy reporting thresholds]


Domain annotation for each sequence (and alignments):

   [No targets detected that satisfy reporting thresholds]


Internal pipeline statistics summary:
-------------------------------------
Query model(s):                            1  (556 nodes)
Target sequences:                       2135  (763932 residues searched)
Passed MSV filter:                        65  (0.030445); expected 42.7 (0.02)
Passed bias filter:                       53  (0.0248244); expected 42.7 (0.02)
Passed Vit filter:                         5  (0.00234192); expected 2.1 (0.001)
Passed Fwd filter:                         0  (0); expected 0.0 (1e-05)
Initial search space (Z):               2135  [actual number of targets]
Domain search space  (domZ):               0  [number of targets reported over threshold]
# CPU time: 0.02u 0.00s 00:00:00.02 Elapsed: 00:00:00.01
# Mc/sec: 27419.79
//
Query:       nifN-03292025  [M=700]
Scores for complete sequences (score includes all domains):
   --- full sequence ---   --- best 1 domain ---    -#dom-
    E-value  score  bias    E-value  score  bias    exp  N  Sequence Description
    ------- ------ -----    ------- ------ -----   ---- --  -------- -----------

   [No hits detected that satisfy reporting thresholds]


Domain annotation for each sequence (and alignments):

   [No targets detected that satisfy reporting thresholds]


Internal pipeline statistics summary:
-------------------------------------
Query model(s):                            1  (700 nodes)
Target sequences:                       2135  (763932 residues searched)
Passed MSV filter:                        63  (0.0295082); expected 42.7 (0.02)
Passed bias filter:                       54  (0.0252927); expected 42.7 (0.02)
Passed Vit filter:                         4  (0.00187354); expected 2.1 (0.001)
Passed Fwd filter:                         0  (0); expected 0.0 (1e-05)
Initial search space (Z):               2135  [actual number of targets]
Domain search space  (domZ):               0  [number of targets reported over threshold]
# CPU time: 0.03u 0.00s 00:00:00.03 Elapsed: 00:00:00.01
# Mc/sec: 30950.14
//
Query:       pchlide-04012025  [M=508]
Scores for complete sequences (score includes all domains):
   --- full sequence ---   --- best 1 domain ---    -#dom-
    E-value  score  bias    E-value  score  bias    exp  N  Sequence Description
    ------- ------ -----    ------- ------ -----   ---- --  -------- -----------

   [No hits detected that satisfy reporting thresholds]


Domain annotation for each sequence (and alignments):

   [No targets detected that satisfy reporting thresholds]


Internal pipeline statistics summary:
-------------------------------------
Query model(s):                            1  (508 nodes)
Target sequences:                       2135  (763932 residues searched)
Passed MSV filter:                        55  (0.0257611); expected 42.7 (0.02)
Passed bias filter:                       51  (0.0238876); expected 42.7 (0.02)
Passed Vit filter:                         6  (0.0028103); expected 2.1 (0.001)
Passed Fwd filter:                         0  (0); expected 0.0 (1e-05)
Initial search space (Z):               2135  [actual number of targets]
Domain search space  (domZ):               0  [number of targets reported over threshold]
# CPU time: 0.03u 0.00s 00:00:00.03 Elapsed: 00:00:00.02
# Mc/sec: 16594.65
//
[ok]
# hmmsearch :: search profile(s) against a sequence database
# HMMER 3.4 (Aug 2023); http://hmmer.org/
# Copyright (C) 2023 Howard Hughes Medical Institute.
# Freely distributed under the BSD open source license.
# - - - - - - - - - - - - - - - - - - - - - - - - - - - - - - - - - - - -
# query HMM file:                  ../HMMs/nifV_07242025.hmm
# target sequence database:        ../all_rep_proteins_aa/bacteria/GB_GCA_937967465.1_protein.faa
# - - - - - - - - - - - - - - - - - - - - - - - - - - - - - - - - - - - -

Query:       nifV-07242025  [M=437]
Scores for complete sequences (score includes all domains):
   --- full sequence ---   --- best 1 domain ---    -#dom-
    E-value  score  bias    E-value  score  bias    exp  N  Sequence Description
    ------- ------ -----    ------- ------ -----   ---- --  -------- -----------

   [No hits detected that satisfy reporting thresholds]


Domain annotation for each sequence (and alignments):

   [No targets detected that satisfy reporting thresholds]


Internal pipeline statistics summary:
-------------------------------------
Query model(s):                            1  (437 nodes)
Target sequences:                       2135  (763932 residues searched)
Passed MSV filter:                        80  (0.0374707); expected 42.7 (0.02)
Passed bias filter:                       57  (0.0266979); expected 42.7 (0.02)
Passed Vit filter:                         6  (0.0028103); expected 2.1 (0.001)
Passed Fwd filter:                         0  (0); expected 0.0 (1e-05)
Initial search space (Z):               2135  [actual number of targets]
Domain search space  (domZ):               0  [number of targets reported over threshold]
# CPU time: 0.01u 0.00s 00:00:00.01 Elapsed: 00:00:00.01
# Mc/sec: 27143.20
//
[ok]
