# hmmsearch :: search profile(s) against a sequence database
# HMMER 3.4 (Aug 2023); http://hmmer.org/
# Copyright (C) 2023 Howard Hughes Medical Institute.
# Freely distributed under the BSD open source license.
# - - - - - - - - - - - - - - - - - - - - - - - - - - - - - - - - - - - -
# query HMM file:                  ../HMMs/combined_nif_04012025.hmm
# target sequence database:        ../all_rep_proteins_aa/bacteria/GB_GCA_025055635.1_protein.faa
# - - - - - - - - - - - - - - - - - - - - - - - - - - - - - - - - - - - -

Query:       nifH-03292025  [M=327]
Scores for complete sequences (score includes all domains):
   --- full sequence ---   --- best 1 domain ---    -#dom-
    E-value  score  bias    E-value  score  bias    exp  N  Sequence             Description
    ------- ------ -----    ------- ------ -----   ---- --  --------             -----------
    5.7e-12   42.3   0.6    2.8e-06   23.6   0.1    2.1  2  JANWWQ010000066.1_6   # 6086 # 6889 # -1 # ID=99_6;partial=00
    1.7e-06   24.3   0.0    0.00015   18.0   0.2    2.2  2  JANWWQ010000009.1_31  # 38159 # 39262 # -1 # ID=136_31;partia


Domain annotation for each sequence (and alignments):
>> JANWWQ010000066.1_6  # 6086 # 6889 # -1 # ID=99_6;partial=00;start_type=ATG;rbs_motif=TTT;rbs_spacer=12bp;gc_cont=0.4
   #    score  bias  c-Evalue  i-Evalue hmmfrom  hmm to    alifrom  ali to    envfrom  env to     acc
 ---   ------ ----- --------- --------- ------- -------    ------- -------    ------- -------    ----
   1 !   23.6   0.1   2.8e-09   2.8e-06      17      62 ..      11      57 ..       3      73 .. 0.85
   2 !   17.2   0.0   2.5e-07   0.00025     149     259 ..     141     256 ..     137     266 .. 0.80

  Alignments for each domain:
  == domain 1  score: 23.6 bits;  conditional E-value: 2.8e-09
        nifH-03292025 17 KGGiGKSttasnlsaalaeegkkvlivGCdPKaDstrll.lggkaqk 62
                         KGG+GK tta nl+aal   + k l +  dP a +t+ l +++k++k
  JANWWQ010000066.1_6 11 KGGVGKTTTAINLAAALGVLEFKTLLIDADPQANATSGLgFDQKSIK 57
                         9***********************************98733444444 PP

  == domain 2  score: 17.2 bits;  conditional E-value: 2.5e-07
        nifH-03292025 149 adevyivtsgemmalYaanniakgikkyaee..ggvrlgGlicNs..rkvdkeeelveefaeklgtqiiaf.vprsnevqkaelekktvi 233
                          +d+v+i + +e+ al     ++++ik ++++   + ++ G++  +  ++ +  +++vee+ +++++ ++ + + r++++ +a  +++ vi
  JANWWQ010000066.1_6 141 SDSVIIPVQCEYFALEGLGKLLNTIKIVQARlnPELEIEGILLTMydQRLKLARQVVEEVQTHFDMLVFDTiIYRNTTLGEAPSHGESVI 230
                          578888889999999999999999998888744566778988776114556789999999999999999762578899************ PP

        nifH-03292025 234 eaapdseqakeyreLakkilenkklv 259
                           ++  s+ a++y +La+++l++++l+
  JANWWQ010000066.1_6 231 MFDAGSKGAQNYLNLAREVLQKNNLT 256
                          *******************9876543 PP

>> JANWWQ010000009.1_31  # 38159 # 39262 # -1 # ID=136_31;partial=00;start_type=ATG;rbs_motif=None;rbs_spacer=None;gc_co
   #    score  bias  c-Evalue  i-Evalue hmmfrom  hmm to    alifrom  ali to    envfrom  env to     acc
 ---   ------ ----- --------- --------- ------- -------    ------- -------    ------- -------    ----
   1 !   18.0   0.2   1.4e-07   0.00015      16      40 ..     115     139 ..     104     146 .. 0.86
   2 !    4.0   0.0    0.0026       2.6     202     262 ..     305     364 ..     299     367 .. 0.86

  Alignments for each domain:
  == domain 1  score: 18.0 bits;  conditional E-value: 1.4e-07
         nifH-03292025  16 GKGGiGKSttasnlsaalaeegkkv 40 
                           GKGG+GKSt+a nl++al +eg  v
  JANWWQ010000009.1_31 115 GKGGVGKSTVAVNLAVALRTEGFAV 139
                           ******************9999766 PP

  == domain 2  score: 4.0 bits;  conditional E-value: 0.0026
         nifH-03292025 202 eefaeklgtqiiafvprsnevqkaelekktvieaapdseqakeyreLakkilenkklvipk 262
                           ee+a++l++ ++a++p ++ + +   +++  i  + +s+  k y++La+++l+  ++++p+
  JANWWQ010000009.1_31 305 EELAAELNVPLLAQIPLDESLCEQSDKGMP-ITLNTQSPLGKIYKSLAQNLLSSINTLLPS 364
                           789****************99887666665.678899*************99988877775 PP



Internal pipeline statistics summary:
-------------------------------------
Query model(s):                            1  (327 nodes)
Target sequences:                       2034  (702707 residues searched)
Passed MSV filter:                        61  (0.0299902); expected 40.7 (0.02)
Passed bias filter:                       54  (0.0265487); expected 40.7 (0.02)
Passed Vit filter:                         8  (0.00393314); expected 2.0 (0.001)
Passed Fwd filter:                         2  (0.000983284); expected 0.0 (1e-05)
Initial search space (Z):               2034  [actual number of targets]
Domain search space  (domZ):               2  [number of targets reported over threshold]
# CPU time: 0.02u 0.00s 00:00:00.02 Elapsed: 00:00:00.01
# Mc/sec: 13085.41
//
Query:       nifD-03292025  [M=482]
Scores for complete sequences (score includes all domains):
   --- full sequence ---   --- best 1 domain ---    -#dom-
    E-value  score  bias    E-value  score  bias    exp  N  Sequence Description
    ------- ------ -----    ------- ------ -----   ---- --  -------- -----------

   [No hits detected that satisfy reporting thresholds]


Domain annotation for each sequence (and alignments):

   [No targets detected that satisfy reporting thresholds]


Internal pipeline statistics summary:
-------------------------------------
Query model(s):                            1  (482 nodes)
Target sequences:                       2034  (702707 residues searched)
Passed MSV filter:                        59  (0.0290069); expected 40.7 (0.02)
Passed bias filter:                       52  (0.0255654); expected 40.7 (0.02)
Passed Vit filter:                         2  (0.000983284); expected 2.0 (0.001)
Passed Fwd filter:                         0  (0); expected 0.0 (1e-05)
Initial search space (Z):               2034  [actual number of targets]
Domain search space  (domZ):               0  [number of targets reported over threshold]
# CPU time: 0.02u 0.00s 00:00:00.02 Elapsed: 00:00:00.01
# Mc/sec: 26291.42
//
Query:       nifK-03292025  [M=490]
Scores for complete sequences (score includes all domains):
   --- full sequence ---   --- best 1 domain ---    -#dom-
    E-value  score  bias    E-value  score  bias    exp  N  Sequence Description
    ------- ------ -----    ------- ------ -----   ---- --  -------- -----------

   [No hits detected that satisfy reporting thresholds]


Domain annotation for each sequence (and alignments):

   [No targets detected that satisfy reporting thresholds]


Internal pipeline statistics summary:
-------------------------------------
Query model(s):                            1  (490 nodes)
Target sequences:                       2034  (702707 residues searched)
Passed MSV filter:                        45  (0.0221239); expected 40.7 (0.02)
Passed bias filter:                       43  (0.0211406); expected 40.7 (0.02)
Passed Vit filter:                         2  (0.000983284); expected 2.0 (0.001)
Passed Fwd filter:                         0  (0); expected 0.0 (1e-05)
Initial search space (Z):               2034  [actual number of targets]
Domain search space  (domZ):               0  [number of targets reported over threshold]
# CPU time: 0.02u 0.00s 00:00:00.02 Elapsed: 00:00:00.01
# Mc/sec: 28264.97
//
Query:       nifB-03292025  [M=505]
Scores for complete sequences (score includes all domains):
   --- full sequence ---   --- best 1 domain ---    -#dom-
    E-value  score  bias    E-value  score  bias    exp  N  Sequence Description
    ------- ------ -----    ------- ------ -----   ---- --  -------- -----------

   [No hits detected that satisfy reporting thresholds]


Domain annotation for each sequence (and alignments):

   [No targets detected that satisfy reporting thresholds]


Internal pipeline statistics summary:
-------------------------------------
Query model(s):                            1  (505 nodes)
Target sequences:                       2034  (702707 residues searched)
Passed MSV filter:                        42  (0.020649); expected 40.7 (0.02)
Passed bias filter:                       33  (0.0162242); expected 40.7 (0.02)
Passed Vit filter:                         2  (0.000983284); expected 2.0 (0.001)
Passed Fwd filter:                         0  (0); expected 0.0 (1e-05)
Initial search space (Z):               2034  [actual number of targets]
Domain search space  (domZ):               0  [number of targets reported over threshold]
# CPU time: 0.02u 0.00s 00:00:00.02 Elapsed: 00:00:00.01
# Mc/sec: 28683.64
//
Query:       nifE-03292025  [M=556]
Scores for complete sequences (score includes all domains):
   --- full sequence ---   --- best 1 domain ---    -#dom-
    E-value  score  bias    E-value  score  bias    exp  N  Sequence             Description
    ------- ------ -----    ------- ------ -----   ---- --  --------             -----------
    0.00091   14.6   0.8      0.002   13.5   0.8    1.6  1  JANWWQ010000009.1_22  # 27164 # 30493 # 1 # ID=136_22;partial


Domain annotation for each sequence (and alignments):
>> JANWWQ010000009.1_22  # 27164 # 30493 # 1 # ID=136_22;partial=00;start_type=ATG;rbs_motif=None;rbs_spacer=None;gc_con
   #    score  bias  c-Evalue  i-Evalue hmmfrom  hmm to    alifrom  ali to    envfrom  env to     acc
 ---   ------ ----- --------- --------- ------- -------    ------- -------    ------- -------    ----
   1 !   13.5   0.8   9.7e-07     0.002     317     405 ..     331     432 ..     324     518 .. 0.88

  Alignments for each domain:
  == domain 1  score: 13.5 bits;  conditional E-value: 9.7e-07
         nifE-03292025 317 elleraealiaeeearvekeleeyrkrL...........kGkkallytggv.kawslvsalrelGmevvatgtkksteedkerikellg 393
                           +l+ r+e+l++ +++ v +el+e++k L           +G k l +  g  k  +l++ l e Gm+++   t+++  +d+++ ++ ++
  JANWWQ010000009.1_22 331 QLKPRVEKLVNFQKKLVTAELAEAKKLLsgeyskedekkAGEKLLRAFRGLpKNSALIKFLSEPGMKTLLQKTENYYLQDQQKEMHKID 419
                           5889***************************999999999999999999988****************************999999999 PP

         nifE-03292025 394 edk.viledanpa 405
                           ++  ++++++n++
  JANWWQ010000009.1_22 420 DELyFVIDEKNHT 432
                           9984445544432 PP



Internal pipeline statistics summary:
-------------------------------------
Query model(s):                            1  (556 nodes)
Target sequences:                       2034  (702707 residues searched)
Passed MSV filter:                        67  (0.03294); expected 40.7 (0.02)
Passed bias filter:                       56  (0.027532); expected 40.7 (0.02)
Passed Vit filter:                         8  (0.00393314); expected 2.0 (0.001)
Passed Fwd filter:                         1  (0.000491642); expected 0.0 (1e-05)
Initial search space (Z):               2034  [actual number of targets]
Domain search space  (domZ):               1  [number of targets reported over threshold]
# CPU time: 0.03u 0.01s 00:00:00.04 Elapsed: 00:00:00.02
# Mc/sec: 18173.98
//
Query:       nifN-03292025  [M=700]
Scores for complete sequences (score includes all domains):
   --- full sequence ---   --- best 1 domain ---    -#dom-
    E-value  score  bias    E-value  score  bias    exp  N  Sequence Description
    ------- ------ -----    ------- ------ -----   ---- --  -------- -----------

   [No hits detected that satisfy reporting thresholds]


Domain annotation for each sequence (and alignments):

   [No targets detected that satisfy reporting thresholds]


Internal pipeline statistics summary:
-------------------------------------
Query model(s):                            1  (700 nodes)
Target sequences:                       2034  (702707 residues searched)
Passed MSV filter:                        67  (0.03294); expected 40.7 (0.02)
Passed bias filter:                       61  (0.0299902); expected 40.7 (0.02)
Passed Vit filter:                         6  (0.00294985); expected 2.0 (0.001)
Passed Fwd filter:                         0  (0); expected 0.0 (1e-05)
Initial search space (Z):               2034  [actual number of targets]
Domain search space  (domZ):               0  [number of targets reported over threshold]
# CPU time: 0.03u 0.00s 00:00:00.03 Elapsed: 00:00:00.01
# Mc/sec: 26993.90
//
Query:       pchlide-04012025  [M=508]
Scores for complete sequences (score includes all domains):
   --- full sequence ---   --- best 1 domain ---    -#dom-
    E-value  score  bias    E-value  score  bias    exp  N  Sequence Description
    ------- ------ -----    ------- ------ -----   ---- --  -------- -----------

   [No hits detected that satisfy reporting thresholds]


Domain annotation for each sequence (and alignments):

   [No targets detected that satisfy reporting thresholds]


Internal pipeline statistics summary:
-------------------------------------
Query model(s):                            1  (508 nodes)
Target sequences:                       2034  (702707 residues searched)
Passed MSV filter:                        60  (0.0294985); expected 40.7 (0.02)
Passed bias filter:                       53  (0.026057); expected 40.7 (0.02)
Passed Vit filter:                         4  (0.00196657); expected 2.0 (0.001)
Passed Fwd filter:                         0  (0); expected 0.0 (1e-05)
Initial search space (Z):               2034  [actual number of targets]
Domain search space  (domZ):               0  [number of targets reported over threshold]
# CPU time: 0.02u 0.00s 00:00:00.02 Elapsed: 00:00:00.01
# Mc/sec: 26025.14
//
[ok]
# hmmsearch :: search profile(s) against a sequence database
# HMMER 3.4 (Aug 2023); http://hmmer.org/
# Copyright (C) 2023 Howard Hughes Medical Institute.
# Freely distributed under the BSD open source license.
# - - - - - - - - - - - - - - - - - - - - - - - - - - - - - - - - - - - -
# query HMM file:                  ../HMMs/nifV_07242025.hmm
# target sequence database:        ../all_rep_proteins_aa/bacteria/GB_GCA_025055635.1_protein.faa
# - - - - - - - - - - - - - - - - - - - - - - - - - - - - - - - - - - - -

Query:       nifV-07242025  [M=437]
Scores for complete sequences (score includes all domains):
   --- full sequence ---   --- best 1 domain ---    -#dom-
    E-value  score  bias    E-value  score  bias    exp  N  Sequence Description
    ------- ------ -----    ------- ------ -----   ---- --  -------- -----------

   [No hits detected that satisfy reporting thresholds]


Domain annotation for each sequence (and alignments):

   [No targets detected that satisfy reporting thresholds]


Internal pipeline statistics summary:
-------------------------------------
Query model(s):                            1  (437 nodes)
Target sequences:                       2034  (702707 residues searched)
Passed MSV filter:                        44  (0.0216323); expected 40.7 (0.02)
Passed bias filter:                       36  (0.0176991); expected 40.7 (0.02)
Passed Vit filter:                         5  (0.00245821); expected 2.0 (0.001)
Passed Fwd filter:                         0  (0); expected 0.0 (1e-05)
Initial search space (Z):               2034  [actual number of targets]
Domain search space  (domZ):               0  [number of targets reported over threshold]
# CPU time: 0.02u 0.00s 00:00:00.02 Elapsed: 00:00:00.01
# Mc/sec: 26960.08
//
[ok]
