# hmmsearch :: search profile(s) against a sequence database
# HMMER 3.4 (Aug 2023); http://hmmer.org/
# Copyright (C) 2023 Howard Hughes Medical Institute.
# Freely distributed under the BSD open source license.
# - - - - - - - - - - - - - - - - - - - - - - - - - - - - - - - - - - - -
# query HMM file:                  ../HMMs/combined_nif_04012025.hmm
# target sequence database:        ../all_rep_proteins_aa/bacteria/GB_GCA_009693575.1_protein.faa
# - - - - - - - - - - - - - - - - - - - - - - - - - - - - - - - - - - - -

Query:       nifH-03292025  [M=327]
Scores for complete sequences (score includes all domains):
   --- full sequence ---   --- best 1 domain ---    -#dom-
    E-value  score  bias    E-value  score  bias    exp  N  Sequence          Description
    ------- ------ -----    ------- ------ -----   ---- --  --------          -----------
    2.5e-11   40.3   0.2    1.6e-07   27.8   0.0    2.1  2  SHWZ01000013.1_12  # 23368 # 24183 # 1 # ID=34_12;partial=00;
    2.2e-05   20.8   0.2      4e-05   19.9   0.2    1.4  1  SHWZ01000031.1_21  # 18100 # 19170 # -1 # ID=81_21;partial=00


Domain annotation for each sequence (and alignments):
>> SHWZ01000013.1_12  # 23368 # 24183 # 1 # ID=34_12;partial=00;start_type=ATG;rbs_motif=TAA;rbs_spacer=12bp;gc_cont=0.4
   #    score  bias  c-Evalue  i-Evalue hmmfrom  hmm to    alifrom  ali to    envfrom  env to     acc
 ---   ------ ----- --------- --------- ------- -------    ------- -------    ------- -------    ----
   1 !   27.8   0.0   1.5e-10   1.6e-07      17      54 ..      11      48 ..       3      76 .. 0.90
   2 !   10.7   0.0   2.3e-05     0.025     149     266 ..     141     262 ..     138     269 .. 0.78

  Alignments for each domain:
  == domain 1  score: 27.8 bits;  conditional E-value: 1.5e-10
      nifH-03292025 17 KGGiGKSttasnlsaalaeegkkvlivGCdPKaDstrl 54
                       KGG+GK tta nl+a la  ++kvl v  dP + st+ 
  SHWZ01000013.1_12 11 KGGVGKTTTAINLAASLAVLEYKVLLVDADPQSNSTSG 48
                       9**********************************975 PP

  == domain 2  score: 10.7 bits;  conditional E-value: 2.3e-05
      nifH-03292025 149 adevyivtsgemmalYaanniakgikkyaee..ggvrlgGlicNsrkv..dkeeelveefaeklgtqiiaf.vprsnevqkaelekktviea 235
                        +d+v+i + +e+ al     ++++ik ++++   + ++ G++  + ++  +  +++vee+  +++  ++ + ++r++ +++a   +  vi++
  SHWZ01000013.1_12 141 SDSVIIPVQCEYFALDGLARLINTIKIVQRTtnPNLQIEGILLTMYDMrlRLSNQVVEEVKLHFQQLVFDTiIHRNTRLSEAPSFGVPVINH 232
                        578888899999999999999999888877733567778998876554116788999999999998888762678899************** PP

      nifH-03292025 236 apdseqakeyreLakkilenkklvipkplse 266
                        + +s+ a +y +La+++++++ l  +  l++
  SHWZ01000013.1_12 233 DVESKGAINYLNLARELAQKNGL-TRMTLED 262
                        ****************9987643.3445555 PP

>> SHWZ01000031.1_21  # 18100 # 19170 # -1 # ID=81_21;partial=00;start_type=ATG;rbs_motif=None;rbs_spacer=None;gc_cont=0
   #    score  bias  c-Evalue  i-Evalue hmmfrom  hmm to    alifrom  ali to    envfrom  env to     acc
 ---   ------ ----- --------- --------- ------- -------    ------- -------    ------- -------    ----
   1 !   19.9   0.2   3.7e-08     4e-05      16      40 ..     104     128 ..      85     134 .. 0.89

  Alignments for each domain:
  == domain 1  score: 19.9 bits;  conditional E-value: 3.7e-08
      nifH-03292025  16 GKGGiGKSttasnlsaalaeegkkv 40 
                        GKGG+GKSt+asnl+  la +g +v
  SHWZ01000031.1_21 104 GKGGVGKSTVASNLALSLAGQGASV 128
                        9*******************99887 PP



Internal pipeline statistics summary:
-------------------------------------
Query model(s):                            1  (327 nodes)
Target sequences:                       2165  (738847 residues searched)
Passed MSV filter:                       104  (0.048037); expected 43.3 (0.02)
Passed bias filter:                       77  (0.0355658); expected 43.3 (0.02)
Passed Vit filter:                        14  (0.00646651); expected 2.2 (0.001)
Passed Fwd filter:                         2  (0.000923788); expected 0.0 (1e-05)
Initial search space (Z):               2165  [actual number of targets]
Domain search space  (domZ):               2  [number of targets reported over threshold]
# CPU time: 0.02u 0.00s 00:00:00.02 Elapsed: 00:00:00.02
# Mc/sec: 10309.81
//
Query:       nifD-03292025  [M=482]
Scores for complete sequences (score includes all domains):
   --- full sequence ---   --- best 1 domain ---    -#dom-
    E-value  score  bias    E-value  score  bias    exp  N  Sequence Description
    ------- ------ -----    ------- ------ -----   ---- --  -------- -----------

   [No hits detected that satisfy reporting thresholds]


Domain annotation for each sequence (and alignments):

   [No targets detected that satisfy reporting thresholds]


Internal pipeline statistics summary:
-------------------------------------
Query model(s):                            1  (482 nodes)
Target sequences:                       2165  (738847 residues searched)
Passed MSV filter:                        89  (0.0411085); expected 43.3 (0.02)
Passed bias filter:                       61  (0.0281755); expected 43.3 (0.02)
Passed Vit filter:                         4  (0.00184758); expected 2.2 (0.001)
Passed Fwd filter:                         0  (0); expected 0.0 (1e-05)
Initial search space (Z):               2165  [actual number of targets]
Domain search space  (domZ):               0  [number of targets reported over threshold]
# CPU time: 0.02u 0.00s 00:00:00.02 Elapsed: 00:00:00.01
# Mc/sec: 27084.78
//
Query:       nifK-03292025  [M=490]
Scores for complete sequences (score includes all domains):
   --- full sequence ---   --- best 1 domain ---    -#dom-
    E-value  score  bias    E-value  score  bias    exp  N  Sequence Description
    ------- ------ -----    ------- ------ -----   ---- --  -------- -----------

   [No hits detected that satisfy reporting thresholds]


Domain annotation for each sequence (and alignments):

   [No targets detected that satisfy reporting thresholds]


Internal pipeline statistics summary:
-------------------------------------
Query model(s):                            1  (490 nodes)
Target sequences:                       2165  (738847 residues searched)
Passed MSV filter:                        73  (0.0337182); expected 43.3 (0.02)
Passed bias filter:                       55  (0.0254042); expected 43.3 (0.02)
Passed Vit filter:                         2  (0.000923788); expected 2.2 (0.001)
Passed Fwd filter:                         0  (0); expected 0.0 (1e-05)
Initial search space (Z):               2165  [actual number of targets]
Domain search space  (domZ):               0  [number of targets reported over threshold]
# CPU time: 0.02u 0.00s 00:00:00.02 Elapsed: 00:00:00.01
# Mc/sec: 32037.05
//
Query:       nifB-03292025  [M=505]
Scores for complete sequences (score includes all domains):
   --- full sequence ---   --- best 1 domain ---    -#dom-
    E-value  score  bias    E-value  score  bias    exp  N  Sequence Description
    ------- ------ -----    ------- ------ -----   ---- --  -------- -----------

   [No hits detected that satisfy reporting thresholds]


Domain annotation for each sequence (and alignments):

   [No targets detected that satisfy reporting thresholds]


Internal pipeline statistics summary:
-------------------------------------
Query model(s):                            1  (505 nodes)
Target sequences:                       2165  (738847 residues searched)
Passed MSV filter:                        70  (0.0323326); expected 43.3 (0.02)
Passed bias filter:                       52  (0.0240185); expected 43.3 (0.02)
Passed Vit filter:                         4  (0.00184758); expected 2.2 (0.001)
Passed Fwd filter:                         0  (0); expected 0.0 (1e-05)
Initial search space (Z):               2165  [actual number of targets]
Domain search space  (domZ):               0  [number of targets reported over threshold]
# CPU time: 0.02u 0.00s 00:00:00.02 Elapsed: 00:00:00.01
# Mc/sec: 19654.38
//
Query:       nifE-03292025  [M=556]
Scores for complete sequences (score includes all domains):
   --- full sequence ---   --- best 1 domain ---    -#dom-
    E-value  score  bias    E-value  score  bias    exp  N  Sequence Description
    ------- ------ -----    ------- ------ -----   ---- --  -------- -----------

   [No hits detected that satisfy reporting thresholds]


Domain annotation for each sequence (and alignments):

   [No targets detected that satisfy reporting thresholds]


Internal pipeline statistics summary:
-------------------------------------
Query model(s):                            1  (556 nodes)
Target sequences:                       2165  (738847 residues searched)
Passed MSV filter:                        99  (0.0457275); expected 43.3 (0.02)
Passed bias filter:                       72  (0.0332564); expected 43.3 (0.02)
Passed Vit filter:                         5  (0.00230947); expected 2.2 (0.001)
Passed Fwd filter:                         0  (0); expected 0.0 (1e-05)
Initial search space (Z):               2165  [actual number of targets]
Domain search space  (domZ):               0  [number of targets reported over threshold]
# CPU time: 0.03u 0.00s 00:00:00.03 Elapsed: 00:00:00.01
# Mc/sec: 27380.84
//
Query:       nifN-03292025  [M=700]
Scores for complete sequences (score includes all domains):
   --- full sequence ---   --- best 1 domain ---    -#dom-
    E-value  score  bias    E-value  score  bias    exp  N  Sequence Description
    ------- ------ -----    ------- ------ -----   ---- --  -------- -----------

   [No hits detected that satisfy reporting thresholds]


Domain annotation for each sequence (and alignments):

   [No targets detected that satisfy reporting thresholds]


Internal pipeline statistics summary:
-------------------------------------
Query model(s):                            1  (700 nodes)
Target sequences:                       2165  (738847 residues searched)
Passed MSV filter:                        75  (0.034642); expected 43.3 (0.02)
Passed bias filter:                       53  (0.0244804); expected 43.3 (0.02)
Passed Vit filter:                         4  (0.00184758); expected 2.2 (0.001)
Passed Fwd filter:                         0  (0); expected 0.0 (1e-05)
Initial search space (Z):               2165  [actual number of targets]
Domain search space  (domZ):               0  [number of targets reported over threshold]
# CPU time: 0.02u 0.01s 00:00:00.03 Elapsed: 00:00:00.01
# Mc/sec: 30092.69
//
Query:       pchlide-04012025  [M=508]
Scores for complete sequences (score includes all domains):
   --- full sequence ---   --- best 1 domain ---    -#dom-
    E-value  score  bias    E-value  score  bias    exp  N  Sequence Description
    ------- ------ -----    ------- ------ -----   ---- --  -------- -----------

   [No hits detected that satisfy reporting thresholds]


Domain annotation for each sequence (and alignments):

   [No targets detected that satisfy reporting thresholds]


Internal pipeline statistics summary:
-------------------------------------
Query model(s):                            1  (508 nodes)
Target sequences:                       2165  (738847 residues searched)
Passed MSV filter:                        76  (0.0351039); expected 43.3 (0.02)
Passed bias filter:                       60  (0.0277136); expected 43.3 (0.02)
Passed Vit filter:                         6  (0.00277136); expected 2.2 (0.001)
Passed Fwd filter:                         0  (0); expected 0.0 (1e-05)
Initial search space (Z):               2165  [actual number of targets]
Domain search space  (domZ):               0  [number of targets reported over threshold]
# CPU time: 0.02u 0.00s 00:00:00.02 Elapsed: 00:00:00.01
# Mc/sec: 30768.21
//
[ok]
# hmmsearch :: search profile(s) against a sequence database
# HMMER 3.4 (Aug 2023); http://hmmer.org/
# Copyright (C) 2023 Howard Hughes Medical Institute.
# Freely distributed under the BSD open source license.
# - - - - - - - - - - - - - - - - - - - - - - - - - - - - - - - - - - - -
# query HMM file:                  ../HMMs/nifV_07242025.hmm
# target sequence database:        ../all_rep_proteins_aa/bacteria/GB_GCA_009693575.1_protein.faa
# - - - - - - - - - - - - - - - - - - - - - - - - - - - - - - - - - - - -

Query:       nifV-07242025  [M=437]
Scores for complete sequences (score includes all domains):
   --- full sequence ---   --- best 1 domain ---    -#dom-
    E-value  score  bias    E-value  score  bias    exp  N  Sequence Description
    ------- ------ -----    ------- ------ -----   ---- --  -------- -----------

   [No hits detected that satisfy reporting thresholds]


Domain annotation for each sequence (and alignments):

   [No targets detected that satisfy reporting thresholds]


Internal pipeline statistics summary:
-------------------------------------
Query model(s):                            1  (437 nodes)
Target sequences:                       2165  (738847 residues searched)
Passed MSV filter:                        43  (0.0198614); expected 43.3 (0.02)
Passed bias filter:                       35  (0.0161663); expected 43.3 (0.02)
Passed Vit filter:                         3  (0.00138568); expected 2.2 (0.001)
Passed Fwd filter:                         0  (0); expected 0.0 (1e-05)
Initial search space (Z):               2165  [actual number of targets]
Domain search space  (domZ):               0  [number of targets reported over threshold]
# CPU time: 0.02u 0.00s 00:00:00.02 Elapsed: 00:00:00.01
# Mc/sec: 27044.23
//
[ok]
