# hmmsearch :: search profile(s) against a sequence database
# HMMER 3.4 (Aug 2023); http://hmmer.org/
# Copyright (C) 2023 Howard Hughes Medical Institute.
# Freely distributed under the BSD open source license.
# - - - - - - - - - - - - - - - - - - - - - - - - - - - - - - - - - - - -
# query HMM file:                  ../HMMs/combined_nif_04012025.hmm
# target sequence database:        ../all_rep_proteins_aa/bacteria/GB_GCA_949283975.1_protein.faa
# - - - - - - - - - - - - - - - - - - - - - - - - - - - - - - - - - - - -

Query:       nifH-03292025  [M=327]
Scores for complete sequences (score includes all domains):
   --- full sequence ---   --- best 1 domain ---    -#dom-
    E-value  score  bias    E-value  score  bias    exp  N  Sequence              Description
    ------- ------ -----    ------- ------ -----   ---- --  --------              -----------
    1.8e-12   42.7   1.7    4.1e-08   28.3   0.4    2.1  2  CASDUK010000003.1_90   # 95010 # 95825 # 1 # ID=3_90;partial=
    3.7e-05   18.6   0.2    8.7e-05   17.4   0.1    1.6  2  CASDUK010000001.1_319  # 300146 # 300937 # -1 # ID=1_319;part


Domain annotation for each sequence (and alignments):
>> CASDUK010000003.1_90  # 95010 # 95825 # 1 # ID=3_90;partial=00;start_type=ATG;rbs_motif=AGGAG;rbs_spacer=5-10bp;gc_co
   #    score  bias  c-Evalue  i-Evalue hmmfrom  hmm to    alifrom  ali to    envfrom  env to     acc
 ---   ------ ----- --------- --------- ------- -------    ------- -------    ------- -------    ----
   1 !   28.3   0.4     1e-10   4.1e-08      17      67 ..      11      63 ..       2      80 .. 0.79
   2 !   13.6   0.0     3e-06    0.0012     151     259 ..     143     256 ..     139     266 .. 0.74

  Alignments for each domain:
  == domain 1  score: 28.3 bits;  conditional E-value: 1e-10
         nifH-03292025 17 KGGiGKSttasnlsaalaeegkkvlivGCdPKaDstrll..lggkaqktvldl 67
                          KGG+GK tt  n++a +a +gkkvl +  dP   +t+ +   ++++ kt+ ++
  CASDUK010000003.1_90 11 KGGVGKTTTCVNVAAYIAAMGKKVLLIDLDPQGNATSGVgiEKTSSTKTIYNV 63
                          9******************************9988876510444555566555 PP

  == domain 2  score: 13.6 bits;  conditional E-value: 3e-06
         nifH-03292025 151 evyivtsgemmalYaanniakgikkyaee..ggvrlgGlicNsrkvdkeeelveefaekl....gtqiia.fvprsnevqkaelekktv 232
                           +++i + +e+ al     ++++ik ++++   +  + G++  +++++  ++l+++++e++    g ++++  +pr+  + +a  +++ +
  CASDUK010000003.1_90 143 SIVIPIQCEFYALEGLTQLMNTIKLVKKHlnPSLDIEGVVLTMKDSR--SNLISQVSEEIkaffGKKVFEtSIPRNIRLAEAPSHGTPI 229
                           56777778888888888999999988887334566789999876655..45555555555111156776426999999*********** PP

         nifH-03292025 233 ieaapdseqakeyreLakkilenkklv 259
                             ++ +s+ ak+y +La++il+ +++ 
  CASDUK010000003.1_90 230 GMYDASSKGAKAYLDLAEEILQRNNEK 256
                           ********************8876554 PP

>> CASDUK010000001.1_319  # 300146 # 300937 # -1 # ID=1_319;partial=00;start_type=ATG;rbs_motif=None;rbs_spacer=None;gc_
   #    score  bias  c-Evalue  i-Evalue hmmfrom  hmm to    alifrom  ali to    envfrom  env to     acc
 ---   ------ ----- --------- --------- ------- -------    ------- -------    ------- -------    ----
   1 !   17.4   0.1   2.2e-07   8.7e-05      15      42 ..       9      36 ..       1      59 [. 0.86
   2 ?   -2.0   0.0      0.16        66     192     222 ..     178     208 ..     130     215 .. 0.62

  Alignments for each domain:
  == domain 1  score: 17.4 bits;  conditional E-value: 2.2e-07
          nifH-03292025 15 YGKGGiGKSttasnlsaalaeegkkvli 42
                            GKGG+GK t+ +nl a la  g +v  
  CASDUK010000001.1_319  9 SGKGGVGKTTICANLGARLAALGFRVCL 36
                           5**********************99965 PP

  == domain 2  score: -2.0 bits;  conditional E-value: 0.16
          nifH-03292025 192 rkvdkeeelveefaeklgtqiiafvprsnev 222
                               + e    +e++++l+t ++  +p+++ +
  CASDUK010000001.1_319 178 LVLSGEMLSADEIVRALKTPLLGVIPEDDDI 208
                            3444555566677777777777777777766 PP



Internal pipeline statistics summary:
-------------------------------------
Query model(s):                            1  (327 nodes)
Target sequences:                        808  (271168 residues searched)
Passed MSV filter:                        64  (0.0792079); expected 16.2 (0.02)
Passed bias filter:                       40  (0.049505); expected 16.2 (0.02)
Passed Vit filter:                        10  (0.0123762); expected 0.8 (0.001)
Passed Fwd filter:                         2  (0.00247525); expected 0.0 (1e-05)
Initial search space (Z):                808  [actual number of targets]
Domain search space  (domZ):               2  [number of targets reported over threshold]
# CPU time: 0.01u 0.00s 00:00:00.01 Elapsed: 00:00:00.01
# Mc/sec: 5212.39
//
Query:       nifD-03292025  [M=482]
Scores for complete sequences (score includes all domains):
   --- full sequence ---   --- best 1 domain ---    -#dom-
    E-value  score  bias    E-value  score  bias    exp  N  Sequence Description
    ------- ------ -----    ------- ------ -----   ---- --  -------- -----------

   [No hits detected that satisfy reporting thresholds]


Domain annotation for each sequence (and alignments):

   [No targets detected that satisfy reporting thresholds]


Internal pipeline statistics summary:
-------------------------------------
Query model(s):                            1  (482 nodes)
Target sequences:                        808  (271168 residues searched)
Passed MSV filter:                        58  (0.0717822); expected 16.2 (0.02)
Passed bias filter:                       24  (0.029703); expected 16.2 (0.02)
Passed Vit filter:                         2  (0.00247525); expected 0.8 (0.001)
Passed Fwd filter:                         0  (0); expected 0.0 (1e-05)
Initial search space (Z):                808  [actual number of targets]
Domain search space  (domZ):               0  [number of targets reported over threshold]
# CPU time: 0.01u 0.00s 00:00:00.01 Elapsed: 00:00:00.00
# Mc/sec: 13437.27
//
Query:       nifK-03292025  [M=490]
Scores for complete sequences (score includes all domains):
   --- full sequence ---   --- best 1 domain ---    -#dom-
    E-value  score  bias    E-value  score  bias    exp  N  Sequence Description
    ------- ------ -----    ------- ------ -----   ---- --  -------- -----------

   [No hits detected that satisfy reporting thresholds]


Domain annotation for each sequence (and alignments):

   [No targets detected that satisfy reporting thresholds]


Internal pipeline statistics summary:
-------------------------------------
Query model(s):                            1  (490 nodes)
Target sequences:                        808  (271168 residues searched)
Passed MSV filter:                        32  (0.039604); expected 16.2 (0.02)
Passed bias filter:                       19  (0.0235149); expected 16.2 (0.02)
Passed Vit filter:                         1  (0.00123762); expected 0.8 (0.001)
Passed Fwd filter:                         0  (0); expected 0.0 (1e-05)
Initial search space (Z):                808  [actual number of targets]
Domain search space  (domZ):               0  [number of targets reported over threshold]
# CPU time: 0.01u 0.00s 00:00:00.01 Elapsed: 00:00:00.00
# Mc/sec: 16391.19
//
Query:       nifB-03292025  [M=505]
Scores for complete sequences (score includes all domains):
   --- full sequence ---   --- best 1 domain ---    -#dom-
    E-value  score  bias    E-value  score  bias    exp  N  Sequence Description
    ------- ------ -----    ------- ------ -----   ---- --  -------- -----------

   [No hits detected that satisfy reporting thresholds]


Domain annotation for each sequence (and alignments):

   [No targets detected that satisfy reporting thresholds]


Internal pipeline statistics summary:
-------------------------------------
Query model(s):                            1  (505 nodes)
Target sequences:                        808  (271168 residues searched)
Passed MSV filter:                        47  (0.0581683); expected 16.2 (0.02)
Passed bias filter:                       28  (0.0346535); expected 16.2 (0.02)
Passed Vit filter:                         4  (0.0049505); expected 0.8 (0.001)
Passed Fwd filter:                         0  (0); expected 0.0 (1e-05)
Initial search space (Z):                808  [actual number of targets]
Domain search space  (domZ):               0  [number of targets reported over threshold]
# CPU time: 0.01u 0.00s 00:00:00.01 Elapsed: 00:00:00.01
# Mc/sec: 12281.42
//
Query:       nifE-03292025  [M=556]
Scores for complete sequences (score includes all domains):
   --- full sequence ---   --- best 1 domain ---    -#dom-
    E-value  score  bias    E-value  score  bias    exp  N  Sequence             Description
    ------- ------ -----    ------- ------ -----   ---- --  --------             -----------
     0.0015   12.6   0.0      0.002   12.1   0.0    1.1  1  CASDUK010000001.1_52  # 51145 # 52341 # 1 # ID=1_52;partial=0


Domain annotation for each sequence (and alignments):
>> CASDUK010000001.1_52  # 51145 # 52341 # 1 # ID=1_52;partial=00;start_type=ATG;rbs_motif=AGGAG;rbs_spacer=5-10bp;gc_co
   #    score  bias  c-Evalue  i-Evalue hmmfrom  hmm to    alifrom  ali to    envfrom  env to     acc
 ---   ------ ----- --------- --------- ------- -------    ------- -------    ------- -------    ----
   1 !   12.1   0.0   2.5e-06     0.002     296     366 ..     273     342 ..     264     371 .. 0.78

  Alignments for each domain:
  == domain 1  score: 12.1 bits;  conditional E-value: 2.5e-06
         nifE-03292025 296 fyGiedtskaLreiakllgdeelleraealiaeeearvekeleeyrkrLkGkkallytggv.kawslvsalr 366
                             Gi+++s  +++i ++ ++    era+ ++  + +r++k + +y + L+G  a+++tgg     +  + l 
  CASDUK010000001.1_52 273 ALGISGVSSDMMDINEASENG--NERAKLVVPMMAHRIKKYIGAYAALLNGVDAIVFTGGIgENQADLRELS 342
                           38**************99554..59**********************************9655555455555 PP



Internal pipeline statistics summary:
-------------------------------------
Query model(s):                            1  (556 nodes)
Target sequences:                        808  (271168 residues searched)
Passed MSV filter:                        50  (0.0618812); expected 16.2 (0.02)
Passed bias filter:                       30  (0.0371287); expected 16.2 (0.02)
Passed Vit filter:                         1  (0.00123762); expected 0.8 (0.001)
Passed Fwd filter:                         1  (0.00123762); expected 0.0 (1e-05)
Initial search space (Z):                808  [actual number of targets]
Domain search space  (domZ):               1  [number of targets reported over threshold]
# CPU time: 0.01u 0.00s 00:00:00.01 Elapsed: 00:00:00.01
# Mc/sec: 10759.51
//
Query:       nifN-03292025  [M=700]
Scores for complete sequences (score includes all domains):
   --- full sequence ---   --- best 1 domain ---    -#dom-
    E-value  score  bias    E-value  score  bias    exp  N  Sequence Description
    ------- ------ -----    ------- ------ -----   ---- --  -------- -----------

   [No hits detected that satisfy reporting thresholds]


Domain annotation for each sequence (and alignments):

   [No targets detected that satisfy reporting thresholds]


Internal pipeline statistics summary:
-------------------------------------
Query model(s):                            1  (700 nodes)
Target sequences:                        808  (271168 residues searched)
Passed MSV filter:                        36  (0.0445545); expected 16.2 (0.02)
Passed bias filter:                       23  (0.0284653); expected 16.2 (0.02)
Passed Vit filter:                         2  (0.00247525); expected 0.8 (0.001)
Passed Fwd filter:                         0  (0); expected 0.0 (1e-05)
Initial search space (Z):                808  [actual number of targets]
Domain search space  (domZ):               0  [number of targets reported over threshold]
# CPU time: 0.01u 0.00s 00:00:00.01 Elapsed: 00:00:00.01
# Mc/sec: 15788.91
//
Query:       pchlide-04012025  [M=508]
Scores for complete sequences (score includes all domains):
   --- full sequence ---   --- best 1 domain ---    -#dom-
    E-value  score  bias    E-value  score  bias    exp  N  Sequence Description
    ------- ------ -----    ------- ------ -----   ---- --  -------- -----------

   [No hits detected that satisfy reporting thresholds]


Domain annotation for each sequence (and alignments):

   [No targets detected that satisfy reporting thresholds]


Internal pipeline statistics summary:
-------------------------------------
Query model(s):                            1  (508 nodes)
Target sequences:                        808  (271168 residues searched)
Passed MSV filter:                        31  (0.0383663); expected 16.2 (0.02)
Passed bias filter:                       22  (0.0272277); expected 16.2 (0.02)
Passed Vit filter:                         3  (0.00371287); expected 0.8 (0.001)
Passed Fwd filter:                         0  (0); expected 0.0 (1e-05)
Initial search space (Z):                808  [actual number of targets]
Domain search space  (domZ):               0  [number of targets reported over threshold]
# CPU time: 0.01u 0.00s 00:00:00.01 Elapsed: 00:00:00.01
# Mc/sec: 13691.36
//
[ok]
# hmmsearch :: search profile(s) against a sequence database
# HMMER 3.4 (Aug 2023); http://hmmer.org/
# Copyright (C) 2023 Howard Hughes Medical Institute.
# Freely distributed under the BSD open source license.
# - - - - - - - - - - - - - - - - - - - - - - - - - - - - - - - - - - - -
# query HMM file:                  ../HMMs/nifV_07242025.hmm
# target sequence database:        ../all_rep_proteins_aa/bacteria/GB_GCA_949283975.1_protein.faa
# - - - - - - - - - - - - - - - - - - - - - - - - - - - - - - - - - - - -

Query:       nifV-07242025  [M=437]
Scores for complete sequences (score includes all domains):
   --- full sequence ---   --- best 1 domain ---    -#dom-
    E-value  score  bias    E-value  score  bias    exp  N  Sequence Description
    ------- ------ -----    ------- ------ -----   ---- --  -------- -----------

   [No hits detected that satisfy reporting thresholds]


Domain annotation for each sequence (and alignments):

   [No targets detected that satisfy reporting thresholds]


Internal pipeline statistics summary:
-------------------------------------
Query model(s):                            1  (437 nodes)
Target sequences:                        808  (271168 residues searched)
Passed MSV filter:                        22  (0.0272277); expected 16.2 (0.02)
Passed bias filter:                       17  (0.0210396); expected 16.2 (0.02)
Passed Vit filter:                         2  (0.00247525); expected 0.8 (0.001)
Passed Fwd filter:                         0  (0); expected 0.0 (1e-05)
Initial search space (Z):                808  [actual number of targets]
Domain search space  (domZ):               0  [number of targets reported over threshold]
# CPU time: 0.01u 0.00s 00:00:00.01 Elapsed: 00:00:00.00
# Mc/sec: 15383.83
//
[ok]
