# hmmsearch :: search profile(s) against a sequence database
# HMMER 3.4 (Aug 2023); http://hmmer.org/
# Copyright (C) 2023 Howard Hughes Medical Institute.
# Freely distributed under the BSD open source license.
# - - - - - - - - - - - - - - - - - - - - - - - - - - - - - - - - - - - -
# query HMM file:                  ../HMMs/combined_nif_04012025.hmm
# target sequence database:        ../all_rep_proteins_aa/bacteria/GB_GCA_937885575.1_protein.faa
# - - - - - - - - - - - - - - - - - - - - - - - - - - - - - - - - - - - -

Query:       nifH-03292025  [M=327]
Scores for complete sequences (score includes all domains):
   --- full sequence ---   --- best 1 domain ---    -#dom-
    E-value  score  bias    E-value  score  bias    exp  N  Sequence             Description
    ------- ------ -----    ------- ------ -----   ---- --  --------             -----------
    1.6e-07   26.6   0.0    0.00017   16.6   0.1    2.1  2  CALABO010000015.1_20  # 16772 # 17545 # -1 # ID=15_20;partial


Domain annotation for each sequence (and alignments):
>> CALABO010000015.1_20  # 16772 # 17545 # -1 # ID=15_20;partial=00;start_type=ATG;rbs_motif=GGA/GAG/AGG;rbs_spacer=5-10
   #    score  bias  c-Evalue  i-Evalue hmmfrom  hmm to    alifrom  ali to    envfrom  env to     acc
 ---   ------ ----- --------- --------- ------- -------    ------- -------    ------- -------    ----
   1 !   16.6   0.1   1.8e-07   0.00017      17      46 ..      11      40 ..       2      79 .. 0.88
   2 !    7.9   0.0     8e-05     0.074     149     255 ..     141     252 ..     138     255 .. 0.68

  Alignments for each domain:
  == domain 1  score: 16.6 bits;  conditional E-value: 1.8e-07
         nifH-03292025 17 KGGiGKSttasnlsaalaeegkkvlivGCd 46
                          KGG+GK tta nl a la   k+vl +  d
  CALABO010000015.1_20 11 KGGVGKTTTAINLGASLAAIKKRVLLIDLD 40
                          9************************98655 PP

  == domain 2  score: 7.9 bits;  conditional E-value: 8e-05
         nifH-03292025 149 adevyivtsgemmalYaanniakgikkyaee..ggvrlgGlicN..srkvdkeeelveefaeklgtqiia.fvprsnevqkaelekktv 232
                           a++v+i   +e+ al  +  ++++ik ++++   +  + G++     r+    +++ +++ e++g  +++  vpr+  v +a  ++k  
  CALABO010000015.1_20 141 ANHVIIPLQCEFFALEGVLHLINTIKGIQQKwnPELDVLGVLLTmyDRRYGMTRDVEDNVRETFGDLVFKtVVPRNVRVAEAPSHGKPA 229
                           67777778888888766665555555555552233444455443014444555555555555556555541589*************** PP

         nifH-03292025 233 ieaapdseqakeyreLakkilen 255
                           + ++ +s+ a++y ++a++++++
  CALABO010000015.1_20 230 LFYDFNSNGAQAYLRFATEVIQK 252
                           ******************99875 PP



Internal pipeline statistics summary:
-------------------------------------
Query model(s):                            1  (327 nodes)
Target sequences:                        922  (293229 residues searched)
Passed MSV filter:                        51  (0.0553145); expected 18.4 (0.02)
Passed bias filter:                       32  (0.0347072); expected 18.4 (0.02)
Passed Vit filter:                         5  (0.00542299); expected 0.9 (0.001)
Passed Fwd filter:                         1  (0.0010846); expected 0.0 (1e-05)
Initial search space (Z):                922  [actual number of targets]
Domain search space  (domZ):               1  [number of targets reported over threshold]
# CPU time: 0.01u 0.00s 00:00:00.01 Elapsed: 00:00:00.01
# Mc/sec: 8303.47
//
Query:       nifD-03292025  [M=482]
Scores for complete sequences (score includes all domains):
   --- full sequence ---   --- best 1 domain ---    -#dom-
    E-value  score  bias    E-value  score  bias    exp  N  Sequence Description
    ------- ------ -----    ------- ------ -----   ---- --  -------- -----------

   [No hits detected that satisfy reporting thresholds]


Domain annotation for each sequence (and alignments):

   [No targets detected that satisfy reporting thresholds]


Internal pipeline statistics summary:
-------------------------------------
Query model(s):                            1  (482 nodes)
Target sequences:                        922  (293229 residues searched)
Passed MSV filter:                        43  (0.0466377); expected 18.4 (0.02)
Passed bias filter:                       29  (0.0314534); expected 18.4 (0.02)
Passed Vit filter:                         1  (0.0010846); expected 0.9 (0.001)
Passed Fwd filter:                         0  (0); expected 0.0 (1e-05)
Initial search space (Z):                922  [actual number of targets]
Domain search space  (domZ):               0  [number of targets reported over threshold]
# CPU time: 0.01u 0.00s 00:00:00.01 Elapsed: 00:00:00.00
# Mc/sec: 15496.78
//
Query:       nifK-03292025  [M=490]
Scores for complete sequences (score includes all domains):
   --- full sequence ---   --- best 1 domain ---    -#dom-
    E-value  score  bias    E-value  score  bias    exp  N  Sequence Description
    ------- ------ -----    ------- ------ -----   ---- --  -------- -----------

   [No hits detected that satisfy reporting thresholds]


Domain annotation for each sequence (and alignments):

   [No targets detected that satisfy reporting thresholds]


Internal pipeline statistics summary:
-------------------------------------
Query model(s):                            1  (490 nodes)
Target sequences:                        922  (293229 residues searched)
Passed MSV filter:                        26  (0.0281996); expected 18.4 (0.02)
Passed bias filter:                       18  (0.0195228); expected 18.4 (0.02)
Passed Vit filter:                         1  (0.0010846); expected 0.9 (0.001)
Passed Fwd filter:                         0  (0); expected 0.0 (1e-05)
Initial search space (Z):                922  [actual number of targets]
Domain search space  (domZ):               0  [number of targets reported over threshold]
# CPU time: 0.01u 0.00s 00:00:00.01 Elapsed: 00:00:00.00
# Mc/sec: 16770.94
//
Query:       nifB-03292025  [M=505]
Scores for complete sequences (score includes all domains):
   --- full sequence ---   --- best 1 domain ---    -#dom-
    E-value  score  bias    E-value  score  bias    exp  N  Sequence Description
    ------- ------ -----    ------- ------ -----   ---- --  -------- -----------

   [No hits detected that satisfy reporting thresholds]


Domain annotation for each sequence (and alignments):

   [No targets detected that satisfy reporting thresholds]


Internal pipeline statistics summary:
-------------------------------------
Query model(s):                            1  (505 nodes)
Target sequences:                        922  (293229 residues searched)
Passed MSV filter:                        36  (0.0390456); expected 18.4 (0.02)
Passed bias filter:                       25  (0.027115); expected 18.4 (0.02)
Passed Vit filter:                         1  (0.0010846); expected 0.9 (0.001)
Passed Fwd filter:                         0  (0); expected 0.0 (1e-05)
Initial search space (Z):                922  [actual number of targets]
Domain search space  (domZ):               0  [number of targets reported over threshold]
# CPU time: 0.01u 0.00s 00:00:00.01 Elapsed: 00:00:00.00
# Mc/sec: 16754.72
//
Query:       nifE-03292025  [M=556]
Scores for complete sequences (score includes all domains):
   --- full sequence ---   --- best 1 domain ---    -#dom-
    E-value  score  bias    E-value  score  bias    exp  N  Sequence Description
    ------- ------ -----    ------- ------ -----   ---- --  -------- -----------

   [No hits detected that satisfy reporting thresholds]


Domain annotation for each sequence (and alignments):

   [No targets detected that satisfy reporting thresholds]


Internal pipeline statistics summary:
-------------------------------------
Query model(s):                            1  (556 nodes)
Target sequences:                        922  (293229 residues searched)
Passed MSV filter:                        42  (0.0455531); expected 18.4 (0.02)
Passed bias filter:                       18  (0.0195228); expected 18.4 (0.02)
Passed Vit filter:                         1  (0.0010846); expected 0.9 (0.001)
Passed Fwd filter:                         0  (0); expected 0.0 (1e-05)
Initial search space (Z):                922  [actual number of targets]
Domain search space  (domZ):               0  [number of targets reported over threshold]
# CPU time: 0.01u 0.00s 00:00:00.01 Elapsed: 00:00:00.00
# Mc/sec: 17525.38
//
Query:       nifN-03292025  [M=700]
Scores for complete sequences (score includes all domains):
   --- full sequence ---   --- best 1 domain ---    -#dom-
    E-value  score  bias    E-value  score  bias    exp  N  Sequence Description
    ------- ------ -----    ------- ------ -----   ---- --  -------- -----------

   [No hits detected that satisfy reporting thresholds]


Domain annotation for each sequence (and alignments):

   [No targets detected that satisfy reporting thresholds]


Internal pipeline statistics summary:
-------------------------------------
Query model(s):                            1  (700 nodes)
Target sequences:                        922  (293229 residues searched)
Passed MSV filter:                        33  (0.0357918); expected 18.4 (0.02)
Passed bias filter:                       23  (0.0249458); expected 18.4 (0.02)
Passed Vit filter:                         1  (0.0010846); expected 0.9 (0.001)
Passed Fwd filter:                         0  (0); expected 0.0 (1e-05)
Initial search space (Z):                922  [actual number of targets]
Domain search space  (domZ):               0  [number of targets reported over threshold]
# CPU time: 0.01u 0.00s 00:00:00.01 Elapsed: 00:00:00.01
# Mc/sec: 17483.63
//
Query:       pchlide-04012025  [M=508]
Scores for complete sequences (score includes all domains):
   --- full sequence ---   --- best 1 domain ---    -#dom-
    E-value  score  bias    E-value  score  bias    exp  N  Sequence Description
    ------- ------ -----    ------- ------ -----   ---- --  -------- -----------

   [No hits detected that satisfy reporting thresholds]


Domain annotation for each sequence (and alignments):

   [No targets detected that satisfy reporting thresholds]


Internal pipeline statistics summary:
-------------------------------------
Query model(s):                            1  (508 nodes)
Target sequences:                        922  (293229 residues searched)
Passed MSV filter:                        28  (0.0303688); expected 18.4 (0.02)
Passed bias filter:                       23  (0.0249458); expected 18.4 (0.02)
Passed Vit filter:                         3  (0.0032538); expected 0.9 (0.001)
Passed Fwd filter:                         0  (0); expected 0.0 (1e-05)
Initial search space (Z):                922  [actual number of targets]
Domain search space  (domZ):               0  [number of targets reported over threshold]
# CPU time: 0.01u 0.00s 00:00:00.01 Elapsed: 00:00:00.00
# Mc/sec: 15361.35
//
[ok]
# hmmsearch :: search profile(s) against a sequence database
# HMMER 3.4 (Aug 2023); http://hmmer.org/
# Copyright (C) 2023 Howard Hughes Medical Institute.
# Freely distributed under the BSD open source license.
# - - - - - - - - - - - - - - - - - - - - - - - - - - - - - - - - - - - -
# query HMM file:                  ../HMMs/nifV_07242025.hmm
# target sequence database:        ../all_rep_proteins_aa/bacteria/GB_GCA_937885575.1_protein.faa
# - - - - - - - - - - - - - - - - - - - - - - - - - - - - - - - - - - - -

Query:       nifV-07242025  [M=437]
Scores for complete sequences (score includes all domains):
   --- full sequence ---   --- best 1 domain ---    -#dom-
    E-value  score  bias    E-value  score  bias    exp  N  Sequence Description
    ------- ------ -----    ------- ------ -----   ---- --  -------- -----------

   [No hits detected that satisfy reporting thresholds]


Domain annotation for each sequence (and alignments):

   [No targets detected that satisfy reporting thresholds]


Internal pipeline statistics summary:
-------------------------------------
Query model(s):                            1  (437 nodes)
Target sequences:                        922  (293229 residues searched)
Passed MSV filter:                        29  (0.0314534); expected 18.4 (0.02)
Passed bias filter:                       22  (0.0238612); expected 18.4 (0.02)
Passed Vit filter:                         1  (0.0010846); expected 0.9 (0.001)
Passed Fwd filter:                         0  (0); expected 0.0 (1e-05)
Initial search space (Z):                922  [actual number of targets]
Domain search space  (domZ):               0  [number of targets reported over threshold]
# CPU time: 0.01u 0.00s 00:00:00.01 Elapsed: 00:00:00.00
# Mc/sec: 16403.74
//
[ok]
