# hmmsearch :: search profile(s) against a sequence database
# HMMER 3.4 (Aug 2023); http://hmmer.org/
# Copyright (C) 2023 Howard Hughes Medical Institute.
# Freely distributed under the BSD open source license.
# - - - - - - - - - - - - - - - - - - - - - - - - - - - - - - - - - - - -
# query HMM file:                  ../HMMs/combined_nif_04012025.hmm
# target sequence database:        ../all_rep_proteins_aa/bacteria/GB_GCA_002863145.1_protein.faa
# - - - - - - - - - - - - - - - - - - - - - - - - - - - - - - - - - - - -

Query:       nifH-03292025  [M=327]
Scores for complete sequences (score includes all domains):
   --- full sequence ---   --- best 1 domain ---    -#dom-
    E-value  score  bias    E-value  score  bias    exp  N  Sequence         Description
    ------- ------ -----    ------- ------ -----   ---- --  --------         -----------
    1.9e-07   27.4   1.0     0.0012   14.9   0.3    2.1  2  PKDW01000076.1_9  # 7190 # 7993 # -1 # ID=35_9;partial=00;sta
    6.7e-07   25.6   0.0    1.1e-06   24.9   0.0    1.3  1  PKDW01000073.1_7  # 4035 # 5111 # -1 # ID=34_7;partial=00;sta


Domain annotation for each sequence (and alignments):
>> PKDW01000076.1_9  # 7190 # 7993 # -1 # ID=35_9;partial=00;start_type=ATG;rbs_motif=None;rbs_spacer=None;gc_cont=0.572
   #    score  bias  c-Evalue  i-Evalue hmmfrom  hmm to    alifrom  ali to    envfrom  env to     acc
 ---   ------ ----- --------- --------- ------- -------    ------- -------    ------- -------    ----
   1 !   14.9   0.3   1.2e-06    0.0012      17      51 ..      11      45 ..       2      52 .. 0.90
   2 !   11.1   0.0   1.8e-05     0.017     148     259 ..     140     256 ..     138     265 .. 0.82

  Alignments for each domain:
  == domain 1  score: 14.9 bits;  conditional E-value: 1.2e-06
     nifH-03292025 17 KGGiGKSttasnlsaalaeegkkvlivGCdPKaDs 51
                      KGG+GK tta nl a l   + k l v  dP a +
  PKDW01000076.1_9 11 KGGVGKTTTAINLGACLGVLEFKTLLVDLDPQANA 45
                      9******************************9976 PP

  == domain 2  score: 11.1 bits;  conditional E-value: 1.8e-05
     nifH-03292025 148 kadevyivtsgemmalYaanniakgikkyaee..ggvrlgGlicNsrkv..dkeeelveefaeklgtqiiaf.vprsnevqkaelekktviea 235
                        ad+v++ + +e+ al     +++++k ++++   + ++ G++  + ++  +  +++vee+ ++++  ++++ ++r++ + +a  +++ +i +
  PKDW01000076.1_9 140 AADRVMVPVQCEYFALEGLGKLLNTVKIVQNQlnPSLEVEGILLTMYDTrlRLANQVVEEVRTHFQDLVLQTvIHRNTRLGEAPSHGESIILH 232
                       5899999999999999999999999999999844566788999887655115678999999999988887762578899************** PP

     nifH-03292025 236 apdseqakeyreLakkilenkklv 259
                       + +++   +y +La+++l++++++
  PKDW01000076.1_9 233 DATCKGSVNYLNLARELLQKNNMT 256
                       ****************98766543 PP

>> PKDW01000073.1_7  # 4035 # 5111 # -1 # ID=34_7;partial=00;start_type=ATG;rbs_motif=TTT;rbs_spacer=7bp;gc_cont=0.613
   #    score  bias  c-Evalue  i-Evalue hmmfrom  hmm to    alifrom  ali to    envfrom  env to     acc
 ---   ------ ----- --------- --------- ------- -------    ------- -------    ------- -------    ----
   1 !   24.9   0.0   1.1e-09   1.1e-06      15      46 ..     110     141 ..      98     171 .. 0.84

  Alignments for each domain:
  == domain 1  score: 24.9 bits;  conditional E-value: 1.1e-09
     nifH-03292025  15 YGKGGiGKSttasnlsaalaeegkkvlivGCd 46 
                        GKGG+GKSt++snl++al + g+kv  v  d
  PKDW01000073.1_7 110 SGKGGVGKSTVSSNLAVALVQLGYKVGLVDAD 141
                       4************************9776555 PP



Internal pipeline statistics summary:
-------------------------------------
Query model(s):                            1  (327 nodes)
Target sequences:                       1962  (678049 residues searched)
Passed MSV filter:                        84  (0.0428135); expected 39.2 (0.02)
Passed bias filter:                       77  (0.0392457); expected 39.2 (0.02)
Passed Vit filter:                        11  (0.00560652); expected 2.0 (0.001)
Passed Fwd filter:                         2  (0.00101937); expected 0.0 (1e-05)
Initial search space (Z):               1962  [actual number of targets]
Domain search space  (domZ):               2  [number of targets reported over threshold]
# CPU time: 0.02u 0.00s 00:00:00.02 Elapsed: 00:00:00.01
# Mc/sec: 11099.53
//
Query:       nifD-03292025  [M=482]
Scores for complete sequences (score includes all domains):
   --- full sequence ---   --- best 1 domain ---    -#dom-
    E-value  score  bias    E-value  score  bias    exp  N  Sequence Description
    ------- ------ -----    ------- ------ -----   ---- --  -------- -----------

   [No hits detected that satisfy reporting thresholds]


Domain annotation for each sequence (and alignments):

   [No targets detected that satisfy reporting thresholds]


Internal pipeline statistics summary:
-------------------------------------
Query model(s):                            1  (482 nodes)
Target sequences:                       1962  (678049 residues searched)
Passed MSV filter:                        69  (0.0351682); expected 39.2 (0.02)
Passed bias filter:                       61  (0.0310907); expected 39.2 (0.02)
Passed Vit filter:                         2  (0.00101937); expected 2.0 (0.001)
Passed Fwd filter:                         0  (0); expected 0.0 (1e-05)
Initial search space (Z):               1962  [actual number of targets]
Domain search space  (domZ):               0  [number of targets reported over threshold]
# CPU time: 0.02u 0.00s 00:00:00.02 Elapsed: 00:00:00.01
# Mc/sec: 23830.14
//
Query:       nifK-03292025  [M=490]
Scores for complete sequences (score includes all domains):
   --- full sequence ---   --- best 1 domain ---    -#dom-
    E-value  score  bias    E-value  score  bias    exp  N  Sequence Description
    ------- ------ -----    ------- ------ -----   ---- --  -------- -----------

   [No hits detected that satisfy reporting thresholds]


Domain annotation for each sequence (and alignments):

   [No targets detected that satisfy reporting thresholds]


Internal pipeline statistics summary:
-------------------------------------
Query model(s):                            1  (490 nodes)
Target sequences:                       1962  (678049 residues searched)
Passed MSV filter:                        49  (0.0249745); expected 39.2 (0.02)
Passed bias filter:                       41  (0.020897); expected 39.2 (0.02)
Passed Vit filter:                         2  (0.00101937); expected 2.0 (0.001)
Passed Fwd filter:                         0  (0); expected 0.0 (1e-05)
Initial search space (Z):               1962  [actual number of targets]
Domain search space  (domZ):               0  [number of targets reported over threshold]
# CPU time: 0.01u 0.00s 00:00:00.01 Elapsed: 00:00:00.01
# Mc/sec: 31153.34
//
Query:       nifB-03292025  [M=505]
Scores for complete sequences (score includes all domains):
   --- full sequence ---   --- best 1 domain ---    -#dom-
    E-value  score  bias    E-value  score  bias    exp  N  Sequence Description
    ------- ------ -----    ------- ------ -----   ---- --  -------- -----------

   [No hits detected that satisfy reporting thresholds]


Domain annotation for each sequence (and alignments):

   [No targets detected that satisfy reporting thresholds]


Internal pipeline statistics summary:
-------------------------------------
Query model(s):                            1  (505 nodes)
Target sequences:                       1962  (678049 residues searched)
Passed MSV filter:                        57  (0.029052); expected 39.2 (0.02)
Passed bias filter:                       48  (0.0244648); expected 39.2 (0.02)
Passed Vit filter:                         2  (0.00101937); expected 2.0 (0.001)
Passed Fwd filter:                         0  (0); expected 0.0 (1e-05)
Initial search space (Z):               1962  [actual number of targets]
Domain search space  (domZ):               0  [number of targets reported over threshold]
# CPU time: 0.01u 0.00s 00:00:00.01 Elapsed: 00:00:00.01
# Mc/sec: 32941.83
//
Query:       nifE-03292025  [M=556]
Scores for complete sequences (score includes all domains):
   --- full sequence ---   --- best 1 domain ---    -#dom-
    E-value  score  bias    E-value  score  bias    exp  N  Sequence Description
    ------- ------ -----    ------- ------ -----   ---- --  -------- -----------

   [No hits detected that satisfy reporting thresholds]


Domain annotation for each sequence (and alignments):

   [No targets detected that satisfy reporting thresholds]


Internal pipeline statistics summary:
-------------------------------------
Query model(s):                            1  (556 nodes)
Target sequences:                       1962  (678049 residues searched)
Passed MSV filter:                        70  (0.0356779); expected 39.2 (0.02)
Passed bias filter:                       60  (0.030581); expected 39.2 (0.02)
Passed Vit filter:                         5  (0.00254842); expected 2.0 (0.001)
Passed Fwd filter:                         0  (0); expected 0.0 (1e-05)
Initial search space (Z):               1962  [actual number of targets]
Domain search space  (domZ):               0  [number of targets reported over threshold]
# CPU time: 0.02u 0.00s 00:00:00.02 Elapsed: 00:00:00.01
# Mc/sec: 28816.08
//
Query:       nifN-03292025  [M=700]
Scores for complete sequences (score includes all domains):
   --- full sequence ---   --- best 1 domain ---    -#dom-
    E-value  score  bias    E-value  score  bias    exp  N  Sequence Description
    ------- ------ -----    ------- ------ -----   ---- --  -------- -----------

   [No hits detected that satisfy reporting thresholds]


Domain annotation for each sequence (and alignments):

   [No targets detected that satisfy reporting thresholds]


Internal pipeline statistics summary:
-------------------------------------
Query model(s):                            1  (700 nodes)
Target sequences:                       1962  (678049 residues searched)
Passed MSV filter:                        62  (0.0316004); expected 39.2 (0.02)
Passed bias filter:                       50  (0.0254842); expected 39.2 (0.02)
Passed Vit filter:                         8  (0.00407747); expected 2.0 (0.001)
Passed Fwd filter:                         0  (0); expected 0.0 (1e-05)
Initial search space (Z):               1962  [actual number of targets]
Domain search space  (domZ):               0  [number of targets reported over threshold]
# CPU time: 0.03u 0.00s 00:00:00.03 Elapsed: 00:00:00.01
# Mc/sec: 31703.47
//
Query:       pchlide-04012025  [M=508]
Scores for complete sequences (score includes all domains):
   --- full sequence ---   --- best 1 domain ---    -#dom-
    E-value  score  bias    E-value  score  bias    exp  N  Sequence Description
    ------- ------ -----    ------- ------ -----   ---- --  -------- -----------

   [No hits detected that satisfy reporting thresholds]


Domain annotation for each sequence (and alignments):

   [No targets detected that satisfy reporting thresholds]


Internal pipeline statistics summary:
-------------------------------------
Query model(s):                            1  (508 nodes)
Target sequences:                       1962  (678049 residues searched)
Passed MSV filter:                        58  (0.0295617); expected 39.2 (0.02)
Passed bias filter:                       50  (0.0254842); expected 39.2 (0.02)
Passed Vit filter:                         8  (0.00407747); expected 2.0 (0.001)
Passed Fwd filter:                         0  (0); expected 0.0 (1e-05)
Initial search space (Z):               1962  [actual number of targets]
Domain search space  (domZ):               0  [number of targets reported over threshold]
# CPU time: 0.02u 0.00s 00:00:00.02 Elapsed: 00:00:00.01
# Mc/sec: 29267.59
//
[ok]
# hmmsearch :: search profile(s) against a sequence database
# HMMER 3.4 (Aug 2023); http://hmmer.org/
# Copyright (C) 2023 Howard Hughes Medical Institute.
# Freely distributed under the BSD open source license.
# - - - - - - - - - - - - - - - - - - - - - - - - - - - - - - - - - - - -
# query HMM file:                  ../HMMs/nifV_07242025.hmm
# target sequence database:        ../all_rep_proteins_aa/bacteria/GB_GCA_002863145.1_protein.faa
# - - - - - - - - - - - - - - - - - - - - - - - - - - - - - - - - - - - -

Query:       nifV-07242025  [M=437]
Scores for complete sequences (score includes all domains):
   --- full sequence ---   --- best 1 domain ---    -#dom-
    E-value  score  bias    E-value  score  bias    exp  N  Sequence Description
    ------- ------ -----    ------- ------ -----   ---- --  -------- -----------

   [No hits detected that satisfy reporting thresholds]


Domain annotation for each sequence (and alignments):

   [No targets detected that satisfy reporting thresholds]


Internal pipeline statistics summary:
-------------------------------------
Query model(s):                            1  (437 nodes)
Target sequences:                       1962  (678049 residues searched)
Passed MSV filter:                        64  (0.0326198); expected 39.2 (0.02)
Passed bias filter:                       43  (0.0219164); expected 39.2 (0.02)
Passed Vit filter:                         4  (0.00203874); expected 2.0 (0.001)
Passed Fwd filter:                         0  (0); expected 0.0 (1e-05)
Initial search space (Z):               1962  [actual number of targets]
Domain search space  (domZ):               0  [number of targets reported over threshold]
# CPU time: 0.01u 0.00s 00:00:00.01 Elapsed: 00:00:00.01
# Mc/sec: 28927.88
//
[ok]
