# hmmsearch :: search profile(s) against a sequence database
# HMMER 3.4 (Aug 2023); http://hmmer.org/
# Copyright (C) 2023 Howard Hughes Medical Institute.
# Freely distributed under the BSD open source license.
# - - - - - - - - - - - - - - - - - - - - - - - - - - - - - - - - - - - -
# query HMM file:                  ../HMMs/combined_nif_04012025.hmm
# target sequence database:        ../all_rep_proteins_aa/bacteria/GB_GCA_944389465.1_protein.faa
# - - - - - - - - - - - - - - - - - - - - - - - - - - - - - - - - - - - -

Query:       nifH-03292025  [M=327]
Scores for complete sequences (score includes all domains):
   --- full sequence ---   --- best 1 domain ---    -#dom-
    E-value  score  bias    E-value  score  bias    exp  N  Sequence             Description
    ------- ------ -----    ------- ------ -----   ---- --  --------             -----------
      4e-08   28.6   0.1    0.00012   17.1   0.1    2.1  2  CALXML010000004.1_46  # 48731 # 49504 # 1 # ID=4_46;partial=0


Domain annotation for each sequence (and alignments):
>> CALXML010000004.1_46  # 48731 # 49504 # 1 # ID=4_46;partial=00;start_type=ATG;rbs_motif=GGA/GAG/AGG;rbs_spacer=5-10bp
   #    score  bias  c-Evalue  i-Evalue hmmfrom  hmm to    alifrom  ali to    envfrom  env to     acc
 ---   ------ ----- --------- --------- ------- -------    ------- -------    ------- -------    ----
   1 !   17.1   0.1   1.3e-07   0.00012      17      46 ..      11      40 ..       1      60 [. 0.86
   2 !    9.5   0.0   2.6e-05     0.024     148     254 ..     140     251 ..     136     255 .. 0.80

  Alignments for each domain:
  == domain 1  score: 17.1 bits;  conditional E-value: 1.3e-07
         nifH-03292025 17 KGGiGKSttasnlsaalaeegkkvlivGCd 46
                          KGG+GK tta nl a la   k+vl v  d
  CALXML010000004.1_46 11 KGGVGKTTTAINLGASLAAIKKRVLLVDLD 40
                          9************************99665 PP

  == domain 2  score: 9.5 bits;  conditional E-value: 2.6e-05
         nifH-03292025 148 kadevyivtsgemmalYaanniakgikkyaee..ggvrlgGlicNsrk..vdkeeelveefaeklgtqiiaf.vprsnevqkaelekkt 231
                           +a++v+i   +e+ al     ++++i++++++   + ++ G++  + +   +  ++  +++ +++g +++++ vpr+  v++a  ++k 
  CALXML010000004.1_46 140 TANNVIIPLQCEFFALEGISHLINSIREIKNKwnPELEILGVLLTMYDkrYALTRDAENDVRNTFGDSVFKTvVPRNVRVSEAPSHGKP 228
                           6899999999********************994344455566655443003445566677778888888765279************** PP

         nifH-03292025 232 vieaapdseqakeyreLakkile 254
                            + ++ +s+ a++y ++a+++ e
  CALXML010000004.1_46 229 ALFYDFNSSGAQAYLRVATEVVE 251
                           *******************9987 PP



Internal pipeline statistics summary:
-------------------------------------
Query model(s):                            1  (327 nodes)
Target sequences:                        942  (284360 residues searched)
Passed MSV filter:                        75  (0.0796178); expected 18.8 (0.02)
Passed bias filter:                       53  (0.0562633); expected 18.8 (0.02)
Passed Vit filter:                         8  (0.00849257); expected 0.9 (0.001)
Passed Fwd filter:                         1  (0.00106157); expected 0.0 (1e-05)
Initial search space (Z):                942  [actual number of targets]
Domain search space  (domZ):               1  [number of targets reported over threshold]
# CPU time: 0.01u 0.00s 00:00:00.01 Elapsed: 00:00:00.01
# Mc/sec: 6860.90
//
Query:       nifD-03292025  [M=482]
Scores for complete sequences (score includes all domains):
   --- full sequence ---   --- best 1 domain ---    -#dom-
    E-value  score  bias    E-value  score  bias    exp  N  Sequence Description
    ------- ------ -----    ------- ------ -----   ---- --  -------- -----------

   [No hits detected that satisfy reporting thresholds]


Domain annotation for each sequence (and alignments):

   [No targets detected that satisfy reporting thresholds]


Internal pipeline statistics summary:
-------------------------------------
Query model(s):                            1  (482 nodes)
Target sequences:                        942  (284360 residues searched)
Passed MSV filter:                        44  (0.0467091); expected 18.8 (0.02)
Passed bias filter:                       28  (0.029724); expected 18.8 (0.02)
Passed Vit filter:                         1  (0.00106157); expected 0.9 (0.001)
Passed Fwd filter:                         0  (0); expected 0.0 (1e-05)
Initial search space (Z):                942  [actual number of targets]
Domain search space  (domZ):               0  [number of targets reported over threshold]
# CPU time: 0.00u 0.00s 00:00:00.00 Elapsed: 00:00:00.00
# Mc/sec: 15454.77
//
Query:       nifK-03292025  [M=490]
Scores for complete sequences (score includes all domains):
   --- full sequence ---   --- best 1 domain ---    -#dom-
    E-value  score  bias    E-value  score  bias    exp  N  Sequence Description
    ------- ------ -----    ------- ------ -----   ---- --  -------- -----------

   [No hits detected that satisfy reporting thresholds]


Domain annotation for each sequence (and alignments):

   [No targets detected that satisfy reporting thresholds]


Internal pipeline statistics summary:
-------------------------------------
Query model(s):                            1  (490 nodes)
Target sequences:                        942  (284360 residues searched)
Passed MSV filter:                        22  (0.0233546); expected 18.8 (0.02)
Passed bias filter:                       12  (0.0127389); expected 18.8 (0.02)
Passed Vit filter:                         0  (0); expected 0.9 (0.001)
Passed Fwd filter:                         0  (0); expected 0.0 (1e-05)
Initial search space (Z):                942  [actual number of targets]
Domain search space  (domZ):               0  [number of targets reported over threshold]
# CPU time: 0.00u 0.00s 00:00:00.00 Elapsed: 00:00:00.00
# Mc/sec: 20013.46
//
Query:       nifB-03292025  [M=505]
Scores for complete sequences (score includes all domains):
   --- full sequence ---   --- best 1 domain ---    -#dom-
    E-value  score  bias    E-value  score  bias    exp  N  Sequence Description
    ------- ------ -----    ------- ------ -----   ---- --  -------- -----------

   [No hits detected that satisfy reporting thresholds]


Domain annotation for each sequence (and alignments):

   [No targets detected that satisfy reporting thresholds]


Internal pipeline statistics summary:
-------------------------------------
Query model(s):                            1  (505 nodes)
Target sequences:                        942  (284360 residues searched)
Passed MSV filter:                        35  (0.037155); expected 18.8 (0.02)
Passed bias filter:                       17  (0.0180467); expected 18.8 (0.02)
Passed Vit filter:                         1  (0.00106157); expected 0.9 (0.001)
Passed Fwd filter:                         0  (0); expected 0.0 (1e-05)
Initial search space (Z):                942  [actual number of targets]
Domain search space  (domZ):               0  [number of targets reported over threshold]
# CPU time: 0.01u 0.00s 00:00:00.01 Elapsed: 00:00:00.00
# Mc/sec: 17234.58
//
Query:       nifE-03292025  [M=556]
Scores for complete sequences (score includes all domains):
   --- full sequence ---   --- best 1 domain ---    -#dom-
    E-value  score  bias    E-value  score  bias    exp  N  Sequence Description
    ------- ------ -----    ------- ------ -----   ---- --  -------- -----------

   [No hits detected that satisfy reporting thresholds]


Domain annotation for each sequence (and alignments):

   [No targets detected that satisfy reporting thresholds]


Internal pipeline statistics summary:
-------------------------------------
Query model(s):                            1  (556 nodes)
Target sequences:                        942  (284360 residues searched)
Passed MSV filter:                        44  (0.0467091); expected 18.8 (0.02)
Passed bias filter:                       20  (0.0212314); expected 18.8 (0.02)
Passed Vit filter:                         3  (0.00318471); expected 0.9 (0.001)
Passed Fwd filter:                         0  (0); expected 0.0 (1e-05)
Initial search space (Z):                942  [actual number of targets]
Domain search space  (domZ):               0  [number of targets reported over threshold]
# CPU time: 0.01u 0.00s 00:00:00.01 Elapsed: 00:00:00.01
# Mc/sec: 15118.36
//
Query:       nifN-03292025  [M=700]
Scores for complete sequences (score includes all domains):
   --- full sequence ---   --- best 1 domain ---    -#dom-
    E-value  score  bias    E-value  score  bias    exp  N  Sequence Description
    ------- ------ -----    ------- ------ -----   ---- --  -------- -----------

   [No hits detected that satisfy reporting thresholds]


Domain annotation for each sequence (and alignments):

   [No targets detected that satisfy reporting thresholds]


Internal pipeline statistics summary:
-------------------------------------
Query model(s):                            1  (700 nodes)
Target sequences:                        942  (284360 residues searched)
Passed MSV filter:                        42  (0.044586); expected 18.8 (0.02)
Passed bias filter:                       27  (0.0286624); expected 18.8 (0.02)
Passed Vit filter:                         1  (0.00106157); expected 0.9 (0.001)
Passed Fwd filter:                         0  (0); expected 0.0 (1e-05)
Initial search space (Z):                942  [actual number of targets]
Domain search space  (domZ):               0  [number of targets reported over threshold]
# CPU time: 0.01u 0.00s 00:00:00.01 Elapsed: 00:00:00.01
# Mc/sec: 15684.49
//
Query:       pchlide-04012025  [M=508]
Scores for complete sequences (score includes all domains):
   --- full sequence ---   --- best 1 domain ---    -#dom-
    E-value  score  bias    E-value  score  bias    exp  N  Sequence Description
    ------- ------ -----    ------- ------ -----   ---- --  -------- -----------

   [No hits detected that satisfy reporting thresholds]


Domain annotation for each sequence (and alignments):

   [No targets detected that satisfy reporting thresholds]


Internal pipeline statistics summary:
-------------------------------------
Query model(s):                            1  (508 nodes)
Target sequences:                        942  (284360 residues searched)
Passed MSV filter:                        36  (0.0382166); expected 18.8 (0.02)
Passed bias filter:                       29  (0.0307856); expected 18.8 (0.02)
Passed Vit filter:                         2  (0.00212314); expected 0.9 (0.001)
Passed Fwd filter:                         0  (0); expected 0.0 (1e-05)
Initial search space (Z):                942  [actual number of targets]
Domain search space  (domZ):               0  [number of targets reported over threshold]
# CPU time: 0.01u 0.00s 00:00:00.01 Elapsed: 00:00:00.00
# Mc/sec: 15613.56
//
[ok]
# hmmsearch :: search profile(s) against a sequence database
# HMMER 3.4 (Aug 2023); http://hmmer.org/
# Copyright (C) 2023 Howard Hughes Medical Institute.
# Freely distributed under the BSD open source license.
# - - - - - - - - - - - - - - - - - - - - - - - - - - - - - - - - - - - -
# query HMM file:                  ../HMMs/nifV_07242025.hmm
# target sequence database:        ../all_rep_proteins_aa/bacteria/GB_GCA_944389465.1_protein.faa
# - - - - - - - - - - - - - - - - - - - - - - - - - - - - - - - - - - - -

Query:       nifV-07242025  [M=437]
Scores for complete sequences (score includes all domains):
   --- full sequence ---   --- best 1 domain ---    -#dom-
    E-value  score  bias    E-value  score  bias    exp  N  Sequence Description
    ------- ------ -----    ------- ------ -----   ---- --  -------- -----------

   [No hits detected that satisfy reporting thresholds]


Domain annotation for each sequence (and alignments):

   [No targets detected that satisfy reporting thresholds]


Internal pipeline statistics summary:
-------------------------------------
Query model(s):                            1  (437 nodes)
Target sequences:                        942  (284360 residues searched)
Passed MSV filter:                        26  (0.0276008); expected 18.8 (0.02)
Passed bias filter:                       16  (0.0169851); expected 18.8 (0.02)
Passed Vit filter:                         1  (0.00106157); expected 0.9 (0.001)
Passed Fwd filter:                         0  (0); expected 0.0 (1e-05)
Initial search space (Z):                942  [actual number of targets]
Domain search space  (domZ):               0  [number of targets reported over threshold]
# CPU time: 0.01u 0.00s 00:00:00.01 Elapsed: 00:00:00.00
# Mc/sec: 17561.67
//
[ok]
