# hmmsearch :: search profile(s) against a sequence database
# HMMER 3.4 (Aug 2023); http://hmmer.org/
# Copyright (C) 2023 Howard Hughes Medical Institute.
# Freely distributed under the BSD open source license.
# - - - - - - - - - - - - - - - - - - - - - - - - - - - - - - - - - - - -
# query HMM file:                  ../HMMs/combined_nif_04012025.hmm
# target sequence database:        ../all_rep_proteins_aa/bacteria/GB_GCA_900321315.1_protein.faa
# - - - - - - - - - - - - - - - - - - - - - - - - - - - - - - - - - - - -

Query:       nifH-03292025  [M=327]
Scores for complete sequences (score includes all domains):
   --- full sequence ---   --- best 1 domain ---    -#dom-
    E-value  score  bias    E-value  score  bias    exp  N  Sequence          Description
    ------- ------ -----    ------- ------ -----   ---- --  --------          -----------
    6.1e-09   32.8   0.2    3.8e-06   23.7   0.3    2.5  2  ONVP01000021.1_13  # 15790 # 16728 # 1 # ID=156_13;partial=00
    2.9e-07   27.3   0.5    4.2e-06   23.5   0.1    2.2  2  ONVP01000302.1_1   # 2 # 946 # -1 # ID=163_1;partial=10;start


Domain annotation for each sequence (and alignments):
>> ONVP01000021.1_13  # 15790 # 16728 # 1 # ID=156_13;partial=00;start_type=ATG;rbs_motif=None;rbs_spacer=None;gc_cont=0
   #    score  bias  c-Evalue  i-Evalue hmmfrom  hmm to    alifrom  ali to    envfrom  env to     acc
 ---   ------ ----- --------- --------- ------- -------    ------- -------    ------- -------    ----
   1 !   23.7   0.3   2.6e-09   3.8e-06      14      40 ..      95     121 ..      69     125 .. 0.85
   2 !    6.9   0.0   0.00034      0.49     198     255 ..     255     311 ..     197     312 .. 0.85

  Alignments for each domain:
  == domain 1  score: 23.7 bits;  conditional E-value: 2.6e-09
      nifH-03292025  14 iYGKGGiGKSttasnlsaalaeegkkv 40 
                        + GKGG+GKSt+a+nl+ ala+++++v
  ONVP01000021.1_13  95 VSGKGGVGKSTVAANLAIALARANQRV 121
                        57*********************9998 PP

  == domain 2  score: 6.9 bits;  conditional E-value: 0.00034
      nifH-03292025 198 eelveefaeklgtqiiafvprsnevqkaelekktvieaapdseqakeyreLakkilen 255
                        +e  ++fa++lg+ ++ ++p  +++ ++   + t +  + ds+ +k++ ++a++i++ 
  ONVP01000021.1_13 255 KETGQQFADQLGVPLLGQIPITEKIAECGDAG-TPLALDADSPVTKAFDNIAHEIIKS 311
                        567799*******************9998665.66789999**************975 PP

>> ONVP01000302.1_1  # 2 # 946 # -1 # ID=163_1;partial=10;start_type=ATG;rbs_motif=AAA;rbs_spacer=13bp;gc_cont=0.540
   #    score  bias  c-Evalue  i-Evalue hmmfrom  hmm to    alifrom  ali to    envfrom  env to     acc
 ---   ------ ----- --------- --------- ------- -------    ------- -------    ------- -------    ----
   1 !   23.5   0.1   2.9e-09   4.2e-06      17      53 ..      11      47 ..       2      70 .. 0.90
   2 ?    1.9   0.0     0.011        16     148     236 ..     140     233 ..     137     265 .. 0.78

  Alignments for each domain:
  == domain 1  score: 23.5 bits;  conditional E-value: 2.9e-09
     nifH-03292025 17 KGGiGKSttasnlsaalaeegkkvlivGCdPKaDstr 53
                      KGG+GK tta nl+a la  ++k l +  dP a +t+
  ONVP01000302.1_1 11 KGGVGKTTTAINLAASLAVLEHKTLLIDADPQANATS 47
                      9********************************9997 PP

  == domain 2  score: 1.9 bits;  conditional E-value: 0.011
     nifH-03292025 148 kadevyivtsgemmalYaanniakgikkyaee..ggvrlgGlicNsrkv..dkeeelveefaeklgtqiiaf.vprsnevqkaelekktviea 235
                        ad+v+i + +e+ al     ++++ik ++++   +  + G++  + ++  +  +++vee+ ++++  ++++ ++r++ +++a   +kt+i +
  ONVP01000302.1_1 140 AADSVIIPVQCEYFALEGLGKLLNTIKIVQTRlnPSLDIEGILLTMFDTrlRLSKQVVEEVKTHFQDMVFNTiINRNTRLSEAPSFGKTIIMH 232
                       588999999999999999999999999888883345667898887765511567889999999988888765257888899999999998866 PP

     nifH-03292025 236 a 236
                       +
  ONVP01000302.1_1 233 D 233
                       5 PP



Internal pipeline statistics summary:
-------------------------------------
Query model(s):                            1  (327 nodes)
Target sequences:                       2863  (872634 residues searched)
Passed MSV filter:                       149  (0.0520433); expected 57.3 (0.02)
Passed bias filter:                      117  (0.0408662); expected 57.3 (0.02)
Passed Vit filter:                        18  (0.00628711); expected 2.9 (0.001)
Passed Fwd filter:                         2  (0.000698568); expected 0.0 (1e-05)
Initial search space (Z):               2863  [actual number of targets]
Domain search space  (domZ):               2  [number of targets reported over threshold]
# CPU time: 0.02u 0.00s 00:00:00.02 Elapsed: 00:00:00.02
# Mc/sec: 10584.16
//
Query:       nifD-03292025  [M=482]
Scores for complete sequences (score includes all domains):
   --- full sequence ---   --- best 1 domain ---    -#dom-
    E-value  score  bias    E-value  score  bias    exp  N  Sequence Description
    ------- ------ -----    ------- ------ -----   ---- --  -------- -----------

   [No hits detected that satisfy reporting thresholds]


Domain annotation for each sequence (and alignments):

   [No targets detected that satisfy reporting thresholds]


Internal pipeline statistics summary:
-------------------------------------
Query model(s):                            1  (482 nodes)
Target sequences:                       2863  (872634 residues searched)
Passed MSV filter:                       137  (0.0478519); expected 57.3 (0.02)
Passed bias filter:                       80  (0.0279427); expected 57.3 (0.02)
Passed Vit filter:                         5  (0.00174642); expected 2.9 (0.001)
Passed Fwd filter:                         0  (0); expected 0.0 (1e-05)
Initial search space (Z):               2863  [actual number of targets]
Domain search space  (domZ):               0  [number of targets reported over threshold]
# CPU time: 0.02u 0.01s 00:00:00.03 Elapsed: 00:00:00.02
# Mc/sec: 18504.06
//
Query:       nifK-03292025  [M=490]
Scores for complete sequences (score includes all domains):
   --- full sequence ---   --- best 1 domain ---    -#dom-
    E-value  score  bias    E-value  score  bias    exp  N  Sequence Description
    ------- ------ -----    ------- ------ -----   ---- --  -------- -----------

   [No hits detected that satisfy reporting thresholds]


Domain annotation for each sequence (and alignments):

   [No targets detected that satisfy reporting thresholds]


Internal pipeline statistics summary:
-------------------------------------
Query model(s):                            1  (490 nodes)
Target sequences:                       2863  (872634 residues searched)
Passed MSV filter:                        84  (0.0293399); expected 57.3 (0.02)
Passed bias filter:                       57  (0.0199092); expected 57.3 (0.02)
Passed Vit filter:                         2  (0.000698568); expected 2.9 (0.001)
Passed Fwd filter:                         0  (0); expected 0.0 (1e-05)
Initial search space (Z):               2863  [actual number of targets]
Domain search space  (domZ):               0  [number of targets reported over threshold]
# CPU time: 0.03u 0.00s 00:00:00.03 Elapsed: 00:00:00.01
# Mc/sec: 21672.47
//
Query:       nifB-03292025  [M=505]
Scores for complete sequences (score includes all domains):
   --- full sequence ---   --- best 1 domain ---    -#dom-
    E-value  score  bias    E-value  score  bias    exp  N  Sequence Description
    ------- ------ -----    ------- ------ -----   ---- --  -------- -----------

   [No hits detected that satisfy reporting thresholds]


Domain annotation for each sequence (and alignments):

   [No targets detected that satisfy reporting thresholds]


Internal pipeline statistics summary:
-------------------------------------
Query model(s):                            1  (505 nodes)
Target sequences:                       2863  (872634 residues searched)
Passed MSV filter:                       108  (0.0377227); expected 57.3 (0.02)
Passed bias filter:                       67  (0.023402); expected 57.3 (0.02)
Passed Vit filter:                         3  (0.00104785); expected 2.9 (0.001)
Passed Fwd filter:                         0  (0); expected 0.0 (1e-05)
Initial search space (Z):               2863  [actual number of targets]
Domain search space  (domZ):               0  [number of targets reported over threshold]
# CPU time: 0.03u 0.00s 00:00:00.03 Elapsed: 00:00:00.02
# Mc/sec: 20607.82
//
Query:       nifE-03292025  [M=556]
Scores for complete sequences (score includes all domains):
   --- full sequence ---   --- best 1 domain ---    -#dom-
    E-value  score  bias    E-value  score  bias    exp  N  Sequence Description
    ------- ------ -----    ------- ------ -----   ---- --  -------- -----------

   [No hits detected that satisfy reporting thresholds]


Domain annotation for each sequence (and alignments):

   [No targets detected that satisfy reporting thresholds]


Internal pipeline statistics summary:
-------------------------------------
Query model(s):                            1  (556 nodes)
Target sequences:                       2863  (872634 residues searched)
Passed MSV filter:                       127  (0.0443591); expected 57.3 (0.02)
Passed bias filter:                       77  (0.0268949); expected 57.3 (0.02)
Passed Vit filter:                         8  (0.00279427); expected 2.9 (0.001)
Passed Fwd filter:                         0  (0); expected 0.0 (1e-05)
Initial search space (Z):               2863  [actual number of targets]
Domain search space  (domZ):               0  [number of targets reported over threshold]
# CPU time: 0.03u 0.00s 00:00:00.03 Elapsed: 00:00:00.02
# Mc/sec: 18113.28
//
Query:       nifN-03292025  [M=700]
Scores for complete sequences (score includes all domains):
   --- full sequence ---   --- best 1 domain ---    -#dom-
    E-value  score  bias    E-value  score  bias    exp  N  Sequence Description
    ------- ------ -----    ------- ------ -----   ---- --  -------- -----------

   [No hits detected that satisfy reporting thresholds]


Domain annotation for each sequence (and alignments):

   [No targets detected that satisfy reporting thresholds]


Internal pipeline statistics summary:
-------------------------------------
Query model(s):                            1  (700 nodes)
Target sequences:                       2863  (872634 residues searched)
Passed MSV filter:                       120  (0.0419141); expected 57.3 (0.02)
Passed bias filter:                       96  (0.0335313); expected 57.3 (0.02)
Passed Vit filter:                         6  (0.0020957); expected 2.9 (0.001)
Passed Fwd filter:                         0  (0); expected 0.0 (1e-05)
Initial search space (Z):               2863  [actual number of targets]
Domain search space  (domZ):               0  [number of targets reported over threshold]
# CPU time: 0.03u 0.00s 00:00:00.03 Elapsed: 00:00:00.03
# Mc/sec: 16551.13
//
Query:       pchlide-04012025  [M=508]
Scores for complete sequences (score includes all domains):
   --- full sequence ---   --- best 1 domain ---    -#dom-
    E-value  score  bias    E-value  score  bias    exp  N  Sequence Description
    ------- ------ -----    ------- ------ -----   ---- --  -------- -----------

   [No hits detected that satisfy reporting thresholds]


Domain annotation for each sequence (and alignments):

   [No targets detected that satisfy reporting thresholds]


Internal pipeline statistics summary:
-------------------------------------
Query model(s):                            1  (508 nodes)
Target sequences:                       2863  (872634 residues searched)
Passed MSV filter:                        89  (0.0310863); expected 57.3 (0.02)
Passed bias filter:                       70  (0.0244499); expected 57.3 (0.02)
Passed Vit filter:                         5  (0.00174642); expected 2.9 (0.001)
Passed Fwd filter:                         0  (0); expected 0.0 (1e-05)
Initial search space (Z):               2863  [actual number of targets]
Domain search space  (domZ):               0  [number of targets reported over threshold]
# CPU time: 0.02u 0.00s 00:00:00.02 Elapsed: 00:00:00.02
# Mc/sec: 21311.89
//
[ok]
# hmmsearch :: search profile(s) against a sequence database
# HMMER 3.4 (Aug 2023); http://hmmer.org/
# Copyright (C) 2023 Howard Hughes Medical Institute.
# Freely distributed under the BSD open source license.
# - - - - - - - - - - - - - - - - - - - - - - - - - - - - - - - - - - - -
# query HMM file:                  ../HMMs/nifV_07242025.hmm
# target sequence database:        ../all_rep_proteins_aa/bacteria/GB_GCA_900321315.1_protein.faa
# - - - - - - - - - - - - - - - - - - - - - - - - - - - - - - - - - - - -

Query:       nifV-07242025  [M=437]
Scores for complete sequences (score includes all domains):
   --- full sequence ---   --- best 1 domain ---    -#dom-
    E-value  score  bias    E-value  score  bias    exp  N  Sequence         Description
    ------- ------ -----    ------- ------ -----   ---- --  --------         -----------
    0.00056   16.4   0.0    0.00085   15.8   0.0    1.2  1  ONVP01000347.1_1  # 3 # 1391 # -1 # ID=19_1;partial=10;start_


Domain annotation for each sequence (and alignments):
>> ONVP01000347.1_1  # 3 # 1391 # -1 # ID=19_1;partial=10;start_type=ATG;rbs_motif=AAAA;rbs_spacer=12bp;gc_cont=0.567
   #    score  bias  c-Evalue  i-Evalue hmmfrom  hmm to    alifrom  ali to    envfrom  env to     acc
 ---   ------ ----- --------- --------- ------- -------    ------- -------    ------- -------    ----
   1 !   15.8   0.0     3e-07   0.00085     159     232 ..     159     233 ..     130     237 .. 0.91

  Alignments for each domain:
  == domain 1  score: 15.8 bits;  conditional E-value: 3e-07
     nifV-07242025 159 levaevaqeaGasrlRfaDTlGildPfttlekvkkLraa.ldlelEmHaHnDlGlAtANtlaavkaGathvnttv 232
                       +++a+   +aGa+ + + D  G+  P++  + v++++++  ++++  H H   Gl+ A  l  +kaG  ++++ +
  ONVP01000347.1_1 159 CKMADELIAAGAKEIALKDMAGVGRPVSLGKIVNHIKTQhPEIKVQYHGHTGPGLSMASVLEVCKAGCDYIDVAM 233
                       678888899***************************865168****************************99876 PP



Internal pipeline statistics summary:
-------------------------------------
Query model(s):                            1  (437 nodes)
Target sequences:                       2863  (872634 residues searched)
Passed MSV filter:                        59  (0.0206078); expected 57.3 (0.02)
Passed bias filter:                       44  (0.0153685); expected 57.3 (0.02)
Passed Vit filter:                         5  (0.00174642); expected 2.9 (0.001)
Passed Fwd filter:                         1  (0.000349284); expected 0.0 (1e-05)
Initial search space (Z):               2863  [actual number of targets]
Domain search space  (domZ):               1  [number of targets reported over threshold]
# CPU time: 0.02u 0.00s 00:00:00.02 Elapsed: 00:00:00.03
# Mc/sec: 12472.60
//
[ok]
