# hmmsearch :: search profile(s) against a sequence database
# HMMER 3.4 (Aug 2023); http://hmmer.org/
# Copyright (C) 2023 Howard Hughes Medical Institute.
# Freely distributed under the BSD open source license.
# - - - - - - - - - - - - - - - - - - - - - - - - - - - - - - - - - - - -
# query HMM file:                  ../HMMs/combined_nif_04012025.hmm
# target sequence database:        ../all_rep_proteins_aa/bacteria/GB_GCA_018712385.1_protein.faa
# - - - - - - - - - - - - - - - - - - - - - - - - - - - - - - - - - - - -

Query:       nifH-03292025  [M=327]
Scores for complete sequences (score includes all domains):
   --- full sequence ---   --- best 1 domain ---    -#dom-
    E-value  score  bias    E-value  score  bias    exp  N  Sequence           Description
    ------- ------ -----    ------- ------ -----   ---- --  --------           -----------
    3.8e-12   42.5   0.4    7.1e-08   28.5   0.7    2.2  2  DVHC01000062.1_130  # 104928 # 105716 # -1 # ID=33_130;partia
      3e-06   23.2   0.3    2.2e-05   20.3   0.0    2.1  2  DVHC01000035.1_29   # 27135 # 27863 # -1 # ID=5_29;partial=00
     0.0099   11.6   0.0      0.014   11.1   0.0    1.2  1  DVHC01000044.1_3    # 1555 # 2772 # -1 # ID=14_3;partial=00;s


Domain annotation for each sequence (and alignments):
>> DVHC01000062.1_130  # 104928 # 105716 # -1 # ID=33_130;partial=00;start_type=ATG;rbs_motif=GGA/GAG/AGG;rbs_spacer=5-1
   #    score  bias  c-Evalue  i-Evalue hmmfrom  hmm to    alifrom  ali to    envfrom  env to     acc
 ---   ------ ----- --------- --------- ------- -------    ------- -------    ------- -------    ----
   1 !   28.5   0.7   1.3e-10   7.1e-08      17      72 ..      11      68 ..       5      85 .. 0.78
   2 !   11.5   0.0   1.9e-05      0.01     149     255 ..     148     259 ..     145     262 .. 0.82

  Alignments for each domain:
  == domain 1  score: 28.5 bits;  conditional E-value: 1.3e-10
       nifH-03292025 17 KGGiGKSttasnlsaalaeegkkvlivGCdPKaDstrl..llggkaqktvldllrekg 72
                        KGG+GK tt+ nlsa la  gkkvl +  dP   +t+   + +g    +v d+l +k 
  DVHC01000062.1_130 11 KGGVGKTTTSINLSASLAFLGKKVLLIDLDPQGNTTTGvgINKGDIDVSVYDVLTNKC 68
                        9*******************************99997512455666667777777654 PP

  == domain 2  score: 11.5 bits;  conditional E-value: 1.9e-05
       nifH-03292025 149 adevyivtsgemmalYaanniakgikkyaee..ggvrlgGlicNsrkvdke..eelveefaeklgtqiiaf.vprsnevqkaelekktvie 234
                         +d+v+i + +e+ al     ++++i+  +++   +  + G++  + +++++   e+v+++ + ++ ++ ++ +pr   +++a  +++ +i 
  DVHC01000062.1_130 148 SDSVIIPVQCEFFALEGIMQLLNTIRLAQKQlnPNLDIEGVLLTMLDSRTNlgFEVVDDIRKFFKEKVYNTiIPRLIRLTEAPSHGEPIIV 238
                         5778888888999999999999999888887445566789888877666552268999999999999987527999*************** PP

       nifH-03292025 235 aapdseqakeyreLakkilen 255
                         ++p+s+  ++y +Lak++++ 
  DVHC01000062.1_130 239 YDPKSKGSEAYLNLAKEVIDR 259
                         *****************9875 PP

>> DVHC01000035.1_29  # 27135 # 27863 # -1 # ID=5_29;partial=00;start_type=ATG;rbs_motif=AGGAG;rbs_spacer=5-10bp;gc_cont
   #    score  bias  c-Evalue  i-Evalue hmmfrom  hmm to    alifrom  ali to    envfrom  env to     acc
 ---   ------ ----- --------- --------- ------- -------    ------- -------    ------- -------    ----
   1 !   20.3   0.0   4.1e-08   2.2e-05      19      48 ..      46      75 ..      30     127 .. 0.87
   2 ?    1.0   0.1     0.032        17     174     197 ..     194     217 ..     166     238 .. 0.60

  Alignments for each domain:
  == domain 1  score: 20.3 bits;  conditional E-value: 4.1e-08
      nifH-03292025 19 GiGKSttasnlsaalaeegkkvlivGCdPK 48
                       G GKS +++nl++a a+egkkvl+v Cd +
  DVHC01000035.1_29 46 GDGKSFITANLAVAYAQEGKKVLVVDCDLR 75
                       77**************************65 PP

  == domain 2  score: 1.0 bits;  conditional E-value: 0.032
      nifH-03292025 174 kkyaeeggvrlgGlicNsrkvdke 197
                        kk+ e+ ++++ G+i N+ +v+++
  DVHC01000035.1_29 194 KKVFEKANTKISGVIINKASVKDN 217
                        233344455555555555555443 PP

>> DVHC01000044.1_3  # 1555 # 2772 # -1 # ID=14_3;partial=00;start_type=ATG;rbs_motif=AGGA;rbs_spacer=5-10bp;gc_cont=0.2
   #    score  bias  c-Evalue  i-Evalue hmmfrom  hmm to    alifrom  ali to    envfrom  env to     acc
 ---   ------ ----- --------- --------- ------- -------    ------- -------    ------- -------    ----
   1 !   11.1   0.0   2.6e-05     0.014       6      65 ..      36      94 ..      31     118 .. 0.72

  Alignments for each domain:
  == domain 1  score: 11.1 bits;  conditional E-value: 2.6e-05
     nifH-03292025  6 akkmrkiAiYGKGGiGKSttasnlsaalaeegkkvlivGCdPKaDstrlllggkaqktvl 65
                      +kk+  + +YGK GiGK ++a+ +   l  + ++ l    + K+D   ++ ++k+ + ++
  DVHC01000044.1_3 36 NKKLFSMILYGKPGIGKTSIANAIINDLGVR-HRFLNATVNSKKDLDIVIEEAKMYDGIV 94
                      566778899*************999999875.5677777777777777777666666554 PP



Internal pipeline statistics summary:
-------------------------------------
Query model(s):                            1  (327 nodes)
Target sequences:                       1578  (452892 residues searched)
Passed MSV filter:                       127  (0.0804816); expected 31.6 (0.02)
Passed bias filter:                       66  (0.0418251); expected 31.6 (0.02)
Passed Vit filter:                        15  (0.0095057); expected 1.6 (0.001)
Passed Fwd filter:                         3  (0.00190114); expected 0.0 (1e-05)
Initial search space (Z):               1578  [actual number of targets]
Domain search space  (domZ):               3  [number of targets reported over threshold]
# CPU time: 0.02u 0.00s 00:00:00.02 Elapsed: 00:00:00.02
# Mc/sec: 6614.12
//
Query:       nifD-03292025  [M=482]
Scores for complete sequences (score includes all domains):
   --- full sequence ---   --- best 1 domain ---    -#dom-
    E-value  score  bias    E-value  score  bias    exp  N  Sequence Description
    ------- ------ -----    ------- ------ -----   ---- --  -------- -----------

   [No hits detected that satisfy reporting thresholds]


Domain annotation for each sequence (and alignments):

   [No targets detected that satisfy reporting thresholds]


Internal pipeline statistics summary:
-------------------------------------
Query model(s):                            1  (482 nodes)
Target sequences:                       1578  (452892 residues searched)
Passed MSV filter:                       127  (0.0804816); expected 31.6 (0.02)
Passed bias filter:                       39  (0.0247148); expected 31.6 (0.02)
Passed Vit filter:                         1  (0.000633714); expected 1.6 (0.001)
Passed Fwd filter:                         0  (0); expected 0.0 (1e-05)
Initial search space (Z):               1578  [actual number of targets]
Domain search space  (domZ):               0  [number of targets reported over threshold]
# CPU time: 0.01u 0.00s 00:00:00.01 Elapsed: 00:00:00.01
# Mc/sec: 18035.99
//
Query:       nifK-03292025  [M=490]
Scores for complete sequences (score includes all domains):
   --- full sequence ---   --- best 1 domain ---    -#dom-
    E-value  score  bias    E-value  score  bias    exp  N  Sequence Description
    ------- ------ -----    ------- ------ -----   ---- --  -------- -----------

   [No hits detected that satisfy reporting thresholds]


Domain annotation for each sequence (and alignments):

   [No targets detected that satisfy reporting thresholds]


Internal pipeline statistics summary:
-------------------------------------
Query model(s):                            1  (490 nodes)
Target sequences:                       1578  (452892 residues searched)
Passed MSV filter:                        60  (0.0380228); expected 31.6 (0.02)
Passed bias filter:                       30  (0.0190114); expected 31.6 (0.02)
Passed Vit filter:                         0  (0); expected 1.6 (0.001)
Passed Fwd filter:                         0  (0); expected 0.0 (1e-05)
Initial search space (Z):               1578  [actual number of targets]
Domain search space  (domZ):               0  [number of targets reported over threshold]
# CPU time: 0.01u 0.00s 00:00:00.01 Elapsed: 00:00:00.01
# Mc/sec: 21168.32
//
Query:       nifB-03292025  [M=505]
Scores for complete sequences (score includes all domains):
   --- full sequence ---   --- best 1 domain ---    -#dom-
    E-value  score  bias    E-value  score  bias    exp  N  Sequence Description
    ------- ------ -----    ------- ------ -----   ---- --  -------- -----------

   [No hits detected that satisfy reporting thresholds]


Domain annotation for each sequence (and alignments):

   [No targets detected that satisfy reporting thresholds]


Internal pipeline statistics summary:
-------------------------------------
Query model(s):                            1  (505 nodes)
Target sequences:                       1578  (452892 residues searched)
Passed MSV filter:                        68  (0.0430925); expected 31.6 (0.02)
Passed bias filter:                       38  (0.0240811); expected 31.6 (0.02)
Passed Vit filter:                         4  (0.00253485); expected 1.6 (0.001)
Passed Fwd filter:                         0  (0); expected 0.0 (1e-05)
Initial search space (Z):               1578  [actual number of targets]
Domain search space  (domZ):               0  [number of targets reported over threshold]
# CPU time: 0.01u 0.00s 00:00:00.01 Elapsed: 00:00:00.01
# Mc/sec: 18559.61
//
Query:       nifE-03292025  [M=556]
Scores for complete sequences (score includes all domains):
   --- full sequence ---   --- best 1 domain ---    -#dom-
    E-value  score  bias    E-value  score  bias    exp  N  Sequence Description
    ------- ------ -----    ------- ------ -----   ---- --  -------- -----------

   [No hits detected that satisfy reporting thresholds]


Domain annotation for each sequence (and alignments):

   [No targets detected that satisfy reporting thresholds]


Internal pipeline statistics summary:
-------------------------------------
Query model(s):                            1  (556 nodes)
Target sequences:                       1578  (452892 residues searched)
Passed MSV filter:                        78  (0.0494297); expected 31.6 (0.02)
Passed bias filter:                       31  (0.0196451); expected 31.6 (0.02)
Passed Vit filter:                         2  (0.00126743); expected 1.6 (0.001)
Passed Fwd filter:                         0  (0); expected 0.0 (1e-05)
Initial search space (Z):               1578  [actual number of targets]
Domain search space  (domZ):               0  [number of targets reported over threshold]
# CPU time: 0.01u 0.00s 00:00:00.01 Elapsed: 00:00:00.01
# Mc/sec: 20504.06
//
Query:       nifN-03292025  [M=700]
Scores for complete sequences (score includes all domains):
   --- full sequence ---   --- best 1 domain ---    -#dom-
    E-value  score  bias    E-value  score  bias    exp  N  Sequence Description
    ------- ------ -----    ------- ------ -----   ---- --  -------- -----------

   [No hits detected that satisfy reporting thresholds]


Domain annotation for each sequence (and alignments):

   [No targets detected that satisfy reporting thresholds]


Internal pipeline statistics summary:
-------------------------------------
Query model(s):                            1  (700 nodes)
Target sequences:                       1578  (452892 residues searched)
Passed MSV filter:                        84  (0.0532319); expected 31.6 (0.02)
Passed bias filter:                       64  (0.0405577); expected 31.6 (0.02)
Passed Vit filter:                         3  (0.00190114); expected 1.6 (0.001)
Passed Fwd filter:                         0  (0); expected 0.0 (1e-05)
Initial search space (Z):               1578  [actual number of targets]
Domain search space  (domZ):               0  [number of targets reported over threshold]
# CPU time: 0.02u 0.00s 00:00:00.02 Elapsed: 00:00:00.01
# Mc/sec: 23362.17
//
Query:       pchlide-04012025  [M=508]
Scores for complete sequences (score includes all domains):
   --- full sequence ---   --- best 1 domain ---    -#dom-
    E-value  score  bias    E-value  score  bias    exp  N  Sequence Description
    ------- ------ -----    ------- ------ -----   ---- --  -------- -----------

   [No hits detected that satisfy reporting thresholds]


Domain annotation for each sequence (and alignments):

   [No targets detected that satisfy reporting thresholds]


Internal pipeline statistics summary:
-------------------------------------
Query model(s):                            1  (508 nodes)
Target sequences:                       1578  (452892 residues searched)
Passed MSV filter:                        52  (0.0329531); expected 31.6 (0.02)
Passed bias filter:                       38  (0.0240811); expected 31.6 (0.02)
Passed Vit filter:                         3  (0.00190114); expected 1.6 (0.001)
Passed Fwd filter:                         0  (0); expected 0.0 (1e-05)
Initial search space (Z):               1578  [actual number of targets]
Domain search space  (domZ):               0  [number of targets reported over threshold]
# CPU time: 0.01u 0.00s 00:00:00.01 Elapsed: 00:00:00.01
# Mc/sec: 18841.95
//
[ok]
# hmmsearch :: search profile(s) against a sequence database
# HMMER 3.4 (Aug 2023); http://hmmer.org/
# Copyright (C) 2023 Howard Hughes Medical Institute.
# Freely distributed under the BSD open source license.
# - - - - - - - - - - - - - - - - - - - - - - - - - - - - - - - - - - - -
# query HMM file:                  ../HMMs/nifV_07242025.hmm
# target sequence database:        ../all_rep_proteins_aa/bacteria/GB_GCA_018712385.1_protein.faa
# - - - - - - - - - - - - - - - - - - - - - - - - - - - - - - - - - - - -

Query:       nifV-07242025  [M=437]
Scores for complete sequences (score includes all domains):
   --- full sequence ---   --- best 1 domain ---    -#dom-
    E-value  score  bias    E-value  score  bias    exp  N  Sequence Description
    ------- ------ -----    ------- ------ -----   ---- --  -------- -----------

   [No hits detected that satisfy reporting thresholds]


Domain annotation for each sequence (and alignments):

   [No targets detected that satisfy reporting thresholds]


Internal pipeline statistics summary:
-------------------------------------
Query model(s):                            1  (437 nodes)
Target sequences:                       1578  (452892 residues searched)
Passed MSV filter:                        36  (0.0228137); expected 31.6 (0.02)
Passed bias filter:                       30  (0.0190114); expected 31.6 (0.02)
Passed Vit filter:                         2  (0.00126743); expected 1.6 (0.001)
Passed Fwd filter:                         0  (0); expected 0.0 (1e-05)
Initial search space (Z):               1578  [actual number of targets]
Domain search space  (domZ):               0  [number of targets reported over threshold]
# CPU time: 0.01u 0.00s 00:00:00.01 Elapsed: 00:00:00.00
# Mc/sec: 25058.93
//
[ok]
