# hmmsearch :: search profile(s) against a sequence database
# HMMER 3.4 (Aug 2023); http://hmmer.org/
# Copyright (C) 2023 Howard Hughes Medical Institute.
# Freely distributed under the BSD open source license.
# - - - - - - - - - - - - - - - - - - - - - - - - - - - - - - - - - - - -
# query HMM file:                  ../HMMs/combined_nif_04012025.hmm
# target sequence database:        ../all_rep_proteins_aa/bacteria/GB_GCA_017940575.1_protein.faa
# - - - - - - - - - - - - - - - - - - - - - - - - - - - - - - - - - - - -

Query:       nifH-03292025  [M=327]
Scores for complete sequences (score includes all domains):
   --- full sequence ---   --- best 1 domain ---    -#dom-
    E-value  score  bias    E-value  score  bias    exp  N  Sequence              Description
    ------- ------ -----    ------- ------ -----   ---- --  --------              -----------
    2.9e-12   42.4   0.2    2.8e-08   29.3   0.1    2.1  2  JAGAYJ010000003.1_5    # 4302 # 5132 # 1 # ID=26_5;partial=00
     0.0014   13.8   0.8     0.0068   11.6   0.0    2.3  2  JAGAYJ010000033.1_32   # 30436 # 31842 # -1 # ID=17_32;partia
     0.0027   13.0   0.0     0.0043   12.3   0.0    1.3  1  JAGAYJ010000002.1_13   # 10478 # 11689 # 1 # ID=25_13;partial
     0.0043   12.3   2.9     0.0039   12.4   1.1    1.9  1  JAGAYJ010000032.1_107  # 107832 # 108806 # -1 # ID=16_107;par


Domain annotation for each sequence (and alignments):
>> JAGAYJ010000003.1_5  # 4302 # 5132 # 1 # ID=26_5;partial=00;start_type=GTG;rbs_motif=None;rbs_spacer=None;gc_cont=0.3
   #    score  bias  c-Evalue  i-Evalue hmmfrom  hmm to    alifrom  ali to    envfrom  env to     acc
 ---   ------ ----- --------- --------- ------- -------    ------- -------    ------- -------    ----
   1 !   29.3   0.1     1e-10   2.8e-08      17      86 ..      26      95 ..      12     102 .. 0.75
   2 !   11.2   0.0   3.3e-05    0.0092     148     255 ..     161     273 ..     159     276 .. 0.83

  Alignments for each domain:
  == domain 1  score: 29.3 bits;  conditional E-value: 1e-10
        nifH-03292025 17 KGGiGKSttasnlsaalaeegkkvlivGCdPKaDstrll..lggkaqktvldllrekgedleledvvkeGfk 86
                         KGG+GK t + nl+a l   gkkvl v  dP   st+ +   +++  +++ +ll+++ e l+ e ++k+ fk
  JAGAYJ010000003.1_5 26 KGGVGKTTSSINLAASLGYLGKKVLLVDLDPQGNSTTGVgiNKTNYTSSMYELLKDEAE-LK-EVIIKTKFK 95
                         9***********************************97611445555566666666543.22.445555555 PP

  == domain 2  score: 11.2 bits;  conditional E-value: 3.3e-05
        nifH-03292025 148 kadevyivtsgemmalYaanniakgikkyaee..ggvrlgGlicNsrkvdke..eelveefaeklgtqiiaf.vprsnevqkaelekktv 232
                           ad+v+i + +e+ al     ++++i   +++   +  + G++  + + +++   e+vee+ + ++ ++  + +pr   +++a  ++k +
  JAGAYJ010000003.1_5 161 AADSVIIPVQCEFFALEGIMQLLNTIMMAQRTlnPTLDIEGVLLTMLDGRTNlgLEVVEEIKSYFKERVYDTiIPRLVRLSEAPSHGKPI 250
                          588999999999999999999999998888873344566899888876555422799***********9975279*************** PP

        nifH-03292025 233 ieaapdseqakeyreLakkilen 255
                          i ++ +++  ++y +Lak+++e 
  JAGAYJ010000003.1_5 251 IAYDSQNRGSEAYLNLAKEVIER 273
                          *******************9986 PP

>> JAGAYJ010000033.1_32  # 30436 # 31842 # -1 # ID=17_32;partial=00;start_type=ATG;rbs_motif=AGxAGG/AGGxGG;rbs_spacer=5-
   #    score  bias  c-Evalue  i-Evalue hmmfrom  hmm to    alifrom  ali to    envfrom  env to     acc
 ---   ------ ----- --------- --------- ------- -------    ------- -------    ------- -------    ----
   1 ?   -0.6   0.3      0.13        37     180     203 ..      60      83 ..      52     163 .. 0.72
   2 !   11.6   0.0   2.4e-05    0.0068      21      49 ..     283     311 ..     282     352 .. 0.74

  Alignments for each domain:
  == domain 1  score: -0.6 bits;  conditional E-value: 0.13
         nifH-03292025 180 ggvrlgGlicNsrkvdkeeelvee 203
                           ++v  +G+++N+r v++  e++++
  JAGAYJ010000033.1_32  60 NSVDYQGILTNQRMVKTYAEIIKS 83 
                           566777888888888888777764 PP

  == domain 2  score: 11.6 bits;  conditional E-value: 2.4e-05
         nifH-03292025  21 GKSttasnlsaalaeegkkvlivGCdPKa 49 
                           GKS + +nl+a +a  +kkvl v Cd ++
  JAGAYJ010000033.1_32 283 GKSEVITNLAASFAMLDKKVLLVDCDLRK 311
                           9*************************443 PP

>> JAGAYJ010000002.1_13  # 10478 # 11689 # 1 # ID=25_13;partial=00;start_type=ATG;rbs_motif=None;rbs_spacer=None;gc_cont
   #    score  bias  c-Evalue  i-Evalue hmmfrom  hmm to    alifrom  ali to    envfrom  env to     acc
 ---   ------ ----- --------- --------- ------- -------    ------- -------    ------- -------    ----
   1 !   12.3   0.0   1.5e-05    0.0043      10      55 ..      39      83 ..      30     111 .. 0.74

  Alignments for each domain:
  == domain 1  score: 12.3 bits;  conditional E-value: 1.5e-05
         nifH-03292025 10 rkiAiYGKGGiGKSttasnlsaalaeegkkvlivGCdPKaDstrll 55
                            + +YGK GiGK t+a  ++  l  + ++vl    + K+D    +
  JAGAYJ010000002.1_13 39 FSMILYGKPGIGKTTIALSIAEELKVK-YRVLNAVINTKKDFDVAI 83
                          56779**************99999764.777777666666665555 PP

>> JAGAYJ010000032.1_107  # 107832 # 108806 # -1 # ID=16_107;partial=00;start_type=ATG;rbs_motif=GGA/GAG/AGG;rbs_spacer=
   #    score  bias  c-Evalue  i-Evalue hmmfrom  hmm to    alifrom  ali to    envfrom  env to     acc
 ---   ------ ----- --------- --------- ------- -------    ------- -------    ------- -------    ----
   1 !   12.4   1.1   1.4e-05    0.0039      12      46 ..     123     157 ..     113     201 .. 0.89

  Alignments for each domain:
  == domain 1  score: 12.4 bits;  conditional E-value: 1.4e-05
          nifH-03292025  12 iAiYGKGGiGKSttasnlsaalaeegkkvlivGCd 46 
                            i + G  G+GK tt  +++  l +egkkv+ v  d
  JAGAYJ010000032.1_107 123 ILFVGVNGVGKTTTIGKIANKLKSEGKKVMLVAGD 157
                            6678999***********************99655 PP



Internal pipeline statistics summary:
-------------------------------------
Query model(s):                            1  (327 nodes)
Target sequences:                       1125  (312379 residues searched)
Passed MSV filter:                       104  (0.0924444); expected 22.5 (0.02)
Passed bias filter:                       48  (0.0426667); expected 22.5 (0.02)
Passed Vit filter:                        10  (0.00888889); expected 1.1 (0.001)
Passed Fwd filter:                         4  (0.00355556); expected 0.0 (1e-05)
Initial search space (Z):               1125  [actual number of targets]
Domain search space  (domZ):               4  [number of targets reported over threshold]
# CPU time: 0.02u 0.00s 00:00:00.02 Elapsed: 00:00:00.01
# Mc/sec: 5229.42
//
Query:       nifD-03292025  [M=482]
Scores for complete sequences (score includes all domains):
   --- full sequence ---   --- best 1 domain ---    -#dom-
    E-value  score  bias    E-value  score  bias    exp  N  Sequence Description
    ------- ------ -----    ------- ------ -----   ---- --  -------- -----------

   [No hits detected that satisfy reporting thresholds]


Domain annotation for each sequence (and alignments):

   [No targets detected that satisfy reporting thresholds]


Internal pipeline statistics summary:
-------------------------------------
Query model(s):                            1  (482 nodes)
Target sequences:                       1125  (312379 residues searched)
Passed MSV filter:                       102  (0.0906667); expected 22.5 (0.02)
Passed bias filter:                       29  (0.0257778); expected 22.5 (0.02)
Passed Vit filter:                         2  (0.00177778); expected 1.1 (0.001)
Passed Fwd filter:                         0  (0); expected 0.0 (1e-05)
Initial search space (Z):               1125  [actual number of targets]
Domain search space  (domZ):               0  [number of targets reported over threshold]
# CPU time: 0.01u 0.00s 00:00:00.01 Elapsed: 00:00:00.00
# Mc/sec: 19056.50
//
Query:       nifK-03292025  [M=490]
Scores for complete sequences (score includes all domains):
   --- full sequence ---   --- best 1 domain ---    -#dom-
    E-value  score  bias    E-value  score  bias    exp  N  Sequence Description
    ------- ------ -----    ------- ------ -----   ---- --  -------- -----------

   [No hits detected that satisfy reporting thresholds]


Domain annotation for each sequence (and alignments):

   [No targets detected that satisfy reporting thresholds]


Internal pipeline statistics summary:
-------------------------------------
Query model(s):                            1  (490 nodes)
Target sequences:                       1125  (312379 residues searched)
Passed MSV filter:                        58  (0.0515556); expected 22.5 (0.02)
Passed bias filter:                       19  (0.0168889); expected 22.5 (0.02)
Passed Vit filter:                         2  (0.00177778); expected 1.1 (0.001)
Passed Fwd filter:                         0  (0); expected 0.0 (1e-05)
Initial search space (Z):               1125  [actual number of targets]
Domain search space  (domZ):               0  [number of targets reported over threshold]
# CPU time: 0.01u 0.00s 00:00:00.01 Elapsed: 00:00:00.00
# Mc/sec: 21600.70
//
Query:       nifB-03292025  [M=505]
Scores for complete sequences (score includes all domains):
   --- full sequence ---   --- best 1 domain ---    -#dom-
    E-value  score  bias    E-value  score  bias    exp  N  Sequence Description
    ------- ------ -----    ------- ------ -----   ---- --  -------- -----------

   [No hits detected that satisfy reporting thresholds]


Domain annotation for each sequence (and alignments):

   [No targets detected that satisfy reporting thresholds]


Internal pipeline statistics summary:
-------------------------------------
Query model(s):                            1  (505 nodes)
Target sequences:                       1125  (312379 residues searched)
Passed MSV filter:                        57  (0.0506667); expected 22.5 (0.02)
Passed bias filter:                       27  (0.024); expected 22.5 (0.02)
Passed Vit filter:                         1  (0.000888889); expected 1.1 (0.001)
Passed Fwd filter:                         0  (0); expected 0.0 (1e-05)
Initial search space (Z):               1125  [actual number of targets]
Domain search space  (domZ):               0  [number of targets reported over threshold]
# CPU time: 0.01u 0.00s 00:00:00.01 Elapsed: 00:00:00.00
# Mc/sec: 17865.78
//
Query:       nifE-03292025  [M=556]
Scores for complete sequences (score includes all domains):
   --- full sequence ---   --- best 1 domain ---    -#dom-
    E-value  score  bias    E-value  score  bias    exp  N  Sequence Description
    ------- ------ -----    ------- ------ -----   ---- --  -------- -----------

   [No hits detected that satisfy reporting thresholds]


Domain annotation for each sequence (and alignments):

   [No targets detected that satisfy reporting thresholds]


Internal pipeline statistics summary:
-------------------------------------
Query model(s):                            1  (556 nodes)
Target sequences:                       1125  (312379 residues searched)
Passed MSV filter:                        67  (0.0595556); expected 22.5 (0.02)
Passed bias filter:                       28  (0.0248889); expected 22.5 (0.02)
Passed Vit filter:                         1  (0.000888889); expected 1.1 (0.001)
Passed Fwd filter:                         0  (0); expected 0.0 (1e-05)
Initial search space (Z):               1125  [actual number of targets]
Domain search space  (domZ):               0  [number of targets reported over threshold]
# CPU time: 0.01u 0.00s 00:00:00.01 Elapsed: 00:00:00.00
# Mc/sec: 20176.90
//
Query:       nifN-03292025  [M=700]
Scores for complete sequences (score includes all domains):
   --- full sequence ---   --- best 1 domain ---    -#dom-
    E-value  score  bias    E-value  score  bias    exp  N  Sequence Description
    ------- ------ -----    ------- ------ -----   ---- --  -------- -----------

   [No hits detected that satisfy reporting thresholds]


Domain annotation for each sequence (and alignments):

   [No targets detected that satisfy reporting thresholds]


Internal pipeline statistics summary:
-------------------------------------
Query model(s):                            1  (700 nodes)
Target sequences:                       1125  (312379 residues searched)
Passed MSV filter:                        73  (0.0648889); expected 22.5 (0.02)
Passed bias filter:                       47  (0.0417778); expected 22.5 (0.02)
Passed Vit filter:                         6  (0.00533333); expected 1.1 (0.001)
Passed Fwd filter:                         0  (0); expected 0.0 (1e-05)
Initial search space (Z):               1125  [actual number of targets]
Domain search space  (domZ):               0  [number of targets reported over threshold]
# CPU time: 0.01u 0.00s 00:00:00.01 Elapsed: 00:00:00.01
# Mc/sec: 13814.62
//
Query:       pchlide-04012025  [M=508]
Scores for complete sequences (score includes all domains):
   --- full sequence ---   --- best 1 domain ---    -#dom-
    E-value  score  bias    E-value  score  bias    exp  N  Sequence Description
    ------- ------ -----    ------- ------ -----   ---- --  -------- -----------

   [No hits detected that satisfy reporting thresholds]


Domain annotation for each sequence (and alignments):

   [No targets detected that satisfy reporting thresholds]


Internal pipeline statistics summary:
-------------------------------------
Query model(s):                            1  (508 nodes)
Target sequences:                       1125  (312379 residues searched)
Passed MSV filter:                        42  (0.0373333); expected 22.5 (0.02)
Passed bias filter:                       29  (0.0257778); expected 22.5 (0.02)
Passed Vit filter:                         2  (0.00177778); expected 1.1 (0.001)
Passed Fwd filter:                         0  (0); expected 0.0 (1e-05)
Initial search space (Z):               1125  [actual number of targets]
Domain search space  (domZ):               0  [number of targets reported over threshold]
# CPU time: 0.01u 0.00s 00:00:00.01 Elapsed: 00:00:00.00
# Mc/sec: 17276.05
//
[ok]
# hmmsearch :: search profile(s) against a sequence database
# HMMER 3.4 (Aug 2023); http://hmmer.org/
# Copyright (C) 2023 Howard Hughes Medical Institute.
# Freely distributed under the BSD open source license.
# - - - - - - - - - - - - - - - - - - - - - - - - - - - - - - - - - - - -
# query HMM file:                  ../HMMs/nifV_07242025.hmm
# target sequence database:        ../all_rep_proteins_aa/bacteria/GB_GCA_017940575.1_protein.faa
# - - - - - - - - - - - - - - - - - - - - - - - - - - - - - - - - - - - -

Query:       nifV-07242025  [M=437]
Scores for complete sequences (score includes all domains):
   --- full sequence ---   --- best 1 domain ---    -#dom-
    E-value  score  bias    E-value  score  bias    exp  N  Sequence Description
    ------- ------ -----    ------- ------ -----   ---- --  -------- -----------

   [No hits detected that satisfy reporting thresholds]


Domain annotation for each sequence (and alignments):

   [No targets detected that satisfy reporting thresholds]


Internal pipeline statistics summary:
-------------------------------------
Query model(s):                            1  (437 nodes)
Target sequences:                       1125  (312379 residues searched)
Passed MSV filter:                        23  (0.0204444); expected 22.5 (0.02)
Passed bias filter:                       16  (0.0142222); expected 22.5 (0.02)
Passed Vit filter:                         2  (0.00177778); expected 1.1 (0.001)
Passed Fwd filter:                         0  (0); expected 0.0 (1e-05)
Initial search space (Z):               1125  [actual number of targets]
Domain search space  (domZ):               0  [number of targets reported over threshold]
# CPU time: 0.01u 0.00s 00:00:00.01 Elapsed: 00:00:00.00
# Mc/sec: 19504.78
//
[ok]
