# hmmsearch :: search profile(s) against a sequence database
# HMMER 3.4 (Aug 2023); http://hmmer.org/
# Copyright (C) 2023 Howard Hughes Medical Institute.
# Freely distributed under the BSD open source license.
# - - - - - - - - - - - - - - - - - - - - - - - - - - - - - - - - - - - -
# query HMM file:                  ../HMMs/combined_nif_04012025.hmm
# target sequence database:        ../all_rep_proteins_aa/bacteria/GB_GCA_001794605.1_protein.faa
# - - - - - - - - - - - - - - - - - - - - - - - - - - - - - - - - - - - -

Query:       nifH-03292025  [M=327]
Scores for complete sequences (score includes all domains):
   --- full sequence ---   --- best 1 domain ---    -#dom-
    E-value  score  bias    E-value  score  bias    exp  N  Sequence         Description
    ------- ------ -----    ------- ------ -----   ---- --  --------         -----------
      5e-07   24.4   0.1      3e-06   21.8   0.0    1.9  2  MGKD01000018.1_1  # 1 # 624 # -1 # ID=18_1;partial=10;start_t
     0.0063   10.9   3.9      0.013    9.8   0.1    2.6  3  MGKD01000019.1_5  # 1468 # 2931 # 1 # ID=19_5;partial=00;star


Domain annotation for each sequence (and alignments):
>> MGKD01000018.1_1  # 1 # 624 # -1 # ID=18_1;partial=10;start_type=ATG;rbs_motif=TAA;rbs_spacer=9bp;gc_cont=0.455
   #    score  bias  c-Evalue  i-Evalue hmmfrom  hmm to    alifrom  ali to    envfrom  env to     acc
 ---   ------ ----- --------- --------- ------- -------    ------- -------    ------- -------    ----
   1 !   21.8   0.0   9.5e-09     3e-06      17      55 ..      11      49 ..       3      74 .. 0.90
   2 ?    0.3   0.0     0.034        11     149     191 ..     141     185 ..     139     204 .. 0.72

  Alignments for each domain:
  == domain 1  score: 21.8 bits;  conditional E-value: 9.5e-09
     nifH-03292025 17 KGGiGKSttasnlsaalaeegkkvlivGCdPKaDstrll 55
                      KGG GK tta nl+a la +gk vl v  d  a +t+ +
  MGKD01000018.1_1 11 KGGTGKTTTAINLAAYLAAMGKYVLLVDLDAQANATSGI 49
                      9***************************99999999766 PP

  == domain 2  score: 0.3 bits;  conditional E-value: 0.034
     nifH-03292025 149 adevyivtsgemmalYaanniakgikkyaee..ggvrlgGlicNs 191
                       a+ev i + +e+ al    n++++i+ ++++   + +++G++  +
  MGKD01000018.1_1 141 AEEVLIPVQCEYFALEGLGNLLNTIELVRSSlnPHLKIAGVLLTM 185
                       89999*99****************998888733445566666544 PP

>> MGKD01000019.1_5  # 1468 # 2931 # 1 # ID=19_5;partial=00;start_type=ATG;rbs_motif=TAA;rbs_spacer=9bp;gc_cont=0.484
   #    score  bias  c-Evalue  i-Evalue hmmfrom  hmm to    alifrom  ali to    envfrom  env to     acc
 ---   ------ ----- --------- --------- ------- -------    ------- -------    ------- -------    ----
   1 !    9.8   0.1   4.2e-05     0.013      10      34 ..      34      58 ..      26      66 .. 0.84
   2 ?   -2.0   0.1      0.16        52     247     276 ..     235     264 ..     177     309 .. 0.54
   3 ?    1.4   0.0     0.015       4.8       8      31 ..     325     348 ..     317     358 .. 0.76

  Alignments for each domain:
  == domain 1  score: 9.8 bits;  conditional E-value: 4.2e-05
     nifH-03292025 10 rkiAiYGKGGiGKSttasnlsaala 34
                       kiAi G  G GKSt+ + ++ al 
  MGKD01000019.1_5 34 AKIAIMGQNGAGKSTIFQLIVGALK 58
                      79*****************999997 PP

  == domain 2  score: -2.0 bits;  conditional E-value: 0.16
     nifH-03292025 247 eLakkilenkklvipkplseeeleellael 276
                       +Lak+ +e+k+++   +++  +l+ l++++
  MGKD01000019.1_5 235 RLAKEAIEKKEKANFFAMKGGRLRLLAKRM 264
                       333333333322222233333333333222 PP

  == domain 3  score: 1.4 bits;  conditional E-value: 0.015
     nifH-03292025   8 kmrkiAiYGKGGiGKSttasnlsa 31 
                       k r++ + G  GiGKSt  + l+ 
  MGKD01000019.1_5 325 KNRHLLLAGPNGIGKSTLLEALAS 348
                       56777778999******9877765 PP



Internal pipeline statistics summary:
-------------------------------------
Query model(s):                            1  (327 nodes)
Target sequences:                        632  (179595 residues searched)
Passed MSV filter:                        41  (0.0648734); expected 12.6 (0.02)
Passed bias filter:                       35  (0.0553797); expected 12.6 (0.02)
Passed Vit filter:                         6  (0.00949367); expected 0.6 (0.001)
Passed Fwd filter:                         2  (0.00316456); expected 0.0 (1e-05)
Initial search space (Z):                632  [actual number of targets]
Domain search space  (domZ):               2  [number of targets reported over threshold]
# CPU time: 0.01u 0.00s 00:00:00.01 Elapsed: 00:00:00.01
# Mc/sec: 5715.94
//
Query:       nifD-03292025  [M=482]
Scores for complete sequences (score includes all domains):
   --- full sequence ---   --- best 1 domain ---    -#dom-
    E-value  score  bias    E-value  score  bias    exp  N  Sequence Description
    ------- ------ -----    ------- ------ -----   ---- --  -------- -----------

   [No hits detected that satisfy reporting thresholds]


Domain annotation for each sequence (and alignments):

   [No targets detected that satisfy reporting thresholds]


Internal pipeline statistics summary:
-------------------------------------
Query model(s):                            1  (482 nodes)
Target sequences:                        632  (179595 residues searched)
Passed MSV filter:                        28  (0.0443038); expected 12.6 (0.02)
Passed bias filter:                       23  (0.0363924); expected 12.6 (0.02)
Passed Vit filter:                         2  (0.00316456); expected 0.6 (0.001)
Passed Fwd filter:                         0  (0); expected 0.0 (1e-05)
Initial search space (Z):                632  [actual number of targets]
Domain search space  (domZ):               0  [number of targets reported over threshold]
# CPU time: 0.01u 0.00s 00:00:00.01 Elapsed: 00:00:00.00
# Mc/sec: 13151.23
//
Query:       nifK-03292025  [M=490]
Scores for complete sequences (score includes all domains):
   --- full sequence ---   --- best 1 domain ---    -#dom-
    E-value  score  bias    E-value  score  bias    exp  N  Sequence Description
    ------- ------ -----    ------- ------ -----   ---- --  -------- -----------

   [No hits detected that satisfy reporting thresholds]


Domain annotation for each sequence (and alignments):

   [No targets detected that satisfy reporting thresholds]


Internal pipeline statistics summary:
-------------------------------------
Query model(s):                            1  (490 nodes)
Target sequences:                        632  (179595 residues searched)
Passed MSV filter:                        21  (0.0332278); expected 12.6 (0.02)
Passed bias filter:                       18  (0.028481); expected 12.6 (0.02)
Passed Vit filter:                         2  (0.00316456); expected 0.6 (0.001)
Passed Fwd filter:                         0  (0); expected 0.0 (1e-05)
Initial search space (Z):                632  [actual number of targets]
Domain search space  (domZ):               0  [number of targets reported over threshold]
# CPU time: 0.00u 0.00s 00:00:00.00 Elapsed: 00:00:00.00
# Mc/sec: 14170.72
//
Query:       nifB-03292025  [M=505]
Scores for complete sequences (score includes all domains):
   --- full sequence ---   --- best 1 domain ---    -#dom-
    E-value  score  bias    E-value  score  bias    exp  N  Sequence Description
    ------- ------ -----    ------- ------ -----   ---- --  -------- -----------

   [No hits detected that satisfy reporting thresholds]


Domain annotation for each sequence (and alignments):

   [No targets detected that satisfy reporting thresholds]


Internal pipeline statistics summary:
-------------------------------------
Query model(s):                            1  (505 nodes)
Target sequences:                        632  (179595 residues searched)
Passed MSV filter:                        20  (0.0316456); expected 12.6 (0.02)
Passed bias filter:                       17  (0.0268987); expected 12.6 (0.02)
Passed Vit filter:                         4  (0.00632911); expected 0.6 (0.001)
Passed Fwd filter:                         0  (0); expected 0.0 (1e-05)
Initial search space (Z):                632  [actual number of targets]
Domain search space  (domZ):               0  [number of targets reported over threshold]
# CPU time: 0.01u 0.00s 00:00:00.01 Elapsed: 00:00:00.00
# Mc/sec: 12581.89
//
Query:       nifE-03292025  [M=556]
Scores for complete sequences (score includes all domains):
   --- full sequence ---   --- best 1 domain ---    -#dom-
    E-value  score  bias    E-value  score  bias    exp  N  Sequence Description
    ------- ------ -----    ------- ------ -----   ---- --  -------- -----------

   [No hits detected that satisfy reporting thresholds]


Domain annotation for each sequence (and alignments):

   [No targets detected that satisfy reporting thresholds]


Internal pipeline statistics summary:
-------------------------------------
Query model(s):                            1  (556 nodes)
Target sequences:                        632  (179595 residues searched)
Passed MSV filter:                        23  (0.0363924); expected 12.6 (0.02)
Passed bias filter:                       16  (0.0253165); expected 12.6 (0.02)
Passed Vit filter:                         1  (0.00158228); expected 0.6 (0.001)
Passed Fwd filter:                         0  (0); expected 0.0 (1e-05)
Initial search space (Z):                632  [actual number of targets]
Domain search space  (domZ):               0  [number of targets reported over threshold]
# CPU time: 0.01u 0.00s 00:00:00.01 Elapsed: 00:00:00.00
# Mc/sec: 15572.33
//
Query:       nifN-03292025  [M=700]
Scores for complete sequences (score includes all domains):
   --- full sequence ---   --- best 1 domain ---    -#dom-
    E-value  score  bias    E-value  score  bias    exp  N  Sequence Description
    ------- ------ -----    ------- ------ -----   ---- --  -------- -----------

   [No hits detected that satisfy reporting thresholds]


Domain annotation for each sequence (and alignments):

   [No targets detected that satisfy reporting thresholds]


Internal pipeline statistics summary:
-------------------------------------
Query model(s):                            1  (700 nodes)
Target sequences:                        632  (179595 residues searched)
Passed MSV filter:                        18  (0.028481); expected 12.6 (0.02)
Passed bias filter:                       15  (0.0237342); expected 12.6 (0.02)
Passed Vit filter:                         2  (0.00316456); expected 0.6 (0.001)
Passed Fwd filter:                         0  (0); expected 0.0 (1e-05)
Initial search space (Z):                632  [actual number of targets]
Domain search space  (domZ):               0  [number of targets reported over threshold]
# CPU time: 0.01u 0.00s 00:00:00.01 Elapsed: 00:00:00.00
# Mc/sec: 15138.02
//
Query:       pchlide-04012025  [M=508]
Scores for complete sequences (score includes all domains):
   --- full sequence ---   --- best 1 domain ---    -#dom-
    E-value  score  bias    E-value  score  bias    exp  N  Sequence Description
    ------- ------ -----    ------- ------ -----   ---- --  -------- -----------

   [No hits detected that satisfy reporting thresholds]


Domain annotation for each sequence (and alignments):

   [No targets detected that satisfy reporting thresholds]


Internal pipeline statistics summary:
-------------------------------------
Query model(s):                            1  (508 nodes)
Target sequences:                        632  (179595 residues searched)
Passed MSV filter:                        13  (0.0205696); expected 12.6 (0.02)
Passed bias filter:                       11  (0.0174051); expected 12.6 (0.02)
Passed Vit filter:                         2  (0.00316456); expected 0.6 (0.001)
Passed Fwd filter:                         0  (0); expected 0.0 (1e-05)
Initial search space (Z):                632  [actual number of targets]
Domain search space  (domZ):               0  [number of targets reported over threshold]
# CPU time: 0.01u 0.00s 00:00:00.01 Elapsed: 00:00:00.00
# Mc/sec: 17359.78
//
[ok]
# hmmsearch :: search profile(s) against a sequence database
# HMMER 3.4 (Aug 2023); http://hmmer.org/
# Copyright (C) 2023 Howard Hughes Medical Institute.
# Freely distributed under the BSD open source license.
# - - - - - - - - - - - - - - - - - - - - - - - - - - - - - - - - - - - -
# query HMM file:                  ../HMMs/nifV_07242025.hmm
# target sequence database:        ../all_rep_proteins_aa/bacteria/GB_GCA_001794605.1_protein.faa
# - - - - - - - - - - - - - - - - - - - - - - - - - - - - - - - - - - - -

Query:       nifV-07242025  [M=437]
Scores for complete sequences (score includes all domains):
   --- full sequence ---   --- best 1 domain ---    -#dom-
    E-value  score  bias    E-value  score  bias    exp  N  Sequence Description
    ------- ------ -----    ------- ------ -----   ---- --  -------- -----------

   [No hits detected that satisfy reporting thresholds]


Domain annotation for each sequence (and alignments):

   [No targets detected that satisfy reporting thresholds]


Internal pipeline statistics summary:
-------------------------------------
Query model(s):                            1  (437 nodes)
Target sequences:                        632  (179595 residues searched)
Passed MSV filter:                        21  (0.0332278); expected 12.6 (0.02)
Passed bias filter:                       13  (0.0205696); expected 12.6 (0.02)
Passed Vit filter:                         0  (0); expected 0.6 (0.001)
Passed Fwd filter:                         0  (0); expected 0.0 (1e-05)
Initial search space (Z):                632  [actual number of targets]
Domain search space  (domZ):               0  [number of targets reported over threshold]
# CPU time: 0.00u 0.00s 00:00:00.00 Elapsed: 00:00:00.00
# Mc/sec: 15894.24
//
[ok]
