# hmmsearch :: search profile(s) against a sequence database
# HMMER 3.4 (Aug 2023); http://hmmer.org/
# Copyright (C) 2023 Howard Hughes Medical Institute.
# Freely distributed under the BSD open source license.
# - - - - - - - - - - - - - - - - - - - - - - - - - - - - - - - - - - - -
# query HMM file:                  ../HMMs/combined_nif_04012025.hmm
# target sequence database:        ../all_rep_proteins_aa/bacteria/GB_GCA_945875075.1_protein.faa
# - - - - - - - - - - - - - - - - - - - - - - - - - - - - - - - - - - - -

Query:       nifH-03292025  [M=327]
Scores for complete sequences (score includes all domains):
   --- full sequence ---   --- best 1 domain ---    -#dom-
    E-value  score  bias    E-value  score  bias    exp  N  Sequence             Description
    ------- ------ -----    ------- ------ -----   ---- --  --------             -----------
    9.8e-05   17.4   1.4    9.8e-05   17.4   1.4    2.4  3  CAMCJK010000002.1_25  # 23822 # 24817 # -1 # ID=2_25;partial=
    0.00016   16.7   0.5    0.00055   15.0   0.0    2.0  2  CAMCJK010000017.1_2   # 145 # 999 # -1 # ID=17_2;partial=00;s


Domain annotation for each sequence (and alignments):
>> CAMCJK010000002.1_25  # 23822 # 24817 # -1 # ID=2_25;partial=00;start_type=ATG;rbs_motif=AATAA;rbs_spacer=8bp;gc_cont
   #    score  bias  c-Evalue  i-Evalue hmmfrom  hmm to    alifrom  ali to    envfrom  env to     acc
 ---   ------ ----- --------- --------- ------- -------    ------- -------    ------- -------    ----
   1 !   17.4   1.4     2e-07   9.8e-05      15      40 ..      91     116 ..      75     122 .. 0.85
   2 ?   -1.9   0.0      0.16        77     247     281 ..     157     191 ..     144     207 .. 0.73
   3 ?   -2.0   0.1      0.17        80     167     192 ..     239     263 ..     221     305 .. 0.68

  Alignments for each domain:
  == domain 1  score: 17.4 bits;  conditional E-value: 2e-07
         nifH-03292025  15 YGKGGiGKSttasnlsaalaeegkkv 40 
                            GKGG+GKS++++n+++ l+ +g+kv
  CAMCJK010000002.1_25  91 SGKGGVGKSSISANIAYYLSLAGYKV 116
                           5**********************998 PP

  == domain 2  score: -1.9 bits;  conditional E-value: 0.16
         nifH-03292025 247 eLakkilenkklvipkplseeeleellaelgllee 281
                           ++   +++n+ lv + p+ ++ l+++l++++  ++
  CAMCJK010000002.1_25 157 SMGFIVKSNDALVWRGPMVTKTLNNMLMHTDWSHK 191
                           55556788999999999999999999998855444 PP

  == domain 3  score: -2.0 bits;  conditional E-value: 0.17
         nifH-03292025 167 nniakgikkyaeeggvrlgGlicNsr 192
                            n  +++  ++ + ++r+ G+i N+ 
  CAMCJK010000002.1_25 239 SNAHRSVDMLK-KLNIRVLGMIENMA 263
                           56666666655.56788899999875 PP

>> CAMCJK010000017.1_2  # 145 # 999 # -1 # ID=17_2;partial=00;start_type=ATG;rbs_motif=AAAA;rbs_spacer=11bp;gc_cont=0.27
   #    score  bias  c-Evalue  i-Evalue hmmfrom  hmm to    alifrom  ali to    envfrom  env to     acc
 ---   ------ ----- --------- --------- ------- -------    ------- -------    ------- -------    ----
   1 !   15.0   0.0   1.1e-06   0.00055      10      33 ..      26      49 ..      15      56 .. 0.81
   2 ?   -1.5   0.1      0.12        59     148     171 ..      88     111 ..      84     116 .. 0.83

  Alignments for each domain:
  == domain 1  score: 15.0 bits;  conditional E-value: 1.1e-06
        nifH-03292025 10 rkiAiYGKGGiGKSttasnlsaal 33
                         + i +YG  G+GKSt ++nl   +
  CAMCJK010000017.1_2 26 NTILFYGNSGVGKSTLVQNLCKKI 49
                         6799***************98765 PP

  == domain 2  score: -1.5 bits;  conditional E-value: 0.12
        nifH-03292025 148 kadevyivtsgemmalYaanniak 171
                          + +++ ++ s + m++ a n  +k
  CAMCJK010000017.1_2  88 YGNKILVLDSIDNMSISAINATLK 111
                          5679999***********998776 PP



Internal pipeline statistics summary:
-------------------------------------
Query model(s):                            1  (327 nodes)
Target sequences:                        965  (288538 residues searched)
Passed MSV filter:                        84  (0.0870466); expected 19.3 (0.02)
Passed bias filter:                       47  (0.0487047); expected 19.3 (0.02)
Passed Vit filter:                         9  (0.00932642); expected 1.0 (0.001)
Passed Fwd filter:                         2  (0.00207254); expected 0.0 (1e-05)
Initial search space (Z):                965  [actual number of targets]
Domain search space  (domZ):               2  [number of targets reported over threshold]
# CPU time: 0.02u 0.00s 00:00:00.02 Elapsed: 00:00:00.01
# Mc/sec: 5734.22
//
Query:       nifD-03292025  [M=482]
Scores for complete sequences (score includes all domains):
   --- full sequence ---   --- best 1 domain ---    -#dom-
    E-value  score  bias    E-value  score  bias    exp  N  Sequence Description
    ------- ------ -----    ------- ------ -----   ---- --  -------- -----------

   [No hits detected that satisfy reporting thresholds]


Domain annotation for each sequence (and alignments):

   [No targets detected that satisfy reporting thresholds]


Internal pipeline statistics summary:
-------------------------------------
Query model(s):                            1  (482 nodes)
Target sequences:                        965  (288538 residues searched)
Passed MSV filter:                        76  (0.0787565); expected 19.3 (0.02)
Passed bias filter:                       36  (0.0373057); expected 19.3 (0.02)
Passed Vit filter:                         3  (0.00310881); expected 1.0 (0.001)
Passed Fwd filter:                         0  (0); expected 0.0 (1e-05)
Initial search space (Z):                965  [actual number of targets]
Domain search space  (domZ):               0  [number of targets reported over threshold]
# CPU time: 0.01u 0.00s 00:00:00.01 Elapsed: 00:00:00.01
# Mc/sec: 12867.20
//
Query:       nifK-03292025  [M=490]
Scores for complete sequences (score includes all domains):
   --- full sequence ---   --- best 1 domain ---    -#dom-
    E-value  score  bias    E-value  score  bias    exp  N  Sequence Description
    ------- ------ -----    ------- ------ -----   ---- --  -------- -----------

   [No hits detected that satisfy reporting thresholds]


Domain annotation for each sequence (and alignments):

   [No targets detected that satisfy reporting thresholds]


Internal pipeline statistics summary:
-------------------------------------
Query model(s):                            1  (490 nodes)
Target sequences:                        965  (288538 residues searched)
Passed MSV filter:                        37  (0.038342); expected 19.3 (0.02)
Passed bias filter:                       15  (0.015544); expected 19.3 (0.02)
Passed Vit filter:                         3  (0.00310881); expected 1.0 (0.001)
Passed Fwd filter:                         0  (0); expected 0.0 (1e-05)
Initial search space (Z):                965  [actual number of targets]
Domain search space  (domZ):               0  [number of targets reported over threshold]
# CPU time: 0.01u 0.00s 00:00:00.01 Elapsed: 00:00:00.00
# Mc/sec: 14765.59
//
Query:       nifB-03292025  [M=505]
Scores for complete sequences (score includes all domains):
   --- full sequence ---   --- best 1 domain ---    -#dom-
    E-value  score  bias    E-value  score  bias    exp  N  Sequence Description
    ------- ------ -----    ------- ------ -----   ---- --  -------- -----------

   [No hits detected that satisfy reporting thresholds]


Domain annotation for each sequence (and alignments):

   [No targets detected that satisfy reporting thresholds]


Internal pipeline statistics summary:
-------------------------------------
Query model(s):                            1  (505 nodes)
Target sequences:                        965  (288538 residues searched)
Passed MSV filter:                        59  (0.0611399); expected 19.3 (0.02)
Passed bias filter:                       28  (0.0290155); expected 19.3 (0.02)
Passed Vit filter:                         3  (0.00310881); expected 1.0 (0.001)
Passed Fwd filter:                         0  (0); expected 0.0 (1e-05)
Initial search space (Z):                965  [actual number of targets]
Domain search space  (domZ):               0  [number of targets reported over threshold]
# CPU time: 0.01u 0.00s 00:00:00.01 Elapsed: 00:00:00.01
# Mc/sec: 14322.01
//
Query:       nifE-03292025  [M=556]
Scores for complete sequences (score includes all domains):
   --- full sequence ---   --- best 1 domain ---    -#dom-
    E-value  score  bias    E-value  score  bias    exp  N  Sequence Description
    ------- ------ -----    ------- ------ -----   ---- --  -------- -----------

   [No hits detected that satisfy reporting thresholds]


Domain annotation for each sequence (and alignments):

   [No targets detected that satisfy reporting thresholds]


Internal pipeline statistics summary:
-------------------------------------
Query model(s):                            1  (556 nodes)
Target sequences:                        965  (288538 residues searched)
Passed MSV filter:                        55  (0.0569948); expected 19.3 (0.02)
Passed bias filter:                       22  (0.0227979); expected 19.3 (0.02)
Passed Vit filter:                         1  (0.00103627); expected 1.0 (0.001)
Passed Fwd filter:                         0  (0); expected 0.0 (1e-05)
Initial search space (Z):                965  [actual number of targets]
Domain search space  (domZ):               0  [number of targets reported over threshold]
# CPU time: 0.01u 0.00s 00:00:00.01 Elapsed: 00:00:00.00
# Mc/sec: 17007.74
//
Query:       nifN-03292025  [M=700]
Scores for complete sequences (score includes all domains):
   --- full sequence ---   --- best 1 domain ---    -#dom-
    E-value  score  bias    E-value  score  bias    exp  N  Sequence Description
    ------- ------ -----    ------- ------ -----   ---- --  -------- -----------

   [No hits detected that satisfy reporting thresholds]


Domain annotation for each sequence (and alignments):

   [No targets detected that satisfy reporting thresholds]


Internal pipeline statistics summary:
-------------------------------------
Query model(s):                            1  (700 nodes)
Target sequences:                        965  (288538 residues searched)
Passed MSV filter:                        52  (0.053886); expected 19.3 (0.02)
Passed bias filter:                       31  (0.0321244); expected 19.3 (0.02)
Passed Vit filter:                         1  (0.00103627); expected 1.0 (0.001)
Passed Fwd filter:                         0  (0); expected 0.0 (1e-05)
Initial search space (Z):                965  [actual number of targets]
Domain search space  (domZ):               0  [number of targets reported over threshold]
# CPU time: 0.01u 0.00s 00:00:00.01 Elapsed: 00:00:00.01
# Mc/sec: 15786.67
//
Query:       pchlide-04012025  [M=508]
Scores for complete sequences (score includes all domains):
   --- full sequence ---   --- best 1 domain ---    -#dom-
    E-value  score  bias    E-value  score  bias    exp  N  Sequence Description
    ------- ------ -----    ------- ------ -----   ---- --  -------- -----------

   [No hits detected that satisfy reporting thresholds]


Domain annotation for each sequence (and alignments):

   [No targets detected that satisfy reporting thresholds]


Internal pipeline statistics summary:
-------------------------------------
Query model(s):                            1  (508 nodes)
Target sequences:                        965  (288538 residues searched)
Passed MSV filter:                        44  (0.0455959); expected 19.3 (0.02)
Passed bias filter:                       27  (0.0279793); expected 19.3 (0.02)
Passed Vit filter:                         1  (0.00103627); expected 1.0 (0.001)
Passed Fwd filter:                         0  (0); expected 0.0 (1e-05)
Initial search space (Z):                965  [actual number of targets]
Domain search space  (domZ):               0  [number of targets reported over threshold]
# CPU time: 0.01u 0.00s 00:00:00.01 Elapsed: 00:00:00.01
# Mc/sec: 14528.59
//
[ok]
# hmmsearch :: search profile(s) against a sequence database
# HMMER 3.4 (Aug 2023); http://hmmer.org/
# Copyright (C) 2023 Howard Hughes Medical Institute.
# Freely distributed under the BSD open source license.
# - - - - - - - - - - - - - - - - - - - - - - - - - - - - - - - - - - - -
# query HMM file:                  ../HMMs/nifV_07242025.hmm
# target sequence database:        ../all_rep_proteins_aa/bacteria/GB_GCA_945875075.1_protein.faa
# - - - - - - - - - - - - - - - - - - - - - - - - - - - - - - - - - - - -

Query:       nifV-07242025  [M=437]
Scores for complete sequences (score includes all domains):
   --- full sequence ---   --- best 1 domain ---    -#dom-
    E-value  score  bias    E-value  score  bias    exp  N  Sequence Description
    ------- ------ -----    ------- ------ -----   ---- --  -------- -----------

   [No hits detected that satisfy reporting thresholds]


Domain annotation for each sequence (and alignments):

   [No targets detected that satisfy reporting thresholds]


Internal pipeline statistics summary:
-------------------------------------
Query model(s):                            1  (437 nodes)
Target sequences:                        965  (288538 residues searched)
Passed MSV filter:                        25  (0.0259067); expected 19.3 (0.02)
Passed bias filter:                       15  (0.015544); expected 19.3 (0.02)
Passed Vit filter:                         1  (0.00103627); expected 1.0 (0.001)
Passed Fwd filter:                         0  (0); expected 0.0 (1e-05)
Initial search space (Z):                965  [actual number of targets]
Domain search space  (domZ):               0  [number of targets reported over threshold]
# CPU time: 0.00u 0.00s 00:00:00.00 Elapsed: 00:00:00.00
# Mc/sec: 16612.60
//
[ok]
