# hmmsearch :: search profile(s) against a sequence database
# HMMER 3.4 (Aug 2023); http://hmmer.org/
# Copyright (C) 2023 Howard Hughes Medical Institute.
# Freely distributed under the BSD open source license.
# - - - - - - - - - - - - - - - - - - - - - - - - - - - - - - - - - - - -
# query HMM file:                  ../HMMs/combined_nif_04012025.hmm
# target sequence database:        ../all_rep_proteins_aa/bacteria/GB_GCA_022836975.1_protein.faa
# - - - - - - - - - - - - - - - - - - - - - - - - - - - - - - - - - - - -

Query:       nifH-03292025  [M=327]
Scores for complete sequences (score includes all domains):
   --- full sequence ---   --- best 1 domain ---    -#dom-
    E-value  score  bias    E-value  score  bias    exp  N  Sequence            Description
    ------- ------ -----    ------- ------ -----   ---- --  --------            -----------
    2.1e-12   42.8   0.1    2.3e-06   23.0   0.0    2.1  2  JAIXMJ010000046.1_8  # 3419 # 4198 # -1 # ID=134_8;partial=00
     0.0012   14.0   0.3     0.0028   12.8   0.1    1.7  2  JAIXMJ010000033.1_3  # 1086 # 2096 # -1 # ID=120_3;partial=00


Domain annotation for each sequence (and alignments):
>> JAIXMJ010000046.1_8  # 3419 # 4198 # -1 # ID=134_8;partial=00;start_type=TTG;rbs_motif=GGA/GAG/AGG;rbs_spacer=5-10bp;
   #    score  bias  c-Evalue  i-Evalue hmmfrom  hmm to    alifrom  ali to    envfrom  env to     acc
 ---   ------ ----- --------- --------- ------- -------    ------- -------    ------- -------    ----
   1 !   23.0   0.0   4.2e-09   2.3e-06      17      55 ..      11      49 ..       3      78 .. 0.84
   2 !   17.9   0.0   1.4e-07   7.9e-05     148     256 ..     140     253 ..     138     258 .. 0.86

  Alignments for each domain:
  == domain 1  score: 23.0 bits;  conditional E-value: 4.2e-09
        nifH-03292025 17 KGGiGKSttasnlsaalaeegkkvlivGCdPKaDstrll 55
                         KGG+GK tt+ nls+a+a  +k+vl +  dP   +++ l
  JAIXMJ010000046.1_8 11 KGGVGKTTTSVNLSTAFAAVNKNVLLIDFDPQGNASTGL 49
                         9******************************97765544 PP

  == domain 2  score: 17.9 bits;  conditional E-value: 1.4e-07
        nifH-03292025 148 kadevyivtsgemmalYaanniakgikkyaee..ggvrlgGlicNsrkvdk..eeelveefaeklgtqiiaf.vprsnevqkaelekktv 232
                           ad+++i   +e+ al     ++k+++ ++++   + ++ G++  + ++++   e++  e+++ l+ ++ a+ +pr+  +++a   +k  
  JAIXMJ010000046.1_8 140 AADSIIIPLQCEFFALEGLSHLIKTVELIQKHlnPSLKIEGIVLTMYDKRNrlSEQVKMEICKYLNNKVYATiIPRNVRLSEAPSYGKPA 229
                          589999**********************999854567889**998766554225677789********9865279*************** PP

        nifH-03292025 233 ieaapdseqakeyreLakkilenk 256
                          i ++ +++ a++y  Lak+il+++
  JAIXMJ010000046.1_8 230 IIYDLKCSGAQAYIYLAKEILDKQ 253
                          ********************9876 PP

>> JAIXMJ010000033.1_3  # 1086 # 2096 # -1 # ID=120_3;partial=00;start_type=GTG;rbs_motif=None;rbs_spacer=None;gc_cont=0
   #    score  bias  c-Evalue  i-Evalue hmmfrom  hmm to    alifrom  ali to    envfrom  env to     acc
 ---   ------ ----- --------- --------- ------- -------    ------- -------    ------- -------    ----
   1 !   12.8   0.1   5.2e-06    0.0028      14      40 ..     103     129 ..      84     153 .. 0.80
   2 ?   -2.3   0.0       0.2   1.1e+02     180     223 ..     256     304 ..     235     329 .. 0.57

  Alignments for each domain:
  == domain 1  score: 12.8 bits;  conditional E-value: 5.2e-06
        nifH-03292025  14 iYGKGGiGKSttasnlsaalaeegkkv 40 
                            GKGG+GKSt+a  l+  la+  ++ 
  JAIXMJ010000033.1_3 103 ASGKGGVGKSTVALYLALFLAKLKYQT 129
                          35**************99999877665 PP

  == domain 2  score: -2.3 bits;  conditional E-value: 0.2
        nifH-03292025 180 ggvrlgGlicNsrkvdkeeelveefa.....eklgtqiiafvprsnevq 223
                           ++ + G++ N+    ++   ++ f      ekl+++i+ ++p ++e+ 
  JAIXMJ010000033.1_3 256 LDIPIIGIVENMSYFLHNGLKIHVFGqecilEKLQIKILGKIPLDQEIC 304
                          4556666666666555555555444311111455666666666666654 PP



Internal pipeline statistics summary:
-------------------------------------
Query model(s):                            1  (327 nodes)
Target sequences:                       1090  (274385 residues searched)
Passed MSV filter:                        60  (0.0550459); expected 21.8 (0.02)
Passed bias filter:                       37  (0.033945); expected 21.8 (0.02)
Passed Vit filter:                         6  (0.00550459); expected 1.1 (0.001)
Passed Fwd filter:                         2  (0.00183486); expected 0.0 (1e-05)
Initial search space (Z):               1090  [actual number of targets]
Domain search space  (domZ):               2  [number of targets reported over threshold]
# CPU time: 0.01u 0.00s 00:00:00.01 Elapsed: 00:00:00.01
# Mc/sec: 7430.93
//
Query:       nifD-03292025  [M=482]
Scores for complete sequences (score includes all domains):
   --- full sequence ---   --- best 1 domain ---    -#dom-
    E-value  score  bias    E-value  score  bias    exp  N  Sequence Description
    ------- ------ -----    ------- ------ -----   ---- --  -------- -----------

   [No hits detected that satisfy reporting thresholds]


Domain annotation for each sequence (and alignments):

   [No targets detected that satisfy reporting thresholds]


Internal pipeline statistics summary:
-------------------------------------
Query model(s):                            1  (482 nodes)
Target sequences:                       1090  (274385 residues searched)
Passed MSV filter:                        49  (0.0449541); expected 21.8 (0.02)
Passed bias filter:                       27  (0.0247706); expected 21.8 (0.02)
Passed Vit filter:                         4  (0.00366972); expected 1.1 (0.001)
Passed Fwd filter:                         0  (0); expected 0.0 (1e-05)
Initial search space (Z):               1090  [actual number of targets]
Domain search space  (domZ):               0  [number of targets reported over threshold]
# CPU time: 0.01u 0.00s 00:00:00.01 Elapsed: 00:00:00.00
# Mc/sec: 17663.78
//
Query:       nifK-03292025  [M=490]
Scores for complete sequences (score includes all domains):
   --- full sequence ---   --- best 1 domain ---    -#dom-
    E-value  score  bias    E-value  score  bias    exp  N  Sequence Description
    ------- ------ -----    ------- ------ -----   ---- --  -------- -----------

   [No hits detected that satisfy reporting thresholds]


Domain annotation for each sequence (and alignments):

   [No targets detected that satisfy reporting thresholds]


Internal pipeline statistics summary:
-------------------------------------
Query model(s):                            1  (490 nodes)
Target sequences:                       1090  (274385 residues searched)
Passed MSV filter:                        45  (0.0412844); expected 21.8 (0.02)
Passed bias filter:                       31  (0.0284404); expected 21.8 (0.02)
Passed Vit filter:                         3  (0.00275229); expected 1.1 (0.001)
Passed Fwd filter:                         0  (0); expected 0.0 (1e-05)
Initial search space (Z):               1090  [actual number of targets]
Domain search space  (domZ):               0  [number of targets reported over threshold]
# CPU time: 0.01u 0.00s 00:00:00.01 Elapsed: 00:00:00.00
# Mc/sec: 14935.03
//
Query:       nifB-03292025  [M=505]
Scores for complete sequences (score includes all domains):
   --- full sequence ---   --- best 1 domain ---    -#dom-
    E-value  score  bias    E-value  score  bias    exp  N  Sequence Description
    ------- ------ -----    ------- ------ -----   ---- --  -------- -----------

   [No hits detected that satisfy reporting thresholds]


Domain annotation for each sequence (and alignments):

   [No targets detected that satisfy reporting thresholds]


Internal pipeline statistics summary:
-------------------------------------
Query model(s):                            1  (505 nodes)
Target sequences:                       1090  (274385 residues searched)
Passed MSV filter:                        47  (0.0431193); expected 21.8 (0.02)
Passed bias filter:                       16  (0.0146789); expected 21.8 (0.02)
Passed Vit filter:                         1  (0.000917431); expected 1.1 (0.001)
Passed Fwd filter:                         0  (0); expected 0.0 (1e-05)
Initial search space (Z):               1090  [actual number of targets]
Domain search space  (domZ):               0  [number of targets reported over threshold]
# CPU time: 0.00u 0.00s 00:00:00.00 Elapsed: 00:00:00.00
# Mc/sec: 18770.57
//
Query:       nifE-03292025  [M=556]
Scores for complete sequences (score includes all domains):
   --- full sequence ---   --- best 1 domain ---    -#dom-
    E-value  score  bias    E-value  score  bias    exp  N  Sequence Description
    ------- ------ -----    ------- ------ -----   ---- --  -------- -----------

   [No hits detected that satisfy reporting thresholds]


Domain annotation for each sequence (and alignments):

   [No targets detected that satisfy reporting thresholds]


Internal pipeline statistics summary:
-------------------------------------
Query model(s):                            1  (556 nodes)
Target sequences:                       1090  (274385 residues searched)
Passed MSV filter:                        55  (0.0504587); expected 21.8 (0.02)
Passed bias filter:                       26  (0.0238532); expected 21.8 (0.02)
Passed Vit filter:                         1  (0.000917431); expected 1.1 (0.001)
Passed Fwd filter:                         0  (0); expected 0.0 (1e-05)
Initial search space (Z):               1090  [actual number of targets]
Domain search space  (domZ):               0  [number of targets reported over threshold]
# CPU time: 0.01u 0.00s 00:00:00.01 Elapsed: 00:00:00.00
# Mc/sec: 17225.01
//
Query:       nifN-03292025  [M=700]
Scores for complete sequences (score includes all domains):
   --- full sequence ---   --- best 1 domain ---    -#dom-
    E-value  score  bias    E-value  score  bias    exp  N  Sequence Description
    ------- ------ -----    ------- ------ -----   ---- --  -------- -----------

   [No hits detected that satisfy reporting thresholds]


Domain annotation for each sequence (and alignments):

   [No targets detected that satisfy reporting thresholds]


Internal pipeline statistics summary:
-------------------------------------
Query model(s):                            1  (700 nodes)
Target sequences:                       1090  (274385 residues searched)
Passed MSV filter:                        38  (0.0348624); expected 21.8 (0.02)
Passed bias filter:                       25  (0.0229358); expected 21.8 (0.02)
Passed Vit filter:                         0  (0); expected 1.1 (0.001)
Passed Fwd filter:                         0  (0); expected 0.0 (1e-05)
Initial search space (Z):               1090  [actual number of targets]
Domain search space  (domZ):               0  [number of targets reported over threshold]
# CPU time: 0.01u 0.00s 00:00:00.01 Elapsed: 00:00:00.00
# Mc/sec: 20134.86
//
Query:       pchlide-04012025  [M=508]
Scores for complete sequences (score includes all domains):
   --- full sequence ---   --- best 1 domain ---    -#dom-
    E-value  score  bias    E-value  score  bias    exp  N  Sequence Description
    ------- ------ -----    ------- ------ -----   ---- --  -------- -----------

   [No hits detected that satisfy reporting thresholds]


Domain annotation for each sequence (and alignments):

   [No targets detected that satisfy reporting thresholds]


Internal pipeline statistics summary:
-------------------------------------
Query model(s):                            1  (508 nodes)
Target sequences:                       1090  (274385 residues searched)
Passed MSV filter:                        36  (0.0330275); expected 21.8 (0.02)
Passed bias filter:                       18  (0.0165138); expected 21.8 (0.02)
Passed Vit filter:                         2  (0.00183486); expected 1.1 (0.001)
Passed Fwd filter:                         0  (0); expected 0.0 (1e-05)
Initial search space (Z):               1090  [actual number of targets]
Domain search space  (domZ):               0  [number of targets reported over threshold]
# CPU time: 0.00u 0.01s 00:00:00.01 Elapsed: 00:00:00.00
# Mc/sec: 19520.29
//
[ok]
# hmmsearch :: search profile(s) against a sequence database
# HMMER 3.4 (Aug 2023); http://hmmer.org/
# Copyright (C) 2023 Howard Hughes Medical Institute.
# Freely distributed under the BSD open source license.
# - - - - - - - - - - - - - - - - - - - - - - - - - - - - - - - - - - - -
# query HMM file:                  ../HMMs/nifV_07242025.hmm
# target sequence database:        ../all_rep_proteins_aa/bacteria/GB_GCA_022836975.1_protein.faa
# - - - - - - - - - - - - - - - - - - - - - - - - - - - - - - - - - - - -

Query:       nifV-07242025  [M=437]
Scores for complete sequences (score includes all domains):
   --- full sequence ---   --- best 1 domain ---    -#dom-
    E-value  score  bias    E-value  score  bias    exp  N  Sequence Description
    ------- ------ -----    ------- ------ -----   ---- --  -------- -----------

   [No hits detected that satisfy reporting thresholds]


Domain annotation for each sequence (and alignments):

   [No targets detected that satisfy reporting thresholds]


Internal pipeline statistics summary:
-------------------------------------
Query model(s):                            1  (437 nodes)
Target sequences:                       1090  (274385 residues searched)
Passed MSV filter:                        26  (0.0238532); expected 21.8 (0.02)
Passed bias filter:                       18  (0.0165138); expected 21.8 (0.02)
Passed Vit filter:                         2  (0.00183486); expected 1.1 (0.001)
Passed Fwd filter:                         0  (0); expected 0.0 (1e-05)
Initial search space (Z):               1090  [actual number of targets]
Domain search space  (domZ):               0  [number of targets reported over threshold]
# CPU time: 0.01u 0.00s 00:00:00.01 Elapsed: 00:00:00.00
# Mc/sec: 17679.68
//
[ok]
