# hmmsearch :: search profile(s) against a sequence database
# HMMER 3.4 (Aug 2023); http://hmmer.org/
# Copyright (C) 2023 Howard Hughes Medical Institute.
# Freely distributed under the BSD open source license.
# - - - - - - - - - - - - - - - - - - - - - - - - - - - - - - - - - - - -
# query HMM file:                  ../HMMs/combined_nif_04012025.hmm
# target sequence database:        ../all_rep_proteins_aa/bacteria/GB_GCA_013203625.1_protein.faa
# - - - - - - - - - - - - - - - - - - - - - - - - - - - - - - - - - - - -

Query:       nifH-03292025  [M=327]
Scores for complete sequences (score includes all domains):
   --- full sequence ---   --- best 1 domain ---    -#dom-
    E-value  score  bias    E-value  score  bias    exp  N  Sequence            Description
    ------- ------ -----    ------- ------ -----   ---- --  --------            -----------
      5e-14   47.1   0.0    2.5e-08   28.3   0.0    2.1  2  JABMPX010000006.1_3  # 1499 # 2263 # 1 # ID=3_3;partial=00;st


Domain annotation for each sequence (and alignments):
>> JABMPX010000006.1_3  # 1499 # 2263 # 1 # ID=3_3;partial=00;start_type=ATG;rbs_motif=TAAAAT;rbs_spacer=3bp;gc_cont=0.3
   #    score  bias  c-Evalue  i-Evalue hmmfrom  hmm to    alifrom  ali to    envfrom  env to     acc
 ---   ------ ----- --------- --------- ------- -------    ------- -------    ------- -------    ----
   1 !   28.3   0.0     5e-11   2.5e-08      17      55 ..      11      49 ..       4      75 .. 0.91
   2 !   16.9   0.0   1.5e-07   7.8e-05     149     255 ..     141     252 ..     138     254 .. 0.78

  Alignments for each domain:
  == domain 1  score: 28.3 bits;  conditional E-value: 5e-11
        nifH-03292025 17 KGGiGKSttasnlsaalaeegkkvlivGCdPKaDstrll 55
                         KGG+GKSt a nl+  la +gk vl v  dP a +t+ +
  JABMPX010000006.1_3 11 KGGVGKSTSAINLASYLAAMGKYVLLVDIDPQANATSGI 49
                         9*********************************99876 PP

  == domain 2  score: 16.9 bits;  conditional E-value: 1.5e-07
        nifH-03292025 149 adevyivtsgemmalYaanniakgikkyaee..ggvrlgGlic..Nsrkvdkeeelveefaeklgtqiia.fvprsnevqkaelekktvi 233
                          adev+i + +e+ al     ++k+++ ++++  ++++++G +     r+ +  +++ +e+ +++   +++  +pr  ++ +a   ++ ++
  JABMPX010000006.1_3 141 ADEVIIPVQCEYYALEGLGQLLKTVELVQDNlgSRTKIKGALLtmYDRRNRLSRQVRKEIERNFAGYVFEtIIPRCVKLAEAPSFGQSIL 230
                          8999999999***************99999865566777755411445555556666666666655555415799999************ PP

        nifH-03292025 234 eaapdseqakeyreLakkilen 255
                          +++ +s+ ak+yreLak+i+e 
  JABMPX010000006.1_3 231 QYNSHSKGAKAYRELAKEIIEL 252
                          *******************985 PP



Internal pipeline statistics summary:
-------------------------------------
Query model(s):                            1  (327 nodes)
Target sequences:                        513  (145066 residues searched)
Passed MSV filter:                        36  (0.0701754); expected 10.3 (0.02)
Passed bias filter:                       25  (0.0487329); expected 10.3 (0.02)
Passed Vit filter:                         2  (0.00389864); expected 0.5 (0.001)
Passed Fwd filter:                         1  (0.00194932); expected 0.0 (1e-05)
Initial search space (Z):                513  [actual number of targets]
Domain search space  (domZ):               1  [number of targets reported over threshold]
# CPU time: 0.01u 0.00s 00:00:00.01 Elapsed: 00:00:00.00
# Mc/sec: 6591.60
//
Query:       nifD-03292025  [M=482]
Scores for complete sequences (score includes all domains):
   --- full sequence ---   --- best 1 domain ---    -#dom-
    E-value  score  bias    E-value  score  bias    exp  N  Sequence Description
    ------- ------ -----    ------- ------ -----   ---- --  -------- -----------

   [No hits detected that satisfy reporting thresholds]


Domain annotation for each sequence (and alignments):

   [No targets detected that satisfy reporting thresholds]


Internal pipeline statistics summary:
-------------------------------------
Query model(s):                            1  (482 nodes)
Target sequences:                        513  (145066 residues searched)
Passed MSV filter:                        55  (0.107212); expected 10.3 (0.02)
Passed bias filter:                       26  (0.0506823); expected 10.3 (0.02)
Passed Vit filter:                         2  (0.00389864); expected 0.5 (0.001)
Passed Fwd filter:                         0  (0); expected 0.0 (1e-05)
Initial search space (Z):                513  [actual number of targets]
Domain search space  (domZ):               0  [number of targets reported over threshold]
# CPU time: 0.00u 0.00s 00:00:00.00 Elapsed: 00:00:00.00
# Mc/sec: 12234.92
//
Query:       nifK-03292025  [M=490]
Scores for complete sequences (score includes all domains):
   --- full sequence ---   --- best 1 domain ---    -#dom-
    E-value  score  bias    E-value  score  bias    exp  N  Sequence Description
    ------- ------ -----    ------- ------ -----   ---- --  -------- -----------

   [No hits detected that satisfy reporting thresholds]


Domain annotation for each sequence (and alignments):

   [No targets detected that satisfy reporting thresholds]


Internal pipeline statistics summary:
-------------------------------------
Query model(s):                            1  (490 nodes)
Target sequences:                        513  (145066 residues searched)
Passed MSV filter:                        13  (0.0253411); expected 10.3 (0.02)
Passed bias filter:                        8  (0.0155945); expected 10.3 (0.02)
Passed Vit filter:                         0  (0); expected 0.5 (0.001)
Passed Fwd filter:                         0  (0); expected 0.0 (1e-05)
Initial search space (Z):                513  [actual number of targets]
Domain search space  (domZ):               0  [number of targets reported over threshold]
# CPU time: 0.00u 0.00s 00:00:00.00 Elapsed: 00:00:00.00
# Mc/sec: 17520.92
//
Query:       nifB-03292025  [M=505]
Scores for complete sequences (score includes all domains):
   --- full sequence ---   --- best 1 domain ---    -#dom-
    E-value  score  bias    E-value  score  bias    exp  N  Sequence Description
    ------- ------ -----    ------- ------ -----   ---- --  -------- -----------

   [No hits detected that satisfy reporting thresholds]


Domain annotation for each sequence (and alignments):

   [No targets detected that satisfy reporting thresholds]


Internal pipeline statistics summary:
-------------------------------------
Query model(s):                            1  (505 nodes)
Target sequences:                        513  (145066 residues searched)
Passed MSV filter:                        29  (0.0565302); expected 10.3 (0.02)
Passed bias filter:                       17  (0.0331384); expected 10.3 (0.02)
Passed Vit filter:                         4  (0.00779727); expected 0.5 (0.001)
Passed Fwd filter:                         0  (0); expected 0.0 (1e-05)
Initial search space (Z):                513  [actual number of targets]
Domain search space  (domZ):               0  [number of targets reported over threshold]
# CPU time: 0.01u 0.00s 00:00:00.01 Elapsed: 00:00:00.00
# Mc/sec: 11544.38
//
Query:       nifE-03292025  [M=556]
Scores for complete sequences (score includes all domains):
   --- full sequence ---   --- best 1 domain ---    -#dom-
    E-value  score  bias    E-value  score  bias    exp  N  Sequence Description
    ------- ------ -----    ------- ------ -----   ---- --  -------- -----------

   [No hits detected that satisfy reporting thresholds]


Domain annotation for each sequence (and alignments):

   [No targets detected that satisfy reporting thresholds]


Internal pipeline statistics summary:
-------------------------------------
Query model(s):                            1  (556 nodes)
Target sequences:                        513  (145066 residues searched)
Passed MSV filter:                        36  (0.0701754); expected 10.3 (0.02)
Passed bias filter:                       21  (0.0409357); expected 10.3 (0.02)
Passed Vit filter:                         0  (0); expected 0.5 (0.001)
Passed Fwd filter:                         0  (0); expected 0.0 (1e-05)
Initial search space (Z):                513  [actual number of targets]
Domain search space  (domZ):               0  [number of targets reported over threshold]
# CPU time: 0.01u 0.00s 00:00:00.01 Elapsed: 00:00:00.00
# Mc/sec: 14883.73
//
Query:       nifN-03292025  [M=700]
Scores for complete sequences (score includes all domains):
   --- full sequence ---   --- best 1 domain ---    -#dom-
    E-value  score  bias    E-value  score  bias    exp  N  Sequence Description
    ------- ------ -----    ------- ------ -----   ---- --  -------- -----------

   [No hits detected that satisfy reporting thresholds]


Domain annotation for each sequence (and alignments):

   [No targets detected that satisfy reporting thresholds]


Internal pipeline statistics summary:
-------------------------------------
Query model(s):                            1  (700 nodes)
Target sequences:                        513  (145066 residues searched)
Passed MSV filter:                        22  (0.042885); expected 10.3 (0.02)
Passed bias filter:                       18  (0.0350877); expected 10.3 (0.02)
Passed Vit filter:                         0  (0); expected 0.5 (0.001)
Passed Fwd filter:                         0  (0); expected 0.0 (1e-05)
Initial search space (Z):                513  [actual number of targets]
Domain search space  (domZ):               0  [number of targets reported over threshold]
# CPU time: 0.00u 0.00s 00:00:00.00 Elapsed: 00:00:00.00
# Mc/sec: 16297.04
//
Query:       pchlide-04012025  [M=508]
Scores for complete sequences (score includes all domains):
   --- full sequence ---   --- best 1 domain ---    -#dom-
    E-value  score  bias    E-value  score  bias    exp  N  Sequence Description
    ------- ------ -----    ------- ------ -----   ---- --  -------- -----------

   [No hits detected that satisfy reporting thresholds]


Domain annotation for each sequence (and alignments):

   [No targets detected that satisfy reporting thresholds]


Internal pipeline statistics summary:
-------------------------------------
Query model(s):                            1  (508 nodes)
Target sequences:                        513  (145066 residues searched)
Passed MSV filter:                        26  (0.0506823); expected 10.3 (0.02)
Passed bias filter:                       17  (0.0331384); expected 10.3 (0.02)
Passed Vit filter:                         0  (0); expected 0.5 (0.001)
Passed Fwd filter:                         0  (0); expected 0.0 (1e-05)
Initial search space (Z):                513  [actual number of targets]
Domain search space  (domZ):               0  [number of targets reported over threshold]
# CPU time: 0.00u 0.00s 00:00:00.00 Elapsed: 00:00:00.00
# Mc/sec: 15557.79
//
[ok]
# hmmsearch :: search profile(s) against a sequence database
# HMMER 3.4 (Aug 2023); http://hmmer.org/
# Copyright (C) 2023 Howard Hughes Medical Institute.
# Freely distributed under the BSD open source license.
# - - - - - - - - - - - - - - - - - - - - - - - - - - - - - - - - - - - -
# query HMM file:                  ../HMMs/nifV_07242025.hmm
# target sequence database:        ../all_rep_proteins_aa/bacteria/GB_GCA_013203625.1_protein.faa
# - - - - - - - - - - - - - - - - - - - - - - - - - - - - - - - - - - - -

Query:       nifV-07242025  [M=437]
Scores for complete sequences (score includes all domains):
   --- full sequence ---   --- best 1 domain ---    -#dom-
    E-value  score  bias    E-value  score  bias    exp  N  Sequence Description
    ------- ------ -----    ------- ------ -----   ---- --  -------- -----------

   [No hits detected that satisfy reporting thresholds]


Domain annotation for each sequence (and alignments):

   [No targets detected that satisfy reporting thresholds]


Internal pipeline statistics summary:
-------------------------------------
Query model(s):                            1  (437 nodes)
Target sequences:                        513  (145066 residues searched)
Passed MSV filter:                        11  (0.0214425); expected 10.3 (0.02)
Passed bias filter:                        8  (0.0155945); expected 10.3 (0.02)
Passed Vit filter:                         0  (0); expected 0.5 (0.001)
Passed Fwd filter:                         0  (0); expected 0.0 (1e-05)
Initial search space (Z):                513  [actual number of targets]
Domain search space  (domZ):               0  [number of targets reported over threshold]
# CPU time: 0.00u 0.00s 00:00:00.00 Elapsed: 00:00:00.00
# Mc/sec: 15435.80
//
[ok]
