# hmmsearch :: search profile(s) against a sequence database
# HMMER 3.4 (Aug 2023); http://hmmer.org/
# Copyright (C) 2023 Howard Hughes Medical Institute.
# Freely distributed under the BSD open source license.
# - - - - - - - - - - - - - - - - - - - - - - - - - - - - - - - - - - - -
# query HMM file:                  ../HMMs/combined_nif_04012025.hmm
# target sequence database:        ../all_rep_proteins_aa/bacteria/GB_GCA_016206145.1_protein.faa
# - - - - - - - - - - - - - - - - - - - - - - - - - - - - - - - - - - - -

Query:       nifH-03292025  [M=327]
Scores for complete sequences (score includes all domains):
   --- full sequence ---   --- best 1 domain ---    -#dom-
    E-value  score  bias    E-value  score  bias    exp  N  Sequence             Description
    ------- ------ -----    ------- ------ -----   ---- --  --------             -----------
    3.9e-14   48.2   0.0    3.9e-07   25.2   0.1    2.1  2  JACQSA010000040.1_19  # 18547 # 19341 # -1 # ID=28_19;partial


Domain annotation for each sequence (and alignments):
>> JACQSA010000040.1_19  # 18547 # 19341 # -1 # ID=28_19;partial=00;start_type=ATG;rbs_motif=None;rbs_spacer=None;gc_con
   #    score  bias  c-Evalue  i-Evalue hmmfrom  hmm to    alifrom  ali to    envfrom  env to     acc
 ---   ------ ----- --------- --------- ------- -------    ------- -------    ------- -------    ----
   1 !   25.2   0.1   4.5e-10   3.9e-07      17      55 ..      11      50 ..       4      58 .. 0.90
   2 !   20.9   0.0   9.1e-09   7.9e-06     149     256 ..     142     254 ..     139     262 .. 0.84

  Alignments for each domain:
  == domain 1  score: 25.2 bits;  conditional E-value: 4.5e-10
         nifH-03292025 17 KGGiGKSttasnlsaala.eegkkvlivGCdPKaDstrll 55
                          KGG+GK tt+ nl+a l+ +egkk l+v  dP a +t+ l
  JACQSA010000040.1_19 11 KGGVGKTTTVMNLAAYLSsTEGKKCLVVDLDPQANATSGL 50
                          9****************9678**************99866 PP

  == domain 2  score: 20.9 bits;  conditional E-value: 9.1e-09
         nifH-03292025 149 adevyivtsgemmalYaanniakgikkyaeeggv...rlgGlic.Nsrkvdkeeelveefaeklgtqiiaf.vprsnevqkaelekktv 232
                           +d + i + +e+ al     ++ +i +++e+ +     lg li+   r+ +  + +++e+ +++  +i+ + +prs  + +a  ++kt+
  JACQSA010000040.1_19 142 SDAILIPVQAEYFALEGIGQLLDTIGRIQEQLKPdleVLGALITmYDRRYNLSQAVLQELYRHFPKKIFRTvIPRSVRLAEAPSHGKTI 230
                           5788999999999**99***********9995541114677775267888999999***********9976279*************** PP

         nifH-03292025 233 ieaapdseqakeyreLakkilenk 256
                            e++ +s+ a++y++La++  +++
  JACQSA010000040.1_19 231 HEYDSSSRGARAYERLAREFVAHD 254
                           *****************9987765 PP



Internal pipeline statistics summary:
-------------------------------------
Query model(s):                            1  (327 nodes)
Target sequences:                        869  (286615 residues searched)
Passed MSV filter:                        42  (0.0483314); expected 17.4 (0.02)
Passed bias filter:                       32  (0.0368239); expected 17.4 (0.02)
Passed Vit filter:                         3  (0.00345224); expected 0.9 (0.001)
Passed Fwd filter:                         1  (0.00115075); expected 0.0 (1e-05)
Initial search space (Z):                869  [actual number of targets]
Domain search space  (domZ):               1  [number of targets reported over threshold]
# CPU time: 0.01u 0.00s 00:00:00.01 Elapsed: 00:00:00.01
# Mc/sec: 9062.74
//
Query:       nifD-03292025  [M=482]
Scores for complete sequences (score includes all domains):
   --- full sequence ---   --- best 1 domain ---    -#dom-
    E-value  score  bias    E-value  score  bias    exp  N  Sequence Description
    ------- ------ -----    ------- ------ -----   ---- --  -------- -----------

   [No hits detected that satisfy reporting thresholds]


Domain annotation for each sequence (and alignments):

   [No targets detected that satisfy reporting thresholds]


Internal pipeline statistics summary:
-------------------------------------
Query model(s):                            1  (482 nodes)
Target sequences:                        869  (286615 residues searched)
Passed MSV filter:                        45  (0.0517837); expected 17.4 (0.02)
Passed bias filter:                       31  (0.0356732); expected 17.4 (0.02)
Passed Vit filter:                         2  (0.0023015); expected 0.9 (0.001)
Passed Fwd filter:                         0  (0); expected 0.0 (1e-05)
Initial search space (Z):                869  [actual number of targets]
Domain search space  (domZ):               0  [number of targets reported over threshold]
# CPU time: 0.01u 0.00s 00:00:00.01 Elapsed: 00:00:00.01
# Mc/sec: 13610.55
//
Query:       nifK-03292025  [M=490]
Scores for complete sequences (score includes all domains):
   --- full sequence ---   --- best 1 domain ---    -#dom-
    E-value  score  bias    E-value  score  bias    exp  N  Sequence Description
    ------- ------ -----    ------- ------ -----   ---- --  -------- -----------

   [No hits detected that satisfy reporting thresholds]


Domain annotation for each sequence (and alignments):

   [No targets detected that satisfy reporting thresholds]


Internal pipeline statistics summary:
-------------------------------------
Query model(s):                            1  (490 nodes)
Target sequences:                        869  (286615 residues searched)
Passed MSV filter:                        24  (0.027618); expected 17.4 (0.02)
Passed bias filter:                       23  (0.0264672); expected 17.4 (0.02)
Passed Vit filter:                         1  (0.00115075); expected 0.9 (0.001)
Passed Fwd filter:                         0  (0); expected 0.0 (1e-05)
Initial search space (Z):                869  [actual number of targets]
Domain search space  (domZ):               0  [number of targets reported over threshold]
# CPU time: 0.01u 0.00s 00:00:00.01 Elapsed: 00:00:00.00
# Mc/sec: 15591.85
//
Query:       nifB-03292025  [M=505]
Scores for complete sequences (score includes all domains):
   --- full sequence ---   --- best 1 domain ---    -#dom-
    E-value  score  bias    E-value  score  bias    exp  N  Sequence Description
    ------- ------ -----    ------- ------ -----   ---- --  -------- -----------

   [No hits detected that satisfy reporting thresholds]


Domain annotation for each sequence (and alignments):

   [No targets detected that satisfy reporting thresholds]


Internal pipeline statistics summary:
-------------------------------------
Query model(s):                            1  (505 nodes)
Target sequences:                        869  (286615 residues searched)
Passed MSV filter:                        23  (0.0264672); expected 17.4 (0.02)
Passed bias filter:                       19  (0.0218642); expected 17.4 (0.02)
Passed Vit filter:                         1  (0.00115075); expected 0.9 (0.001)
Passed Fwd filter:                         0  (0); expected 0.0 (1e-05)
Initial search space (Z):                869  [actual number of targets]
Domain search space  (domZ):               0  [number of targets reported over threshold]
# CPU time: 0.00u 0.00s 00:00:00.00 Elapsed: 00:00:00.00
# Mc/sec: 17655.15
//
Query:       nifE-03292025  [M=556]
Scores for complete sequences (score includes all domains):
   --- full sequence ---   --- best 1 domain ---    -#dom-
    E-value  score  bias    E-value  score  bias    exp  N  Sequence Description
    ------- ------ -----    ------- ------ -----   ---- --  -------- -----------

   [No hits detected that satisfy reporting thresholds]


Domain annotation for each sequence (and alignments):

   [No targets detected that satisfy reporting thresholds]


Internal pipeline statistics summary:
-------------------------------------
Query model(s):                            1  (556 nodes)
Target sequences:                        869  (286615 residues searched)
Passed MSV filter:                        48  (0.0552359); expected 17.4 (0.02)
Passed bias filter:                       34  (0.0391254); expected 17.4 (0.02)
Passed Vit filter:                         5  (0.00575374); expected 0.9 (0.001)
Passed Fwd filter:                         0  (0); expected 0.0 (1e-05)
Initial search space (Z):                869  [actual number of targets]
Domain search space  (domZ):               0  [number of targets reported over threshold]
# CPU time: 0.01u 0.00s 00:00:00.01 Elapsed: 00:00:00.01
# Mc/sec: 13237.31
//
Query:       nifN-03292025  [M=700]
Scores for complete sequences (score includes all domains):
   --- full sequence ---   --- best 1 domain ---    -#dom-
    E-value  score  bias    E-value  score  bias    exp  N  Sequence Description
    ------- ------ -----    ------- ------ -----   ---- --  -------- -----------

   [No hits detected that satisfy reporting thresholds]


Domain annotation for each sequence (and alignments):

   [No targets detected that satisfy reporting thresholds]


Internal pipeline statistics summary:
-------------------------------------
Query model(s):                            1  (700 nodes)
Target sequences:                        869  (286615 residues searched)
Passed MSV filter:                        32  (0.0368239); expected 17.4 (0.02)
Passed bias filter:                       26  (0.0299194); expected 17.4 (0.02)
Passed Vit filter:                         2  (0.0023015); expected 0.9 (0.001)
Passed Fwd filter:                         0  (0); expected 0.0 (1e-05)
Initial search space (Z):                869  [actual number of targets]
Domain search space  (domZ):               0  [number of targets reported over threshold]
# CPU time: 0.02u 0.00s 00:00:00.02 Elapsed: 00:00:00.01
# Mc/sec: 15837.54
//
Query:       pchlide-04012025  [M=508]
Scores for complete sequences (score includes all domains):
   --- full sequence ---   --- best 1 domain ---    -#dom-
    E-value  score  bias    E-value  score  bias    exp  N  Sequence Description
    ------- ------ -----    ------- ------ -----   ---- --  -------- -----------

   [No hits detected that satisfy reporting thresholds]


Domain annotation for each sequence (and alignments):

   [No targets detected that satisfy reporting thresholds]


Internal pipeline statistics summary:
-------------------------------------
Query model(s):                            1  (508 nodes)
Target sequences:                        869  (286615 residues searched)
Passed MSV filter:                        29  (0.0333717); expected 17.4 (0.02)
Passed bias filter:                       24  (0.027618); expected 17.4 (0.02)
Passed Vit filter:                         1  (0.00115075); expected 0.9 (0.001)
Passed Fwd filter:                         0  (0); expected 0.0 (1e-05)
Initial search space (Z):                869  [actual number of targets]
Domain search space  (domZ):               0  [number of targets reported over threshold]
# CPU time: 0.01u 0.00s 00:00:00.01 Elapsed: 00:00:00.00
# Mc/sec: 16096.62
//
[ok]
# hmmsearch :: search profile(s) against a sequence database
# HMMER 3.4 (Aug 2023); http://hmmer.org/
# Copyright (C) 2023 Howard Hughes Medical Institute.
# Freely distributed under the BSD open source license.
# - - - - - - - - - - - - - - - - - - - - - - - - - - - - - - - - - - - -
# query HMM file:                  ../HMMs/nifV_07242025.hmm
# target sequence database:        ../all_rep_proteins_aa/bacteria/GB_GCA_016206145.1_protein.faa
# - - - - - - - - - - - - - - - - - - - - - - - - - - - - - - - - - - - -

Query:       nifV-07242025  [M=437]
Scores for complete sequences (score includes all domains):
   --- full sequence ---   --- best 1 domain ---    -#dom-
    E-value  score  bias    E-value  score  bias    exp  N  Sequence Description
    ------- ------ -----    ------- ------ -----   ---- --  -------- -----------

   [No hits detected that satisfy reporting thresholds]


Domain annotation for each sequence (and alignments):

   [No targets detected that satisfy reporting thresholds]


Internal pipeline statistics summary:
-------------------------------------
Query model(s):                            1  (437 nodes)
Target sequences:                        869  (286615 residues searched)
Passed MSV filter:                        29  (0.0333717); expected 17.4 (0.02)
Passed bias filter:                       13  (0.0149597); expected 17.4 (0.02)
Passed Vit filter:                         0  (0); expected 0.9 (0.001)
Passed Fwd filter:                         0  (0); expected 0.0 (1e-05)
Initial search space (Z):                869  [actual number of targets]
Domain search space  (domZ):               0  [number of targets reported over threshold]
# CPU time: 0.00u 0.00s 00:00:00.00 Elapsed: 00:00:00.00
# Mc/sec: 17987.92
//
[ok]
