# hmmsearch :: search profile(s) against a sequence database
# HMMER 3.4 (Aug 2023); http://hmmer.org/
# Copyright (C) 2023 Howard Hughes Medical Institute.
# Freely distributed under the BSD open source license.
# - - - - - - - - - - - - - - - - - - - - - - - - - - - - - - - - - - - -
# query HMM file:                  ../HMMs/combined_nif_04012025.hmm
# target sequence database:        ../all_rep_proteins_aa/bacteria/GB_GCA_947377425.1_protein.faa
# - - - - - - - - - - - - - - - - - - - - - - - - - - - - - - - - - - - -

Query:       nifH-03292025  [M=327]
Scores for complete sequences (score includes all domains):
   --- full sequence ---   --- best 1 domain ---    -#dom-
    E-value  score  bias    E-value  score  bias    exp  N  Sequence            Description
    ------- ------ -----    ------- ------ -----   ---- --  --------            -----------
    2.2e-07   27.4   0.2    3.2e-07   26.8   0.2    1.3  1  CANCFZ010000108.1_9  # 7576 # 8193 # 1 # ID=108_9;partial=01;
    0.00046   16.5   0.1    0.00051   16.3   0.1    1.0  1  CANCFZ010000264.1_1  # 1 # 315 # 1 # ID=264_1;partial=10;star
  ------ inclusion threshold ------
      0.046    9.9   8.3       0.29    7.3   0.0    2.8  4  CANCFZ010000067.1_7  # 7395 # 9029 # -1 # ID=67_7;partial=00;


Domain annotation for each sequence (and alignments):
>> CANCFZ010000108.1_9  # 7576 # 8193 # 1 # ID=108_9;partial=01;start_type=ATG;rbs_motif=TAAA;rbs_spacer=7bp;gc_cont=0.3
   #    score  bias  c-Evalue  i-Evalue hmmfrom  hmm to    alifrom  ali to    envfrom  env to     acc
 ---   ------ ----- --------- --------- ------- -------    ------- -------    ------- -------    ----
   1 !   26.8   0.2   4.2e-10   3.2e-07      15      42 ..     106     133 ..      93     171 .. 0.87

  Alignments for each domain:
  == domain 1  score: 26.8 bits;  conditional E-value: 4.2e-10
        nifH-03292025  15 YGKGGiGKSttasnlsaalaeegkkvli 42 
                           GKGG+GKStt++nl+++la++g kv +
  CANCFZ010000108.1_9 106 SGKGGVGKSTTTANLAVTLAKMGFKVGV 133
                          4**********************99955 PP

>> CANCFZ010000264.1_1  # 1 # 315 # 1 # ID=264_1;partial=10;start_type=Edge;rbs_motif=None;rbs_spacer=None;gc_cont=0.308
   #    score  bias  c-Evalue  i-Evalue hmmfrom  hmm to    alifrom  ali to    envfrom  env to     acc
 ---   ------ ----- --------- --------- ------- -------    ------- -------    ------- -------    ----
   1 !   16.3   0.1   6.7e-07   0.00051     168     256 ..      12     102 ..       8     104 .. 0.82

  Alignments for each domain:
  == domain 1  score: 16.3 bits;  conditional E-value: 6.7e-07
        nifH-03292025 168 niakgikkyaeeggvrlgGlicNsrk..vdkeeelveefaeklgtqiiaf.vprsnevqkaelekktvieaapdseqakeyreLakkile 254
                          n +k+++k+++  +  + Gl+  + +   +  +++vee+ ++++  ++++ ++r+ ++++a   ++ +i ++ +s+ a++y +La+++++
  CANCFZ010000264.1_1  12 NTIKSVQKIHN-PELDIEGLLLTMYDsrLRLSNQVVEEVQKHFNDMVFKTiIQRNVKLSEAPSFGESIIAFDATSKGATNYLSLAEEVIR 100
                          66788888774.5678888887765411567899*********99999862578889******************************987 PP

        nifH-03292025 255 nk 256
                          ++
  CANCFZ010000264.1_1 101 KN 102
                          65 PP

>> CANCFZ010000067.1_7  # 7395 # 9029 # -1 # ID=67_7;partial=00;start_type=ATG;rbs_motif=TAAA;rbs_spacer=8bp;gc_cont=0.3
   #    score  bias  c-Evalue  i-Evalue hmmfrom  hmm to    alifrom  ali to    envfrom  env to     acc
 ---   ------ ----- --------- --------- ------- -------    ------- -------    ------- -------    ----
   1 ?    7.3   0.0   0.00038      0.29       7      26 ..      25      44 ..      19      51 .. 0.83
   2 ?   -3.1   0.1      0.53     4e+02     244     279 ..      91     127 ..      77     162 .. 0.54
   3 ?   -3.7   0.1      0.81   6.2e+02     233     257 ..     251     275 ..     211     309 .. 0.62
   4 ?    7.2   0.3   0.00039       0.3       8      36 ..     352     380 ..     345     387 .. 0.79

  Alignments for each domain:
  == domain 1  score: 7.3 bits;  conditional E-value: 0.00038
        nifH-03292025  7 kkmrkiAiYGKGGiGKStta 26
                         ++  kiA+ GK G GKSt  
  CANCFZ010000067.1_7 25 NENDKIALMGKNGAGKSTLL 44
                         5678**************85 PP

  == domain 2  score: -3.1 bits;  conditional E-value: 0.53
        nifH-03292025 244 eyreLakkile.nkklvipkplseeeleellaelgll 279
                          e+ ++ ++i+e n++l+i++  +++   +l++++  l
  CANCFZ010000067.1_7  91 EIFKMKSEIDEiNEQLTIRTDYESDAYMKLIERVSDL 127
                          4455555554434555566666666666655555222 PP

  == domain 3  score: -3.7 bits;  conditional E-value: 0.81
        nifH-03292025 233 ieaapdseqakeyreLakkilenkk 257
                          + ++ + +q+k+y e  ++i++n++
  CANCFZ010000067.1_7 251 LRKDRRMHQQKAYDEQQRMIADNQT 275
                          4444445555555555555555553 PP

  == domain 4  score: 7.2 bits;  conditional E-value: 0.00039
        nifH-03292025   8 kmrkiAiYGKGGiGKSttasnlsaalaee 36 
                          +  k+A+ GK G GKSt+ + ++  +  +
  CANCFZ010000067.1_7 352 RGDKVAFVGKNGEGKSTMIKAIMKEIEIN 380
                          5579**************99888776655 PP



Internal pipeline statistics summary:
-------------------------------------
Query model(s):                            1  (327 nodes)
Target sequences:                       2293  (703994 residues searched)
Passed MSV filter:                       158  (0.0689054); expected 45.9 (0.02)
Passed bias filter:                      115  (0.0501526); expected 45.9 (0.02)
Passed Vit filter:                        15  (0.00654165); expected 2.3 (0.001)
Passed Fwd filter:                         4  (0.00174444); expected 0.0 (1e-05)
Initial search space (Z):               2293  [actual number of targets]
Domain search space  (domZ):               3  [number of targets reported over threshold]
# CPU time: 0.02u 0.00s 00:00:00.02 Elapsed: 00:00:00.01
# Mc/sec: 12587.83
//
Query:       nifD-03292025  [M=482]
Scores for complete sequences (score includes all domains):
   --- full sequence ---   --- best 1 domain ---    -#dom-
    E-value  score  bias    E-value  score  bias    exp  N  Sequence Description
    ------- ------ -----    ------- ------ -----   ---- --  -------- -----------

   [No hits detected that satisfy reporting thresholds]


Domain annotation for each sequence (and alignments):

   [No targets detected that satisfy reporting thresholds]


Internal pipeline statistics summary:
-------------------------------------
Query model(s):                            1  (482 nodes)
Target sequences:                       2293  (703994 residues searched)
Passed MSV filter:                       134  (0.0584387); expected 45.9 (0.02)
Passed bias filter:                       60  (0.0261666); expected 45.9 (0.02)
Passed Vit filter:                         7  (0.00305277); expected 2.3 (0.001)
Passed Fwd filter:                         0  (0); expected 0.0 (1e-05)
Initial search space (Z):               2293  [actual number of targets]
Domain search space  (domZ):               0  [number of targets reported over threshold]
# CPU time: 0.02u 0.01s 00:00:00.03 Elapsed: 00:00:00.01
# Mc/sec: 26862.74
//
Query:       nifK-03292025  [M=490]
Scores for complete sequences (score includes all domains):
   --- full sequence ---   --- best 1 domain ---    -#dom-
    E-value  score  bias    E-value  score  bias    exp  N  Sequence Description
    ------- ------ -----    ------- ------ -----   ---- --  -------- -----------

   [No hits detected that satisfy reporting thresholds]


Domain annotation for each sequence (and alignments):

   [No targets detected that satisfy reporting thresholds]


Internal pipeline statistics summary:
-------------------------------------
Query model(s):                            1  (490 nodes)
Target sequences:                       2293  (703994 residues searched)
Passed MSV filter:                        68  (0.0296555); expected 45.9 (0.02)
Passed bias filter:                       31  (0.0135194); expected 45.9 (0.02)
Passed Vit filter:                         1  (0.00043611); expected 2.3 (0.001)
Passed Fwd filter:                         0  (0); expected 0.0 (1e-05)
Initial search space (Z):               2293  [actual number of targets]
Domain search space  (domZ):               0  [number of targets reported over threshold]
# CPU time: 0.02u 0.00s 00:00:00.02 Elapsed: 00:00:00.01
# Mc/sec: 31312.40
//
Query:       nifB-03292025  [M=505]
Scores for complete sequences (score includes all domains):
   --- full sequence ---   --- best 1 domain ---    -#dom-
    E-value  score  bias    E-value  score  bias    exp  N  Sequence Description
    ------- ------ -----    ------- ------ -----   ---- --  -------- -----------

   [No hits detected that satisfy reporting thresholds]


Domain annotation for each sequence (and alignments):

   [No targets detected that satisfy reporting thresholds]


Internal pipeline statistics summary:
-------------------------------------
Query model(s):                            1  (505 nodes)
Target sequences:                       2293  (703994 residues searched)
Passed MSV filter:                        85  (0.0370693); expected 45.9 (0.02)
Passed bias filter:                       53  (0.0231138); expected 45.9 (0.02)
Passed Vit filter:                         4  (0.00174444); expected 2.3 (0.001)
Passed Fwd filter:                         0  (0); expected 0.0 (1e-05)
Initial search space (Z):               2293  [actual number of targets]
Domain search space  (domZ):               0  [number of targets reported over threshold]
# CPU time: 0.02u 0.00s 00:00:00.02 Elapsed: 00:00:00.01
# Mc/sec: 27342.30
//
Query:       nifE-03292025  [M=556]
Scores for complete sequences (score includes all domains):
   --- full sequence ---   --- best 1 domain ---    -#dom-
    E-value  score  bias    E-value  score  bias    exp  N  Sequence Description
    ------- ------ -----    ------- ------ -----   ---- --  -------- -----------

   [No hits detected that satisfy reporting thresholds]


Domain annotation for each sequence (and alignments):

   [No targets detected that satisfy reporting thresholds]


Internal pipeline statistics summary:
-------------------------------------
Query model(s):                            1  (556 nodes)
Target sequences:                       2293  (703994 residues searched)
Passed MSV filter:                       109  (0.047536); expected 45.9 (0.02)
Passed bias filter:                       62  (0.0270388); expected 45.9 (0.02)
Passed Vit filter:                         2  (0.00087222); expected 2.3 (0.001)
Passed Fwd filter:                         0  (0); expected 0.0 (1e-05)
Initial search space (Z):               2293  [actual number of targets]
Domain search space  (domZ):               0  [number of targets reported over threshold]
# CPU time: 0.02u 0.00s 00:00:00.02 Elapsed: 00:00:00.01
# Mc/sec: 28943.03
//
Query:       nifN-03292025  [M=700]
Scores for complete sequences (score includes all domains):
   --- full sequence ---   --- best 1 domain ---    -#dom-
    E-value  score  bias    E-value  score  bias    exp  N  Sequence Description
    ------- ------ -----    ------- ------ -----   ---- --  -------- -----------

   [No hits detected that satisfy reporting thresholds]


Domain annotation for each sequence (and alignments):

   [No targets detected that satisfy reporting thresholds]


Internal pipeline statistics summary:
-------------------------------------
Query model(s):                            1  (700 nodes)
Target sequences:                       2293  (703994 residues searched)
Passed MSV filter:                        94  (0.0409943); expected 45.9 (0.02)
Passed bias filter:                       66  (0.0287833); expected 45.9 (0.02)
Passed Vit filter:                         9  (0.00392499); expected 2.3 (0.001)
Passed Fwd filter:                         0  (0); expected 0.0 (1e-05)
Initial search space (Z):               2293  [actual number of targets]
Domain search space  (domZ):               0  [number of targets reported over threshold]
# CPU time: 0.02u 0.00s 00:00:00.02 Elapsed: 00:00:00.01
# Mc/sec: 27330.85
//
Query:       pchlide-04012025  [M=508]
Scores for complete sequences (score includes all domains):
   --- full sequence ---   --- best 1 domain ---    -#dom-
    E-value  score  bias    E-value  score  bias    exp  N  Sequence Description
    ------- ------ -----    ------- ------ -----   ---- --  -------- -----------

   [No hits detected that satisfy reporting thresholds]


Domain annotation for each sequence (and alignments):

   [No targets detected that satisfy reporting thresholds]


Internal pipeline statistics summary:
-------------------------------------
Query model(s):                            1  (508 nodes)
Target sequences:                       2293  (703994 residues searched)
Passed MSV filter:                        75  (0.0327082); expected 45.9 (0.02)
Passed bias filter:                       51  (0.0222416); expected 45.9 (0.02)
Passed Vit filter:                         2  (0.00087222); expected 2.3 (0.001)
Passed Fwd filter:                         0  (0); expected 0.0 (1e-05)
Initial search space (Z):               2293  [actual number of targets]
Domain search space  (domZ):               0  [number of targets reported over threshold]
# CPU time: 0.02u 0.00s 00:00:00.02 Elapsed: 00:00:00.01
# Mc/sec: 30431.93
//
[ok]
# hmmsearch :: search profile(s) against a sequence database
# HMMER 3.4 (Aug 2023); http://hmmer.org/
# Copyright (C) 2023 Howard Hughes Medical Institute.
# Freely distributed under the BSD open source license.
# - - - - - - - - - - - - - - - - - - - - - - - - - - - - - - - - - - - -
# query HMM file:                  ../HMMs/nifV_07242025.hmm
# target sequence database:        ../all_rep_proteins_aa/bacteria/GB_GCA_947377425.1_protein.faa
# - - - - - - - - - - - - - - - - - - - - - - - - - - - - - - - - - - - -

Query:       nifV-07242025  [M=437]
Scores for complete sequences (score includes all domains):
   --- full sequence ---   --- best 1 domain ---    -#dom-
    E-value  score  bias    E-value  score  bias    exp  N  Sequence Description
    ------- ------ -----    ------- ------ -----   ---- --  -------- -----------

   [No hits detected that satisfy reporting thresholds]


Domain annotation for each sequence (and alignments):

   [No targets detected that satisfy reporting thresholds]


Internal pipeline statistics summary:
-------------------------------------
Query model(s):                            1  (437 nodes)
Target sequences:                       2293  (703994 residues searched)
Passed MSV filter:                        58  (0.0252944); expected 45.9 (0.02)
Passed bias filter:                       50  (0.0218055); expected 45.9 (0.02)
Passed Vit filter:                         3  (0.00130833); expected 2.3 (0.001)
Passed Fwd filter:                         0  (0); expected 0.0 (1e-05)
Initial search space (Z):               2293  [actual number of targets]
Domain search space  (domZ):               0  [number of targets reported over threshold]
# CPU time: 0.02u 0.00s 00:00:00.02 Elapsed: 00:00:00.01
# Mc/sec: 28760.73
//
[ok]
