# hmmsearch :: search profile(s) against a sequence database
# HMMER 3.4 (Aug 2023); http://hmmer.org/
# Copyright (C) 2023 Howard Hughes Medical Institute.
# Freely distributed under the BSD open source license.
# - - - - - - - - - - - - - - - - - - - - - - - - - - - - - - - - - - - -
# query HMM file:                  ../HMMs/combined_nif_04012025.hmm
# target sequence database:        ../all_rep_proteins_aa/bacteria/GB_GCA_017459445.1_protein.faa
# - - - - - - - - - - - - - - - - - - - - - - - - - - - - - - - - - - - -

Query:       nifH-03292025  [M=327]
Scores for complete sequences (score includes all domains):
   --- full sequence ---   --- best 1 domain ---    -#dom-
    E-value  score  bias    E-value  score  bias    exp  N  Sequence             Description
    ------- ------ -----    ------- ------ -----   ---- --  --------             -----------
    4.9e-08   29.0   0.1    3.2e-07   26.3   0.0    2.0  2  JAFUDJ010000034.1_10  # 10559 # 11665 # -1 # ID=19_10;partial


Domain annotation for each sequence (and alignments):
>> JAFUDJ010000034.1_10  # 10559 # 11665 # -1 # ID=19_10;partial=00;start_type=ATG;rbs_motif=AACAA;rbs_spacer=11bp;gc_co
   #    score  bias  c-Evalue  i-Evalue hmmfrom  hmm to    alifrom  ali to    envfrom  env to     acc
 ---   ------ ----- --------- --------- ------- -------    ------- -------    ------- -------    ----
   1 !   26.3   0.0   2.1e-10   3.2e-07      16      46 ..     108     138 ..      99     153 .. 0.90
   2 ?   -0.0   0.0     0.021        33     170     227 ..     254     323 ..     239     361 .. 0.55

  Alignments for each domain:
  == domain 1  score: 26.3 bits;  conditional E-value: 2.1e-10
         nifH-03292025  16 GKGGiGKSttasnlsaalaeegkkvlivGCd 46 
                           GKGG+GKSt+++nl+ ala+ g++v  + Cd
  JAFUDJ010000034.1_10 108 GKGGVGKSTVSANLAIALARLGYRVGLLDCD 138
                           *************************999999 PP

  == domain 2  score: -0.0 bits;  conditional E-value: 0.021
         nifH-03292025 170 akgikkyaee.ggvrlgGlicNsrkvd.....ke......eelveefaeklgtqiiafvprsnevqkael 227
                            kgi  y++e  +v + Gl+ N+   +     ++      +e  +++a+++++ ++a++p  + + ++  
  JAFUDJ010000034.1_10 254 RKGIDMYRNEkVNVPILGLVENMAWFTpaelpENkyyifgKEGCKQLAAEMQVPLLAQIPLVQSICESGD 323
                           5777777766467777788877653220000011111111344566666666666666666666655544 PP



Internal pipeline statistics summary:
-------------------------------------
Query model(s):                            1  (327 nodes)
Target sequences:                       1553  (598891 residues searched)
Passed MSV filter:                        76  (0.0489375); expected 31.1 (0.02)
Passed bias filter:                       57  (0.0367032); expected 31.1 (0.02)
Passed Vit filter:                        11  (0.00708307); expected 1.6 (0.001)
Passed Fwd filter:                         1  (0.000643915); expected 0.0 (1e-05)
Initial search space (Z):               1553  [actual number of targets]
Domain search space  (domZ):               1  [number of targets reported over threshold]
# CPU time: 0.02u 0.00s 00:00:00.02 Elapsed: 00:00:00.01
# Mc/sec: 10933.55
//
Query:       nifD-03292025  [M=482]
Scores for complete sequences (score includes all domains):
   --- full sequence ---   --- best 1 domain ---    -#dom-
    E-value  score  bias    E-value  score  bias    exp  N  Sequence Description
    ------- ------ -----    ------- ------ -----   ---- --  -------- -----------

   [No hits detected that satisfy reporting thresholds]


Domain annotation for each sequence (and alignments):

   [No targets detected that satisfy reporting thresholds]


Internal pipeline statistics summary:
-------------------------------------
Query model(s):                            1  (482 nodes)
Target sequences:                       1553  (598891 residues searched)
Passed MSV filter:                        64  (0.0412106); expected 31.1 (0.02)
Passed bias filter:                       45  (0.0289762); expected 31.1 (0.02)
Passed Vit filter:                         2  (0.00128783); expected 1.6 (0.001)
Passed Fwd filter:                         0  (0); expected 0.0 (1e-05)
Initial search space (Z):               1553  [actual number of targets]
Domain search space  (domZ):               0  [number of targets reported over threshold]
# CPU time: 0.02u 0.00s 00:00:00.02 Elapsed: 00:00:00.01
# Mc/sec: 21759.86
//
Query:       nifK-03292025  [M=490]
Scores for complete sequences (score includes all domains):
   --- full sequence ---   --- best 1 domain ---    -#dom-
    E-value  score  bias    E-value  score  bias    exp  N  Sequence Description
    ------- ------ -----    ------- ------ -----   ---- --  -------- -----------

   [No hits detected that satisfy reporting thresholds]


Domain annotation for each sequence (and alignments):

   [No targets detected that satisfy reporting thresholds]


Internal pipeline statistics summary:
-------------------------------------
Query model(s):                            1  (490 nodes)
Target sequences:                       1553  (598891 residues searched)
Passed MSV filter:                        35  (0.022537); expected 31.1 (0.02)
Passed bias filter:                       29  (0.0186735); expected 31.1 (0.02)
Passed Vit filter:                         6  (0.00386349); expected 1.6 (0.001)
Passed Fwd filter:                         0  (0); expected 0.0 (1e-05)
Initial search space (Z):               1553  [actual number of targets]
Domain search space  (domZ):               0  [number of targets reported over threshold]
# CPU time: 0.02u 0.00s 00:00:00.02 Elapsed: 00:00:00.01
# Mc/sec: 22572.89
//
Query:       nifB-03292025  [M=505]
Scores for complete sequences (score includes all domains):
   --- full sequence ---   --- best 1 domain ---    -#dom-
    E-value  score  bias    E-value  score  bias    exp  N  Sequence             Description
    ------- ------ -----    ------- ------ -----   ---- --  --------             -----------
  ------ inclusion threshold ------
      0.017   10.0   0.0      0.023    9.6   0.0    1.1  1  JAFUDJ010000021.1_85  # 107295 # 108125 # 1 # ID=3_85;partial


Domain annotation for each sequence (and alignments):
>> JAFUDJ010000021.1_85  # 107295 # 108125 # 1 # ID=3_85;partial=00;start_type=GTG;rbs_motif=AATAA;rbs_spacer=14bp;gc_co
   #    score  bias  c-Evalue  i-Evalue hmmfrom  hmm to    alifrom  ali to    envfrom  env to     acc
 ---   ------ ----- --------- --------- ------- -------    ------- -------    ------- -------    ----
   1 ?    9.6   0.0   1.5e-05     0.023     295     333 ..     108     148 ..      75     164 .. 0.75

  Alignments for each domain:
  == domain 1  score: 9.6 bits;  conditional E-value: 1.5e-05
         nifB-03292025 295 eptakel..kalrdaceeeiklmrhCrqCradavGllgedr 333
                           e ++ e+  +++r +++++++lm hCr+ + + vG+l++ +
  JAFUDJ010000021.1_85 108 EREQLEVfeEQVRWSVDMRLPLMIHCRKAQNELVGILKKYK 148
                           444444433578899999*******************7654 PP



Internal pipeline statistics summary:
-------------------------------------
Query model(s):                            1  (505 nodes)
Target sequences:                       1553  (598891 residues searched)
Passed MSV filter:                        54  (0.0347714); expected 31.1 (0.02)
Passed bias filter:                       40  (0.0257566); expected 31.1 (0.02)
Passed Vit filter:                         4  (0.00257566); expected 1.6 (0.001)
Passed Fwd filter:                         1  (0.000643915); expected 0.0 (1e-05)
Initial search space (Z):               1553  [actual number of targets]
Domain search space  (domZ):               1  [number of targets reported over threshold]
# CPU time: 0.03u 0.01s 00:00:00.04 Elapsed: 00:00:00.01
# Mc/sec: 17110.74
//
Query:       nifE-03292025  [M=556]
Scores for complete sequences (score includes all domains):
   --- full sequence ---   --- best 1 domain ---    -#dom-
    E-value  score  bias    E-value  score  bias    exp  N  Sequence Description
    ------- ------ -----    ------- ------ -----   ---- --  -------- -----------

   [No hits detected that satisfy reporting thresholds]


Domain annotation for each sequence (and alignments):

   [No targets detected that satisfy reporting thresholds]


Internal pipeline statistics summary:
-------------------------------------
Query model(s):                            1  (556 nodes)
Target sequences:                       1553  (598891 residues searched)
Passed MSV filter:                        52  (0.0334836); expected 31.1 (0.02)
Passed bias filter:                       39  (0.0251127); expected 31.1 (0.02)
Passed Vit filter:                         1  (0.000643915); expected 1.6 (0.001)
Passed Fwd filter:                         0  (0); expected 0.0 (1e-05)
Initial search space (Z):               1553  [actual number of targets]
Domain search space  (domZ):               0  [number of targets reported over threshold]
# CPU time: 0.02u 0.00s 00:00:00.02 Elapsed: 00:00:00.01
# Mc/sec: 17963.14
//
Query:       nifN-03292025  [M=700]
Scores for complete sequences (score includes all domains):
   --- full sequence ---   --- best 1 domain ---    -#dom-
    E-value  score  bias    E-value  score  bias    exp  N  Sequence Description
    ------- ------ -----    ------- ------ -----   ---- --  -------- -----------

   [No hits detected that satisfy reporting thresholds]


Domain annotation for each sequence (and alignments):

   [No targets detected that satisfy reporting thresholds]


Internal pipeline statistics summary:
-------------------------------------
Query model(s):                            1  (700 nodes)
Target sequences:                       1553  (598891 residues searched)
Passed MSV filter:                        79  (0.0508693); expected 31.1 (0.02)
Passed bias filter:                       55  (0.0354153); expected 31.1 (0.02)
Passed Vit filter:                         6  (0.00386349); expected 1.6 (0.001)
Passed Fwd filter:                         0  (0); expected 0.0 (1e-05)
Initial search space (Z):               1553  [actual number of targets]
Domain search space  (domZ):               0  [number of targets reported over threshold]
# CPU time: 0.02u 0.00s 00:00:00.02 Elapsed: 00:00:00.01
# Mc/sec: 21343.82
//
Query:       pchlide-04012025  [M=508]
Scores for complete sequences (score includes all domains):
   --- full sequence ---   --- best 1 domain ---    -#dom-
    E-value  score  bias    E-value  score  bias    exp  N  Sequence Description
    ------- ------ -----    ------- ------ -----   ---- --  -------- -----------

   [No hits detected that satisfy reporting thresholds]


Domain annotation for each sequence (and alignments):

   [No targets detected that satisfy reporting thresholds]


Internal pipeline statistics summary:
-------------------------------------
Query model(s):                            1  (508 nodes)
Target sequences:                       1553  (598891 residues searched)
Passed MSV filter:                        33  (0.0212492); expected 31.1 (0.02)
Passed bias filter:                       28  (0.0180296); expected 31.1 (0.02)
Passed Vit filter:                         2  (0.00128783); expected 1.6 (0.001)
Passed Fwd filter:                         0  (0); expected 0.0 (1e-05)
Initial search space (Z):               1553  [actual number of targets]
Domain search space  (domZ):               0  [number of targets reported over threshold]
# CPU time: 0.01u 0.00s 00:00:00.01 Elapsed: 00:00:00.01
# Mc/sec: 24115.89
//
[ok]
# hmmsearch :: search profile(s) against a sequence database
# HMMER 3.4 (Aug 2023); http://hmmer.org/
# Copyright (C) 2023 Howard Hughes Medical Institute.
# Freely distributed under the BSD open source license.
# - - - - - - - - - - - - - - - - - - - - - - - - - - - - - - - - - - - -
# query HMM file:                  ../HMMs/nifV_07242025.hmm
# target sequence database:        ../all_rep_proteins_aa/bacteria/GB_GCA_017459445.1_protein.faa
# - - - - - - - - - - - - - - - - - - - - - - - - - - - - - - - - - - - -

Query:       nifV-07242025  [M=437]
Scores for complete sequences (score includes all domains):
   --- full sequence ---   --- best 1 domain ---    -#dom-
    E-value  score  bias    E-value  score  bias    exp  N  Sequence Description
    ------- ------ -----    ------- ------ -----   ---- --  -------- -----------

   [No hits detected that satisfy reporting thresholds]


Domain annotation for each sequence (and alignments):

   [No targets detected that satisfy reporting thresholds]


Internal pipeline statistics summary:
-------------------------------------
Query model(s):                            1  (437 nodes)
Target sequences:                       1553  (598891 residues searched)
Passed MSV filter:                        53  (0.0341275); expected 31.1 (0.02)
Passed bias filter:                       31  (0.0199614); expected 31.1 (0.02)
Passed Vit filter:                         1  (0.000643915); expected 1.6 (0.001)
Passed Fwd filter:                         0  (0); expected 0.0 (1e-05)
Initial search space (Z):               1553  [actual number of targets]
Domain search space  (domZ):               0  [number of targets reported over threshold]
# CPU time: 0.01u 0.00s 00:00:00.01 Elapsed: 00:00:00.00
# Mc/sec: 28187.68
//
[ok]
