# hmmsearch :: search profile(s) against a sequence database
# HMMER 3.4 (Aug 2023); http://hmmer.org/
# Copyright (C) 2023 Howard Hughes Medical Institute.
# Freely distributed under the BSD open source license.
# - - - - - - - - - - - - - - - - - - - - - - - - - - - - - - - - - - - -
# query HMM file:                  ../HMMs/combined_nif_04012025.hmm
# target sequence database:        ../all_rep_proteins_aa/bacteria/GB_GCA_001821935.1_protein.faa
# - - - - - - - - - - - - - - - - - - - - - - - - - - - - - - - - - - - -

Query:       nifH-03292025  [M=327]
Scores for complete sequences (score includes all domains):
   --- full sequence ---   --- best 1 domain ---    -#dom-
    E-value  score  bias    E-value  score  bias    exp  N  Sequence Description
    ------- ------ -----    ------- ------ -----   ---- --  -------- -----------

   [No hits detected that satisfy reporting thresholds]


Domain annotation for each sequence (and alignments):

   [No targets detected that satisfy reporting thresholds]


Internal pipeline statistics summary:
-------------------------------------
Query model(s):                            1  (327 nodes)
Target sequences:                        809  (219280 residues searched)
Passed MSV filter:                        44  (0.0543881); expected 16.2 (0.02)
Passed bias filter:                       27  (0.0333745); expected 16.2 (0.02)
Passed Vit filter:                         6  (0.00741656); expected 0.8 (0.001)
Passed Fwd filter:                         0  (0); expected 0.0 (1e-05)
Initial search space (Z):                809  [actual number of targets]
Domain search space  (domZ):               0  [number of targets reported over threshold]
# CPU time: 0.01u 0.00s 00:00:00.01 Elapsed: 00:00:00.00
# Mc/sec: 9008.94
//
Query:       nifD-03292025  [M=482]
Scores for complete sequences (score includes all domains):
   --- full sequence ---   --- best 1 domain ---    -#dom-
    E-value  score  bias    E-value  score  bias    exp  N  Sequence          Description
    ------- ------ -----    ------- ------ -----   ---- --  --------          -----------
     0.0047   10.9   0.0     0.0052   10.7   0.0    1.2  1  MHOU01000005.1_46  # 41456 # 41902 # -1 # ID=5_46;partial=00;


Domain annotation for each sequence (and alignments):
>> MHOU01000005.1_46  # 41456 # 41902 # -1 # ID=5_46;partial=00;start_type=ATG;rbs_motif=TAA;rbs_spacer=3bp;gc_cont=0.39
   #    score  bias  c-Evalue  i-Evalue hmmfrom  hmm to    alifrom  ali to    envfrom  env to     acc
 ---   ------ ----- --------- --------- ------- -------    ------- -------    ------- -------    ----
   1 !   10.7   0.0   6.5e-06    0.0052     371     436 ..      55     123 ..      18     127 .. 0.72

  Alignments for each domain:
  == domain 1  score: 10.7 bits;  conditional E-value: 6.5e-06
      nifD-03292025 371 aagyeFahedDyekte..kevkegtliiddvnelele.elveklkPDlvlsGikekyvvqKmgvpfrql 436
                        a   +F+ ++  + ++    v+e+ l  ++ n+ e + el+ ++kPD+++ G  +  +++K+g +++++
  MHOU01000005.1_46  55 ARQPKFSEQERLDAVRnsGLVQEALLGEENHNTKESKfELIAQIKPDVICLGYDQAQFAEKLGSELNRM 123
                        5555565555444333114466666666677777754399***********************998876 PP



Internal pipeline statistics summary:
-------------------------------------
Query model(s):                            1  (482 nodes)
Target sequences:                        809  (219280 residues searched)
Passed MSV filter:                        55  (0.0679852); expected 16.2 (0.02)
Passed bias filter:                       25  (0.0309023); expected 16.2 (0.02)
Passed Vit filter:                         4  (0.00494438); expected 0.8 (0.001)
Passed Fwd filter:                         1  (0.00123609); expected 0.0 (1e-05)
Initial search space (Z):                809  [actual number of targets]
Domain search space  (domZ):               1  [number of targets reported over threshold]
# CPU time: 0.01u 0.00s 00:00:00.01 Elapsed: 00:00:00.01
# Mc/sec: 10041.79
//
Query:       nifK-03292025  [M=490]
Scores for complete sequences (score includes all domains):
   --- full sequence ---   --- best 1 domain ---    -#dom-
    E-value  score  bias    E-value  score  bias    exp  N  Sequence Description
    ------- ------ -----    ------- ------ -----   ---- --  -------- -----------

   [No hits detected that satisfy reporting thresholds]


Domain annotation for each sequence (and alignments):

   [No targets detected that satisfy reporting thresholds]


Internal pipeline statistics summary:
-------------------------------------
Query model(s):                            1  (490 nodes)
Target sequences:                        809  (219280 residues searched)
Passed MSV filter:                        21  (0.025958); expected 16.2 (0.02)
Passed bias filter:                       16  (0.0197775); expected 16.2 (0.02)
Passed Vit filter:                         2  (0.00247219); expected 0.8 (0.001)
Passed Fwd filter:                         0  (0); expected 0.0 (1e-05)
Initial search space (Z):                809  [actual number of targets]
Domain search space  (domZ):               0  [number of targets reported over threshold]
# CPU time: 0.01u 0.00s 00:00:00.01 Elapsed: 00:00:00.00
# Mc/sec: 15829.92
//
Query:       nifB-03292025  [M=505]
Scores for complete sequences (score includes all domains):
   --- full sequence ---   --- best 1 domain ---    -#dom-
    E-value  score  bias    E-value  score  bias    exp  N  Sequence Description
    ------- ------ -----    ------- ------ -----   ---- --  -------- -----------

   [No hits detected that satisfy reporting thresholds]


Domain annotation for each sequence (and alignments):

   [No targets detected that satisfy reporting thresholds]


Internal pipeline statistics summary:
-------------------------------------
Query model(s):                            1  (505 nodes)
Target sequences:                        809  (219280 residues searched)
Passed MSV filter:                        37  (0.0457355); expected 16.2 (0.02)
Passed bias filter:                       21  (0.025958); expected 16.2 (0.02)
Passed Vit filter:                         2  (0.00247219); expected 0.8 (0.001)
Passed Fwd filter:                         0  (0); expected 0.0 (1e-05)
Initial search space (Z):                809  [actual number of targets]
Domain search space  (domZ):               0  [number of targets reported over threshold]
# CPU time: 0.01u 0.00s 00:00:00.01 Elapsed: 00:00:00.00
# Mc/sec: 16109.68
//
Query:       nifE-03292025  [M=556]
Scores for complete sequences (score includes all domains):
   --- full sequence ---   --- best 1 domain ---    -#dom-
    E-value  score  bias    E-value  score  bias    exp  N  Sequence Description
    ------- ------ -----    ------- ------ -----   ---- --  -------- -----------

   [No hits detected that satisfy reporting thresholds]


Domain annotation for each sequence (and alignments):

   [No targets detected that satisfy reporting thresholds]


Internal pipeline statistics summary:
-------------------------------------
Query model(s):                            1  (556 nodes)
Target sequences:                        809  (219280 residues searched)
Passed MSV filter:                        43  (0.053152); expected 16.2 (0.02)
Passed bias filter:                       31  (0.0383189); expected 16.2 (0.02)
Passed Vit filter:                         2  (0.00247219); expected 0.8 (0.001)
Passed Fwd filter:                         0  (0); expected 0.0 (1e-05)
Initial search space (Z):                809  [actual number of targets]
Domain search space  (domZ):               0  [number of targets reported over threshold]
# CPU time: 0.01u 0.00s 00:00:00.01 Elapsed: 00:00:00.00
# Mc/sec: 14048.03
//
Query:       nifN-03292025  [M=700]
Scores for complete sequences (score includes all domains):
   --- full sequence ---   --- best 1 domain ---    -#dom-
    E-value  score  bias    E-value  score  bias    exp  N  Sequence Description
    ------- ------ -----    ------- ------ -----   ---- --  -------- -----------

   [No hits detected that satisfy reporting thresholds]


Domain annotation for each sequence (and alignments):

   [No targets detected that satisfy reporting thresholds]


Internal pipeline statistics summary:
-------------------------------------
Query model(s):                            1  (700 nodes)
Target sequences:                        809  (219280 residues searched)
Passed MSV filter:                        30  (0.0370828); expected 16.2 (0.02)
Passed bias filter:                       24  (0.0296663); expected 16.2 (0.02)
Passed Vit filter:                         1  (0.00123609); expected 0.8 (0.001)
Passed Fwd filter:                         0  (0); expected 0.0 (1e-05)
Initial search space (Z):                809  [actual number of targets]
Domain search space  (domZ):               0  [number of targets reported over threshold]
# CPU time: 0.01u 0.00s 00:00:00.01 Elapsed: 00:00:00.00
# Mc/sec: 15853.52
//
Query:       pchlide-04012025  [M=508]
Scores for complete sequences (score includes all domains):
   --- full sequence ---   --- best 1 domain ---    -#dom-
    E-value  score  bias    E-value  score  bias    exp  N  Sequence Description
    ------- ------ -----    ------- ------ -----   ---- --  -------- -----------

   [No hits detected that satisfy reporting thresholds]


Domain annotation for each sequence (and alignments):

   [No targets detected that satisfy reporting thresholds]


Internal pipeline statistics summary:
-------------------------------------
Query model(s):                            1  (508 nodes)
Target sequences:                        809  (219280 residues searched)
Passed MSV filter:                        31  (0.0383189); expected 16.2 (0.02)
Passed bias filter:                       19  (0.0234858); expected 16.2 (0.02)
Passed Vit filter:                         1  (0.00123609); expected 0.8 (0.001)
Passed Fwd filter:                         0  (0); expected 0.0 (1e-05)
Initial search space (Z):                809  [actual number of targets]
Domain search space  (domZ):               0  [number of targets reported over threshold]
# CPU time: 0.01u 0.00s 00:00:00.01 Elapsed: 00:00:00.00
# Mc/sec: 15927.55
//
[ok]
# hmmsearch :: search profile(s) against a sequence database
# HMMER 3.4 (Aug 2023); http://hmmer.org/
# Copyright (C) 2023 Howard Hughes Medical Institute.
# Freely distributed under the BSD open source license.
# - - - - - - - - - - - - - - - - - - - - - - - - - - - - - - - - - - - -
# query HMM file:                  ../HMMs/nifV_07242025.hmm
# target sequence database:        ../all_rep_proteins_aa/bacteria/GB_GCA_001821935.1_protein.faa
# - - - - - - - - - - - - - - - - - - - - - - - - - - - - - - - - - - - -

Query:       nifV-07242025  [M=437]
Scores for complete sequences (score includes all domains):
   --- full sequence ---   --- best 1 domain ---    -#dom-
    E-value  score  bias    E-value  score  bias    exp  N  Sequence          Description
    ------- ------ -----    ------- ------ -----   ---- --  --------          -----------
     0.0011   13.6   0.2     0.0019   12.8   0.2    1.3  1  MHOU01000010.1_46  # 37062 # 37514 # 1 # ID=10_46;partial=00;


Domain annotation for each sequence (and alignments):
>> MHOU01000010.1_46  # 37062 # 37514 # 1 # ID=10_46;partial=00;start_type=ATG;rbs_motif=TAA;rbs_spacer=5bp;gc_cont=0.43
   #    score  bias  c-Evalue  i-Evalue hmmfrom  hmm to    alifrom  ali to    envfrom  env to     acc
 ---   ------ ----- --------- --------- ------- -------    ------- -------    ------- -------    ----
   1 !   12.8   0.2   2.3e-06    0.0019      41      79 ..      90     128 ..      78     132 .. 0.89

  Alignments for each domain:
  == domain 1  score: 12.8 bits;  conditional E-value: 2.3e-06
      nifV-07242025  41 aiAkaLdaaGveelEvGipamGeeereairaiaalglka 79 
                        aiA+  +++Gve+lEv i  +G+   +a+r+++++gl+ 
  MHOU01000010.1_46  90 AIANICKKIGVEKLEVSIKGIGAGRESAVRTLVNQGLNV 128
                        8********************************999984 PP



Internal pipeline statistics summary:
-------------------------------------
Query model(s):                            1  (437 nodes)
Target sequences:                        809  (219280 residues searched)
Passed MSV filter:                        28  (0.0346106); expected 16.2 (0.02)
Passed bias filter:                       25  (0.0309023); expected 16.2 (0.02)
Passed Vit filter:                         2  (0.00247219); expected 0.8 (0.001)
Passed Fwd filter:                         1  (0.00123609); expected 0.0 (1e-05)
Initial search space (Z):                809  [actual number of targets]
Domain search space  (domZ):               1  [number of targets reported over threshold]
# CPU time: 0.00u 0.00s 00:00:00.00 Elapsed: 00:00:00.00
# Mc/sec: 11859.90
//
[ok]
