# hmmsearch :: search profile(s) against a sequence database
# HMMER 3.4 (Aug 2023); http://hmmer.org/
# Copyright (C) 2023 Howard Hughes Medical Institute.
# Freely distributed under the BSD open source license.
# - - - - - - - - - - - - - - - - - - - - - - - - - - - - - - - - - - - -
# query HMM file:                  ../HMMs/combined_nif_04012025.hmm
# target sequence database:        ../all_rep_proteins_aa/bacteria/GB_GCA_945872565.1_protein.faa
# - - - - - - - - - - - - - - - - - - - - - - - - - - - - - - - - - - - -

Query:       nifH-03292025  [M=327]
Scores for complete sequences (score includes all domains):
   --- full sequence ---   --- best 1 domain ---    -#dom-
    E-value  score  bias    E-value  score  bias    exp  N  Sequence             Description
    ------- ------ -----    ------- ------ -----   ---- --  --------             -----------
      7e-06   21.6   0.0     0.0071   11.8   0.0    2.1  2  CAMBZN010000009.1_20  # 21204 # 22001 # 1 # ID=9_20;partial=0
     0.0035   12.7   0.0     0.0054   12.1   0.0    1.4  1  CAMBZN010000001.1_41  # 44348 # 45703 # 1 # ID=1_41;partial=0
  ------ inclusion threshold ------
      0.017   10.5   0.4      0.023   10.1   0.4    1.1  1  CAMBZN010000007.1_13  # 11587 # 12726 # 1 # ID=7_13;partial=0


Domain annotation for each sequence (and alignments):
>> CAMBZN010000009.1_20  # 21204 # 22001 # 1 # ID=9_20;partial=00;start_type=ATG;rbs_motif=GGAG/GAGG;rbs_spacer=5-10bp;g
   #    score  bias  c-Evalue  i-Evalue hmmfrom  hmm to    alifrom  ali to    envfrom  env to     acc
 ---   ------ ----- --------- --------- ------- -------    ------- -------    ------- -------    ----
   1 !    8.0   0.1   0.00023     0.097      17      77 ..      10      72 ..       1      86 [. 0.83
   2 !   11.8   0.0   1.7e-05    0.0071     161     255 ..     152     249 ..     141     262 .. 0.71

  Alignments for each domain:
  == domain 1  score: 8.0 bits;  conditional E-value: 0.00023
         nifH-03292025 17 KGGiGKSttasnlsaalaee.gkkvlivGCdPKaD.strlllggkaqktvldllrekgedlel 77
                          KGG  K +t+ +l + la++  kkvl +  d  a  st l +++   +t++++lre++++le+
  CAMBZN010000009.1_20 10 KGGTAKTSTVLHLGVFLAKKfKKKVLLIDFDAQANlSTGLGFSSDDDDTMVSVLREEKTMLEV 72
                          9*****************55499**********98688888999************9977653 PP

  == domain 2  score: 11.8 bits;  conditional E-value: 1.7e-05
         nifH-03292025 161 malYaanniakgikkyaeeggvrlgGlicNsrkv..dkeeelveefaeklgtqii.afvprsnevqkaelekktvieaapdseqakeyr 246
                            ++ a n + +  +k+  +++ ++ G++    +   ++++ +v+++  ++  +++ ++++r+  v+++ l++k v++++pds++   y+
  CAMBZN010000009.1_20 152 YSILALNRLQEYHEKIGGHHTLEILGVVLSFWDErgATNQAFVNAIDLAFPDKLFeTKIRRDISVSRSVLRGKPVCDVYPDSRASYDYE 240
                           56666666666666666666666666665543330034455555555555556552579****************************** PP

         nifH-03292025 247 eLakkilen 255
                           +La ++++ 
  CAMBZN010000009.1_20 241 RLAAEVIKR 249
                           ****99864 PP

>> CAMBZN010000001.1_41  # 44348 # 45703 # 1 # ID=1_41;partial=00;start_type=ATG;rbs_motif=AGGAG;rbs_spacer=5-10bp;gc_co
   #    score  bias  c-Evalue  i-Evalue hmmfrom  hmm to    alifrom  ali to    envfrom  env to     acc
 ---   ------ ----- --------- --------- ------- -------    ------- -------    ------- -------    ----
   1 !   12.1   0.0   1.3e-05    0.0054      16      43 ..      93     120 ..      89     200 .. 0.97

  Alignments for each domain:
  == domain 1  score: 12.1 bits;  conditional E-value: 1.3e-05
         nifH-03292025  16 GKGGiGKSttasnlsaalaeegkkvliv 43 
                           G  GiGKSt   +++  l+++gk+vl v
  CAMBZN010000001.1_41  93 GEPGIGKSTLLIQIAKHLSSSGKRVLYV 120
                           888***********************87 PP

>> CAMBZN010000007.1_13  # 11587 # 12726 # 1 # ID=7_13;partial=00;start_type=ATG;rbs_motif=AGGAG;rbs_spacer=5-10bp;gc_co
   #    score  bias  c-Evalue  i-Evalue hmmfrom  hmm to    alifrom  ali to    envfrom  env to     acc
 ---   ------ ----- --------- --------- ------- -------    ------- -------    ------- -------    ----
   1 ?   10.1   0.4   5.3e-05     0.023     186     275 ..     264     352 ..     253     378 .. 0.75

  Alignments for each domain:
  == domain 1  score: 10.1 bits;  conditional E-value: 5.3e-05
         nifH-03292025 186 GlicNsrkvdkeeelveefaeklgtqiiafvprsnevqkaelekktvieaapd.seqakeyreLakkilenkklvipkplseeeleell 273
                           Gl  N rk+ +e+++++ + ++ +  +i ++++s  ++k ++ ++ v +++++ se+ +++++Lak++++ k+  ++ p s ++l++ +
  CAMBZN010000007.1_13 264 GLARNLRKS-QETRILSLMLKEHKEALIDRIKNS-LIEKKDAAEEKVNKFTESlSEKLANLQALAKELKDAKHDKLTLPASVKKLSADI 350
                           788888875.68899999*************876.677777777777777654288999**********99999999998887765433 PP

         nifH-03292025 274 ae 275
                           + 
  CAMBZN010000007.1_13 351 KM 352
                           33 PP



Internal pipeline statistics summary:
-------------------------------------
Query model(s):                            1  (327 nodes)
Target sequences:                       1285  (422473 residues searched)
Passed MSV filter:                        73  (0.0568093); expected 25.7 (0.02)
Passed bias filter:                       55  (0.0428016); expected 25.7 (0.02)
Passed Vit filter:                         9  (0.00700389); expected 1.3 (0.001)
Passed Fwd filter:                         3  (0.00233463); expected 0.0 (1e-05)
Initial search space (Z):               1285  [actual number of targets]
Domain search space  (domZ):               3  [number of targets reported over threshold]
# CPU time: 0.01u 0.00s 00:00:00.01 Elapsed: 00:00:00.01
# Mc/sec: 8032.10
//
Query:       nifD-03292025  [M=482]
Scores for complete sequences (score includes all domains):
   --- full sequence ---   --- best 1 domain ---    -#dom-
    E-value  score  bias    E-value  score  bias    exp  N  Sequence Description
    ------- ------ -----    ------- ------ -----   ---- --  -------- -----------

   [No hits detected that satisfy reporting thresholds]


Domain annotation for each sequence (and alignments):

   [No targets detected that satisfy reporting thresholds]


Internal pipeline statistics summary:
-------------------------------------
Query model(s):                            1  (482 nodes)
Target sequences:                       1285  (422473 residues searched)
Passed MSV filter:                        47  (0.0365759); expected 25.7 (0.02)
Passed bias filter:                       28  (0.0217899); expected 25.7 (0.02)
Passed Vit filter:                         0  (0); expected 1.3 (0.001)
Passed Fwd filter:                         0  (0); expected 0.0 (1e-05)
Initial search space (Z):               1285  [actual number of targets]
Domain search space  (domZ):               0  [number of targets reported over threshold]
# CPU time: 0.01u 0.00s 00:00:00.01 Elapsed: 00:00:00.01
# Mc/sec: 18398.87
//
Query:       nifK-03292025  [M=490]
Scores for complete sequences (score includes all domains):
   --- full sequence ---   --- best 1 domain ---    -#dom-
    E-value  score  bias    E-value  score  bias    exp  N  Sequence Description
    ------- ------ -----    ------- ------ -----   ---- --  -------- -----------

   [No hits detected that satisfy reporting thresholds]


Domain annotation for each sequence (and alignments):

   [No targets detected that satisfy reporting thresholds]


Internal pipeline statistics summary:
-------------------------------------
Query model(s):                            1  (490 nodes)
Target sequences:                       1285  (422473 residues searched)
Passed MSV filter:                        42  (0.0326848); expected 25.7 (0.02)
Passed bias filter:                       31  (0.0241245); expected 25.7 (0.02)
Passed Vit filter:                         1  (0.00077821); expected 1.3 (0.001)
Passed Fwd filter:                         0  (0); expected 0.0 (1e-05)
Initial search space (Z):               1285  [actual number of targets]
Domain search space  (domZ):               0  [number of targets reported over threshold]
# CPU time: 0.01u 0.00s 00:00:00.01 Elapsed: 00:00:00.01
# Mc/sec: 18978.80
//
Query:       nifB-03292025  [M=505]
Scores for complete sequences (score includes all domains):
   --- full sequence ---   --- best 1 domain ---    -#dom-
    E-value  score  bias    E-value  score  bias    exp  N  Sequence Description
    ------- ------ -----    ------- ------ -----   ---- --  -------- -----------

   [No hits detected that satisfy reporting thresholds]


Domain annotation for each sequence (and alignments):

   [No targets detected that satisfy reporting thresholds]


Internal pipeline statistics summary:
-------------------------------------
Query model(s):                            1  (505 nodes)
Target sequences:                       1285  (422473 residues searched)
Passed MSV filter:                        49  (0.0381323); expected 25.7 (0.02)
Passed bias filter:                       34  (0.0264591); expected 25.7 (0.02)
Passed Vit filter:                         4  (0.00311284); expected 1.3 (0.001)
Passed Fwd filter:                         0  (0); expected 0.0 (1e-05)
Initial search space (Z):               1285  [actual number of targets]
Domain search space  (domZ):               0  [number of targets reported over threshold]
# CPU time: 0.02u 0.00s 00:00:00.02 Elapsed: 00:00:00.01
# Mc/sec: 17246.94
//
Query:       nifE-03292025  [M=556]
Scores for complete sequences (score includes all domains):
   --- full sequence ---   --- best 1 domain ---    -#dom-
    E-value  score  bias    E-value  score  bias    exp  N  Sequence Description
    ------- ------ -----    ------- ------ -----   ---- --  -------- -----------

   [No hits detected that satisfy reporting thresholds]


Domain annotation for each sequence (and alignments):

   [No targets detected that satisfy reporting thresholds]


Internal pipeline statistics summary:
-------------------------------------
Query model(s):                            1  (556 nodes)
Target sequences:                       1285  (422473 residues searched)
Passed MSV filter:                        54  (0.0420233); expected 25.7 (0.02)
Passed bias filter:                       38  (0.029572); expected 25.7 (0.02)
Passed Vit filter:                         2  (0.00155642); expected 1.3 (0.001)
Passed Fwd filter:                         0  (0); expected 0.0 (1e-05)
Initial search space (Z):               1285  [actual number of targets]
Domain search space  (domZ):               0  [number of targets reported over threshold]
# CPU time: 0.02u 0.00s 00:00:00.02 Elapsed: 00:00:00.01
# Mc/sec: 20134.88
//
Query:       nifN-03292025  [M=700]
Scores for complete sequences (score includes all domains):
   --- full sequence ---   --- best 1 domain ---    -#dom-
    E-value  score  bias    E-value  score  bias    exp  N  Sequence Description
    ------- ------ -----    ------- ------ -----   ---- --  -------- -----------

   [No hits detected that satisfy reporting thresholds]


Domain annotation for each sequence (and alignments):

   [No targets detected that satisfy reporting thresholds]


Internal pipeline statistics summary:
-------------------------------------
Query model(s):                            1  (700 nodes)
Target sequences:                       1285  (422473 residues searched)
Passed MSV filter:                        53  (0.0412451); expected 25.7 (0.02)
Passed bias filter:                       40  (0.0311284); expected 25.7 (0.02)
Passed Vit filter:                         5  (0.00389105); expected 1.3 (0.001)
Passed Fwd filter:                         0  (0); expected 0.0 (1e-05)
Initial search space (Z):               1285  [actual number of targets]
Domain search space  (domZ):               0  [number of targets reported over threshold]
# CPU time: 0.02u 0.00s 00:00:00.02 Elapsed: 00:00:00.01
# Mc/sec: 18832.51
//
Query:       pchlide-04012025  [M=508]
Scores for complete sequences (score includes all domains):
   --- full sequence ---   --- best 1 domain ---    -#dom-
    E-value  score  bias    E-value  score  bias    exp  N  Sequence Description
    ------- ------ -----    ------- ------ -----   ---- --  -------- -----------

   [No hits detected that satisfy reporting thresholds]


Domain annotation for each sequence (and alignments):

   [No targets detected that satisfy reporting thresholds]


Internal pipeline statistics summary:
-------------------------------------
Query model(s):                            1  (508 nodes)
Target sequences:                       1285  (422473 residues searched)
Passed MSV filter:                        48  (0.0373541); expected 25.7 (0.02)
Passed bias filter:                       41  (0.0319066); expected 25.7 (0.02)
Passed Vit filter:                         1  (0.00077821); expected 1.3 (0.001)
Passed Fwd filter:                         0  (0); expected 0.0 (1e-05)
Initial search space (Z):               1285  [actual number of targets]
Domain search space  (domZ):               0  [number of targets reported over threshold]
# CPU time: 0.01u 0.00s 00:00:00.01 Elapsed: 00:00:00.01
# Mc/sec: 19813.04
//
[ok]
# hmmsearch :: search profile(s) against a sequence database
# HMMER 3.4 (Aug 2023); http://hmmer.org/
# Copyright (C) 2023 Howard Hughes Medical Institute.
# Freely distributed under the BSD open source license.
# - - - - - - - - - - - - - - - - - - - - - - - - - - - - - - - - - - - -
# query HMM file:                  ../HMMs/nifV_07242025.hmm
# target sequence database:        ../all_rep_proteins_aa/bacteria/GB_GCA_945872565.1_protein.faa
# - - - - - - - - - - - - - - - - - - - - - - - - - - - - - - - - - - - -

Query:       nifV-07242025  [M=437]
Scores for complete sequences (score includes all domains):
   --- full sequence ---   --- best 1 domain ---    -#dom-
    E-value  score  bias    E-value  score  bias    exp  N  Sequence Description
    ------- ------ -----    ------- ------ -----   ---- --  -------- -----------

   [No hits detected that satisfy reporting thresholds]


Domain annotation for each sequence (and alignments):

   [No targets detected that satisfy reporting thresholds]


Internal pipeline statistics summary:
-------------------------------------
Query model(s):                            1  (437 nodes)
Target sequences:                       1285  (422473 residues searched)
Passed MSV filter:                        38  (0.029572); expected 25.7 (0.02)
Passed bias filter:                       30  (0.0233463); expected 25.7 (0.02)
Passed Vit filter:                         1  (0.00077821); expected 1.3 (0.001)
Passed Fwd filter:                         0  (0); expected 0.0 (1e-05)
Initial search space (Z):               1285  [actual number of targets]
Domain search space  (domZ):               0  [number of targets reported over threshold]
# CPU time: 0.01u 0.00s 00:00:00.01 Elapsed: 00:00:00.00
# Mc/sec: 21154.88
//
[ok]
