# hmmsearch :: search profile(s) against a sequence database
# HMMER 3.4 (Aug 2023); http://hmmer.org/
# Copyright (C) 2023 Howard Hughes Medical Institute.
# Freely distributed under the BSD open source license.
# - - - - - - - - - - - - - - - - - - - - - - - - - - - - - - - - - - - -
# query HMM file:                  ../HMMs/combined_nif_04012025.hmm
# target sequence database:        ../all_rep_proteins_aa/bacteria/GB_GCA_937923115.1_protein.faa
# - - - - - - - - - - - - - - - - - - - - - - - - - - - - - - - - - - - -

Query:       nifH-03292025  [M=327]
Scores for complete sequences (score includes all domains):
   --- full sequence ---   --- best 1 domain ---    -#dom-
    E-value  score  bias    E-value  score  bias    exp  N  Sequence             Description
    ------- ------ -----    ------- ------ -----   ---- --  --------             -----------
    3.4e-12   43.1   0.2    1.2e-08   31.4   0.1    2.1  2  CAKZTE010000058.1_12  # 13516 # 14325 # 1 # ID=58_12;partial=
     0.0039   13.3   0.0      0.041   10.0   0.0    2.1  2  CAKZTE010000116.1_17  # 14914 # 16518 # -1 # ID=116_17;partia


Domain annotation for each sequence (and alignments):
>> CAKZTE010000058.1_12  # 13516 # 14325 # 1 # ID=58_12;partial=00;start_type=GTG;rbs_motif=GGAG/GAGG;rbs_spacer=5-10bp;
   #    score  bias  c-Evalue  i-Evalue hmmfrom  hmm to    alifrom  ali to    envfrom  env to     acc
 ---   ------ ----- --------- --------- ------- -------    ------- -------    ------- -------    ----
   1 !   31.4   0.1   1.2e-11   1.2e-08      12      67 ..      13      71 ..       3      84 .. 0.76
   2 !    9.9   0.0   4.1e-05     0.042     149     256 ..     149     261 ..     146     267 .. 0.74

  Alignments for each domain:
  == domain 1  score: 31.4 bits;  conditional E-value: 1.2e-11
         nifH-03292025 12 iAiY.GKGGiGKSttasnlsaalaeegkkvlivGCdPKaD.strl.llggkaqktvldl 67
                          iAi   KGG+GK tt+ nl+a la +gkkvli+  dP    st l l +g + +t+ ++
  CAKZTE010000058.1_12 13 IAIVnQKGGVGKTTTTINLAAGLALRGKKVLIIDSDPQGNaSTGLgLHSGARGTTIYEV 71
                          665415*******************************9762555424445556666665 PP

  == domain 2  score: 9.9 bits;  conditional E-value: 4.1e-05
         nifH-03292025 149 adevyivtsgemmalYaanniakgikkyaeeggv..rlgGlicNsrkvdk..eeelveefaeklgtqii.afvprsnevqkaelekktv 232
                           a++v++   +e+ al     ++k+++  + + +    + G++  + ++++    ++  ++ ++lg  ++ + +pr+  + +a    k v
  CAKZTE010000058.1_12 149 ANSVIVPLQCEFYALEGLSQLLKTVEMAKGSINPalIIEGVMLTMYDQRNrlSAQVAADVRKHLGRAVFsTMIPRNVRIAEAPSFAKPV 237
                           5666666777888888888888888877777544004567766655444411456777788888888762579**************** PP

         nifH-03292025 233 ieaapdseqakeyreLakkilenk 256
                           + ++p+++   +y++La+++l+ +
  CAKZTE010000058.1_12 238 MMYDPQCSGSIAYMALADELLARH 261
                           ******************997765 PP

>> CAKZTE010000116.1_17  # 14914 # 16518 # -1 # ID=116_17;partial=00;start_type=ATG;rbs_motif=GGA/GAG/AGG;rbs_spacer=5-1
   #    score  bias  c-Evalue  i-Evalue hmmfrom  hmm to    alifrom  ali to    envfrom  env to     acc
 ---   ------ ----- --------- --------- ------- -------    ------- -------    ------- -------    ----
   1 !   10.0   0.0   3.9e-05     0.041      12      36 ..     263     288 ..     256     299 .. 0.84
   2 ?    0.7   0.0     0.025        26     187     254 ..     432     501 ..     396     523 .. 0.83

  Alignments for each domain:
  == domain 1  score: 10.0 bits;  conditional E-value: 3.9e-05
         nifH-03292025  12 iAiYG.KGGiGKSttasnlsaalaee 36 
                            A++G KGG+G St a n++  lae+
  CAKZTE010000116.1_17 263 AAFFGaKGGVGSSTLAHNIAWCLAEN 288
                           478888*****************975 PP

  == domain 2  score: 0.7 bits;  conditional E-value: 0.025
         nifH-03292025 187 licNsrkvdkeeel.veefaeklgtqiiafvprs.nevqkaelekktvieaapdseqakeyreLakkile 254
                           li N+  ++k +e+ v++f +++g +    +  + ++ ++a  ++k+++e++  s + + ++ +a+++++
  CAKZTE010000116.1_17 432 LILNRTGTTKTNEIsVKDFGAAVGLDPAVALAFDpDIYTQASNDGKMLTEIKAASGHVTGFEMIASRLKT 501
                           89999988887776599*******99888887772556899999*****************999998865 PP



Internal pipeline statistics summary:
-------------------------------------
Query model(s):                            1  (327 nodes)
Target sequences:                       2090  (649511 residues searched)
Passed MSV filter:                        69  (0.0330144); expected 41.8 (0.02)
Passed bias filter:                       58  (0.0277512); expected 41.8 (0.02)
Passed Vit filter:                        10  (0.00478469); expected 2.1 (0.001)
Passed Fwd filter:                         2  (0.000956938); expected 0.0 (1e-05)
Initial search space (Z):               2090  [actual number of targets]
Domain search space  (domZ):               2  [number of targets reported over threshold]
# CPU time: 0.01u 0.01s 00:00:00.02 Elapsed: 00:00:00.02
# Mc/sec: 8103.54
//
Query:       nifD-03292025  [M=482]
Scores for complete sequences (score includes all domains):
   --- full sequence ---   --- best 1 domain ---    -#dom-
    E-value  score  bias    E-value  score  bias    exp  N  Sequence Description
    ------- ------ -----    ------- ------ -----   ---- --  -------- -----------

   [No hits detected that satisfy reporting thresholds]


Domain annotation for each sequence (and alignments):

   [No targets detected that satisfy reporting thresholds]


Internal pipeline statistics summary:
-------------------------------------
Query model(s):                            1  (482 nodes)
Target sequences:                       2090  (649511 residues searched)
Passed MSV filter:                        56  (0.0267943); expected 41.8 (0.02)
Passed bias filter:                       50  (0.0239234); expected 41.8 (0.02)
Passed Vit filter:                         5  (0.00239234); expected 2.1 (0.001)
Passed Fwd filter:                         0  (0); expected 0.0 (1e-05)
Initial search space (Z):               2090  [actual number of targets]
Domain search space  (domZ):               0  [number of targets reported over threshold]
# CPU time: 0.02u 0.00s 00:00:00.02 Elapsed: 00:00:00.02
# Mc/sec: 13059.95
//
Query:       nifK-03292025  [M=490]
Scores for complete sequences (score includes all domains):
   --- full sequence ---   --- best 1 domain ---    -#dom-
    E-value  score  bias    E-value  score  bias    exp  N  Sequence Description
    ------- ------ -----    ------- ------ -----   ---- --  -------- -----------

   [No hits detected that satisfy reporting thresholds]


Domain annotation for each sequence (and alignments):

   [No targets detected that satisfy reporting thresholds]


Internal pipeline statistics summary:
-------------------------------------
Query model(s):                            1  (490 nodes)
Target sequences:                       2090  (649511 residues searched)
Passed MSV filter:                        57  (0.0272727); expected 41.8 (0.02)
Passed bias filter:                       52  (0.0248804); expected 41.8 (0.02)
Passed Vit filter:                         5  (0.00239234); expected 2.1 (0.001)
Passed Fwd filter:                         0  (0); expected 0.0 (1e-05)
Initial search space (Z):               2090  [actual number of targets]
Domain search space  (domZ):               0  [number of targets reported over threshold]
# CPU time: 0.02u 0.00s 00:00:00.02 Elapsed: 00:00:00.01
# Mc/sec: 23742.11
//
Query:       nifB-03292025  [M=505]
Scores for complete sequences (score includes all domains):
   --- full sequence ---   --- best 1 domain ---    -#dom-
    E-value  score  bias    E-value  score  bias    exp  N  Sequence            Description
    ------- ------ -----    ------- ------ -----   ---- --  --------            -----------
    1.6e-07   27.1   0.1    9.7e-06   21.2   0.0    2.7  2  CAKZTE010000054.1_2  # 345 # 1355 # -1 # ID=54_2;partial=00;s


Domain annotation for each sequence (and alignments):
>> CAKZTE010000054.1_2  # 345 # 1355 # -1 # ID=54_2;partial=00;start_type=ATG;rbs_motif=None;rbs_spacer=None;gc_cont=0.5
   #    score  bias  c-Evalue  i-Evalue hmmfrom  hmm to    alifrom  ali to    envfrom  env to     acc
 ---   ------ ----- --------- --------- ------- -------    ------- -------    ------- -------    ----
   1 !    2.1   0.0    0.0027       5.6      79      95 ..      15      31 ..       6      35 .. 0.84
   2 !   21.2   0.0   4.6e-09   9.7e-06     166     317 ..     101     229 ..      97     234 .. 0.83

  Alignments for each domain:
  == domain 1  score: 2.1 bits;  conditional E-value: 0.0027
        nifB-03292025 79 mHvavApaCNiqCnyCn 95
                         + ++v   C + C yC 
  CAKZTE010000054.1_2 15 LRLSVTDRCDLRCSYCM 31
                         6799************6 PP

  == domain 2  score: 21.2 bits;  conditional E-value: 4.6e-09
        nifB-03292025 166 lClstNGLaLpeyvdelaelnvdhvtvTiNavdpeigakiypwvlyekkrytgeeaaeiLlerQlegleklaergvlvKvNsvlipgvNd 255
                          l ++tNG +L++++ +l +++v+ + v + ++d  +    +       k+ t ++a    ++  +egl++ +++g+ vK+N+v + + N 
  CAKZTE010000054.1_2 101 LTVTTNGTQLAKHAADLRRFGVERINVSLDTLDRAL----F-------KTLTRRDA----IDSVMEGLDAAQAAGLRVKINTVALQN-NA 174
                          6789*****************************943....3.......45566777....457799******************987.9* PP

        nifB-03292025 256 ehlvevakkvke..kgaflhNvmplisapehGtvfglegqreptakelkalrdaceeeiklmrh 317
                          +++ ++ ++ +   ++++l  vmpl          +++g r  +   l+++rd++e++ +l+++
  CAKZTE010000054.1_2 175 AEIPDMMRWAHGrdMDMTLIEVMPLG---------EINGDRVDQYIPLSDVRDNLEGQFTLLEA 229
                          *********97611567788999995.........46788888888888888888888877765 PP



Internal pipeline statistics summary:
-------------------------------------
Query model(s):                            1  (505 nodes)
Target sequences:                       2090  (649511 residues searched)
Passed MSV filter:                        58  (0.0277512); expected 41.8 (0.02)
Passed bias filter:                       52  (0.0248804); expected 41.8 (0.02)
Passed Vit filter:                         4  (0.00191388); expected 2.1 (0.001)
Passed Fwd filter:                         1  (0.000478469); expected 0.0 (1e-05)
Initial search space (Z):               2090  [actual number of targets]
Domain search space  (domZ):               1  [number of targets reported over threshold]
# CPU time: 0.03u 0.00s 00:00:00.03 Elapsed: 00:00:00.02
# Mc/sec: 12543.79
//
Query:       nifE-03292025  [M=556]
Scores for complete sequences (score includes all domains):
   --- full sequence ---   --- best 1 domain ---    -#dom-
    E-value  score  bias    E-value  score  bias    exp  N  Sequence Description
    ------- ------ -----    ------- ------ -----   ---- --  -------- -----------

   [No hits detected that satisfy reporting thresholds]


Domain annotation for each sequence (and alignments):

   [No targets detected that satisfy reporting thresholds]


Internal pipeline statistics summary:
-------------------------------------
Query model(s):                            1  (556 nodes)
Target sequences:                       2090  (649511 residues searched)
Passed MSV filter:                        71  (0.0339713); expected 41.8 (0.02)
Passed bias filter:                       60  (0.0287081); expected 41.8 (0.02)
Passed Vit filter:                         5  (0.00239234); expected 2.1 (0.001)
Passed Fwd filter:                         0  (0); expected 0.0 (1e-05)
Initial search space (Z):               2090  [actual number of targets]
Domain search space  (domZ):               0  [number of targets reported over threshold]
# CPU time: 0.03u 0.00s 00:00:00.03 Elapsed: 00:00:00.01
# Mc/sec: 21032.57
//
Query:       nifN-03292025  [M=700]
Scores for complete sequences (score includes all domains):
   --- full sequence ---   --- best 1 domain ---    -#dom-
    E-value  score  bias    E-value  score  bias    exp  N  Sequence Description
    ------- ------ -----    ------- ------ -----   ---- --  -------- -----------

   [No hits detected that satisfy reporting thresholds]


Domain annotation for each sequence (and alignments):

   [No targets detected that satisfy reporting thresholds]


Internal pipeline statistics summary:
-------------------------------------
Query model(s):                            1  (700 nodes)
Target sequences:                       2090  (649511 residues searched)
Passed MSV filter:                        90  (0.0430622); expected 41.8 (0.02)
Passed bias filter:                       72  (0.0344498); expected 41.8 (0.02)
Passed Vit filter:                         3  (0.00143541); expected 2.1 (0.001)
Passed Fwd filter:                         0  (0); expected 0.0 (1e-05)
Initial search space (Z):               2090  [actual number of targets]
Domain search space  (domZ):               0  [number of targets reported over threshold]
# CPU time: 0.04u 0.00s 00:00:00.04 Elapsed: 00:00:00.01
# Mc/sec: 24279.85
//
Query:       pchlide-04012025  [M=508]
Scores for complete sequences (score includes all domains):
   --- full sequence ---   --- best 1 domain ---    -#dom-
    E-value  score  bias    E-value  score  bias    exp  N  Sequence Description
    ------- ------ -----    ------- ------ -----   ---- --  -------- -----------

   [No hits detected that satisfy reporting thresholds]


Domain annotation for each sequence (and alignments):

   [No targets detected that satisfy reporting thresholds]


Internal pipeline statistics summary:
-------------------------------------
Query model(s):                            1  (508 nodes)
Target sequences:                       2090  (649511 residues searched)
Passed MSV filter:                        46  (0.0220096); expected 41.8 (0.02)
Passed bias filter:                       32  (0.015311); expected 41.8 (0.02)
Passed Vit filter:                         3  (0.00143541); expected 2.1 (0.001)
Passed Fwd filter:                         0  (0); expected 0.0 (1e-05)
Initial search space (Z):               2090  [actual number of targets]
Domain search space  (domZ):               0  [number of targets reported over threshold]
# CPU time: 0.02u 0.01s 00:00:00.03 Elapsed: 00:00:00.01
# Mc/sec: 28268.76
//
[ok]
# hmmsearch :: search profile(s) against a sequence database
# HMMER 3.4 (Aug 2023); http://hmmer.org/
# Copyright (C) 2023 Howard Hughes Medical Institute.
# Freely distributed under the BSD open source license.
# - - - - - - - - - - - - - - - - - - - - - - - - - - - - - - - - - - - -
# query HMM file:                  ../HMMs/nifV_07242025.hmm
# target sequence database:        ../all_rep_proteins_aa/bacteria/GB_GCA_937923115.1_protein.faa
# - - - - - - - - - - - - - - - - - - - - - - - - - - - - - - - - - - - -

Query:       nifV-07242025  [M=437]
Scores for complete sequences (score includes all domains):
   --- full sequence ---   --- best 1 domain ---    -#dom-
    E-value  score  bias    E-value  score  bias    exp  N  Sequence Description
    ------- ------ -----    ------- ------ -----   ---- --  -------- -----------

   [No hits detected that satisfy reporting thresholds]


Domain annotation for each sequence (and alignments):

   [No targets detected that satisfy reporting thresholds]


Internal pipeline statistics summary:
-------------------------------------
Query model(s):                            1  (437 nodes)
Target sequences:                       2090  (649511 residues searched)
Passed MSV filter:                        86  (0.0411483); expected 41.8 (0.02)
Passed bias filter:                       57  (0.0272727); expected 41.8 (0.02)
Passed Vit filter:                         2  (0.000956938); expected 2.1 (0.001)
Passed Fwd filter:                         0  (0); expected 0.0 (1e-05)
Initial search space (Z):               2090  [actual number of targets]
Domain search space  (domZ):               0  [number of targets reported over threshold]
# CPU time: 0.01u 0.00s 00:00:00.01 Elapsed: 00:00:00.01
# Mc/sec: 25988.22
//
[ok]
