# hmmsearch :: search profile(s) against a sequence database
# HMMER 3.4 (Aug 2023); http://hmmer.org/
# Copyright (C) 2023 Howard Hughes Medical Institute.
# Freely distributed under the BSD open source license.
# - - - - - - - - - - - - - - - - - - - - - - - - - - - - - - - - - - - -
# query HMM file:                  ../HMMs/combined_nif_04012025.hmm
# target sequence database:        ../all_rep_proteins_aa/bacteria/GB_GCA_947628495.1_protein.faa
# - - - - - - - - - - - - - - - - - - - - - - - - - - - - - - - - - - - -

Query:       nifH-03292025  [M=327]
Scores for complete sequences (score includes all domains):
   --- full sequence ---   --- best 1 domain ---    -#dom-
    E-value  score  bias    E-value  score  bias    exp  N  Sequence            Description
    ------- ------ -----    ------- ------ -----   ---- --  --------            -----------
     0.0092   11.2   0.0      0.014   10.6   0.0    1.3  1  CANRAC010000141.1_2  # 427 # 1626 # 1 # ID=141_2;partial=00;s


Domain annotation for each sequence (and alignments):
>> CANRAC010000141.1_2  # 427 # 1626 # 1 # ID=141_2;partial=00;start_type=ATG;rbs_motif=AGxAGG/AGGxGG;rbs_spacer=3-4bp;g
   #    score  bias  c-Evalue  i-Evalue hmmfrom  hmm to    alifrom  ali to    envfrom  env to     acc
 ---   ------ ----- --------- --------- ------- -------    ------- -------    ------- -------    ----
   1 !   10.6   0.0   1.2e-05     0.014       5      33 ..      34      62 ..      30     108 .. 0.83

  Alignments for each domain:
  == domain 1  score: 10.6 bits;  conditional E-value: 1.2e-05
        nifH-03292025  5 makkmrkiAiYGKGGiGKSttasnlsaal 33
                          +kkm  + +YGK GiGK ++a  ++  l
  CANRAC010000141.1_2 34 DSKKMFSCILYGKPGIGKTSIAYAIVNEL 62
                         56789999*************99988777 PP



Internal pipeline statistics summary:
-------------------------------------
Query model(s):                            1  (327 nodes)
Target sequences:                       1148  (323105 residues searched)
Passed MSV filter:                       103  (0.0897213); expected 23.0 (0.02)
Passed bias filter:                       53  (0.0461672); expected 23.0 (0.02)
Passed Vit filter:                         9  (0.00783972); expected 1.1 (0.001)
Passed Fwd filter:                         1  (0.00087108); expected 0.0 (1e-05)
Initial search space (Z):               1148  [actual number of targets]
Domain search space  (domZ):               1  [number of targets reported over threshold]
# CPU time: 0.01u 0.00s 00:00:00.01 Elapsed: 00:00:00.01
# Mc/sec: 5860.76
//
Query:       nifD-03292025  [M=482]
Scores for complete sequences (score includes all domains):
   --- full sequence ---   --- best 1 domain ---    -#dom-
    E-value  score  bias    E-value  score  bias    exp  N  Sequence Description
    ------- ------ -----    ------- ------ -----   ---- --  -------- -----------

   [No hits detected that satisfy reporting thresholds]


Domain annotation for each sequence (and alignments):

   [No targets detected that satisfy reporting thresholds]


Internal pipeline statistics summary:
-------------------------------------
Query model(s):                            1  (482 nodes)
Target sequences:                       1148  (323105 residues searched)
Passed MSV filter:                        91  (0.0792683); expected 23.0 (0.02)
Passed bias filter:                       32  (0.0278746); expected 23.0 (0.02)
Passed Vit filter:                         3  (0.00261324); expected 1.1 (0.001)
Passed Fwd filter:                         0  (0); expected 0.0 (1e-05)
Initial search space (Z):               1148  [actual number of targets]
Domain search space  (domZ):               0  [number of targets reported over threshold]
# CPU time: 0.00u 0.00s 00:00:00.00 Elapsed: 00:00:00.00
# Mc/sec: 17174.14
//
Query:       nifK-03292025  [M=490]
Scores for complete sequences (score includes all domains):
   --- full sequence ---   --- best 1 domain ---    -#dom-
    E-value  score  bias    E-value  score  bias    exp  N  Sequence Description
    ------- ------ -----    ------- ------ -----   ---- --  -------- -----------

   [No hits detected that satisfy reporting thresholds]


Domain annotation for each sequence (and alignments):

   [No targets detected that satisfy reporting thresholds]


Internal pipeline statistics summary:
-------------------------------------
Query model(s):                            1  (490 nodes)
Target sequences:                       1148  (323105 residues searched)
Passed MSV filter:                        53  (0.0461672); expected 23.0 (0.02)
Passed bias filter:                       21  (0.0182927); expected 23.0 (0.02)
Passed Vit filter:                         3  (0.00261324); expected 1.1 (0.001)
Passed Fwd filter:                         0  (0); expected 0.0 (1e-05)
Initial search space (Z):               1148  [actual number of targets]
Domain search space  (domZ):               0  [number of targets reported over threshold]
# CPU time: 0.01u 0.00s 00:00:00.01 Elapsed: 00:00:00.00
# Mc/sec: 16104.86
//
Query:       nifB-03292025  [M=505]
Scores for complete sequences (score includes all domains):
   --- full sequence ---   --- best 1 domain ---    -#dom-
    E-value  score  bias    E-value  score  bias    exp  N  Sequence             Description
    ------- ------ -----    ------- ------ -----   ---- --  --------             -----------
     0.0018   12.8   0.0     0.0027   12.3   0.0    1.2  1  CANRAC010000023.1_10  # 6899 # 8038 # -1 # ID=23_10;partial=0
     0.0044   11.5   0.6      0.084    7.3   0.2    2.0  2  CANRAC010000041.1_9   # 7940 # 8263 # 1 # ID=41_9;partial=01;


Domain annotation for each sequence (and alignments):
>> CANRAC010000023.1_10  # 6899 # 8038 # -1 # ID=23_10;partial=00;start_type=ATG;rbs_motif=None;rbs_spacer=None;gc_cont=
   #    score  bias  c-Evalue  i-Evalue hmmfrom  hmm to    alifrom  ali to    envfrom  env to     acc
 ---   ------ ----- --------- --------- ------- -------    ------- -------    ------- -------    ----
   1 !   12.3   0.0   4.6e-06    0.0027      79     172 ..      13     102 ..       4     124 .. 0.78

  Alignments for each domain:
  == domain 1  score: 12.3 bits;  conditional E-value: 4.6e-06
         nifB-03292025  79 mHvavApaCNiqCnyCnRkydCanEsRPGvvsevLtpeqavkkvkavaaeipqlsVvGiAG.PGDalanpektfetlelvkeeapdlkl 166
                           +H+ +  +CN  C  CnR++      R  +    Lt e+ +kk++   + + ql+ + + G  GD+l n++  +e l+ +    p l +
  CANRAC010000023.1_10  13 LHLELTTKCNAMCPMCNRNFKG--KVREALPILELTLED-IKKILS-PEFLRQLKLISLCGvYGDPLCNTH-FKEILKYLYICNPYLDI 96 
                           8*******************97..466666677788887.455443.345566666666663489999988.88888888888888888 PP

         nifB-03292025 167 ClstNG 172
                            + tNG
  CANRAC010000023.1_10  97 DIYTNG 102
                           888887 PP

>> CANRAC010000041.1_9  # 7940 # 8263 # 1 # ID=41_9;partial=01;start_type=ATG;rbs_motif=GGA/GAG/AGG;rbs_spacer=5-10bp;gc
   #    score  bias  c-Evalue  i-Evalue hmmfrom  hmm to    alifrom  ali to    envfrom  env to     acc
 ---   ------ ----- --------- --------- ------- -------    ------- -------    ------- -------    ----
   1 !    7.3   0.2   0.00015     0.084      75      95 ..       2      22 ..       1      28 [. 0.90
   2 !    3.0   0.0     0.003       1.7     155     195 ..      66     103 ..      56     108 .] 0.78

  Alignments for each domain:
  == domain 1  score: 7.3 bits;  conditional E-value: 0.00015
        nifB-03292025 75 kfaRmHvavApaCNiqCnyCn 95
                         kf ++ + +   CN++C +C+
  CANRAC010000041.1_9  2 KFKKIYLEITNVCNLKCSFCH 22
                         688999**************6 PP

  == domain 2  score: 3.0 bits;  conditional E-value: 0.003
        nifB-03292025 155 elvkeeapdlklClstNGLaLpeyvdelaelnvdhvtvTiN 195
                          el++e+  d+ + ++tNG  + + v++    n+  + + + 
  CANRAC010000041.1_9  66 ELINEASKDFYINITTNGYLISKIVNN---KNIRQINISLH 103
                          6899999**************999974...45555555555 PP



Internal pipeline statistics summary:
-------------------------------------
Query model(s):                            1  (505 nodes)
Target sequences:                       1148  (323105 residues searched)
Passed MSV filter:                        59  (0.0513937); expected 23.0 (0.02)
Passed bias filter:                       30  (0.0261324); expected 23.0 (0.02)
Passed Vit filter:                         3  (0.00261324); expected 1.1 (0.001)
Passed Fwd filter:                         2  (0.00174216); expected 0.0 (1e-05)
Initial search space (Z):               1148  [actual number of targets]
Domain search space  (domZ):               2  [number of targets reported over threshold]
# CPU time: 0.01u 0.01s 00:00:00.02 Elapsed: 00:00:00.01
# Mc/sec: 11292.34
//
Query:       nifE-03292025  [M=556]
Scores for complete sequences (score includes all domains):
   --- full sequence ---   --- best 1 domain ---    -#dom-
    E-value  score  bias    E-value  score  bias    exp  N  Sequence Description
    ------- ------ -----    ------- ------ -----   ---- --  -------- -----------

   [No hits detected that satisfy reporting thresholds]


Domain annotation for each sequence (and alignments):

   [No targets detected that satisfy reporting thresholds]


Internal pipeline statistics summary:
-------------------------------------
Query model(s):                            1  (556 nodes)
Target sequences:                       1148  (323105 residues searched)
Passed MSV filter:                        72  (0.0627178); expected 23.0 (0.02)
Passed bias filter:                       26  (0.0226481); expected 23.0 (0.02)
Passed Vit filter:                         2  (0.00174216); expected 1.1 (0.001)
Passed Fwd filter:                         0  (0); expected 0.0 (1e-05)
Initial search space (Z):               1148  [actual number of targets]
Domain search space  (domZ):               0  [number of targets reported over threshold]
# CPU time: 0.01u 0.00s 00:00:00.01 Elapsed: 00:00:00.01
# Mc/sec: 16881.64
//
Query:       nifN-03292025  [M=700]
Scores for complete sequences (score includes all domains):
   --- full sequence ---   --- best 1 domain ---    -#dom-
    E-value  score  bias    E-value  score  bias    exp  N  Sequence Description
    ------- ------ -----    ------- ------ -----   ---- --  -------- -----------

   [No hits detected that satisfy reporting thresholds]


Domain annotation for each sequence (and alignments):

   [No targets detected that satisfy reporting thresholds]


Internal pipeline statistics summary:
-------------------------------------
Query model(s):                            1  (700 nodes)
Target sequences:                       1148  (323105 residues searched)
Passed MSV filter:                        65  (0.0566202); expected 23.0 (0.02)
Passed bias filter:                       41  (0.0357143); expected 23.0 (0.02)
Passed Vit filter:                         2  (0.00174216); expected 1.1 (0.001)
Passed Fwd filter:                         0  (0); expected 0.0 (1e-05)
Initial search space (Z):               1148  [actual number of targets]
Domain search space  (domZ):               0  [number of targets reported over threshold]
# CPU time: 0.02u 0.00s 00:00:00.02 Elapsed: 00:00:00.01
# Mc/sec: 15986.23
//
Query:       pchlide-04012025  [M=508]
Scores for complete sequences (score includes all domains):
   --- full sequence ---   --- best 1 domain ---    -#dom-
    E-value  score  bias    E-value  score  bias    exp  N  Sequence Description
    ------- ------ -----    ------- ------ -----   ---- --  -------- -----------

   [No hits detected that satisfy reporting thresholds]


Domain annotation for each sequence (and alignments):

   [No targets detected that satisfy reporting thresholds]


Internal pipeline statistics summary:
-------------------------------------
Query model(s):                            1  (508 nodes)
Target sequences:                       1148  (323105 residues searched)
Passed MSV filter:                        46  (0.0400697); expected 23.0 (0.02)
Passed bias filter:                       30  (0.0261324); expected 23.0 (0.02)
Passed Vit filter:                         3  (0.00261324); expected 1.1 (0.001)
Passed Fwd filter:                         0  (0); expected 0.0 (1e-05)
Initial search space (Z):               1148  [actual number of targets]
Domain search space  (domZ):               0  [number of targets reported over threshold]
# CPU time: 0.01u 0.00s 00:00:00.01 Elapsed: 00:00:00.00
# Mc/sec: 17387.38
//
[ok]
# hmmsearch :: search profile(s) against a sequence database
# HMMER 3.4 (Aug 2023); http://hmmer.org/
# Copyright (C) 2023 Howard Hughes Medical Institute.
# Freely distributed under the BSD open source license.
# - - - - - - - - - - - - - - - - - - - - - - - - - - - - - - - - - - - -
# query HMM file:                  ../HMMs/nifV_07242025.hmm
# target sequence database:        ../all_rep_proteins_aa/bacteria/GB_GCA_947628495.1_protein.faa
# - - - - - - - - - - - - - - - - - - - - - - - - - - - - - - - - - - - -

Query:       nifV-07242025  [M=437]
Scores for complete sequences (score includes all domains):
   --- full sequence ---   --- best 1 domain ---    -#dom-
    E-value  score  bias    E-value  score  bias    exp  N  Sequence Description
    ------- ------ -----    ------- ------ -----   ---- --  -------- -----------

   [No hits detected that satisfy reporting thresholds]


Domain annotation for each sequence (and alignments):

   [No targets detected that satisfy reporting thresholds]


Internal pipeline statistics summary:
-------------------------------------
Query model(s):                            1  (437 nodes)
Target sequences:                       1148  (323105 residues searched)
Passed MSV filter:                        30  (0.0261324); expected 23.0 (0.02)
Passed bias filter:                       24  (0.0209059); expected 23.0 (0.02)
Passed Vit filter:                         3  (0.00261324); expected 1.1 (0.001)
Passed Fwd filter:                         0  (0); expected 0.0 (1e-05)
Initial search space (Z):               1148  [actual number of targets]
Domain search space  (domZ):               0  [number of targets reported over threshold]
# CPU time: 0.01u 0.00s 00:00:00.01 Elapsed: 00:00:00.00
# Mc/sec: 16460.73
//
[ok]
