# hmmsearch :: search profile(s) against a sequence database
# HMMER 3.4 (Aug 2023); http://hmmer.org/
# Copyright (C) 2023 Howard Hughes Medical Institute.
# Freely distributed under the BSD open source license.
# - - - - - - - - - - - - - - - - - - - - - - - - - - - - - - - - - - - -
# query HMM file:                  ../HMMs/combined_nif_04012025.hmm
# target sequence database:        ../all_rep_proteins_aa/bacteria/GB_GCA_018896765.1_protein.faa
# - - - - - - - - - - - - - - - - - - - - - - - - - - - - - - - - - - - -

Query:       nifH-03292025  [M=327]
Scores for complete sequences (score includes all domains):
   --- full sequence ---   --- best 1 domain ---    -#dom-
    E-value  score  bias    E-value  score  bias    exp  N  Sequence            Description
    ------- ------ -----    ------- ------ -----   ---- --  --------            -----------
    6.8e-11   38.3   0.1    1.6e-06   23.8   0.0    2.1  2  JAHILZ010000086.1_2  # 1192 # 1992 # 1 # ID=76_2;partial=00;s


Domain annotation for each sequence (and alignments):
>> JAHILZ010000086.1_2  # 1192 # 1992 # 1 # ID=76_2;partial=00;start_type=ATG;rbs_motif=TTAA;rbs_spacer=11bp;gc_cont=0.4
   #    score  bias  c-Evalue  i-Evalue hmmfrom  hmm to    alifrom  ali to    envfrom  env to     acc
 ---   ------ ----- --------- --------- ------- -------    ------- -------    ------- -------    ----
   1 !   23.8   0.0   1.2e-09   1.6e-06      17      53 ..      11      47 ..       4      77 .. 0.92
   2 !   12.5   0.0   3.3e-06    0.0048     160     257 ..     155     257 ..     143     264 .. 0.70

  Alignments for each domain:
  == domain 1  score: 23.8 bits;  conditional E-value: 1.2e-09
        nifH-03292025 17 KGGiGKSttasnlsaalaeegkkvlivGCdPKaDstr 53
                         KGG+GK tta nl a la++gk vl +  dP a +++
  JAHILZ010000086.1_2 11 KGGVGKTTTAVNLGAFLASRGKYVLLIDLDPQANASS 47
                         9*******************************98765 PP

  == domain 2  score: 12.5 bits;  conditional E-value: 3.3e-06
        nifH-03292025 160 mmalYaanniakgikkyaee..ggvrlgGlicNsrkvdk..eeelveefaeklgtqiiaf.vprsnevqkaelekktvieaapdseqake 244
                          + al     ++k++  ++e+  ++  + G++  + ++++   +++ +e+a+++  +++ + + r+ e+ +a   +k +i ++p+s  a++
  JAHILZ010000086.1_2 155 YYALEGLVQLLKTVDLIKENitHSLDIMGVVLTMYDKRNllSRQVEKEVARNFPGKVFRTiIARNVELAEAPSFGKPIILYKPNSVGARS 244
                          5555555566666666666533555667777665554442256666778888877777651578899*********************** PP

        nifH-03292025 245 yreLakkilenkk 257
                          y +Lak+i++ ++
  JAHILZ010000086.1_2 245 YDNLAKEIIAMER 257
                          ********98764 PP



Internal pipeline statistics summary:
-------------------------------------
Query model(s):                            1  (327 nodes)
Target sequences:                       1433  (392412 residues searched)
Passed MSV filter:                        76  (0.0530356); expected 28.7 (0.02)
Passed bias filter:                       50  (0.0348918); expected 28.7 (0.02)
Passed Vit filter:                         7  (0.00488486); expected 1.4 (0.001)
Passed Fwd filter:                         1  (0.000697837); expected 0.0 (1e-05)
Initial search space (Z):               1433  [actual number of targets]
Domain search space  (domZ):               1  [number of targets reported over threshold]
# CPU time: 0.01u 0.00s 00:00:00.01 Elapsed: 00:00:00.01
# Mc/sec: 9192.79
//
Query:       nifD-03292025  [M=482]
Scores for complete sequences (score includes all domains):
   --- full sequence ---   --- best 1 domain ---    -#dom-
    E-value  score  bias    E-value  score  bias    exp  N  Sequence Description
    ------- ------ -----    ------- ------ -----   ---- --  -------- -----------

   [No hits detected that satisfy reporting thresholds]


Domain annotation for each sequence (and alignments):

   [No targets detected that satisfy reporting thresholds]


Internal pipeline statistics summary:
-------------------------------------
Query model(s):                            1  (482 nodes)
Target sequences:                       1433  (392412 residues searched)
Passed MSV filter:                        88  (0.0614096); expected 28.7 (0.02)
Passed bias filter:                       54  (0.0376832); expected 28.7 (0.02)
Passed Vit filter:                         3  (0.00209351); expected 1.4 (0.001)
Passed Fwd filter:                         0  (0); expected 0.0 (1e-05)
Initial search space (Z):               1433  [actual number of targets]
Domain search space  (domZ):               0  [number of targets reported over threshold]
# CPU time: 0.01u 0.00s 00:00:00.01 Elapsed: 00:00:00.01
# Mc/sec: 16161.98
//
Query:       nifK-03292025  [M=490]
Scores for complete sequences (score includes all domains):
   --- full sequence ---   --- best 1 domain ---    -#dom-
    E-value  score  bias    E-value  score  bias    exp  N  Sequence Description
    ------- ------ -----    ------- ------ -----   ---- --  -------- -----------

   [No hits detected that satisfy reporting thresholds]


Domain annotation for each sequence (and alignments):

   [No targets detected that satisfy reporting thresholds]


Internal pipeline statistics summary:
-------------------------------------
Query model(s):                            1  (490 nodes)
Target sequences:                       1433  (392412 residues searched)
Passed MSV filter:                        45  (0.0314027); expected 28.7 (0.02)
Passed bias filter:                       31  (0.0216329); expected 28.7 (0.02)
Passed Vit filter:                         2  (0.00139567); expected 1.4 (0.001)
Passed Fwd filter:                         0  (0); expected 0.0 (1e-05)
Initial search space (Z):               1433  [actual number of targets]
Domain search space  (domZ):               0  [number of targets reported over threshold]
# CPU time: 0.01u 0.00s 00:00:00.01 Elapsed: 00:00:00.01
# Mc/sec: 15928.05
//
Query:       nifB-03292025  [M=505]
Scores for complete sequences (score includes all domains):
   --- full sequence ---   --- best 1 domain ---    -#dom-
    E-value  score  bias    E-value  score  bias    exp  N  Sequence Description
    ------- ------ -----    ------- ------ -----   ---- --  -------- -----------

   [No hits detected that satisfy reporting thresholds]


Domain annotation for each sequence (and alignments):

   [No targets detected that satisfy reporting thresholds]


Internal pipeline statistics summary:
-------------------------------------
Query model(s):                            1  (505 nodes)
Target sequences:                       1433  (392412 residues searched)
Passed MSV filter:                        55  (0.038381); expected 28.7 (0.02)
Passed bias filter:                       41  (0.0286113); expected 28.7 (0.02)
Passed Vit filter:                         6  (0.00418702); expected 1.4 (0.001)
Passed Fwd filter:                         0  (0); expected 0.0 (1e-05)
Initial search space (Z):               1433  [actual number of targets]
Domain search space  (domZ):               0  [number of targets reported over threshold]
# CPU time: 0.02u 0.00s 00:00:00.02 Elapsed: 00:00:00.01
# Mc/sec: 14520.12
//
Query:       nifE-03292025  [M=556]
Scores for complete sequences (score includes all domains):
   --- full sequence ---   --- best 1 domain ---    -#dom-
    E-value  score  bias    E-value  score  bias    exp  N  Sequence Description
    ------- ------ -----    ------- ------ -----   ---- --  -------- -----------

   [No hits detected that satisfy reporting thresholds]


Domain annotation for each sequence (and alignments):

   [No targets detected that satisfy reporting thresholds]


Internal pipeline statistics summary:
-------------------------------------
Query model(s):                            1  (556 nodes)
Target sequences:                       1433  (392412 residues searched)
Passed MSV filter:                        58  (0.0404745); expected 28.7 (0.02)
Passed bias filter:                       36  (0.0251221); expected 28.7 (0.02)
Passed Vit filter:                         2  (0.00139567); expected 1.4 (0.001)
Passed Fwd filter:                         0  (0); expected 0.0 (1e-05)
Initial search space (Z):               1433  [actual number of targets]
Domain search space  (domZ):               0  [number of targets reported over threshold]
# CPU time: 0.01u 0.01s 00:00:00.02 Elapsed: 00:00:00.01
# Mc/sec: 18230.12
//
Query:       nifN-03292025  [M=700]
Scores for complete sequences (score includes all domains):
   --- full sequence ---   --- best 1 domain ---    -#dom-
    E-value  score  bias    E-value  score  bias    exp  N  Sequence Description
    ------- ------ -----    ------- ------ -----   ---- --  -------- -----------

   [No hits detected that satisfy reporting thresholds]


Domain annotation for each sequence (and alignments):

   [No targets detected that satisfy reporting thresholds]


Internal pipeline statistics summary:
-------------------------------------
Query model(s):                            1  (700 nodes)
Target sequences:                       1433  (392412 residues searched)
Passed MSV filter:                        64  (0.0446615); expected 28.7 (0.02)
Passed bias filter:                       46  (0.0321005); expected 28.7 (0.02)
Passed Vit filter:                         5  (0.00348918); expected 1.4 (0.001)
Passed Fwd filter:                         0  (0); expected 0.0 (1e-05)
Initial search space (Z):               1433  [actual number of targets]
Domain search space  (domZ):               0  [number of targets reported over threshold]
# CPU time: 0.02u 0.00s 00:00:00.02 Elapsed: 00:00:00.01
# Mc/sec: 15204.67
//
Query:       pchlide-04012025  [M=508]
Scores for complete sequences (score includes all domains):
   --- full sequence ---   --- best 1 domain ---    -#dom-
    E-value  score  bias    E-value  score  bias    exp  N  Sequence Description
    ------- ------ -----    ------- ------ -----   ---- --  -------- -----------

   [No hits detected that satisfy reporting thresholds]


Domain annotation for each sequence (and alignments):

   [No targets detected that satisfy reporting thresholds]


Internal pipeline statistics summary:
-------------------------------------
Query model(s):                            1  (508 nodes)
Target sequences:                       1433  (392412 residues searched)
Passed MSV filter:                        48  (0.0334962); expected 28.7 (0.02)
Passed bias filter:                       36  (0.0251221); expected 28.7 (0.02)
Passed Vit filter:                         4  (0.00279135); expected 1.4 (0.001)
Passed Fwd filter:                         0  (0); expected 0.0 (1e-05)
Initial search space (Z):               1433  [actual number of targets]
Domain search space  (domZ):               0  [number of targets reported over threshold]
# CPU time: 0.02u 0.00s 00:00:00.02 Elapsed: 00:00:00.00
# Mc/sec: 20061.04
//
[ok]
# hmmsearch :: search profile(s) against a sequence database
# HMMER 3.4 (Aug 2023); http://hmmer.org/
# Copyright (C) 2023 Howard Hughes Medical Institute.
# Freely distributed under the BSD open source license.
# - - - - - - - - - - - - - - - - - - - - - - - - - - - - - - - - - - - -
# query HMM file:                  ../HMMs/nifV_07242025.hmm
# target sequence database:        ../all_rep_proteins_aa/bacteria/GB_GCA_018896765.1_protein.faa
# - - - - - - - - - - - - - - - - - - - - - - - - - - - - - - - - - - - -

Query:       nifV-07242025  [M=437]
Scores for complete sequences (score includes all domains):
   --- full sequence ---   --- best 1 domain ---    -#dom-
    E-value  score  bias    E-value  score  bias    exp  N  Sequence Description
    ------- ------ -----    ------- ------ -----   ---- --  -------- -----------

   [No hits detected that satisfy reporting thresholds]


Domain annotation for each sequence (and alignments):

   [No targets detected that satisfy reporting thresholds]


Internal pipeline statistics summary:
-------------------------------------
Query model(s):                            1  (437 nodes)
Target sequences:                       1433  (392412 residues searched)
Passed MSV filter:                        31  (0.0216329); expected 28.7 (0.02)
Passed bias filter:                       24  (0.0167481); expected 28.7 (0.02)
Passed Vit filter:                         3  (0.00209351); expected 1.4 (0.001)
Passed Fwd filter:                         0  (0); expected 0.0 (1e-05)
Initial search space (Z):               1433  [actual number of targets]
Domain search space  (domZ):               0  [number of targets reported over threshold]
# CPU time: 0.01u 0.00s 00:00:00.01 Elapsed: 00:00:00.00
# Mc/sec: 21167.08
//
[ok]
