# hmmsearch :: search profile(s) against a sequence database
# HMMER 3.4 (Aug 2023); http://hmmer.org/
# Copyright (C) 2023 Howard Hughes Medical Institute.
# Freely distributed under the BSD open source license.
# - - - - - - - - - - - - - - - - - - - - - - - - - - - - - - - - - - - -
# query HMM file:                  ../HMMs/combined_nif_04012025.hmm
# target sequence database:        ../all_rep_proteins_aa/bacteria/GB_GCA_938036615.1_protein.faa
# - - - - - - - - - - - - - - - - - - - - - - - - - - - - - - - - - - - -

Query:       nifH-03292025  [M=327]
Scores for complete sequences (score includes all domains):
   --- full sequence ---   --- best 1 domain ---    -#dom-
    E-value  score  bias    E-value  score  bias    exp  N  Sequence             Description
    ------- ------ -----    ------- ------ -----   ---- --  --------             -----------
    1.2e-07   26.7   0.0    1.4e-05   19.9   0.0    2.1  2  CALHQM010000024.1_62  # 61521 # 62318 # -1 # ID=24_62;partial


Domain annotation for each sequence (and alignments):
>> CALHQM010000024.1_62  # 61521 # 62318 # -1 # ID=24_62;partial=00;start_type=GTG;rbs_motif=GGAG/GAGG;rbs_spacer=5-10bp
   #    score  bias  c-Evalue  i-Evalue hmmfrom  hmm to    alifrom  ali to    envfrom  env to     acc
 ---   ------ ----- --------- --------- ------- -------    ------- -------    ------- -------    ----
   1 !   19.9   0.0   1.8e-08   1.4e-05      12      53 ..       4      47 ..       1      88 [. 0.83
   2 !    5.0   0.0   0.00062      0.48     149     254 ..     149     259 ..     146     262 .. 0.73

  Alignments for each domain:
  == domain 1  score: 19.9 bits;  conditional E-value: 1.8e-08
         nifH-03292025 12 iAiY.GKGGiGKSttasnlsaala.eegkkvlivGCdPKaDstr 53
                          iAi   KGG+GK tta nl++ la +++ +vl v  dP   +++
  CALHQM010000024.1_62  4 IAITnQKGGVGKTTTAVNLAYYLAkNHEARVLLVDFDPQGNASS 47
                          6654159*****************66799*********877655 PP

  == domain 2  score: 5.0 bits;  conditional E-value: 0.00062
         nifH-03292025 149 adevyivtsgemmalYaanniakgikkyaeeggvrlg..GlicNsr..kvdkeeelveefaeklgtqiia.fvprsnevqkaelekktv 232
                           ad+v + t  e+ a+     ++++++ ++++ + +lg  G+++ ++  +++ +++   e+a+ +  +ii+  +pr+  + +a  ++  v
  CALHQM010000024.1_62 149 ADSVLLPTQPEFFAIEGLTQLLETMALVRKSINPTLGllGVLVTMMdkRTALNQQAYLEVAKYFPGKIIEpAIPRNVRLAEAPSHGLPV 237
                           566666667777777777777777666666655444322544443301344567778889999999999757***************** PP

         nifH-03292025 233 ieaapdseqakeyreLakkile 254
                             ++  s+ a++y+++ak++++
  CALHQM010000024.1_62 238 GAYDRFSKGARAYKAVAKEVAK 259
                           ******************9976 PP



Internal pipeline statistics summary:
-------------------------------------
Query model(s):                            1  (327 nodes)
Target sequences:                        773  (257423 residues searched)
Passed MSV filter:                        59  (0.076326); expected 15.5 (0.02)
Passed bias filter:                       47  (0.0608021); expected 15.5 (0.02)
Passed Vit filter:                         9  (0.0116429); expected 0.8 (0.001)
Passed Fwd filter:                         1  (0.00129366); expected 0.0 (1e-05)
Initial search space (Z):                773  [actual number of targets]
Domain search space  (domZ):               1  [number of targets reported over threshold]
# CPU time: 0.01u 0.00s 00:00:00.01 Elapsed: 00:00:00.01
# Mc/sec: 6022.00
//
Query:       nifD-03292025  [M=482]
Scores for complete sequences (score includes all domains):
   --- full sequence ---   --- best 1 domain ---    -#dom-
    E-value  score  bias    E-value  score  bias    exp  N  Sequence Description
    ------- ------ -----    ------- ------ -----   ---- --  -------- -----------

   [No hits detected that satisfy reporting thresholds]


Domain annotation for each sequence (and alignments):

   [No targets detected that satisfy reporting thresholds]


Internal pipeline statistics summary:
-------------------------------------
Query model(s):                            1  (482 nodes)
Target sequences:                        773  (257423 residues searched)
Passed MSV filter:                        39  (0.0504528); expected 15.5 (0.02)
Passed bias filter:                       26  (0.0336352); expected 15.5 (0.02)
Passed Vit filter:                         2  (0.00258732); expected 0.8 (0.001)
Passed Fwd filter:                         0  (0); expected 0.0 (1e-05)
Initial search space (Z):                773  [actual number of targets]
Domain search space  (domZ):               0  [number of targets reported over threshold]
# CPU time: 0.01u 0.00s 00:00:00.01 Elapsed: 00:00:00.01
# Mc/sec: 12203.29
//
Query:       nifK-03292025  [M=490]
Scores for complete sequences (score includes all domains):
   --- full sequence ---   --- best 1 domain ---    -#dom-
    E-value  score  bias    E-value  score  bias    exp  N  Sequence Description
    ------- ------ -----    ------- ------ -----   ---- --  -------- -----------

   [No hits detected that satisfy reporting thresholds]


Domain annotation for each sequence (and alignments):

   [No targets detected that satisfy reporting thresholds]


Internal pipeline statistics summary:
-------------------------------------
Query model(s):                            1  (490 nodes)
Target sequences:                        773  (257423 residues searched)
Passed MSV filter:                        21  (0.0271669); expected 15.5 (0.02)
Passed bias filter:                       15  (0.0194049); expected 15.5 (0.02)
Passed Vit filter:                         1  (0.00129366); expected 0.8 (0.001)
Passed Fwd filter:                         0  (0); expected 0.0 (1e-05)
Initial search space (Z):                773  [actual number of targets]
Domain search space  (domZ):               0  [number of targets reported over threshold]
# CPU time: 0.01u 0.00s 00:00:00.01 Elapsed: 00:00:00.00
# Mc/sec: 14661.16
//
Query:       nifB-03292025  [M=505]
Scores for complete sequences (score includes all domains):
   --- full sequence ---   --- best 1 domain ---    -#dom-
    E-value  score  bias    E-value  score  bias    exp  N  Sequence Description
    ------- ------ -----    ------- ------ -----   ---- --  -------- -----------

   [No hits detected that satisfy reporting thresholds]


Domain annotation for each sequence (and alignments):

   [No targets detected that satisfy reporting thresholds]


Internal pipeline statistics summary:
-------------------------------------
Query model(s):                            1  (505 nodes)
Target sequences:                        773  (257423 residues searched)
Passed MSV filter:                        22  (0.0284605); expected 15.5 (0.02)
Passed bias filter:                        9  (0.0116429); expected 15.5 (0.02)
Passed Vit filter:                         1  (0.00129366); expected 0.8 (0.001)
Passed Fwd filter:                         0  (0); expected 0.0 (1e-05)
Initial search space (Z):                773  [actual number of targets]
Domain search space  (domZ):               0  [number of targets reported over threshold]
# CPU time: 0.01u 0.00s 00:00:00.01 Elapsed: 00:00:00.00
# Mc/sec: 15093.62
//
Query:       nifE-03292025  [M=556]
Scores for complete sequences (score includes all domains):
   --- full sequence ---   --- best 1 domain ---    -#dom-
    E-value  score  bias    E-value  score  bias    exp  N  Sequence Description
    ------- ------ -----    ------- ------ -----   ---- --  -------- -----------

   [No hits detected that satisfy reporting thresholds]


Domain annotation for each sequence (and alignments):

   [No targets detected that satisfy reporting thresholds]


Internal pipeline statistics summary:
-------------------------------------
Query model(s):                            1  (556 nodes)
Target sequences:                        773  (257423 residues searched)
Passed MSV filter:                        31  (0.0401035); expected 15.5 (0.02)
Passed bias filter:                       22  (0.0284605); expected 15.5 (0.02)
Passed Vit filter:                         0  (0); expected 0.8 (0.001)
Passed Fwd filter:                         0  (0); expected 0.0 (1e-05)
Initial search space (Z):                773  [actual number of targets]
Domain search space  (domZ):               0  [number of targets reported over threshold]
# CPU time: 0.01u 0.00s 00:00:00.01 Elapsed: 00:00:00.01
# Mc/sec: 14194.89
//
Query:       nifN-03292025  [M=700]
Scores for complete sequences (score includes all domains):
   --- full sequence ---   --- best 1 domain ---    -#dom-
    E-value  score  bias    E-value  score  bias    exp  N  Sequence Description
    ------- ------ -----    ------- ------ -----   ---- --  -------- -----------

   [No hits detected that satisfy reporting thresholds]


Domain annotation for each sequence (and alignments):

   [No targets detected that satisfy reporting thresholds]


Internal pipeline statistics summary:
-------------------------------------
Query model(s):                            1  (700 nodes)
Target sequences:                        773  (257423 residues searched)
Passed MSV filter:                        32  (0.0413972); expected 15.5 (0.02)
Passed bias filter:                       21  (0.0271669); expected 15.5 (0.02)
Passed Vit filter:                         1  (0.00129366); expected 0.8 (0.001)
Passed Fwd filter:                         0  (0); expected 0.0 (1e-05)
Initial search space (Z):                773  [actual number of targets]
Domain search space  (domZ):               0  [number of targets reported over threshold]
# CPU time: 0.02u 0.00s 00:00:00.02 Elapsed: 00:00:00.01
# Mc/sec: 14692.55
//
Query:       pchlide-04012025  [M=508]
Scores for complete sequences (score includes all domains):
   --- full sequence ---   --- best 1 domain ---    -#dom-
    E-value  score  bias    E-value  score  bias    exp  N  Sequence Description
    ------- ------ -----    ------- ------ -----   ---- --  -------- -----------

   [No hits detected that satisfy reporting thresholds]


Domain annotation for each sequence (and alignments):

   [No targets detected that satisfy reporting thresholds]


Internal pipeline statistics summary:
-------------------------------------
Query model(s):                            1  (508 nodes)
Target sequences:                        773  (257423 residues searched)
Passed MSV filter:                        20  (0.0258732); expected 15.5 (0.02)
Passed bias filter:                       17  (0.0219922); expected 15.5 (0.02)
Passed Vit filter:                         1  (0.00129366); expected 0.8 (0.001)
Passed Fwd filter:                         0  (0); expected 0.0 (1e-05)
Initial search space (Z):                773  [actual number of targets]
Domain search space  (domZ):               0  [number of targets reported over threshold]
# CPU time: 0.01u 0.00s 00:00:00.01 Elapsed: 00:00:00.00
# Mc/sec: 14321.93
//
[ok]
# hmmsearch :: search profile(s) against a sequence database
# HMMER 3.4 (Aug 2023); http://hmmer.org/
# Copyright (C) 2023 Howard Hughes Medical Institute.
# Freely distributed under the BSD open source license.
# - - - - - - - - - - - - - - - - - - - - - - - - - - - - - - - - - - - -
# query HMM file:                  ../HMMs/nifV_07242025.hmm
# target sequence database:        ../all_rep_proteins_aa/bacteria/GB_GCA_938036615.1_protein.faa
# - - - - - - - - - - - - - - - - - - - - - - - - - - - - - - - - - - - -

Query:       nifV-07242025  [M=437]
Scores for complete sequences (score includes all domains):
   --- full sequence ---   --- best 1 domain ---    -#dom-
    E-value  score  bias    E-value  score  bias    exp  N  Sequence Description
    ------- ------ -----    ------- ------ -----   ---- --  -------- -----------

   [No hits detected that satisfy reporting thresholds]


Domain annotation for each sequence (and alignments):

   [No targets detected that satisfy reporting thresholds]


Internal pipeline statistics summary:
-------------------------------------
Query model(s):                            1  (437 nodes)
Target sequences:                        773  (257423 residues searched)
Passed MSV filter:                        27  (0.0349288); expected 15.5 (0.02)
Passed bias filter:                       19  (0.0245796); expected 15.5 (0.02)
Passed Vit filter:                         3  (0.00388098); expected 0.8 (0.001)
Passed Fwd filter:                         0  (0); expected 0.0 (1e-05)
Initial search space (Z):                773  [actual number of targets]
Domain search space  (domZ):               0  [number of targets reported over threshold]
# CPU time: 0.01u 0.00s 00:00:00.01 Elapsed: 00:00:00.00
# Mc/sec: 13575.63
//
[ok]
