# hmmsearch :: search profile(s) against a sequence database
# HMMER 3.4 (Aug 2023); http://hmmer.org/
# Copyright (C) 2023 Howard Hughes Medical Institute.
# Freely distributed under the BSD open source license.
# - - - - - - - - - - - - - - - - - - - - - - - - - - - - - - - - - - - -
# query HMM file:                  ../HMMs/combined_nif_04012025.hmm
# target sequence database:        ../all_rep_proteins_aa/bacteria/GB_GCA_949480205.1_protein.faa
# - - - - - - - - - - - - - - - - - - - - - - - - - - - - - - - - - - - -

Query:       nifH-03292025  [M=327]
Scores for complete sequences (score includes all domains):
   --- full sequence ---   --- best 1 domain ---    -#dom-
    E-value  score  bias    E-value  score  bias    exp  N  Sequence             Description
    ------- ------ -----    ------- ------ -----   ---- --  --------             -----------
    1.3e-09   33.2   0.2    7.7e-06   20.9   0.1    2.2  2  CASXXK010000002.1_31  # 36282 # 37049 # -1 # ID=2_31;partial=


Domain annotation for each sequence (and alignments):
>> CASXXK010000002.1_31  # 36282 # 37049 # -1 # ID=2_31;partial=00;start_type=ATG;rbs_motif=None;rbs_spacer=None;gc_cont
   #    score  bias  c-Evalue  i-Evalue hmmfrom  hmm to    alifrom  ali to    envfrom  env to     acc
 ---   ------ ----- --------- --------- ------- -------    ------- -------    ------- -------    ----
   1 !   20.9   0.1   9.3e-09   7.7e-06      17      53 ..      11      47 ..       3      80 .. 0.86
   2 !   10.6   0.0   1.3e-05      0.01     160     255 ..     152     252 ..     139     255 .. 0.76

  Alignments for each domain:
  == domain 1  score: 20.9 bits;  conditional E-value: 9.3e-09
         nifH-03292025 17 KGGiGKSttasnlsaalaeegkkvlivGCdPKaDstr 53
                          KGG+GK tt+ nl++ la++  +vl v  dP   +++
  CASXXK010000002.1_31 11 KGGVGKTTTSVNLAYFLAKDKFRVLLVDVDPQGNASS 47
                          9******************************977655 PP

  == domain 2  score: 10.6 bits;  conditional E-value: 1.3e-05
         nifH-03292025 160 mmalYaanniakgikkyaee..ggvrlgGlicNs..rkvdkeeelveefaeklgtqii.afvprsnevqkaelekktvieaapdseqak 243
                           + al  +  ++++++ ++++   + +l G+++ +  ++++   e++ e+ + ++ +++ + +pr+  v +a  ++  v  +++ s+ ak
  CASXXK010000002.1_31 152 FYALEGVAQLLESMAMVKKAmnPDLKLLGVLATMydKRTSLSAEVLAEVKKYFKEKVFrTSIPRNVRVAEAPSHGVPVGAYDKFSKGAK 240
                           5555555556655555544422667888888766114455678999999999999998357**************************** PP

         nifH-03292025 244 eyreLakkilen 255
                           +y+++a++++e 
  CASXXK010000002.1_31 241 AYKDFAREVEER 252
                           ********9886 PP



Internal pipeline statistics summary:
-------------------------------------
Query model(s):                            1  (327 nodes)
Target sequences:                        827  (253120 residues searched)
Passed MSV filter:                        56  (0.0677146); expected 16.5 (0.02)
Passed bias filter:                       37  (0.04474); expected 16.5 (0.02)
Passed Vit filter:                         7  (0.00846433); expected 0.8 (0.001)
Passed Fwd filter:                         1  (0.00120919); expected 0.0 (1e-05)
Initial search space (Z):                827  [actual number of targets]
Domain search space  (domZ):               1  [number of targets reported over threshold]
# CPU time: 0.01u 0.00s 00:00:00.01 Elapsed: 00:00:00.01
# Mc/sec: 7583.34
//
Query:       nifD-03292025  [M=482]
Scores for complete sequences (score includes all domains):
   --- full sequence ---   --- best 1 domain ---    -#dom-
    E-value  score  bias    E-value  score  bias    exp  N  Sequence Description
    ------- ------ -----    ------- ------ -----   ---- --  -------- -----------

   [No hits detected that satisfy reporting thresholds]


Domain annotation for each sequence (and alignments):

   [No targets detected that satisfy reporting thresholds]


Internal pipeline statistics summary:
-------------------------------------
Query model(s):                            1  (482 nodes)
Target sequences:                        827  (253120 residues searched)
Passed MSV filter:                        37  (0.04474); expected 16.5 (0.02)
Passed bias filter:                       23  (0.0278114); expected 16.5 (0.02)
Passed Vit filter:                         3  (0.00362757); expected 0.8 (0.001)
Passed Fwd filter:                         0  (0); expected 0.0 (1e-05)
Initial search space (Z):                827  [actual number of targets]
Domain search space  (domZ):               0  [number of targets reported over threshold]
# CPU time: 0.01u 0.00s 00:00:00.01 Elapsed: 00:00:00.00
# Mc/sec: 13864.76
//
Query:       nifK-03292025  [M=490]
Scores for complete sequences (score includes all domains):
   --- full sequence ---   --- best 1 domain ---    -#dom-
    E-value  score  bias    E-value  score  bias    exp  N  Sequence Description
    ------- ------ -----    ------- ------ -----   ---- --  -------- -----------

   [No hits detected that satisfy reporting thresholds]


Domain annotation for each sequence (and alignments):

   [No targets detected that satisfy reporting thresholds]


Internal pipeline statistics summary:
-------------------------------------
Query model(s):                            1  (490 nodes)
Target sequences:                        827  (253120 residues searched)
Passed MSV filter:                        18  (0.0217654); expected 16.5 (0.02)
Passed bias filter:                       10  (0.0120919); expected 16.5 (0.02)
Passed Vit filter:                         2  (0.00241838); expected 0.8 (0.001)
Passed Fwd filter:                         0  (0); expected 0.0 (1e-05)
Initial search space (Z):                827  [actual number of targets]
Domain search space  (domZ):               0  [number of targets reported over threshold]
# CPU time: 0.00u 0.00s 00:00:00.00 Elapsed: 00:00:00.00
# Mc/sec: 16330.35
//
Query:       nifB-03292025  [M=505]
Scores for complete sequences (score includes all domains):
   --- full sequence ---   --- best 1 domain ---    -#dom-
    E-value  score  bias    E-value  score  bias    exp  N  Sequence Description
    ------- ------ -----    ------- ------ -----   ---- --  -------- -----------

   [No hits detected that satisfy reporting thresholds]


Domain annotation for each sequence (and alignments):

   [No targets detected that satisfy reporting thresholds]


Internal pipeline statistics summary:
-------------------------------------
Query model(s):                            1  (505 nodes)
Target sequences:                        827  (253120 residues searched)
Passed MSV filter:                        34  (0.0411125); expected 16.5 (0.02)
Passed bias filter:                       27  (0.0326481); expected 16.5 (0.02)
Passed Vit filter:                         2  (0.00241838); expected 0.8 (0.001)
Passed Fwd filter:                         0  (0); expected 0.0 (1e-05)
Initial search space (Z):                827  [actual number of targets]
Domain search space  (domZ):               0  [number of targets reported over threshold]
# CPU time: 0.00u 0.00s 00:00:00.00 Elapsed: 00:00:00.00
# Mc/sec: 14093.29
//
Query:       nifE-03292025  [M=556]
Scores for complete sequences (score includes all domains):
   --- full sequence ---   --- best 1 domain ---    -#dom-
    E-value  score  bias    E-value  score  bias    exp  N  Sequence Description
    ------- ------ -----    ------- ------ -----   ---- --  -------- -----------

   [No hits detected that satisfy reporting thresholds]


Domain annotation for each sequence (and alignments):

   [No targets detected that satisfy reporting thresholds]


Internal pipeline statistics summary:
-------------------------------------
Query model(s):                            1  (556 nodes)
Target sequences:                        827  (253120 residues searched)
Passed MSV filter:                        46  (0.0556227); expected 16.5 (0.02)
Passed bias filter:                       31  (0.0374849); expected 16.5 (0.02)
Passed Vit filter:                         3  (0.00362757); expected 0.8 (0.001)
Passed Fwd filter:                         0  (0); expected 0.0 (1e-05)
Initial search space (Z):                827  [actual number of targets]
Domain search space  (domZ):               0  [number of targets reported over threshold]
# CPU time: 0.01u 0.00s 00:00:00.01 Elapsed: 00:00:00.01
# Mc/sec: 13959.74
//
Query:       nifN-03292025  [M=700]
Scores for complete sequences (score includes all domains):
   --- full sequence ---   --- best 1 domain ---    -#dom-
    E-value  score  bias    E-value  score  bias    exp  N  Sequence Description
    ------- ------ -----    ------- ------ -----   ---- --  -------- -----------

   [No hits detected that satisfy reporting thresholds]


Domain annotation for each sequence (and alignments):

   [No targets detected that satisfy reporting thresholds]


Internal pipeline statistics summary:
-------------------------------------
Query model(s):                            1  (700 nodes)
Target sequences:                        827  (253120 residues searched)
Passed MSV filter:                        27  (0.0326481); expected 16.5 (0.02)
Passed bias filter:                       18  (0.0217654); expected 16.5 (0.02)
Passed Vit filter:                         3  (0.00362757); expected 0.8 (0.001)
Passed Fwd filter:                         0  (0); expected 0.0 (1e-05)
Initial search space (Z):                827  [actual number of targets]
Domain search space  (domZ):               0  [number of targets reported over threshold]
# CPU time: 0.01u 0.00s 00:00:00.01 Elapsed: 00:00:00.01
# Mc/sec: 15860.32
//
Query:       pchlide-04012025  [M=508]
Scores for complete sequences (score includes all domains):
   --- full sequence ---   --- best 1 domain ---    -#dom-
    E-value  score  bias    E-value  score  bias    exp  N  Sequence Description
    ------- ------ -----    ------- ------ -----   ---- --  -------- -----------

   [No hits detected that satisfy reporting thresholds]


Domain annotation for each sequence (and alignments):

   [No targets detected that satisfy reporting thresholds]


Internal pipeline statistics summary:
-------------------------------------
Query model(s):                            1  (508 nodes)
Target sequences:                        827  (253120 residues searched)
Passed MSV filter:                        35  (0.0423216); expected 16.5 (0.02)
Passed bias filter:                       28  (0.0338573); expected 16.5 (0.02)
Passed Vit filter:                         3  (0.00362757); expected 0.8 (0.001)
Passed Fwd filter:                         0  (0); expected 0.0 (1e-05)
Initial search space (Z):                827  [actual number of targets]
Domain search space  (domZ):               0  [number of targets reported over threshold]
# CPU time: 0.01u 0.00s 00:00:00.01 Elapsed: 00:00:00.00
# Mc/sec: 14589.63
//
[ok]
# hmmsearch :: search profile(s) against a sequence database
# HMMER 3.4 (Aug 2023); http://hmmer.org/
# Copyright (C) 2023 Howard Hughes Medical Institute.
# Freely distributed under the BSD open source license.
# - - - - - - - - - - - - - - - - - - - - - - - - - - - - - - - - - - - -
# query HMM file:                  ../HMMs/nifV_07242025.hmm
# target sequence database:        ../all_rep_proteins_aa/bacteria/GB_GCA_949480205.1_protein.faa
# - - - - - - - - - - - - - - - - - - - - - - - - - - - - - - - - - - - -

Query:       nifV-07242025  [M=437]
Scores for complete sequences (score includes all domains):
   --- full sequence ---   --- best 1 domain ---    -#dom-
    E-value  score  bias    E-value  score  bias    exp  N  Sequence Description
    ------- ------ -----    ------- ------ -----   ---- --  -------- -----------

   [No hits detected that satisfy reporting thresholds]


Domain annotation for each sequence (and alignments):

   [No targets detected that satisfy reporting thresholds]


Internal pipeline statistics summary:
-------------------------------------
Query model(s):                            1  (437 nodes)
Target sequences:                        827  (253120 residues searched)
Passed MSV filter:                        20  (0.0241838); expected 16.5 (0.02)
Passed bias filter:                       11  (0.0133011); expected 16.5 (0.02)
Passed Vit filter:                         1  (0.00120919); expected 0.8 (0.001)
Passed Fwd filter:                         0  (0); expected 0.0 (1e-05)
Initial search space (Z):                827  [actual number of targets]
Domain search space  (domZ):               0  [number of targets reported over threshold]
# CPU time: 0.01u 0.00s 00:00:00.01 Elapsed: 00:00:00.00
# Mc/sec: 17610.50
//
[ok]
