# hmmsearch :: search profile(s) against a sequence database
# HMMER 3.4 (Aug 2023); http://hmmer.org/
# Copyright (C) 2023 Howard Hughes Medical Institute.
# Freely distributed under the BSD open source license.
# - - - - - - - - - - - - - - - - - - - - - - - - - - - - - - - - - - - -
# query HMM file:                  ../HMMs/combined_nif_04012025.hmm
# target sequence database:        ../all_rep_proteins_aa/bacteria/GB_GCA_021813265.1_protein.faa
# - - - - - - - - - - - - - - - - - - - - - - - - - - - - - - - - - - - -

Query:       nifH-03292025  [M=327]
Scores for complete sequences (score includes all domains):
   --- full sequence ---   --- best 1 domain ---    -#dom-
    E-value  score  bias    E-value  score  bias    exp  N  Sequence            Description
    ------- ------ -----    ------- ------ -----   ---- --  --------            -----------
    1.7e-15   52.4   0.2    2.9e-07   25.3   0.0    2.1  2  JAKALF010000026.1_2  # 286 # 1242 # 1 # ID=7_2;partial=00;sta


Domain annotation for each sequence (and alignments):
>> JAKALF010000026.1_2  # 286 # 1242 # 1 # ID=7_2;partial=00;start_type=ATG;rbs_motif=ATGAT;rbs_spacer=5bp;gc_cont=0.447
   #    score  bias  c-Evalue  i-Evalue hmmfrom  hmm to    alifrom  ali to    envfrom  env to     acc
 ---   ------ ----- --------- --------- ------- -------    ------- -------    ------- -------    ----
   1 !   25.3   0.0     4e-10   2.9e-07      11      68 ..       4      63 ..       1      79 [. 0.78
   2 !   25.3   0.1   4.2e-10   3.1e-07     149     276 ..     140     279 ..     138     300 .. 0.79

  Alignments for each domain:
  == domain 1  score: 25.3 bits;  conditional E-value: 4e-10
        nifH-03292025 11 kiAiYG.KGGiGKSttasnlsaalaeegkkvlivGCdPKaDstrll.lggkaqktvldll 68
                          iAi+  KGG+GK tta nlsa l   g+k l v  dP   +t  + +++ + +t+ + l
  JAKALF010000026.1_2  4 VIAIFNhKGGVGKTTTAVNLSAYLGMLGYKTLLVDFDPQYNATMGVgVRHASHETIYHAL 63
                         5787744*********************************99987623445566666655 PP

  == domain 2  score: 25.3 bits;  conditional E-value: 4.2e-10
        nifH-03292025 149 adevyivtsgemmalYaanniakgikkyaee..ggvrlgGlicNsr..kvdkeeelveefaeklgtqiia.fvprsnevqkaelekktvi 233
                          a+ev+i + +e+ +l  +n ++k+++ ++++  +++++gG +  +   + +  +e+ +e+ +++  +i + ++p+s  + +a   +k ++
  JAKALF010000026.1_2 140 ASEVIIPIQCEFYSLEGVNQLVKTLELIKNNigHDIKIGGALLTMYdkREKLSREVAREIRRRFPYSIYEvEIPKSVALAEAPQYQKPIM 229
                          8899***********************999976789999977665400444456777777777777777537999999999999****** PP

        nifH-03292025 234 eaapdseqakeyreLakkilenk.......klvipkplseeeleellael 276
                           +ap+s+ a +y++La++i +++       +++++++l++ee ++++ e 
  JAKALF010000026.1_2 230 LYAPQSSGALAYERLAREIVTQSgahipnhNRFVEESLDKEETRNMVSEE 279
                          *******************7766444444466777788888888777664 PP



Internal pipeline statistics summary:
-------------------------------------
Query model(s):                            1  (327 nodes)
Target sequences:                        731  (188041 residues searched)
Passed MSV filter:                        33  (0.0451436); expected 14.6 (0.02)
Passed bias filter:                       29  (0.0396717); expected 14.6 (0.02)
Passed Vit filter:                         4  (0.00547196); expected 0.7 (0.001)
Passed Fwd filter:                         1  (0.00136799); expected 0.0 (1e-05)
Initial search space (Z):                731  [actual number of targets]
Domain search space  (domZ):               1  [number of targets reported over threshold]
# CPU time: 0.00u 0.00s 00:00:00.00 Elapsed: 00:00:00.01
# Mc/sec: 6015.79
//
Query:       nifD-03292025  [M=482]
Scores for complete sequences (score includes all domains):
   --- full sequence ---   --- best 1 domain ---    -#dom-
    E-value  score  bias    E-value  score  bias    exp  N  Sequence Description
    ------- ------ -----    ------- ------ -----   ---- --  -------- -----------

   [No hits detected that satisfy reporting thresholds]


Domain annotation for each sequence (and alignments):

   [No targets detected that satisfy reporting thresholds]


Internal pipeline statistics summary:
-------------------------------------
Query model(s):                            1  (482 nodes)
Target sequences:                        731  (188041 residues searched)
Passed MSV filter:                        29  (0.0396717); expected 14.6 (0.02)
Passed bias filter:                       18  (0.0246238); expected 14.6 (0.02)
Passed Vit filter:                         1  (0.00136799); expected 0.7 (0.001)
Passed Fwd filter:                         0  (0); expected 0.0 (1e-05)
Initial search space (Z):                731  [actual number of targets]
Domain search space  (domZ):               0  [number of targets reported over threshold]
# CPU time: 0.01u 0.00s 00:00:00.01 Elapsed: 00:00:00.00
# Mc/sec: 12927.52
//
Query:       nifK-03292025  [M=490]
Scores for complete sequences (score includes all domains):
   --- full sequence ---   --- best 1 domain ---    -#dom-
    E-value  score  bias    E-value  score  bias    exp  N  Sequence Description
    ------- ------ -----    ------- ------ -----   ---- --  -------- -----------

   [No hits detected that satisfy reporting thresholds]


Domain annotation for each sequence (and alignments):

   [No targets detected that satisfy reporting thresholds]


Internal pipeline statistics summary:
-------------------------------------
Query model(s):                            1  (490 nodes)
Target sequences:                        731  (188041 residues searched)
Passed MSV filter:                        24  (0.0328317); expected 14.6 (0.02)
Passed bias filter:                       19  (0.0259918); expected 14.6 (0.02)
Passed Vit filter:                         0  (0); expected 0.7 (0.001)
Passed Fwd filter:                         0  (0); expected 0.0 (1e-05)
Initial search space (Z):                731  [actual number of targets]
Domain search space  (domZ):               0  [number of targets reported over threshold]
# CPU time: 0.01u 0.00s 00:00:00.01 Elapsed: 00:00:00.00
# Mc/sec: 13394.16
//
Query:       nifB-03292025  [M=505]
Scores for complete sequences (score includes all domains):
   --- full sequence ---   --- best 1 domain ---    -#dom-
    E-value  score  bias    E-value  score  bias    exp  N  Sequence Description
    ------- ------ -----    ------- ------ -----   ---- --  -------- -----------

   [No hits detected that satisfy reporting thresholds]


Domain annotation for each sequence (and alignments):

   [No targets detected that satisfy reporting thresholds]


Internal pipeline statistics summary:
-------------------------------------
Query model(s):                            1  (505 nodes)
Target sequences:                        731  (188041 residues searched)
Passed MSV filter:                        22  (0.0300958); expected 14.6 (0.02)
Passed bias filter:                       15  (0.0205198); expected 14.6 (0.02)
Passed Vit filter:                         1  (0.00136799); expected 0.7 (0.001)
Passed Fwd filter:                         0  (0); expected 0.0 (1e-05)
Initial search space (Z):                731  [actual number of targets]
Domain search space  (domZ):               0  [number of targets reported over threshold]
# CPU time: 0.01u 0.00s 00:00:00.01 Elapsed: 00:00:00.00
# Mc/sec: 13893.50
//
Query:       nifE-03292025  [M=556]
Scores for complete sequences (score includes all domains):
   --- full sequence ---   --- best 1 domain ---    -#dom-
    E-value  score  bias    E-value  score  bias    exp  N  Sequence Description
    ------- ------ -----    ------- ------ -----   ---- --  -------- -----------

   [No hits detected that satisfy reporting thresholds]


Domain annotation for each sequence (and alignments):

   [No targets detected that satisfy reporting thresholds]


Internal pipeline statistics summary:
-------------------------------------
Query model(s):                            1  (556 nodes)
Target sequences:                        731  (188041 residues searched)
Passed MSV filter:                        30  (0.0410397); expected 14.6 (0.02)
Passed bias filter:                       18  (0.0246238); expected 14.6 (0.02)
Passed Vit filter:                         2  (0.00273598); expected 0.7 (0.001)
Passed Fwd filter:                         0  (0); expected 0.0 (1e-05)
Initial search space (Z):                731  [actual number of targets]
Domain search space  (domZ):               0  [number of targets reported over threshold]
# CPU time: 0.01u 0.00s 00:00:00.01 Elapsed: 00:00:00.00
# Mc/sec: 13342.29
//
Query:       nifN-03292025  [M=700]
Scores for complete sequences (score includes all domains):
   --- full sequence ---   --- best 1 domain ---    -#dom-
    E-value  score  bias    E-value  score  bias    exp  N  Sequence Description
    ------- ------ -----    ------- ------ -----   ---- --  -------- -----------

   [No hits detected that satisfy reporting thresholds]


Domain annotation for each sequence (and alignments):

   [No targets detected that satisfy reporting thresholds]


Internal pipeline statistics summary:
-------------------------------------
Query model(s):                            1  (700 nodes)
Target sequences:                        731  (188041 residues searched)
Passed MSV filter:                        29  (0.0396717); expected 14.6 (0.02)
Passed bias filter:                       20  (0.0273598); expected 14.6 (0.02)
Passed Vit filter:                         0  (0); expected 0.7 (0.001)
Passed Fwd filter:                         0  (0); expected 0.0 (1e-05)
Initial search space (Z):                731  [actual number of targets]
Domain search space  (domZ):               0  [number of targets reported over threshold]
# CPU time: 0.01u 0.00s 00:00:00.01 Elapsed: 00:00:00.00
# Mc/sec: 13841.46
//
Query:       pchlide-04012025  [M=508]
Scores for complete sequences (score includes all domains):
   --- full sequence ---   --- best 1 domain ---    -#dom-
    E-value  score  bias    E-value  score  bias    exp  N  Sequence Description
    ------- ------ -----    ------- ------ -----   ---- --  -------- -----------

   [No hits detected that satisfy reporting thresholds]


Domain annotation for each sequence (and alignments):

   [No targets detected that satisfy reporting thresholds]


Internal pipeline statistics summary:
-------------------------------------
Query model(s):                            1  (508 nodes)
Target sequences:                        731  (188041 residues searched)
Passed MSV filter:                        18  (0.0246238); expected 14.6 (0.02)
Passed bias filter:                       18  (0.0246238); expected 14.6 (0.02)
Passed Vit filter:                         1  (0.00136799); expected 0.7 (0.001)
Passed Fwd filter:                         0  (0); expected 0.0 (1e-05)
Initial search space (Z):                731  [actual number of targets]
Domain search space  (domZ):               0  [number of targets reported over threshold]
# CPU time: 0.01u 0.00s 00:00:00.01 Elapsed: 00:00:00.00
# Mc/sec: 10524.99
//
[ok]
# hmmsearch :: search profile(s) against a sequence database
# HMMER 3.4 (Aug 2023); http://hmmer.org/
# Copyright (C) 2023 Howard Hughes Medical Institute.
# Freely distributed under the BSD open source license.
# - - - - - - - - - - - - - - - - - - - - - - - - - - - - - - - - - - - -
# query HMM file:                  ../HMMs/nifV_07242025.hmm
# target sequence database:        ../all_rep_proteins_aa/bacteria/GB_GCA_021813265.1_protein.faa
# - - - - - - - - - - - - - - - - - - - - - - - - - - - - - - - - - - - -

Query:       nifV-07242025  [M=437]
Scores for complete sequences (score includes all domains):
   --- full sequence ---   --- best 1 domain ---    -#dom-
    E-value  score  bias    E-value  score  bias    exp  N  Sequence Description
    ------- ------ -----    ------- ------ -----   ---- --  -------- -----------

   [No hits detected that satisfy reporting thresholds]


Domain annotation for each sequence (and alignments):

   [No targets detected that satisfy reporting thresholds]


Internal pipeline statistics summary:
-------------------------------------
Query model(s):                            1  (437 nodes)
Target sequences:                        731  (188041 residues searched)
Passed MSV filter:                        14  (0.0191518); expected 14.6 (0.02)
Passed bias filter:                       12  (0.0164159); expected 14.6 (0.02)
Passed Vit filter:                         0  (0); expected 0.7 (0.001)
Passed Fwd filter:                         0  (0); expected 0.0 (1e-05)
Initial search space (Z):                731  [actual number of targets]
Domain search space  (domZ):               0  [number of targets reported over threshold]
# CPU time: 0.01u 0.00s 00:00:00.01 Elapsed: 00:00:00.00
# Mc/sec: 15689.21
//
[ok]
