# hmmsearch :: search profile(s) against a sequence database
# HMMER 3.4 (Aug 2023); http://hmmer.org/
# Copyright (C) 2023 Howard Hughes Medical Institute.
# Freely distributed under the BSD open source license.
# - - - - - - - - - - - - - - - - - - - - - - - - - - - - - - - - - - - -
# query HMM file:                  ../HMMs/combined_nif_04012025.hmm
# target sequence database:        ../all_rep_proteins_aa/bacteria/GB_GCA_027942475.1_protein.faa
# - - - - - - - - - - - - - - - - - - - - - - - - - - - - - - - - - - - -

Query:       nifH-03292025  [M=327]
Scores for complete sequences (score includes all domains):
   --- full sequence ---   --- best 1 domain ---    -#dom-
    E-value  score  bias    E-value  score  bias    exp  N  Sequence             Description
    ------- ------ -----    ------- ------ -----   ---- --  --------             -----------
    7.5e-07   24.6   0.0     0.0015   13.8   0.0    2.1  2  JAQFVP010000005.1_25  # 26146 # 26946 # -1 # ID=41_25;partial
    2.1e-06   23.1   0.0     0.0002   16.6   0.0    2.1  2  JAQFVP010000010.1_10  # 9995 # 11083 # 1 # ID=1_10;partial=00
    0.00099   14.4   0.1     0.0027   12.9   0.1    1.7  1  JAQFVP010000009.1_21  # 20946 # 22316 # -1 # ID=47_21;partial


Domain annotation for each sequence (and alignments):
>> JAQFVP010000005.1_25  # 26146 # 26946 # -1 # ID=41_25;partial=00;start_type=ATG;rbs_motif=AGGA;rbs_spacer=5-10bp;gc_c
   #    score  bias  c-Evalue  i-Evalue hmmfrom  hmm to    alifrom  ali to    envfrom  env to     acc
 ---   ------ ----- --------- --------- ------- -------    ------- -------    ------- -------    ----
   1 !    8.8   0.1   0.00013     0.048      17      55 ..      10      49 ..       2      81 .. 0.77
   2 !   13.8   0.0     4e-06    0.0015     166     257 ..     157     251 ..     139     262 .. 0.73

  Alignments for each domain:
  == domain 1  score: 8.8 bits;  conditional E-value: 0.00013
         nifH-03292025 17 KGGiGKSttasnlsaala.eegkkvlivGCdPKaDstrll 55
                          KGG  K +++ nl a la +++kkvl +  d  a  t  l
  JAQFVP010000005.1_25 10 KGGTAKTSITLNLGALLAkKHDKKVLLIDFDAQANLTAGL 49
                          9*****************7789******999988888766 PP

  == domain 2  score: 13.8 bits;  conditional E-value: 4e-06
         nifH-03292025 166 anniakgikkyaeeggvrlgGlicNsrkv..dkeeelveefaeklgtqiia.fvprsnevqkaelekktvieaapdseqakeyreLakk 251
                              +   ++ +a+++   l G++    +   ++++ +++ + +++  +++  +++r+  v++a +++k v+e+ p+s++a+ + +++++
  JAQFVP010000005.1_25 157 LQRLSYFMHYIAQRHPFDLIGVVLSFWNArgKNNSAFIDVIDQTFPNKLFDvKIRRDIAVSEATIHGKPVFEMRPNSRAAEDFDHFTRE 245
                           555555566667777777888876543331145566777777777777774389*********************************** PP

         nifH-03292025 252 ilenkk 257
                           +l++  
  JAQFVP010000005.1_25 246 VLDKAV 251
                           998764 PP

>> JAQFVP010000010.1_10  # 9995 # 11083 # 1 # ID=1_10;partial=00;start_type=ATG;rbs_motif=AGGA;rbs_spacer=5-10bp;gc_cont
   #    score  bias  c-Evalue  i-Evalue hmmfrom  hmm to    alifrom  ali to    envfrom  env to     acc
 ---   ------ ----- --------- --------- ------- -------    ------- -------    ------- -------    ----
   1 !   16.6   0.0   5.4e-07    0.0002      16      40 ..      27      51 ..      15      75 .. 0.86
   2 !    4.5   0.0    0.0027      0.98     184     282 ..     188     284 ..     141     316 .. 0.66

  Alignments for each domain:
  == domain 1  score: 16.6 bits;  conditional E-value: 5.4e-07
         nifH-03292025 16 GKGGiGKSttasnlsaalaeegkkv 40
                          GKGG+GKSt+a n++ al  ++++v
  JAQFVP010000010.1_10 27 GKGGVGKSTVAVNVALALRLANRRV 51
                          9****************99888887 PP

  == domain 2  score: 4.5 bits;  conditional E-value: 0.0027
         nifH-03292025 184 lgGlicNsrkvd.keeelveefaeklgtqiiafvprsnevqkaelekktvieaapdseqakeyreLakkilenkklvipkplseeelee 271
                           +  l+cN+ +++   e   +++a++ ++ ++ ++p + ++  ae+  +    ++ d ++ ++++++a+++++  k++     ++ee + 
  JAQFVP010000010.1_10 188 MSYLVCNKARQAiFGEGGGKRLADEWQVPLLGQIPLDPQL--AETGDEGFSLFDTDAPSRSSFEKIAQRLQSRLKKIYA-DQKQEESQG 273
                           3334555433321334445899**************9976..56666666677778889999*******9987766554.556666666 PP

         nifH-03292025 272 llaelglleee 282
                            +++++ l+++
  JAQFVP010000010.1_10 274 RVMQFRTLQKQ 284
                           66677655554 PP

>> JAQFVP010000009.1_21  # 20946 # 22316 # -1 # ID=47_21;partial=00;start_type=ATG;rbs_motif=None;rbs_spacer=None;gc_con
   #    score  bias  c-Evalue  i-Evalue hmmfrom  hmm to    alifrom  ali to    envfrom  env to     acc
 ---   ------ ----- --------- --------- ------- -------    ------- -------    ------- -------    ----
   1 !   12.9   0.1   7.4e-06    0.0027       9      46 ..     100     137 ..      92     154 .. 0.86

  Alignments for each domain:
  == domain 1  score: 12.9 bits;  conditional E-value: 7.4e-06
         nifH-03292025   9 mrkiAiYGKGGiGKSttasnlsaalaeegkkvlivGCd 46 
                           m    + G  G GK t +++l+ +l e++kk l vGCd
  JAQFVP010000009.1_21 100 MSVFMLCGLQGGGKTTQSAKLALMLKEQNKKPLLVGCD 137
                           555556687899*************************9 PP



Internal pipeline statistics summary:
-------------------------------------
Query model(s):                            1  (327 nodes)
Target sequences:                       1109  (370684 residues searched)
Passed MSV filter:                        60  (0.0541028); expected 22.2 (0.02)
Passed bias filter:                       47  (0.0423805); expected 22.2 (0.02)
Passed Vit filter:                         7  (0.00631199); expected 1.1 (0.001)
Passed Fwd filter:                         3  (0.00270514); expected 0.0 (1e-05)
Initial search space (Z):               1109  [actual number of targets]
Domain search space  (domZ):               3  [number of targets reported over threshold]
# CPU time: 0.02u 0.00s 00:00:00.02 Elapsed: 00:00:00.02
# Mc/sec: 4934.71
//
Query:       nifD-03292025  [M=482]
Scores for complete sequences (score includes all domains):
   --- full sequence ---   --- best 1 domain ---    -#dom-
    E-value  score  bias    E-value  score  bias    exp  N  Sequence Description
    ------- ------ -----    ------- ------ -----   ---- --  -------- -----------

   [No hits detected that satisfy reporting thresholds]


Domain annotation for each sequence (and alignments):

   [No targets detected that satisfy reporting thresholds]


Internal pipeline statistics summary:
-------------------------------------
Query model(s):                            1  (482 nodes)
Target sequences:                       1109  (370684 residues searched)
Passed MSV filter:                        31  (0.0279531); expected 22.2 (0.02)
Passed bias filter:                       23  (0.0207394); expected 22.2 (0.02)
Passed Vit filter:                         3  (0.00270514); expected 1.1 (0.001)
Passed Fwd filter:                         0  (0); expected 0.0 (1e-05)
Initial search space (Z):               1109  [actual number of targets]
Domain search space  (domZ):               0  [number of targets reported over threshold]
# CPU time: 0.02u 0.00s 00:00:00.02 Elapsed: 00:00:00.01
# Mc/sec: 13901.99
//
Query:       nifK-03292025  [M=490]
Scores for complete sequences (score includes all domains):
   --- full sequence ---   --- best 1 domain ---    -#dom-
    E-value  score  bias    E-value  score  bias    exp  N  Sequence Description
    ------- ------ -----    ------- ------ -----   ---- --  -------- -----------

   [No hits detected that satisfy reporting thresholds]


Domain annotation for each sequence (and alignments):

   [No targets detected that satisfy reporting thresholds]


Internal pipeline statistics summary:
-------------------------------------
Query model(s):                            1  (490 nodes)
Target sequences:                       1109  (370684 residues searched)
Passed MSV filter:                        38  (0.0342651); expected 22.2 (0.02)
Passed bias filter:                       34  (0.0306583); expected 22.2 (0.02)
Passed Vit filter:                         2  (0.00180343); expected 1.1 (0.001)
Passed Fwd filter:                         0  (0); expected 0.0 (1e-05)
Initial search space (Z):               1109  [actual number of targets]
Domain search space  (domZ):               0  [number of targets reported over threshold]
# CPU time: 0.01u 0.00s 00:00:00.01 Elapsed: 00:00:00.01
# Mc/sec: 13953.20
//
Query:       nifB-03292025  [M=505]
Scores for complete sequences (score includes all domains):
   --- full sequence ---   --- best 1 domain ---    -#dom-
    E-value  score  bias    E-value  score  bias    exp  N  Sequence Description
    ------- ------ -----    ------- ------ -----   ---- --  -------- -----------

   [No hits detected that satisfy reporting thresholds]


Domain annotation for each sequence (and alignments):

   [No targets detected that satisfy reporting thresholds]


Internal pipeline statistics summary:
-------------------------------------
Query model(s):                            1  (505 nodes)
Target sequences:                       1109  (370684 residues searched)
Passed MSV filter:                        31  (0.0279531); expected 22.2 (0.02)
Passed bias filter:                       22  (0.0198377); expected 22.2 (0.02)
Passed Vit filter:                         2  (0.00180343); expected 1.1 (0.001)
Passed Fwd filter:                         0  (0); expected 0.0 (1e-05)
Initial search space (Z):               1109  [actual number of targets]
Domain search space  (domZ):               0  [number of targets reported over threshold]
# CPU time: 0.01u 0.00s 00:00:00.01 Elapsed: 00:00:00.01
# Mc/sec: 15486.11
//
Query:       nifE-03292025  [M=556]
Scores for complete sequences (score includes all domains):
   --- full sequence ---   --- best 1 domain ---    -#dom-
    E-value  score  bias    E-value  score  bias    exp  N  Sequence Description
    ------- ------ -----    ------- ------ -----   ---- --  -------- -----------

   [No hits detected that satisfy reporting thresholds]


Domain annotation for each sequence (and alignments):

   [No targets detected that satisfy reporting thresholds]


Internal pipeline statistics summary:
-------------------------------------
Query model(s):                            1  (556 nodes)
Target sequences:                       1109  (370684 residues searched)
Passed MSV filter:                        46  (0.0414788); expected 22.2 (0.02)
Passed bias filter:                       33  (0.0297565); expected 22.2 (0.02)
Passed Vit filter:                         4  (0.00360685); expected 1.1 (0.001)
Passed Fwd filter:                         0  (0); expected 0.0 (1e-05)
Initial search space (Z):               1109  [actual number of targets]
Domain search space  (domZ):               0  [number of targets reported over threshold]
# CPU time: 0.01u 0.00s 00:00:00.01 Elapsed: 00:00:00.01
# Mc/sec: 14450.31
//
Query:       nifN-03292025  [M=700]
Scores for complete sequences (score includes all domains):
   --- full sequence ---   --- best 1 domain ---    -#dom-
    E-value  score  bias    E-value  score  bias    exp  N  Sequence Description
    ------- ------ -----    ------- ------ -----   ---- --  -------- -----------

   [No hits detected that satisfy reporting thresholds]


Domain annotation for each sequence (and alignments):

   [No targets detected that satisfy reporting thresholds]


Internal pipeline statistics summary:
-------------------------------------
Query model(s):                            1  (700 nodes)
Target sequences:                       1109  (370684 residues searched)
Passed MSV filter:                        46  (0.0414788); expected 22.2 (0.02)
Passed bias filter:                       41  (0.0369702); expected 22.2 (0.02)
Passed Vit filter:                         7  (0.00631199); expected 1.1 (0.001)
Passed Fwd filter:                         0  (0); expected 0.0 (1e-05)
Initial search space (Z):               1109  [actual number of targets]
Domain search space  (domZ):               0  [number of targets reported over threshold]
# CPU time: 0.02u 0.00s 00:00:00.02 Elapsed: 00:00:00.01
# Mc/sec: 13274.80
//
Query:       pchlide-04012025  [M=508]
Scores for complete sequences (score includes all domains):
   --- full sequence ---   --- best 1 domain ---    -#dom-
    E-value  score  bias    E-value  score  bias    exp  N  Sequence Description
    ------- ------ -----    ------- ------ -----   ---- --  -------- -----------

   [No hits detected that satisfy reporting thresholds]


Domain annotation for each sequence (and alignments):

   [No targets detected that satisfy reporting thresholds]


Internal pipeline statistics summary:
-------------------------------------
Query model(s):                            1  (508 nodes)
Target sequences:                       1109  (370684 residues searched)
Passed MSV filter:                        46  (0.0414788); expected 22.2 (0.02)
Passed bias filter:                       42  (0.037872); expected 22.2 (0.02)
Passed Vit filter:                         3  (0.00270514); expected 1.1 (0.001)
Passed Fwd filter:                         0  (0); expected 0.0 (1e-05)
Initial search space (Z):               1109  [actual number of targets]
Domain search space  (domZ):               0  [number of targets reported over threshold]
# CPU time: 0.02u 0.00s 00:00:00.02 Elapsed: 00:00:00.01
# Mc/sec: 13685.99
//
[ok]
# hmmsearch :: search profile(s) against a sequence database
# HMMER 3.4 (Aug 2023); http://hmmer.org/
# Copyright (C) 2023 Howard Hughes Medical Institute.
# Freely distributed under the BSD open source license.
# - - - - - - - - - - - - - - - - - - - - - - - - - - - - - - - - - - - -
# query HMM file:                  ../HMMs/nifV_07242025.hmm
# target sequence database:        ../all_rep_proteins_aa/bacteria/GB_GCA_027942475.1_protein.faa
# - - - - - - - - - - - - - - - - - - - - - - - - - - - - - - - - - - - -

Query:       nifV-07242025  [M=437]
Scores for complete sequences (score includes all domains):
   --- full sequence ---   --- best 1 domain ---    -#dom-
    E-value  score  bias    E-value  score  bias    exp  N  Sequence Description
    ------- ------ -----    ------- ------ -----   ---- --  -------- -----------

   [No hits detected that satisfy reporting thresholds]


Domain annotation for each sequence (and alignments):

   [No targets detected that satisfy reporting thresholds]


Internal pipeline statistics summary:
-------------------------------------
Query model(s):                            1  (437 nodes)
Target sequences:                       1109  (370684 residues searched)
Passed MSV filter:                        26  (0.0234445); expected 22.2 (0.02)
Passed bias filter:                       18  (0.0162308); expected 22.2 (0.02)
Passed Vit filter:                         1  (0.000901713); expected 1.1 (0.001)
Passed Fwd filter:                         0  (0); expected 0.0 (1e-05)
Initial search space (Z):               1109  [actual number of targets]
Domain search space  (domZ):               0  [number of targets reported over threshold]
# CPU time: 0.01u 0.00s 00:00:00.01 Elapsed: 00:00:00.00
# Mc/sec: 20221.53
//
[ok]
