# hmmsearch :: search profile(s) against a sequence database
# HMMER 3.4 (Aug 2023); http://hmmer.org/
# Copyright (C) 2023 Howard Hughes Medical Institute.
# Freely distributed under the BSD open source license.
# - - - - - - - - - - - - - - - - - - - - - - - - - - - - - - - - - - - -
# query HMM file:                  ../HMMs/combined_nif_04012025.hmm
# target sequence database:        ../all_rep_proteins_aa/bacteria/GB_GCA_903851045.1_protein.faa
# - - - - - - - - - - - - - - - - - - - - - - - - - - - - - - - - - - - -

Query:       nifH-03292025  [M=327]
Scores for complete sequences (score includes all domains):
   --- full sequence ---   --- best 1 domain ---    -#dom-
    E-value  score  bias    E-value  score  bias    exp  N  Sequence             Description
    ------- ------ -----    ------- ------ -----   ---- --  --------             -----------
    0.00065   15.2   0.9      0.075    8.4   0.0    2.9  3  CAINNF010000023.1_11  # 7047 # 8471 # -1 # ID=23_11;partial=0


Domain annotation for each sequence (and alignments):
>> CAINNF010000023.1_11  # 7047 # 8471 # -1 # ID=23_11;partial=00;start_type=ATG;rbs_motif=ATA;rbs_spacer=10bp;gc_cont=0
   #    score  bias  c-Evalue  i-Evalue hmmfrom  hmm to    alifrom  ali to    envfrom  env to     acc
 ---   ------ ----- --------- --------- ------- -------    ------- -------    ------- -------    ----
   1 !    8.4   0.0   5.6e-05     0.075      10      40 ..      29      59 ..      20      62 .. 0.87
   2 ?   -0.8   0.1     0.037        50     224     256 ..     171     203 ..      94     256 .. 0.63
   3 !    3.7   0.1    0.0016       2.1      10      32 ..     305     327 ..     298     336 .. 0.82

  Alignments for each domain:
  == domain 1  score: 8.4 bits;  conditional E-value: 5.6e-05
         nifH-03292025 10 rkiAiYGKGGiGKSttasnlsaalaeegkkv 40
                           +iA+ G  G+GKSt  + ++  la +g +v
  CAINNF010000023.1_11 29 DRIALIGPNGVGKSTFLQIIARELAPDGGEV 59
                          69**********************9988776 PP

  == domain 2  score: -0.8 bits;  conditional E-value: 0.037
         nifH-03292025 224 kaelekktvieaapdseqakeyreLakkilenk 256
                            ae+e++   +++   eq++e ++L++ + ++k
  CAINNF010000023.1_11 171 LAEMERRREYHIKTYDEQQEEVERLTELVRRKK 203
                           344444444444444555555555555554444 PP

  == domain 3  score: 3.7 bits;  conditional E-value: 0.0016
         nifH-03292025  10 rkiAiYGKGGiGKSttasnlsaa 32 
                           ++i i GK G GKSt  + l+  
  CAINNF010000023.1_11 305 QRIGIIGKNGSGKSTLLKLLTGL 327
                           689************97766655 PP



Internal pipeline statistics summary:
-------------------------------------
Query model(s):                            1  (327 nodes)
Target sequences:                       1348  (370723 residues searched)
Passed MSV filter:                        60  (0.0445104); expected 27.0 (0.02)
Passed bias filter:                       49  (0.0363501); expected 27.0 (0.02)
Passed Vit filter:                         9  (0.00667656); expected 1.3 (0.001)
Passed Fwd filter:                         1  (0.00074184); expected 0.0 (1e-05)
Initial search space (Z):               1348  [actual number of targets]
Domain search space  (domZ):               1  [number of targets reported over threshold]
# CPU time: 0.01u 0.00s 00:00:00.01 Elapsed: 00:00:00.01
# Mc/sec: 8177.97
//
Query:       nifD-03292025  [M=482]
Scores for complete sequences (score includes all domains):
   --- full sequence ---   --- best 1 domain ---    -#dom-
    E-value  score  bias    E-value  score  bias    exp  N  Sequence Description
    ------- ------ -----    ------- ------ -----   ---- --  -------- -----------

   [No hits detected that satisfy reporting thresholds]


Domain annotation for each sequence (and alignments):

   [No targets detected that satisfy reporting thresholds]


Internal pipeline statistics summary:
-------------------------------------
Query model(s):                            1  (482 nodes)
Target sequences:                       1348  (370723 residues searched)
Passed MSV filter:                        45  (0.0333828); expected 27.0 (0.02)
Passed bias filter:                       42  (0.0311573); expected 27.0 (0.02)
Passed Vit filter:                         2  (0.00148368); expected 1.3 (0.001)
Passed Fwd filter:                         0  (0); expected 0.0 (1e-05)
Initial search space (Z):               1348  [actual number of targets]
Domain search space  (domZ):               0  [number of targets reported over threshold]
# CPU time: 0.01u 0.00s 00:00:00.01 Elapsed: 00:00:00.01
# Mc/sec: 16088.12
//
Query:       nifK-03292025  [M=490]
Scores for complete sequences (score includes all domains):
   --- full sequence ---   --- best 1 domain ---    -#dom-
    E-value  score  bias    E-value  score  bias    exp  N  Sequence Description
    ------- ------ -----    ------- ------ -----   ---- --  -------- -----------

   [No hits detected that satisfy reporting thresholds]


Domain annotation for each sequence (and alignments):

   [No targets detected that satisfy reporting thresholds]


Internal pipeline statistics summary:
-------------------------------------
Query model(s):                            1  (490 nodes)
Target sequences:                       1348  (370723 residues searched)
Passed MSV filter:                        25  (0.018546); expected 27.0 (0.02)
Passed bias filter:                       23  (0.0170623); expected 27.0 (0.02)
Passed Vit filter:                         3  (0.00222552); expected 1.3 (0.001)
Passed Fwd filter:                         0  (0); expected 0.0 (1e-05)
Initial search space (Z):               1348  [actual number of targets]
Domain search space  (domZ):               0  [number of targets reported over threshold]
# CPU time: 0.01u 0.00s 00:00:00.01 Elapsed: 00:00:00.01
# Mc/sec: 16721.72
//
Query:       nifB-03292025  [M=505]
Scores for complete sequences (score includes all domains):
   --- full sequence ---   --- best 1 domain ---    -#dom-
    E-value  score  bias    E-value  score  bias    exp  N  Sequence Description
    ------- ------ -----    ------- ------ -----   ---- --  -------- -----------

   [No hits detected that satisfy reporting thresholds]


Domain annotation for each sequence (and alignments):

   [No targets detected that satisfy reporting thresholds]


Internal pipeline statistics summary:
-------------------------------------
Query model(s):                            1  (505 nodes)
Target sequences:                       1348  (370723 residues searched)
Passed MSV filter:                        24  (0.0178042); expected 27.0 (0.02)
Passed bias filter:                       17  (0.0126113); expected 27.0 (0.02)
Passed Vit filter:                         0  (0); expected 1.3 (0.001)
Passed Fwd filter:                         0  (0); expected 0.0 (1e-05)
Initial search space (Z):               1348  [actual number of targets]
Domain search space  (domZ):               0  [number of targets reported over threshold]
# CPU time: 0.01u 0.00s 00:00:00.01 Elapsed: 00:00:00.00
# Mc/sec: 21043.25
//
Query:       nifE-03292025  [M=556]
Scores for complete sequences (score includes all domains):
   --- full sequence ---   --- best 1 domain ---    -#dom-
    E-value  score  bias    E-value  score  bias    exp  N  Sequence Description
    ------- ------ -----    ------- ------ -----   ---- --  -------- -----------

   [No hits detected that satisfy reporting thresholds]


Domain annotation for each sequence (and alignments):

   [No targets detected that satisfy reporting thresholds]


Internal pipeline statistics summary:
-------------------------------------
Query model(s):                            1  (556 nodes)
Target sequences:                       1348  (370723 residues searched)
Passed MSV filter:                        67  (0.0497033); expected 27.0 (0.02)
Passed bias filter:                       54  (0.0400593); expected 27.0 (0.02)
Passed Vit filter:                         8  (0.00593472); expected 1.3 (0.001)
Passed Fwd filter:                         0  (0); expected 0.0 (1e-05)
Initial search space (Z):               1348  [actual number of targets]
Domain search space  (domZ):               0  [number of targets reported over threshold]
# CPU time: 0.01u 0.00s 00:00:00.01 Elapsed: 00:00:00.01
# Mc/sec: 13794.28
//
Query:       nifN-03292025  [M=700]
Scores for complete sequences (score includes all domains):
   --- full sequence ---   --- best 1 domain ---    -#dom-
    E-value  score  bias    E-value  score  bias    exp  N  Sequence Description
    ------- ------ -----    ------- ------ -----   ---- --  -------- -----------

   [No hits detected that satisfy reporting thresholds]


Domain annotation for each sequence (and alignments):

   [No targets detected that satisfy reporting thresholds]


Internal pipeline statistics summary:
-------------------------------------
Query model(s):                            1  (700 nodes)
Target sequences:                       1348  (370723 residues searched)
Passed MSV filter:                        30  (0.0222552); expected 27.0 (0.02)
Passed bias filter:                       19  (0.014095); expected 27.0 (0.02)
Passed Vit filter:                         3  (0.00222552); expected 1.3 (0.001)
Passed Fwd filter:                         0  (0); expected 0.0 (1e-05)
Initial search space (Z):               1348  [actual number of targets]
Domain search space  (domZ):               0  [number of targets reported over threshold]
# CPU time: 0.01u 0.00s 00:00:00.01 Elapsed: 00:00:00.01
# Mc/sec: 19880.00
//
Query:       pchlide-04012025  [M=508]
Scores for complete sequences (score includes all domains):
   --- full sequence ---   --- best 1 domain ---    -#dom-
    E-value  score  bias    E-value  score  bias    exp  N  Sequence Description
    ------- ------ -----    ------- ------ -----   ---- --  -------- -----------

   [No hits detected that satisfy reporting thresholds]


Domain annotation for each sequence (and alignments):

   [No targets detected that satisfy reporting thresholds]


Internal pipeline statistics summary:
-------------------------------------
Query model(s):                            1  (508 nodes)
Target sequences:                       1348  (370723 residues searched)
Passed MSV filter:                        42  (0.0311573); expected 27.0 (0.02)
Passed bias filter:                       34  (0.0252226); expected 27.0 (0.02)
Passed Vit filter:                         1  (0.00074184); expected 1.3 (0.001)
Passed Fwd filter:                         0  (0); expected 0.0 (1e-05)
Initial search space (Z):               1348  [actual number of targets]
Domain search space  (domZ):               0  [number of targets reported over threshold]
# CPU time: 0.01u 0.00s 00:00:00.01 Elapsed: 00:00:00.01
# Mc/sec: 18274.30
//
[ok]
# hmmsearch :: search profile(s) against a sequence database
# HMMER 3.4 (Aug 2023); http://hmmer.org/
# Copyright (C) 2023 Howard Hughes Medical Institute.
# Freely distributed under the BSD open source license.
# - - - - - - - - - - - - - - - - - - - - - - - - - - - - - - - - - - - -
# query HMM file:                  ../HMMs/nifV_07242025.hmm
# target sequence database:        ../all_rep_proteins_aa/bacteria/GB_GCA_903851045.1_protein.faa
# - - - - - - - - - - - - - - - - - - - - - - - - - - - - - - - - - - - -

Query:       nifV-07242025  [M=437]
Scores for complete sequences (score includes all domains):
   --- full sequence ---   --- best 1 domain ---    -#dom-
    E-value  score  bias    E-value  score  bias    exp  N  Sequence Description
    ------- ------ -----    ------- ------ -----   ---- --  -------- -----------

   [No hits detected that satisfy reporting thresholds]


Domain annotation for each sequence (and alignments):

   [No targets detected that satisfy reporting thresholds]


Internal pipeline statistics summary:
-------------------------------------
Query model(s):                            1  (437 nodes)
Target sequences:                       1348  (370723 residues searched)
Passed MSV filter:                        37  (0.0274481); expected 27.0 (0.02)
Passed bias filter:                       23  (0.0170623); expected 27.0 (0.02)
Passed Vit filter:                         1  (0.00074184); expected 1.3 (0.001)
Passed Fwd filter:                         0  (0); expected 0.0 (1e-05)
Initial search space (Z):               1348  [actual number of targets]
Domain search space  (domZ):               0  [number of targets reported over threshold]
# CPU time: 0.01u 0.00s 00:00:00.01 Elapsed: 00:00:00.00
# Mc/sec: 21323.94
//
[ok]
