# hmmsearch :: search profile(s) against a sequence database
# HMMER 3.4 (Aug 2023); http://hmmer.org/
# Copyright (C) 2023 Howard Hughes Medical Institute.
# Freely distributed under the BSD open source license.
# - - - - - - - - - - - - - - - - - - - - - - - - - - - - - - - - - - - -
# query HMM file:                  ../HMMs/combined_nif_04012025.hmm
# target sequence database:        ../all_rep_proteins_aa/bacteria/GB_GCA_900767495.1_protein.faa
# - - - - - - - - - - - - - - - - - - - - - - - - - - - - - - - - - - - -

Query:       nifH-03292025  [M=327]
Scores for complete sequences (score includes all domains):
   --- full sequence ---   --- best 1 domain ---    -#dom-
    E-value  score  bias    E-value  score  bias    exp  N  Sequence             Description
    ------- ------ -----    ------- ------ -----   ---- --  --------             -----------
    2.8e-07   26.3   0.4    0.00065   15.2   0.2    2.1  2  CAAFZH010000077.1_21  # 22406 # 23203 # 1 # ID=77_21;partial=
    9.8e-06   21.2   0.9    1.6e-05   20.4   0.4    1.6  2  CAAFZH010000112.1_4   # 4353 # 5141 # -1 # ID=112_4;partial=0


Domain annotation for each sequence (and alignments):
>> CAAFZH010000077.1_21  # 22406 # 23203 # 1 # ID=77_21;partial=00;start_type=ATG;rbs_motif=GGA/GAG/AGG;rbs_spacer=5-10b
   #    score  bias  c-Evalue  i-Evalue hmmfrom  hmm to    alifrom  ali to    envfrom  env to     acc
 ---   ------ ----- --------- --------- ------- -------    ------- -------    ------- -------    ----
   1 !   15.2   0.2     1e-06   0.00065      16      44 ..      13      41 ..       1      58 [. 0.84
   2 !    9.5   0.0   5.4e-05     0.035     163     255 ..     165     261 ..     150     265 .. 0.74

  Alignments for each domain:
  == domain 1  score: 15.2 bits;  conditional E-value: 1e-06
         nifH-03292025 16 GKGGiGKSttasnlsaalaeegkkvlivG 44
                           KGG GKStt s + +a a+ gkkvl + 
  CAAFZH010000077.1_21 13 NKGGSGKSTTCSSVGYAAASLGKKVLLID 41
                          5*************************985 PP

  == domain 2  score: 9.5 bits;  conditional E-value: 5.4e-05
         nifH-03292025 163 lYaanniakgikkyaee.ggvrlgGlicNsrk..vdkeeelveefaeklgtqiiafv.prsnevqkaelekktvieaapdseqakeyre 247
                           l+   n++  ++k+++   + ++ G+   + +  ++  ++ +e++ ++ +++++  v ++++ v+ a+ e + v  ++++s++akey +
  CAAFZH010000077.1_21 165 LFGLANMFDFVSKVRDIsVNPEVLGVAITKADsrKNYVKQTLETLKSQENISVFDSViHTDSSVEWAQDESRPVGGYKKSSRAAKEYLA 253
                           556666666666666543455566655444430034457788888888888998765278999************************** PP

         nifH-03292025 248 Lakkilen 255
                           L+++il++
  CAAFZH010000077.1_21 254 LTEEILNK 261
                           *****986 PP

>> CAAFZH010000112.1_4  # 4353 # 5141 # -1 # ID=112_4;partial=00;start_type=ATG;rbs_motif=GGAG/GAGG;rbs_spacer=5-10bp;gc
   #    score  bias  c-Evalue  i-Evalue hmmfrom  hmm to    alifrom  ali to    envfrom  env to     acc
 ---   ------ ----- --------- --------- ------- -------    ------- -------    ------- -------    ----
   1 !   20.4   0.4   2.5e-08   1.6e-05      15      43 ..       9      37 ..       1      54 [. 0.87
   2 ?   -2.5   0.0      0.23   1.5e+02     123     139 ..     166     182 ..     139     184 .. 0.81

  Alignments for each domain:
  == domain 1  score: 20.4 bits;  conditional E-value: 2.5e-08
        nifH-03292025 15 YGKGGiGKSttasnlsaalaeegkkvliv 43
                          GKGG+GK t+a+nl a l  +gk+v +v
  CAAFZH010000112.1_4  9 SGKGGVGKTTVAANLGARLGAAGKRVCVV 37
                         5*************************987 PP

  == domain 2  score: -2.5 bits;  conditional E-value: 0.23
        nifH-03292025 123 dldvvvyDvLGDVVCGG 139
                          ++ +v+  v GD V GG
  CAAFZH010000112.1_4 166 SVKMVINRVRGDLVAGG 182
                          46788888999999998 PP



Internal pipeline statistics summary:
-------------------------------------
Query model(s):                            1  (327 nodes)
Target sequences:                       1298  (427483 residues searched)
Passed MSV filter:                        93  (0.0716487); expected 26.0 (0.02)
Passed bias filter:                       54  (0.0416025); expected 26.0 (0.02)
Passed Vit filter:                        13  (0.0100154); expected 1.3 (0.001)
Passed Fwd filter:                         2  (0.00154083); expected 0.0 (1e-05)
Initial search space (Z):               1298  [actual number of targets]
Domain search space  (domZ):               2  [number of targets reported over threshold]
# CPU time: 0.01u 0.00s 00:00:00.01 Elapsed: 00:00:00.01
# Mc/sec: 10248.58
//
Query:       nifD-03292025  [M=482]
Scores for complete sequences (score includes all domains):
   --- full sequence ---   --- best 1 domain ---    -#dom-
    E-value  score  bias    E-value  score  bias    exp  N  Sequence Description
    ------- ------ -----    ------- ------ -----   ---- --  -------- -----------

   [No hits detected that satisfy reporting thresholds]


Domain annotation for each sequence (and alignments):

   [No targets detected that satisfy reporting thresholds]


Internal pipeline statistics summary:
-------------------------------------
Query model(s):                            1  (482 nodes)
Target sequences:                       1298  (427483 residues searched)
Passed MSV filter:                        71  (0.0546995); expected 26.0 (0.02)
Passed bias filter:                       43  (0.0331279); expected 26.0 (0.02)
Passed Vit filter:                         3  (0.00231125); expected 1.3 (0.001)
Passed Fwd filter:                         0  (0); expected 0.0 (1e-05)
Initial search space (Z):               1298  [actual number of targets]
Domain search space  (domZ):               0  [number of targets reported over threshold]
# CPU time: 0.01u 0.00s 00:00:00.01 Elapsed: 00:00:00.01
# Mc/sec: 15846.19
//
Query:       nifK-03292025  [M=490]
Scores for complete sequences (score includes all domains):
   --- full sequence ---   --- best 1 domain ---    -#dom-
    E-value  score  bias    E-value  score  bias    exp  N  Sequence Description
    ------- ------ -----    ------- ------ -----   ---- --  -------- -----------

   [No hits detected that satisfy reporting thresholds]


Domain annotation for each sequence (and alignments):

   [No targets detected that satisfy reporting thresholds]


Internal pipeline statistics summary:
-------------------------------------
Query model(s):                            1  (490 nodes)
Target sequences:                       1298  (427483 residues searched)
Passed MSV filter:                        53  (0.040832); expected 26.0 (0.02)
Passed bias filter:                       38  (0.0292758); expected 26.0 (0.02)
Passed Vit filter:                         0  (0); expected 1.3 (0.001)
Passed Fwd filter:                         0  (0); expected 0.0 (1e-05)
Initial search space (Z):               1298  [actual number of targets]
Domain search space  (domZ):               0  [number of targets reported over threshold]
# CPU time: 0.02u 0.00s 00:00:00.02 Elapsed: 00:00:00.01
# Mc/sec: 18860.97
//
Query:       nifB-03292025  [M=505]
Scores for complete sequences (score includes all domains):
   --- full sequence ---   --- best 1 domain ---    -#dom-
    E-value  score  bias    E-value  score  bias    exp  N  Sequence            Description
    ------- ------ -----    ------- ------ -----   ---- --  --------            -----------
  ------ inclusion threshold ------
      0.048    8.3   5.2       0.22    6.1   4.7    1.9  1  CAAFZH010000031.1_5  # 5068 # 6435 # -1 # ID=31_5;partial=00;


Domain annotation for each sequence (and alignments):
>> CAAFZH010000031.1_5  # 5068 # 6435 # -1 # ID=31_5;partial=00;start_type=ATG;rbs_motif=None;rbs_spacer=None;gc_cont=0.
   #    score  bias  c-Evalue  i-Evalue hmmfrom  hmm to    alifrom  ali to    envfrom  env to     acc
 ---   ------ ----- --------- --------- ------- -------    ------- -------    ------- -------    ----
   1 ?    6.1   4.7   0.00017      0.22      80     192 ..     100     212 ..      88     218 .. 0.76

  Alignments for each domain:
  == domain 1  score: 6.1 bits;  conditional E-value: 0.00017
        nifB-03292025  80 HvavApaCNiqCnyCnRkydCanEsRPGvvsevLtpeqavkkvkavaaeipqlsVvGiAGPGDalanpektfetl...elv.keeapdlk 165
                           + vA  CN++C yC         +R  ++ ev   + a+  + +   +  +l V      G++l+n+  +++ +   + + ke+  +++
  CAAFZH010000031.1_5 100 CLHVAHTCNLNCSYCFASQGKYHGDRAIMSYEV--GKRALDFLVENSGTRRNLEVDFFG--GEPLMNFGVVKDLVayaRSIeKEKNKNFR 185
                          5789***********988888888897555554..567888888888888899886543..79999998777665111445245678999 PP

        nifB-03292025 166 lClstNGLaLpeyvdelaelnvdhvtv 192
                          + l+tNGL++ + v + a+ +++ v +
  CAAFZH010000031.1_5 186 FTLTTNGLNITDEVIDFANKEMSNVVL 212
                          999999999999999998888888765 PP



Internal pipeline statistics summary:
-------------------------------------
Query model(s):                            1  (505 nodes)
Target sequences:                       1298  (427483 residues searched)
Passed MSV filter:                        38  (0.0292758); expected 26.0 (0.02)
Passed bias filter:                       19  (0.0146379); expected 26.0 (0.02)
Passed Vit filter:                         3  (0.00231125); expected 1.3 (0.001)
Passed Fwd filter:                         1  (0.000770416); expected 0.0 (1e-05)
Initial search space (Z):               1298  [actual number of targets]
Domain search space  (domZ):               1  [number of targets reported over threshold]
# CPU time: 0.02u 0.00s 00:00:00.02 Elapsed: 00:00:00.02
# Mc/sec: 10159.82
//
Query:       nifE-03292025  [M=556]
Scores for complete sequences (score includes all domains):
   --- full sequence ---   --- best 1 domain ---    -#dom-
    E-value  score  bias    E-value  score  bias    exp  N  Sequence Description
    ------- ------ -----    ------- ------ -----   ---- --  -------- -----------

   [No hits detected that satisfy reporting thresholds]


Domain annotation for each sequence (and alignments):

   [No targets detected that satisfy reporting thresholds]


Internal pipeline statistics summary:
-------------------------------------
Query model(s):                            1  (556 nodes)
Target sequences:                       1298  (427483 residues searched)
Passed MSV filter:                        66  (0.0508475); expected 26.0 (0.02)
Passed bias filter:                       46  (0.0354391); expected 26.0 (0.02)
Passed Vit filter:                         3  (0.00231125); expected 1.3 (0.001)
Passed Fwd filter:                         0  (0); expected 0.0 (1e-05)
Initial search space (Z):               1298  [actual number of targets]
Domain search space  (domZ):               0  [number of targets reported over threshold]
# CPU time: 0.01u 0.01s 00:00:00.02 Elapsed: 00:00:00.01
# Mc/sec: 17186.87
//
Query:       nifN-03292025  [M=700]
Scores for complete sequences (score includes all domains):
   --- full sequence ---   --- best 1 domain ---    -#dom-
    E-value  score  bias    E-value  score  bias    exp  N  Sequence Description
    ------- ------ -----    ------- ------ -----   ---- --  -------- -----------

   [No hits detected that satisfy reporting thresholds]


Domain annotation for each sequence (and alignments):

   [No targets detected that satisfy reporting thresholds]


Internal pipeline statistics summary:
-------------------------------------
Query model(s):                            1  (700 nodes)
Target sequences:                       1298  (427483 residues searched)
Passed MSV filter:                        65  (0.050077); expected 26.0 (0.02)
Passed bias filter:                       45  (0.0346687); expected 26.0 (0.02)
Passed Vit filter:                         4  (0.00308166); expected 1.3 (0.001)
Passed Fwd filter:                         0  (0); expected 0.0 (1e-05)
Initial search space (Z):               1298  [actual number of targets]
Domain search space  (domZ):               0  [number of targets reported over threshold]
# CPU time: 0.02u 0.00s 00:00:00.02 Elapsed: 00:00:00.01
# Mc/sec: 16170.61
//
Query:       pchlide-04012025  [M=508]
Scores for complete sequences (score includes all domains):
   --- full sequence ---   --- best 1 domain ---    -#dom-
    E-value  score  bias    E-value  score  bias    exp  N  Sequence Description
    ------- ------ -----    ------- ------ -----   ---- --  -------- -----------

   [No hits detected that satisfy reporting thresholds]


Domain annotation for each sequence (and alignments):

   [No targets detected that satisfy reporting thresholds]


Internal pipeline statistics summary:
-------------------------------------
Query model(s):                            1  (508 nodes)
Target sequences:                       1298  (427483 residues searched)
Passed MSV filter:                        50  (0.0385208); expected 26.0 (0.02)
Passed bias filter:                       41  (0.0315871); expected 26.0 (0.02)
Passed Vit filter:                         1  (0.000770416); expected 1.3 (0.001)
Passed Fwd filter:                         0  (0); expected 0.0 (1e-05)
Initial search space (Z):               1298  [actual number of targets]
Domain search space  (domZ):               0  [number of targets reported over threshold]
# CPU time: 0.02u 0.00s 00:00:00.02 Elapsed: 00:00:00.01
# Mc/sec: 16075.00
//
[ok]
# hmmsearch :: search profile(s) against a sequence database
# HMMER 3.4 (Aug 2023); http://hmmer.org/
# Copyright (C) 2023 Howard Hughes Medical Institute.
# Freely distributed under the BSD open source license.
# - - - - - - - - - - - - - - - - - - - - - - - - - - - - - - - - - - - -
# query HMM file:                  ../HMMs/nifV_07242025.hmm
# target sequence database:        ../all_rep_proteins_aa/bacteria/GB_GCA_900767495.1_protein.faa
# - - - - - - - - - - - - - - - - - - - - - - - - - - - - - - - - - - - -

Query:       nifV-07242025  [M=437]
Scores for complete sequences (score includes all domains):
   --- full sequence ---   --- best 1 domain ---    -#dom-
    E-value  score  bias    E-value  score  bias    exp  N  Sequence Description
    ------- ------ -----    ------- ------ -----   ---- --  -------- -----------

   [No hits detected that satisfy reporting thresholds]


Domain annotation for each sequence (and alignments):

   [No targets detected that satisfy reporting thresholds]


Internal pipeline statistics summary:
-------------------------------------
Query model(s):                            1  (437 nodes)
Target sequences:                       1298  (427483 residues searched)
Passed MSV filter:                        35  (0.0269646); expected 26.0 (0.02)
Passed bias filter:                       25  (0.0192604); expected 26.0 (0.02)
Passed Vit filter:                         2  (0.00154083); expected 1.3 (0.001)
Passed Fwd filter:                         0  (0); expected 0.0 (1e-05)
Initial search space (Z):               1298  [actual number of targets]
Domain search space  (domZ):               0  [number of targets reported over threshold]
# CPU time: 0.01u 0.00s 00:00:00.01 Elapsed: 00:00:00.00
# Mc/sec: 22550.35
//
[ok]
