# hmmsearch :: search profile(s) against a sequence database
# HMMER 3.4 (Aug 2023); http://hmmer.org/
# Copyright (C) 2023 Howard Hughes Medical Institute.
# Freely distributed under the BSD open source license.
# - - - - - - - - - - - - - - - - - - - - - - - - - - - - - - - - - - - -
# query HMM file:                  ../HMMs/combined_nif_04012025.hmm
# target sequence database:        ../all_rep_proteins_aa/bacteria/GB_GCA_016176295.1_protein.faa
# - - - - - - - - - - - - - - - - - - - - - - - - - - - - - - - - - - - -

Query:       nifH-03292025  [M=327]
Scores for complete sequences (score includes all domains):
   --- full sequence ---   --- best 1 domain ---    -#dom-
    E-value  score  bias    E-value  score  bias    exp  N  Sequence             Description
    ------- ------ -----    ------- ------ -----   ---- --  --------             -----------
      0.002   13.0   1.2        0.3    5.8   0.0    3.0  3  JACOXN010000010.1_19  # 16254 # 17720 # -1 # ID=19_19;partial


Domain annotation for each sequence (and alignments):
>> JACOXN010000010.1_19  # 16254 # 17720 # -1 # ID=19_19;partial=00;start_type=ATG;rbs_motif=ATA;rbs_spacer=11bp;gc_cont
   #    score  bias  c-Evalue  i-Evalue hmmfrom  hmm to    alifrom  ali to    envfrom  env to     acc
 ---   ------ ----- --------- --------- ------- -------    ------- -------    ------- -------    ----
   1 !    5.8   0.0   0.00035       0.3       8      34 ..      33      59 ..      26      67 .. 0.84
   2 !    2.7   0.5    0.0032       2.8     242     287 ..     231     278 ..     207     314 .. 0.67
   3 !    1.2   0.0     0.009       7.8      14      32 ..     332     350 ..     319     397 .. 0.73

  Alignments for each domain:
  == domain 1  score: 5.8 bits;  conditional E-value: 0.00035
         nifH-03292025  8 kmrkiAiYGKGGiGKSttasnlsaala 34
                          +  k A+ G  G GKSt+ s ++ al 
  JACOXN010000010.1_19 33 ENSKFALMGQNGAGKSTIFSLITRALK 59
                          56899***************9999987 PP

  == domain 2  score: 2.7 bits;  conditional E-value: 0.0032
         nifH-03292025 242 akeyreLakkilenkklvipkplseeeleellael..glleeedevgk 287
                            ++  +Lakki+enk+++   + +  +++++++++  ++ e+e+++  
  JACOXN010000010.1_19 231 NAKNAQLAKKIQENKEKANFFAQKGGKMRNVAMKMweKIEEMEESQVD 278
                           445679********9888777777788888888775433333332222 PP

  == domain 3  score: 1.2 bits;  conditional E-value: 0.009
         nifH-03292025  14 iYGKGGiGKSttasnlsaa 32 
                           + G  GiGKSt  + ++  
  JACOXN010000010.1_19 332 LRGPNGIGKSTLLERIASN 350
                           56888******88776654 PP



Internal pipeline statistics summary:
-------------------------------------
Query model(s):                            1  (327 nodes)
Target sequences:                        866  (251775 residues searched)
Passed MSV filter:                        43  (0.0496536); expected 17.3 (0.02)
Passed bias filter:                       36  (0.0415704); expected 17.3 (0.02)
Passed Vit filter:                         7  (0.00808314); expected 0.9 (0.001)
Passed Fwd filter:                         1  (0.00115473); expected 0.0 (1e-05)
Initial search space (Z):                866  [actual number of targets]
Domain search space  (domZ):               1  [number of targets reported over threshold]
# CPU time: 0.01u 0.00s 00:00:00.01 Elapsed: 00:00:00.01
# Mc/sec: 6701.72
//
Query:       nifD-03292025  [M=482]
Scores for complete sequences (score includes all domains):
   --- full sequence ---   --- best 1 domain ---    -#dom-
    E-value  score  bias    E-value  score  bias    exp  N  Sequence Description
    ------- ------ -----    ------- ------ -----   ---- --  -------- -----------

   [No hits detected that satisfy reporting thresholds]


Domain annotation for each sequence (and alignments):

   [No targets detected that satisfy reporting thresholds]


Internal pipeline statistics summary:
-------------------------------------
Query model(s):                            1  (482 nodes)
Target sequences:                        866  (251775 residues searched)
Passed MSV filter:                        30  (0.034642); expected 17.3 (0.02)
Passed bias filter:                       20  (0.0230947); expected 17.3 (0.02)
Passed Vit filter:                         1  (0.00115473); expected 0.9 (0.001)
Passed Fwd filter:                         0  (0); expected 0.0 (1e-05)
Initial search space (Z):                866  [actual number of targets]
Domain search space  (domZ):               0  [number of targets reported over threshold]
# CPU time: 0.00u 0.00s 00:00:00.00 Elapsed: 00:00:00.00
# Mc/sec: 13699.50
//
Query:       nifK-03292025  [M=490]
Scores for complete sequences (score includes all domains):
   --- full sequence ---   --- best 1 domain ---    -#dom-
    E-value  score  bias    E-value  score  bias    exp  N  Sequence Description
    ------- ------ -----    ------- ------ -----   ---- --  -------- -----------

   [No hits detected that satisfy reporting thresholds]


Domain annotation for each sequence (and alignments):

   [No targets detected that satisfy reporting thresholds]


Internal pipeline statistics summary:
-------------------------------------
Query model(s):                            1  (490 nodes)
Target sequences:                        866  (251775 residues searched)
Passed MSV filter:                        24  (0.0277136); expected 17.3 (0.02)
Passed bias filter:                       15  (0.017321); expected 17.3 (0.02)
Passed Vit filter:                         1  (0.00115473); expected 0.9 (0.001)
Passed Fwd filter:                         0  (0); expected 0.0 (1e-05)
Initial search space (Z):                866  [actual number of targets]
Domain search space  (domZ):               0  [number of targets reported over threshold]
# CPU time: 0.01u 0.00s 00:00:00.01 Elapsed: 00:00:00.00
# Mc/sec: 16046.81
//
Query:       nifB-03292025  [M=505]
Scores for complete sequences (score includes all domains):
   --- full sequence ---   --- best 1 domain ---    -#dom-
    E-value  score  bias    E-value  score  bias    exp  N  Sequence Description
    ------- ------ -----    ------- ------ -----   ---- --  -------- -----------

   [No hits detected that satisfy reporting thresholds]


Domain annotation for each sequence (and alignments):

   [No targets detected that satisfy reporting thresholds]


Internal pipeline statistics summary:
-------------------------------------
Query model(s):                            1  (505 nodes)
Target sequences:                        866  (251775 residues searched)
Passed MSV filter:                        20  (0.0230947); expected 17.3 (0.02)
Passed bias filter:                       14  (0.0161663); expected 17.3 (0.02)
Passed Vit filter:                         1  (0.00115473); expected 0.9 (0.001)
Passed Fwd filter:                         0  (0); expected 0.0 (1e-05)
Initial search space (Z):                866  [actual number of targets]
Domain search space  (domZ):               0  [number of targets reported over threshold]
# CPU time: 0.01u 0.00s 00:00:00.01 Elapsed: 00:00:00.00
# Mc/sec: 17140.80
//
Query:       nifE-03292025  [M=556]
Scores for complete sequences (score includes all domains):
   --- full sequence ---   --- best 1 domain ---    -#dom-
    E-value  score  bias    E-value  score  bias    exp  N  Sequence Description
    ------- ------ -----    ------- ------ -----   ---- --  -------- -----------

   [No hits detected that satisfy reporting thresholds]


Domain annotation for each sequence (and alignments):

   [No targets detected that satisfy reporting thresholds]


Internal pipeline statistics summary:
-------------------------------------
Query model(s):                            1  (556 nodes)
Target sequences:                        866  (251775 residues searched)
Passed MSV filter:                        39  (0.0450346); expected 17.3 (0.02)
Passed bias filter:                       34  (0.039261); expected 17.3 (0.02)
Passed Vit filter:                         1  (0.00115473); expected 0.9 (0.001)
Passed Fwd filter:                         0  (0); expected 0.0 (1e-05)
Initial search space (Z):                866  [actual number of targets]
Domain search space  (domZ):               0  [number of targets reported over threshold]
# CPU time: 0.01u 0.00s 00:00:00.01 Elapsed: 00:00:00.01
# Mc/sec: 13226.45
//
Query:       nifN-03292025  [M=700]
Scores for complete sequences (score includes all domains):
   --- full sequence ---   --- best 1 domain ---    -#dom-
    E-value  score  bias    E-value  score  bias    exp  N  Sequence Description
    ------- ------ -----    ------- ------ -----   ---- --  -------- -----------

   [No hits detected that satisfy reporting thresholds]


Domain annotation for each sequence (and alignments):

   [No targets detected that satisfy reporting thresholds]


Internal pipeline statistics summary:
-------------------------------------
Query model(s):                            1  (700 nodes)
Target sequences:                        866  (251775 residues searched)
Passed MSV filter:                        20  (0.0230947); expected 17.3 (0.02)
Passed bias filter:                       18  (0.0207852); expected 17.3 (0.02)
Passed Vit filter:                         0  (0); expected 0.9 (0.001)
Passed Fwd filter:                         0  (0); expected 0.0 (1e-05)
Initial search space (Z):                866  [actual number of targets]
Domain search space  (domZ):               0  [number of targets reported over threshold]
# CPU time: 0.01u 0.00s 00:00:00.01 Elapsed: 00:00:00.00
# Mc/sec: 18146.03
//
Query:       pchlide-04012025  [M=508]
Scores for complete sequences (score includes all domains):
   --- full sequence ---   --- best 1 domain ---    -#dom-
    E-value  score  bias    E-value  score  bias    exp  N  Sequence Description
    ------- ------ -----    ------- ------ -----   ---- --  -------- -----------

   [No hits detected that satisfy reporting thresholds]


Domain annotation for each sequence (and alignments):

   [No targets detected that satisfy reporting thresholds]


Internal pipeline statistics summary:
-------------------------------------
Query model(s):                            1  (508 nodes)
Target sequences:                        866  (251775 residues searched)
Passed MSV filter:                        24  (0.0277136); expected 17.3 (0.02)
Passed bias filter:                       21  (0.0242494); expected 17.3 (0.02)
Passed Vit filter:                         1  (0.00115473); expected 0.9 (0.001)
Passed Fwd filter:                         0  (0); expected 0.0 (1e-05)
Initial search space (Z):                866  [actual number of targets]
Domain search space  (domZ):               0  [number of targets reported over threshold]
# CPU time: 0.01u 0.00s 00:00:00.01 Elapsed: 00:00:00.00
# Mc/sec: 15314.79
//
[ok]
# hmmsearch :: search profile(s) against a sequence database
# HMMER 3.4 (Aug 2023); http://hmmer.org/
# Copyright (C) 2023 Howard Hughes Medical Institute.
# Freely distributed under the BSD open source license.
# - - - - - - - - - - - - - - - - - - - - - - - - - - - - - - - - - - - -
# query HMM file:                  ../HMMs/nifV_07242025.hmm
# target sequence database:        ../all_rep_proteins_aa/bacteria/GB_GCA_016176295.1_protein.faa
# - - - - - - - - - - - - - - - - - - - - - - - - - - - - - - - - - - - -

Query:       nifV-07242025  [M=437]
Scores for complete sequences (score includes all domains):
   --- full sequence ---   --- best 1 domain ---    -#dom-
    E-value  score  bias    E-value  score  bias    exp  N  Sequence Description
    ------- ------ -----    ------- ------ -----   ---- --  -------- -----------

   [No hits detected that satisfy reporting thresholds]


Domain annotation for each sequence (and alignments):

   [No targets detected that satisfy reporting thresholds]


Internal pipeline statistics summary:
-------------------------------------
Query model(s):                            1  (437 nodes)
Target sequences:                        866  (251775 residues searched)
Passed MSV filter:                        24  (0.0277136); expected 17.3 (0.02)
Passed bias filter:                       21  (0.0242494); expected 17.3 (0.02)
Passed Vit filter:                         1  (0.00115473); expected 0.9 (0.001)
Passed Fwd filter:                         0  (0); expected 0.0 (1e-05)
Initial search space (Z):                866  [actual number of targets]
Domain search space  (domZ):               0  [number of targets reported over threshold]
# CPU time: 0.00u 0.00s 00:00:00.00 Elapsed: 00:00:00.00
# Mc/sec: 15706.74
//
[ok]
