# hmmsearch :: search profile(s) against a sequence database
# HMMER 3.4 (Aug 2023); http://hmmer.org/
# Copyright (C) 2023 Howard Hughes Medical Institute.
# Freely distributed under the BSD open source license.
# - - - - - - - - - - - - - - - - - - - - - - - - - - - - - - - - - - - -
# query HMM file:                  ../HMMs/combined_nif_04012025.hmm
# target sequence database:        ../all_rep_proteins_aa/bacteria/GB_GCA_027452085.1_protein.faa
# - - - - - - - - - - - - - - - - - - - - - - - - - - - - - - - - - - - -

Query:       nifH-03292025  [M=327]
Scores for complete sequences (score includes all domains):
   --- full sequence ---   --- best 1 domain ---    -#dom-
    E-value  score  bias    E-value  score  bias    exp  N  Sequence Description
    ------- ------ -----    ------- ------ -----   ---- --  -------- -----------

   [No hits detected that satisfy reporting thresholds]


Domain annotation for each sequence (and alignments):

   [No targets detected that satisfy reporting thresholds]


Internal pipeline statistics summary:
-------------------------------------
Query model(s):                            1  (327 nodes)
Target sequences:                        970  (298960 residues searched)
Passed MSV filter:                        60  (0.0618557); expected 19.4 (0.02)
Passed bias filter:                       45  (0.0463918); expected 19.4 (0.02)
Passed Vit filter:                         7  (0.00721649); expected 1.0 (0.001)
Passed Fwd filter:                         0  (0); expected 0.0 (1e-05)
Initial search space (Z):                970  [actual number of targets]
Domain search space  (domZ):               0  [number of targets reported over threshold]
# CPU time: 0.01u 0.00s 00:00:00.01 Elapsed: 00:00:00.01
# Mc/sec: 9411.71
//
Query:       nifD-03292025  [M=482]
Scores for complete sequences (score includes all domains):
   --- full sequence ---   --- best 1 domain ---    -#dom-
    E-value  score  bias    E-value  score  bias    exp  N  Sequence Description
    ------- ------ -----    ------- ------ -----   ---- --  -------- -----------

   [No hits detected that satisfy reporting thresholds]


Domain annotation for each sequence (and alignments):

   [No targets detected that satisfy reporting thresholds]


Internal pipeline statistics summary:
-------------------------------------
Query model(s):                            1  (482 nodes)
Target sequences:                        970  (298960 residues searched)
Passed MSV filter:                        34  (0.0350515); expected 19.4 (0.02)
Passed bias filter:                       23  (0.0237113); expected 19.4 (0.02)
Passed Vit filter:                         1  (0.00103093); expected 1.0 (0.001)
Passed Fwd filter:                         0  (0); expected 0.0 (1e-05)
Initial search space (Z):                970  [actual number of targets]
Domain search space  (domZ):               0  [number of targets reported over threshold]
# CPU time: 0.01u 0.00s 00:00:00.01 Elapsed: 00:00:00.00
# Mc/sec: 16061.13
//
Query:       nifK-03292025  [M=490]
Scores for complete sequences (score includes all domains):
   --- full sequence ---   --- best 1 domain ---    -#dom-
    E-value  score  bias    E-value  score  bias    exp  N  Sequence Description
    ------- ------ -----    ------- ------ -----   ---- --  -------- -----------

   [No hits detected that satisfy reporting thresholds]


Domain annotation for each sequence (and alignments):

   [No targets detected that satisfy reporting thresholds]


Internal pipeline statistics summary:
-------------------------------------
Query model(s):                            1  (490 nodes)
Target sequences:                        970  (298960 residues searched)
Passed MSV filter:                        24  (0.0247423); expected 19.4 (0.02)
Passed bias filter:                       23  (0.0237113); expected 19.4 (0.02)
Passed Vit filter:                         1  (0.00103093); expected 1.0 (0.001)
Passed Fwd filter:                         0  (0); expected 0.0 (1e-05)
Initial search space (Z):                970  [actual number of targets]
Domain search space  (domZ):               0  [number of targets reported over threshold]
# CPU time: 0.01u 0.00s 00:00:00.01 Elapsed: 00:00:00.00
# Mc/sec: 18505.95
//
Query:       nifB-03292025  [M=505]
Scores for complete sequences (score includes all domains):
   --- full sequence ---   --- best 1 domain ---    -#dom-
    E-value  score  bias    E-value  score  bias    exp  N  Sequence Description
    ------- ------ -----    ------- ------ -----   ---- --  -------- -----------

   [No hits detected that satisfy reporting thresholds]


Domain annotation for each sequence (and alignments):

   [No targets detected that satisfy reporting thresholds]


Internal pipeline statistics summary:
-------------------------------------
Query model(s):                            1  (505 nodes)
Target sequences:                        970  (298960 residues searched)
Passed MSV filter:                        43  (0.0443299); expected 19.4 (0.02)
Passed bias filter:                       24  (0.0247423); expected 19.4 (0.02)
Passed Vit filter:                         2  (0.00206186); expected 1.0 (0.001)
Passed Fwd filter:                         0  (0); expected 0.0 (1e-05)
Initial search space (Z):                970  [actual number of targets]
Domain search space  (domZ):               0  [number of targets reported over threshold]
# CPU time: 0.01u 0.00s 00:00:00.01 Elapsed: 00:00:00.01
# Mc/sec: 14063.97
//
Query:       nifE-03292025  [M=556]
Scores for complete sequences (score includes all domains):
   --- full sequence ---   --- best 1 domain ---    -#dom-
    E-value  score  bias    E-value  score  bias    exp  N  Sequence Description
    ------- ------ -----    ------- ------ -----   ---- --  -------- -----------

   [No hits detected that satisfy reporting thresholds]


Domain annotation for each sequence (and alignments):

   [No targets detected that satisfy reporting thresholds]


Internal pipeline statistics summary:
-------------------------------------
Query model(s):                            1  (556 nodes)
Target sequences:                        970  (298960 residues searched)
Passed MSV filter:                        58  (0.0597938); expected 19.4 (0.02)
Passed bias filter:                       33  (0.0340206); expected 19.4 (0.02)
Passed Vit filter:                         1  (0.00103093); expected 1.0 (0.001)
Passed Fwd filter:                         0  (0); expected 0.0 (1e-05)
Initial search space (Z):                970  [actual number of targets]
Domain search space  (domZ):               0  [number of targets reported over threshold]
# CPU time: 0.01u 0.00s 00:00:00.01 Elapsed: 00:00:00.00
# Mc/sec: 16768.35
//
Query:       nifN-03292025  [M=700]
Scores for complete sequences (score includes all domains):
   --- full sequence ---   --- best 1 domain ---    -#dom-
    E-value  score  bias    E-value  score  bias    exp  N  Sequence             Description
    ------- ------ -----    ------- ------ -----   ---- --  --------             -----------
     0.0051   11.1   0.2        0.3    5.2   0.0    2.0  2  DAIDHG010000006.1_14  # 15608 # 16429 # -1 # ID=6_14;partial=


Domain annotation for each sequence (and alignments):
>> DAIDHG010000006.1_14  # 15608 # 16429 # -1 # ID=6_14;partial=00;start_type=ATG;rbs_motif=AGGAG;rbs_spacer=5-10bp;gc_c
   #    score  bias  c-Evalue  i-Evalue hmmfrom  hmm to    alifrom  ali to    envfrom  env to     acc
 ---   ------ ----- --------- --------- ------- -------    ------- -------    ------- -------    ----
   1 !    5.2   0.0   0.00031       0.3     336     385 ..      35      90 ..      24     102 .. 0.79
   2 !    4.0   0.0   0.00072       0.7     420     523 ..     156     255 ..     149     271 .. 0.71

  Alignments for each domain:
  == domain 1  score: 5.2 bits;  conditional E-value: 0.00031
         nifN-03292025 336 aemGaeivaavtttksp......lleklpaeevvvgDledleelakdagadllign 385
                           +e+ a++++   +tk +       l++l +e++ + D+ d+e++ k+ ++d+l+ n
  DAIDHG010000006.1_14  35 HEVIATVQIWPQATKLReqaeelGLKNLRVEKLDILDCFDVEHAIKEFDIDILVNN 90 
                           555555555555554446688889999**************************987 PP

  == domain 2  score: 4.0 bits;  conditional E-value: 0.00072
         nifN-03292025 420 YrGtlnllfeiaNlllereeeahkkaperlelae.eeeeeeakaeeklkekeseavnglkylaergnd.khieevvkkakelgaaltni 506
                           Y+ + + ++ ia +++++       +++r+++++ ++++ ++  +++++e+ +  +++   +++r++  k + +v  k k+   a+ ++
  DAIDHG010000006.1_14 156 YTASKHAIEAIAETMQKE------LEKYRIKVQTiNPSAYRTGFNDTMTESAFYWMDDAVNFTKRAEMkKLMAHVLGKQKDPQEAIDAM 238
                           888888999999999866......344556666655555555556667777666666666666666550556789999*********** PP

         nifN-03292025 507 lklipvkgsvfenlpet 523
                           + +ip ++ +f+n+   
  DAIDHG010000006.1_14 239 ISIIPADSGMFRNVIPI 255
                           ********999987544 PP



Internal pipeline statistics summary:
-------------------------------------
Query model(s):                            1  (700 nodes)
Target sequences:                        970  (298960 residues searched)
Passed MSV filter:                        39  (0.0402062); expected 19.4 (0.02)
Passed bias filter:                       27  (0.0278351); expected 19.4 (0.02)
Passed Vit filter:                         3  (0.00309278); expected 1.0 (0.001)
Passed Fwd filter:                         1  (0.00103093); expected 0.0 (1e-05)
Initial search space (Z):                970  [actual number of targets]
Domain search space  (domZ):               1  [number of targets reported over threshold]
# CPU time: 0.01u 0.01s 00:00:00.02 Elapsed: 00:00:00.01
# Mc/sec: 12734.85
//
Query:       pchlide-04012025  [M=508]
Scores for complete sequences (score includes all domains):
   --- full sequence ---   --- best 1 domain ---    -#dom-
    E-value  score  bias    E-value  score  bias    exp  N  Sequence Description
    ------- ------ -----    ------- ------ -----   ---- --  -------- -----------

   [No hits detected that satisfy reporting thresholds]


Domain annotation for each sequence (and alignments):

   [No targets detected that satisfy reporting thresholds]


Internal pipeline statistics summary:
-------------------------------------
Query model(s):                            1  (508 nodes)
Target sequences:                        970  (298960 residues searched)
Passed MSV filter:                        25  (0.0257732); expected 19.4 (0.02)
Passed bias filter:                       16  (0.0164948); expected 19.4 (0.02)
Passed Vit filter:                         1  (0.00103093); expected 1.0 (0.001)
Passed Fwd filter:                         0  (0); expected 0.0 (1e-05)
Initial search space (Z):                970  [actual number of targets]
Domain search space  (domZ):               0  [number of targets reported over threshold]
# CPU time: 0.01u 0.00s 00:00:00.01 Elapsed: 00:00:00.00
# Mc/sec: 19327.85
//
[ok]
# hmmsearch :: search profile(s) against a sequence database
# HMMER 3.4 (Aug 2023); http://hmmer.org/
# Copyright (C) 2023 Howard Hughes Medical Institute.
# Freely distributed under the BSD open source license.
# - - - - - - - - - - - - - - - - - - - - - - - - - - - - - - - - - - - -
# query HMM file:                  ../HMMs/nifV_07242025.hmm
# target sequence database:        ../all_rep_proteins_aa/bacteria/GB_GCA_027452085.1_protein.faa
# - - - - - - - - - - - - - - - - - - - - - - - - - - - - - - - - - - - -

Query:       nifV-07242025  [M=437]
Scores for complete sequences (score includes all domains):
   --- full sequence ---   --- best 1 domain ---    -#dom-
    E-value  score  bias    E-value  score  bias    exp  N  Sequence Description
    ------- ------ -----    ------- ------ -----   ---- --  -------- -----------

   [No hits detected that satisfy reporting thresholds]


Domain annotation for each sequence (and alignments):

   [No targets detected that satisfy reporting thresholds]


Internal pipeline statistics summary:
-------------------------------------
Query model(s):                            1  (437 nodes)
Target sequences:                        970  (298960 residues searched)
Passed MSV filter:                        35  (0.0360825); expected 19.4 (0.02)
Passed bias filter:                       18  (0.0185567); expected 19.4 (0.02)
Passed Vit filter:                         1  (0.00103093); expected 1.0 (0.001)
Passed Fwd filter:                         0  (0); expected 0.0 (1e-05)
Initial search space (Z):                970  [actual number of targets]
Domain search space  (domZ):               0  [number of targets reported over threshold]
# CPU time: 0.00u 0.00s 00:00:00.00 Elapsed: 00:00:00.00
# Mc/sec: 17349.75
//
[ok]
