# hmmsearch :: search profile(s) against a sequence database
# HMMER 3.4 (Aug 2023); http://hmmer.org/
# Copyright (C) 2023 Howard Hughes Medical Institute.
# Freely distributed under the BSD open source license.
# - - - - - - - - - - - - - - - - - - - - - - - - - - - - - - - - - - - -
# query HMM file:                  ../HMMs/combined_nif_04012025.hmm
# target sequence database:        ../all_rep_proteins_aa/bacteria/GB_GCA_016699385.1_protein.faa
# - - - - - - - - - - - - - - - - - - - - - - - - - - - - - - - - - - - -

Query:       nifH-03292025  [M=327]
Scores for complete sequences (score includes all domains):
   --- full sequence ---   --- best 1 domain ---    -#dom-
    E-value  score  bias    E-value  score  bias    exp  N  Sequence       Description
    ------- ------ -----    ------- ------ -----   ---- --  --------       -----------
    7.7e-10   34.4   0.0    1.7e-06   23.4   0.0    2.1  2  CP064974.1_331  # 348778 # 349551 # 1 # ID=1_331;partial=00;s


Domain annotation for each sequence (and alignments):
>> CP064974.1_331  # 348778 # 349551 # 1 # ID=1_331;partial=00;start_type=ATG;rbs_motif=TTTT;rbs_spacer=3bp;gc_cont=0.53
   #    score  bias  c-Evalue  i-Evalue hmmfrom  hmm to    alifrom  ali to    envfrom  env to     acc
 ---   ------ ----- --------- --------- ------- -------    ------- -------    ------- -------    ----
   1 !   23.4   0.0   1.6e-09   1.7e-06      17      54 ..      11      48 ..       6      75 .. 0.88
   2 !    9.0   0.0   3.7e-05      0.04     150     256 ..     142     253 ..     139     256 .. 0.77

  Alignments for each domain:
  == domain 1  score: 23.4 bits;  conditional E-value: 1.6e-09
   nifH-03292025 17 KGGiGKSttasnlsaalaeegkkvlivGCdPKaDstrl 54
                    KGG+GK t + n++  la++gk+vl +  dP a +++ 
  CP064974.1_331 11 KGGVGKTTSTINIARYLADSGKRVLLIDLDPQANASSG 48
                    9*******************************987665 PP

  == domain 2  score: 9.0 bits;  conditional E-value: 3.7e-05
   nifH-03292025 150 devyivtsgemmalYaanniakgikkyaee..ggvrlgG..licNsrkvdkeeelveefaeklgtqiiaf.vprsnevqkaelekktvieaapds 239
                     dev++ + +e+ al     ++ +i  ++e+   + ++ G  l    r+ +  +++v+e+++++   +++  +prs  + +a   +k +++++  s
  CP064974.1_331 142 DEVIVPVQTEYYALEGLSQLLSTIDLVRERlrPELKIMGalLTLYDRRNRLARQVVQEVTDHFPGPVFKSvIPRSIRLAEAPSYGKSILDFDAFS 236
                     666666777777777777777777777776333334444223456778888999*********9999976279********************** PP

   nifH-03292025 240 eqakeyreLakkilenk 256
                     + a++y+++ ++i++ +
  CP064974.1_331 237 KGARSYKAVVREIIDRE 253
                     ************99865 PP



Internal pipeline statistics summary:
-------------------------------------
Query model(s):                            1  (327 nodes)
Target sequences:                       1076  (329105 residues searched)
Passed MSV filter:                        51  (0.0473978); expected 21.5 (0.02)
Passed bias filter:                       42  (0.0390335); expected 21.5 (0.02)
Passed Vit filter:                        10  (0.00929368); expected 1.1 (0.001)
Passed Fwd filter:                         1  (0.000929368); expected 0.0 (1e-05)
Initial search space (Z):               1076  [actual number of targets]
Domain search space  (domZ):               1  [number of targets reported over threshold]
# CPU time: 0.01u 0.00s 00:00:00.01 Elapsed: 00:00:00.01
# Mc/sec: 7766.04
//
Query:       nifD-03292025  [M=482]
Scores for complete sequences (score includes all domains):
   --- full sequence ---   --- best 1 domain ---    -#dom-
    E-value  score  bias    E-value  score  bias    exp  N  Sequence Description
    ------- ------ -----    ------- ------ -----   ---- --  -------- -----------

   [No hits detected that satisfy reporting thresholds]


Domain annotation for each sequence (and alignments):

   [No targets detected that satisfy reporting thresholds]


Internal pipeline statistics summary:
-------------------------------------
Query model(s):                            1  (482 nodes)
Target sequences:                       1076  (329105 residues searched)
Passed MSV filter:                        43  (0.0399628); expected 21.5 (0.02)
Passed bias filter:                       31  (0.0288104); expected 21.5 (0.02)
Passed Vit filter:                         2  (0.00185874); expected 1.1 (0.001)
Passed Fwd filter:                         0  (0); expected 0.0 (1e-05)
Initial search space (Z):               1076  [actual number of targets]
Domain search space  (domZ):               0  [number of targets reported over threshold]
# CPU time: 0.01u 0.00s 00:00:00.01 Elapsed: 00:00:00.00
# Mc/sec: 16079.90
//
Query:       nifK-03292025  [M=490]
Scores for complete sequences (score includes all domains):
   --- full sequence ---   --- best 1 domain ---    -#dom-
    E-value  score  bias    E-value  score  bias    exp  N  Sequence Description
    ------- ------ -----    ------- ------ -----   ---- --  -------- -----------

   [No hits detected that satisfy reporting thresholds]


Domain annotation for each sequence (and alignments):

   [No targets detected that satisfy reporting thresholds]


Internal pipeline statistics summary:
-------------------------------------
Query model(s):                            1  (490 nodes)
Target sequences:                       1076  (329105 residues searched)
Passed MSV filter:                        31  (0.0288104); expected 21.5 (0.02)
Passed bias filter:                       28  (0.0260223); expected 21.5 (0.02)
Passed Vit filter:                         2  (0.00185874); expected 1.1 (0.001)
Passed Fwd filter:                         0  (0); expected 0.0 (1e-05)
Initial search space (Z):               1076  [actual number of targets]
Domain search space  (domZ):               0  [number of targets reported over threshold]
# CPU time: 0.01u 0.00s 00:00:00.01 Elapsed: 00:00:00.00
# Mc/sec: 16759.80
//
Query:       nifB-03292025  [M=505]
Scores for complete sequences (score includes all domains):
   --- full sequence ---   --- best 1 domain ---    -#dom-
    E-value  score  bias    E-value  score  bias    exp  N  Sequence Description
    ------- ------ -----    ------- ------ -----   ---- --  -------- -----------

   [No hits detected that satisfy reporting thresholds]


Domain annotation for each sequence (and alignments):

   [No targets detected that satisfy reporting thresholds]


Internal pipeline statistics summary:
-------------------------------------
Query model(s):                            1  (505 nodes)
Target sequences:                       1076  (329105 residues searched)
Passed MSV filter:                        27  (0.0250929); expected 21.5 (0.02)
Passed bias filter:                       19  (0.017658); expected 21.5 (0.02)
Passed Vit filter:                         2  (0.00185874); expected 1.1 (0.001)
Passed Fwd filter:                         0  (0); expected 0.0 (1e-05)
Initial search space (Z):               1076  [actual number of targets]
Domain search space  (domZ):               0  [number of targets reported over threshold]
# CPU time: 0.01u 0.00s 00:00:00.01 Elapsed: 00:00:00.00
# Mc/sec: 17029.72
//
Query:       nifE-03292025  [M=556]
Scores for complete sequences (score includes all domains):
   --- full sequence ---   --- best 1 domain ---    -#dom-
    E-value  score  bias    E-value  score  bias    exp  N  Sequence Description
    ------- ------ -----    ------- ------ -----   ---- --  -------- -----------

   [No hits detected that satisfy reporting thresholds]


Domain annotation for each sequence (and alignments):

   [No targets detected that satisfy reporting thresholds]


Internal pipeline statistics summary:
-------------------------------------
Query model(s):                            1  (556 nodes)
Target sequences:                       1076  (329105 residues searched)
Passed MSV filter:                        42  (0.0390335); expected 21.5 (0.02)
Passed bias filter:                       30  (0.027881); expected 21.5 (0.02)
Passed Vit filter:                         4  (0.00371747); expected 1.1 (0.001)
Passed Fwd filter:                         0  (0); expected 0.0 (1e-05)
Initial search space (Z):               1076  [actual number of targets]
Domain search space  (domZ):               0  [number of targets reported over threshold]
# CPU time: 0.01u 0.00s 00:00:00.01 Elapsed: 00:00:00.01
# Mc/sec: 16046.37
//
Query:       nifN-03292025  [M=700]
Scores for complete sequences (score includes all domains):
   --- full sequence ---   --- best 1 domain ---    -#dom-
    E-value  score  bias    E-value  score  bias    exp  N  Sequence Description
    ------- ------ -----    ------- ------ -----   ---- --  -------- -----------

   [No hits detected that satisfy reporting thresholds]


Domain annotation for each sequence (and alignments):

   [No targets detected that satisfy reporting thresholds]


Internal pipeline statistics summary:
-------------------------------------
Query model(s):                            1  (700 nodes)
Target sequences:                       1076  (329105 residues searched)
Passed MSV filter:                        36  (0.0334572); expected 21.5 (0.02)
Passed bias filter:                       29  (0.0269517); expected 21.5 (0.02)
Passed Vit filter:                         1  (0.000929368); expected 1.1 (0.001)
Passed Fwd filter:                         0  (0); expected 0.0 (1e-05)
Initial search space (Z):               1076  [actual number of targets]
Domain search space  (domZ):               0  [number of targets reported over threshold]
# CPU time: 0.01u 0.00s 00:00:00.01 Elapsed: 00:00:00.01
# Mc/sec: 18676.04
//
Query:       pchlide-04012025  [M=508]
Scores for complete sequences (score includes all domains):
   --- full sequence ---   --- best 1 domain ---    -#dom-
    E-value  score  bias    E-value  score  bias    exp  N  Sequence Description
    ------- ------ -----    ------- ------ -----   ---- --  -------- -----------

   [No hits detected that satisfy reporting thresholds]


Domain annotation for each sequence (and alignments):

   [No targets detected that satisfy reporting thresholds]


Internal pipeline statistics summary:
-------------------------------------
Query model(s):                            1  (508 nodes)
Target sequences:                       1076  (329105 residues searched)
Passed MSV filter:                        31  (0.0288104); expected 21.5 (0.02)
Passed bias filter:                       25  (0.0232342); expected 21.5 (0.02)
Passed Vit filter:                         2  (0.00185874); expected 1.1 (0.001)
Passed Fwd filter:                         0  (0); expected 0.0 (1e-05)
Initial search space (Z):               1076  [actual number of targets]
Domain search space  (domZ):               0  [number of targets reported over threshold]
# CPU time: 0.02u 0.00s 00:00:00.02 Elapsed: 00:00:00.01
# Mc/sec: 16010.15
//
[ok]
# hmmsearch :: search profile(s) against a sequence database
# HMMER 3.4 (Aug 2023); http://hmmer.org/
# Copyright (C) 2023 Howard Hughes Medical Institute.
# Freely distributed under the BSD open source license.
# - - - - - - - - - - - - - - - - - - - - - - - - - - - - - - - - - - - -
# query HMM file:                  ../HMMs/nifV_07242025.hmm
# target sequence database:        ../all_rep_proteins_aa/bacteria/GB_GCA_016699385.1_protein.faa
# - - - - - - - - - - - - - - - - - - - - - - - - - - - - - - - - - - - -

Query:       nifV-07242025  [M=437]
Scores for complete sequences (score includes all domains):
   --- full sequence ---   --- best 1 domain ---    -#dom-
    E-value  score  bias    E-value  score  bias    exp  N  Sequence Description
    ------- ------ -----    ------- ------ -----   ---- --  -------- -----------

   [No hits detected that satisfy reporting thresholds]


Domain annotation for each sequence (and alignments):

   [No targets detected that satisfy reporting thresholds]


Internal pipeline statistics summary:
-------------------------------------
Query model(s):                            1  (437 nodes)
Target sequences:                       1076  (329105 residues searched)
Passed MSV filter:                        20  (0.0185874); expected 21.5 (0.02)
Passed bias filter:                       15  (0.0139405); expected 21.5 (0.02)
Passed Vit filter:                         1  (0.000929368); expected 1.1 (0.001)
Passed Fwd filter:                         0  (0); expected 0.0 (1e-05)
Initial search space (Z):               1076  [actual number of targets]
Domain search space  (domZ):               0  [number of targets reported over threshold]
# CPU time: 0.01u 0.00s 00:00:00.01 Elapsed: 00:00:00.00
# Mc/sec: 18882.80
//
[ok]
