# hmmsearch :: search profile(s) against a sequence database
# HMMER 3.4 (Aug 2023); http://hmmer.org/
# Copyright (C) 2023 Howard Hughes Medical Institute.
# Freely distributed under the BSD open source license.
# - - - - - - - - - - - - - - - - - - - - - - - - - - - - - - - - - - - -
# query HMM file:                  ../HMMs/combined_nif_04012025.hmm
# target sequence database:        ../all_rep_proteins_aa/bacteria/GB_GCA_017524785.1_protein.faa
# - - - - - - - - - - - - - - - - - - - - - - - - - - - - - - - - - - - -

Query:       nifH-03292025  [M=327]
Scores for complete sequences (score includes all domains):
   --- full sequence ---   --- best 1 domain ---    -#dom-
    E-value  score  bias    E-value  score  bias    exp  N  Sequence             Description
    ------- ------ -----    ------- ------ -----   ---- --  --------             -----------
    4.3e-13   45.8   0.4    3.7e-10   36.2   0.1    2.1  2  JAFXUY010000023.1_16  # 10711 # 11478 # -1 # ID=78_16;partial
    2.7e-06   23.5   0.2    6.8e-06   22.2   0.2    1.7  1  JAFXUY010000014.1_9   # 8835 # 9914 # 1 # ID=69_9;partial=00;
  ------ inclusion threshold ------
      0.013   11.3   0.0      0.018   10.9   0.0    1.1  1  JAFXUY010000059.1_12  # 13584 # 14006 # -1 # ID=118_12;partia


Domain annotation for each sequence (and alignments):
>> JAFXUY010000023.1_16  # 10711 # 11478 # -1 # ID=78_16;partial=00;start_type=ATG;rbs_motif=AATAA;rbs_spacer=4bp;gc_con
   #    score  bias  c-Evalue  i-Evalue hmmfrom  hmm to    alifrom  ali to    envfrom  env to     acc
 ---   ------ ----- --------- --------- ------- -------    ------- -------    ------- -------    ----
   1 !   36.2   0.1   6.2e-13   3.7e-10      17      55 ..      11      49 ..       2      77 .. 0.89
   2 !    8.1   0.0   0.00021      0.13     150     256 ..     142     253 ..     137     255 .. 0.75

  Alignments for each domain:
  == domain 1  score: 36.2 bits;  conditional E-value: 6.2e-13
         nifH-03292025 17 KGGiGKSttasnlsaalaeegkkvlivGCdPKaDstrll 55
                          KGG+GK tta nlsa la  +kkvl v CdP a +t+ l
  JAFXUY010000023.1_16 11 KGGVGKTTTAVNLSASLAVLEKKVLLVDCDPQANATSGL 49
                          9*********************************99876 PP

  == domain 2  score: 8.1 bits;  conditional E-value: 0.00021
         nifH-03292025 150 devyivtsgemmalYaanniakgikkyaee..ggvrlgGlicNs..rkvdkeeelveefaeklgtqiiaf.vprsnevqkaelekktvi 233
                           d+v++ + +e+ al     ++++i+ ++++   +  + G++  +   + +  +++ve++  +++  ++ + + r++++ +a   ++ +i
  JAFXUY010000023.1_16 142 DSVIVPIQSEYFALEGLGKLLNTIRIVQTRlnPKLAIEGMLITMydNRLRLARQVVEDVRGHFKQMVFDTlIFRNTKLAEAPSYGQPII 230
                           5666667778888888888888887777772234445565544411344567888999988888888765378999************* PP

         nifH-03292025 234 eaapdseqakeyreLakkilenk 256
                            ++  s+ a +y +La++il+ +
  JAFXUY010000023.1_16 231 MHDAASTGAINYLNLAQEILKRN 253
                           *******************9876 PP

>> JAFXUY010000014.1_9  # 8835 # 9914 # 1 # ID=69_9;partial=00;start_type=ATG;rbs_motif=AAA;rbs_spacer=10bp;gc_cont=0.57
   #    score  bias  c-Evalue  i-Evalue hmmfrom  hmm to    alifrom  ali to    envfrom  env to     acc
 ---   ------ ----- --------- --------- ------- -------    ------- -------    ------- -------    ----
   1 !   22.2   0.2   1.1e-08   6.8e-06      15      43 ..     105     133 ..      91     150 .. 0.87

  Alignments for each domain:
  == domain 1  score: 22.2 bits;  conditional E-value: 1.1e-08
        nifH-03292025  15 YGKGGiGKSttasnlsaalaeegkkvliv 43 
                           GKGG+GKSt+a nl+  la++g kv  v
  JAFXUY010000014.1_9 105 SGKGGVGKSTVAVNLAISLAKTGAKVGLV 133
                          5************************9665 PP

>> JAFXUY010000059.1_12  # 13584 # 14006 # -1 # ID=118_12;partial=00;start_type=TTG;rbs_motif=AAA;rbs_spacer=8bp;gc_cont
   #    score  bias  c-Evalue  i-Evalue hmmfrom  hmm to    alifrom  ali to    envfrom  env to     acc
 ---   ------ ----- --------- --------- ------- -------    ------- -------    ------- -------    ----
   1 ?   10.9   0.0     3e-05     0.018      10      36 ..      26      52 ..      17      56 .. 0.86

  Alignments for each domain:
  == domain 1  score: 10.9 bits;  conditional E-value: 3e-05
         nifH-03292025 10 rkiAiYGKGGiGKSttasnlsaalaee 36
                          r  A++GK G+GK t  ++l a l  e
  JAFXUY010000059.1_12 26 RFFAFFGKMGVGKTTLIKELCAELGVE 52
                          557******************999865 PP



Internal pipeline statistics summary:
-------------------------------------
Query model(s):                            1  (327 nodes)
Target sequences:                       1810  (630215 residues searched)
Passed MSV filter:                        79  (0.0436464); expected 36.2 (0.02)
Passed bias filter:                       57  (0.0314917); expected 36.2 (0.02)
Passed Vit filter:                         9  (0.00497238); expected 1.8 (0.001)
Passed Fwd filter:                         3  (0.00165746); expected 0.0 (1e-05)
Initial search space (Z):               1810  [actual number of targets]
Domain search space  (domZ):               3  [number of targets reported over threshold]
# CPU time: 0.01u 0.00s 00:00:00.01 Elapsed: 00:00:00.02
# Mc/sec: 10232.57
//
Query:       nifD-03292025  [M=482]
Scores for complete sequences (score includes all domains):
   --- full sequence ---   --- best 1 domain ---    -#dom-
    E-value  score  bias    E-value  score  bias    exp  N  Sequence Description
    ------- ------ -----    ------- ------ -----   ---- --  -------- -----------

   [No hits detected that satisfy reporting thresholds]


Domain annotation for each sequence (and alignments):

   [No targets detected that satisfy reporting thresholds]


Internal pipeline statistics summary:
-------------------------------------
Query model(s):                            1  (482 nodes)
Target sequences:                       1810  (630215 residues searched)
Passed MSV filter:                        81  (0.0447514); expected 36.2 (0.02)
Passed bias filter:                       50  (0.0276243); expected 36.2 (0.02)
Passed Vit filter:                         2  (0.00110497); expected 1.8 (0.001)
Passed Fwd filter:                         0  (0); expected 0.0 (1e-05)
Initial search space (Z):               1810  [actual number of targets]
Domain search space  (domZ):               0  [number of targets reported over threshold]
# CPU time: 0.01u 0.00s 00:00:00.01 Elapsed: 00:00:00.01
# Mc/sec: 18675.39
//
Query:       nifK-03292025  [M=490]
Scores for complete sequences (score includes all domains):
   --- full sequence ---   --- best 1 domain ---    -#dom-
    E-value  score  bias    E-value  score  bias    exp  N  Sequence Description
    ------- ------ -----    ------- ------ -----   ---- --  -------- -----------

   [No hits detected that satisfy reporting thresholds]


Domain annotation for each sequence (and alignments):

   [No targets detected that satisfy reporting thresholds]


Internal pipeline statistics summary:
-------------------------------------
Query model(s):                            1  (490 nodes)
Target sequences:                       1810  (630215 residues searched)
Passed MSV filter:                        44  (0.0243094); expected 36.2 (0.02)
Passed bias filter:                       35  (0.019337); expected 36.2 (0.02)
Passed Vit filter:                         1  (0.000552486); expected 1.8 (0.001)
Passed Fwd filter:                         0  (0); expected 0.0 (1e-05)
Initial search space (Z):               1810  [actual number of targets]
Domain search space  (domZ):               0  [number of targets reported over threshold]
# CPU time: 0.01u 0.01s 00:00:00.02 Elapsed: 00:00:00.01
# Mc/sec: 21501.02
//
Query:       nifB-03292025  [M=505]
Scores for complete sequences (score includes all domains):
   --- full sequence ---   --- best 1 domain ---    -#dom-
    E-value  score  bias    E-value  score  bias    exp  N  Sequence Description
    ------- ------ -----    ------- ------ -----   ---- --  -------- -----------

   [No hits detected that satisfy reporting thresholds]


Domain annotation for each sequence (and alignments):

   [No targets detected that satisfy reporting thresholds]


Internal pipeline statistics summary:
-------------------------------------
Query model(s):                            1  (505 nodes)
Target sequences:                       1810  (630215 residues searched)
Passed MSV filter:                        72  (0.039779); expected 36.2 (0.02)
Passed bias filter:                       47  (0.0259669); expected 36.2 (0.02)
Passed Vit filter:                         5  (0.00276243); expected 1.8 (0.001)
Passed Fwd filter:                         0  (0); expected 0.0 (1e-05)
Initial search space (Z):               1810  [actual number of targets]
Domain search space  (domZ):               0  [number of targets reported over threshold]
# CPU time: 0.01u 0.00s 00:00:00.01 Elapsed: 00:00:00.01
# Mc/sec: 19072.24
//
Query:       nifE-03292025  [M=556]
Scores for complete sequences (score includes all domains):
   --- full sequence ---   --- best 1 domain ---    -#dom-
    E-value  score  bias    E-value  score  bias    exp  N  Sequence Description
    ------- ------ -----    ------- ------ -----   ---- --  -------- -----------

   [No hits detected that satisfy reporting thresholds]


Domain annotation for each sequence (and alignments):

   [No targets detected that satisfy reporting thresholds]


Internal pipeline statistics summary:
-------------------------------------
Query model(s):                            1  (556 nodes)
Target sequences:                       1810  (630215 residues searched)
Passed MSV filter:                        65  (0.0359116); expected 36.2 (0.02)
Passed bias filter:                       42  (0.0232044); expected 36.2 (0.02)
Passed Vit filter:                         4  (0.00220994); expected 1.8 (0.001)
Passed Fwd filter:                         0  (0); expected 0.0 (1e-05)
Initial search space (Z):               1810  [actual number of targets]
Domain search space  (domZ):               0  [number of targets reported over threshold]
# CPU time: 0.02u 0.00s 00:00:00.02 Elapsed: 00:00:00.01
# Mc/sec: 30524.48
//
Query:       nifN-03292025  [M=700]
Scores for complete sequences (score includes all domains):
   --- full sequence ---   --- best 1 domain ---    -#dom-
    E-value  score  bias    E-value  score  bias    exp  N  Sequence Description
    ------- ------ -----    ------- ------ -----   ---- --  -------- -----------

   [No hits detected that satisfy reporting thresholds]


Domain annotation for each sequence (and alignments):

   [No targets detected that satisfy reporting thresholds]


Internal pipeline statistics summary:
-------------------------------------
Query model(s):                            1  (700 nodes)
Target sequences:                       1810  (630215 residues searched)
Passed MSV filter:                        74  (0.040884); expected 36.2 (0.02)
Passed bias filter:                       55  (0.0303867); expected 36.2 (0.02)
Passed Vit filter:                         4  (0.00220994); expected 1.8 (0.001)
Passed Fwd filter:                         0  (0); expected 0.0 (1e-05)
Initial search space (Z):               1810  [actual number of targets]
Domain search space  (domZ):               0  [number of targets reported over threshold]
# CPU time: 0.03u 0.00s 00:00:00.03 Elapsed: 00:00:00.02
# Mc/sec: 18108.25
//
Query:       pchlide-04012025  [M=508]
Scores for complete sequences (score includes all domains):
   --- full sequence ---   --- best 1 domain ---    -#dom-
    E-value  score  bias    E-value  score  bias    exp  N  Sequence Description
    ------- ------ -----    ------- ------ -----   ---- --  -------- -----------

   [No hits detected that satisfy reporting thresholds]


Domain annotation for each sequence (and alignments):

   [No targets detected that satisfy reporting thresholds]


Internal pipeline statistics summary:
-------------------------------------
Query model(s):                            1  (508 nodes)
Target sequences:                       1810  (630215 residues searched)
Passed MSV filter:                        60  (0.0331492); expected 36.2 (0.02)
Passed bias filter:                       43  (0.0237569); expected 36.2 (0.02)
Passed Vit filter:                         3  (0.00165746); expected 1.8 (0.001)
Passed Fwd filter:                         0  (0); expected 0.0 (1e-05)
Initial search space (Z):               1810  [actual number of targets]
Domain search space  (domZ):               0  [number of targets reported over threshold]
# CPU time: 0.02u 0.00s 00:00:00.02 Elapsed: 00:00:00.01
# Mc/sec: 18768.15
//
[ok]
# hmmsearch :: search profile(s) against a sequence database
# HMMER 3.4 (Aug 2023); http://hmmer.org/
# Copyright (C) 2023 Howard Hughes Medical Institute.
# Freely distributed under the BSD open source license.
# - - - - - - - - - - - - - - - - - - - - - - - - - - - - - - - - - - - -
# query HMM file:                  ../HMMs/nifV_07242025.hmm
# target sequence database:        ../all_rep_proteins_aa/bacteria/GB_GCA_017524785.1_protein.faa
# - - - - - - - - - - - - - - - - - - - - - - - - - - - - - - - - - - - -

Query:       nifV-07242025  [M=437]
Scores for complete sequences (score includes all domains):
   --- full sequence ---   --- best 1 domain ---    -#dom-
    E-value  score  bias    E-value  score  bias    exp  N  Sequence            Description
    ------- ------ -----    ------- ------ -----   ---- --  --------            -----------
    0.00028   16.7   0.0    0.00044   16.1   0.0    1.3  1  JAFXUY010000031.1_5  # 7408 # 9177 # 1 # ID=86_5;partial=00;s


Domain annotation for each sequence (and alignments):
>> JAFXUY010000031.1_5  # 7408 # 9177 # 1 # ID=86_5;partial=00;start_type=ATG;rbs_motif=AATAA;rbs_spacer=13bp;gc_cont=0.
   #    score  bias  c-Evalue  i-Evalue hmmfrom  hmm to    alifrom  ali to    envfrom  env to     acc
 ---   ------ ----- --------- --------- ------- -------    ------- -------    ------- -------    ----
   1 !   16.1   0.0   2.4e-07   0.00044     160     231 ..     160     232 ..     125     237 .. 0.87

  Alignments for each domain:
  == domain 1  score: 16.1 bits;  conditional E-value: 2.4e-07
        nifV-07242025 160 evaevaqeaGasrlRfaDTlGildPfttlekvkkLraal.dlelEmHaHnDlGlAtANtlaavkaGathvntt 231
                           +++   e Ga  + + D  G+  P t  + v++++++  ++ +  H H   Gl+ A tl+ ++aGa  ++  
  JAFXUY010000031.1_5 160 GIVDKLVEFGADEIALKDMAGVGRPATLGRLVSEIKKKYpHIVVQYHGHTGPGLSMASTLMVAEAGADVIDCA 232
                          577778899**************************998735899***********************999865 PP



Internal pipeline statistics summary:
-------------------------------------
Query model(s):                            1  (437 nodes)
Target sequences:                       1810  (630215 residues searched)
Passed MSV filter:                        57  (0.0314917); expected 36.2 (0.02)
Passed bias filter:                       40  (0.0220994); expected 36.2 (0.02)
Passed Vit filter:                         2  (0.00110497); expected 1.8 (0.001)
Passed Fwd filter:                         1  (0.000552486); expected 0.0 (1e-05)
Initial search space (Z):               1810  [actual number of targets]
Domain search space  (domZ):               1  [number of targets reported over threshold]
# CPU time: 0.02u 0.00s 00:00:00.02 Elapsed: 00:00:00.01
# Mc/sec: 21672.02
//
[ok]
