# hmmsearch :: search profile(s) against a sequence database
# HMMER 3.4 (Aug 2023); http://hmmer.org/
# Copyright (C) 2023 Howard Hughes Medical Institute.
# Freely distributed under the BSD open source license.
# - - - - - - - - - - - - - - - - - - - - - - - - - - - - - - - - - - - -
# query HMM file:                  ../HMMs/combined_nif_04012025.hmm
# target sequence database:        ../all_rep_proteins_aa/bacteria/GB_GCA_944363745.1_protein.faa
# - - - - - - - - - - - - - - - - - - - - - - - - - - - - - - - - - - - -

Query:       nifH-03292025  [M=327]
Scores for complete sequences (score includes all domains):
   --- full sequence ---   --- best 1 domain ---    -#dom-
    E-value  score  bias    E-value  score  bias    exp  N  Sequence            Description
    ------- ------ -----    ------- ------ -----   ---- --  --------            -----------
      4e-12   42.1   0.3    3.5e-08   29.1   0.4    2.1  2  CALVVD010000013.1_5  # 2763 # 3551 # -1 # ID=13_5;partial=00;
    2.4e-06   23.1   0.3    1.7e-05   20.3   0.0    2.1  2  CALVVD010000023.1_4  # 2139 # 2864 # 1 # ID=23_4;partial=00;s
     0.0094   11.3   0.3       0.16    7.2   0.0    2.0  2  CALVVD010000130.1_2  # 1207 # 2094 # -1 # ID=130_2;partial=00
  ------ inclusion threshold ------
      0.012   10.9   0.0      0.018   10.4   0.0    1.2  1  CALVVD010000009.1_9  # 9044 # 10258 # -1 # ID=9_9;partial=00;


Domain annotation for each sequence (and alignments):
>> CALVVD010000013.1_5  # 2763 # 3551 # -1 # ID=13_5;partial=00;start_type=ATG;rbs_motif=GGA/GAG/AGG;rbs_spacer=5-10bp;g
   #    score  bias  c-Evalue  i-Evalue hmmfrom  hmm to    alifrom  ali to    envfrom  env to     acc
 ---   ------ ----- --------- --------- ------- -------    ------- -------    ------- -------    ----
   1 !   29.1   0.4   1.1e-10   3.5e-08      17      72 ..      11      68 ..       5      86 .. 0.78
   2 !   11.0   0.0   3.8e-05     0.012     151     255 ..     150     259 ..     145     262 .. 0.79

  Alignments for each domain:
  == domain 1  score: 29.1 bits;  conditional E-value: 1.1e-10
        nifH-03292025 17 KGGiGKSttasnlsaalaeegkkvlivGCdPKaDstrl..llggkaqktvldllrekg 72
                         KGG+GK tt+ nlsa la  gkkvl v  dP   +t+   + +g    +v d+l +k 
  CALVVD010000013.1_5 11 KGGVGKTTTSINLSASLAFLGKKVLLVDLDPQGNTTTGvgINKGDINLSVYDVLTNKC 68
                         9*******************************99997512456666667777777664 PP

  == domain 2  score: 11.0 bits;  conditional E-value: 3.8e-05
        nifH-03292025 151 evyivtsgemmalYaanniakgikkyaee..ggvrlgGlicNsrkvdke..eelveefaeklgtqiiaf.vprsnevqkaelekktviea 235
                          +v+i + +e+ al     ++++i+  +++   +  + G++  + +++++   e+v+++ + ++ ++ ++ +pr   +++a  +++ +i +
  CALVVD010000013.1_5 150 SVIIPVQCEFFALEGIMQLLNTIRLAQKQlnPNLDIEGVLLTMLDSRTNlgFEVVDDIRKFFKEKVYNTiIPRLIRLTEAPSHGEPIIVY 239
                          67777778888888888888888877777434566778888776665552268999999999999987527999**************** PP

        nifH-03292025 236 apdseqakeyreLakkilen 255
                          +p+s+  ++y +Lak++++ 
  CALVVD010000013.1_5 240 DPKSKGSEAYLNLAKEVIDR 259
                          ****************9875 PP

>> CALVVD010000023.1_4  # 2139 # 2864 # 1 # ID=23_4;partial=00;start_type=ATG;rbs_motif=AGGAG;rbs_spacer=5-10bp;gc_cont=
   #    score  bias  c-Evalue  i-Evalue hmmfrom  hmm to    alifrom  ali to    envfrom  env to     acc
 ---   ------ ----- --------- --------- ------- -------    ------- -------    ------- -------    ----
   1 !   20.3   0.0   5.5e-08   1.7e-05      19      48 ..      46      75 ..      30     127 .. 0.87
   2 ?    0.9   0.1     0.044        14     174     197 ..     194     217 ..     166     237 .. 0.61

  Alignments for each domain:
  == domain 1  score: 20.3 bits;  conditional E-value: 5.5e-08
        nifH-03292025 19 GiGKSttasnlsaalaeegkkvlivGCdPK 48
                         G GKS +++nl++a a+egkkvl+v Cd +
  CALVVD010000023.1_4 46 GDGKSFITANLAVAYAQEGKKVLVVDCDLR 75
                         77**************************65 PP

  == domain 2  score: 0.9 bits;  conditional E-value: 0.044
        nifH-03292025 174 kkyaeeggvrlgGlicNsrkvdke 197
                          kk+ e+ ++++ G+i N+ +v+++
  CALVVD010000023.1_4 194 KKVFEKANTKISGVIINKASVKDN 217
                          233344555555666655555443 PP

>> CALVVD010000130.1_2  # 1207 # 2094 # -1 # ID=130_2;partial=00;start_type=ATG;rbs_motif=AGGAGG;rbs_spacer=5-10bp;gc_co
   #    score  bias  c-Evalue  i-Evalue hmmfrom  hmm to    alifrom  ali to    envfrom  env to     acc
 ---   ------ ----- --------- --------- ------- -------    ------- -------    ------- -------    ----
   1 !    7.2   0.0   0.00052      0.16      10      27 ..      38      55 ..      27      60 .. 0.84
   2 ?    2.1   0.0     0.019       5.9     238     315 ..     172     269 ..     158     280 .. 0.52

  Alignments for each domain:
  == domain 1  score: 7.2 bits;  conditional E-value: 0.00052
        nifH-03292025 10 rkiAiYGKGGiGKSttas 27
                          k+ i+GK G+GKS+  +
  CALVVD010000130.1_2 38 PKVGIFGKTGVGKSSLCN 55
                         5899**********9765 PP

  == domain 2  score: 2.1 bits;  conditional E-value: 0.019
        nifH-03292025 238 dseqakeyreLakkilenk.......klvipkpls.eeeleellael..........glleeede..vgkkaaeaaaaaakllglegvld 307
                          +++  + y+++ +k+++         ++vip + s + +l++l+ e+          +l+++ d+  ++++a+e+++++ + + +++v+d
  CALVVD010000130.1_2 172 HEPGVQLYQKIGRKVEAVAdqfhipaSKVIPVSASeKYNLTKLVDEIvfalpkeknyTLFKAVDNkfKSEAASEHVKKSIVEVVVDAVRD 261
                          555666777777777544333334336666655541567888888886555544444333333222222233333333333444444445 PP

        nifH-03292025 308 laeklvda 315
                           a++++d+
  CALVVD010000130.1_2 262 VADSVADV 269
                          44444444 PP

>> CALVVD010000009.1_9  # 9044 # 10258 # -1 # ID=9_9;partial=00;start_type=ATG;rbs_motif=GGA/GAG/AGG;rbs_spacer=5-10bp;g
   #    score  bias  c-Evalue  i-Evalue hmmfrom  hmm to    alifrom  ali to    envfrom  env to     acc
 ---   ------ ----- --------- --------- ------- -------    ------- -------    ------- -------    ----
   1 ?   10.4   0.0   5.6e-05     0.018       6      59 ..      36      88 ..      31     114 .. 0.71

  Alignments for each domain:
  == domain 1  score: 10.4 bits;  conditional E-value: 5.6e-05
        nifH-03292025  6 akkmrkiAiYGKGGiGKSttasnlsaalaeegkkvlivGCdPKaDstrlllggk 59
                         +kk+    +YGK GiGK ++a+ +   l  + ++ l    + K+D   ++ ++k
  CALVVD010000009.1_9 36 NKKLFSFVLYGKPGIGKTSIAKAIINDLGVR-YRFLNATINSKKDLDIVIEEAK 88
                         566778899*************999988764.5666666666666655555555 PP



Internal pipeline statistics summary:
-------------------------------------
Query model(s):                            1  (327 nodes)
Target sequences:                       1260  (336592 residues searched)
Passed MSV filter:                       118  (0.0936508); expected 25.2 (0.02)
Passed bias filter:                       76  (0.0603175); expected 25.2 (0.02)
Passed Vit filter:                        13  (0.0103175); expected 1.3 (0.001)
Passed Fwd filter:                         4  (0.0031746); expected 0.0 (1e-05)
Initial search space (Z):               1260  [actual number of targets]
Domain search space  (domZ):               4  [number of targets reported over threshold]
# CPU time: 0.01u 0.00s 00:00:00.01 Elapsed: 00:00:00.02
# Mc/sec: 5002.92
//
Query:       nifD-03292025  [M=482]
Scores for complete sequences (score includes all domains):
   --- full sequence ---   --- best 1 domain ---    -#dom-
    E-value  score  bias    E-value  score  bias    exp  N  Sequence Description
    ------- ------ -----    ------- ------ -----   ---- --  -------- -----------

   [No hits detected that satisfy reporting thresholds]


Domain annotation for each sequence (and alignments):

   [No targets detected that satisfy reporting thresholds]


Internal pipeline statistics summary:
-------------------------------------
Query model(s):                            1  (482 nodes)
Target sequences:                       1260  (336592 residues searched)
Passed MSV filter:                        92  (0.0730159); expected 25.2 (0.02)
Passed bias filter:                       30  (0.0238095); expected 25.2 (0.02)
Passed Vit filter:                         7  (0.00555556); expected 1.3 (0.001)
Passed Fwd filter:                         0  (0); expected 0.0 (1e-05)
Initial search space (Z):               1260  [actual number of targets]
Domain search space  (domZ):               0  [number of targets reported over threshold]
# CPU time: 0.01u 0.00s 00:00:00.01 Elapsed: 00:00:00.00
# Mc/sec: 17806.07
//
Query:       nifK-03292025  [M=490]
Scores for complete sequences (score includes all domains):
   --- full sequence ---   --- best 1 domain ---    -#dom-
    E-value  score  bias    E-value  score  bias    exp  N  Sequence Description
    ------- ------ -----    ------- ------ -----   ---- --  -------- -----------

   [No hits detected that satisfy reporting thresholds]


Domain annotation for each sequence (and alignments):

   [No targets detected that satisfy reporting thresholds]


Internal pipeline statistics summary:
-------------------------------------
Query model(s):                            1  (490 nodes)
Target sequences:                       1260  (336592 residues searched)
Passed MSV filter:                        62  (0.0492063); expected 25.2 (0.02)
Passed bias filter:                       23  (0.018254); expected 25.2 (0.02)
Passed Vit filter:                         3  (0.00238095); expected 1.3 (0.001)
Passed Fwd filter:                         0  (0); expected 0.0 (1e-05)
Initial search space (Z):               1260  [actual number of targets]
Domain search space  (domZ):               0  [number of targets reported over threshold]
# CPU time: 0.01u 0.01s 00:00:00.02 Elapsed: 00:00:00.00
# Mc/sec: 22100.82
//
Query:       nifB-03292025  [M=505]
Scores for complete sequences (score includes all domains):
   --- full sequence ---   --- best 1 domain ---    -#dom-
    E-value  score  bias    E-value  score  bias    exp  N  Sequence Description
    ------- ------ -----    ------- ------ -----   ---- --  -------- -----------

   [No hits detected that satisfy reporting thresholds]


Domain annotation for each sequence (and alignments):

   [No targets detected that satisfy reporting thresholds]


Internal pipeline statistics summary:
-------------------------------------
Query model(s):                            1  (505 nodes)
Target sequences:                       1260  (336592 residues searched)
Passed MSV filter:                        53  (0.0420635); expected 25.2 (0.02)
Passed bias filter:                       26  (0.0206349); expected 25.2 (0.02)
Passed Vit filter:                         4  (0.0031746); expected 1.3 (0.001)
Passed Fwd filter:                         0  (0); expected 0.0 (1e-05)
Initial search space (Z):               1260  [actual number of targets]
Domain search space  (domZ):               0  [number of targets reported over threshold]
# CPU time: 0.01u 0.00s 00:00:00.01 Elapsed: 00:00:00.00
# Mc/sec: 21713.59
//
Query:       nifE-03292025  [M=556]
Scores for complete sequences (score includes all domains):
   --- full sequence ---   --- best 1 domain ---    -#dom-
    E-value  score  bias    E-value  score  bias    exp  N  Sequence Description
    ------- ------ -----    ------- ------ -----   ---- --  -------- -----------

   [No hits detected that satisfy reporting thresholds]


Domain annotation for each sequence (and alignments):

   [No targets detected that satisfy reporting thresholds]


Internal pipeline statistics summary:
-------------------------------------
Query model(s):                            1  (556 nodes)
Target sequences:                       1260  (336592 residues searched)
Passed MSV filter:                        63  (0.05); expected 25.2 (0.02)
Passed bias filter:                       38  (0.0301587); expected 25.2 (0.02)
Passed Vit filter:                         4  (0.0031746); expected 1.3 (0.001)
Passed Fwd filter:                         0  (0); expected 0.0 (1e-05)
Initial search space (Z):               1260  [actual number of targets]
Domain search space  (domZ):               0  [number of targets reported over threshold]
# CPU time: 0.01u 0.00s 00:00:00.01 Elapsed: 00:00:00.01
# Mc/sec: 18439.11
//
Query:       nifN-03292025  [M=700]
Scores for complete sequences (score includes all domains):
   --- full sequence ---   --- best 1 domain ---    -#dom-
    E-value  score  bias    E-value  score  bias    exp  N  Sequence Description
    ------- ------ -----    ------- ------ -----   ---- --  -------- -----------

   [No hits detected that satisfy reporting thresholds]


Domain annotation for each sequence (and alignments):

   [No targets detected that satisfy reporting thresholds]


Internal pipeline statistics summary:
-------------------------------------
Query model(s):                            1  (700 nodes)
Target sequences:                       1260  (336592 residues searched)
Passed MSV filter:                        65  (0.0515873); expected 25.2 (0.02)
Passed bias filter:                       46  (0.0365079); expected 25.2 (0.02)
Passed Vit filter:                         1  (0.000793651); expected 1.3 (0.001)
Passed Fwd filter:                         0  (0); expected 0.0 (1e-05)
Initial search space (Z):               1260  [actual number of targets]
Domain search space  (domZ):               0  [number of targets reported over threshold]
# CPU time: 0.02u 0.00s 00:00:00.02 Elapsed: 00:00:00.01
# Mc/sec: 20633.18
//
Query:       pchlide-04012025  [M=508]
Scores for complete sequences (score includes all domains):
   --- full sequence ---   --- best 1 domain ---    -#dom-
    E-value  score  bias    E-value  score  bias    exp  N  Sequence Description
    ------- ------ -----    ------- ------ -----   ---- --  -------- -----------

   [No hits detected that satisfy reporting thresholds]


Domain annotation for each sequence (and alignments):

   [No targets detected that satisfy reporting thresholds]


Internal pipeline statistics summary:
-------------------------------------
Query model(s):                            1  (508 nodes)
Target sequences:                       1260  (336592 residues searched)
Passed MSV filter:                        43  (0.034127); expected 25.2 (0.02)
Passed bias filter:                       26  (0.0206349); expected 25.2 (0.02)
Passed Vit filter:                         3  (0.00238095); expected 1.3 (0.001)
Passed Fwd filter:                         0  (0); expected 0.0 (1e-05)
Initial search space (Z):               1260  [actual number of targets]
Domain search space  (domZ):               0  [number of targets reported over threshold]
# CPU time: 0.01u 0.00s 00:00:00.01 Elapsed: 00:00:00.00
# Mc/sec: 20491.19
//
[ok]
# hmmsearch :: search profile(s) against a sequence database
# HMMER 3.4 (Aug 2023); http://hmmer.org/
# Copyright (C) 2023 Howard Hughes Medical Institute.
# Freely distributed under the BSD open source license.
# - - - - - - - - - - - - - - - - - - - - - - - - - - - - - - - - - - - -
# query HMM file:                  ../HMMs/nifV_07242025.hmm
# target sequence database:        ../all_rep_proteins_aa/bacteria/GB_GCA_944363745.1_protein.faa
# - - - - - - - - - - - - - - - - - - - - - - - - - - - - - - - - - - - -

Query:       nifV-07242025  [M=437]
Scores for complete sequences (score includes all domains):
   --- full sequence ---   --- best 1 domain ---    -#dom-
    E-value  score  bias    E-value  score  bias    exp  N  Sequence Description
    ------- ------ -----    ------- ------ -----   ---- --  -------- -----------

   [No hits detected that satisfy reporting thresholds]


Domain annotation for each sequence (and alignments):

   [No targets detected that satisfy reporting thresholds]


Internal pipeline statistics summary:
-------------------------------------
Query model(s):                            1  (437 nodes)
Target sequences:                       1260  (336592 residues searched)
Passed MSV filter:                        33  (0.0261905); expected 25.2 (0.02)
Passed bias filter:                       29  (0.0230159); expected 25.2 (0.02)
Passed Vit filter:                         2  (0.0015873); expected 1.3 (0.001)
Passed Fwd filter:                         0  (0); expected 0.0 (1e-05)
Initial search space (Z):               1260  [actual number of targets]
Domain search space  (domZ):               0  [number of targets reported over threshold]
# CPU time: 0.01u 0.00s 00:00:00.01 Elapsed: 00:00:00.00
# Mc/sec: 18164.55
//
[ok]
