# hmmsearch :: search profile(s) against a sequence database
# HMMER 3.4 (Aug 2023); http://hmmer.org/
# Copyright (C) 2023 Howard Hughes Medical Institute.
# Freely distributed under the BSD open source license.
# - - - - - - - - - - - - - - - - - - - - - - - - - - - - - - - - - - - -
# query HMM file:                  ../HMMs/combined_nif_04012025.hmm
# target sequence database:        ../all_rep_proteins_aa/bacteria/GB_GCA_938045395.1_protein.faa
# - - - - - - - - - - - - - - - - - - - - - - - - - - - - - - - - - - - -

Query:       nifH-03292025  [M=327]
Scores for complete sequences (score includes all domains):
   --- full sequence ---   --- best 1 domain ---    -#dom-
    E-value  score  bias    E-value  score  bias    exp  N  Sequence             Description
    ------- ------ -----    ------- ------ -----   ---- --  --------             -----------
    1.1e-07   26.7   0.0    1.4e-05   19.8   0.0    2.1  2  CALIBE010000009.1_10  # 7921 # 8718 # -1 # ID=9_10;partial=00


Domain annotation for each sequence (and alignments):
>> CALIBE010000009.1_10  # 7921 # 8718 # -1 # ID=9_10;partial=00;start_type=GTG;rbs_motif=GGAG/GAGG;rbs_spacer=5-10bp;gc
   #    score  bias  c-Evalue  i-Evalue hmmfrom  hmm to    alifrom  ali to    envfrom  env to     acc
 ---   ------ ----- --------- --------- ------- -------    ------- -------    ------- -------    ----
   1 !   19.8   0.0   1.9e-08   1.4e-05      12      53 ..       4      47 ..       1      85 [. 0.83
   2 !    5.0   0.0   0.00062      0.44     149     254 ..     149     259 ..     146     262 .. 0.73

  Alignments for each domain:
  == domain 1  score: 19.8 bits;  conditional E-value: 1.9e-08
         nifH-03292025 12 iAiY.GKGGiGKSttasnlsaala.eegkkvlivGCdPKaDstr 53
                          iAi   KGG+GK tta nl++ la +++ +vl v  dP   +++
  CALIBE010000009.1_10  4 IAITnQKGGVGKTTTAVNLAYYLAkNHEARVLLVDFDPQGNASS 47
                          6654159*****************66789*********877655 PP

  == domain 2  score: 5.0 bits;  conditional E-value: 0.00062
         nifH-03292025 149 adevyivtsgemmalYaanniakgikkyaeeggvrlg..GlicNsr..kvdkeeelveefaeklgtqiia.fvprsnevqkaelekktv 232
                           ad+v + t  e+ a+     ++++++ ++++ + +lg  G+++ ++  +++ +++   e+a+ +  +ii+  +pr+  + +a  ++  v
  CALIBE010000009.1_10 149 ADSVLLPTQPEFFAIEGLTQLLETMALVRKSINPTLGllGVLVTMMdkRTALNQQAYLEVAKYFPGKIIEpAIPRNVRLAEAPSHGLPV 237
                           566666667777777777777777666666655444322544443301344567778889999999999757***************** PP

         nifH-03292025 233 ieaapdseqakeyreLakkile 254
                             ++  s+ a++y+++ak++++
  CALIBE010000009.1_10 238 GAYDRFSKGARAYKAVAKEVAK 259
                           ******************9976 PP



Internal pipeline statistics summary:
-------------------------------------
Query model(s):                            1  (327 nodes)
Target sequences:                        717  (240072 residues searched)
Passed MSV filter:                        43  (0.0599721); expected 14.3 (0.02)
Passed bias filter:                       36  (0.0502092); expected 14.3 (0.02)
Passed Vit filter:                        10  (0.013947); expected 0.7 (0.001)
Passed Fwd filter:                         1  (0.0013947); expected 0.0 (1e-05)
Initial search space (Z):                717  [actual number of targets]
Domain search space  (domZ):               1  [number of targets reported over threshold]
# CPU time: 0.01u 0.00s 00:00:00.01 Elapsed: 00:00:00.01
# Mc/sec: 5533.93
//
Query:       nifD-03292025  [M=482]
Scores for complete sequences (score includes all domains):
   --- full sequence ---   --- best 1 domain ---    -#dom-
    E-value  score  bias    E-value  score  bias    exp  N  Sequence Description
    ------- ------ -----    ------- ------ -----   ---- --  -------- -----------

   [No hits detected that satisfy reporting thresholds]


Domain annotation for each sequence (and alignments):

   [No targets detected that satisfy reporting thresholds]


Internal pipeline statistics summary:
-------------------------------------
Query model(s):                            1  (482 nodes)
Target sequences:                        717  (240072 residues searched)
Passed MSV filter:                        31  (0.0432357); expected 14.3 (0.02)
Passed bias filter:                       19  (0.0264993); expected 14.3 (0.02)
Passed Vit filter:                         2  (0.0027894); expected 0.7 (0.001)
Passed Fwd filter:                         0  (0); expected 0.0 (1e-05)
Initial search space (Z):                717  [actual number of targets]
Domain search space  (domZ):               0  [number of targets reported over threshold]
# CPU time: 0.00u 0.00s 00:00:00.00 Elapsed: 00:00:00.00
# Mc/sec: 13416.96
//
Query:       nifK-03292025  [M=490]
Scores for complete sequences (score includes all domains):
   --- full sequence ---   --- best 1 domain ---    -#dom-
    E-value  score  bias    E-value  score  bias    exp  N  Sequence Description
    ------- ------ -----    ------- ------ -----   ---- --  -------- -----------

   [No hits detected that satisfy reporting thresholds]


Domain annotation for each sequence (and alignments):

   [No targets detected that satisfy reporting thresholds]


Internal pipeline statistics summary:
-------------------------------------
Query model(s):                            1  (490 nodes)
Target sequences:                        717  (240072 residues searched)
Passed MSV filter:                        14  (0.0195258); expected 14.3 (0.02)
Passed bias filter:                       10  (0.013947); expected 14.3 (0.02)
Passed Vit filter:                         1  (0.0013947); expected 0.7 (0.001)
Passed Fwd filter:                         0  (0); expected 0.0 (1e-05)
Initial search space (Z):                717  [actual number of targets]
Domain search space  (domZ):               0  [number of targets reported over threshold]
# CPU time: 0.01u 0.00s 00:00:00.01 Elapsed: 00:00:00.00
# Mc/sec: 15155.27
//
Query:       nifB-03292025  [M=505]
Scores for complete sequences (score includes all domains):
   --- full sequence ---   --- best 1 domain ---    -#dom-
    E-value  score  bias    E-value  score  bias    exp  N  Sequence Description
    ------- ------ -----    ------- ------ -----   ---- --  -------- -----------

   [No hits detected that satisfy reporting thresholds]


Domain annotation for each sequence (and alignments):

   [No targets detected that satisfy reporting thresholds]


Internal pipeline statistics summary:
-------------------------------------
Query model(s):                            1  (505 nodes)
Target sequences:                        717  (240072 residues searched)
Passed MSV filter:                        23  (0.0320781); expected 14.3 (0.02)
Passed bias filter:                       12  (0.0167364); expected 14.3 (0.02)
Passed Vit filter:                         0  (0); expected 0.7 (0.001)
Passed Fwd filter:                         0  (0); expected 0.0 (1e-05)
Initial search space (Z):                717  [actual number of targets]
Domain search space  (domZ):               0  [number of targets reported over threshold]
# CPU time: 0.01u 0.00s 00:00:00.01 Elapsed: 00:00:00.00
# Mc/sec: 15670.04
//
Query:       nifE-03292025  [M=556]
Scores for complete sequences (score includes all domains):
   --- full sequence ---   --- best 1 domain ---    -#dom-
    E-value  score  bias    E-value  score  bias    exp  N  Sequence Description
    ------- ------ -----    ------- ------ -----   ---- --  -------- -----------

   [No hits detected that satisfy reporting thresholds]


Domain annotation for each sequence (and alignments):

   [No targets detected that satisfy reporting thresholds]


Internal pipeline statistics summary:
-------------------------------------
Query model(s):                            1  (556 nodes)
Target sequences:                        717  (240072 residues searched)
Passed MSV filter:                        31  (0.0432357); expected 14.3 (0.02)
Passed bias filter:                       20  (0.027894); expected 14.3 (0.02)
Passed Vit filter:                         1  (0.0013947); expected 0.7 (0.001)
Passed Fwd filter:                         0  (0); expected 0.0 (1e-05)
Initial search space (Z):                717  [actual number of targets]
Domain search space  (domZ):               0  [number of targets reported over threshold]
# CPU time: 0.01u 0.00s 00:00:00.01 Elapsed: 00:00:00.00
# Mc/sec: 14129.24
//
Query:       nifN-03292025  [M=700]
Scores for complete sequences (score includes all domains):
   --- full sequence ---   --- best 1 domain ---    -#dom-
    E-value  score  bias    E-value  score  bias    exp  N  Sequence Description
    ------- ------ -----    ------- ------ -----   ---- --  -------- -----------

   [No hits detected that satisfy reporting thresholds]


Domain annotation for each sequence (and alignments):

   [No targets detected that satisfy reporting thresholds]


Internal pipeline statistics summary:
-------------------------------------
Query model(s):                            1  (700 nodes)
Target sequences:                        717  (240072 residues searched)
Passed MSV filter:                        28  (0.0390516); expected 14.3 (0.02)
Passed bias filter:                       17  (0.0237099); expected 14.3 (0.02)
Passed Vit filter:                         2  (0.0027894); expected 0.7 (0.001)
Passed Fwd filter:                         1  (0.0013947); expected 0.0 (1e-05)
Initial search space (Z):                717  [actual number of targets]
Domain search space  (domZ):               0  [number of targets reported over threshold]
# CPU time: 0.03u 0.01s 00:00:00.04 Elapsed: 00:00:00.03
# Mc/sec: 5360.85
//
Query:       pchlide-04012025  [M=508]
Scores for complete sequences (score includes all domains):
   --- full sequence ---   --- best 1 domain ---    -#dom-
    E-value  score  bias    E-value  score  bias    exp  N  Sequence Description
    ------- ------ -----    ------- ------ -----   ---- --  -------- -----------

   [No hits detected that satisfy reporting thresholds]


Domain annotation for each sequence (and alignments):

   [No targets detected that satisfy reporting thresholds]


Internal pipeline statistics summary:
-------------------------------------
Query model(s):                            1  (508 nodes)
Target sequences:                        717  (240072 residues searched)
Passed MSV filter:                        22  (0.0306834); expected 14.3 (0.02)
Passed bias filter:                       15  (0.0209205); expected 14.3 (0.02)
Passed Vit filter:                         2  (0.0027894); expected 0.7 (0.001)
Passed Fwd filter:                         0  (0); expected 0.0 (1e-05)
Initial search space (Z):                717  [actual number of targets]
Domain search space  (domZ):               0  [number of targets reported over threshold]
# CPU time: 0.01u 0.00s 00:00:00.01 Elapsed: 00:00:00.00
# Mc/sec: 13913.91
//
[ok]
# hmmsearch :: search profile(s) against a sequence database
# HMMER 3.4 (Aug 2023); http://hmmer.org/
# Copyright (C) 2023 Howard Hughes Medical Institute.
# Freely distributed under the BSD open source license.
# - - - - - - - - - - - - - - - - - - - - - - - - - - - - - - - - - - - -
# query HMM file:                  ../HMMs/nifV_07242025.hmm
# target sequence database:        ../all_rep_proteins_aa/bacteria/GB_GCA_938045395.1_protein.faa
# - - - - - - - - - - - - - - - - - - - - - - - - - - - - - - - - - - - -

Query:       nifV-07242025  [M=437]
Scores for complete sequences (score includes all domains):
   --- full sequence ---   --- best 1 domain ---    -#dom-
    E-value  score  bias    E-value  score  bias    exp  N  Sequence Description
    ------- ------ -----    ------- ------ -----   ---- --  -------- -----------

   [No hits detected that satisfy reporting thresholds]


Domain annotation for each sequence (and alignments):

   [No targets detected that satisfy reporting thresholds]


Internal pipeline statistics summary:
-------------------------------------
Query model(s):                            1  (437 nodes)
Target sequences:                        717  (240072 residues searched)
Passed MSV filter:                        30  (0.041841); expected 14.3 (0.02)
Passed bias filter:                       19  (0.0264993); expected 14.3 (0.02)
Passed Vit filter:                         2  (0.0027894); expected 0.7 (0.001)
Passed Fwd filter:                         0  (0); expected 0.0 (1e-05)
Initial search space (Z):                717  [actual number of targets]
Domain search space  (domZ):               0  [number of targets reported over threshold]
# CPU time: 0.01u 0.00s 00:00:00.01 Elapsed: 00:00:00.00
# Mc/sec: 14433.78
//
[ok]
