# hmmsearch :: search profile(s) against a sequence database
# HMMER 3.4 (Aug 2023); http://hmmer.org/
# Copyright (C) 2023 Howard Hughes Medical Institute.
# Freely distributed under the BSD open source license.
# - - - - - - - - - - - - - - - - - - - - - - - - - - - - - - - - - - - -
# query HMM file:                  ../HMMs/combined_nif_04012025.hmm
# target sequence database:        ../all_rep_proteins_aa/bacteria/GB_GCA_902773365.1_protein.faa
# - - - - - - - - - - - - - - - - - - - - - - - - - - - - - - - - - - - -

Query:       nifH-03292025  [M=327]
Scores for complete sequences (score includes all domains):
   --- full sequence ---   --- best 1 domain ---    -#dom-
    E-value  score  bias    E-value  score  bias    exp  N  Sequence             Description
    ------- ------ -----    ------- ------ -----   ---- --  --------             -----------
    5.9e-11   38.0   1.6    4.3e-06   22.0   0.9    2.1  2  CACYEG010000049.1_11  # 7352 # 8185 # 1 # ID=49_11;partial=00
     0.0012   14.0   0.1     0.0018   13.4   0.1    1.3  1  CACYEG010000092.1_1   # 1 # 1101 # 1 # ID=92_1;partial=10;sta


Domain annotation for each sequence (and alignments):
>> CACYEG010000049.1_11  # 7352 # 8185 # 1 # ID=49_11;partial=00;start_type=ATG;rbs_motif=GGA/GAG/AGG;rbs_spacer=5-10bp;
   #    score  bias  c-Evalue  i-Evalue hmmfrom  hmm to    alifrom  ali to    envfrom  env to     acc
 ---   ------ ----- --------- --------- ------- -------    ------- -------    ------- -------    ----
   1 !   22.0   0.9   8.4e-09   4.3e-06      17      54 ..      27      64 ..      14      89 .. 0.88
   2 !   14.7   0.0   1.4e-06   0.00074     151     255 ..     165     274 ..     159     277 .. 0.83

  Alignments for each domain:
  == domain 1  score: 22.0 bits;  conditional E-value: 8.4e-09
         nifH-03292025 17 KGGiGKSttasnlsaalaeegkkvlivGCdPKaDstrl 54
                          KGG+GK tt+ nl+a l + gkk l +  dP   +++ 
  CACYEG010000049.1_11 27 KGGVGKTTTSINLAASLGKIGKKTLLIDLDPQGNASTS 64
                          9******************************9765444 PP

  == domain 2  score: 14.7 bits;  conditional E-value: 1.4e-06
         nifH-03292025 151 evyivtsgemmalYaanniakgikkyaee..ggvrlgGlicNsr..kvdkeeelveefaeklgtqiia.fvprsnevqkaelekktvie 234
                             +iv+ +e++ l     ++++i ++++e  ++  + G++      +++   e+ ee+ + +g + ++  +prs  v +a  ++  + e
  CACYEG010000049.1_11 165 AAIIVVQCEYLPLEGLSQVLNTIITVKNEnnQDLAVEGVLLTLFdpRTNMSFEVAEEVRKYFGNKTFNtIIPRSIRVAEAPSHGLPIYE 253
                           56799999999999999999999888777336677889887765115566778999999999998876157****************** PP

         nifH-03292025 235 aapdseqakeyreLakkilen 255
                           ++p  +++++y +Lak+++e 
  CACYEG010000049.1_11 254 YDPLGRATEAYFNLAKEVIER 274
                           ******************986 PP

>> CACYEG010000092.1_1  # 1 # 1101 # 1 # ID=92_1;partial=10;start_type=Edge;rbs_motif=None;rbs_spacer=None;gc_cont=0.298
   #    score  bias  c-Evalue  i-Evalue hmmfrom  hmm to    alifrom  ali to    envfrom  env to     acc
 ---   ------ ----- --------- --------- ------- -------    ------- -------    ------- -------    ----
   1 !   13.4   0.1   3.6e-06    0.0018       9      46 ..     154     191 ..     146     243 .. 0.75

  Alignments for each domain:
  == domain 1  score: 13.4 bits;  conditional E-value: 3.6e-06
        nifH-03292025   9 mrkiAiYGKGGiGKSttasnlsaalaeegkkvlivGCd 46 
                           + +A+ GK G+GKSt+ s l  +   e  k+ i G d
  CACYEG010000092.1_1 154 NETVAFVGKSGVGKSTIFSLLCKMYEIESGKITIDGVD 191
                          5789**************99998888777778777776 PP



Internal pipeline statistics summary:
-------------------------------------
Query model(s):                            1  (327 nodes)
Target sequences:                       1024  (289546 residues searched)
Passed MSV filter:                        84  (0.0820312); expected 20.5 (0.02)
Passed bias filter:                       47  (0.0458984); expected 20.5 (0.02)
Passed Vit filter:                         8  (0.0078125); expected 1.0 (0.001)
Passed Fwd filter:                         2  (0.00195312); expected 0.0 (1e-05)
Initial search space (Z):               1024  [actual number of targets]
Domain search space  (domZ):               2  [number of targets reported over threshold]
# CPU time: 0.01u 0.00s 00:00:00.01 Elapsed: 00:00:00.01
# Mc/sec: 7660.83
//
Query:       nifD-03292025  [M=482]
Scores for complete sequences (score includes all domains):
   --- full sequence ---   --- best 1 domain ---    -#dom-
    E-value  score  bias    E-value  score  bias    exp  N  Sequence Description
    ------- ------ -----    ------- ------ -----   ---- --  -------- -----------

   [No hits detected that satisfy reporting thresholds]


Domain annotation for each sequence (and alignments):

   [No targets detected that satisfy reporting thresholds]


Internal pipeline statistics summary:
-------------------------------------
Query model(s):                            1  (482 nodes)
Target sequences:                       1024  (289546 residues searched)
Passed MSV filter:                        77  (0.0751953); expected 20.5 (0.02)
Passed bias filter:                       26  (0.0253906); expected 20.5 (0.02)
Passed Vit filter:                         1  (0.000976562); expected 1.0 (0.001)
Passed Fwd filter:                         0  (0); expected 0.0 (1e-05)
Initial search space (Z):               1024  [actual number of targets]
Domain search space  (domZ):               0  [number of targets reported over threshold]
# CPU time: 0.01u 0.00s 00:00:00.01 Elapsed: 00:00:00.00
# Mc/sec: 15467.78
//
Query:       nifK-03292025  [M=490]
Scores for complete sequences (score includes all domains):
   --- full sequence ---   --- best 1 domain ---    -#dom-
    E-value  score  bias    E-value  score  bias    exp  N  Sequence Description
    ------- ------ -----    ------- ------ -----   ---- --  -------- -----------

   [No hits detected that satisfy reporting thresholds]


Domain annotation for each sequence (and alignments):

   [No targets detected that satisfy reporting thresholds]


Internal pipeline statistics summary:
-------------------------------------
Query model(s):                            1  (490 nodes)
Target sequences:                       1024  (289546 residues searched)
Passed MSV filter:                        39  (0.0380859); expected 20.5 (0.02)
Passed bias filter:                       12  (0.0117188); expected 20.5 (0.02)
Passed Vit filter:                         1  (0.000976562); expected 1.0 (0.001)
Passed Fwd filter:                         0  (0); expected 0.0 (1e-05)
Initial search space (Z):               1024  [actual number of targets]
Domain search space  (domZ):               0  [number of targets reported over threshold]
# CPU time: 0.00u 0.00s 00:00:00.00 Elapsed: 00:00:00.00
# Mc/sec: 19036.72
//
Query:       nifB-03292025  [M=505]
Scores for complete sequences (score includes all domains):
   --- full sequence ---   --- best 1 domain ---    -#dom-
    E-value  score  bias    E-value  score  bias    exp  N  Sequence Description
    ------- ------ -----    ------- ------ -----   ---- --  -------- -----------

   [No hits detected that satisfy reporting thresholds]


Domain annotation for each sequence (and alignments):

   [No targets detected that satisfy reporting thresholds]


Internal pipeline statistics summary:
-------------------------------------
Query model(s):                            1  (505 nodes)
Target sequences:                       1024  (289546 residues searched)
Passed MSV filter:                        48  (0.046875); expected 20.5 (0.02)
Passed bias filter:                       24  (0.0234375); expected 20.5 (0.02)
Passed Vit filter:                         3  (0.00292969); expected 1.0 (0.001)
Passed Fwd filter:                         0  (0); expected 0.0 (1e-05)
Initial search space (Z):               1024  [actual number of targets]
Domain search space  (domZ):               0  [number of targets reported over threshold]
# CPU time: 0.01u 0.00s 00:00:00.01 Elapsed: 00:00:00.00
# Mc/sec: 15793.56
//
Query:       nifE-03292025  [M=556]
Scores for complete sequences (score includes all domains):
   --- full sequence ---   --- best 1 domain ---    -#dom-
    E-value  score  bias    E-value  score  bias    exp  N  Sequence Description
    ------- ------ -----    ------- ------ -----   ---- --  -------- -----------

   [No hits detected that satisfy reporting thresholds]


Domain annotation for each sequence (and alignments):

   [No targets detected that satisfy reporting thresholds]


Internal pipeline statistics summary:
-------------------------------------
Query model(s):                            1  (556 nodes)
Target sequences:                       1024  (289546 residues searched)
Passed MSV filter:                        54  (0.0527344); expected 20.5 (0.02)
Passed bias filter:                       26  (0.0253906); expected 20.5 (0.02)
Passed Vit filter:                         5  (0.00488281); expected 1.0 (0.001)
Passed Fwd filter:                         0  (0); expected 0.0 (1e-05)
Initial search space (Z):               1024  [actual number of targets]
Domain search space  (domZ):               0  [number of targets reported over threshold]
# CPU time: 0.01u 0.00s 00:00:00.01 Elapsed: 00:00:00.01
# Mc/sec: 15126.83
//
Query:       nifN-03292025  [M=700]
Scores for complete sequences (score includes all domains):
   --- full sequence ---   --- best 1 domain ---    -#dom-
    E-value  score  bias    E-value  score  bias    exp  N  Sequence Description
    ------- ------ -----    ------- ------ -----   ---- --  -------- -----------

   [No hits detected that satisfy reporting thresholds]


Domain annotation for each sequence (and alignments):

   [No targets detected that satisfy reporting thresholds]


Internal pipeline statistics summary:
-------------------------------------
Query model(s):                            1  (700 nodes)
Target sequences:                       1024  (289546 residues searched)
Passed MSV filter:                        42  (0.0410156); expected 20.5 (0.02)
Passed bias filter:                       28  (0.0273438); expected 20.5 (0.02)
Passed Vit filter:                         1  (0.000976562); expected 1.0 (0.001)
Passed Fwd filter:                         0  (0); expected 0.0 (1e-05)
Initial search space (Z):               1024  [actual number of targets]
Domain search space  (domZ):               0  [number of targets reported over threshold]
# CPU time: 0.01u 0.00s 00:00:00.01 Elapsed: 00:00:00.01
# Mc/sec: 17252.84
//
Query:       pchlide-04012025  [M=508]
Scores for complete sequences (score includes all domains):
   --- full sequence ---   --- best 1 domain ---    -#dom-
    E-value  score  bias    E-value  score  bias    exp  N  Sequence Description
    ------- ------ -----    ------- ------ -----   ---- --  -------- -----------

   [No hits detected that satisfy reporting thresholds]


Domain annotation for each sequence (and alignments):

   [No targets detected that satisfy reporting thresholds]


Internal pipeline statistics summary:
-------------------------------------
Query model(s):                            1  (508 nodes)
Target sequences:                       1024  (289546 residues searched)
Passed MSV filter:                        32  (0.03125); expected 20.5 (0.02)
Passed bias filter:                       20  (0.0195312); expected 20.5 (0.02)
Passed Vit filter:                         1  (0.000976562); expected 1.0 (0.001)
Passed Fwd filter:                         0  (0); expected 0.0 (1e-05)
Initial search space (Z):               1024  [actual number of targets]
Domain search space  (domZ):               0  [number of targets reported over threshold]
# CPU time: 0.01u 0.00s 00:00:00.01 Elapsed: 00:00:00.00
# Mc/sec: 18326.99
//
[ok]
# hmmsearch :: search profile(s) against a sequence database
# HMMER 3.4 (Aug 2023); http://hmmer.org/
# Copyright (C) 2023 Howard Hughes Medical Institute.
# Freely distributed under the BSD open source license.
# - - - - - - - - - - - - - - - - - - - - - - - - - - - - - - - - - - - -
# query HMM file:                  ../HMMs/nifV_07242025.hmm
# target sequence database:        ../all_rep_proteins_aa/bacteria/GB_GCA_902773365.1_protein.faa
# - - - - - - - - - - - - - - - - - - - - - - - - - - - - - - - - - - - -

Query:       nifV-07242025  [M=437]
Scores for complete sequences (score includes all domains):
   --- full sequence ---   --- best 1 domain ---    -#dom-
    E-value  score  bias    E-value  score  bias    exp  N  Sequence Description
    ------- ------ -----    ------- ------ -----   ---- --  -------- -----------

   [No hits detected that satisfy reporting thresholds]


Domain annotation for each sequence (and alignments):

   [No targets detected that satisfy reporting thresholds]


Internal pipeline statistics summary:
-------------------------------------
Query model(s):                            1  (437 nodes)
Target sequences:                       1024  (289546 residues searched)
Passed MSV filter:                        21  (0.0205078); expected 20.5 (0.02)
Passed bias filter:                       17  (0.0166016); expected 20.5 (0.02)
Passed Vit filter:                         2  (0.00195312); expected 1.0 (0.001)
Passed Fwd filter:                         0  (0); expected 0.0 (1e-05)
Initial search space (Z):               1024  [actual number of targets]
Domain search space  (domZ):               0  [number of targets reported over threshold]
# CPU time: 0.00u 0.00s 00:00:00.00 Elapsed: 00:00:00.00
# Mc/sec: 16902.38
//
[ok]
