# hmmsearch :: search profile(s) against a sequence database
# HMMER 3.4 (Aug 2023); http://hmmer.org/
# Copyright (C) 2023 Howard Hughes Medical Institute.
# Freely distributed under the BSD open source license.
# - - - - - - - - - - - - - - - - - - - - - - - - - - - - - - - - - - - -
# query HMM file:                  ../HMMs/combined_nif_04012025.hmm
# target sequence database:        ../all_rep_proteins_aa/bacteria/GB_GCA_017553065.1_protein.faa
# - - - - - - - - - - - - - - - - - - - - - - - - - - - - - - - - - - - -

Query:       nifH-03292025  [M=327]
Scores for complete sequences (score includes all domains):
   --- full sequence ---   --- best 1 domain ---    -#dom-
    E-value  score  bias    E-value  score  bias    exp  N  Sequence             Description
    ------- ------ -----    ------- ------ -----   ---- --  --------             -----------
      9e-07   23.7   0.1    1.5e-05   19.7   0.1    2.1  2  JAFZND010000045.1_10  # 7088 # 7879 # -1 # ID=18_10;partial=0
     0.0044   11.6   2.3      0.092    7.2   0.1    2.1  2  JAFZND010000027.1_1   # 2 # 1234 # 1 # ID=164_1;partial=10;st


Domain annotation for each sequence (and alignments):
>> JAFZND010000045.1_10  # 7088 # 7879 # -1 # ID=18_10;partial=00;start_type=ATG;rbs_motif=GGxGG;rbs_spacer=5-10bp;gc_co
   #    score  bias  c-Evalue  i-Evalue hmmfrom  hmm to    alifrom  ali to    envfrom  env to     acc
 ---   ------ ----- --------- --------- ------- -------    ------- -------    ------- -------    ----
   1 !   19.7   0.1   4.3e-08   1.5e-05      15      46 ..       9      40 ..       1      80 [. 0.77
   2 !    2.0   0.0      0.01       3.5     168     253 ..     153     235 ..     128     247 .. 0.64

  Alignments for each domain:
  == domain 1  score: 19.7 bits;  conditional E-value: 4.3e-08
         nifH-03292025 15 YGKGGiGKSttasnlsaalaeegkkvlivGCd 46
                           GKGG+GK t+  nl   la+ +kkvl +  d
  JAFZND010000045.1_10  9 SGKGGVGKTTICVNLGKSLAKLNKKVLLIDLD 40
                          5**************************98666 PP

  == domain 2  score: 2.0 bits;  conditional E-value: 0.01
         nifH-03292025 168 niakgikkyaeeggvrlgGlicNsrkvd....keeelveefaeklgtqiiafvprsnevqkaelekktvieaapdseqakeyreLakki 252
                            i   i+k++ e gv+l+Gli N+ + d     +   ++++++ l   +   +p+++ev    l +    + +++s++ ++y+ La++i
  JAFZND010000045.1_10 153 KI---IVKLE-EFGVNLAGLIINRARGDlilqGDMLGINTIVDYLALPLYGILPEDDEVGVQVLVG---GNLNKSSQSFTAYKMLARRI 234
                           44...34443.457999******9875422215555677888888888888888887775443333...34455666677777777777 PP

         nifH-03292025 253 l 253
                           +
  JAFZND010000045.1_10 235 A 235
                           5 PP

>> JAFZND010000027.1_1  # 2 # 1234 # 1 # ID=164_1;partial=10;start_type=Edge;rbs_motif=None;rbs_spacer=None;gc_cont=0.35
   #    score  bias  c-Evalue  i-Evalue hmmfrom  hmm to    alifrom  ali to    envfrom  env to     acc
 ---   ------ ----- --------- --------- ------- -------    ------- -------    ------- -------    ----
   1 !    4.1   0.4    0.0023      0.83     198     268 ..     117     186 ..     100     227 .. 0.77
   2 !    7.2   0.1   0.00026     0.092       7      30 ..     243     266 ..     236     278 .. 0.81

  Alignments for each domain:
  == domain 1  score: 4.1 bits;  conditional E-value: 0.0023
        nifH-03292025 198 eelveefaeklgtqiiafvprsnevqkaelekktvieaapdseqakeyreLakkilenkklvipkplseee 268
                          +++v+++++  g ++  +v + +++++  +e+k ++ +   ++q+ke+++L + i++nk ++ +  +   +
  JAFZND010000027.1_1 117 NDVVTHVCDVDGGKVTRYVGNLTKMREIKAEQKELTAK-SYENQQKEIKRLQDYIDKNKARAATAKMARSR 186
                          57888899999999999999999999999988887765.55678899***********9877766665444 PP

  == domain 2  score: 7.2 bits;  conditional E-value: 0.00026
        nifH-03292025   7 kkmrkiAiYGKGGiGKSttasnls 30 
                          ++ ++iAi G  GiGKSt  + + 
  JAFZND010000027.1_1 243 NNGERIAISGFNGIGKSTLLKTIL 266
                          55689*************987765 PP



Internal pipeline statistics summary:
-------------------------------------
Query model(s):                            1  (327 nodes)
Target sequences:                        710  (215842 residues searched)
Passed MSV filter:                        56  (0.0788732); expected 14.2 (0.02)
Passed bias filter:                       26  (0.0366197); expected 14.2 (0.02)
Passed Vit filter:                         6  (0.0084507); expected 0.7 (0.001)
Passed Fwd filter:                         2  (0.0028169); expected 0.0 (1e-05)
Initial search space (Z):                710  [actual number of targets]
Domain search space  (domZ):               2  [number of targets reported over threshold]
# CPU time: 0.01u 0.00s 00:00:00.01 Elapsed: 00:00:00.01
# Mc/sec: 5704.69
//
Query:       nifD-03292025  [M=482]
Scores for complete sequences (score includes all domains):
   --- full sequence ---   --- best 1 domain ---    -#dom-
    E-value  score  bias    E-value  score  bias    exp  N  Sequence Description
    ------- ------ -----    ------- ------ -----   ---- --  -------- -----------

   [No hits detected that satisfy reporting thresholds]


Domain annotation for each sequence (and alignments):

   [No targets detected that satisfy reporting thresholds]


Internal pipeline statistics summary:
-------------------------------------
Query model(s):                            1  (482 nodes)
Target sequences:                        710  (215842 residues searched)
Passed MSV filter:                        42  (0.0591549); expected 14.2 (0.02)
Passed bias filter:                       19  (0.0267606); expected 14.2 (0.02)
Passed Vit filter:                         1  (0.00140845); expected 0.7 (0.001)
Passed Fwd filter:                         0  (0); expected 0.0 (1e-05)
Initial search space (Z):                710  [actual number of targets]
Domain search space  (domZ):               0  [number of targets reported over threshold]
# CPU time: 0.00u 0.00s 00:00:00.00 Elapsed: 00:00:00.00
# Mc/sec: 15851.29
//
Query:       nifK-03292025  [M=490]
Scores for complete sequences (score includes all domains):
   --- full sequence ---   --- best 1 domain ---    -#dom-
    E-value  score  bias    E-value  score  bias    exp  N  Sequence Description
    ------- ------ -----    ------- ------ -----   ---- --  -------- -----------

   [No hits detected that satisfy reporting thresholds]


Domain annotation for each sequence (and alignments):

   [No targets detected that satisfy reporting thresholds]


Internal pipeline statistics summary:
-------------------------------------
Query model(s):                            1  (490 nodes)
Target sequences:                        710  (215842 residues searched)
Passed MSV filter:                        26  (0.0366197); expected 14.2 (0.02)
Passed bias filter:                        9  (0.0126761); expected 14.2 (0.02)
Passed Vit filter:                         2  (0.0028169); expected 0.7 (0.001)
Passed Fwd filter:                         0  (0); expected 0.0 (1e-05)
Initial search space (Z):                710  [actual number of targets]
Domain search space  (domZ):               0  [number of targets reported over threshold]
# CPU time: 0.00u 0.01s 00:00:00.01 Elapsed: 00:00:00.00
# Mc/sec: 16419.43
//
Query:       nifB-03292025  [M=505]
Scores for complete sequences (score includes all domains):
   --- full sequence ---   --- best 1 domain ---    -#dom-
    E-value  score  bias    E-value  score  bias    exp  N  Sequence Description
    ------- ------ -----    ------- ------ -----   ---- --  -------- -----------

   [No hits detected that satisfy reporting thresholds]


Domain annotation for each sequence (and alignments):

   [No targets detected that satisfy reporting thresholds]


Internal pipeline statistics summary:
-------------------------------------
Query model(s):                            1  (505 nodes)
Target sequences:                        710  (215842 residues searched)
Passed MSV filter:                        33  (0.0464789); expected 14.2 (0.02)
Passed bias filter:                       15  (0.0211268); expected 14.2 (0.02)
Passed Vit filter:                         1  (0.00140845); expected 0.7 (0.001)
Passed Fwd filter:                         0  (0); expected 0.0 (1e-05)
Initial search space (Z):                710  [actual number of targets]
Domain search space  (domZ):               0  [number of targets reported over threshold]
# CPU time: 0.00u 0.00s 00:00:00.00 Elapsed: 00:00:00.00
# Mc/sec: 16717.25
//
Query:       nifE-03292025  [M=556]
Scores for complete sequences (score includes all domains):
   --- full sequence ---   --- best 1 domain ---    -#dom-
    E-value  score  bias    E-value  score  bias    exp  N  Sequence Description
    ------- ------ -----    ------- ------ -----   ---- --  -------- -----------

   [No hits detected that satisfy reporting thresholds]


Domain annotation for each sequence (and alignments):

   [No targets detected that satisfy reporting thresholds]


Internal pipeline statistics summary:
-------------------------------------
Query model(s):                            1  (556 nodes)
Target sequences:                        710  (215842 residues searched)
Passed MSV filter:                        39  (0.0549296); expected 14.2 (0.02)
Passed bias filter:                       21  (0.0295775); expected 14.2 (0.02)
Passed Vit filter:                         4  (0.0056338); expected 0.7 (0.001)
Passed Fwd filter:                         0  (0); expected 0.0 (1e-05)
Initial search space (Z):                710  [actual number of targets]
Domain search space  (domZ):               0  [number of targets reported over threshold]
# CPU time: 0.00u 0.00s 00:00:00.00 Elapsed: 00:00:00.00
# Mc/sec: 13088.93
//
Query:       nifN-03292025  [M=700]
Scores for complete sequences (score includes all domains):
   --- full sequence ---   --- best 1 domain ---    -#dom-
    E-value  score  bias    E-value  score  bias    exp  N  Sequence Description
    ------- ------ -----    ------- ------ -----   ---- --  -------- -----------

   [No hits detected that satisfy reporting thresholds]


Domain annotation for each sequence (and alignments):

   [No targets detected that satisfy reporting thresholds]


Internal pipeline statistics summary:
-------------------------------------
Query model(s):                            1  (700 nodes)
Target sequences:                        710  (215842 residues searched)
Passed MSV filter:                        39  (0.0549296); expected 14.2 (0.02)
Passed bias filter:                       27  (0.0380282); expected 14.2 (0.02)
Passed Vit filter:                         2  (0.0028169); expected 0.7 (0.001)
Passed Fwd filter:                         0  (0); expected 0.0 (1e-05)
Initial search space (Z):                710  [actual number of targets]
Domain search space  (domZ):               0  [number of targets reported over threshold]
# CPU time: 0.01u 0.00s 00:00:00.01 Elapsed: 00:00:00.01
# Mc/sec: 14961.14
//
Query:       pchlide-04012025  [M=508]
Scores for complete sequences (score includes all domains):
   --- full sequence ---   --- best 1 domain ---    -#dom-
    E-value  score  bias    E-value  score  bias    exp  N  Sequence Description
    ------- ------ -----    ------- ------ -----   ---- --  -------- -----------

   [No hits detected that satisfy reporting thresholds]


Domain annotation for each sequence (and alignments):

   [No targets detected that satisfy reporting thresholds]


Internal pipeline statistics summary:
-------------------------------------
Query model(s):                            1  (508 nodes)
Target sequences:                        710  (215842 residues searched)
Passed MSV filter:                        25  (0.0352113); expected 14.2 (0.02)
Passed bias filter:                       13  (0.0183099); expected 14.2 (0.02)
Passed Vit filter:                         1  (0.00140845); expected 0.7 (0.001)
Passed Fwd filter:                         0  (0); expected 0.0 (1e-05)
Initial search space (Z):                710  [actual number of targets]
Domain search space  (domZ):               0  [number of targets reported over threshold]
# CPU time: 0.01u 0.00s 00:00:00.01 Elapsed: 00:00:00.00
# Mc/sec: 15453.26
//
[ok]
# hmmsearch :: search profile(s) against a sequence database
# HMMER 3.4 (Aug 2023); http://hmmer.org/
# Copyright (C) 2023 Howard Hughes Medical Institute.
# Freely distributed under the BSD open source license.
# - - - - - - - - - - - - - - - - - - - - - - - - - - - - - - - - - - - -
# query HMM file:                  ../HMMs/nifV_07242025.hmm
# target sequence database:        ../all_rep_proteins_aa/bacteria/GB_GCA_017553065.1_protein.faa
# - - - - - - - - - - - - - - - - - - - - - - - - - - - - - - - - - - - -

Query:       nifV-07242025  [M=437]
Scores for complete sequences (score includes all domains):
   --- full sequence ---   --- best 1 domain ---    -#dom-
    E-value  score  bias    E-value  score  bias    exp  N  Sequence Description
    ------- ------ -----    ------- ------ -----   ---- --  -------- -----------

   [No hits detected that satisfy reporting thresholds]


Domain annotation for each sequence (and alignments):

   [No targets detected that satisfy reporting thresholds]


Internal pipeline statistics summary:
-------------------------------------
Query model(s):                            1  (437 nodes)
Target sequences:                        710  (215842 residues searched)
Passed MSV filter:                        15  (0.0211268); expected 14.2 (0.02)
Passed bias filter:                       10  (0.0140845); expected 14.2 (0.02)
Passed Vit filter:                         2  (0.0028169); expected 0.7 (0.001)
Passed Fwd filter:                         0  (0); expected 0.0 (1e-05)
Initial search space (Z):                710  [actual number of targets]
Domain search space  (domZ):               0  [number of targets reported over threshold]
# CPU time: 0.01u 0.00s 00:00:00.01 Elapsed: 00:00:00.00
# Mc/sec: 12296.27
//
[ok]
