# hmmsearch :: search profile(s) against a sequence database
# HMMER 3.4 (Aug 2023); http://hmmer.org/
# Copyright (C) 2023 Howard Hughes Medical Institute.
# Freely distributed under the BSD open source license.
# - - - - - - - - - - - - - - - - - - - - - - - - - - - - - - - - - - - -
# query HMM file:                  ../HMMs/combined_nif_04012025.hmm
# target sequence database:        ../all_rep_proteins_aa/bacteria/GB_GCA_018648585.1_protein.faa
# - - - - - - - - - - - - - - - - - - - - - - - - - - - - - - - - - - - -

Query:       nifH-03292025  [M=327]
Scores for complete sequences (score includes all domains):
   --- full sequence ---   --- best 1 domain ---    -#dom-
    E-value  score  bias    E-value  score  bias    exp  N  Sequence             Description
    ------- ------ -----    ------- ------ -----   ---- --  --------             -----------
     0.0073   11.4   0.0      0.013   10.5   0.0    1.3  1  JABGQW010000008.1_38  # 33367 # 35865 # -1 # ID=4_38;partial=


Domain annotation for each sequence (and alignments):
>> JABGQW010000008.1_38  # 33367 # 35865 # -1 # ID=4_38;partial=00;start_type=ATG;rbs_motif=TTTTT;rbs_spacer=4bp;gc_cont
   #    score  bias  c-Evalue  i-Evalue hmmfrom  hmm to    alifrom  ali to    envfrom  env to     acc
 ---   ------ ----- --------- --------- ------- -------    ------- -------    ------- -------    ----
   1 !   10.5   0.0   1.3e-05     0.013       9      54 ..     399     442 ..     388     456 .. 0.83

  Alignments for each domain:
  == domain 1  score: 10.5 bits;  conditional E-value: 1.3e-05
         nifH-03292025   9 mrkiAiYGKGGiGKSttasnlsaalaeegkkvlivGCdPKaDstrl 54 
                            r++ i GK G+GKSt+ +n+     ++gk v ++  dP  D ++ 
  JABGQW010000008.1_38 399 RRHVYIIGKTGMGKSTMLENMIFSDIQAGKGVAVI--DPHGDLAEA 442
                           5788999**************99999999998887..777776655 PP



Internal pipeline statistics summary:
-------------------------------------
Query model(s):                            1  (327 nodes)
Target sequences:                       1009  (318095 residues searched)
Passed MSV filter:                        53  (0.0525273); expected 20.2 (0.02)
Passed bias filter:                       46  (0.0455897); expected 20.2 (0.02)
Passed Vit filter:                         5  (0.0049554); expected 1.0 (0.001)
Passed Fwd filter:                         1  (0.00099108); expected 0.0 (1e-05)
Initial search space (Z):               1009  [actual number of targets]
Domain search space  (domZ):               1  [number of targets reported over threshold]
# CPU time: 0.01u 0.00s 00:00:00.01 Elapsed: 00:00:00.01
# Mc/sec: 8747.92
//
Query:       nifD-03292025  [M=482]
Scores for complete sequences (score includes all domains):
   --- full sequence ---   --- best 1 domain ---    -#dom-
    E-value  score  bias    E-value  score  bias    exp  N  Sequence Description
    ------- ------ -----    ------- ------ -----   ---- --  -------- -----------

   [No hits detected that satisfy reporting thresholds]


Domain annotation for each sequence (and alignments):

   [No targets detected that satisfy reporting thresholds]


Internal pipeline statistics summary:
-------------------------------------
Query model(s):                            1  (482 nodes)
Target sequences:                       1009  (318095 residues searched)
Passed MSV filter:                        53  (0.0525273); expected 20.2 (0.02)
Passed bias filter:                       31  (0.0307235); expected 20.2 (0.02)
Passed Vit filter:                         3  (0.00297324); expected 1.0 (0.001)
Passed Fwd filter:                         0  (0); expected 0.0 (1e-05)
Initial search space (Z):               1009  [actual number of targets]
Domain search space  (domZ):               0  [number of targets reported over threshold]
# CPU time: 0.01u 0.00s 00:00:00.01 Elapsed: 00:00:00.00
# Mc/sec: 15420.32
//
Query:       nifK-03292025  [M=490]
Scores for complete sequences (score includes all domains):
   --- full sequence ---   --- best 1 domain ---    -#dom-
    E-value  score  bias    E-value  score  bias    exp  N  Sequence Description
    ------- ------ -----    ------- ------ -----   ---- --  -------- -----------

   [No hits detected that satisfy reporting thresholds]


Domain annotation for each sequence (and alignments):

   [No targets detected that satisfy reporting thresholds]


Internal pipeline statistics summary:
-------------------------------------
Query model(s):                            1  (490 nodes)
Target sequences:                       1009  (318095 residues searched)
Passed MSV filter:                        33  (0.0327056); expected 20.2 (0.02)
Passed bias filter:                       30  (0.0297324); expected 20.2 (0.02)
Passed Vit filter:                         2  (0.00198216); expected 1.0 (0.001)
Passed Fwd filter:                         0  (0); expected 0.0 (1e-05)
Initial search space (Z):               1009  [actual number of targets]
Domain search space  (domZ):               0  [number of targets reported over threshold]
# CPU time: 0.01u 0.00s 00:00:00.01 Elapsed: 00:00:00.00
# Mc/sec: 16505.40
//
Query:       nifB-03292025  [M=505]
Scores for complete sequences (score includes all domains):
   --- full sequence ---   --- best 1 domain ---    -#dom-
    E-value  score  bias    E-value  score  bias    exp  N  Sequence Description
    ------- ------ -----    ------- ------ -----   ---- --  -------- -----------

   [No hits detected that satisfy reporting thresholds]


Domain annotation for each sequence (and alignments):

   [No targets detected that satisfy reporting thresholds]


Internal pipeline statistics summary:
-------------------------------------
Query model(s):                            1  (505 nodes)
Target sequences:                       1009  (318095 residues searched)
Passed MSV filter:                        43  (0.0426165); expected 20.2 (0.02)
Passed bias filter:                       30  (0.0297324); expected 20.2 (0.02)
Passed Vit filter:                         2  (0.00198216); expected 1.0 (0.001)
Passed Fwd filter:                         0  (0); expected 0.0 (1e-05)
Initial search space (Z):               1009  [actual number of targets]
Domain search space  (domZ):               0  [number of targets reported over threshold]
# CPU time: 0.01u 0.00s 00:00:00.01 Elapsed: 00:00:00.00
# Mc/sec: 17317.16
//
Query:       nifE-03292025  [M=556]
Scores for complete sequences (score includes all domains):
   --- full sequence ---   --- best 1 domain ---    -#dom-
    E-value  score  bias    E-value  score  bias    exp  N  Sequence Description
    ------- ------ -----    ------- ------ -----   ---- --  -------- -----------

   [No hits detected that satisfy reporting thresholds]


Domain annotation for each sequence (and alignments):

   [No targets detected that satisfy reporting thresholds]


Internal pipeline statistics summary:
-------------------------------------
Query model(s):                            1  (556 nodes)
Target sequences:                       1009  (318095 residues searched)
Passed MSV filter:                        43  (0.0426165); expected 20.2 (0.02)
Passed bias filter:                       24  (0.0237859); expected 20.2 (0.02)
Passed Vit filter:                         4  (0.00396432); expected 1.0 (0.001)
Passed Fwd filter:                         0  (0); expected 0.0 (1e-05)
Initial search space (Z):               1009  [actual number of targets]
Domain search space  (domZ):               0  [number of targets reported over threshold]
# CPU time: 0.01u 0.00s 00:00:00.01 Elapsed: 00:00:00.01
# Mc/sec: 16405.46
//
Query:       nifN-03292025  [M=700]
Scores for complete sequences (score includes all domains):
   --- full sequence ---   --- best 1 domain ---    -#dom-
    E-value  score  bias    E-value  score  bias    exp  N  Sequence Description
    ------- ------ -----    ------- ------ -----   ---- --  -------- -----------

   [No hits detected that satisfy reporting thresholds]


Domain annotation for each sequence (and alignments):

   [No targets detected that satisfy reporting thresholds]


Internal pipeline statistics summary:
-------------------------------------
Query model(s):                            1  (700 nodes)
Target sequences:                       1009  (318095 residues searched)
Passed MSV filter:                        42  (0.0416254); expected 20.2 (0.02)
Passed bias filter:                       29  (0.0287413); expected 20.2 (0.02)
Passed Vit filter:                         3  (0.00297324); expected 1.0 (0.001)
Passed Fwd filter:                         0  (0); expected 0.0 (1e-05)
Initial search space (Z):               1009  [actual number of targets]
Domain search space  (domZ):               0  [number of targets reported over threshold]
# CPU time: 0.01u 0.00s 00:00:00.01 Elapsed: 00:00:00.01
# Mc/sec: 18224.51
//
Query:       pchlide-04012025  [M=508]
Scores for complete sequences (score includes all domains):
   --- full sequence ---   --- best 1 domain ---    -#dom-
    E-value  score  bias    E-value  score  bias    exp  N  Sequence             Description
    ------- ------ -----    ------- ------ -----   ---- --  --------             -----------
     0.0013   13.3   0.0     0.0019   12.8   0.0    1.1  1  JABGQW010000004.1_16  # 10639 # 11490 # -1 # ID=32_16;partial


Domain annotation for each sequence (and alignments):
>> JABGQW010000004.1_16  # 10639 # 11490 # -1 # ID=32_16;partial=00;start_type=ATG;rbs_motif=None;rbs_spacer=None;gc_con
   #    score  bias  c-Evalue  i-Evalue hmmfrom  hmm to    alifrom  ali to    envfrom  env to     acc
 ---   ------ ----- --------- --------- ------- -------    ------- -------    ------- -------    ----
   1 !   12.8   0.0   1.9e-06    0.0019     327     395 ..     126     197 ..     123     211 .. 0.85

  Alignments for each domain:
  == domain 1  score: 12.8 bits;  conditional E-value: 1.9e-06
      pchlide-04012025 327 gtYlkedadevreevkeyldealitddy.eevedaia..eaePelvlGtqmErhiakrldipcavisapvhi 395
                            +Y k+ ++++r+ vk  ++++l  d++ +++++ i+  e +P +++G   E +++ ++dip ++  + + +
  JABGQW010000004.1_16 126 TSYRKKLKKHFRALVKTGAKKILFVDHHnTAIDHPIKggEYAPPIIIGNFGEHKTGEEIDIPTTASKKTMKV 197
                           68*****************99998887626899999855789********************9988777776 PP



Internal pipeline statistics summary:
-------------------------------------
Query model(s):                            1  (508 nodes)
Target sequences:                       1009  (318095 residues searched)
Passed MSV filter:                        47  (0.0465808); expected 20.2 (0.02)
Passed bias filter:                       36  (0.0356789); expected 20.2 (0.02)
Passed Vit filter:                         5  (0.0049554); expected 1.0 (0.001)
Passed Fwd filter:                         1  (0.00099108); expected 0.0 (1e-05)
Initial search space (Z):               1009  [actual number of targets]
Domain search space  (domZ):               1  [number of targets reported over threshold]
# CPU time: 0.01u 0.00s 00:00:00.01 Elapsed: 00:00:00.01
# Mc/sec: 11344.00
//
[ok]
# hmmsearch :: search profile(s) against a sequence database
# HMMER 3.4 (Aug 2023); http://hmmer.org/
# Copyright (C) 2023 Howard Hughes Medical Institute.
# Freely distributed under the BSD open source license.
# - - - - - - - - - - - - - - - - - - - - - - - - - - - - - - - - - - - -
# query HMM file:                  ../HMMs/nifV_07242025.hmm
# target sequence database:        ../all_rep_proteins_aa/bacteria/GB_GCA_018648585.1_protein.faa
# - - - - - - - - - - - - - - - - - - - - - - - - - - - - - - - - - - - -

Query:       nifV-07242025  [M=437]
Scores for complete sequences (score includes all domains):
   --- full sequence ---   --- best 1 domain ---    -#dom-
    E-value  score  bias    E-value  score  bias    exp  N  Sequence Description
    ------- ------ -----    ------- ------ -----   ---- --  -------- -----------

   [No hits detected that satisfy reporting thresholds]


Domain annotation for each sequence (and alignments):

   [No targets detected that satisfy reporting thresholds]


Internal pipeline statistics summary:
-------------------------------------
Query model(s):                            1  (437 nodes)
Target sequences:                       1009  (318095 residues searched)
Passed MSV filter:                        35  (0.0346878); expected 20.2 (0.02)
Passed bias filter:                       29  (0.0287413); expected 20.2 (0.02)
Passed Vit filter:                         4  (0.00396432); expected 1.0 (0.001)
Passed Fwd filter:                         0  (0); expected 0.0 (1e-05)
Initial search space (Z):               1009  [actual number of targets]
Domain search space  (domZ):               0  [number of targets reported over threshold]
# CPU time: 0.01u 0.00s 00:00:00.01 Elapsed: 00:00:00.01
# Mc/sec: 13482.12
//
[ok]
