# hmmsearch :: search profile(s) against a sequence database
# HMMER 3.4 (Aug 2023); http://hmmer.org/
# Copyright (C) 2023 Howard Hughes Medical Institute.
# Freely distributed under the BSD open source license.
# - - - - - - - - - - - - - - - - - - - - - - - - - - - - - - - - - - - -
# query HMM file:                  ../HMMs/combined_nif_04012025.hmm
# target sequence database:        ../all_rep_proteins_aa/bacteria/GB_GCA_030697645.1_protein.faa
# - - - - - - - - - - - - - - - - - - - - - - - - - - - - - - - - - - - -

Query:       nifH-03292025  [M=327]
Scores for complete sequences (score includes all domains):
   --- full sequence ---   --- best 1 domain ---    -#dom-
    E-value  score  bias    E-value  score  bias    exp  N  Sequence              Description
    ------- ------ -----    ------- ------ -----   ---- --  --------              -----------
     0.0079   11.3   0.0      0.011   10.8   0.0    1.2  1  JAUYPI010000015.1_61   # 65369 # 65959 # 1 # ID=16_61;partial
  ------ inclusion threshold ------
      0.012   10.7   0.0      0.021    9.9   0.0    1.3  1  JAUYPI010000009.1_62   # 51356 # 53731 # 1 # ID=14_62;partial
      0.015   10.4   0.0      0.021    9.9   0.0    1.2  1  JAUYPI010000006.1_121  # 118202 # 119149 # 1 # ID=6_121;parti


Domain annotation for each sequence (and alignments):
>> JAUYPI010000015.1_61  # 65369 # 65959 # 1 # ID=16_61;partial=00;start_type=ATG;rbs_motif=None;rbs_spacer=None;gc_cont
   #    score  bias  c-Evalue  i-Evalue hmmfrom  hmm to    alifrom  ali to    envfrom  env to     acc
 ---   ------ ----- --------- --------- ------- -------    ------- -------    ------- -------    ----
   1 !   10.8   0.0   3.1e-05     0.011      10      43 ..       4      37 ..       1      39 [. 0.93

  Alignments for each domain:
  == domain 1  score: 10.8 bits;  conditional E-value: 3.1e-05
         nifH-03292025 10 rkiAiYGKGGiGKSttasnlsaalaeegkkvliv 43
                          r i +YG+ G GK t a  l+  l e+g  vl+v
  JAUYPI010000015.1_61  4 RTILFYGRSGCGKGTQAGLLAERLGESGGAVLMV 37
                          6799**************************9987 PP

>> JAUYPI010000009.1_62  # 51356 # 53731 # 1 # ID=14_62;partial=00;start_type=ATG;rbs_motif=None;rbs_spacer=None;gc_cont
   #    score  bias  c-Evalue  i-Evalue hmmfrom  hmm to    alifrom  ali to    envfrom  env to     acc
 ---   ------ ----- --------- --------- ------- -------    ------- -------    ------- -------    ----
   1 ?    9.9   0.0     6e-05     0.021       6      56 ..      32      80 ..      27      98 .. 0.77

  Alignments for each domain:
  == domain 1  score: 9.9 bits;  conditional E-value: 6e-05
         nifH-03292025  6 akkmrkiAiYGKGGiGKSttasnlsaalaeegkkvlivGCdPKaDstrlll 56
                          ++++r++ + GK G+GKSt  +n+++   ++g+    v  dP   s+ lll
  JAUYPI010000009.1_62 32 KDRTRHVYVIGKTGMGKSTLLENMAVQDIKNGEGFAFV--DPHGKSADLLL 80
                          56689999****************98877777766665..66666666665 PP

>> JAUYPI010000006.1_121  # 118202 # 119149 # 1 # ID=6_121;partial=00;start_type=ATG;rbs_motif=None;rbs_spacer=None;gc_c
   #    score  bias  c-Evalue  i-Evalue hmmfrom  hmm to    alifrom  ali to    envfrom  env to     acc
 ---   ------ ----- --------- --------- ------- -------    ------- -------    ------- -------    ----
   1 ?    9.9   0.0   6.1e-05     0.021      12      50 ..      35      73 ..      26      99 .. 0.91

  Alignments for each domain:
  == domain 1  score: 9.9 bits;  conditional E-value: 6.1e-05
          nifH-03292025 12 iAiYGKGGiGKSttasnlsaalaeegkkvlivGCdPKaD 50
                            A+ G  G GK tt s l+++la++  +vli G d  +D
  JAUYPI010000006.1_121 35 FALLGPNGAGKTTTISVLTTTLAKTSGRVLIAGFDLERD 73
                           5888999**************************996666 PP



Internal pipeline statistics summary:
-------------------------------------
Query model(s):                            1  (327 nodes)
Target sequences:                       1038  (292068 residues searched)
Passed MSV filter:                        36  (0.0346821); expected 20.8 (0.02)
Passed bias filter:                       31  (0.0298651); expected 20.8 (0.02)
Passed Vit filter:                         5  (0.00481696); expected 1.0 (0.001)
Passed Fwd filter:                         3  (0.00289017); expected 0.0 (1e-05)
Initial search space (Z):               1038  [actual number of targets]
Domain search space  (domZ):               3  [number of targets reported over threshold]
# CPU time: 0.01u 0.00s 00:00:00.01 Elapsed: 00:00:00.01
# Mc/sec: 7484.04
//
Query:       nifD-03292025  [M=482]
Scores for complete sequences (score includes all domains):
   --- full sequence ---   --- best 1 domain ---    -#dom-
    E-value  score  bias    E-value  score  bias    exp  N  Sequence Description
    ------- ------ -----    ------- ------ -----   ---- --  -------- -----------

   [No hits detected that satisfy reporting thresholds]


Domain annotation for each sequence (and alignments):

   [No targets detected that satisfy reporting thresholds]


Internal pipeline statistics summary:
-------------------------------------
Query model(s):                            1  (482 nodes)
Target sequences:                       1038  (292068 residues searched)
Passed MSV filter:                        27  (0.0260116); expected 20.8 (0.02)
Passed bias filter:                       25  (0.0240848); expected 20.8 (0.02)
Passed Vit filter:                         2  (0.00192678); expected 1.0 (0.001)
Passed Fwd filter:                         0  (0); expected 0.0 (1e-05)
Initial search space (Z):               1038  [actual number of targets]
Domain search space  (domZ):               0  [number of targets reported over threshold]
# CPU time: 0.01u 0.00s 00:00:00.01 Elapsed: 00:00:00.01
# Mc/sec: 13426.68
//
Query:       nifK-03292025  [M=490]
Scores for complete sequences (score includes all domains):
   --- full sequence ---   --- best 1 domain ---    -#dom-
    E-value  score  bias    E-value  score  bias    exp  N  Sequence Description
    ------- ------ -----    ------- ------ -----   ---- --  -------- -----------

   [No hits detected that satisfy reporting thresholds]


Domain annotation for each sequence (and alignments):

   [No targets detected that satisfy reporting thresholds]


Internal pipeline statistics summary:
-------------------------------------
Query model(s):                            1  (490 nodes)
Target sequences:                       1038  (292068 residues searched)
Passed MSV filter:                        25  (0.0240848); expected 20.8 (0.02)
Passed bias filter:                       22  (0.0211946); expected 20.8 (0.02)
Passed Vit filter:                         0  (0); expected 1.0 (0.001)
Passed Fwd filter:                         0  (0); expected 0.0 (1e-05)
Initial search space (Z):               1038  [actual number of targets]
Domain search space  (domZ):               0  [number of targets reported over threshold]
# CPU time: 0.01u 0.00s 00:00:00.01 Elapsed: 00:00:00.00
# Mc/sec: 15269.57
//
Query:       nifB-03292025  [M=505]
Scores for complete sequences (score includes all domains):
   --- full sequence ---   --- best 1 domain ---    -#dom-
    E-value  score  bias    E-value  score  bias    exp  N  Sequence Description
    ------- ------ -----    ------- ------ -----   ---- --  -------- -----------

   [No hits detected that satisfy reporting thresholds]


Domain annotation for each sequence (and alignments):

   [No targets detected that satisfy reporting thresholds]


Internal pipeline statistics summary:
-------------------------------------
Query model(s):                            1  (505 nodes)
Target sequences:                       1038  (292068 residues searched)
Passed MSV filter:                        31  (0.0298651); expected 20.8 (0.02)
Passed bias filter:                       24  (0.0231214); expected 20.8 (0.02)
Passed Vit filter:                         0  (0); expected 1.0 (0.001)
Passed Fwd filter:                         0  (0); expected 0.0 (1e-05)
Initial search space (Z):               1038  [actual number of targets]
Domain search space  (domZ):               0  [number of targets reported over threshold]
# CPU time: 0.01u 0.00s 00:00:00.01 Elapsed: 00:00:00.01
# Mc/sec: 14560.09
//
Query:       nifE-03292025  [M=556]
Scores for complete sequences (score includes all domains):
   --- full sequence ---   --- best 1 domain ---    -#dom-
    E-value  score  bias    E-value  score  bias    exp  N  Sequence Description
    ------- ------ -----    ------- ------ -----   ---- --  -------- -----------

   [No hits detected that satisfy reporting thresholds]


Domain annotation for each sequence (and alignments):

   [No targets detected that satisfy reporting thresholds]


Internal pipeline statistics summary:
-------------------------------------
Query model(s):                            1  (556 nodes)
Target sequences:                       1038  (292068 residues searched)
Passed MSV filter:                        37  (0.0356455); expected 20.8 (0.02)
Passed bias filter:                       32  (0.0308285); expected 20.8 (0.02)
Passed Vit filter:                         2  (0.00192678); expected 1.0 (0.001)
Passed Fwd filter:                         0  (0); expected 0.0 (1e-05)
Initial search space (Z):               1038  [actual number of targets]
Domain search space  (domZ):               0  [number of targets reported over threshold]
# CPU time: 0.01u 0.00s 00:00:00.01 Elapsed: 00:00:00.01
# Mc/sec: 12709.10
//
Query:       nifN-03292025  [M=700]
Scores for complete sequences (score includes all domains):
   --- full sequence ---   --- best 1 domain ---    -#dom-
    E-value  score  bias    E-value  score  bias    exp  N  Sequence Description
    ------- ------ -----    ------- ------ -----   ---- --  -------- -----------

   [No hits detected that satisfy reporting thresholds]


Domain annotation for each sequence (and alignments):

   [No targets detected that satisfy reporting thresholds]


Internal pipeline statistics summary:
-------------------------------------
Query model(s):                            1  (700 nodes)
Target sequences:                       1038  (292068 residues searched)
Passed MSV filter:                        27  (0.0260116); expected 20.8 (0.02)
Passed bias filter:                       24  (0.0231214); expected 20.8 (0.02)
Passed Vit filter:                         3  (0.00289017); expected 1.0 (0.001)
Passed Fwd filter:                         0  (0); expected 0.0 (1e-05)
Initial search space (Z):               1038  [actual number of targets]
Domain search space  (domZ):               0  [number of targets reported over threshold]
# CPU time: 0.01u 0.01s 00:00:00.02 Elapsed: 00:00:00.01
# Mc/sec: 13301.16
//
Query:       pchlide-04012025  [M=508]
Scores for complete sequences (score includes all domains):
   --- full sequence ---   --- best 1 domain ---    -#dom-
    E-value  score  bias    E-value  score  bias    exp  N  Sequence Description
    ------- ------ -----    ------- ------ -----   ---- --  -------- -----------

   [No hits detected that satisfy reporting thresholds]


Domain annotation for each sequence (and alignments):

   [No targets detected that satisfy reporting thresholds]


Internal pipeline statistics summary:
-------------------------------------
Query model(s):                            1  (508 nodes)
Target sequences:                       1038  (292068 residues searched)
Passed MSV filter:                        24  (0.0231214); expected 20.8 (0.02)
Passed bias filter:                       22  (0.0211946); expected 20.8 (0.02)
Passed Vit filter:                         3  (0.00289017); expected 1.0 (0.001)
Passed Fwd filter:                         0  (0); expected 0.0 (1e-05)
Initial search space (Z):               1038  [actual number of targets]
Domain search space  (domZ):               0  [number of targets reported over threshold]
# CPU time: 0.01u 0.00s 00:00:00.01 Elapsed: 00:00:00.01
# Mc/sec: 14765.87
//
[ok]
# hmmsearch :: search profile(s) against a sequence database
# HMMER 3.4 (Aug 2023); http://hmmer.org/
# Copyright (C) 2023 Howard Hughes Medical Institute.
# Freely distributed under the BSD open source license.
# - - - - - - - - - - - - - - - - - - - - - - - - - - - - - - - - - - - -
# query HMM file:                  ../HMMs/nifV_07242025.hmm
# target sequence database:        ../all_rep_proteins_aa/bacteria/GB_GCA_030697645.1_protein.faa
# - - - - - - - - - - - - - - - - - - - - - - - - - - - - - - - - - - - -

Query:       nifV-07242025  [M=437]
Scores for complete sequences (score includes all domains):
   --- full sequence ---   --- best 1 domain ---    -#dom-
    E-value  score  bias    E-value  score  bias    exp  N  Sequence Description
    ------- ------ -----    ------- ------ -----   ---- --  -------- -----------

   [No hits detected that satisfy reporting thresholds]


Domain annotation for each sequence (and alignments):

   [No targets detected that satisfy reporting thresholds]


Internal pipeline statistics summary:
-------------------------------------
Query model(s):                            1  (437 nodes)
Target sequences:                       1038  (292068 residues searched)
Passed MSV filter:                        24  (0.0231214); expected 20.8 (0.02)
Passed bias filter:                       15  (0.0144509); expected 20.8 (0.02)
Passed Vit filter:                         1  (0.000963391); expected 1.0 (0.001)
Passed Fwd filter:                         0  (0); expected 0.0 (1e-05)
Initial search space (Z):               1038  [actual number of targets]
Domain search space  (domZ):               0  [number of targets reported over threshold]
# CPU time: 0.00u 0.00s 00:00:00.00 Elapsed: 00:00:00.00
# Mc/sec: 17046.43
//
[ok]
