# hmmsearch :: search profile(s) against a sequence database
# HMMER 3.4 (Aug 2023); http://hmmer.org/
# Copyright (C) 2023 Howard Hughes Medical Institute.
# Freely distributed under the BSD open source license.
# - - - - - - - - - - - - - - - - - - - - - - - - - - - - - - - - - - - -
# query HMM file:                  ../HMMs/combined_nif_04012025.hmm
# target sequence database:        ../all_rep_proteins_aa/bacteria/GB_GCA_023246725.1_protein.faa
# - - - - - - - - - - - - - - - - - - - - - - - - - - - - - - - - - - - -

Query:       nifH-03292025  [M=327]
Scores for complete sequences (score includes all domains):
   --- full sequence ---   --- best 1 domain ---    -#dom-
    E-value  score  bias    E-value  score  bias    exp  N  Sequence             Description
    ------- ------ -----    ------- ------ -----   ---- --  --------             -----------
    3.3e-11   39.0   0.0    6.9e-07   24.8   0.0    2.1  2  JAHFHV010000014.1_20  # 19978 # 20745 # -1 # ID=49_20;partial
  ------ inclusion threshold ------
      0.019   10.2   2.1       0.32    6.2   0.0    2.8  3  JAHFHV010000037.1_4   # 1470 # 2930 # -1 # ID=26_4;partial=00


Domain annotation for each sequence (and alignments):
>> JAHFHV010000014.1_20  # 19978 # 20745 # -1 # ID=49_20;partial=00;start_type=ATG;rbs_motif=None;rbs_spacer=None;gc_con
   #    score  bias  c-Evalue  i-Evalue hmmfrom  hmm to    alifrom  ali to    envfrom  env to     acc
 ---   ------ ----- --------- --------- ------- -------    ------- -------    ------- -------    ----
   1 !   24.8   0.0   1.1e-09   6.9e-07      17      55 ..      11      49 ..       5      74 .. 0.92
   2 !   12.2   0.0   8.3e-06     0.005     149     253 ..     141     250 ..     139     253 .. 0.79

  Alignments for each domain:
  == domain 1  score: 24.8 bits;  conditional E-value: 1.1e-09
         nifH-03292025 17 KGGiGKSttasnlsaalaeegkkvlivGCdPKaDstrll 55
                          KGG+GK tta nl+a l+e gk vl v  dP   +t+ l
  JAHFHV010000014.1_20 11 KGGVGKTTTAVNLAAGLSEIGKFVLLVDLDPQGNATSGL 49
                          9*******************************9999876 PP

  == domain 2  score: 12.2 bits;  conditional E-value: 8.3e-06
         nifH-03292025 149 adevyivtsgemmalYaanniakgikkyaee..ggvrlgGlicNsrkvdk..eeelveefaeklgtqiiaf.vprsnevqkaelekktv 232
                           ad+++i + +e+ al     ++k+i  ++++   +  + G ++ + ++++   ee+++e+ + +  +i+   +pr   + +a   +k +
  JAHFHV010000014.1_20 141 ADKIIIPVQAEYYALEGLGQLLKTIDLVKANikPNLDVLGAVVTMYDSRNrlSEEVMHELYKYFPNNIFRSvIPRTVRLAEAPSFGKSI 229
                           89999999****************99888873244445555554443333125788899999999999865279999************ PP

         nifH-03292025 233 ieaapdseqakeyreLakkil 253
                           ++++p  ++ak+y++L++++l
  JAHFHV010000014.1_20 230 FHYEPGGKAAKAYERLSRELL 250
                           *****************9886 PP

>> JAHFHV010000037.1_4  # 1470 # 2930 # -1 # ID=26_4;partial=00;start_type=ATG;rbs_motif=TAA;rbs_spacer=11bp;gc_cont=0.4
   #    score  bias  c-Evalue  i-Evalue hmmfrom  hmm to    alifrom  ali to    envfrom  env to     acc
 ---   ------ ----- --------- --------- ------- -------    ------- -------    ------- -------    ----
   1 ?    6.2   0.0   0.00054      0.32       7      34 ..      32      59 ..      26     108 .. 0.83
   2 ?   -1.4   0.2      0.11        65     246     285 ..     230     271 ..     209     305 .. 0.50
   3 ?    2.4   0.0    0.0077       4.6      10      32 ..     325     347 ..     317     356 .. 0.78

  Alignments for each domain:
  == domain 1  score: 6.2 bits;  conditional E-value: 0.00054
        nifH-03292025  7 kkmrkiAiYGKGGiGKSttasnlsaala 34
                         ++  ki+i G  G GKSt+ + ++  l 
  JAHFHV010000037.1_4 32 RENAKITIMGQNGAGKSTIFKLITQELQ 59
                         56789**************998888876 PP

  == domain 2  score: -1.4 bits;  conditional E-value: 0.11
        nifH-03292025 246 reLakkilenkklvipkplseeeleellael..glleeedev 285
                           +L k+i+++k++v   + +  ++++l+ +l  +++e+ed++
  JAHFHV010000037.1_4 230 AQLKKSIQDKKDKVNFFAHKGGKMRKLASKLkeQVAEAEDTM 271
                          344444444444444444444444444444422222222221 PP

  == domain 3  score: 2.4 bits;  conditional E-value: 0.0077
        nifH-03292025  10 rkiAiYGKGGiGKSttasnlsaa 32 
                          +++ + G  GiGKSt  + l+a 
  JAHFHV010000037.1_4 325 QRLLVKGPNGIGKSTFLAALAAG 347
                          566677889******99988876 PP



Internal pipeline statistics summary:
-------------------------------------
Query model(s):                            1  (327 nodes)
Target sequences:                       1197  (331573 residues searched)
Passed MSV filter:                        51  (0.0426065); expected 23.9 (0.02)
Passed bias filter:                       35  (0.0292398); expected 23.9 (0.02)
Passed Vit filter:                         7  (0.00584795); expected 1.2 (0.001)
Passed Fwd filter:                         2  (0.00167084); expected 0.0 (1e-05)
Initial search space (Z):               1197  [actual number of targets]
Domain search space  (domZ):               2  [number of targets reported over threshold]
# CPU time: 0.01u 0.00s 00:00:00.01 Elapsed: 00:00:00.01
# Mc/sec: 8366.82
//
Query:       nifD-03292025  [M=482]
Scores for complete sequences (score includes all domains):
   --- full sequence ---   --- best 1 domain ---    -#dom-
    E-value  score  bias    E-value  score  bias    exp  N  Sequence Description
    ------- ------ -----    ------- ------ -----   ---- --  -------- -----------

   [No hits detected that satisfy reporting thresholds]


Domain annotation for each sequence (and alignments):

   [No targets detected that satisfy reporting thresholds]


Internal pipeline statistics summary:
-------------------------------------
Query model(s):                            1  (482 nodes)
Target sequences:                       1197  (331573 residues searched)
Passed MSV filter:                        43  (0.0359231); expected 23.9 (0.02)
Passed bias filter:                       34  (0.0284043); expected 23.9 (0.02)
Passed Vit filter:                         4  (0.00334169); expected 1.2 (0.001)
Passed Fwd filter:                         0  (0); expected 0.0 (1e-05)
Initial search space (Z):               1197  [actual number of targets]
Domain search space  (domZ):               0  [number of targets reported over threshold]
# CPU time: 0.01u 0.00s 00:00:00.01 Elapsed: 00:00:00.00
# Mc/sec: 18948.62
//
Query:       nifK-03292025  [M=490]
Scores for complete sequences (score includes all domains):
   --- full sequence ---   --- best 1 domain ---    -#dom-
    E-value  score  bias    E-value  score  bias    exp  N  Sequence Description
    ------- ------ -----    ------- ------ -----   ---- --  -------- -----------

   [No hits detected that satisfy reporting thresholds]


Domain annotation for each sequence (and alignments):

   [No targets detected that satisfy reporting thresholds]


Internal pipeline statistics summary:
-------------------------------------
Query model(s):                            1  (490 nodes)
Target sequences:                       1197  (331573 residues searched)
Passed MSV filter:                        33  (0.0275689); expected 23.9 (0.02)
Passed bias filter:                       24  (0.0200501); expected 23.9 (0.02)
Passed Vit filter:                         0  (0); expected 1.2 (0.001)
Passed Fwd filter:                         0  (0); expected 0.0 (1e-05)
Initial search space (Z):               1197  [actual number of targets]
Domain search space  (domZ):               0  [number of targets reported over threshold]
# CPU time: 0.01u 0.00s 00:00:00.01 Elapsed: 00:00:00.00
# Mc/sec: 19282.88
//
Query:       nifB-03292025  [M=505]
Scores for complete sequences (score includes all domains):
   --- full sequence ---   --- best 1 domain ---    -#dom-
    E-value  score  bias    E-value  score  bias    exp  N  Sequence Description
    ------- ------ -----    ------- ------ -----   ---- --  -------- -----------

   [No hits detected that satisfy reporting thresholds]


Domain annotation for each sequence (and alignments):

   [No targets detected that satisfy reporting thresholds]


Internal pipeline statistics summary:
-------------------------------------
Query model(s):                            1  (505 nodes)
Target sequences:                       1197  (331573 residues searched)
Passed MSV filter:                        28  (0.0233918); expected 23.9 (0.02)
Passed bias filter:                       18  (0.0150376); expected 23.9 (0.02)
Passed Vit filter:                         1  (0.000835422); expected 1.2 (0.001)
Passed Fwd filter:                         0  (0); expected 0.0 (1e-05)
Initial search space (Z):               1197  [actual number of targets]
Domain search space  (domZ):               0  [number of targets reported over threshold]
# CPU time: 0.01u 0.00s 00:00:00.01 Elapsed: 00:00:00.00
# Mc/sec: 22453.85
//
Query:       nifE-03292025  [M=556]
Scores for complete sequences (score includes all domains):
   --- full sequence ---   --- best 1 domain ---    -#dom-
    E-value  score  bias    E-value  score  bias    exp  N  Sequence Description
    ------- ------ -----    ------- ------ -----   ---- --  -------- -----------

   [No hits detected that satisfy reporting thresholds]


Domain annotation for each sequence (and alignments):

   [No targets detected that satisfy reporting thresholds]


Internal pipeline statistics summary:
-------------------------------------
Query model(s):                            1  (556 nodes)
Target sequences:                       1197  (331573 residues searched)
Passed MSV filter:                        49  (0.0409357); expected 23.9 (0.02)
Passed bias filter:                       37  (0.0309106); expected 23.9 (0.02)
Passed Vit filter:                         0  (0); expected 1.2 (0.001)
Passed Fwd filter:                         0  (0); expected 0.0 (1e-05)
Initial search space (Z):               1197  [actual number of targets]
Domain search space  (domZ):               0  [number of targets reported over threshold]
# CPU time: 0.02u 0.00s 00:00:00.02 Elapsed: 00:00:00.00
# Mc/sec: 19394.79
//
Query:       nifN-03292025  [M=700]
Scores for complete sequences (score includes all domains):
   --- full sequence ---   --- best 1 domain ---    -#dom-
    E-value  score  bias    E-value  score  bias    exp  N  Sequence Description
    ------- ------ -----    ------- ------ -----   ---- --  -------- -----------

   [No hits detected that satisfy reporting thresholds]


Domain annotation for each sequence (and alignments):

   [No targets detected that satisfy reporting thresholds]


Internal pipeline statistics summary:
-------------------------------------
Query model(s):                            1  (700 nodes)
Target sequences:                       1197  (331573 residues searched)
Passed MSV filter:                        39  (0.0325815); expected 23.9 (0.02)
Passed bias filter:                       32  (0.0267335); expected 23.9 (0.02)
Passed Vit filter:                         1  (0.000835422); expected 1.2 (0.001)
Passed Fwd filter:                         0  (0); expected 0.0 (1e-05)
Initial search space (Z):               1197  [actual number of targets]
Domain search space  (domZ):               0  [number of targets reported over threshold]
# CPU time: 0.02u 0.00s 00:00:00.02 Elapsed: 00:00:00.01
# Mc/sec: 21003.61
//
Query:       pchlide-04012025  [M=508]
Scores for complete sequences (score includes all domains):
   --- full sequence ---   --- best 1 domain ---    -#dom-
    E-value  score  bias    E-value  score  bias    exp  N  Sequence Description
    ------- ------ -----    ------- ------ -----   ---- --  -------- -----------

   [No hits detected that satisfy reporting thresholds]


Domain annotation for each sequence (and alignments):

   [No targets detected that satisfy reporting thresholds]


Internal pipeline statistics summary:
-------------------------------------
Query model(s):                            1  (508 nodes)
Target sequences:                       1197  (331573 residues searched)
Passed MSV filter:                        34  (0.0284043); expected 23.9 (0.02)
Passed bias filter:                       29  (0.0242272); expected 23.9 (0.02)
Passed Vit filter:                         3  (0.00250627); expected 1.2 (0.001)
Passed Fwd filter:                         0  (0); expected 0.0 (1e-05)
Initial search space (Z):               1197  [actual number of targets]
Domain search space  (domZ):               0  [number of targets reported over threshold]
# CPU time: 0.01u 0.00s 00:00:00.01 Elapsed: 00:00:00.00
# Mc/sec: 17626.84
//
[ok]
# hmmsearch :: search profile(s) against a sequence database
# HMMER 3.4 (Aug 2023); http://hmmer.org/
# Copyright (C) 2023 Howard Hughes Medical Institute.
# Freely distributed under the BSD open source license.
# - - - - - - - - - - - - - - - - - - - - - - - - - - - - - - - - - - - -
# query HMM file:                  ../HMMs/nifV_07242025.hmm
# target sequence database:        ../all_rep_proteins_aa/bacteria/GB_GCA_023246725.1_protein.faa
# - - - - - - - - - - - - - - - - - - - - - - - - - - - - - - - - - - - -

Query:       nifV-07242025  [M=437]
Scores for complete sequences (score includes all domains):
   --- full sequence ---   --- best 1 domain ---    -#dom-
    E-value  score  bias    E-value  score  bias    exp  N  Sequence Description
    ------- ------ -----    ------- ------ -----   ---- --  -------- -----------

   [No hits detected that satisfy reporting thresholds]


Domain annotation for each sequence (and alignments):

   [No targets detected that satisfy reporting thresholds]


Internal pipeline statistics summary:
-------------------------------------
Query model(s):                            1  (437 nodes)
Target sequences:                       1197  (331573 residues searched)
Passed MSV filter:                        29  (0.0242272); expected 23.9 (0.02)
Passed bias filter:                       21  (0.0175439); expected 23.9 (0.02)
Passed Vit filter:                         2  (0.00167084); expected 1.2 (0.001)
Passed Fwd filter:                         0  (0); expected 0.0 (1e-05)
Initial search space (Z):               1197  [actual number of targets]
Domain search space  (domZ):               0  [number of targets reported over threshold]
# CPU time: 0.00u 0.00s 00:00:00.00 Elapsed: 00:00:00.00
# Mc/sec: 19078.03
//
[ok]
