# hmmsearch :: search profile(s) against a sequence database
# HMMER 3.4 (Aug 2023); http://hmmer.org/
# Copyright (C) 2023 Howard Hughes Medical Institute.
# Freely distributed under the BSD open source license.
# - - - - - - - - - - - - - - - - - - - - - - - - - - - - - - - - - - - -
# query HMM file:                  ../HMMs/combined_nif_04012025.hmm
# target sequence database:        ../all_rep_proteins_aa/bacteria/GB_GCA_001791035.1_protein.faa
# - - - - - - - - - - - - - - - - - - - - - - - - - - - - - - - - - - - -

Query:       nifH-03292025  [M=327]
Scores for complete sequences (score includes all domains):
   --- full sequence ---   --- best 1 domain ---    -#dom-
    E-value  score  bias    E-value  score  bias    exp  N  Sequence          Description
    ------- ------ -----    ------- ------ -----   ---- --  --------          -----------
    8.5e-13   43.9   0.0    2.7e-08   29.1   0.1    2.1  2  MGDX01000006.1_30  # 20128 # 20919 # 1 # ID=6_30;partial=00;s


Domain annotation for each sequence (and alignments):
>> MGDX01000006.1_30  # 20128 # 20919 # 1 # ID=6_30;partial=00;start_type=ATG;rbs_motif=None;rbs_spacer=None;gc_cont=0.5
   #    score  bias  c-Evalue  i-Evalue hmmfrom  hmm to    alifrom  ali to    envfrom  env to     acc
 ---   ------ ----- --------- --------- ------- -------    ------- -------    ------- -------    ----
   1 !   29.1   0.1   2.8e-11   2.7e-08      17      68 ..      11      64 ..       2      88 .. 0.80
   2 !   12.7   0.0   2.7e-06    0.0026     149     251 ..     141     248 ..     139     259 .. 0.79

  Alignments for each domain:
  == domain 1  score: 29.1 bits;  conditional E-value: 2.8e-11
      nifH-03292025 17 KGGiGKSttasnlsaalaeegkkvlivGCdPKaDstrll..lggkaqktvldll 68
                       KGG+GK tt+ nl a l+  gkkvl+v  dP a +t+ +   ++  +++v dll
  MGDX01000006.1_30 11 KGGVGKTTTTLNLGAYLSACGKKVLMVDLDPQANATSGIgiDHQALEQSVYDLL 64
                       9*********************************99865114555566666665 PP

  == domain 2  score: 12.7 bits;  conditional E-value: 2.7e-06
      nifH-03292025 149 adevyivtsgemmalYaanniakgikkyaeeggvrl...gGlic.Nsrkvdkeeelveefaeklgtqiiaf.vprsnevqkaelekktviea 235
                        ad+v i + +e+ al     ++++i+ ++e+ + +l   g li+    +++  +++++e+ +++  +i+   +prs  + +a   ++t++ +
  MGDX01000006.1_30 141 ADRVLIPIQAEYYALEGLGQLLNTIRLVKENLRPELdvfGALITmYDSRTRLSKDVMTELYRHFPDKIFRSvIPRSVRLAEAPSFGQTILGY 232
                        77888888888888888888888888888874444322255665134556668899999999999999875279****************** PP

      nifH-03292025 236 apdseqakeyreLakk 251
                        apds++a++y++L ++
  MGDX01000006.1_30 233 APDSKAARSYERLRDE 248
                        ***********99765 PP



Internal pipeline statistics summary:
-------------------------------------
Query model(s):                            1  (327 nodes)
Target sequences:                        946  (280309 residues searched)
Passed MSV filter:                        38  (0.0401691); expected 18.9 (0.02)
Passed bias filter:                       33  (0.0348837); expected 18.9 (0.02)
Passed Vit filter:                         4  (0.00422833); expected 0.9 (0.001)
Passed Fwd filter:                         1  (0.00105708); expected 0.0 (1e-05)
Initial search space (Z):                946  [actual number of targets]
Domain search space  (domZ):               1  [number of targets reported over threshold]
# CPU time: 0.01u 0.00s 00:00:00.01 Elapsed: 00:00:00.01
# Mc/sec: 6053.37
//
Query:       nifD-03292025  [M=482]
Scores for complete sequences (score includes all domains):
   --- full sequence ---   --- best 1 domain ---    -#dom-
    E-value  score  bias    E-value  score  bias    exp  N  Sequence Description
    ------- ------ -----    ------- ------ -----   ---- --  -------- -----------

   [No hits detected that satisfy reporting thresholds]


Domain annotation for each sequence (and alignments):

   [No targets detected that satisfy reporting thresholds]


Internal pipeline statistics summary:
-------------------------------------
Query model(s):                            1  (482 nodes)
Target sequences:                        946  (280309 residues searched)
Passed MSV filter:                        23  (0.0243129); expected 18.9 (0.02)
Passed bias filter:                       17  (0.0179704); expected 18.9 (0.02)
Passed Vit filter:                         0  (0); expected 0.9 (0.001)
Passed Fwd filter:                         0  (0); expected 0.0 (1e-05)
Initial search space (Z):                946  [actual number of targets]
Domain search space  (domZ):               0  [number of targets reported over threshold]
# CPU time: 0.01u 0.00s 00:00:00.01 Elapsed: 00:00:00.00
# Mc/sec: 17313.41
//
Query:       nifK-03292025  [M=490]
Scores for complete sequences (score includes all domains):
   --- full sequence ---   --- best 1 domain ---    -#dom-
    E-value  score  bias    E-value  score  bias    exp  N  Sequence Description
    ------- ------ -----    ------- ------ -----   ---- --  -------- -----------

   [No hits detected that satisfy reporting thresholds]


Domain annotation for each sequence (and alignments):

   [No targets detected that satisfy reporting thresholds]


Internal pipeline statistics summary:
-------------------------------------
Query model(s):                            1  (490 nodes)
Target sequences:                        946  (280309 residues searched)
Passed MSV filter:                        19  (0.0200846); expected 18.9 (0.02)
Passed bias filter:                       16  (0.0169133); expected 18.9 (0.02)
Passed Vit filter:                         0  (0); expected 0.9 (0.001)
Passed Fwd filter:                         0  (0); expected 0.0 (1e-05)
Initial search space (Z):                946  [actual number of targets]
Domain search space  (domZ):               0  [number of targets reported over threshold]
# CPU time: 0.00u 0.00s 00:00:00.00 Elapsed: 00:00:00.00
# Mc/sec: 17496.48
//
Query:       nifB-03292025  [M=505]
Scores for complete sequences (score includes all domains):
   --- full sequence ---   --- best 1 domain ---    -#dom-
    E-value  score  bias    E-value  score  bias    exp  N  Sequence Description
    ------- ------ -----    ------- ------ -----   ---- --  -------- -----------

   [No hits detected that satisfy reporting thresholds]


Domain annotation for each sequence (and alignments):

   [No targets detected that satisfy reporting thresholds]


Internal pipeline statistics summary:
-------------------------------------
Query model(s):                            1  (505 nodes)
Target sequences:                        946  (280309 residues searched)
Passed MSV filter:                        29  (0.0306554); expected 18.9 (0.02)
Passed bias filter:                       24  (0.02537); expected 18.9 (0.02)
Passed Vit filter:                         3  (0.00317125); expected 0.9 (0.001)
Passed Fwd filter:                         0  (0); expected 0.0 (1e-05)
Initial search space (Z):                946  [actual number of targets]
Domain search space  (domZ):               0  [number of targets reported over threshold]
# CPU time: 0.01u 0.00s 00:00:00.01 Elapsed: 00:00:00.00
# Mc/sec: 15233.76
//
Query:       nifE-03292025  [M=556]
Scores for complete sequences (score includes all domains):
   --- full sequence ---   --- best 1 domain ---    -#dom-
    E-value  score  bias    E-value  score  bias    exp  N  Sequence Description
    ------- ------ -----    ------- ------ -----   ---- --  -------- -----------

   [No hits detected that satisfy reporting thresholds]


Domain annotation for each sequence (and alignments):

   [No targets detected that satisfy reporting thresholds]


Internal pipeline statistics summary:
-------------------------------------
Query model(s):                            1  (556 nodes)
Target sequences:                        946  (280309 residues searched)
Passed MSV filter:                        34  (0.0359408); expected 18.9 (0.02)
Passed bias filter:                       27  (0.0285412); expected 18.9 (0.02)
Passed Vit filter:                         2  (0.00211416); expected 0.9 (0.001)
Passed Fwd filter:                         0  (0); expected 0.0 (1e-05)
Initial search space (Z):                946  [actual number of targets]
Domain search space  (domZ):               0  [number of targets reported over threshold]
# CPU time: 0.01u 0.00s 00:00:00.01 Elapsed: 00:00:00.01
# Mc/sec: 15122.43
//
Query:       nifN-03292025  [M=700]
Scores for complete sequences (score includes all domains):
   --- full sequence ---   --- best 1 domain ---    -#dom-
    E-value  score  bias    E-value  score  bias    exp  N  Sequence Description
    ------- ------ -----    ------- ------ -----   ---- --  -------- -----------

   [No hits detected that satisfy reporting thresholds]


Domain annotation for each sequence (and alignments):

   [No targets detected that satisfy reporting thresholds]


Internal pipeline statistics summary:
-------------------------------------
Query model(s):                            1  (700 nodes)
Target sequences:                        946  (280309 residues searched)
Passed MSV filter:                        35  (0.0369979); expected 18.9 (0.02)
Passed bias filter:                       25  (0.0264271); expected 18.9 (0.02)
Passed Vit filter:                         3  (0.00317125); expected 0.9 (0.001)
Passed Fwd filter:                         0  (0); expected 0.0 (1e-05)
Initial search space (Z):                946  [actual number of targets]
Domain search space  (domZ):               0  [number of targets reported over threshold]
# CPU time: 0.02u 0.00s 00:00:00.02 Elapsed: 00:00:00.01
# Mc/sec: 14123.89
//
Query:       pchlide-04012025  [M=508]
Scores for complete sequences (score includes all domains):
   --- full sequence ---   --- best 1 domain ---    -#dom-
    E-value  score  bias    E-value  score  bias    exp  N  Sequence Description
    ------- ------ -----    ------- ------ -----   ---- --  -------- -----------

   [No hits detected that satisfy reporting thresholds]


Domain annotation for each sequence (and alignments):

   [No targets detected that satisfy reporting thresholds]


Internal pipeline statistics summary:
-------------------------------------
Query model(s):                            1  (508 nodes)
Target sequences:                        946  (280309 residues searched)
Passed MSV filter:                        31  (0.0327696); expected 18.9 (0.02)
Passed bias filter:                       24  (0.02537); expected 18.9 (0.02)
Passed Vit filter:                         3  (0.00317125); expected 0.9 (0.001)
Passed Fwd filter:                         0  (0); expected 0.0 (1e-05)
Initial search space (Z):                946  [actual number of targets]
Domain search space  (domZ):               0  [number of targets reported over threshold]
# CPU time: 0.01u 0.00s 00:00:00.01 Elapsed: 00:00:00.00
# Mc/sec: 16207.51
//
[ok]
# hmmsearch :: search profile(s) against a sequence database
# HMMER 3.4 (Aug 2023); http://hmmer.org/
# Copyright (C) 2023 Howard Hughes Medical Institute.
# Freely distributed under the BSD open source license.
# - - - - - - - - - - - - - - - - - - - - - - - - - - - - - - - - - - - -
# query HMM file:                  ../HMMs/nifV_07242025.hmm
# target sequence database:        ../all_rep_proteins_aa/bacteria/GB_GCA_001791035.1_protein.faa
# - - - - - - - - - - - - - - - - - - - - - - - - - - - - - - - - - - - -

Query:       nifV-07242025  [M=437]
Scores for complete sequences (score includes all domains):
   --- full sequence ---   --- best 1 domain ---    -#dom-
    E-value  score  bias    E-value  score  bias    exp  N  Sequence Description
    ------- ------ -----    ------- ------ -----   ---- --  -------- -----------

   [No hits detected that satisfy reporting thresholds]


Domain annotation for each sequence (and alignments):

   [No targets detected that satisfy reporting thresholds]


Internal pipeline statistics summary:
-------------------------------------
Query model(s):                            1  (437 nodes)
Target sequences:                        946  (280309 residues searched)
Passed MSV filter:                        34  (0.0359408); expected 18.9 (0.02)
Passed bias filter:                       18  (0.0190275); expected 18.9 (0.02)
Passed Vit filter:                         2  (0.00211416); expected 0.9 (0.001)
Passed Fwd filter:                         0  (0); expected 0.0 (1e-05)
Initial search space (Z):                946  [actual number of targets]
Domain search space  (domZ):               0  [number of targets reported over threshold]
# CPU time: 0.01u 0.00s 00:00:00.01 Elapsed: 00:00:00.00
# Mc/sec: 15947.51
//
[ok]
