# hmmsearch :: search profile(s) against a sequence database
# HMMER 3.4 (Aug 2023); http://hmmer.org/
# Copyright (C) 2023 Howard Hughes Medical Institute.
# Freely distributed under the BSD open source license.
# - - - - - - - - - - - - - - - - - - - - - - - - - - - - - - - - - - - -
# query HMM file:                  ../HMMs/combined_nif_04012025.hmm
# target sequence database:        ../all_rep_proteins_aa/bacteria/GB_GCA_027013285.1_protein.faa
# - - - - - - - - - - - - - - - - - - - - - - - - - - - - - - - - - - - -

Query:       nifH-03292025  [M=327]
Scores for complete sequences (score includes all domains):
   --- full sequence ---   --- best 1 domain ---    -#dom-
    E-value  score  bias    E-value  score  bias    exp  N  Sequence             Description
    ------- ------ -----    ------- ------ -----   ---- --  --------             -----------
  ------ inclusion threshold ------
      0.075    7.8   4.0       0.23    6.2   0.2    2.2  2  JALUXR010000086.1_23  # 24412 # 25872 # -1 # ID=86_23;partial


Domain annotation for each sequence (and alignments):
>> JALUXR010000086.1_23  # 24412 # 25872 # -1 # ID=86_23;partial=00;start_type=ATG;rbs_motif=TTAA;rbs_spacer=12bp;gc_con
   #    score  bias  c-Evalue  i-Evalue hmmfrom  hmm to    alifrom  ali to    envfrom  env to     acc
 ---   ------ ----- --------- --------- ------- -------    ------- -------    ------- -------    ----
   1 ?    6.2   0.2   0.00026      0.23       6      38 ..      32      64 ..      27      68 .. 0.80
   2 ?    2.6   0.5    0.0033       2.9     207     282 ..     216     293 ..     180     352 .. 0.64

  Alignments for each domain:
  == domain 1  score: 6.2 bits;  conditional E-value: 0.00026
         nifH-03292025  6 akkmrkiAiYGKGGiGKSttasnlsaalaeegk 38
                           +k  ki+i G  G GKSt+ + +  +l  +  
  JALUXR010000086.1_23 32 VRKWSKITIMGQNGAGKSTIFKLMNKTLKPMAG 64
                          55689***************9988888876654 PP

  == domain 2  score: 2.6 bits;  conditional E-value: 0.0033
         nifH-03292025 207 klgtqiiafvprsnevqkaelekktvieaapdseqakey...reLakkilenkklvipkplseeeleellaelglleee 282
                           ++  qi  +++++n++ +a l+k+ + ++++ ++ a+++   r++akk+ e+  ++ ++ +++ + ++ ++++++  +e
  JALUXR010000086.1_23 216 DVVEQIERKIEKENML-NARLRKEAIAKKEQANAFANKWwklRAVAKKMREDAAEMEENMVDNRKTDKTIKDFTIPMQE 293
                           2334556666666655.68999999999988888777651116678999887766666666666666666655443333 PP



Internal pipeline statistics summary:
-------------------------------------
Query model(s):                            1  (327 nodes)
Target sequences:                        868  (256535 residues searched)
Passed MSV filter:                        48  (0.0552995); expected 17.4 (0.02)
Passed bias filter:                       37  (0.0426267); expected 17.4 (0.02)
Passed Vit filter:                         4  (0.00460829); expected 0.9 (0.001)
Passed Fwd filter:                         1  (0.00115207); expected 0.0 (1e-05)
Initial search space (Z):                868  [actual number of targets]
Domain search space  (domZ):               1  [number of targets reported over threshold]
# CPU time: 0.01u 0.00s 00:00:00.01 Elapsed: 00:00:00.01
# Mc/sec: 8129.17
//
Query:       nifD-03292025  [M=482]
Scores for complete sequences (score includes all domains):
   --- full sequence ---   --- best 1 domain ---    -#dom-
    E-value  score  bias    E-value  score  bias    exp  N  Sequence Description
    ------- ------ -----    ------- ------ -----   ---- --  -------- -----------

   [No hits detected that satisfy reporting thresholds]


Domain annotation for each sequence (and alignments):

   [No targets detected that satisfy reporting thresholds]


Internal pipeline statistics summary:
-------------------------------------
Query model(s):                            1  (482 nodes)
Target sequences:                        868  (256535 residues searched)
Passed MSV filter:                        71  (0.0817972); expected 17.4 (0.02)
Passed bias filter:                       25  (0.0288018); expected 17.4 (0.02)
Passed Vit filter:                         4  (0.00460829); expected 0.9 (0.001)
Passed Fwd filter:                         0  (0); expected 0.0 (1e-05)
Initial search space (Z):                868  [actual number of targets]
Domain search space  (domZ):               0  [number of targets reported over threshold]
# CPU time: 0.01u 0.00s 00:00:00.01 Elapsed: 00:00:00.00
# Mc/sec: 14404.98
//
Query:       nifK-03292025  [M=490]
Scores for complete sequences (score includes all domains):
   --- full sequence ---   --- best 1 domain ---    -#dom-
    E-value  score  bias    E-value  score  bias    exp  N  Sequence Description
    ------- ------ -----    ------- ------ -----   ---- --  -------- -----------

   [No hits detected that satisfy reporting thresholds]


Domain annotation for each sequence (and alignments):

   [No targets detected that satisfy reporting thresholds]


Internal pipeline statistics summary:
-------------------------------------
Query model(s):                            1  (490 nodes)
Target sequences:                        868  (256535 residues searched)
Passed MSV filter:                        40  (0.0460829); expected 17.4 (0.02)
Passed bias filter:                       23  (0.0264977); expected 17.4 (0.02)
Passed Vit filter:                         2  (0.00230415); expected 0.9 (0.001)
Passed Fwd filter:                         0  (0); expected 0.0 (1e-05)
Initial search space (Z):                868  [actual number of targets]
Domain search space  (domZ):               0  [number of targets reported over threshold]
# CPU time: 0.01u 0.01s 00:00:00.02 Elapsed: 00:00:00.00
# Mc/sec: 16085.46
//
Query:       nifB-03292025  [M=505]
Scores for complete sequences (score includes all domains):
   --- full sequence ---   --- best 1 domain ---    -#dom-
    E-value  score  bias    E-value  score  bias    exp  N  Sequence Description
    ------- ------ -----    ------- ------ -----   ---- --  -------- -----------

   [No hits detected that satisfy reporting thresholds]


Domain annotation for each sequence (and alignments):

   [No targets detected that satisfy reporting thresholds]


Internal pipeline statistics summary:
-------------------------------------
Query model(s):                            1  (505 nodes)
Target sequences:                        868  (256535 residues searched)
Passed MSV filter:                        24  (0.0276498); expected 17.4 (0.02)
Passed bias filter:                       16  (0.0184332); expected 17.4 (0.02)
Passed Vit filter:                         1  (0.00115207); expected 0.9 (0.001)
Passed Fwd filter:                         0  (0); expected 0.0 (1e-05)
Initial search space (Z):                868  [actual number of targets]
Domain search space  (domZ):               0  [number of targets reported over threshold]
# CPU time: 0.01u 0.00s 00:00:00.01 Elapsed: 00:00:00.00
# Mc/sec: 16902.26
//
Query:       nifE-03292025  [M=556]
Scores for complete sequences (score includes all domains):
   --- full sequence ---   --- best 1 domain ---    -#dom-
    E-value  score  bias    E-value  score  bias    exp  N  Sequence Description
    ------- ------ -----    ------- ------ -----   ---- --  -------- -----------

   [No hits detected that satisfy reporting thresholds]


Domain annotation for each sequence (and alignments):

   [No targets detected that satisfy reporting thresholds]


Internal pipeline statistics summary:
-------------------------------------
Query model(s):                            1  (556 nodes)
Target sequences:                        868  (256535 residues searched)
Passed MSV filter:                        46  (0.0529954); expected 17.4 (0.02)
Passed bias filter:                       21  (0.0241935); expected 17.4 (0.02)
Passed Vit filter:                         1  (0.00115207); expected 0.9 (0.001)
Passed Fwd filter:                         0  (0); expected 0.0 (1e-05)
Initial search space (Z):                868  [actual number of targets]
Domain search space  (domZ):               0  [number of targets reported over threshold]
# CPU time: 0.01u 0.00s 00:00:00.01 Elapsed: 00:00:00.00
# Mc/sec: 16639.29
//
Query:       nifN-03292025  [M=700]
Scores for complete sequences (score includes all domains):
   --- full sequence ---   --- best 1 domain ---    -#dom-
    E-value  score  bias    E-value  score  bias    exp  N  Sequence Description
    ------- ------ -----    ------- ------ -----   ---- --  -------- -----------

   [No hits detected that satisfy reporting thresholds]


Domain annotation for each sequence (and alignments):

   [No targets detected that satisfy reporting thresholds]


Internal pipeline statistics summary:
-------------------------------------
Query model(s):                            1  (700 nodes)
Target sequences:                        868  (256535 residues searched)
Passed MSV filter:                        25  (0.0288018); expected 17.4 (0.02)
Passed bias filter:                       20  (0.0230415); expected 17.4 (0.02)
Passed Vit filter:                         2  (0.00230415); expected 0.9 (0.001)
Passed Fwd filter:                         0  (0); expected 0.0 (1e-05)
Initial search space (Z):                868  [actual number of targets]
Domain search space  (domZ):               0  [number of targets reported over threshold]
# CPU time: 0.01u 0.00s 00:00:00.01 Elapsed: 00:00:00.01
# Mc/sec: 16472.71
//
Query:       pchlide-04012025  [M=508]
Scores for complete sequences (score includes all domains):
   --- full sequence ---   --- best 1 domain ---    -#dom-
    E-value  score  bias    E-value  score  bias    exp  N  Sequence Description
    ------- ------ -----    ------- ------ -----   ---- --  -------- -----------

   [No hits detected that satisfy reporting thresholds]


Domain annotation for each sequence (and alignments):

   [No targets detected that satisfy reporting thresholds]


Internal pipeline statistics summary:
-------------------------------------
Query model(s):                            1  (508 nodes)
Target sequences:                        868  (256535 residues searched)
Passed MSV filter:                        32  (0.0368664); expected 17.4 (0.02)
Passed bias filter:                       18  (0.0207373); expected 17.4 (0.02)
Passed Vit filter:                         1  (0.00115207); expected 0.9 (0.001)
Passed Fwd filter:                         0  (0); expected 0.0 (1e-05)
Initial search space (Z):                868  [actual number of targets]
Domain search space  (domZ):               0  [number of targets reported over threshold]
# CPU time: 0.01u 0.00s 00:00:00.01 Elapsed: 00:00:00.00
# Mc/sec: 17679.92
//
[ok]
# hmmsearch :: search profile(s) against a sequence database
# HMMER 3.4 (Aug 2023); http://hmmer.org/
# Copyright (C) 2023 Howard Hughes Medical Institute.
# Freely distributed under the BSD open source license.
# - - - - - - - - - - - - - - - - - - - - - - - - - - - - - - - - - - - -
# query HMM file:                  ../HMMs/nifV_07242025.hmm
# target sequence database:        ../all_rep_proteins_aa/bacteria/GB_GCA_027013285.1_protein.faa
# - - - - - - - - - - - - - - - - - - - - - - - - - - - - - - - - - - - -

Query:       nifV-07242025  [M=437]
Scores for complete sequences (score includes all domains):
   --- full sequence ---   --- best 1 domain ---    -#dom-
    E-value  score  bias    E-value  score  bias    exp  N  Sequence Description
    ------- ------ -----    ------- ------ -----   ---- --  -------- -----------

   [No hits detected that satisfy reporting thresholds]


Domain annotation for each sequence (and alignments):

   [No targets detected that satisfy reporting thresholds]


Internal pipeline statistics summary:
-------------------------------------
Query model(s):                            1  (437 nodes)
Target sequences:                        868  (256535 residues searched)
Passed MSV filter:                        13  (0.014977); expected 17.4 (0.02)
Passed bias filter:                        9  (0.0103687); expected 17.4 (0.02)
Passed Vit filter:                         1  (0.00115207); expected 0.9 (0.001)
Passed Fwd filter:                         0  (0); expected 0.0 (1e-05)
Initial search space (Z):                868  [actual number of targets]
Domain search space  (domZ):               0  [number of targets reported over threshold]
# CPU time: 0.01u 0.00s 00:00:00.01 Elapsed: 00:00:00.00
# Mc/sec: 17503.89
//
[ok]
