# hmmsearch :: search profile(s) against a sequence database
# HMMER 3.4 (Aug 2023); http://hmmer.org/
# Copyright (C) 2023 Howard Hughes Medical Institute.
# Freely distributed under the BSD open source license.
# - - - - - - - - - - - - - - - - - - - - - - - - - - - - - - - - - - - -
# query HMM file:                  ../HMMs/combined_nif_04012025.hmm
# target sequence database:        ../all_rep_proteins_aa/bacteria/GB_GCA_017694875.1_protein.faa
# - - - - - - - - - - - - - - - - - - - - - - - - - - - - - - - - - - - -

Query:       nifH-03292025  [M=327]
Scores for complete sequences (score includes all domains):
   --- full sequence ---   --- best 1 domain ---    -#dom-
    E-value  score  bias    E-value  score  bias    exp  N  Sequence             Description
    ------- ------ -----    ------- ------ -----   ---- --  --------             -----------
    6.2e-13   45.8   0.5    5.2e-08   29.6   0.1    2.1  2  JADIMG010000002.1_39  # 39603 # 40373 # -1 # ID=88_39;partial
    2.8e-08   30.4   0.0    5.9e-08   29.4   0.0    1.5  1  JADIMG010000072.1_61  # 50812 # 52062 # -1 # ID=32_61;partial
    1.3e-06   25.0   0.2    2.4e-06   24.1   0.2    1.4  1  JADIMG010000042.1_5   # 3905 # 4960 # 1 # ID=113_5;partial=00
  ------ inclusion threshold ------
        4.6    3.5  15.5       0.33    7.2   0.2    3.5  4  JADIMG010000092.1_29  # 37452 # 39383 # 1 # ID=53_29;partial=


Domain annotation for each sequence (and alignments):
>> JADIMG010000002.1_39  # 39603 # 40373 # -1 # ID=88_39;partial=00;start_type=ATG;rbs_motif=TAAA;rbs_spacer=11bp;gc_con
   #    score  bias  c-Evalue  i-Evalue hmmfrom  hmm to    alifrom  ali to    envfrom  env to     acc
 ---   ------ ----- --------- --------- ------- -------    ------- -------    ------- -------    ----
   1 !   29.6   0.1   8.2e-11   5.2e-08      17      54 ..      11      48 ..       3      67 .. 0.90
   2 !   14.7   0.1   2.9e-06    0.0018     149     256 ..     141     253 ..     138     256 .. 0.78

  Alignments for each domain:
  == domain 1  score: 29.6 bits;  conditional E-value: 8.2e-11
         nifH-03292025 17 KGGiGKSttasnlsaalaeegkkvlivGCdPKaDstrl 54
                          KGG+GK tta nl+a la+ gkkvl v  dP a +++ 
  JADIMG010000002.1_39 11 KGGVGKTTTAINLAASLANIGKKVLLVDADPQANASSG 48
                          9*******************************987765 PP

  == domain 2  score: 14.7 bits;  conditional E-value: 2.9e-06
         nifH-03292025 149 adevyivtsgemmalYaanniakgikkyaee..ggvrlgGlicNs..rkvdkeeelveefaeklgtqiiaf.vprsnevqkaelekktv 232
                           a++v+i + +e+ al     ++++ik ++++      + G++  +   + +  +++ +e+ ++++  ++++ + r+  +++a  ++k v
  JADIMG010000002.1_39 141 ANSVIIPVQCEYFALEGISKLLNTIKIIKSKlnPALAIEGFLLTMydNRLRLANQVYDEVRKHFQNMVFNTvIARNVRLSEAPSHGKPV 229
                           788999999999999999999999998888832344556766554113445667888888888888887762578889*********** PP

         nifH-03292025 233 ieaapdseqakeyreLakkilenk 256
                           + ++p+s+ a++y +Lak++++ +
  JADIMG010000002.1_39 230 LLYDPESKGAANYIDLAKELIQRT 253
                           ******************998865 PP

>> JADIMG010000072.1_61  # 50812 # 52062 # -1 # ID=32_61;partial=00;start_type=ATG;rbs_motif=TAA;rbs_spacer=10bp;gc_cont
   #    score  bias  c-Evalue  i-Evalue hmmfrom  hmm to    alifrom  ali to    envfrom  env to     acc
 ---   ------ ----- --------- --------- ------- -------    ------- -------    ------- -------    ----
   1 !   29.4   0.0   9.3e-11   5.9e-08      10      46 ..       2      39 ..       1      60 [. 0.86

  Alignments for each domain:
  == domain 1  score: 29.4 bits;  conditional E-value: 9.3e-11
         nifH-03292025 10 rkiAiY.GKGGiGKSttasnlsaalaeegkkvlivGCd 46
                          + + iY GKGG+GK tt++n++  lae+gkkv+++  d
  JADIMG010000072.1_61  2 KAVIIYsGKGGVGKTTTTANIARLLAEHGKKVFVIDAD 39
                          6677777**************************99776 PP

>> JADIMG010000042.1_5  # 3905 # 4960 # 1 # ID=113_5;partial=00;start_type=ATG;rbs_motif=TAA;rbs_spacer=9bp;gc_cont=0.43
   #    score  bias  c-Evalue  i-Evalue hmmfrom  hmm to    alifrom  ali to    envfrom  env to     acc
 ---   ------ ----- --------- --------- ------- -------    ------- -------    ------- -------    ----
   1 !   24.1   0.2   3.9e-09   2.4e-06      12      40 ..     103     132 ..      94     143 .. 0.87

  Alignments for each domain:
  == domain 1  score: 24.1 bits;  conditional E-value: 3.9e-09
        nifH-03292025  12 iAi.YGKGGiGKSttasnlsaalaeegkkv 40 
                          iAi  GKGG+GKSt+++nl++ala +g kv
  JADIMG010000042.1_5 103 IAIsSGKGGVGKSTVSANLAVALALQGCKV 132
                          45524**********************998 PP

>> JADIMG010000092.1_29  # 37452 # 39383 # 1 # ID=53_29;partial=00;start_type=ATG;rbs_motif=TAA;rbs_spacer=15bp;gc_cont=
   #    score  bias  c-Evalue  i-Evalue hmmfrom  hmm to    alifrom  ali to    envfrom  env to     acc
 ---   ------ ----- --------- --------- ------- -------    ------- -------    ------- -------    ----
   1 ?    6.1   0.1    0.0012      0.73      10      27 ..      28      45 ..      20      60 .. 0.79
   2 ?   -3.4   0.3      0.89   5.6e+02     201     227 ..     273     299 ..     245     313 .. 0.48
   3 ?    7.2   0.2   0.00052      0.33       8      35 ..     352     379 ..     345     392 .. 0.81
   4 ?   -1.5   1.6      0.23   1.4e+02     233     277 ..     551     598 ..     515     640 .. 0.54

  Alignments for each domain:
  == domain 1  score: 6.1 bits;  conditional E-value: 0.0012
         nifH-03292025 10 rkiAiYGKGGiGKSttas 27
                           kiA+ GK G GKSt  +
  JADIMG010000092.1_29 28 DKIALVGKNGAGKSTLLK 45
                          69*************864 PP

  == domain 2  score: -3.4 bits;  conditional E-value: 0.89
         nifH-03292025 201 veefaeklgtqiiafvprsnevqkael 227
                            eef e+++ +  + v+ ++ +++ e 
  JADIMG010000092.1_29 273 TEEFIERFRYKATKAVQVQSRIKQLEK 299
                           233444444444444444444444333 PP

  == domain 3  score: 7.2 bits;  conditional E-value: 0.00052
         nifH-03292025   8 kmrkiAiYGKGGiGKSttasnlsaalae 35 
                           + +k+A+ GK G GKSt ++ ++  l++
  JADIMG010000092.1_29 352 RGEKVAFVGKNGEGKSTLVKCIMGELTD 379
                           5689**************9988887765 PP

  == domain 4  score: -1.5 bits;  conditional E-value: 0.23
         nifH-03292025 233 ieaapdseqakey...reLakkilenkklvipkplseeeleellaelg 277
                            e + ds+++ +y   +eLa+++ ++++lv +   +  +le+ lae++
  JADIMG010000092.1_29 551 KEEKTDSQNKLSYearKELARQLRKQERLVEEAEQTVTRLEKELAEIE 598
                           233333333333322256777777777666665555555555555553 PP



Internal pipeline statistics summary:
-------------------------------------
Query model(s):                            1  (327 nodes)
Target sequences:                       2513  (875280 residues searched)
Passed MSV filter:                       132  (0.0525269); expected 50.3 (0.02)
Passed bias filter:                      111  (0.0441703); expected 50.3 (0.02)
Passed Vit filter:                        13  (0.0051731); expected 2.5 (0.001)
Passed Fwd filter:                         4  (0.00159172); expected 0.0 (1e-05)
Initial search space (Z):               2513  [actual number of targets]
Domain search space  (domZ):               4  [number of targets reported over threshold]
# CPU time: 0.03u 0.00s 00:00:00.03 Elapsed: 00:00:00.02
# Mc/sec: 10158.30
//
Query:       nifD-03292025  [M=482]
Scores for complete sequences (score includes all domains):
   --- full sequence ---   --- best 1 domain ---    -#dom-
    E-value  score  bias    E-value  score  bias    exp  N  Sequence Description
    ------- ------ -----    ------- ------ -----   ---- --  -------- -----------

   [No hits detected that satisfy reporting thresholds]


Domain annotation for each sequence (and alignments):

   [No targets detected that satisfy reporting thresholds]


Internal pipeline statistics summary:
-------------------------------------
Query model(s):                            1  (482 nodes)
Target sequences:                       2513  (875280 residues searched)
Passed MSV filter:                       134  (0.0533227); expected 50.3 (0.02)
Passed bias filter:                       79  (0.0314365); expected 50.3 (0.02)
Passed Vit filter:                         0  (0); expected 2.5 (0.001)
Passed Fwd filter:                         0  (0); expected 0.0 (1e-05)
Initial search space (Z):               2513  [actual number of targets]
Domain search space  (domZ):               0  [number of targets reported over threshold]
# CPU time: 0.02u 0.00s 00:00:00.02 Elapsed: 00:00:00.02
# Mc/sec: 20176.81
//
Query:       nifK-03292025  [M=490]
Scores for complete sequences (score includes all domains):
   --- full sequence ---   --- best 1 domain ---    -#dom-
    E-value  score  bias    E-value  score  bias    exp  N  Sequence Description
    ------- ------ -----    ------- ------ -----   ---- --  -------- -----------

   [No hits detected that satisfy reporting thresholds]


Domain annotation for each sequence (and alignments):

   [No targets detected that satisfy reporting thresholds]


Internal pipeline statistics summary:
-------------------------------------
Query model(s):                            1  (490 nodes)
Target sequences:                       2513  (875280 residues searched)
Passed MSV filter:                        80  (0.0318345); expected 50.3 (0.02)
Passed bias filter:                       53  (0.0210903); expected 50.3 (0.02)
Passed Vit filter:                         4  (0.00159172); expected 2.5 (0.001)
Passed Fwd filter:                         0  (0); expected 0.0 (1e-05)
Initial search space (Z):               2513  [actual number of targets]
Domain search space  (domZ):               0  [number of targets reported over threshold]
# CPU time: 0.02u 0.00s 00:00:00.02 Elapsed: 00:00:00.01
# Mc/sec: 22090.09
//
Query:       nifB-03292025  [M=505]
Scores for complete sequences (score includes all domains):
   --- full sequence ---   --- best 1 domain ---    -#dom-
    E-value  score  bias    E-value  score  bias    exp  N  Sequence Description
    ------- ------ -----    ------- ------ -----   ---- --  -------- -----------

   [No hits detected that satisfy reporting thresholds]


Domain annotation for each sequence (and alignments):

   [No targets detected that satisfy reporting thresholds]


Internal pipeline statistics summary:
-------------------------------------
Query model(s):                            1  (505 nodes)
Target sequences:                       2513  (875280 residues searched)
Passed MSV filter:                        96  (0.0382014); expected 50.3 (0.02)
Passed bias filter:                       59  (0.0234779); expected 50.3 (0.02)
Passed Vit filter:                        10  (0.00397931); expected 2.5 (0.001)
Passed Fwd filter:                         0  (0); expected 0.0 (1e-05)
Initial search space (Z):               2513  [actual number of targets]
Domain search space  (domZ):               0  [number of targets reported over threshold]
# CPU time: 0.03u 0.00s 00:00:00.03 Elapsed: 00:00:00.02
# Mc/sec: 18286.57
//
Query:       nifE-03292025  [M=556]
Scores for complete sequences (score includes all domains):
   --- full sequence ---   --- best 1 domain ---    -#dom-
    E-value  score  bias    E-value  score  bias    exp  N  Sequence Description
    ------- ------ -----    ------- ------ -----   ---- --  -------- -----------

   [No hits detected that satisfy reporting thresholds]


Domain annotation for each sequence (and alignments):

   [No targets detected that satisfy reporting thresholds]


Internal pipeline statistics summary:
-------------------------------------
Query model(s):                            1  (556 nodes)
Target sequences:                       2513  (875280 residues searched)
Passed MSV filter:                       103  (0.0409869); expected 50.3 (0.02)
Passed bias filter:                       66  (0.0262634); expected 50.3 (0.02)
Passed Vit filter:                         5  (0.00198965); expected 2.5 (0.001)
Passed Fwd filter:                         0  (0); expected 0.0 (1e-05)
Initial search space (Z):               2513  [actual number of targets]
Domain search space  (domZ):               0  [number of targets reported over threshold]
# CPU time: 0.03u 0.01s 00:00:00.04 Elapsed: 00:00:00.02
# Mc/sec: 20086.21
//
Query:       nifN-03292025  [M=700]
Scores for complete sequences (score includes all domains):
   --- full sequence ---   --- best 1 domain ---    -#dom-
    E-value  score  bias    E-value  score  bias    exp  N  Sequence Description
    ------- ------ -----    ------- ------ -----   ---- --  -------- -----------

   [No hits detected that satisfy reporting thresholds]


Domain annotation for each sequence (and alignments):

   [No targets detected that satisfy reporting thresholds]


Internal pipeline statistics summary:
-------------------------------------
Query model(s):                            1  (700 nodes)
Target sequences:                       2513  (875280 residues searched)
Passed MSV filter:                        90  (0.0358138); expected 50.3 (0.02)
Passed bias filter:                       66  (0.0262634); expected 50.3 (0.02)
Passed Vit filter:                         3  (0.00119379); expected 2.5 (0.001)
Passed Fwd filter:                         0  (0); expected 0.0 (1e-05)
Initial search space (Z):               2513  [actual number of targets]
Domain search space  (domZ):               0  [number of targets reported over threshold]
# CPU time: 0.03u 0.00s 00:00:00.03 Elapsed: 00:00:00.02
# Mc/sec: 22253.85
//
Query:       pchlide-04012025  [M=508]
Scores for complete sequences (score includes all domains):
   --- full sequence ---   --- best 1 domain ---    -#dom-
    E-value  score  bias    E-value  score  bias    exp  N  Sequence Description
    ------- ------ -----    ------- ------ -----   ---- --  -------- -----------

   [No hits detected that satisfy reporting thresholds]


Domain annotation for each sequence (and alignments):

   [No targets detected that satisfy reporting thresholds]


Internal pipeline statistics summary:
-------------------------------------
Query model(s):                            1  (508 nodes)
Target sequences:                       2513  (875280 residues searched)
Passed MSV filter:                        76  (0.0302427); expected 50.3 (0.02)
Passed bias filter:                       52  (0.0206924); expected 50.3 (0.02)
Passed Vit filter:                         4  (0.00159172); expected 2.5 (0.001)
Passed Fwd filter:                         0  (0); expected 0.0 (1e-05)
Initial search space (Z):               2513  [actual number of targets]
Domain search space  (domZ):               0  [number of targets reported over threshold]
# CPU time: 0.03u 0.00s 00:00:00.03 Elapsed: 00:00:00.02
# Mc/sec: 21343.02
//
[ok]
# hmmsearch :: search profile(s) against a sequence database
# HMMER 3.4 (Aug 2023); http://hmmer.org/
# Copyright (C) 2023 Howard Hughes Medical Institute.
# Freely distributed under the BSD open source license.
# - - - - - - - - - - - - - - - - - - - - - - - - - - - - - - - - - - - -
# query HMM file:                  ../HMMs/nifV_07242025.hmm
# target sequence database:        ../all_rep_proteins_aa/bacteria/GB_GCA_017694875.1_protein.faa
# - - - - - - - - - - - - - - - - - - - - - - - - - - - - - - - - - - - -

Query:       nifV-07242025  [M=437]
Scores for complete sequences (score includes all domains):
   --- full sequence ---   --- best 1 domain ---    -#dom-
    E-value  score  bias    E-value  score  bias    exp  N  Sequence Description
    ------- ------ -----    ------- ------ -----   ---- --  -------- -----------

   [No hits detected that satisfy reporting thresholds]


Domain annotation for each sequence (and alignments):

   [No targets detected that satisfy reporting thresholds]


Internal pipeline statistics summary:
-------------------------------------
Query model(s):                            1  (437 nodes)
Target sequences:                       2513  (875280 residues searched)
Passed MSV filter:                        58  (0.02308); expected 50.3 (0.02)
Passed bias filter:                       39  (0.0155193); expected 50.3 (0.02)
Passed Vit filter:                         8  (0.00318345); expected 2.5 (0.001)
Passed Fwd filter:                         0  (0); expected 0.0 (1e-05)
Initial search space (Z):               2513  [actual number of targets]
Domain search space  (domZ):               0  [number of targets reported over threshold]
# CPU time: 0.02u 0.00s 00:00:00.02 Elapsed: 00:00:00.01
# Mc/sec: 30486.57
//
[ok]
