# hmmsearch :: search profile(s) against a sequence database
# HMMER 3.4 (Aug 2023); http://hmmer.org/
# Copyright (C) 2023 Howard Hughes Medical Institute.
# Freely distributed under the BSD open source license.
# - - - - - - - - - - - - - - - - - - - - - - - - - - - - - - - - - - - -
# query HMM file:                  ../HMMs/combined_nif_04012025.hmm
# target sequence database:        ../all_rep_proteins_aa/bacteria/GB_GCA_001872545.1_protein.faa
# - - - - - - - - - - - - - - - - - - - - - - - - - - - - - - - - - - - -

Query:       nifH-03292025  [M=327]
Scores for complete sequences (score includes all domains):
   --- full sequence ---   --- best 1 domain ---    -#dom-
    E-value  score  bias    E-value  score  bias    exp  N  Sequence          Description
    ------- ------ -----    ------- ------ -----   ---- --  --------          -----------
      7e-11   37.7   0.0      2e-06   23.1   0.0    2.1  2  MNWN01000013.1_40  # 27622 # 28392 # 1 # ID=42_40;partial=00;


Domain annotation for each sequence (and alignments):
>> MNWN01000013.1_40  # 27622 # 28392 # 1 # ID=42_40;partial=00;start_type=ATG;rbs_motif=None;rbs_spacer=None;gc_cont=0.
   #    score  bias  c-Evalue  i-Evalue hmmfrom  hmm to    alifrom  ali to    envfrom  env to     acc
 ---   ------ ----- --------- --------- ------- -------    ------- -------    ------- -------    ----
   1 !   23.1   0.0     2e-09     2e-06      17      55 ..      11      49 ..       4      89 .. 0.87
   2 !   12.8   0.0   2.6e-06    0.0026     150     255 ..     142     252 ..     139     256 .. 0.67

  Alignments for each domain:
  == domain 1  score: 23.1 bits;  conditional E-value: 2e-09
      nifH-03292025 17 KGGiGKSttasnlsaalaeegkkvlivGCdPKaDstrll 55
                       KGG+GK tta nl   la++gk vl v  dP + +t+ l
  MNWN01000013.1_40 11 KGGVGKTTTAINLGSYLASNGKFVLLVDLDPQSNATSGL 49
                       9*********************************99877 PP

  == domain 2  score: 12.8 bits;  conditional E-value: 2.6e-06
      nifH-03292025 150 devyivtsgemmalYaanniakgikkyaeeggvrl..gGlicNsrkvdk..eeelveefaeklgtqiia.fvprsnevqkaelekktvieaa 236
                        d+v i + +e+ al     ++++i  ++++ + +l   G +  + + ++    +++ e+ + +  ++++  +pr+  + +a   ++ ++e++
  MNWN01000013.1_40 142 DKVLIPVQAEYYALEGLSQLLRTIGMVRQALKPELeiLGAVLTMFDGRNrlSADVMAELHRFFPDRVFKsVIPRNVRLAEAPSFGRPIMEYD 233
                        6677777777777777777777776666664444300444444333222113445555555555666651479999**************** PP

      nifH-03292025 237 pdseqakeyreLakkilen 255
                        p s+ ak+y++Lak+il+ 
  MNWN01000013.1_40 234 PWSKGAKAYERLAKEILDL 252
                        ****************875 PP



Internal pipeline statistics summary:
-------------------------------------
Query model(s):                            1  (327 nodes)
Target sequences:                       1007  (295890 residues searched)
Passed MSV filter:                        41  (0.040715); expected 20.1 (0.02)
Passed bias filter:                       38  (0.0377358); expected 20.1 (0.02)
Passed Vit filter:                         6  (0.00595829); expected 1.0 (0.001)
Passed Fwd filter:                         1  (0.000993049); expected 0.0 (1e-05)
Initial search space (Z):               1007  [actual number of targets]
Domain search space  (domZ):               1  [number of targets reported over threshold]
# CPU time: 0.01u 0.00s 00:00:00.01 Elapsed: 00:00:00.01
# Mc/sec: 8318.95
//
Query:       nifD-03292025  [M=482]
Scores for complete sequences (score includes all domains):
   --- full sequence ---   --- best 1 domain ---    -#dom-
    E-value  score  bias    E-value  score  bias    exp  N  Sequence Description
    ------- ------ -----    ------- ------ -----   ---- --  -------- -----------

   [No hits detected that satisfy reporting thresholds]


Domain annotation for each sequence (and alignments):

   [No targets detected that satisfy reporting thresholds]


Internal pipeline statistics summary:
-------------------------------------
Query model(s):                            1  (482 nodes)
Target sequences:                       1007  (295890 residues searched)
Passed MSV filter:                        26  (0.0258193); expected 20.1 (0.02)
Passed bias filter:                       21  (0.020854); expected 20.1 (0.02)
Passed Vit filter:                         1  (0.000993049); expected 1.0 (0.001)
Passed Fwd filter:                         0  (0); expected 0.0 (1e-05)
Initial search space (Z):               1007  [actual number of targets]
Domain search space  (domZ):               0  [number of targets reported over threshold]
# CPU time: 0.01u 0.00s 00:00:00.01 Elapsed: 00:00:00.00
# Mc/sec: 15932.29
//
Query:       nifK-03292025  [M=490]
Scores for complete sequences (score includes all domains):
   --- full sequence ---   --- best 1 domain ---    -#dom-
    E-value  score  bias    E-value  score  bias    exp  N  Sequence Description
    ------- ------ -----    ------- ------ -----   ---- --  -------- -----------

   [No hits detected that satisfy reporting thresholds]


Domain annotation for each sequence (and alignments):

   [No targets detected that satisfy reporting thresholds]


Internal pipeline statistics summary:
-------------------------------------
Query model(s):                            1  (490 nodes)
Target sequences:                       1007  (295890 residues searched)
Passed MSV filter:                        19  (0.0188679); expected 20.1 (0.02)
Passed bias filter:                       16  (0.0158888); expected 20.1 (0.02)
Passed Vit filter:                         1  (0.000993049); expected 1.0 (0.001)
Passed Fwd filter:                         0  (0); expected 0.0 (1e-05)
Initial search space (Z):               1007  [actual number of targets]
Domain search space  (domZ):               0  [number of targets reported over threshold]
# CPU time: 0.01u 0.00s 00:00:00.01 Elapsed: 00:00:00.00
# Mc/sec: 17618.23
//
Query:       nifB-03292025  [M=505]
Scores for complete sequences (score includes all domains):
   --- full sequence ---   --- best 1 domain ---    -#dom-
    E-value  score  bias    E-value  score  bias    exp  N  Sequence Description
    ------- ------ -----    ------- ------ -----   ---- --  -------- -----------

   [No hits detected that satisfy reporting thresholds]


Domain annotation for each sequence (and alignments):

   [No targets detected that satisfy reporting thresholds]


Internal pipeline statistics summary:
-------------------------------------
Query model(s):                            1  (505 nodes)
Target sequences:                       1007  (295890 residues searched)
Passed MSV filter:                        19  (0.0188679); expected 20.1 (0.02)
Passed bias filter:                       15  (0.0148957); expected 20.1 (0.02)
Passed Vit filter:                         0  (0); expected 1.0 (0.001)
Passed Fwd filter:                         0  (0); expected 0.0 (1e-05)
Initial search space (Z):               1007  [actual number of targets]
Domain search space  (domZ):               0  [number of targets reported over threshold]
# CPU time: 0.00u 0.00s 00:00:00.00 Elapsed: 00:00:00.00
# Mc/sec: 18773.61
//
Query:       nifE-03292025  [M=556]
Scores for complete sequences (score includes all domains):
   --- full sequence ---   --- best 1 domain ---    -#dom-
    E-value  score  bias    E-value  score  bias    exp  N  Sequence Description
    ------- ------ -----    ------- ------ -----   ---- --  -------- -----------

   [No hits detected that satisfy reporting thresholds]


Domain annotation for each sequence (and alignments):

   [No targets detected that satisfy reporting thresholds]


Internal pipeline statistics summary:
-------------------------------------
Query model(s):                            1  (556 nodes)
Target sequences:                       1007  (295890 residues searched)
Passed MSV filter:                        32  (0.0317776); expected 20.1 (0.02)
Passed bias filter:                       26  (0.0258193); expected 20.1 (0.02)
Passed Vit filter:                         1  (0.000993049); expected 1.0 (0.001)
Passed Fwd filter:                         0  (0); expected 0.0 (1e-05)
Initial search space (Z):               1007  [actual number of targets]
Domain search space  (domZ):               0  [number of targets reported over threshold]
# CPU time: 0.01u 0.00s 00:00:00.01 Elapsed: 00:00:00.00
# Mc/sec: 16778.24
//
Query:       nifN-03292025  [M=700]
Scores for complete sequences (score includes all domains):
   --- full sequence ---   --- best 1 domain ---    -#dom-
    E-value  score  bias    E-value  score  bias    exp  N  Sequence Description
    ------- ------ -----    ------- ------ -----   ---- --  -------- -----------

   [No hits detected that satisfy reporting thresholds]


Domain annotation for each sequence (and alignments):

   [No targets detected that satisfy reporting thresholds]


Internal pipeline statistics summary:
-------------------------------------
Query model(s):                            1  (700 nodes)
Target sequences:                       1007  (295890 residues searched)
Passed MSV filter:                        23  (0.0228401); expected 20.1 (0.02)
Passed bias filter:                       18  (0.0178749); expected 20.1 (0.02)
Passed Vit filter:                         2  (0.0019861); expected 1.0 (0.001)
Passed Fwd filter:                         0  (0); expected 0.0 (1e-05)
Initial search space (Z):               1007  [actual number of targets]
Domain search space  (domZ):               0  [number of targets reported over threshold]
# CPU time: 0.01u 0.00s 00:00:00.01 Elapsed: 00:00:00.01
# Mc/sec: 20131.24
//
Query:       pchlide-04012025  [M=508]
Scores for complete sequences (score includes all domains):
   --- full sequence ---   --- best 1 domain ---    -#dom-
    E-value  score  bias    E-value  score  bias    exp  N  Sequence Description
    ------- ------ -----    ------- ------ -----   ---- --  -------- -----------

   [No hits detected that satisfy reporting thresholds]


Domain annotation for each sequence (and alignments):

   [No targets detected that satisfy reporting thresholds]


Internal pipeline statistics summary:
-------------------------------------
Query model(s):                            1  (508 nodes)
Target sequences:                       1007  (295890 residues searched)
Passed MSV filter:                        22  (0.0218471); expected 20.1 (0.02)
Passed bias filter:                       19  (0.0188679); expected 20.1 (0.02)
Passed Vit filter:                         3  (0.00297915); expected 1.0 (0.001)
Passed Fwd filter:                         0  (0); expected 0.0 (1e-05)
Initial search space (Z):               1007  [actual number of targets]
Domain search space  (domZ):               0  [number of targets reported over threshold]
# CPU time: 0.01u 0.00s 00:00:00.01 Elapsed: 00:00:00.00
# Mc/sec: 15679.40
//
[ok]
# hmmsearch :: search profile(s) against a sequence database
# HMMER 3.4 (Aug 2023); http://hmmer.org/
# Copyright (C) 2023 Howard Hughes Medical Institute.
# Freely distributed under the BSD open source license.
# - - - - - - - - - - - - - - - - - - - - - - - - - - - - - - - - - - - -
# query HMM file:                  ../HMMs/nifV_07242025.hmm
# target sequence database:        ../all_rep_proteins_aa/bacteria/GB_GCA_001872545.1_protein.faa
# - - - - - - - - - - - - - - - - - - - - - - - - - - - - - - - - - - - -

Query:       nifV-07242025  [M=437]
Scores for complete sequences (score includes all domains):
   --- full sequence ---   --- best 1 domain ---    -#dom-
    E-value  score  bias    E-value  score  bias    exp  N  Sequence Description
    ------- ------ -----    ------- ------ -----   ---- --  -------- -----------

   [No hits detected that satisfy reporting thresholds]


Domain annotation for each sequence (and alignments):

   [No targets detected that satisfy reporting thresholds]


Internal pipeline statistics summary:
-------------------------------------
Query model(s):                            1  (437 nodes)
Target sequences:                       1007  (295890 residues searched)
Passed MSV filter:                        34  (0.0337637); expected 20.1 (0.02)
Passed bias filter:                       30  (0.0297915); expected 20.1 (0.02)
Passed Vit filter:                         1  (0.000993049); expected 1.0 (0.001)
Passed Fwd filter:                         0  (0); expected 0.0 (1e-05)
Initial search space (Z):               1007  [actual number of targets]
Domain search space  (domZ):               0  [number of targets reported over threshold]
# CPU time: 0.01u 0.00s 00:00:00.01 Elapsed: 00:00:00.00
# Mc/sec: 15468.47
//
[ok]
