# hmmsearch :: search profile(s) against a sequence database
# HMMER 3.4 (Aug 2023); http://hmmer.org/
# Copyright (C) 2023 Howard Hughes Medical Institute.
# Freely distributed under the BSD open source license.
# - - - - - - - - - - - - - - - - - - - - - - - - - - - - - - - - - - - -
# query HMM file:                  ../HMMs/combined_nif_04012025.hmm
# target sequence database:        ../all_rep_proteins_aa/bacteria/GB_GCA_947303395.1_protein.faa
# - - - - - - - - - - - - - - - - - - - - - - - - - - - - - - - - - - - -

Query:       nifH-03292025  [M=327]
Scores for complete sequences (score includes all domains):
   --- full sequence ---   --- best 1 domain ---    -#dom-
    E-value  score  bias    E-value  score  bias    exp  N  Sequence             Description
    ------- ------ -----    ------- ------ -----   ---- --  --------             -----------
    1.5e-11   40.9   1.6    4.3e-07   26.3   0.1    2.1  2  CAMYYD010000017.1_14  # 13805 # 14590 # -1 # ID=17_14;partial
    3.8e-07   26.4   0.0    5.5e-06   22.6   0.2    2.1  2  CAMYYD010000008.1_72  # 72911 # 73933 # -1 # ID=8_72;partial=
     0.0094   12.0   0.1       0.04    9.9   0.0    2.1  2  CAMYYD010000003.1_52  # 65141 # 69070 # -1 # ID=3_52;partial=
  ------ inclusion threshold ------
       0.44    6.5   6.0        0.1    8.6   0.2    2.6  3  CAMYYD010000021.1_11  # 14067 # 15923 # 1 # ID=21_11;partial=


Domain annotation for each sequence (and alignments):
>> CAMYYD010000017.1_14  # 13805 # 14590 # -1 # ID=17_14;partial=00;start_type=ATG;rbs_motif=ATT;rbs_spacer=8bp;gc_cont=
   #    score  bias  c-Evalue  i-Evalue hmmfrom  hmm to    alifrom  ali to    envfrom  env to     acc
 ---   ------ ----- --------- --------- ------- -------    ------- -------    ------- -------    ----
   1 !   26.3   0.1   8.5e-10   4.3e-07      17      53 ..      11      47 ..       2      70 .. 0.91
   2 !   13.9   0.2   4.8e-06    0.0024     149     256 ..     141     253 ..     138     259 .. 0.83

  Alignments for each domain:
  == domain 1  score: 26.3 bits;  conditional E-value: 8.5e-10
         nifH-03292025 17 KGGiGKSttasnlsaalaeegkkvlivGCdPKaDstr 53
                          KGG+GK tta nl+a la  ++k l +  dP a st+
  CAMYYD010000017.1_14 11 KGGVGKTTTAINLAASLAVLEHKTLLIDADPQANSTS 47
                          9***********************************7 PP

  == domain 2  score: 13.9 bits;  conditional E-value: 4.8e-06
         nifH-03292025 149 adevyivtsgemmalYaanniakgikkyaee..ggvrlgGlicNsrk..vdkeeelveefaeklgtqiiafv.prsnevqkaelekktv 232
                           ad+v+i + +++ al     ++++ik ++++  ++  + G++  + +  ++  +++v+e+ ++++t ++ ++ + ++ + +a   ++t+
  CAMYYD010000017.1_14 141 ADSVIIPVQCQYFALEGLGKLLNTIKIVQSRfnQNLDIEGILLTMFDsrTRISKQVVDEVKTHFQTMVFDTIiNVNTRLAEAPSYGHTI 229
                           78888988999999999999999999888875577888999987755115567999***********998761557789********** PP

         nifH-03292025 233 ieaapdseqakeyreLakkilenk 256
                           i ++  s+ a +y +La++il+ +
  CAMYYD010000017.1_14 230 IMHDAASAGAINYLNLAREILKRN 253
                           ********************9876 PP

>> CAMYYD010000008.1_72  # 72911 # 73933 # -1 # ID=8_72;partial=00;start_type=ATG;rbs_motif=AAAATT;rbs_spacer=6bp;gc_con
   #    score  bias  c-Evalue  i-Evalue hmmfrom  hmm to    alifrom  ali to    envfrom  env to     acc
 ---   ------ ----- --------- --------- ------- -------    ------- -------    ------- -------    ----
   1 !   22.6   0.2   1.1e-08   5.5e-06      15      40 ..      96     121 ..      82     138 .. 0.83
   2 ?    1.2   0.0     0.035        18     202     253 ..     287     337 ..     242     339 .. 0.85

  Alignments for each domain:
  == domain 1  score: 22.6 bits;  conditional E-value: 1.1e-08
         nifH-03292025  15 YGKGGiGKSttasnlsaalaeegkkv 40 
                            GKGG+GKSt+a nl++ala +g kv
  CAMYYD010000008.1_72  96 SGKGGVGKSTVAVNLAVALAVQGFKV 121
                           5**********************998 PP

  == domain 2  score: 1.2 bits;  conditional E-value: 0.035
         nifH-03292025 202 eefaeklgtqiiafvprsnevqkaelekktvieaapdseqakeyreLakkil 253
                           +efae+lg+  +  +p ++ + +a  ++ t   + +  + +++++++a+k++
  CAMYYD010000008.1_72 287 KEFAEELGIPFLGAIPMDENIASAGDKG-TPYTFGNFGPVTAAFEKVARKVI 337
                           79*******************9997554.55666677777777888887776 PP

>> CAMYYD010000003.1_52  # 65141 # 69070 # -1 # ID=3_52;partial=00;start_type=ATG;rbs_motif=AAT;rbs_spacer=15bp;gc_cont=
   #    score  bias  c-Evalue  i-Evalue hmmfrom  hmm to    alifrom  ali to    envfrom  env to     acc
 ---   ------ ----- --------- --------- ------- -------    ------- -------    ------- -------    ----
   1 !    9.9   0.0     8e-05      0.04      14      37 ..      81     104 ..      69     144 .. 0.85
   2 ?   -2.7   0.1      0.57   2.9e+02     172     208 ..    1266    1306 ..    1251    1308 .. 0.70

  Alignments for each domain:
  == domain 1  score: 9.9 bits;  conditional E-value: 8e-05
         nifH-03292025  14 iYGKGGiGKSttasnlsaalaeeg 37 
                           +YGK+G+GKS +  +l  +l +++
  CAMYYD010000003.1_52  81 LYGKAGVGKSVVMHDLLEILQKNN 104
                           7***************99998754 PP

  == domain 2  score: -2.7 bits;  conditional E-value: 0.57
         nifH-03292025  172 gikkyaeeggvrl....gGlicNsrkvdkeeelveefaekl 208 
                            gik++++++   +      li N+++  +++ l+++f +kl
  CAMYYD010000003.1_52 1266 GIKSFNDNSYQDVlehaMDLIDNTMQNPSNKYLISNFINKL 1306
                            5666665544332111157999*********9999999886 PP

>> CAMYYD010000021.1_11  # 14067 # 15923 # 1 # ID=21_11;partial=00;start_type=ATG;rbs_motif=ATT;rbs_spacer=8bp;gc_cont=0
   #    score  bias  c-Evalue  i-Evalue hmmfrom  hmm to    alifrom  ali to    envfrom  env to     acc
 ---   ------ ----- --------- --------- ------- -------    ------- -------    ------- -------    ----
   1 ?   -2.5   0.0      0.49   2.5e+02      56      89 ..      62      95 ..      31      97 .. 0.66
   2 ?    8.6   0.2   0.00021       0.1       7      27 ..     333     353 ..     327     367 .. 0.82
   3 ?   -0.7   0.7      0.13        67     236     259 ..     552     575 ..     516     613 .. 0.55

  Alignments for each domain:
  == domain 1  score: -2.5 bits;  conditional E-value: 0.49
         nifH-03292025 56 lggkaqktvldllrekgedleledvvkeGfkgvk 89
                          ++++     l++l + + +l++edv+ +G ++v+
  CAMYYD010000021.1_11 62 FNENVRIGYLEQLPQFDPNLTIEDVIATGHTDVM 95
                          4444444556666666777788888888888776 PP

  == domain 2  score: 8.6 bits;  conditional E-value: 0.00021
         nifH-03292025   7 kkmrkiAiYGKGGiGKSttas 27 
                           kk ++i i GK GiGKSt  +
  CAMYYD010000021.1_11 333 KKGERIGIIGKNGIGKSTFLN 353
                           55689*************865 PP

  == domain 3  score: -0.7 bits;  conditional E-value: 0.13
         nifH-03292025 236 apdseqakeyreLakkilenkklv 259
                           + + +++key++La +i++ +k+ 
  CAMYYD010000021.1_11 552 KRSFKEQKEYEQLAIDIENLEKEK 575
                           233466777888887775544322 PP



Internal pipeline statistics summary:
-------------------------------------
Query model(s):                            1  (327 nodes)
Target sequences:                       2019  (765524 residues searched)
Passed MSV filter:                       117  (0.0579495); expected 40.4 (0.02)
Passed bias filter:                       80  (0.0396236); expected 40.4 (0.02)
Passed Vit filter:                        16  (0.00792472); expected 2.0 (0.001)
Passed Fwd filter:                         5  (0.00247647); expected 0.0 (1e-05)
Initial search space (Z):               2019  [actual number of targets]
Domain search space  (domZ):               4  [number of targets reported over threshold]
# CPU time: 0.03u 0.00s 00:00:00.03 Elapsed: 00:00:00.02
# Mc/sec: 9149.23
//
Query:       nifD-03292025  [M=482]
Scores for complete sequences (score includes all domains):
   --- full sequence ---   --- best 1 domain ---    -#dom-
    E-value  score  bias    E-value  score  bias    exp  N  Sequence Description
    ------- ------ -----    ------- ------ -----   ---- --  -------- -----------

   [No hits detected that satisfy reporting thresholds]


Domain annotation for each sequence (and alignments):

   [No targets detected that satisfy reporting thresholds]


Internal pipeline statistics summary:
-------------------------------------
Query model(s):                            1  (482 nodes)
Target sequences:                       2019  (765524 residues searched)
Passed MSV filter:                       127  (0.0629024); expected 40.4 (0.02)
Passed bias filter:                       49  (0.0242694); expected 40.4 (0.02)
Passed Vit filter:                         2  (0.000990589); expected 2.0 (0.001)
Passed Fwd filter:                         0  (0); expected 0.0 (1e-05)
Initial search space (Z):               2019  [actual number of targets]
Domain search space  (domZ):               0  [number of targets reported over threshold]
# CPU time: 0.02u 0.00s 00:00:00.02 Elapsed: 00:00:00.01
# Mc/sec: 25709.40
//
Query:       nifK-03292025  [M=490]
Scores for complete sequences (score includes all domains):
   --- full sequence ---   --- best 1 domain ---    -#dom-
    E-value  score  bias    E-value  score  bias    exp  N  Sequence Description
    ------- ------ -----    ------- ------ -----   ---- --  -------- -----------

   [No hits detected that satisfy reporting thresholds]


Domain annotation for each sequence (and alignments):

   [No targets detected that satisfy reporting thresholds]


Internal pipeline statistics summary:
-------------------------------------
Query model(s):                            1  (490 nodes)
Target sequences:                       2019  (765524 residues searched)
Passed MSV filter:                        81  (0.0401189); expected 40.4 (0.02)
Passed bias filter:                       50  (0.0247647); expected 40.4 (0.02)
Passed Vit filter:                         8  (0.00396236); expected 2.0 (0.001)
Passed Fwd filter:                         0  (0); expected 0.0 (1e-05)
Initial search space (Z):               2019  [actual number of targets]
Domain search space  (domZ):               0  [number of targets reported over threshold]
# CPU time: 0.02u 0.00s 00:00:00.02 Elapsed: 00:00:00.01
# Mc/sec: 25083.66
//
Query:       nifB-03292025  [M=505]
Scores for complete sequences (score includes all domains):
   --- full sequence ---   --- best 1 domain ---    -#dom-
    E-value  score  bias    E-value  score  bias    exp  N  Sequence Description
    ------- ------ -----    ------- ------ -----   ---- --  -------- -----------

   [No hits detected that satisfy reporting thresholds]


Domain annotation for each sequence (and alignments):

   [No targets detected that satisfy reporting thresholds]


Internal pipeline statistics summary:
-------------------------------------
Query model(s):                            1  (505 nodes)
Target sequences:                       2019  (765524 residues searched)
Passed MSV filter:                        92  (0.0455671); expected 40.4 (0.02)
Passed bias filter:                       58  (0.0287271); expected 40.4 (0.02)
Passed Vit filter:                         4  (0.00198118); expected 2.0 (0.001)
Passed Fwd filter:                         0  (0); expected 0.0 (1e-05)
Initial search space (Z):               2019  [actual number of targets]
Domain search space  (domZ):               0  [number of targets reported over threshold]
# CPU time: 0.02u 0.00s 00:00:00.02 Elapsed: 00:00:00.01
# Mc/sec: 27333.97
//
Query:       nifE-03292025  [M=556]
Scores for complete sequences (score includes all domains):
   --- full sequence ---   --- best 1 domain ---    -#dom-
    E-value  score  bias    E-value  score  bias    exp  N  Sequence Description
    ------- ------ -----    ------- ------ -----   ---- --  -------- -----------

   [No hits detected that satisfy reporting thresholds]


Domain annotation for each sequence (and alignments):

   [No targets detected that satisfy reporting thresholds]


Internal pipeline statistics summary:
-------------------------------------
Query model(s):                            1  (556 nodes)
Target sequences:                       2019  (765524 residues searched)
Passed MSV filter:                       112  (0.055473); expected 40.4 (0.02)
Passed bias filter:                       64  (0.0316989); expected 40.4 (0.02)
Passed Vit filter:                         9  (0.00445765); expected 2.0 (0.001)
Passed Fwd filter:                         0  (0); expected 0.0 (1e-05)
Initial search space (Z):               2019  [actual number of targets]
Domain search space  (domZ):               0  [number of targets reported over threshold]
# CPU time: 0.03u 0.00s 00:00:00.03 Elapsed: 00:00:00.02
# Mc/sec: 19290.20
//
Query:       nifN-03292025  [M=700]
Scores for complete sequences (score includes all domains):
   --- full sequence ---   --- best 1 domain ---    -#dom-
    E-value  score  bias    E-value  score  bias    exp  N  Sequence Description
    ------- ------ -----    ------- ------ -----   ---- --  -------- -----------

   [No hits detected that satisfy reporting thresholds]


Domain annotation for each sequence (and alignments):

   [No targets detected that satisfy reporting thresholds]


Internal pipeline statistics summary:
-------------------------------------
Query model(s):                            1  (700 nodes)
Target sequences:                       2019  (765524 residues searched)
Passed MSV filter:                        82  (0.0406142); expected 40.4 (0.02)
Passed bias filter:                       58  (0.0287271); expected 40.4 (0.02)
Passed Vit filter:                         7  (0.00346706); expected 2.0 (0.001)
Passed Fwd filter:                         0  (0); expected 0.0 (1e-05)
Initial search space (Z):               2019  [actual number of targets]
Domain search space  (domZ):               0  [number of targets reported over threshold]
# CPU time: 0.03u 0.00s 00:00:00.03 Elapsed: 00:00:00.01
# Mc/sec: 28277.87
//
Query:       pchlide-04012025  [M=508]
Scores for complete sequences (score includes all domains):
   --- full sequence ---   --- best 1 domain ---    -#dom-
    E-value  score  bias    E-value  score  bias    exp  N  Sequence Description
    ------- ------ -----    ------- ------ -----   ---- --  -------- -----------

   [No hits detected that satisfy reporting thresholds]


Domain annotation for each sequence (and alignments):

   [No targets detected that satisfy reporting thresholds]


Internal pipeline statistics summary:
-------------------------------------
Query model(s):                            1  (508 nodes)
Target sequences:                       2019  (765524 residues searched)
Passed MSV filter:                        73  (0.0361565); expected 40.4 (0.02)
Passed bias filter:                       52  (0.0257553); expected 40.4 (0.02)
Passed Vit filter:                         3  (0.00148588); expected 2.0 (0.001)
Passed Fwd filter:                         0  (0); expected 0.0 (1e-05)
Initial search space (Z):               2019  [actual number of targets]
Domain search space  (domZ):               0  [number of targets reported over threshold]
# CPU time: 0.02u 0.00s 00:00:00.02 Elapsed: 00:00:00.02
# Mc/sec: 18286.29
//
[ok]
# hmmsearch :: search profile(s) against a sequence database
# HMMER 3.4 (Aug 2023); http://hmmer.org/
# Copyright (C) 2023 Howard Hughes Medical Institute.
# Freely distributed under the BSD open source license.
# - - - - - - - - - - - - - - - - - - - - - - - - - - - - - - - - - - - -
# query HMM file:                  ../HMMs/nifV_07242025.hmm
# target sequence database:        ../all_rep_proteins_aa/bacteria/GB_GCA_947303395.1_protein.faa
# - - - - - - - - - - - - - - - - - - - - - - - - - - - - - - - - - - - -

Query:       nifV-07242025  [M=437]
Scores for complete sequences (score includes all domains):
   --- full sequence ---   --- best 1 domain ---    -#dom-
    E-value  score  bias    E-value  score  bias    exp  N  Sequence            Description
    ------- ------ -----    ------- ------ -----   ---- --  --------            -----------
    0.00038   16.4   0.0    0.00065   15.6   0.0    1.3  1  CAMYYD010000007.1_7  # 7807 # 9573 # -1 # ID=7_7;partial=00;s


Domain annotation for each sequence (and alignments):
>> CAMYYD010000007.1_7  # 7807 # 9573 # -1 # ID=7_7;partial=00;start_type=ATG;rbs_motif=AAAATT;rbs_spacer=13bp;gc_cont=0
   #    score  bias  c-Evalue  i-Evalue hmmfrom  hmm to    alifrom  ali to    envfrom  env to     acc
 ---   ------ ----- --------- --------- ------- -------    ------- -------    ------- -------    ----
   1 !   15.6   0.0   3.2e-07   0.00065     159     232 ..     159     233 ..     130     237 .. 0.91

  Alignments for each domain:
  == domain 1  score: 15.6 bits;  conditional E-value: 3.2e-07
        nifV-07242025 159 levaevaqeaGasrlRfaDTlGildPfttlekvkkLraa.ldlelEmHaHnDlGlAtANtlaavkaGathvnttv 232
                          +++a+   +aGa+ + + D  G+  P++  + v++++++  ++++  H H   Gl+ A  l  +kaG  +v++ +
  CAMYYD010000007.1_7 159 MHMADELIAAGAKEIALKDMAGVGRPVSLGKIVNHIKTQhPEIKVQYHGHTTPGLSMASMLEVCKAGCDYVDVAM 233
                          677888899***************************865168*****************************9876 PP



Internal pipeline statistics summary:
-------------------------------------
Query model(s):                            1  (437 nodes)
Target sequences:                       2019  (765524 residues searched)
Passed MSV filter:                        69  (0.0341753); expected 40.4 (0.02)
Passed bias filter:                       57  (0.0282318); expected 40.4 (0.02)
Passed Vit filter:                         5  (0.00247647); expected 2.0 (0.001)
Passed Fwd filter:                         1  (0.000495295); expected 0.0 (1e-05)
Initial search space (Z):               2019  [actual number of targets]
Domain search space  (domZ):               1  [number of targets reported over threshold]
# CPU time: 0.02u 0.00s 00:00:00.02 Elapsed: 00:00:00.01
# Mc/sec: 20154.75
//
[ok]
