# hmmsearch :: search profile(s) against a sequence database
# HMMER 3.4 (Aug 2023); http://hmmer.org/
# Copyright (C) 2023 Howard Hughes Medical Institute.
# Freely distributed under the BSD open source license.
# - - - - - - - - - - - - - - - - - - - - - - - - - - - - - - - - - - - -
# query HMM file:                  ../HMMs/combined_nif_04012025.hmm
# target sequence database:        ../all_rep_proteins_aa/bacteria/GB_GCA_937958705.1_protein.faa
# - - - - - - - - - - - - - - - - - - - - - - - - - - - - - - - - - - - -

Query:       nifH-03292025  [M=327]
Scores for complete sequences (score includes all domains):
   --- full sequence ---   --- best 1 domain ---    -#dom-
    E-value  score  bias    E-value  score  bias    exp  N  Sequence            Description
    ------- ------ -----    ------- ------ -----   ---- --  --------            -----------
     0.0066   10.9   0.0      0.011   10.2   0.0    1.3  1  CALGNJ010000033.1_2  # 660 # 1226 # -1 # ID=33_2;partial=00;s


Domain annotation for each sequence (and alignments):
>> CALGNJ010000033.1_2  # 660 # 1226 # -1 # ID=33_2;partial=00;start_type=ATG;rbs_motif=TAT;rbs_spacer=7bp;gc_cont=0.377
   #    score  bias  c-Evalue  i-Evalue hmmfrom  hmm to    alifrom  ali to    envfrom  env to     acc
 ---   ------ ----- --------- --------- ------- -------    ------- -------    ------- -------    ----
   1 !   10.2   0.0   1.6e-05     0.011       5      29 ..      19      43 ..      15      53 .. 0.83

  Alignments for each domain:
  == domain 1  score: 10.2 bits;  conditional E-value: 1.6e-05
        nifH-03292025  5 makkmrkiAiYGKGGiGKSttasnl 29
                         ++++m +iA++G+  +GKS+t + l
  CALGNJ010000033.1_2 19 TDSEMPQIAFFGRSNVGKSSTINML 43
                         5678***************987544 PP



Internal pipeline statistics summary:
-------------------------------------
Query model(s):                            1  (327 nodes)
Target sequences:                        660  (176301 residues searched)
Passed MSV filter:                        39  (0.0590909); expected 13.2 (0.02)
Passed bias filter:                       23  (0.0348485); expected 13.2 (0.02)
Passed Vit filter:                         1  (0.00151515); expected 0.7 (0.001)
Passed Fwd filter:                         1  (0.00151515); expected 0.0 (1e-05)
Initial search space (Z):                660  [actual number of targets]
Domain search space  (domZ):               1  [number of targets reported over threshold]
# CPU time: 0.01u 0.00s 00:00:00.01 Elapsed: 00:00:00.00
# Mc/sec: 7501.80
//
Query:       nifD-03292025  [M=482]
Scores for complete sequences (score includes all domains):
   --- full sequence ---   --- best 1 domain ---    -#dom-
    E-value  score  bias    E-value  score  bias    exp  N  Sequence Description
    ------- ------ -----    ------- ------ -----   ---- --  -------- -----------

   [No hits detected that satisfy reporting thresholds]


Domain annotation for each sequence (and alignments):

   [No targets detected that satisfy reporting thresholds]


Internal pipeline statistics summary:
-------------------------------------
Query model(s):                            1  (482 nodes)
Target sequences:                        660  (176301 residues searched)
Passed MSV filter:                        46  (0.069697); expected 13.2 (0.02)
Passed bias filter:                       29  (0.0439394); expected 13.2 (0.02)
Passed Vit filter:                         4  (0.00606061); expected 0.7 (0.001)
Passed Fwd filter:                         0  (0); expected 0.0 (1e-05)
Initial search space (Z):                660  [actual number of targets]
Domain search space  (domZ):               0  [number of targets reported over threshold]
# CPU time: 0.01u 0.00s 00:00:00.01 Elapsed: 00:00:00.00
# Mc/sec: 9900.36
//
Query:       nifK-03292025  [M=490]
Scores for complete sequences (score includes all domains):
   --- full sequence ---   --- best 1 domain ---    -#dom-
    E-value  score  bias    E-value  score  bias    exp  N  Sequence Description
    ------- ------ -----    ------- ------ -----   ---- --  -------- -----------

   [No hits detected that satisfy reporting thresholds]


Domain annotation for each sequence (and alignments):

   [No targets detected that satisfy reporting thresholds]


Internal pipeline statistics summary:
-------------------------------------
Query model(s):                            1  (490 nodes)
Target sequences:                        660  (176301 residues searched)
Passed MSV filter:                        19  (0.0287879); expected 13.2 (0.02)
Passed bias filter:                       16  (0.0242424); expected 13.2 (0.02)
Passed Vit filter:                         1  (0.00151515); expected 0.7 (0.001)
Passed Fwd filter:                         0  (0); expected 0.0 (1e-05)
Initial search space (Z):                660  [actual number of targets]
Domain search space  (domZ):               0  [number of targets reported over threshold]
# CPU time: 0.00u 0.00s 00:00:00.00 Elapsed: 00:00:00.00
# Mc/sec: 13479.58
//
Query:       nifB-03292025  [M=505]
Scores for complete sequences (score includes all domains):
   --- full sequence ---   --- best 1 domain ---    -#dom-
    E-value  score  bias    E-value  score  bias    exp  N  Sequence            Description
    ------- ------ -----    ------- ------ -----   ---- --  --------            -----------
     0.0015   12.3   0.2     0.0018   12.0   0.2    1.1  1  CALGNJ010000006.1_5  # 4925 # 5431 # 1 # ID=6_5;partial=00;st


Domain annotation for each sequence (and alignments):
>> CALGNJ010000006.1_5  # 4925 # 5431 # 1 # ID=6_5;partial=00;start_type=ATG;rbs_motif=TACAA;rbs_spacer=7bp;gc_cont=0.40
   #    score  bias  c-Evalue  i-Evalue hmmfrom  hmm to    alifrom  ali to    envfrom  env to     acc
 ---   ------ ----- --------- --------- ------- -------    ------- -------    ------- -------    ----
   1 !   12.0   0.2   2.8e-06    0.0018     173     238 ..      49     115 ..      35     132 .. 0.89

  Alignments for each domain:
  == domain 1  score: 12.0 bits;  conditional E-value: 2.8e-06
        nifB-03292025 173 LaLpeyvdelaelnvdhvtvTiNavdpeigakiypwvl.yekkrytgeeaaeiLlerQlegleklae 238
                          La+ ++++e+++l++    +T+ + +  + + + +w++ ++kk++++ ++  +L +   e ++++ e
  CALGNJ010000006.1_5  49 LAVYKALEEIVDLGIRDYVITVHSDSMYVVNGMNEWIYnWQKKNWKKSDGKPVLNKDLWEDIQRVRE 115
                          6677899******************************98****************999999988766 PP



Internal pipeline statistics summary:
-------------------------------------
Query model(s):                            1  (505 nodes)
Target sequences:                        660  (176301 residues searched)
Passed MSV filter:                        19  (0.0287879); expected 13.2 (0.02)
Passed bias filter:                       14  (0.0212121); expected 13.2 (0.02)
Passed Vit filter:                         2  (0.0030303); expected 0.7 (0.001)
Passed Fwd filter:                         1  (0.00151515); expected 0.0 (1e-05)
Initial search space (Z):                660  [actual number of targets]
Domain search space  (domZ):               1  [number of targets reported over threshold]
# CPU time: 0.00u 0.00s 00:00:00.00 Elapsed: 00:00:00.01
# Mc/sec: 8679.96
//
Query:       nifE-03292025  [M=556]
Scores for complete sequences (score includes all domains):
   --- full sequence ---   --- best 1 domain ---    -#dom-
    E-value  score  bias    E-value  score  bias    exp  N  Sequence Description
    ------- ------ -----    ------- ------ -----   ---- --  -------- -----------

   [No hits detected that satisfy reporting thresholds]


Domain annotation for each sequence (and alignments):

   [No targets detected that satisfy reporting thresholds]


Internal pipeline statistics summary:
-------------------------------------
Query model(s):                            1  (556 nodes)
Target sequences:                        660  (176301 residues searched)
Passed MSV filter:                        34  (0.0515152); expected 13.2 (0.02)
Passed bias filter:                       20  (0.030303); expected 13.2 (0.02)
Passed Vit filter:                         4  (0.00606061); expected 0.7 (0.001)
Passed Fwd filter:                         0  (0); expected 0.0 (1e-05)
Initial search space (Z):                660  [actual number of targets]
Domain search space  (domZ):               0  [number of targets reported over threshold]
# CPU time: 0.01u 0.00s 00:00:00.01 Elapsed: 00:00:00.01
# Mc/sec: 9639.13
//
Query:       nifN-03292025  [M=700]
Scores for complete sequences (score includes all domains):
   --- full sequence ---   --- best 1 domain ---    -#dom-
    E-value  score  bias    E-value  score  bias    exp  N  Sequence Description
    ------- ------ -----    ------- ------ -----   ---- --  -------- -----------

   [No hits detected that satisfy reporting thresholds]


Domain annotation for each sequence (and alignments):

   [No targets detected that satisfy reporting thresholds]


Internal pipeline statistics summary:
-------------------------------------
Query model(s):                            1  (700 nodes)
Target sequences:                        660  (176301 residues searched)
Passed MSV filter:                        29  (0.0439394); expected 13.2 (0.02)
Passed bias filter:                       18  (0.0272727); expected 13.2 (0.02)
Passed Vit filter:                         0  (0); expected 0.7 (0.001)
Passed Fwd filter:                         0  (0); expected 0.0 (1e-05)
Initial search space (Z):                660  [actual number of targets]
Domain search space  (domZ):               0  [number of targets reported over threshold]
# CPU time: 0.01u 0.00s 00:00:00.01 Elapsed: 00:00:00.00
# Mc/sec: 13496.98
//
Query:       pchlide-04012025  [M=508]
Scores for complete sequences (score includes all domains):
   --- full sequence ---   --- best 1 domain ---    -#dom-
    E-value  score  bias    E-value  score  bias    exp  N  Sequence Description
    ------- ------ -----    ------- ------ -----   ---- --  -------- -----------

   [No hits detected that satisfy reporting thresholds]


Domain annotation for each sequence (and alignments):

   [No targets detected that satisfy reporting thresholds]


Internal pipeline statistics summary:
-------------------------------------
Query model(s):                            1  (508 nodes)
Target sequences:                        660  (176301 residues searched)
Passed MSV filter:                        22  (0.0333333); expected 13.2 (0.02)
Passed bias filter:                       19  (0.0287879); expected 13.2 (0.02)
Passed Vit filter:                         2  (0.0030303); expected 0.7 (0.001)
Passed Fwd filter:                         0  (0); expected 0.0 (1e-05)
Initial search space (Z):                660  [actual number of targets]
Domain search space  (domZ):               0  [number of targets reported over threshold]
# CPU time: 0.01u 0.00s 00:00:00.01 Elapsed: 00:00:00.00
# Mc/sec: 12027.74
//
[ok]
# hmmsearch :: search profile(s) against a sequence database
# HMMER 3.4 (Aug 2023); http://hmmer.org/
# Copyright (C) 2023 Howard Hughes Medical Institute.
# Freely distributed under the BSD open source license.
# - - - - - - - - - - - - - - - - - - - - - - - - - - - - - - - - - - - -
# query HMM file:                  ../HMMs/nifV_07242025.hmm
# target sequence database:        ../all_rep_proteins_aa/bacteria/GB_GCA_937958705.1_protein.faa
# - - - - - - - - - - - - - - - - - - - - - - - - - - - - - - - - - - - -

Query:       nifV-07242025  [M=437]
Scores for complete sequences (score includes all domains):
   --- full sequence ---   --- best 1 domain ---    -#dom-
    E-value  score  bias    E-value  score  bias    exp  N  Sequence Description
    ------- ------ -----    ------- ------ -----   ---- --  -------- -----------

   [No hits detected that satisfy reporting thresholds]


Domain annotation for each sequence (and alignments):

   [No targets detected that satisfy reporting thresholds]


Internal pipeline statistics summary:
-------------------------------------
Query model(s):                            1  (437 nodes)
Target sequences:                        660  (176301 residues searched)
Passed MSV filter:                        20  (0.030303); expected 13.2 (0.02)
Passed bias filter:                       11  (0.0166667); expected 13.2 (0.02)
Passed Vit filter:                         1  (0.00151515); expected 0.7 (0.001)
Passed Fwd filter:                         0  (0); expected 0.0 (1e-05)
Initial search space (Z):                660  [actual number of targets]
Domain search space  (domZ):               0  [number of targets reported over threshold]
# CPU time: 0.00u 0.00s 00:00:00.00 Elapsed: 00:00:00.00
# Mc/sec: 14657.16
//
[ok]
