# hmmsearch :: search profile(s) against a sequence database
# HMMER 3.4 (Aug 2023); http://hmmer.org/
# Copyright (C) 2023 Howard Hughes Medical Institute.
# Freely distributed under the BSD open source license.
# - - - - - - - - - - - - - - - - - - - - - - - - - - - - - - - - - - - -
# query HMM file:                  ../HMMs/combined_nif_04012025.hmm
# target sequence database:        ../all_rep_proteins_aa/bacteria/GB_GCA_947643405.1_protein.faa
# - - - - - - - - - - - - - - - - - - - - - - - - - - - - - - - - - - - -

Query:       nifH-03292025  [M=327]
Scores for complete sequences (score includes all domains):
   --- full sequence ---   --- best 1 domain ---    -#dom-
    E-value  score  bias    E-value  score  bias    exp  N  Sequence             Description
    ------- ------ -----    ------- ------ -----   ---- --  --------             -----------
    4.7e-11   38.9   0.2      1e-05   21.4   0.3    2.1  2  CANRVY010000013.1_49  # 31554 # 32339 # -1 # ID=13_49;partial
     0.0031   13.2   0.0      0.006   12.3   0.0    1.5  1  CANRVY010000002.1_14  # 8681 # 9907 # 1 # ID=2_14;partial=00;
  ------ inclusion threshold ------
      0.011   11.5   1.4      0.017   10.8   0.2    1.8  2  CANRVY010000005.1_9   # 10934 # 11695 # -1 # ID=5_9;partial=0
        1.4    4.6   7.9        2.4    3.8   7.7    1.5  1  CANRVY010000003.1_36  # 29973 # 31481 # -1 # ID=3_36;partial=


Domain annotation for each sequence (and alignments):
>> CANRVY010000013.1_49  # 31554 # 32339 # -1 # ID=13_49;partial=00;start_type=ATG;rbs_motif=4Base/6BMM;rbs_spacer=13-15
   #    score  bias  c-Evalue  i-Evalue hmmfrom  hmm to    alifrom  ali to    envfrom  env to     acc
 ---   ------ ----- --------- --------- ------- -------    ------- -------    ------- -------    ----
   1 !   21.4   0.3   2.6e-08     1e-05      17      84 ..      11      78 ..       3      88 .. 0.77
   2 !   15.6   0.0   1.5e-06    0.0006     148     255 ..     146     258 ..     144     261 .. 0.82

  Alignments for each domain:
  == domain 1  score: 21.4 bits;  conditional E-value: 2.6e-08
         nifH-03292025 17 KGGiGKSttasnlsaalaeegkkvlivGCdPKaDstrl..llggkaqktvldllrekgedleledvvkeG 84
                          KGG+GK t + nl+a l    +kvl v  dP   +t+   + +g+ +k + dl+ ++ + ++ e ++k+ 
  CANRVY010000013.1_49 11 KGGVGKTTSSINLAASLGALREKVLLVDLDPQGNATTGvgIDKGEVKKNIYDLMVDNAT-ID-EVIIKTK 78
                          9*******************************999975225677888888888876542.22.3444444 PP

  == domain 2  score: 15.6 bits;  conditional E-value: 1.5e-06
         nifH-03292025 148 kadevyivtsgemmalYaanniakgikkyaee..ggvrlgGlicNsrkvdke..eelveefaeklgtqiiaf.vprsnevqkaelekkt 231
                            ad+v+i + +e+ al     ++++i   +++   +  + G++  + + +++   e+ve++ + ++ ++  + +pr   +++a  ++k 
  CANRVY010000013.1_49 146 AADSVIIPVQCEFFALEGIMQLLNSIMLAQKNlnPTLDIEGVLLTMLDNRTNlgLEVVEDIKSYFKERVYDTiIPRLVRLSEAPSHGKP 234
                           5899999999999999999999999988888733445567888777655544226999***99999999975279************** PP

         nifH-03292025 232 vieaapdseqakeyreLakkilen 255
                           +i ++p+s+ +++y +Lak++le 
  CANRVY010000013.1_49 235 IIAYDPNSRGTEAYLNLAKEVLER 258
                           *********************986 PP

>> CANRVY010000002.1_14  # 8681 # 9907 # 1 # ID=2_14;partial=00;start_type=ATG;rbs_motif=None;rbs_spacer=None;gc_cont=0.
   #    score  bias  c-Evalue  i-Evalue hmmfrom  hmm to    alifrom  ali to    envfrom  env to     acc
 ---   ------ ----- --------- --------- ------- -------    ------- -------    ------- -------    ----
   1 !   12.3   0.0   1.5e-05     0.006       6      34 ..      36      64 ..      30     107 .. 0.83

  Alignments for each domain:
  == domain 1  score: 12.3 bits;  conditional E-value: 1.5e-05
         nifH-03292025  6 akkmrkiAiYGKGGiGKSttasnlsaala 34
                          +k++  + +YGK GiGK t+a+ ++  l 
  CANRVY010000002.1_14 36 NKRLFSMILYGKPGIGKTTIATAIVEELE 64
                          455677889************99998875 PP

>> CANRVY010000005.1_9  # 10934 # 11695 # -1 # ID=5_9;partial=00;start_type=ATG;rbs_motif=GGAG/GAGG;rbs_spacer=5-10bp;gc
   #    score  bias  c-Evalue  i-Evalue hmmfrom  hmm to    alifrom  ali to    envfrom  env to     acc
 ---   ------ ----- --------- --------- ------- -------    ------- -------    ------- -------    ----
   1 ?   10.8   0.2   4.3e-05     0.017      17      43 ..      15      41 ..       4      55 .. 0.94
   2 ?   -0.9   0.1      0.16        64     250     288 ..     195     233 ..     147     251 .. 0.58

  Alignments for each domain:
  == domain 1  score: 10.8 bits;  conditional E-value: 4.3e-05
        nifH-03292025 17 KGGiGKSttasnlsaalaeegkkvliv 43
                         KGG GK tt  nl+ +++ + kkvli+
  CANRVY010000005.1_9 15 KGGTGKTTTLLNLAGIFSLQKKKVLII 41
                         9************************98 PP

  == domain 2  score: -0.9 bits;  conditional E-value: 0.16
        nifH-03292025 250 kkilenkklvipkplseeeleellaelglleeedevgkk 288
                          + ++en + vipk +  +++++ + e ++l+ ++ +++k
  CANRVY010000005.1_9 195 NILKENIDYVIPKNFYLKNIDKYILEGNILTLQKGIASK 233
                          333455577888888888888888877777776543333 PP

>> CANRVY010000003.1_36  # 29973 # 31481 # -1 # ID=3_36;partial=00;start_type=ATG;rbs_motif=None;rbs_spacer=None;gc_cont
   #    score  bias  c-Evalue  i-Evalue hmmfrom  hmm to    alifrom  ali to    envfrom  env to     acc
 ---   ------ ----- --------- --------- ------- -------    ------- -------    ------- -------    ----
   1 ?    3.8   7.7    0.0059       2.4     209     308 ..     306     406 ..     264     425 .. 0.71

  Alignments for each domain:
  == domain 1  score: 3.8 bits;  conditional E-value: 0.0059
         nifH-03292025 209 gtqiiafvprsnevqkaelekktvieaapdseqakeyreLakkilen.kklvipkplseeeleellaelglleeedevgkkaae.aaaa 295
                           + q ia++++s   +++e+e+ t +  +p++ q +++++  ++i+++ ++ + +k ++eee +++++e+++ ++ ++ ++ +++  +++
  CANRVY010000003.1_36 306 EEQTIANLEQSILGKQSEIERLTALFSSPEKLQ-RQFQKECEAIKNEiEEWYKTKEITEEEYQKMMKEFEIEATLENYSNVKKQeLEQT 393
                           56889999999999**********999997655.6788888888876255677789*************99888766443333303333 PP

         nifH-03292025 296 aakllglegvldl 308
                           +  ++ +e  l+ 
  CANRVY010000003.1_36 394 VEDKKREEEFLKN 406
                           3333333333333 PP



Internal pipeline statistics summary:
-------------------------------------
Query model(s):                            1  (327 nodes)
Target sequences:                       1607  (468349 residues searched)
Passed MSV filter:                       129  (0.0802738); expected 32.1 (0.02)
Passed bias filter:                       85  (0.0528936); expected 32.1 (0.02)
Passed Vit filter:                        18  (0.011201); expected 1.6 (0.001)
Passed Fwd filter:                         4  (0.00248911); expected 0.0 (1e-05)
Initial search space (Z):               1607  [actual number of targets]
Domain search space  (domZ):               4  [number of targets reported over threshold]
# CPU time: 0.02u 0.00s 00:00:00.02 Elapsed: 00:00:00.02
# Mc/sec: 6473.77
//
Query:       nifD-03292025  [M=482]
Scores for complete sequences (score includes all domains):
   --- full sequence ---   --- best 1 domain ---    -#dom-
    E-value  score  bias    E-value  score  bias    exp  N  Sequence Description
    ------- ------ -----    ------- ------ -----   ---- --  -------- -----------

   [No hits detected that satisfy reporting thresholds]


Domain annotation for each sequence (and alignments):

   [No targets detected that satisfy reporting thresholds]


Internal pipeline statistics summary:
-------------------------------------
Query model(s):                            1  (482 nodes)
Target sequences:                       1607  (468349 residues searched)
Passed MSV filter:                       114  (0.0709396); expected 32.1 (0.02)
Passed bias filter:                       30  (0.0186683); expected 32.1 (0.02)
Passed Vit filter:                         2  (0.00124456); expected 1.6 (0.001)
Passed Fwd filter:                         0  (0); expected 0.0 (1e-05)
Initial search space (Z):               1607  [actual number of targets]
Domain search space  (domZ):               0  [number of targets reported over threshold]
# CPU time: 0.01u 0.00s 00:00:00.01 Elapsed: 00:00:00.00
# Mc/sec: 25367.31
//
Query:       nifK-03292025  [M=490]
Scores for complete sequences (score includes all domains):
   --- full sequence ---   --- best 1 domain ---    -#dom-
    E-value  score  bias    E-value  score  bias    exp  N  Sequence Description
    ------- ------ -----    ------- ------ -----   ---- --  -------- -----------

   [No hits detected that satisfy reporting thresholds]


Domain annotation for each sequence (and alignments):

   [No targets detected that satisfy reporting thresholds]


Internal pipeline statistics summary:
-------------------------------------
Query model(s):                            1  (490 nodes)
Target sequences:                       1607  (468349 residues searched)
Passed MSV filter:                        70  (0.0435594); expected 32.1 (0.02)
Passed bias filter:                       24  (0.0149347); expected 32.1 (0.02)
Passed Vit filter:                         2  (0.00124456); expected 1.6 (0.001)
Passed Fwd filter:                         0  (0); expected 0.0 (1e-05)
Initial search space (Z):               1607  [actual number of targets]
Domain search space  (domZ):               0  [number of targets reported over threshold]
# CPU time: 0.01u 0.00s 00:00:00.01 Elapsed: 00:00:00.00
# Mc/sec: 25520.17
//
Query:       nifB-03292025  [M=505]
Scores for complete sequences (score includes all domains):
   --- full sequence ---   --- best 1 domain ---    -#dom-
    E-value  score  bias    E-value  score  bias    exp  N  Sequence Description
    ------- ------ -----    ------- ------ -----   ---- --  -------- -----------

   [No hits detected that satisfy reporting thresholds]


Domain annotation for each sequence (and alignments):

   [No targets detected that satisfy reporting thresholds]


Internal pipeline statistics summary:
-------------------------------------
Query model(s):                            1  (505 nodes)
Target sequences:                       1607  (468349 residues searched)
Passed MSV filter:                        83  (0.051649); expected 32.1 (0.02)
Passed bias filter:                       45  (0.0280025); expected 32.1 (0.02)
Passed Vit filter:                         6  (0.00373367); expected 1.6 (0.001)
Passed Fwd filter:                         0  (0); expected 0.0 (1e-05)
Initial search space (Z):               1607  [actual number of targets]
Domain search space  (domZ):               0  [number of targets reported over threshold]
# CPU time: 0.02u 0.00s 00:00:00.02 Elapsed: 00:00:00.01
# Mc/sec: 21355.77
//
Query:       nifE-03292025  [M=556]
Scores for complete sequences (score includes all domains):
   --- full sequence ---   --- best 1 domain ---    -#dom-
    E-value  score  bias    E-value  score  bias    exp  N  Sequence Description
    ------- ------ -----    ------- ------ -----   ---- --  -------- -----------

   [No hits detected that satisfy reporting thresholds]


Domain annotation for each sequence (and alignments):

   [No targets detected that satisfy reporting thresholds]


Internal pipeline statistics summary:
-------------------------------------
Query model(s):                            1  (556 nodes)
Target sequences:                       1607  (468349 residues searched)
Passed MSV filter:                        97  (0.0603609); expected 32.1 (0.02)
Passed bias filter:                       42  (0.0261357); expected 32.1 (0.02)
Passed Vit filter:                         7  (0.00435594); expected 1.6 (0.001)
Passed Fwd filter:                         0  (0); expected 0.0 (1e-05)
Initial search space (Z):               1607  [actual number of targets]
Domain search space  (domZ):               0  [number of targets reported over threshold]
# CPU time: 0.02u 0.00s 00:00:00.02 Elapsed: 00:00:00.01
# Mc/sec: 21485.94
//
Query:       nifN-03292025  [M=700]
Scores for complete sequences (score includes all domains):
   --- full sequence ---   --- best 1 domain ---    -#dom-
    E-value  score  bias    E-value  score  bias    exp  N  Sequence Description
    ------- ------ -----    ------- ------ -----   ---- --  -------- -----------

   [No hits detected that satisfy reporting thresholds]


Domain annotation for each sequence (and alignments):

   [No targets detected that satisfy reporting thresholds]


Internal pipeline statistics summary:
-------------------------------------
Query model(s):                            1  (700 nodes)
Target sequences:                       1607  (468349 residues searched)
Passed MSV filter:                        78  (0.0485376); expected 32.1 (0.02)
Passed bias filter:                       53  (0.0329807); expected 32.1 (0.02)
Passed Vit filter:                         3  (0.00186683); expected 1.6 (0.001)
Passed Fwd filter:                         0  (0); expected 0.0 (1e-05)
Initial search space (Z):               1607  [actual number of targets]
Domain search space  (domZ):               0  [number of targets reported over threshold]
# CPU time: 0.02u 0.00s 00:00:00.02 Elapsed: 00:00:00.01
# Mc/sec: 24017.12
//
Query:       pchlide-04012025  [M=508]
Scores for complete sequences (score includes all domains):
   --- full sequence ---   --- best 1 domain ---    -#dom-
    E-value  score  bias    E-value  score  bias    exp  N  Sequence Description
    ------- ------ -----    ------- ------ -----   ---- --  -------- -----------

   [No hits detected that satisfy reporting thresholds]


Domain annotation for each sequence (and alignments):

   [No targets detected that satisfy reporting thresholds]


Internal pipeline statistics summary:
-------------------------------------
Query model(s):                            1  (508 nodes)
Target sequences:                       1607  (468349 residues searched)
Passed MSV filter:                        46  (0.0286248); expected 32.1 (0.02)
Passed bias filter:                       29  (0.018046); expected 32.1 (0.02)
Passed Vit filter:                         3  (0.00186683); expected 1.6 (0.001)
Passed Fwd filter:                         0  (0); expected 0.0 (1e-05)
Initial search space (Z):               1607  [actual number of targets]
Domain search space  (domZ):               0  [number of targets reported over threshold]
# CPU time: 0.02u 0.00s 00:00:00.02 Elapsed: 00:00:00.00
# Mc/sec: 28097.65
//
[ok]
# hmmsearch :: search profile(s) against a sequence database
# HMMER 3.4 (Aug 2023); http://hmmer.org/
# Copyright (C) 2023 Howard Hughes Medical Institute.
# Freely distributed under the BSD open source license.
# - - - - - - - - - - - - - - - - - - - - - - - - - - - - - - - - - - - -
# query HMM file:                  ../HMMs/nifV_07242025.hmm
# target sequence database:        ../all_rep_proteins_aa/bacteria/GB_GCA_947643405.1_protein.faa
# - - - - - - - - - - - - - - - - - - - - - - - - - - - - - - - - - - - -

Query:       nifV-07242025  [M=437]
Scores for complete sequences (score includes all domains):
   --- full sequence ---   --- best 1 domain ---    -#dom-
    E-value  score  bias    E-value  score  bias    exp  N  Sequence Description
    ------- ------ -----    ------- ------ -----   ---- --  -------- -----------

   [No hits detected that satisfy reporting thresholds]


Domain annotation for each sequence (and alignments):

   [No targets detected that satisfy reporting thresholds]


Internal pipeline statistics summary:
-------------------------------------
Query model(s):                            1  (437 nodes)
Target sequences:                       1607  (468349 residues searched)
Passed MSV filter:                        43  (0.0267579); expected 32.1 (0.02)
Passed bias filter:                       34  (0.0211574); expected 32.1 (0.02)
Passed Vit filter:                         3  (0.00186683); expected 1.6 (0.001)
Passed Fwd filter:                         0  (0); expected 0.0 (1e-05)
Initial search space (Z):               1607  [actual number of targets]
Domain search space  (domZ):               0  [number of targets reported over threshold]
# CPU time: 0.01u 0.00s 00:00:00.01 Elapsed: 00:00:00.00
# Mc/sec: 26796.83
//
[ok]
