# hmmsearch :: search profile(s) against a sequence database
# HMMER 3.4 (Aug 2023); http://hmmer.org/
# Copyright (C) 2023 Howard Hughes Medical Institute.
# Freely distributed under the BSD open source license.
# - - - - - - - - - - - - - - - - - - - - - - - - - - - - - - - - - - - -
# query HMM file:                  ../HMMs/combined_nif_04012025.hmm
# target sequence database:        ../all_rep_proteins_aa/bacteria/GB_GCA_022428205.1_protein.faa
# - - - - - - - - - - - - - - - - - - - - - - - - - - - - - - - - - - - -

Query:       nifH-03292025  [M=327]
Scores for complete sequences (score includes all domains):
   --- full sequence ---   --- best 1 domain ---    -#dom-
    E-value  score  bias    E-value  score  bias    exp  N  Sequence             Description
    ------- ------ -----    ------- ------ -----   ---- --  --------             -----------
    2.7e-10   36.8   1.1    5.7e-06   22.6   0.3    2.1  2  JAKMCW010000022.1_9   # 6253 # 7107 # -1 # ID=37_9;partial=00
      1e-06   25.1   0.0    1.9e-06   24.2   0.0    1.4  1  JAKMCW010000082.1_13  # 11545 # 12663 # -1 # ID=108_13;partia


Domain annotation for each sequence (and alignments):
>> JAKMCW010000022.1_9  # 6253 # 7107 # -1 # ID=37_9;partial=00;start_type=ATG;rbs_motif=None;rbs_spacer=None;gc_cont=0.
   #    score  bias  c-Evalue  i-Evalue hmmfrom  hmm to    alifrom  ali to    envfrom  env to     acc
 ---   ------ ----- --------- --------- ------- -------    ------- -------    ------- -------    ----
   1 !   22.6   0.3   5.4e-09   5.7e-06      17      53 ..      11      47 ..       2      57 .. 0.91
   2 !   13.0   0.0   4.6e-06    0.0048     149     259 ..     141     256 ..     138     276 .. 0.79

  Alignments for each domain:
  == domain 1  score: 22.6 bits;  conditional E-value: 5.4e-09
        nifH-03292025 17 KGGiGKSttasnlsaalaeegkkvlivGCdPKaDstr 53
                         KGG+GK tta nl a l   ++k l v  dP a st+
  JAKMCW010000022.1_9 11 KGGVGKTTTAINLGASLGALEYKTLLVDADPQANSTS 47
                         9**********************************97 PP

  == domain 2  score: 13.0 bits;  conditional E-value: 4.6e-06
        nifH-03292025 149 adevyivtsgemmalYaanniakgikkyaee..ggvrlgGlicNsrkv..dkeeelveefaeklgtqiiaf.vprsnevqkaelekktvi 233
                          ad+v+i + +e+ al     +++++k ++    ++ ++ G++  + ++  +  +++vee+  +++  ++ + ++r++ + +a  +++t++
  JAKMCW010000022.1_9 141 ADSVVIPVQCEYFALEGLGKLLNTVKIVQGGlnEELNIEGILLTMYDTrlRLSNQVVEEVRMHFREMVFDTlIHRNTRLGEAPSHGETIV 230
                          788888888999999999999888888876543777888988877655115678999999999988888653789999************ PP

        nifH-03292025 234 eaapdseqakeyreLakkilenkklv 259
                           ++ +++ a +y +La++il++++l+
  JAKMCW010000022.1_9 231 MHDASCKGAINYLNLAREILQKNDLT 256
                          *******************9877544 PP

>> JAKMCW010000082.1_13  # 11545 # 12663 # -1 # ID=108_13;partial=00;start_type=ATG;rbs_motif=None;rbs_spacer=None;gc_co
   #    score  bias  c-Evalue  i-Evalue hmmfrom  hmm to    alifrom  ali to    envfrom  env to     acc
 ---   ------ ----- --------- --------- ------- -------    ------- -------    ------- -------    ----
   1 !   24.2   0.0   1.8e-09   1.9e-06      15      43 ..     114     142 ..     100     166 .. 0.84

  Alignments for each domain:
  == domain 1  score: 24.2 bits;  conditional E-value: 1.8e-09
         nifH-03292025  15 YGKGGiGKSttasnlsaalaeegkkvliv 43 
                            GKGG+GKSt+++nl++ la++g++v  v
  JAKMCW010000082.1_13 114 SGKGGVGKSTVTANLAVELARRGHRVGLV 142
                           4************************9766 PP



Internal pipeline statistics summary:
-------------------------------------
Query model(s):                            1  (327 nodes)
Target sequences:                       2088  (797302 residues searched)
Passed MSV filter:                        74  (0.0354406); expected 41.8 (0.02)
Passed bias filter:                       61  (0.0292146); expected 41.8 (0.02)
Passed Vit filter:                        13  (0.00622605); expected 2.1 (0.001)
Passed Fwd filter:                         2  (0.000957854); expected 0.0 (1e-05)
Initial search space (Z):               2088  [actual number of targets]
Domain search space  (domZ):               2  [number of targets reported over threshold]
# CPU time: 0.02u 0.00s 00:00:00.02 Elapsed: 00:00:00.01
# Mc/sec: 15457.16
//
Query:       nifD-03292025  [M=482]
Scores for complete sequences (score includes all domains):
   --- full sequence ---   --- best 1 domain ---    -#dom-
    E-value  score  bias    E-value  score  bias    exp  N  Sequence Description
    ------- ------ -----    ------- ------ -----   ---- --  -------- -----------

   [No hits detected that satisfy reporting thresholds]


Domain annotation for each sequence (and alignments):

   [No targets detected that satisfy reporting thresholds]


Internal pipeline statistics summary:
-------------------------------------
Query model(s):                            1  (482 nodes)
Target sequences:                       2088  (797302 residues searched)
Passed MSV filter:                        61  (0.0292146); expected 41.8 (0.02)
Passed bias filter:                       53  (0.0253831); expected 41.8 (0.02)
Passed Vit filter:                         3  (0.00143678); expected 2.1 (0.001)
Passed Fwd filter:                         0  (0); expected 0.0 (1e-05)
Initial search space (Z):               2088  [actual number of targets]
Domain search space  (domZ):               0  [number of targets reported over threshold]
# CPU time: 0.03u 0.00s 00:00:00.03 Elapsed: 00:00:00.01
# Mc/sec: 28190.79
//
Query:       nifK-03292025  [M=490]
Scores for complete sequences (score includes all domains):
   --- full sequence ---   --- best 1 domain ---    -#dom-
    E-value  score  bias    E-value  score  bias    exp  N  Sequence Description
    ------- ------ -----    ------- ------ -----   ---- --  -------- -----------

   [No hits detected that satisfy reporting thresholds]


Domain annotation for each sequence (and alignments):

   [No targets detected that satisfy reporting thresholds]


Internal pipeline statistics summary:
-------------------------------------
Query model(s):                            1  (490 nodes)
Target sequences:                       2088  (797302 residues searched)
Passed MSV filter:                        48  (0.0229885); expected 41.8 (0.02)
Passed bias filter:                       45  (0.0215517); expected 41.8 (0.02)
Passed Vit filter:                         5  (0.00239464); expected 2.1 (0.001)
Passed Fwd filter:                         0  (0); expected 0.0 (1e-05)
Initial search space (Z):               2088  [actual number of targets]
Domain search space  (domZ):               0  [number of targets reported over threshold]
# CPU time: 0.02u 0.00s 00:00:00.02 Elapsed: 00:00:00.01
# Mc/sec: 22613.77
//
Query:       nifB-03292025  [M=505]
Scores for complete sequences (score includes all domains):
   --- full sequence ---   --- best 1 domain ---    -#dom-
    E-value  score  bias    E-value  score  bias    exp  N  Sequence Description
    ------- ------ -----    ------- ------ -----   ---- --  -------- -----------

   [No hits detected that satisfy reporting thresholds]


Domain annotation for each sequence (and alignments):

   [No targets detected that satisfy reporting thresholds]


Internal pipeline statistics summary:
-------------------------------------
Query model(s):                            1  (505 nodes)
Target sequences:                       2088  (797302 residues searched)
Passed MSV filter:                        47  (0.0225096); expected 41.8 (0.02)
Passed bias filter:                       37  (0.0177203); expected 41.8 (0.02)
Passed Vit filter:                         1  (0.000478927); expected 2.1 (0.001)
Passed Fwd filter:                         0  (0); expected 0.0 (1e-05)
Initial search space (Z):               2088  [actual number of targets]
Domain search space  (domZ):               0  [number of targets reported over threshold]
# CPU time: 0.02u 0.00s 00:00:00.02 Elapsed: 00:00:00.01
# Mc/sec: 29709.40
//
Query:       nifE-03292025  [M=556]
Scores for complete sequences (score includes all domains):
   --- full sequence ---   --- best 1 domain ---    -#dom-
    E-value  score  bias    E-value  score  bias    exp  N  Sequence Description
    ------- ------ -----    ------- ------ -----   ---- --  -------- -----------

   [No hits detected that satisfy reporting thresholds]


Domain annotation for each sequence (and alignments):

   [No targets detected that satisfy reporting thresholds]


Internal pipeline statistics summary:
-------------------------------------
Query model(s):                            1  (556 nodes)
Target sequences:                       2088  (797302 residues searched)
Passed MSV filter:                        65  (0.0311303); expected 41.8 (0.02)
Passed bias filter:                       62  (0.0296935); expected 41.8 (0.02)
Passed Vit filter:                         6  (0.00287356); expected 2.1 (0.001)
Passed Fwd filter:                         0  (0); expected 0.0 (1e-05)
Initial search space (Z):               2088  [actual number of targets]
Domain search space  (domZ):               0  [number of targets reported over threshold]
# CPU time: 0.02u 0.01s 00:00:00.03 Elapsed: 00:00:00.01
# Mc/sec: 27968.28
//
Query:       nifN-03292025  [M=700]
Scores for complete sequences (score includes all domains):
   --- full sequence ---   --- best 1 domain ---    -#dom-
    E-value  score  bias    E-value  score  bias    exp  N  Sequence Description
    ------- ------ -----    ------- ------ -----   ---- --  -------- -----------

   [No hits detected that satisfy reporting thresholds]


Domain annotation for each sequence (and alignments):

   [No targets detected that satisfy reporting thresholds]


Internal pipeline statistics summary:
-------------------------------------
Query model(s):                            1  (700 nodes)
Target sequences:                       2088  (797302 residues searched)
Passed MSV filter:                        71  (0.0340038); expected 41.8 (0.02)
Passed bias filter:                       63  (0.0301724); expected 41.8 (0.02)
Passed Vit filter:                         6  (0.00287356); expected 2.1 (0.001)
Passed Fwd filter:                         0  (0); expected 0.0 (1e-05)
Initial search space (Z):               2088  [actual number of targets]
Domain search space  (domZ):               0  [number of targets reported over threshold]
# CPU time: 0.03u 0.00s 00:00:00.03 Elapsed: 00:00:00.01
# Mc/sec: 29349.48
//
Query:       pchlide-04012025  [M=508]
Scores for complete sequences (score includes all domains):
   --- full sequence ---   --- best 1 domain ---    -#dom-
    E-value  score  bias    E-value  score  bias    exp  N  Sequence Description
    ------- ------ -----    ------- ------ -----   ---- --  -------- -----------

   [No hits detected that satisfy reporting thresholds]


Domain annotation for each sequence (and alignments):

   [No targets detected that satisfy reporting thresholds]


Internal pipeline statistics summary:
-------------------------------------
Query model(s):                            1  (508 nodes)
Target sequences:                       2088  (797302 residues searched)
Passed MSV filter:                        51  (0.0244253); expected 41.8 (0.02)
Passed bias filter:                       46  (0.0220307); expected 41.8 (0.02)
Passed Vit filter:                         5  (0.00239464); expected 2.1 (0.001)
Passed Fwd filter:                         0  (0); expected 0.0 (1e-05)
Initial search space (Z):               2088  [actual number of targets]
Domain search space  (domZ):               0  [number of targets reported over threshold]
# CPU time: 0.02u 0.00s 00:00:00.02 Elapsed: 00:00:00.01
# Mc/sec: 31419.08
//
[ok]
# hmmsearch :: search profile(s) against a sequence database
# HMMER 3.4 (Aug 2023); http://hmmer.org/
# Copyright (C) 2023 Howard Hughes Medical Institute.
# Freely distributed under the BSD open source license.
# - - - - - - - - - - - - - - - - - - - - - - - - - - - - - - - - - - - -
# query HMM file:                  ../HMMs/nifV_07242025.hmm
# target sequence database:        ../all_rep_proteins_aa/bacteria/GB_GCA_022428205.1_protein.faa
# - - - - - - - - - - - - - - - - - - - - - - - - - - - - - - - - - - - -

Query:       nifV-07242025  [M=437]
Scores for complete sequences (score includes all domains):
   --- full sequence ---   --- best 1 domain ---    -#dom-
    E-value  score  bias    E-value  score  bias    exp  N  Sequence Description
    ------- ------ -----    ------- ------ -----   ---- --  -------- -----------

   [No hits detected that satisfy reporting thresholds]


Domain annotation for each sequence (and alignments):

   [No targets detected that satisfy reporting thresholds]


Internal pipeline statistics summary:
-------------------------------------
Query model(s):                            1  (437 nodes)
Target sequences:                       2088  (797302 residues searched)
Passed MSV filter:                        61  (0.0292146); expected 41.8 (0.02)
Passed bias filter:                       45  (0.0215517); expected 41.8 (0.02)
Passed Vit filter:                         1  (0.000478927); expected 2.1 (0.001)
Passed Fwd filter:                         0  (0); expected 0.0 (1e-05)
Initial search space (Z):               2088  [actual number of targets]
Domain search space  (domZ):               0  [number of targets reported over threshold]
# CPU time: 0.02u 0.00s 00:00:00.02 Elapsed: 00:00:00.01
# Mc/sec: 27828.80
//
[ok]
