# hmmsearch :: search profile(s) against a sequence database
# HMMER 3.4 (Aug 2023); http://hmmer.org/
# Copyright (C) 2023 Howard Hughes Medical Institute.
# Freely distributed under the BSD open source license.
# - - - - - - - - - - - - - - - - - - - - - - - - - - - - - - - - - - - -
# query HMM file:                  ../HMMs/combined_nif_04012025.hmm
# target sequence database:        ../all_rep_proteins_aa/bacteria/GB_GCA_009787015.1_protein.faa
# - - - - - - - - - - - - - - - - - - - - - - - - - - - - - - - - - - - -

Query:       nifH-03292025  [M=327]
Scores for complete sequences (score includes all domains):
   --- full sequence ---   --- best 1 domain ---    -#dom-
    E-value  score  bias    E-value  score  bias    exp  N  Sequence          Description
    ------- ------ -----    ------- ------ -----   ---- --  --------          -----------
    1.5e-07   26.5   0.2    5.5e-07   24.7   0.2    1.7  2  WRGU01000051.1_5   # 3678 # 4502 # 1 # ID=51_5;partial=00;sta
    6.8e-05   17.8   0.4    0.00012   16.9   0.4    1.4  1  WRGU01000046.1_30  # 32938 # 33648 # 1 # ID=46_30;partial=00;


Domain annotation for each sequence (and alignments):
>> WRGU01000051.1_5  # 3678 # 4502 # 1 # ID=51_5;partial=00;start_type=ATG;rbs_motif=None;rbs_spacer=None;gc_cont=0.515
   #    score  bias  c-Evalue  i-Evalue hmmfrom  hmm to    alifrom  ali to    envfrom  env to     acc
 ---   ------ ----- --------- --------- ------- -------    ------- -------    ------- -------    ----
   1 !   24.7   0.2   1.3e-09   5.5e-07      17      55 ..      16      54 ..       3      65 .. 0.89
   2 ?   -1.1   0.0     0.088        37     198     252 ..     207     262 ..     153     266 .. 0.62

  Alignments for each domain:
  == domain 1  score: 24.7 bits;  conditional E-value: 1.3e-09
     nifH-03292025 17 KGGiGKSttasnlsaalaeegkkvlivGCdPKaDstrll 55
                      KGG+GK tta nl+  la++g +vliv  dP   +t+ l
  WRGU01000051.1_5 16 KGGVGKTTTAVNLAFYLAKAGANVLIVDFDPQGNATSGL 54
                      9******************************99998765 PP

  == domain 2  score: -1.1 bits;  conditional E-value: 0.088
     nifH-03292025 198 eelveefaeklgtqii.afvprsnevqkaelekktvieaapdseqakeyreLakki 252
                       +++  e+ +++  +++ +++pr+  + +a  ++  +  ++  s+ a++y+++a + 
  WRGU01000051.1_5 207 QQVYIEIKKHFPGKVFeTTIPRNVRLAEAPSHGLPIGAYDRFSKGARAYKAVAAET 262
                       34444445555445541468888888888888888888888888888888888765 PP

>> WRGU01000046.1_30  # 32938 # 33648 # 1 # ID=46_30;partial=00;start_type=ATG;rbs_motif=None;rbs_spacer=None;gc_cont=0.
   #    score  bias  c-Evalue  i-Evalue hmmfrom  hmm to    alifrom  ali to    envfrom  env to     acc
 ---   ------ ----- --------- --------- ------- -------    ------- -------    ------- -------    ----
   1 !   16.9   0.4     3e-07   0.00012      12      40 ..      22      50 ..      13      56 .. 0.90

  Alignments for each domain:
  == domain 1  score: 16.9 bits;  conditional E-value: 3e-07
      nifH-03292025 12 iAiYGKGGiGKSttasnlsaalaeegkkv 40
                       +++ GK G+GKS  ++++ aa++e+gkk 
  WRGU01000046.1_30 22 VSVMGKIGVGKSYYTQHIIAAMSEHGKKA 50
                       7899***********************96 PP



Internal pipeline statistics summary:
-------------------------------------
Query model(s):                            1  (327 nodes)
Target sequences:                        836  (258396 residues searched)
Passed MSV filter:                        58  (0.069378); expected 16.7 (0.02)
Passed bias filter:                       42  (0.0502392); expected 16.7 (0.02)
Passed Vit filter:                         8  (0.00956938); expected 0.8 (0.001)
Passed Fwd filter:                         2  (0.00239234); expected 0.0 (1e-05)
Initial search space (Z):                836  [actual number of targets]
Domain search space  (domZ):               2  [number of targets reported over threshold]
# CPU time: 0.01u 0.00s 00:00:00.01 Elapsed: 00:00:00.01
# Mc/sec: 6379.43
//
Query:       nifD-03292025  [M=482]
Scores for complete sequences (score includes all domains):
   --- full sequence ---   --- best 1 domain ---    -#dom-
    E-value  score  bias    E-value  score  bias    exp  N  Sequence Description
    ------- ------ -----    ------- ------ -----   ---- --  -------- -----------

   [No hits detected that satisfy reporting thresholds]


Domain annotation for each sequence (and alignments):

   [No targets detected that satisfy reporting thresholds]


Internal pipeline statistics summary:
-------------------------------------
Query model(s):                            1  (482 nodes)
Target sequences:                        836  (258396 residues searched)
Passed MSV filter:                        34  (0.0406699); expected 16.7 (0.02)
Passed bias filter:                       21  (0.0251196); expected 16.7 (0.02)
Passed Vit filter:                         3  (0.00358852); expected 0.8 (0.001)
Passed Fwd filter:                         0  (0); expected 0.0 (1e-05)
Initial search space (Z):                836  [actual number of targets]
Domain search space  (domZ):               0  [number of targets reported over threshold]
# CPU time: 0.01u 0.00s 00:00:00.01 Elapsed: 00:00:00.00
# Mc/sec: 13243.20
//
Query:       nifK-03292025  [M=490]
Scores for complete sequences (score includes all domains):
   --- full sequence ---   --- best 1 domain ---    -#dom-
    E-value  score  bias    E-value  score  bias    exp  N  Sequence Description
    ------- ------ -----    ------- ------ -----   ---- --  -------- -----------

   [No hits detected that satisfy reporting thresholds]


Domain annotation for each sequence (and alignments):

   [No targets detected that satisfy reporting thresholds]


Internal pipeline statistics summary:
-------------------------------------
Query model(s):                            1  (490 nodes)
Target sequences:                        836  (258396 residues searched)
Passed MSV filter:                        17  (0.0203349); expected 16.7 (0.02)
Passed bias filter:                       13  (0.0155502); expected 16.7 (0.02)
Passed Vit filter:                         0  (0); expected 0.8 (0.001)
Passed Fwd filter:                         0  (0); expected 0.0 (1e-05)
Initial search space (Z):                836  [actual number of targets]
Domain search space  (domZ):               0  [number of targets reported over threshold]
# CPU time: 0.00u 0.00s 00:00:00.00 Elapsed: 00:00:00.00
# Mc/sec: 17363.65
//
Query:       nifB-03292025  [M=505]
Scores for complete sequences (score includes all domains):
   --- full sequence ---   --- best 1 domain ---    -#dom-
    E-value  score  bias    E-value  score  bias    exp  N  Sequence Description
    ------- ------ -----    ------- ------ -----   ---- --  -------- -----------

   [No hits detected that satisfy reporting thresholds]


Domain annotation for each sequence (and alignments):

   [No targets detected that satisfy reporting thresholds]


Internal pipeline statistics summary:
-------------------------------------
Query model(s):                            1  (505 nodes)
Target sequences:                        836  (258396 residues searched)
Passed MSV filter:                        29  (0.034689); expected 16.7 (0.02)
Passed bias filter:                       23  (0.027512); expected 16.7 (0.02)
Passed Vit filter:                         3  (0.00358852); expected 0.8 (0.001)
Passed Fwd filter:                         0  (0); expected 0.0 (1e-05)
Initial search space (Z):                836  [actual number of targets]
Domain search space  (domZ):               0  [number of targets reported over threshold]
# CPU time: 0.01u 0.00s 00:00:00.01 Elapsed: 00:00:00.00
# Mc/sec: 13287.09
//
Query:       nifE-03292025  [M=556]
Scores for complete sequences (score includes all domains):
   --- full sequence ---   --- best 1 domain ---    -#dom-
    E-value  score  bias    E-value  score  bias    exp  N  Sequence Description
    ------- ------ -----    ------- ------ -----   ---- --  -------- -----------

   [No hits detected that satisfy reporting thresholds]


Domain annotation for each sequence (and alignments):

   [No targets detected that satisfy reporting thresholds]


Internal pipeline statistics summary:
-------------------------------------
Query model(s):                            1  (556 nodes)
Target sequences:                        836  (258396 residues searched)
Passed MSV filter:                        36  (0.0430622); expected 16.7 (0.02)
Passed bias filter:                       27  (0.0322967); expected 16.7 (0.02)
Passed Vit filter:                         1  (0.00119617); expected 0.8 (0.001)
Passed Fwd filter:                         0  (0); expected 0.0 (1e-05)
Initial search space (Z):                836  [actual number of targets]
Domain search space  (domZ):               0  [number of targets reported over threshold]
# CPU time: 0.01u 0.00s 00:00:00.01 Elapsed: 00:00:00.00
# Mc/sec: 15335.65
//
Query:       nifN-03292025  [M=700]
Scores for complete sequences (score includes all domains):
   --- full sequence ---   --- best 1 domain ---    -#dom-
    E-value  score  bias    E-value  score  bias    exp  N  Sequence Description
    ------- ------ -----    ------- ------ -----   ---- --  -------- -----------

   [No hits detected that satisfy reporting thresholds]


Domain annotation for each sequence (and alignments):

   [No targets detected that satisfy reporting thresholds]


Internal pipeline statistics summary:
-------------------------------------
Query model(s):                            1  (700 nodes)
Target sequences:                        836  (258396 residues searched)
Passed MSV filter:                        26  (0.0311005); expected 16.7 (0.02)
Passed bias filter:                       12  (0.0143541); expected 16.7 (0.02)
Passed Vit filter:                         1  (0.00119617); expected 0.8 (0.001)
Passed Fwd filter:                         0  (0); expected 0.0 (1e-05)
Initial search space (Z):                836  [actual number of targets]
Domain search space  (domZ):               0  [number of targets reported over threshold]
# CPU time: 0.00u 0.01s 00:00:00.01 Elapsed: 00:00:00.01
# Mc/sec: 17710.27
//
Query:       pchlide-04012025  [M=508]
Scores for complete sequences (score includes all domains):
   --- full sequence ---   --- best 1 domain ---    -#dom-
    E-value  score  bias    E-value  score  bias    exp  N  Sequence Description
    ------- ------ -----    ------- ------ -----   ---- --  -------- -----------

   [No hits detected that satisfy reporting thresholds]


Domain annotation for each sequence (and alignments):

   [No targets detected that satisfy reporting thresholds]


Internal pipeline statistics summary:
-------------------------------------
Query model(s):                            1  (508 nodes)
Target sequences:                        836  (258396 residues searched)
Passed MSV filter:                        26  (0.0311005); expected 16.7 (0.02)
Passed bias filter:                       22  (0.0263158); expected 16.7 (0.02)
Passed Vit filter:                         2  (0.00239234); expected 0.8 (0.001)
Passed Fwd filter:                         0  (0); expected 0.0 (1e-05)
Initial search space (Z):                836  [actual number of targets]
Domain search space  (domZ):               0  [number of targets reported over threshold]
# CPU time: 0.01u 0.00s 00:00:00.01 Elapsed: 00:00:00.00
# Mc/sec: 14136.07
//
[ok]
# hmmsearch :: search profile(s) against a sequence database
# HMMER 3.4 (Aug 2023); http://hmmer.org/
# Copyright (C) 2023 Howard Hughes Medical Institute.
# Freely distributed under the BSD open source license.
# - - - - - - - - - - - - - - - - - - - - - - - - - - - - - - - - - - - -
# query HMM file:                  ../HMMs/nifV_07242025.hmm
# target sequence database:        ../all_rep_proteins_aa/bacteria/GB_GCA_009787015.1_protein.faa
# - - - - - - - - - - - - - - - - - - - - - - - - - - - - - - - - - - - -

Query:       nifV-07242025  [M=437]
Scores for complete sequences (score includes all domains):
   --- full sequence ---   --- best 1 domain ---    -#dom-
    E-value  score  bias    E-value  score  bias    exp  N  Sequence Description
    ------- ------ -----    ------- ------ -----   ---- --  -------- -----------

   [No hits detected that satisfy reporting thresholds]


Domain annotation for each sequence (and alignments):

   [No targets detected that satisfy reporting thresholds]


Internal pipeline statistics summary:
-------------------------------------
Query model(s):                            1  (437 nodes)
Target sequences:                        836  (258396 residues searched)
Passed MSV filter:                        18  (0.0215311); expected 16.7 (0.02)
Passed bias filter:                       12  (0.0143541); expected 16.7 (0.02)
Passed Vit filter:                         0  (0); expected 0.8 (0.001)
Passed Fwd filter:                         0  (0); expected 0.0 (1e-05)
Initial search space (Z):                836  [actual number of targets]
Domain search space  (domZ):               0  [number of targets reported over threshold]
# CPU time: 0.01u 0.00s 00:00:00.01 Elapsed: 00:00:00.00
# Mc/sec: 18565.97
//
[ok]
