# hmmsearch :: search profile(s) against a sequence database
# HMMER 3.4 (Aug 2023); http://hmmer.org/
# Copyright (C) 2023 Howard Hughes Medical Institute.
# Freely distributed under the BSD open source license.
# - - - - - - - - - - - - - - - - - - - - - - - - - - - - - - - - - - - -
# query HMM file:                  ../HMMs/combined_nif_04012025.hmm
# target sequence database:        ../all_rep_proteins_aa/bacteria/GB_GCA_031267375.1_protein.faa
# - - - - - - - - - - - - - - - - - - - - - - - - - - - - - - - - - - - -

Query:       nifH-03292025  [M=327]
Scores for complete sequences (score includes all domains):
   --- full sequence ---   --- best 1 domain ---    -#dom-
    E-value  score  bias    E-value  score  bias    exp  N  Sequence            Description
    ------- ------ -----    ------- ------ -----   ---- --  --------            -----------
    9.6e-10   33.9   0.0    3.6e-06   22.1   0.0    2.1  2  JAIRZE010000106.1_3  # 1934 # 2701 # -1 # ID=63_3;partial=00;


Domain annotation for each sequence (and alignments):
>> JAIRZE010000106.1_3  # 1934 # 2701 # -1 # ID=63_3;partial=00;start_type=ATG;rbs_motif=AGGA;rbs_spacer=5-10bp;gc_cont=
   #    score  bias  c-Evalue  i-Evalue hmmfrom  hmm to    alifrom  ali to    envfrom  env to     acc
 ---   ------ ----- --------- --------- ------- -------    ------- -------    ------- -------    ----
   1 !   22.1   0.0   3.8e-09   3.6e-06      17      53 ..      11      47 ..       1      87 [. 0.74
   2 !    9.9   0.0     2e-05     0.019     148     254 ..     140     251 ..     138     253 .. 0.78

  Alignments for each domain:
  == domain 1  score: 22.1 bits;  conditional E-value: 3.8e-09
        nifH-03292025 17 KGGiGKSttasnlsaalaeegkkvlivGCdPKaDstr 53
                         KGG+GK tta n+ a la   k+vl v  dP   + +
  JAIRZE010000106.1_3 11 KGGVGKTTTAINIGASLAAIKKRVLLVDLDPQGNAGT 47
                         9******************************876654 PP

  == domain 2  score: 9.9 bits;  conditional E-value: 2e-05
        nifH-03292025 148 kadevyivtsgemmalYaanniakgikkyaee..ggvrlgGlicNsrkvdke.eelv.eefaeklgtqiiaf.vprsnevqkaelekktv 232
                           ad+v++   +e+ al     ++++i++++++   + ++ G++  + ++++  ++ v +++ ++ +++++++ vpr++ v +a  ++k  
  JAIRZE010000106.1_3 140 AADNVIVPLQCEFFALEGLQHLTNSISEIRKKwnPELEILGVLLTMYDKRNAlSKAVeDDVRAAARVRVFKTvVPRNTRVAEAPSHGKPA 229
                          58899999999*****99999******999994444555666665554444313344145666778888865379*************** PP

        nifH-03292025 233 ieaapdseqakeyreLakkile 254
                          + ++ +s+ a++y ++a++i e
  JAIRZE010000106.1_3 230 LFYDFNSPGAQAYLRVATEIVE 251
                          *******************986 PP



Internal pipeline statistics summary:
-------------------------------------
Query model(s):                            1  (327 nodes)
Target sequences:                        941  (265819 residues searched)
Passed MSV filter:                        42  (0.0446334); expected 18.8 (0.02)
Passed bias filter:                       33  (0.0350691); expected 18.8 (0.02)
Passed Vit filter:                         3  (0.0031881); expected 0.9 (0.001)
Passed Fwd filter:                         1  (0.0010627); expected 0.0 (1e-05)
Initial search space (Z):                941  [actual number of targets]
Domain search space  (domZ):               1  [number of targets reported over threshold]
# CPU time: 0.01u 0.00s 00:00:00.01 Elapsed: 00:00:00.00
# Mc/sec: 9683.39
//
Query:       nifD-03292025  [M=482]
Scores for complete sequences (score includes all domains):
   --- full sequence ---   --- best 1 domain ---    -#dom-
    E-value  score  bias    E-value  score  bias    exp  N  Sequence Description
    ------- ------ -----    ------- ------ -----   ---- --  -------- -----------

   [No hits detected that satisfy reporting thresholds]


Domain annotation for each sequence (and alignments):

   [No targets detected that satisfy reporting thresholds]


Internal pipeline statistics summary:
-------------------------------------
Query model(s):                            1  (482 nodes)
Target sequences:                        941  (265819 residues searched)
Passed MSV filter:                        29  (0.0308183); expected 18.8 (0.02)
Passed bias filter:                       17  (0.0180659); expected 18.8 (0.02)
Passed Vit filter:                         0  (0); expected 0.9 (0.001)
Passed Fwd filter:                         0  (0); expected 0.0 (1e-05)
Initial search space (Z):                941  [actual number of targets]
Domain search space  (domZ):               0  [number of targets reported over threshold]
# CPU time: 0.00u 0.00s 00:00:00.00 Elapsed: 00:00:00.00
# Mc/sec: 18245.25
//
Query:       nifK-03292025  [M=490]
Scores for complete sequences (score includes all domains):
   --- full sequence ---   --- best 1 domain ---    -#dom-
    E-value  score  bias    E-value  score  bias    exp  N  Sequence Description
    ------- ------ -----    ------- ------ -----   ---- --  -------- -----------

   [No hits detected that satisfy reporting thresholds]


Domain annotation for each sequence (and alignments):

   [No targets detected that satisfy reporting thresholds]


Internal pipeline statistics summary:
-------------------------------------
Query model(s):                            1  (490 nodes)
Target sequences:                        941  (265819 residues searched)
Passed MSV filter:                        28  (0.0297556); expected 18.8 (0.02)
Passed bias filter:                       20  (0.021254); expected 18.8 (0.02)
Passed Vit filter:                         0  (0); expected 0.9 (0.001)
Passed Fwd filter:                         0  (0); expected 0.0 (1e-05)
Initial search space (Z):                941  [actual number of targets]
Domain search space  (domZ):               0  [number of targets reported over threshold]
# CPU time: 0.00u 0.00s 00:00:00.00 Elapsed: 00:00:00.00
# Mc/sec: 16844.34
//
Query:       nifB-03292025  [M=505]
Scores for complete sequences (score includes all domains):
   --- full sequence ---   --- best 1 domain ---    -#dom-
    E-value  score  bias    E-value  score  bias    exp  N  Sequence Description
    ------- ------ -----    ------- ------ -----   ---- --  -------- -----------

   [No hits detected that satisfy reporting thresholds]


Domain annotation for each sequence (and alignments):

   [No targets detected that satisfy reporting thresholds]


Internal pipeline statistics summary:
-------------------------------------
Query model(s):                            1  (505 nodes)
Target sequences:                        941  (265819 residues searched)
Passed MSV filter:                        28  (0.0297556); expected 18.8 (0.02)
Passed bias filter:                       19  (0.0201913); expected 18.8 (0.02)
Passed Vit filter:                         2  (0.0021254); expected 0.9 (0.001)
Passed Fwd filter:                         0  (0); expected 0.0 (1e-05)
Initial search space (Z):                941  [actual number of targets]
Domain search space  (domZ):               0  [number of targets reported over threshold]
# CPU time: 0.01u 0.00s 00:00:00.01 Elapsed: 00:00:00.00
# Mc/sec: 15868.82
//
Query:       nifE-03292025  [M=556]
Scores for complete sequences (score includes all domains):
   --- full sequence ---   --- best 1 domain ---    -#dom-
    E-value  score  bias    E-value  score  bias    exp  N  Sequence Description
    ------- ------ -----    ------- ------ -----   ---- --  -------- -----------

   [No hits detected that satisfy reporting thresholds]


Domain annotation for each sequence (and alignments):

   [No targets detected that satisfy reporting thresholds]


Internal pipeline statistics summary:
-------------------------------------
Query model(s):                            1  (556 nodes)
Target sequences:                        941  (265819 residues searched)
Passed MSV filter:                        35  (0.0371945); expected 18.8 (0.02)
Passed bias filter:                       25  (0.0265675); expected 18.8 (0.02)
Passed Vit filter:                         2  (0.0021254); expected 0.9 (0.001)
Passed Fwd filter:                         0  (0); expected 0.0 (1e-05)
Initial search space (Z):                941  [actual number of targets]
Domain search space  (domZ):               0  [number of targets reported over threshold]
# CPU time: 0.01u 0.00s 00:00:00.01 Elapsed: 00:00:00.00
# Mc/sec: 15490.17
//
Query:       nifN-03292025  [M=700]
Scores for complete sequences (score includes all domains):
   --- full sequence ---   --- best 1 domain ---    -#dom-
    E-value  score  bias    E-value  score  bias    exp  N  Sequence Description
    ------- ------ -----    ------- ------ -----   ---- --  -------- -----------

   [No hits detected that satisfy reporting thresholds]


Domain annotation for each sequence (and alignments):

   [No targets detected that satisfy reporting thresholds]


Internal pipeline statistics summary:
-------------------------------------
Query model(s):                            1  (700 nodes)
Target sequences:                        941  (265819 residues searched)
Passed MSV filter:                        42  (0.0446334); expected 18.8 (0.02)
Passed bias filter:                       32  (0.0340064); expected 18.8 (0.02)
Passed Vit filter:                         2  (0.0021254); expected 0.9 (0.001)
Passed Fwd filter:                         0  (0); expected 0.0 (1e-05)
Initial search space (Z):                941  [actual number of targets]
Domain search space  (domZ):               0  [number of targets reported over threshold]
# CPU time: 0.01u 0.00s 00:00:00.01 Elapsed: 00:00:00.01
# Mc/sec: 15413.16
//
Query:       pchlide-04012025  [M=508]
Scores for complete sequences (score includes all domains):
   --- full sequence ---   --- best 1 domain ---    -#dom-
    E-value  score  bias    E-value  score  bias    exp  N  Sequence Description
    ------- ------ -----    ------- ------ -----   ---- --  -------- -----------

   [No hits detected that satisfy reporting thresholds]


Domain annotation for each sequence (and alignments):

   [No targets detected that satisfy reporting thresholds]


Internal pipeline statistics summary:
-------------------------------------
Query model(s):                            1  (508 nodes)
Target sequences:                        941  (265819 residues searched)
Passed MSV filter:                        29  (0.0308183); expected 18.8 (0.02)
Passed bias filter:                       24  (0.0255048); expected 18.8 (0.02)
Passed Vit filter:                         2  (0.0021254); expected 0.9 (0.001)
Passed Fwd filter:                         0  (0); expected 0.0 (1e-05)
Initial search space (Z):                941  [actual number of targets]
Domain search space  (domZ):               0  [number of targets reported over threshold]
# CPU time: 0.01u 0.00s 00:00:00.01 Elapsed: 00:00:00.00
# Mc/sec: 17102.38
//
[ok]
# hmmsearch :: search profile(s) against a sequence database
# HMMER 3.4 (Aug 2023); http://hmmer.org/
# Copyright (C) 2023 Howard Hughes Medical Institute.
# Freely distributed under the BSD open source license.
# - - - - - - - - - - - - - - - - - - - - - - - - - - - - - - - - - - - -
# query HMM file:                  ../HMMs/nifV_07242025.hmm
# target sequence database:        ../all_rep_proteins_aa/bacteria/GB_GCA_031267375.1_protein.faa
# - - - - - - - - - - - - - - - - - - - - - - - - - - - - - - - - - - - -

Query:       nifV-07242025  [M=437]
Scores for complete sequences (score includes all domains):
   --- full sequence ---   --- best 1 domain ---    -#dom-
    E-value  score  bias    E-value  score  bias    exp  N  Sequence Description
    ------- ------ -----    ------- ------ -----   ---- --  -------- -----------

   [No hits detected that satisfy reporting thresholds]


Domain annotation for each sequence (and alignments):

   [No targets detected that satisfy reporting thresholds]


Internal pipeline statistics summary:
-------------------------------------
Query model(s):                            1  (437 nodes)
Target sequences:                        941  (265819 residues searched)
Passed MSV filter:                        27  (0.0286929); expected 18.8 (0.02)
Passed bias filter:                       20  (0.021254); expected 18.8 (0.02)
Passed Vit filter:                         4  (0.0042508); expected 0.9 (0.001)
Passed Fwd filter:                         0  (0); expected 0.0 (1e-05)
Initial search space (Z):                941  [actual number of targets]
Domain search space  (domZ):               0  [number of targets reported over threshold]
# CPU time: 0.01u 0.00s 00:00:00.01 Elapsed: 00:00:00.00
# Mc/sec: 13794.80
//
[ok]
