# hmmsearch :: search profile(s) against a sequence database
# HMMER 3.4 (Aug 2023); http://hmmer.org/
# Copyright (C) 2023 Howard Hughes Medical Institute.
# Freely distributed under the BSD open source license.
# - - - - - - - - - - - - - - - - - - - - - - - - - - - - - - - - - - - -
# query HMM file:                  ../HMMs/combined_nif_04012025.hmm
# target sequence database:        ../all_rep_proteins_aa/bacteria/GB_GCA_026001225.1_protein.faa
# - - - - - - - - - - - - - - - - - - - - - - - - - - - - - - - - - - - -

Query:       nifH-03292025  [M=327]
Scores for complete sequences (score includes all domains):
   --- full sequence ---   --- best 1 domain ---    -#dom-
    E-value  score  bias    E-value  score  bias    exp  N  Sequence          Description
    ------- ------ -----    ------- ------ -----   ---- --  --------          -----------
      9e-15   51.5   0.7    1.6e-08   31.0   0.2    2.0  2  BNZQ01000036.1_16  # 10389 # 11156 # -1 # ID=36_16;partial=00
    5.7e-12   42.3   1.0    1.8e-05   20.9   0.0    2.1  2  BNZQ01000023.1_9   # 9096 # 9941 # 1 # ID=23_9;partial=00;sta
    1.6e-06   24.4   0.1    3.7e-06   23.1   0.1    1.6  2  BNZQ01000003.1_1   # 249 # 1043 # 1 # ID=3_1;partial=00;start


Domain annotation for each sequence (and alignments):
>> BNZQ01000036.1_16  # 10389 # 11156 # -1 # ID=36_16;partial=00;start_type=GTG;rbs_motif=AGGAG;rbs_spacer=5-10bp;gc_con
   #    score  bias  c-Evalue  i-Evalue hmmfrom  hmm to    alifrom  ali to    envfrom  env to     acc
 ---   ------ ----- --------- --------- ------- -------    ------- -------    ------- -------    ----
   1 !   31.0   0.2   2.4e-11   1.6e-08      16      83 ..       9      78 ..       1      89 [. 0.79
   2 !   19.3   0.0   8.3e-08   5.5e-05     148     253 ..     139     250 ..     136     255 .. 0.80

  Alignments for each domain:
  == domain 1  score: 31.0 bits;  conditional E-value: 2.4e-11
      nifH-03292025 16 GKGGiGKSttasnlsaalaeegkkvlivGCdPKaD..strlllggkaqktvldllrekgedleledvvke 83
                        KGG+GK tta+nl+  la++gk+vl v  dP     s    + + + +tvld +  +++ ++ + ++++
  BNZQ01000036.1_16  9 QKGGVGKTTTAANLAWGLAKRGKRVLAVDLDPQGNlsSGMGATIEDKTPTVLDFMGLTDTYAKADRIIQR 78
                       59******************************987224444456788999***99988887777777754 PP

  == domain 2  score: 19.3 bits;  conditional E-value: 8.3e-08
      nifH-03292025 148 kadevyivtsgemmalYaanniakgikkyaee.ggvrlgGlicNsr.kvdkeeelveefae...klgtqiia.fvprsnevqkaelekktvi 233
                         ade++i + +e+ +  a   ++ +++k++ +  + r +G++  ++ k ++ ee +++fae   ++gt++++ +++r   + +   ++k v+
  BNZQ01000036.1_16 139 AADEIIIPVNTEYYSWEAIEQLFVSVAKIRLHnPKLRYAGILITMIdKRRNAEEYMRKFAEaavRVGTRVFKtQIRRAALLGDLPSHGKSVF 230
                        599*************************986547788887655554144556667777765333799999863799999************* PP

      nifH-03292025 234 eaapdseqakeyreLakkil 253
                        e++p+s++a+ y ++ ++ l
  BNZQ01000036.1_16 231 EYKPNSNAAQDYADFVDEFL 250
                        ************99877655 PP

>> BNZQ01000023.1_9  # 9096 # 9941 # 1 # ID=23_9;partial=00;start_type=ATG;rbs_motif=AGGAG/GGAGG;rbs_spacer=11-12bp;gc_c
   #    score  bias  c-Evalue  i-Evalue hmmfrom  hmm to    alifrom  ali to    envfrom  env to     acc
 ---   ------ ----- --------- --------- ------- -------    ------- -------    ------- -------    ----
   1 !   20.1   0.2   4.7e-08   3.1e-05      17      71 ..      11      67 ..       2      88 .. 0.74
   2 !   20.9   0.0   2.7e-08   1.8e-05     149     273 ..     141     270 ..     138     280 .. 0.86

  Alignments for each domain:
  == domain 1  score: 20.1 bits;  conditional E-value: 4.7e-08
     nifH-03292025 17 KGGiGKSttasnlsaalaeegkkvlivGCdPKaDstrll..lggkaqktvldllrek 71
                      KGG+GK t   n++a +a +gkk ++v  dP    t+ l   ++k  +++ ++l + 
  BNZQ01000023.1_9 11 KGGVGKTTSCINVAAYVAIMGKKTVVVDIDPQGNLTSGLgiRKNKLTRSIYSMLIDD 67
                      9*******************************9988765114555555666665544 PP

  == domain 2  score: 20.9 bits;  conditional E-value: 2.7e-08
     nifH-03292025 149 adevyivtsgemmalYaanniakgikkyaee..ggvrlgGlicNsrkvdke..eelveefaeklgtqiia.fvprsnevqkaelekktvieaa 236
                       +d+v i + ge+ al     ++++ik ++++  ++  + G+i  + + +++   ++ ee+++ +g ++++ ++pr+ ++ +a   +  +++++
  BNZQ01000023.1_9 141 SDSVLIPIQGEFFALEGLSQLMNTIKLVKKHtnKTLDIEGVILTMFDPRSNivVSVAEEVTKLFGKKVFSiKIPRNIKLVEAPSYGLPILQYE 233
                       678999999**************9998887733667789****99988776224678999999999998648********************* PP

     nifH-03292025 237 pdseqakeyreLakkilenkklvipkplseeeleell 273
                       p+s+ a +y++L+++ l+ +++v++k +s+  l++ +
  BNZQ01000023.1_9 234 PRSNGALAYKALSEEFLQRNNEVFNKIVSDRALKKRI 270
                       *************************999999988755 PP

>> BNZQ01000003.1_1  # 249 # 1043 # 1 # ID=3_1;partial=00;start_type=ATG;rbs_motif=None;rbs_spacer=None;gc_cont=0.569
   #    score  bias  c-Evalue  i-Evalue hmmfrom  hmm to    alifrom  ali to    envfrom  env to     acc
 ---   ------ ----- --------- --------- ------- -------    ------- -------    ------- -------    ----
   1 !   23.1   0.1   5.6e-09   3.7e-06      15      42 ..       9      36 ..       1      40 [. 0.85
   2 ?   -2.4   0.0      0.33   2.2e+02     235     254 ..     218     237 ..     134     244 .. 0.59

  Alignments for each domain:
  == domain 1  score: 23.1 bits;  conditional E-value: 5.6e-09
     nifH-03292025 15 YGKGGiGKSttasnlsaalaeegkkvli 42
                       GKGG+GK t+++nl aala ++ kv+ 
  BNZQ01000003.1_1  9 SGKGGVGKTTVTANLGAALAAMDLKVVL 36
                      5************************975 PP

  == domain 2  score: -2.4 bits;  conditional E-value: 0.33
     nifH-03292025 235 aapdseqakeyreLakkile 254
                       a+ dse+++++r La+++++
  BNZQ01000003.1_1 218 ADRDSEAYAAFRILAQNLHH 237
                       45667777777777777665 PP



Internal pipeline statistics summary:
-------------------------------------
Query model(s):                            1  (327 nodes)
Target sequences:                       1980  (638125 residues searched)
Passed MSV filter:                        98  (0.0494949); expected 39.6 (0.02)
Passed bias filter:                       77  (0.0388889); expected 39.6 (0.02)
Passed Vit filter:                        15  (0.00757576); expected 2.0 (0.001)
Passed Fwd filter:                         3  (0.00151515); expected 0.0 (1e-05)
Initial search space (Z):               1980  [actual number of targets]
Domain search space  (domZ):               3  [number of targets reported over threshold]
# CPU time: 0.02u 0.00s 00:00:00.02 Elapsed: 00:00:00.01
# Mc/sec: 13233.70
//
Query:       nifD-03292025  [M=482]
Scores for complete sequences (score includes all domains):
   --- full sequence ---   --- best 1 domain ---    -#dom-
    E-value  score  bias    E-value  score  bias    exp  N  Sequence Description
    ------- ------ -----    ------- ------ -----   ---- --  -------- -----------

   [No hits detected that satisfy reporting thresholds]


Domain annotation for each sequence (and alignments):

   [No targets detected that satisfy reporting thresholds]


Internal pipeline statistics summary:
-------------------------------------
Query model(s):                            1  (482 nodes)
Target sequences:                       1980  (638125 residues searched)
Passed MSV filter:                        78  (0.0393939); expected 39.6 (0.02)
Passed bias filter:                       63  (0.0318182); expected 39.6 (0.02)
Passed Vit filter:                         6  (0.0030303); expected 2.0 (0.001)
Passed Fwd filter:                         0  (0); expected 0.0 (1e-05)
Initial search space (Z):               1980  [actual number of targets]
Domain search space  (domZ):               0  [number of targets reported over threshold]
# CPU time: 0.03u 0.00s 00:00:00.03 Elapsed: 00:00:00.01
# Mc/sec: 25175.89
//
Query:       nifK-03292025  [M=490]
Scores for complete sequences (score includes all domains):
   --- full sequence ---   --- best 1 domain ---    -#dom-
    E-value  score  bias    E-value  score  bias    exp  N  Sequence Description
    ------- ------ -----    ------- ------ -----   ---- --  -------- -----------

   [No hits detected that satisfy reporting thresholds]


Domain annotation for each sequence (and alignments):

   [No targets detected that satisfy reporting thresholds]


Internal pipeline statistics summary:
-------------------------------------
Query model(s):                            1  (490 nodes)
Target sequences:                       1980  (638125 residues searched)
Passed MSV filter:                        45  (0.0227273); expected 39.6 (0.02)
Passed bias filter:                       34  (0.0171717); expected 39.6 (0.02)
Passed Vit filter:                         0  (0); expected 2.0 (0.001)
Passed Fwd filter:                         0  (0); expected 0.0 (1e-05)
Initial search space (Z):               1980  [actual number of targets]
Domain search space  (domZ):               0  [number of targets reported over threshold]
# CPU time: 0.01u 0.00s 00:00:00.01 Elapsed: 00:00:00.00
# Mc/sec: 34920.31
//
Query:       nifB-03292025  [M=505]
Scores for complete sequences (score includes all domains):
   --- full sequence ---   --- best 1 domain ---    -#dom-
    E-value  score  bias    E-value  score  bias    exp  N  Sequence Description
    ------- ------ -----    ------- ------ -----   ---- --  -------- -----------

   [No hits detected that satisfy reporting thresholds]


Domain annotation for each sequence (and alignments):

   [No targets detected that satisfy reporting thresholds]


Internal pipeline statistics summary:
-------------------------------------
Query model(s):                            1  (505 nodes)
Target sequences:                       1980  (638125 residues searched)
Passed MSV filter:                        50  (0.0252525); expected 39.6 (0.02)
Passed bias filter:                       39  (0.019697); expected 39.6 (0.02)
Passed Vit filter:                         3  (0.00151515); expected 2.0 (0.001)
Passed Fwd filter:                         0  (0); expected 0.0 (1e-05)
Initial search space (Z):               1980  [actual number of targets]
Domain search space  (domZ):               0  [number of targets reported over threshold]
# CPU time: 0.02u 0.00s 00:00:00.02 Elapsed: 00:00:00.01
# Mc/sec: 27623.01
//
Query:       nifE-03292025  [M=556]
Scores for complete sequences (score includes all domains):
   --- full sequence ---   --- best 1 domain ---    -#dom-
    E-value  score  bias    E-value  score  bias    exp  N  Sequence Description
    ------- ------ -----    ------- ------ -----   ---- --  -------- -----------

   [No hits detected that satisfy reporting thresholds]


Domain annotation for each sequence (and alignments):

   [No targets detected that satisfy reporting thresholds]


Internal pipeline statistics summary:
-------------------------------------
Query model(s):                            1  (556 nodes)
Target sequences:                       1980  (638125 residues searched)
Passed MSV filter:                        85  (0.0429293); expected 39.6 (0.02)
Passed bias filter:                       65  (0.0328283); expected 39.6 (0.02)
Passed Vit filter:                         6  (0.0030303); expected 2.0 (0.001)
Passed Fwd filter:                         0  (0); expected 0.0 (1e-05)
Initial search space (Z):               1980  [actual number of targets]
Domain search space  (domZ):               0  [number of targets reported over threshold]
# CPU time: 0.03u 0.00s 00:00:00.03 Elapsed: 00:00:00.01
# Mc/sec: 24583.06
//
Query:       nifN-03292025  [M=700]
Scores for complete sequences (score includes all domains):
   --- full sequence ---   --- best 1 domain ---    -#dom-
    E-value  score  bias    E-value  score  bias    exp  N  Sequence Description
    ------- ------ -----    ------- ------ -----   ---- --  -------- -----------

   [No hits detected that satisfy reporting thresholds]


Domain annotation for each sequence (and alignments):

   [No targets detected that satisfy reporting thresholds]


Internal pipeline statistics summary:
-------------------------------------
Query model(s):                            1  (700 nodes)
Target sequences:                       1980  (638125 residues searched)
Passed MSV filter:                        72  (0.0363636); expected 39.6 (0.02)
Passed bias filter:                       55  (0.0277778); expected 39.6 (0.02)
Passed Vit filter:                         6  (0.0030303); expected 2.0 (0.001)
Passed Fwd filter:                         0  (0); expected 0.0 (1e-05)
Initial search space (Z):               1980  [actual number of targets]
Domain search space  (domZ):               0  [number of targets reported over threshold]
# CPU time: 0.03u 0.01s 00:00:00.04 Elapsed: 00:00:00.01
# Mc/sec: 25653.63
//
Query:       pchlide-04012025  [M=508]
Scores for complete sequences (score includes all domains):
   --- full sequence ---   --- best 1 domain ---    -#dom-
    E-value  score  bias    E-value  score  bias    exp  N  Sequence Description
    ------- ------ -----    ------- ------ -----   ---- --  -------- -----------

   [No hits detected that satisfy reporting thresholds]


Domain annotation for each sequence (and alignments):

   [No targets detected that satisfy reporting thresholds]


Internal pipeline statistics summary:
-------------------------------------
Query model(s):                            1  (508 nodes)
Target sequences:                       1980  (638125 residues searched)
Passed MSV filter:                        68  (0.0343434); expected 39.6 (0.02)
Passed bias filter:                       59  (0.029798); expected 39.6 (0.02)
Passed Vit filter:                         3  (0.00151515); expected 2.0 (0.001)
Passed Fwd filter:                         0  (0); expected 0.0 (1e-05)
Initial search space (Z):               1980  [actual number of targets]
Domain search space  (domZ):               0  [number of targets reported over threshold]
# CPU time: 0.02u 0.00s 00:00:00.02 Elapsed: 00:00:00.01
# Mc/sec: 25746.48
//
[ok]
# hmmsearch :: search profile(s) against a sequence database
# HMMER 3.4 (Aug 2023); http://hmmer.org/
# Copyright (C) 2023 Howard Hughes Medical Institute.
# Freely distributed under the BSD open source license.
# - - - - - - - - - - - - - - - - - - - - - - - - - - - - - - - - - - - -
# query HMM file:                  ../HMMs/nifV_07242025.hmm
# target sequence database:        ../all_rep_proteins_aa/bacteria/GB_GCA_026001225.1_protein.faa
# - - - - - - - - - - - - - - - - - - - - - - - - - - - - - - - - - - - -

Query:       nifV-07242025  [M=437]
Scores for complete sequences (score includes all domains):
   --- full sequence ---   --- best 1 domain ---    -#dom-
    E-value  score  bias    E-value  score  bias    exp  N  Sequence Description
    ------- ------ -----    ------- ------ -----   ---- --  -------- -----------

   [No hits detected that satisfy reporting thresholds]


Domain annotation for each sequence (and alignments):

   [No targets detected that satisfy reporting thresholds]


Internal pipeline statistics summary:
-------------------------------------
Query model(s):                            1  (437 nodes)
Target sequences:                       1980  (638125 residues searched)
Passed MSV filter:                        63  (0.0318182); expected 39.6 (0.02)
Passed bias filter:                       44  (0.0222222); expected 39.6 (0.02)
Passed Vit filter:                         4  (0.0020202); expected 2.0 (0.001)
Passed Fwd filter:                         0  (0); expected 0.0 (1e-05)
Initial search space (Z):               1980  [actual number of targets]
Domain search space  (domZ):               0  [number of targets reported over threshold]
# CPU time: 0.01u 0.00s 00:00:00.01 Elapsed: 00:00:00.01
# Mc/sec: 25165.31
//
[ok]
