# hmmsearch :: search profile(s) against a sequence database
# HMMER 3.4 (Aug 2023); http://hmmer.org/
# Copyright (C) 2023 Howard Hughes Medical Institute.
# Freely distributed under the BSD open source license.
# - - - - - - - - - - - - - - - - - - - - - - - - - - - - - - - - - - - -
# query HMM file:                  ../HMMs/combined_nif_04012025.hmm
# target sequence database:        ../all_rep_proteins_aa/bacteria/GB_GCA_014729445.1_protein.faa
# - - - - - - - - - - - - - - - - - - - - - - - - - - - - - - - - - - - -

Query:       nifH-03292025  [M=327]
Scores for complete sequences (score includes all domains):
   --- full sequence ---   --- best 1 domain ---    -#dom-
    E-value  score  bias    E-value  score  bias    exp  N  Sequence         Description
    ------- ------ -----    ------- ------ -----   ---- --  --------         -----------
    4.1e-12   42.0   0.0    7.5e-08   28.0   0.0    2.1  2  WJJX01000066.1_7  # 6666 # 7430 # 1 # ID=40_7;partial=00;star


Domain annotation for each sequence (and alignments):
>> WJJX01000066.1_7  # 6666 # 7430 # 1 # ID=40_7;partial=00;start_type=ATG;rbs_motif=TAA;rbs_spacer=11bp;gc_cont=0.396
   #    score  bias  c-Evalue  i-Evalue hmmfrom  hmm to    alifrom  ali to    envfrom  env to     acc
 ---   ------ ----- --------- --------- ------- -------    ------- -------    ------- -------    ----
   1 !   28.0   0.0   6.4e-11   7.5e-08      17      55 ..      11      49 ..       7      68 .. 0.91
   2 !   12.0   0.0   4.5e-06    0.0052     180     253 ..     174     250 ..     140     254 .. 0.73

  Alignments for each domain:
  == domain 1  score: 28.0 bits;  conditional E-value: 6.4e-11
     nifH-03292025 17 KGGiGKSttasnlsaalaeegkkvlivGCdPKaDstrll 55
                      KGG+GK tta nls  l++ gkkvl +  dP a +t+ +
  WJJX01000066.1_7 11 KGGVGKTTTAVNLSQYLSRYGKKVLLIDLDPQANATSGV 49
                      9*********************************99765 PP

  == domain 2  score: 12.0 bits;  conditional E-value: 4.5e-06
     nifH-03292025 180 ggvrlgGlicNs..rkvdkeeelveefaeklgtqiiaf.vprsnevqkaelekktvieaapdseqakeyreLakkil 253
                        g +++G +  +  ++ +  +++v+e+ e++  +++++ +pr+  +++a   ++t++++a  s+ ak+y +La++++
  WJJX01000066.1_7 174 PGLKIKGAVLTMfdKRNKLARQVVKEVNENFPGNVFETiIPRNVRLSEAPSYGETILNFARFSKGAKAYDNLARELI 250
                       45666666665511344556899999999999999875279********************************9976 PP



Internal pipeline statistics summary:
-------------------------------------
Query model(s):                            1  (327 nodes)
Target sequences:                       1174  (346005 residues searched)
Passed MSV filter:                        87  (0.0741056); expected 23.5 (0.02)
Passed bias filter:                       53  (0.0451448); expected 23.5 (0.02)
Passed Vit filter:                        10  (0.00851789); expected 1.2 (0.001)
Passed Fwd filter:                         1  (0.000851789); expected 0.0 (1e-05)
Initial search space (Z):               1174  [actual number of targets]
Domain search space  (domZ):               1  [number of targets reported over threshold]
# CPU time: 0.01u 0.00s 00:00:00.01 Elapsed: 00:00:00.01
# Mc/sec: 6352.15
//
Query:       nifD-03292025  [M=482]
Scores for complete sequences (score includes all domains):
   --- full sequence ---   --- best 1 domain ---    -#dom-
    E-value  score  bias    E-value  score  bias    exp  N  Sequence Description
    ------- ------ -----    ------- ------ -----   ---- --  -------- -----------

   [No hits detected that satisfy reporting thresholds]


Domain annotation for each sequence (and alignments):

   [No targets detected that satisfy reporting thresholds]


Internal pipeline statistics summary:
-------------------------------------
Query model(s):                            1  (482 nodes)
Target sequences:                       1174  (346005 residues searched)
Passed MSV filter:                        89  (0.0758092); expected 23.5 (0.02)
Passed bias filter:                       37  (0.0315162); expected 23.5 (0.02)
Passed Vit filter:                         2  (0.00170358); expected 1.2 (0.001)
Passed Fwd filter:                         0  (0); expected 0.0 (1e-05)
Initial search space (Z):               1174  [actual number of targets]
Domain search space  (domZ):               0  [number of targets reported over threshold]
# CPU time: 0.02u 0.00s 00:00:00.02 Elapsed: 00:00:00.01
# Mc/sec: 15180.31
//
Query:       nifK-03292025  [M=490]
Scores for complete sequences (score includes all domains):
   --- full sequence ---   --- best 1 domain ---    -#dom-
    E-value  score  bias    E-value  score  bias    exp  N  Sequence Description
    ------- ------ -----    ------- ------ -----   ---- --  -------- -----------

   [No hits detected that satisfy reporting thresholds]


Domain annotation for each sequence (and alignments):

   [No targets detected that satisfy reporting thresholds]


Internal pipeline statistics summary:
-------------------------------------
Query model(s):                            1  (490 nodes)
Target sequences:                       1174  (346005 residues searched)
Passed MSV filter:                        43  (0.0366269); expected 23.5 (0.02)
Passed bias filter:                       24  (0.0204429); expected 23.5 (0.02)
Passed Vit filter:                         2  (0.00170358); expected 1.2 (0.001)
Passed Fwd filter:                         0  (0); expected 0.0 (1e-05)
Initial search space (Z):               1174  [actual number of targets]
Domain search space  (domZ):               0  [number of targets reported over threshold]
# CPU time: 0.01u 0.01s 00:00:00.02 Elapsed: 00:00:00.00
# Mc/sec: 18423.01
//
Query:       nifB-03292025  [M=505]
Scores for complete sequences (score includes all domains):
   --- full sequence ---   --- best 1 domain ---    -#dom-
    E-value  score  bias    E-value  score  bias    exp  N  Sequence         Description
    ------- ------ -----    ------- ------ -----   ---- --  --------         -----------
     0.0013   13.3   0.0     0.0021   12.6   0.0    1.3  1  WJJX01000106.1_2  # 335 # 1480 # -1 # ID=86_2;partial=00;star


Domain annotation for each sequence (and alignments):
>> WJJX01000106.1_2  # 335 # 1480 # -1 # ID=86_2;partial=00;start_type=ATG;rbs_motif=TAA;rbs_spacer=8bp;gc_cont=0.365
   #    score  bias  c-Evalue  i-Evalue hmmfrom  hmm to    alifrom  ali to    envfrom  env to     acc
 ---   ------ ----- --------- --------- ------- -------    ------- -------    ------- -------    ----
   1 !   12.6   0.0   1.8e-06    0.0021      79     207 ..      82     199 ..      74     216 .. 0.74

  Alignments for each domain:
  == domain 1  score: 12.6 bits;  conditional E-value: 1.8e-06
     nifB-03292025  79 mHvavApaCNiqCnyCnRkydCanEsRPGvvsevLtpeqavkkvkavaaeipqlsVvGiAGPGDalanpektfetlelvkeeapdlkl.Clst 170
                       m  av ++CN +C +C+   d    +R       L+ ++  + v++ a+e+  +sV+   G G++l+  +    +l+ +k+   dl    l t
  WJJX01000106.1_2  82 MSFAVTSKCNAACSHCSFFDDSKMKKRR-----DLSTKE-CRSVIKEAQEMG-VSVINFVG-GEPLIRND----FLKILKSVDKDLSTaILFT 162
                       7789************987777666663.....444444.344444444544.57777777.99999766....566666666666541578* PP

     nifB-03292025 171 NGLaLpeyvdelaelnvdhvtvTiNavdpeigakiyp 207
                       NG  L e++  l++ ++d v v + +++++   ki +
  WJJX01000106.1_2 163 NGTRLKEKAFSLKKAGLDGVYVSLDSIHAKKHDKIRN 199
                       ***************************9998888865 PP



Internal pipeline statistics summary:
-------------------------------------
Query model(s):                            1  (505 nodes)
Target sequences:                       1174  (346005 residues searched)
Passed MSV filter:                        62  (0.0528109); expected 23.5 (0.02)
Passed bias filter:                       32  (0.0272572); expected 23.5 (0.02)
Passed Vit filter:                         3  (0.00255537); expected 1.2 (0.001)
Passed Fwd filter:                         1  (0.000851789); expected 0.0 (1e-05)
Initial search space (Z):               1174  [actual number of targets]
Domain search space  (domZ):               1  [number of targets reported over threshold]
# CPU time: 0.02u 0.00s 00:00:00.02 Elapsed: 00:00:00.01
# Mc/sec: 11539.54
//
Query:       nifE-03292025  [M=556]
Scores for complete sequences (score includes all domains):
   --- full sequence ---   --- best 1 domain ---    -#dom-
    E-value  score  bias    E-value  score  bias    exp  N  Sequence Description
    ------- ------ -----    ------- ------ -----   ---- --  -------- -----------

   [No hits detected that satisfy reporting thresholds]


Domain annotation for each sequence (and alignments):

   [No targets detected that satisfy reporting thresholds]


Internal pipeline statistics summary:
-------------------------------------
Query model(s):                            1  (556 nodes)
Target sequences:                       1174  (346005 residues searched)
Passed MSV filter:                        77  (0.0655877); expected 23.5 (0.02)
Passed bias filter:                       36  (0.0306644); expected 23.5 (0.02)
Passed Vit filter:                         2  (0.00170358); expected 1.2 (0.001)
Passed Fwd filter:                         0  (0); expected 0.0 (1e-05)
Initial search space (Z):               1174  [actual number of targets]
Domain search space  (domZ):               0  [number of targets reported over threshold]
# CPU time: 0.01u 0.00s 00:00:00.01 Elapsed: 00:00:00.01
# Mc/sec: 15861.82
//
Query:       nifN-03292025  [M=700]
Scores for complete sequences (score includes all domains):
   --- full sequence ---   --- best 1 domain ---    -#dom-
    E-value  score  bias    E-value  score  bias    exp  N  Sequence Description
    ------- ------ -----    ------- ------ -----   ---- --  -------- -----------

   [No hits detected that satisfy reporting thresholds]


Domain annotation for each sequence (and alignments):

   [No targets detected that satisfy reporting thresholds]


Internal pipeline statistics summary:
-------------------------------------
Query model(s):                            1  (700 nodes)
Target sequences:                       1174  (346005 residues searched)
Passed MSV filter:                        63  (0.0536627); expected 23.5 (0.02)
Passed bias filter:                       40  (0.0340716); expected 23.5 (0.02)
Passed Vit filter:                         1  (0.000851789); expected 1.2 (0.001)
Passed Fwd filter:                         0  (0); expected 0.0 (1e-05)
Initial search space (Z):               1174  [actual number of targets]
Domain search space  (domZ):               0  [number of targets reported over threshold]
# CPU time: 0.02u 0.00s 00:00:00.02 Elapsed: 00:00:00.01
# Mc/sec: 17969.59
//
Query:       pchlide-04012025  [M=508]
Scores for complete sequences (score includes all domains):
   --- full sequence ---   --- best 1 domain ---    -#dom-
    E-value  score  bias    E-value  score  bias    exp  N  Sequence Description
    ------- ------ -----    ------- ------ -----   ---- --  -------- -----------

   [No hits detected that satisfy reporting thresholds]


Domain annotation for each sequence (and alignments):

   [No targets detected that satisfy reporting thresholds]


Internal pipeline statistics summary:
-------------------------------------
Query model(s):                            1  (508 nodes)
Target sequences:                       1174  (346005 residues searched)
Passed MSV filter:                        37  (0.0315162); expected 23.5 (0.02)
Passed bias filter:                       30  (0.0255537); expected 23.5 (0.02)
Passed Vit filter:                         1  (0.000851789); expected 1.2 (0.001)
Passed Fwd filter:                         0  (0); expected 0.0 (1e-05)
Initial search space (Z):               1174  [actual number of targets]
Domain search space  (domZ):               0  [number of targets reported over threshold]
# CPU time: 0.01u 0.00s 00:00:00.01 Elapsed: 00:00:00.01
# Mc/sec: 17140.45
//
[ok]
# hmmsearch :: search profile(s) against a sequence database
# HMMER 3.4 (Aug 2023); http://hmmer.org/
# Copyright (C) 2023 Howard Hughes Medical Institute.
# Freely distributed under the BSD open source license.
# - - - - - - - - - - - - - - - - - - - - - - - - - - - - - - - - - - - -
# query HMM file:                  ../HMMs/nifV_07242025.hmm
# target sequence database:        ../all_rep_proteins_aa/bacteria/GB_GCA_014729445.1_protein.faa
# - - - - - - - - - - - - - - - - - - - - - - - - - - - - - - - - - - - -

Query:       nifV-07242025  [M=437]
Scores for complete sequences (score includes all domains):
   --- full sequence ---   --- best 1 domain ---    -#dom-
    E-value  score  bias    E-value  score  bias    exp  N  Sequence Description
    ------- ------ -----    ------- ------ -----   ---- --  -------- -----------

   [No hits detected that satisfy reporting thresholds]


Domain annotation for each sequence (and alignments):

   [No targets detected that satisfy reporting thresholds]


Internal pipeline statistics summary:
-------------------------------------
Query model(s):                            1  (437 nodes)
Target sequences:                       1174  (346005 residues searched)
Passed MSV filter:                        33  (0.028109); expected 23.5 (0.02)
Passed bias filter:                       25  (0.0212947); expected 23.5 (0.02)
Passed Vit filter:                         2  (0.00170358); expected 1.2 (0.001)
Passed Fwd filter:                         0  (0); expected 0.0 (1e-05)
Initial search space (Z):               1174  [actual number of targets]
Domain search space  (domZ):               0  [number of targets reported over threshold]
# CPU time: 0.01u 0.00s 00:00:00.01 Elapsed: 00:00:00.00
# Mc/sec: 17505.40
//
[ok]
