# hmmsearch :: search profile(s) against a sequence database
# HMMER 3.4 (Aug 2023); http://hmmer.org/
# Copyright (C) 2023 Howard Hughes Medical Institute.
# Freely distributed under the BSD open source license.
# - - - - - - - - - - - - - - - - - - - - - - - - - - - - - - - - - - - -
# query HMM file:                  ../HMMs/combined_nif_04012025.hmm
# target sequence database:        ../all_rep_proteins_aa/bacteria/RS_GCF_000215485.1_protein.faa
# - - - - - - - - - - - - - - - - - - - - - - - - - - - - - - - - - - - -

Query:       nifH-03292025  [M=327]
Scores for complete sequences (score includes all domains):
   --- full sequence ---   --- best 1 domain ---    -#dom-
    E-value  score  bias    E-value  score  bias    exp  N  Sequence            Description
    ------- ------ -----    ------- ------ -----   ---- --  --------            -----------
    8.6e-12   40.9   0.3    7.1e-06   21.5   0.0    2.1  2  NZ_AFMS01000151.1_7  # 6634 # 7443 # 1 # ID=54_7;partial=00;s
    9.8e-06   21.0   0.1    1.9e-05   20.0   0.1    1.5  1  NZ_AFMS01000043.1_5  # 3153 # 4184 # -1 # ID=162_5;partial=00


Domain annotation for each sequence (and alignments):
>> NZ_AFMS01000151.1_7  # 6634 # 7443 # 1 # ID=54_7;partial=00;start_type=ATG;rbs_motif=GGA/GAG/AGG;rbs_spacer=11-12bp;g
   #    score  bias  c-Evalue  i-Evalue hmmfrom  hmm to    alifrom  ali to    envfrom  env to     acc
 ---   ------ ----- --------- --------- ------- -------    ------- -------    ------- -------    ----
   1 !   21.5   0.0   1.2e-08   7.1e-06      17      53 ..      11      47 ..       5      66 .. 0.93
   2 !   17.6   0.1   1.8e-07   0.00011     149     260 ..     140     256 ..     137     267 .. 0.83

  Alignments for each domain:
  == domain 1  score: 21.5 bits;  conditional E-value: 1.2e-08
        nifH-03292025 17 KGGiGKSttasnlsaalaeegkkvlivGCdPKaDstr 53
                         KGG+GK tt+ nl++a+a  gk+ l+v  dP   s++
  NZ_AFMS01000151.1_7 11 KGGVGKTTTSINLATAFAVVGKSTLMVDLDPQGNSSS 47
                         9******************************999876 PP

  == domain 2  score: 17.6 bits;  conditional E-value: 1.8e-07
        nifH-03292025 149 adevyivtsgemmalYaanniakgikkyaee..ggvrlgGlicNs..rkvdkeeelveefaeklgtqiiaf.vprsnevqkaelekktvi 233
                          a++v+i + +e+ al     ++k+++ ++++   + ++ G++  +  r+ +  e++ e++ e+l+ ++ ++ +pr+  +++a  ++k  i
  NZ_AFMS01000151.1_7 140 AHSVIIPMQCEFFALEGLKHLMKTVNLVKKRlnPSLTIEGILLTMydRRNNLSEQVEENIREHLRENVYKTvIPRNVRLSEAPSHGKPAI 229
                          7899999*******************999994445667898876511555556777788899999999876269**************** PP

        nifH-03292025 234 eaapdseqakeyreLakkilenkklvi 260
                           ++ +++  ++y  Lak+ile++++v 
  NZ_AFMS01000151.1_7 230 IYDYKCPGSQSYIYLAKEILEQQNRVQ 256
                          *********************998775 PP

>> NZ_AFMS01000043.1_5  # 3153 # 4184 # -1 # ID=162_5;partial=00;start_type=ATG;rbs_motif=None;rbs_spacer=None;gc_cont=0
   #    score  bias  c-Evalue  i-Evalue hmmfrom  hmm to    alifrom  ali to    envfrom  env to     acc
 ---   ------ ----- --------- --------- ------- -------    ------- -------    ------- -------    ----
   1 !   20.0   0.1   3.3e-08   1.9e-05      14      46 ..     101     133 ..      89     151 .. 0.84

  Alignments for each domain:
  == domain 1  score: 20.0 bits;  conditional E-value: 3.3e-08
        nifH-03292025  14 iYGKGGiGKSttasnlsaalaeegkkvlivGCd 46 
                          + GKGG+GKSt+a++++  l ++g+kv  v  d
  NZ_AFMS01000043.1_5 101 VSGKGGVGKSTVATQIALSLVRRGYKVALVDVD 133
                          67*************************988666 PP



Internal pipeline statistics summary:
-------------------------------------
Query model(s):                            1  (327 nodes)
Target sequences:                       1158  (329736 residues searched)
Passed MSV filter:                        58  (0.0500864); expected 23.2 (0.02)
Passed bias filter:                       49  (0.0423143); expected 23.2 (0.02)
Passed Vit filter:                        11  (0.00949914); expected 1.2 (0.001)
Passed Fwd filter:                         2  (0.00172712); expected 0.0 (1e-05)
Initial search space (Z):               1158  [actual number of targets]
Domain search space  (domZ):               2  [number of targets reported over threshold]
# CPU time: 0.01u 0.00s 00:00:00.01 Elapsed: 00:00:00.01
# Mc/sec: 7788.33
//
Query:       nifD-03292025  [M=482]
Scores for complete sequences (score includes all domains):
   --- full sequence ---   --- best 1 domain ---    -#dom-
    E-value  score  bias    E-value  score  bias    exp  N  Sequence Description
    ------- ------ -----    ------- ------ -----   ---- --  -------- -----------

   [No hits detected that satisfy reporting thresholds]


Domain annotation for each sequence (and alignments):

   [No targets detected that satisfy reporting thresholds]


Internal pipeline statistics summary:
-------------------------------------
Query model(s):                            1  (482 nodes)
Target sequences:                       1158  (329736 residues searched)
Passed MSV filter:                        40  (0.0345423); expected 23.2 (0.02)
Passed bias filter:                       31  (0.0267703); expected 23.2 (0.02)
Passed Vit filter:                         2  (0.00172712); expected 1.2 (0.001)
Passed Fwd filter:                         0  (0); expected 0.0 (1e-05)
Initial search space (Z):               1158  [actual number of targets]
Domain search space  (domZ):               0  [number of targets reported over threshold]
# CPU time: 0.01u 0.00s 00:00:00.01 Elapsed: 00:00:00.01
# Mc/sec: 14758.62
//
Query:       nifK-03292025  [M=490]
Scores for complete sequences (score includes all domains):
   --- full sequence ---   --- best 1 domain ---    -#dom-
    E-value  score  bias    E-value  score  bias    exp  N  Sequence Description
    ------- ------ -----    ------- ------ -----   ---- --  -------- -----------

   [No hits detected that satisfy reporting thresholds]


Domain annotation for each sequence (and alignments):

   [No targets detected that satisfy reporting thresholds]


Internal pipeline statistics summary:
-------------------------------------
Query model(s):                            1  (490 nodes)
Target sequences:                       1158  (329736 residues searched)
Passed MSV filter:                        32  (0.0276339); expected 23.2 (0.02)
Passed bias filter:                       31  (0.0267703); expected 23.2 (0.02)
Passed Vit filter:                         2  (0.00172712); expected 1.2 (0.001)
Passed Fwd filter:                         0  (0); expected 0.0 (1e-05)
Initial search space (Z):               1158  [actual number of targets]
Domain search space  (domZ):               0  [number of targets reported over threshold]
# CPU time: 0.01u 0.00s 00:00:00.01 Elapsed: 00:00:00.00
# Mc/sec: 16184.45
//
Query:       nifB-03292025  [M=505]
Scores for complete sequences (score includes all domains):
   --- full sequence ---   --- best 1 domain ---    -#dom-
    E-value  score  bias    E-value  score  bias    exp  N  Sequence Description
    ------- ------ -----    ------- ------ -----   ---- --  -------- -----------

   [No hits detected that satisfy reporting thresholds]


Domain annotation for each sequence (and alignments):

   [No targets detected that satisfy reporting thresholds]


Internal pipeline statistics summary:
-------------------------------------
Query model(s):                            1  (505 nodes)
Target sequences:                       1158  (329736 residues searched)
Passed MSV filter:                        34  (0.029361); expected 23.2 (0.02)
Passed bias filter:                       28  (0.0241796); expected 23.2 (0.02)
Passed Vit filter:                         2  (0.00172712); expected 1.2 (0.001)
Passed Fwd filter:                         0  (0); expected 0.0 (1e-05)
Initial search space (Z):               1158  [actual number of targets]
Domain search space  (domZ):               0  [number of targets reported over threshold]
# CPU time: 0.01u 0.00s 00:00:00.01 Elapsed: 00:00:00.01
# Mc/sec: 15994.29
//
Query:       nifE-03292025  [M=556]
Scores for complete sequences (score includes all domains):
   --- full sequence ---   --- best 1 domain ---    -#dom-
    E-value  score  bias    E-value  score  bias    exp  N  Sequence Description
    ------- ------ -----    ------- ------ -----   ---- --  -------- -----------

   [No hits detected that satisfy reporting thresholds]


Domain annotation for each sequence (and alignments):

   [No targets detected that satisfy reporting thresholds]


Internal pipeline statistics summary:
-------------------------------------
Query model(s):                            1  (556 nodes)
Target sequences:                       1158  (329736 residues searched)
Passed MSV filter:                        50  (0.0431779); expected 23.2 (0.02)
Passed bias filter:                       36  (0.0310881); expected 23.2 (0.02)
Passed Vit filter:                         5  (0.00431779); expected 1.2 (0.001)
Passed Fwd filter:                         0  (0); expected 0.0 (1e-05)
Initial search space (Z):               1158  [actual number of targets]
Domain search space  (domZ):               0  [number of targets reported over threshold]
# CPU time: 0.02u 0.00s 00:00:00.02 Elapsed: 00:00:00.01
# Mc/sec: 12600.35
//
Query:       nifN-03292025  [M=700]
Scores for complete sequences (score includes all domains):
   --- full sequence ---   --- best 1 domain ---    -#dom-
    E-value  score  bias    E-value  score  bias    exp  N  Sequence Description
    ------- ------ -----    ------- ------ -----   ---- --  -------- -----------

   [No hits detected that satisfy reporting thresholds]


Domain annotation for each sequence (and alignments):

   [No targets detected that satisfy reporting thresholds]


Internal pipeline statistics summary:
-------------------------------------
Query model(s):                            1  (700 nodes)
Target sequences:                       1158  (329736 residues searched)
Passed MSV filter:                        39  (0.0336788); expected 23.2 (0.02)
Passed bias filter:                       26  (0.0224525); expected 23.2 (0.02)
Passed Vit filter:                         2  (0.00172712); expected 1.2 (0.001)
Passed Fwd filter:                         0  (0); expected 0.0 (1e-05)
Initial search space (Z):               1158  [actual number of targets]
Domain search space  (domZ):               0  [number of targets reported over threshold]
# CPU time: 0.02u 0.00s 00:00:00.02 Elapsed: 00:00:00.01
# Mc/sec: 19848.52
//
Query:       pchlide-04012025  [M=508]
Scores for complete sequences (score includes all domains):
   --- full sequence ---   --- best 1 domain ---    -#dom-
    E-value  score  bias    E-value  score  bias    exp  N  Sequence Description
    ------- ------ -----    ------- ------ -----   ---- --  -------- -----------

   [No hits detected that satisfy reporting thresholds]


Domain annotation for each sequence (and alignments):

   [No targets detected that satisfy reporting thresholds]


Internal pipeline statistics summary:
-------------------------------------
Query model(s):                            1  (508 nodes)
Target sequences:                       1158  (329736 residues searched)
Passed MSV filter:                        43  (0.037133); expected 23.2 (0.02)
Passed bias filter:                       37  (0.0319516); expected 23.2 (0.02)
Passed Vit filter:                         1  (0.000863558); expected 1.2 (0.001)
Passed Fwd filter:                         0  (0); expected 0.0 (1e-05)
Initial search space (Z):               1158  [actual number of targets]
Domain search space  (domZ):               0  [number of targets reported over threshold]
# CPU time: 0.01u 0.00s 00:00:00.01 Elapsed: 00:00:00.01
# Mc/sec: 14902.54
//
[ok]
# hmmsearch :: search profile(s) against a sequence database
# HMMER 3.4 (Aug 2023); http://hmmer.org/
# Copyright (C) 2023 Howard Hughes Medical Institute.
# Freely distributed under the BSD open source license.
# - - - - - - - - - - - - - - - - - - - - - - - - - - - - - - - - - - - -
# query HMM file:                  ../HMMs/nifV_07242025.hmm
# target sequence database:        ../all_rep_proteins_aa/bacteria/RS_GCF_000215485.1_protein.faa
# - - - - - - - - - - - - - - - - - - - - - - - - - - - - - - - - - - - -

Query:       nifV-07242025  [M=437]
Scores for complete sequences (score includes all domains):
   --- full sequence ---   --- best 1 domain ---    -#dom-
    E-value  score  bias    E-value  score  bias    exp  N  Sequence Description
    ------- ------ -----    ------- ------ -----   ---- --  -------- -----------

   [No hits detected that satisfy reporting thresholds]


Domain annotation for each sequence (and alignments):

   [No targets detected that satisfy reporting thresholds]


Internal pipeline statistics summary:
-------------------------------------
Query model(s):                            1  (437 nodes)
Target sequences:                       1158  (329736 residues searched)
Passed MSV filter:                        41  (0.0354059); expected 23.2 (0.02)
Passed bias filter:                       19  (0.0164076); expected 23.2 (0.02)
Passed Vit filter:                         2  (0.00172712); expected 1.2 (0.001)
Passed Fwd filter:                         0  (0); expected 0.0 (1e-05)
Initial search space (Z):               1158  [actual number of targets]
Domain search space  (domZ):               0  [number of targets reported over threshold]
# CPU time: 0.01u 0.00s 00:00:00.01 Elapsed: 00:00:00.00
# Mc/sec: 18013.74
//
[ok]
