# hmmsearch :: search profile(s) against a sequence database
# HMMER 3.4 (Aug 2023); http://hmmer.org/
# Copyright (C) 2023 Howard Hughes Medical Institute.
# Freely distributed under the BSD open source license.
# - - - - - - - - - - - - - - - - - - - - - - - - - - - - - - - - - - - -
# query HMM file:                  ../HMMs/combined_nif_04012025.hmm
# target sequence database:        ../all_rep_proteins_aa/bacteria/RS_GCF_000420365.1_protein.faa
# - - - - - - - - - - - - - - - - - - - - - - - - - - - - - - - - - - - -

Query:       nifH-03292025  [M=327]
Scores for complete sequences (score includes all domains):
   --- full sequence ---   --- best 1 domain ---    -#dom-
    E-value  score  bias    E-value  score  bias    exp  N  Sequence              Description
    ------- ------ -----    ------- ------ -----   ---- --  --------              -----------
    2.6e-13   46.1   0.1    1.4e-06   23.9   0.2    2.1  2  NZ_ATUU01000002.1_353  # 345142 # 345909 # -1 # ID=2_353;part
     0.0019   13.7   0.0     0.0029   13.1   0.0    1.3  1  NZ_ATUU01000004.1_96   # 105546 # 106271 # 1 # ID=4_96;partia
     0.0028   13.1   0.1     0.0051   12.3   0.1    1.3  1  NZ_ATUU01000002.1_123  # 126453 # 127826 # -1 # ID=2_123;part


Domain annotation for each sequence (and alignments):
>> NZ_ATUU01000002.1_353  # 345142 # 345909 # -1 # ID=2_353;partial=00;start_type=ATG;rbs_motif=GGA/GAG/AGG;rbs_spacer=5
   #    score  bias  c-Evalue  i-Evalue hmmfrom  hmm to    alifrom  ali to    envfrom  env to     acc
 ---   ------ ----- --------- --------- ------- -------    ------- -------    ------- -------    ----
   1 !   23.9   0.2   3.3e-09   1.4e-06      17      70 ..      11      66 ..       5      86 .. 0.79
   2 !   20.0   0.0     5e-08   2.2e-05     148     254 ..     140     251 ..     137     254 .. 0.83

  Alignments for each domain:
  == domain 1  score: 23.9 bits;  conditional E-value: 3.3e-09
          nifH-03292025 17 KGGiGKSttasnlsaalaeegkkvlivGCdPKaDst..rlllggkaqktvldllre 70
                           KGG+GK tt+ nl a la+ gkkvli+  d    +t  + + ++  +k v d+l +
  NZ_ATUU01000002.1_353 11 KGGVGKTTTTINLGASLATLGKKVLIIDTDAQGNATsgSGIQKSAIEKDVYDVLVH 66
                           9**************************99987665511456666666777776655 PP

  == domain 2  score: 20.0 bits;  conditional E-value: 5e-08
          nifH-03292025 148 kadevyivtsgemmalYaanniakgikkyaee..ggvrlgGlicNsrk..vdkeeelveefaeklgtqiia.fvprsnevqkaelekk 230
                             ad++ i + +e+ al     +++ +k ++++   + ++ G++  + +  ++  +e+v+++ + +gt++ + ++pr+  +++a  ++ 
  NZ_ATUU01000002.1_353 140 AADSILIPVQAEYYALEGLGQLMNNMKLVKQHfnPDLEVEGVLLTMVDgrTNLSTEVVDNVRDYFGTDVYQtTIPRNVRLSEAPSHGL 227
                            57888888889999988888888887777776446678889888877511556789*************8637*************** PP

          nifH-03292025 231 tvieaapdseqakeyreLakkile 254
                             +i+++p+s+ a+ y++Lak++l+
  NZ_ATUU01000002.1_353 228 SIIDYDPKSKGAEVYMDLAKEVLA 251
                            ********************9975 PP

>> NZ_ATUU01000004.1_96  # 105546 # 106271 # 1 # ID=4_96;partial=00;start_type=ATG;rbs_motif=GGAG/GAGG;rbs_spacer=5-10bp
   #    score  bias  c-Evalue  i-Evalue hmmfrom  hmm to    alifrom  ali to    envfrom  env to     acc
 ---   ------ ----- --------- --------- ------- -------    ------- -------    ------- -------    ----
   1 !   13.1   0.0   6.6e-06    0.0029      21      66 ..      65     113 ..      50     139 .. 0.84

  Alignments for each domain:
  == domain 1  score: 13.1 bits;  conditional E-value: 6.6e-06
         nifH-03292025  21 GKSttasnlsaalaeegkkvlivGCd...PKaDstrlllggkaqktvld 66 
                           GKSt+a+n++ + a++gk+vl v  d   P a st  + +++  +++l 
  NZ_ATUU01000004.1_96  65 GKSTVAANIAITWAQAGKSVLLVDADlrrPTAHSTFDIPNTRGLTSILA 113
                           9**********************99988888888888887777777765 PP

>> NZ_ATUU01000002.1_123  # 126453 # 127826 # -1 # ID=2_123;partial=00;start_type=ATG;rbs_motif=GGAG/GAGG;rbs_spacer=5-1
   #    score  bias  c-Evalue  i-Evalue hmmfrom  hmm to    alifrom  ali to    envfrom  env to     acc
 ---   ------ ----- --------- --------- ------- -------    ------- -------    ------- -------    ----
   1 !   12.3   0.1   1.2e-05    0.0051      16      43 ..      97     124 ..      92     128 .. 0.91

  Alignments for each domain:
  == domain 1  score: 12.3 bits;  conditional E-value: 1.2e-05
          nifH-03292025  16 GKGGiGKSttasnlsaalaeegkkvliv 43 
                            G  GiGKSt   ++s al+++g+++l v
  NZ_ATUU01000002.1_123  97 GDPGIGKSTLLLQVSGALSKQGRRILYV 124
                            788**********************987 PP



Internal pipeline statistics summary:
-------------------------------------
Query model(s):                            1  (327 nodes)
Target sequences:                       1326  (406803 residues searched)
Passed MSV filter:                        78  (0.0588235); expected 26.5 (0.02)
Passed bias filter:                       60  (0.0452489); expected 26.5 (0.02)
Passed Vit filter:                        13  (0.00980392); expected 1.3 (0.001)
Passed Fwd filter:                         3  (0.00226244); expected 0.0 (1e-05)
Initial search space (Z):               1326  [actual number of targets]
Domain search space  (domZ):               3  [number of targets reported over threshold]
# CPU time: 0.02u 0.00s 00:00:00.02 Elapsed: 00:00:00.01
# Mc/sec: 7737.38
//
Query:       nifD-03292025  [M=482]
Scores for complete sequences (score includes all domains):
   --- full sequence ---   --- best 1 domain ---    -#dom-
    E-value  score  bias    E-value  score  bias    exp  N  Sequence Description
    ------- ------ -----    ------- ------ -----   ---- --  -------- -----------

   [No hits detected that satisfy reporting thresholds]


Domain annotation for each sequence (and alignments):

   [No targets detected that satisfy reporting thresholds]


Internal pipeline statistics summary:
-------------------------------------
Query model(s):                            1  (482 nodes)
Target sequences:                       1326  (406803 residues searched)
Passed MSV filter:                        46  (0.0346908); expected 26.5 (0.02)
Passed bias filter:                       36  (0.0271493); expected 26.5 (0.02)
Passed Vit filter:                         1  (0.000754148); expected 1.3 (0.001)
Passed Fwd filter:                         0  (0); expected 0.0 (1e-05)
Initial search space (Z):               1326  [actual number of targets]
Domain search space  (domZ):               0  [number of targets reported over threshold]
# CPU time: 0.02u 0.00s 00:00:00.02 Elapsed: 00:00:00.01
# Mc/sec: 18079.99
//
Query:       nifK-03292025  [M=490]
Scores for complete sequences (score includes all domains):
   --- full sequence ---   --- best 1 domain ---    -#dom-
    E-value  score  bias    E-value  score  bias    exp  N  Sequence Description
    ------- ------ -----    ------- ------ -----   ---- --  -------- -----------

   [No hits detected that satisfy reporting thresholds]


Domain annotation for each sequence (and alignments):

   [No targets detected that satisfy reporting thresholds]


Internal pipeline statistics summary:
-------------------------------------
Query model(s):                            1  (490 nodes)
Target sequences:                       1326  (406803 residues searched)
Passed MSV filter:                        46  (0.0346908); expected 26.5 (0.02)
Passed bias filter:                       36  (0.0271493); expected 26.5 (0.02)
Passed Vit filter:                         1  (0.000754148); expected 1.3 (0.001)
Passed Fwd filter:                         0  (0); expected 0.0 (1e-05)
Initial search space (Z):               1326  [actual number of targets]
Domain search space  (domZ):               0  [number of targets reported over threshold]
# CPU time: 0.01u 0.00s 00:00:00.01 Elapsed: 00:00:00.01
# Mc/sec: 18294.19
//
Query:       nifB-03292025  [M=505]
Scores for complete sequences (score includes all domains):
   --- full sequence ---   --- best 1 domain ---    -#dom-
    E-value  score  bias    E-value  score  bias    exp  N  Sequence Description
    ------- ------ -----    ------- ------ -----   ---- --  -------- -----------

   [No hits detected that satisfy reporting thresholds]


Domain annotation for each sequence (and alignments):

   [No targets detected that satisfy reporting thresholds]


Internal pipeline statistics summary:
-------------------------------------
Query model(s):                            1  (505 nodes)
Target sequences:                       1326  (406803 residues searched)
Passed MSV filter:                        52  (0.0392157); expected 26.5 (0.02)
Passed bias filter:                       34  (0.025641); expected 26.5 (0.02)
Passed Vit filter:                         3  (0.00226244); expected 1.3 (0.001)
Passed Fwd filter:                         0  (0); expected 0.0 (1e-05)
Initial search space (Z):               1326  [actual number of targets]
Domain search space  (domZ):               0  [number of targets reported over threshold]
# CPU time: 0.01u 0.00s 00:00:00.01 Elapsed: 00:00:00.00
# Mc/sec: 21918.30
//
Query:       nifE-03292025  [M=556]
Scores for complete sequences (score includes all domains):
   --- full sequence ---   --- best 1 domain ---    -#dom-
    E-value  score  bias    E-value  score  bias    exp  N  Sequence Description
    ------- ------ -----    ------- ------ -----   ---- --  -------- -----------

   [No hits detected that satisfy reporting thresholds]


Domain annotation for each sequence (and alignments):

   [No targets detected that satisfy reporting thresholds]


Internal pipeline statistics summary:
-------------------------------------
Query model(s):                            1  (556 nodes)
Target sequences:                       1326  (406803 residues searched)
Passed MSV filter:                        69  (0.0520362); expected 26.5 (0.02)
Passed bias filter:                       45  (0.0339367); expected 26.5 (0.02)
Passed Vit filter:                         7  (0.00527903); expected 1.3 (0.001)
Passed Fwd filter:                         0  (0); expected 0.0 (1e-05)
Initial search space (Z):               1326  [actual number of targets]
Domain search space  (domZ):               0  [number of targets reported over threshold]
# CPU time: 0.01u 0.00s 00:00:00.01 Elapsed: 00:00:00.01
# Mc/sec: 16556.89
//
Query:       nifN-03292025  [M=700]
Scores for complete sequences (score includes all domains):
   --- full sequence ---   --- best 1 domain ---    -#dom-
    E-value  score  bias    E-value  score  bias    exp  N  Sequence Description
    ------- ------ -----    ------- ------ -----   ---- --  -------- -----------

   [No hits detected that satisfy reporting thresholds]


Domain annotation for each sequence (and alignments):

   [No targets detected that satisfy reporting thresholds]


Internal pipeline statistics summary:
-------------------------------------
Query model(s):                            1  (700 nodes)
Target sequences:                       1326  (406803 residues searched)
Passed MSV filter:                        63  (0.0475113); expected 26.5 (0.02)
Passed bias filter:                       40  (0.0301659); expected 26.5 (0.02)
Passed Vit filter:                         6  (0.00452489); expected 1.3 (0.001)
Passed Fwd filter:                         0  (0); expected 0.0 (1e-05)
Initial search space (Z):               1326  [actual number of targets]
Domain search space  (domZ):               0  [number of targets reported over threshold]
# CPU time: 0.02u 0.00s 00:00:00.02 Elapsed: 00:00:00.01
# Mc/sec: 18198.89
//
Query:       pchlide-04012025  [M=508]
Scores for complete sequences (score includes all domains):
   --- full sequence ---   --- best 1 domain ---    -#dom-
    E-value  score  bias    E-value  score  bias    exp  N  Sequence Description
    ------- ------ -----    ------- ------ -----   ---- --  -------- -----------

   [No hits detected that satisfy reporting thresholds]


Domain annotation for each sequence (and alignments):

   [No targets detected that satisfy reporting thresholds]


Internal pipeline statistics summary:
-------------------------------------
Query model(s):                            1  (508 nodes)
Target sequences:                       1326  (406803 residues searched)
Passed MSV filter:                        54  (0.040724); expected 26.5 (0.02)
Passed bias filter:                       33  (0.0248869); expected 26.5 (0.02)
Passed Vit filter:                         4  (0.00301659); expected 1.3 (0.001)
Passed Fwd filter:                         0  (0); expected 0.0 (1e-05)
Initial search space (Z):               1326  [actual number of targets]
Domain search space  (domZ):               0  [number of targets reported over threshold]
# CPU time: 0.02u 0.00s 00:00:00.02 Elapsed: 00:00:00.01
# Mc/sec: 18195.27
//
[ok]
# hmmsearch :: search profile(s) against a sequence database
# HMMER 3.4 (Aug 2023); http://hmmer.org/
# Copyright (C) 2023 Howard Hughes Medical Institute.
# Freely distributed under the BSD open source license.
# - - - - - - - - - - - - - - - - - - - - - - - - - - - - - - - - - - - -
# query HMM file:                  ../HMMs/nifV_07242025.hmm
# target sequence database:        ../all_rep_proteins_aa/bacteria/RS_GCF_000420365.1_protein.faa
# - - - - - - - - - - - - - - - - - - - - - - - - - - - - - - - - - - - -

Query:       nifV-07242025  [M=437]
Scores for complete sequences (score includes all domains):
   --- full sequence ---   --- best 1 domain ---    -#dom-
    E-value  score  bias    E-value  score  bias    exp  N  Sequence Description
    ------- ------ -----    ------- ------ -----   ---- --  -------- -----------

   [No hits detected that satisfy reporting thresholds]


Domain annotation for each sequence (and alignments):

   [No targets detected that satisfy reporting thresholds]


Internal pipeline statistics summary:
-------------------------------------
Query model(s):                            1  (437 nodes)
Target sequences:                       1326  (406803 residues searched)
Passed MSV filter:                        63  (0.0475113); expected 26.5 (0.02)
Passed bias filter:                       41  (0.0309201); expected 26.5 (0.02)
Passed Vit filter:                         2  (0.0015083); expected 1.3 (0.001)
Passed Fwd filter:                         0  (0); expected 0.0 (1e-05)
Initial search space (Z):               1326  [actual number of targets]
Domain search space  (domZ):               0  [number of targets reported over threshold]
# CPU time: 0.01u 0.00s 00:00:00.01 Elapsed: 00:00:00.00
# Mc/sec: 20336.08
//
[ok]
