# hmmsearch :: search profile(s) against a sequence database
# HMMER 3.4 (Aug 2023); http://hmmer.org/
# Copyright (C) 2023 Howard Hughes Medical Institute.
# Freely distributed under the BSD open source license.
# - - - - - - - - - - - - - - - - - - - - - - - - - - - - - - - - - - - -
# query HMM file:                  ../HMMs/combined_nif_04012025.hmm
# target sequence database:        ../all_rep_proteins_aa/bacteria/RS_GCF_004335995.1_protein.faa
# - - - - - - - - - - - - - - - - - - - - - - - - - - - - - - - - - - - -

Query:       nifH-03292025  [M=327]
Scores for complete sequences (score includes all domains):
   --- full sequence ---   --- best 1 domain ---    -#dom-
    E-value  score  bias    E-value  score  bias    exp  N  Sequence            Description
    ------- ------ -----    ------- ------ -----   ---- --  --------            -----------
    8.8e-07   24.2   0.2    6.7e-06   21.3   0.1    2.1  2  NZ_PSZP01000029.1_5  # 3146 # 3973 # -1 # ID=63_5;partial=00;
      0.001   14.1   0.2     0.0023   12.9   0.0    1.7  2  NZ_PSZP01000011.1_2  # 492 # 1703 # 1 # ID=31_2;partial=00;st


Domain annotation for each sequence (and alignments):
>> NZ_PSZP01000029.1_5  # 3146 # 3973 # -1 # ID=63_5;partial=00;start_type=ATG;rbs_motif=None;rbs_spacer=None;gc_cont=0.
   #    score  bias  c-Evalue  i-Evalue hmmfrom  hmm to    alifrom  ali to    envfrom  env to     acc
 ---   ------ ----- --------- --------- ------- -------    ------- -------    ------- -------    ----
   1 !   21.3   0.1   1.4e-08   6.7e-06      13      41 ..     130     158 ..     117     161 .. 0.89
   2 ?    0.2   0.0     0.035        17     248     286 ..     213     251 ..     209     270 .. 0.76

  Alignments for each domain:
  == domain 1  score: 21.3 bits;  conditional E-value: 1.4e-08
        nifH-03292025  13 AiYGKGGiGKSttasnlsaalaeegkkvl 41 
                           +YGK GiGKS +a+ ++ +la++g+kv 
  NZ_PSZP01000029.1_5 130 FLYGKMGIGKSFIAQAMANTLAKSGQKVA 158
                          58*************************95 PP

  == domain 2  score: 0.2 bits;  conditional E-value: 0.035
        nifH-03292025 248 Lakkilenkklvipkplseeeleellaelglleeedevg 286
                          L+++++++k++++++  s+eele++  +++ ++  d+++
  NZ_PSZP01000029.1_5 213 LSTRMNNKKSTFFTSNYSMEELEKIESRTQGAKYPDKAK 251
                          7788899999999999********999987777665433 PP

>> NZ_PSZP01000011.1_2  # 492 # 1703 # 1 # ID=31_2;partial=00;start_type=ATG;rbs_motif=None;rbs_spacer=None;gc_cont=0.30
   #    score  bias  c-Evalue  i-Evalue hmmfrom  hmm to    alifrom  ali to    envfrom  env to     acc
 ---   ------ ----- --------- --------- ------- -------    ------- -------    ------- -------    ----
   1 !   12.9   0.0   4.9e-06    0.0023       5      34 ..      31      60 ..      27     113 .. 0.78
   2 ?   -2.4   0.1      0.22     1e+02     237     261 ..     309     333 ..     303     392 .. 0.62

  Alignments for each domain:
  == domain 1  score: 12.9 bits;  conditional E-value: 4.9e-06
        nifH-03292025  5 makkmrkiAiYGKGGiGKSttasnlsaala 34
                          +k m    +YGK GiGK t as l+  l 
  NZ_PSZP01000011.1_2 31 SKKVMTSFLFYGKPGIGKTTLASILAKELN 60
                         566689999************999888775 PP

  == domain 2  score: -2.4 bits;  conditional E-value: 0.22
        nifH-03292025 237 pdseqakeyreLakkilenkklvip 261
                          p+s++    +++ak+i e+ +++ p
  NZ_PSZP01000011.1_2 309 PKSNSSYVAMHMAKNIVEKGMVFNP 333
                          6666666666677777665544443 PP



Internal pipeline statistics summary:
-------------------------------------
Query model(s):                            1  (327 nodes)
Target sequences:                        949  (301254 residues searched)
Passed MSV filter:                        95  (0.100105); expected 19.0 (0.02)
Passed bias filter:                       52  (0.0547945); expected 19.0 (0.02)
Passed Vit filter:                         7  (0.00737619); expected 0.9 (0.001)
Passed Fwd filter:                         2  (0.00210748); expected 0.0 (1e-05)
Initial search space (Z):                949  [actual number of targets]
Domain search space  (domZ):               2  [number of targets reported over threshold]
# CPU time: 0.01u 0.00s 00:00:00.01 Elapsed: 00:00:00.01
# Mc/sec: 6268.58
//
Query:       nifD-03292025  [M=482]
Scores for complete sequences (score includes all domains):
   --- full sequence ---   --- best 1 domain ---    -#dom-
    E-value  score  bias    E-value  score  bias    exp  N  Sequence Description
    ------- ------ -----    ------- ------ -----   ---- --  -------- -----------

   [No hits detected that satisfy reporting thresholds]


Domain annotation for each sequence (and alignments):

   [No targets detected that satisfy reporting thresholds]


Internal pipeline statistics summary:
-------------------------------------
Query model(s):                            1  (482 nodes)
Target sequences:                        949  (301254 residues searched)
Passed MSV filter:                        98  (0.103267); expected 19.0 (0.02)
Passed bias filter:                       40  (0.0421496); expected 19.0 (0.02)
Passed Vit filter:                         0  (0); expected 0.9 (0.001)
Passed Fwd filter:                         0  (0); expected 0.0 (1e-05)
Initial search space (Z):                949  [actual number of targets]
Domain search space  (domZ):               0  [number of targets reported over threshold]
# CPU time: 0.01u 0.00s 00:00:00.01 Elapsed: 00:00:00.01
# Mc/sec: 12068.74
//
Query:       nifK-03292025  [M=490]
Scores for complete sequences (score includes all domains):
   --- full sequence ---   --- best 1 domain ---    -#dom-
    E-value  score  bias    E-value  score  bias    exp  N  Sequence Description
    ------- ------ -----    ------- ------ -----   ---- --  -------- -----------

   [No hits detected that satisfy reporting thresholds]


Domain annotation for each sequence (and alignments):

   [No targets detected that satisfy reporting thresholds]


Internal pipeline statistics summary:
-------------------------------------
Query model(s):                            1  (490 nodes)
Target sequences:                        949  (301254 residues searched)
Passed MSV filter:                        35  (0.0368809); expected 19.0 (0.02)
Passed bias filter:                       15  (0.0158061); expected 19.0 (0.02)
Passed Vit filter:                         2  (0.00210748); expected 0.9 (0.001)
Passed Fwd filter:                         0  (0); expected 0.0 (1e-05)
Initial search space (Z):                949  [actual number of targets]
Domain search space  (domZ):               0  [number of targets reported over threshold]
# CPU time: 0.01u 0.00s 00:00:00.01 Elapsed: 00:00:00.00
# Mc/sec: 15806.03
//
Query:       nifB-03292025  [M=505]
Scores for complete sequences (score includes all domains):
   --- full sequence ---   --- best 1 domain ---    -#dom-
    E-value  score  bias    E-value  score  bias    exp  N  Sequence Description
    ------- ------ -----    ------- ------ -----   ---- --  -------- -----------

   [No hits detected that satisfy reporting thresholds]


Domain annotation for each sequence (and alignments):

   [No targets detected that satisfy reporting thresholds]


Internal pipeline statistics summary:
-------------------------------------
Query model(s):                            1  (505 nodes)
Target sequences:                        949  (301254 residues searched)
Passed MSV filter:                        60  (0.0632244); expected 19.0 (0.02)
Passed bias filter:                       20  (0.0210748); expected 19.0 (0.02)
Passed Vit filter:                         3  (0.00316122); expected 0.9 (0.001)
Passed Fwd filter:                         0  (0); expected 0.0 (1e-05)
Initial search space (Z):                949  [actual number of targets]
Domain search space  (domZ):               0  [number of targets reported over threshold]
# CPU time: 0.01u 0.00s 00:00:00.01 Elapsed: 00:00:00.01
# Mc/sec: 13515.72
//
Query:       nifE-03292025  [M=556]
Scores for complete sequences (score includes all domains):
   --- full sequence ---   --- best 1 domain ---    -#dom-
    E-value  score  bias    E-value  score  bias    exp  N  Sequence Description
    ------- ------ -----    ------- ------ -----   ---- --  -------- -----------

   [No hits detected that satisfy reporting thresholds]


Domain annotation for each sequence (and alignments):

   [No targets detected that satisfy reporting thresholds]


Internal pipeline statistics summary:
-------------------------------------
Query model(s):                            1  (556 nodes)
Target sequences:                        949  (301254 residues searched)
Passed MSV filter:                        74  (0.0779768); expected 19.0 (0.02)
Passed bias filter:                       24  (0.0252898); expected 19.0 (0.02)
Passed Vit filter:                         3  (0.00316122); expected 0.9 (0.001)
Passed Fwd filter:                         0  (0); expected 0.0 (1e-05)
Initial search space (Z):                949  [actual number of targets]
Domain search space  (domZ):               0  [number of targets reported over threshold]
# CPU time: 0.01u 0.00s 00:00:00.01 Elapsed: 00:00:00.01
# Mc/sec: 13991.69
//
Query:       nifN-03292025  [M=700]
Scores for complete sequences (score includes all domains):
   --- full sequence ---   --- best 1 domain ---    -#dom-
    E-value  score  bias    E-value  score  bias    exp  N  Sequence Description
    ------- ------ -----    ------- ------ -----   ---- --  -------- -----------

   [No hits detected that satisfy reporting thresholds]


Domain annotation for each sequence (and alignments):

   [No targets detected that satisfy reporting thresholds]


Internal pipeline statistics summary:
-------------------------------------
Query model(s):                            1  (700 nodes)
Target sequences:                        949  (301254 residues searched)
Passed MSV filter:                        59  (0.0621707); expected 19.0 (0.02)
Passed bias filter:                       28  (0.0295047); expected 19.0 (0.02)
Passed Vit filter:                         1  (0.00105374); expected 0.9 (0.001)
Passed Fwd filter:                         0  (0); expected 0.0 (1e-05)
Initial search space (Z):                949  [actual number of targets]
Domain search space  (domZ):               0  [number of targets reported over threshold]
# CPU time: 0.02u 0.00s 00:00:00.02 Elapsed: 00:00:00.01
# Mc/sec: 13620.43
//
Query:       pchlide-04012025  [M=508]
Scores for complete sequences (score includes all domains):
   --- full sequence ---   --- best 1 domain ---    -#dom-
    E-value  score  bias    E-value  score  bias    exp  N  Sequence Description
    ------- ------ -----    ------- ------ -----   ---- --  -------- -----------

   [No hits detected that satisfy reporting thresholds]


Domain annotation for each sequence (and alignments):

   [No targets detected that satisfy reporting thresholds]


Internal pipeline statistics summary:
-------------------------------------
Query model(s):                            1  (508 nodes)
Target sequences:                        949  (301254 residues searched)
Passed MSV filter:                        43  (0.0453109); expected 19.0 (0.02)
Passed bias filter:                       25  (0.0263435); expected 19.0 (0.02)
Passed Vit filter:                         5  (0.0052687); expected 0.9 (0.001)
Passed Fwd filter:                         0  (0); expected 0.0 (1e-05)
Initial search space (Z):                949  [actual number of targets]
Domain search space  (domZ):               0  [number of targets reported over threshold]
# CPU time: 0.01u 0.00s 00:00:00.01 Elapsed: 00:00:00.01
# Mc/sec: 13849.74
//
[ok]
# hmmsearch :: search profile(s) against a sequence database
# HMMER 3.4 (Aug 2023); http://hmmer.org/
# Copyright (C) 2023 Howard Hughes Medical Institute.
# Freely distributed under the BSD open source license.
# - - - - - - - - - - - - - - - - - - - - - - - - - - - - - - - - - - - -
# query HMM file:                  ../HMMs/nifV_07242025.hmm
# target sequence database:        ../all_rep_proteins_aa/bacteria/RS_GCF_004335995.1_protein.faa
# - - - - - - - - - - - - - - - - - - - - - - - - - - - - - - - - - - - -

Query:       nifV-07242025  [M=437]
Scores for complete sequences (score includes all domains):
   --- full sequence ---   --- best 1 domain ---    -#dom-
    E-value  score  bias    E-value  score  bias    exp  N  Sequence Description
    ------- ------ -----    ------- ------ -----   ---- --  -------- -----------

   [No hits detected that satisfy reporting thresholds]


Domain annotation for each sequence (and alignments):

   [No targets detected that satisfy reporting thresholds]


Internal pipeline statistics summary:
-------------------------------------
Query model(s):                            1  (437 nodes)
Target sequences:                        949  (301254 residues searched)
Passed MSV filter:                        33  (0.0347734); expected 19.0 (0.02)
Passed bias filter:                       22  (0.0231823); expected 19.0 (0.02)
Passed Vit filter:                         4  (0.00421496); expected 0.9 (0.001)
Passed Fwd filter:                         0  (0); expected 0.0 (1e-05)
Initial search space (Z):                949  [actual number of targets]
Domain search space  (domZ):               0  [number of targets reported over threshold]
# CPU time: 0.01u 0.00s 00:00:00.01 Elapsed: 00:00:00.00
# Mc/sec: 14293.31
//
[ok]
