# hmmsearch :: search profile(s) against a sequence database
# HMMER 3.4 (Aug 2023); http://hmmer.org/
# Copyright (C) 2023 Howard Hughes Medical Institute.
# Freely distributed under the BSD open source license.
# - - - - - - - - - - - - - - - - - - - - - - - - - - - - - - - - - - - -
# query HMM file:                  ../HMMs/combined_nif_04012025.hmm
# target sequence database:        ../all_rep_proteins_aa/bacteria/RS_GCF_009936175.1_protein.faa
# - - - - - - - - - - - - - - - - - - - - - - - - - - - - - - - - - - - -

Query:       nifH-03292025  [M=327]
Scores for complete sequences (score includes all domains):
   --- full sequence ---   --- best 1 domain ---    -#dom-
    E-value  score  bias    E-value  score  bias    exp  N  Sequence           Description
    ------- ------ -----    ------- ------ -----   ---- --  --------           -----------
    2.4e-13   46.2   0.0    5.5e-07   25.3   0.0    2.1  2  NZ_AP019773.1_1324  # 1582054 # 1582851 # -1 # ID=1_1324;part
    0.00011   17.7   0.1    0.00022   16.8   0.1    1.4  1  NZ_AP019773.1_968   # 1161463 # 1162548 # -1 # ID=1_968;parti
     0.0011   14.4   0.0     0.0018   13.8   0.0    1.3  1  NZ_AP019773.1_818   # 987451 # 988845 # 1 # ID=1_818;partial=
      0.006   12.0   0.1      0.006   12.0   0.1    1.8  2  NZ_AP019773.1_1320  # 1577906 # 1579117 # 1 # ID=1_1320;parti


Domain annotation for each sequence (and alignments):
>> NZ_AP019773.1_1324  # 1582054 # 1582851 # -1 # ID=1_1324;partial=00;start_type=ATG;rbs_motif=GGAG/GAGG;rbs_spacer=5-1
   #    score  bias  c-Evalue  i-Evalue hmmfrom  hmm to    alifrom  ali to    envfrom  env to     acc
 ---   ------ ----- --------- --------- ------- -------    ------- -------    ------- -------    ----
   1 !   25.3   0.0   1.6e-09   5.5e-07      10      52 ..       5      48 ..       1      60 [. 0.82
   2 !   18.9   0.0   1.5e-07   4.8e-05     147     258 ..     144     260 ..     142     264 .. 0.88

  Alignments for each domain:
  == domain 1  score: 25.3 bits;  conditional E-value: 1.6e-09
       nifH-03292025 10 rkiAiY.GKGGiGKSttasnlsaalaeegkkvlivGCdPKaDst 52
                        r iAi   KGG+GK tta nl++ala  g++vli+  dP   ++
  NZ_AP019773.1_1324  5 RIIAIAnQKGGVGKTTTAINLATALAAIGENVLIMDIDPQGNAS 48
                        55665415*******************************87654 PP

  == domain 2  score: 18.9 bits;  conditional E-value: 1.5e-07
       nifH-03292025 147 gkadevyivtsgemmalYaanniakgikkyaee..ggvrlgGlicNsrkvdk..eeelveefaeklgtqiiaf.vprsnevqkaelekktv 232
                         g+ad+v + + +e++al     +++++k++++    + +++G++  + + ++   +++ve++ + +g ++  + +pr+  v++a   +k v
  NZ_AP019773.1_1324 144 GTADSVLVPMQCEFLALEGLSQLLETVKQVQSVlnPSLKIQGIVLTMYDGRNnlSNQVVEDVRSFIGDKVYRTvIPRNVRVSEAPSFGKPV 234
                         789***************************99744677889***99887665225899************976279*************** PP

       nifH-03292025 233 ieaapdseqakeyreLakkilenkkl 258
                         + ++ +++  ++y +La+++++ +k+
  NZ_AP019773.1_1324 235 LLYDLKCAGSQAYLRLASEVIQREKQ 260
                         ********************998875 PP

>> NZ_AP019773.1_968  # 1161463 # 1162548 # -1 # ID=1_968;partial=00;start_type=ATG;rbs_motif=GGA/GAG/AGG;rbs_spacer=5-1
   #    score  bias  c-Evalue  i-Evalue hmmfrom  hmm to    alifrom  ali to    envfrom  env to     acc
 ---   ------ ----- --------- --------- ------- -------    ------- -------    ------- -------    ----
   1 !   16.8   0.1   6.5e-07   0.00022      16      39 ..     122     145 ..     109     152 .. 0.87

  Alignments for each domain:
  == domain 1  score: 16.8 bits;  conditional E-value: 6.5e-07
      nifH-03292025  16 GKGGiGKSttasnlsaalaeegkk 39 
                        GKGG+GKSt+a n++ al ++g k
  NZ_AP019773.1_968 122 GKGGVGKSTMAINIALALHDSGFK 145
                        ******************999876 PP

>> NZ_AP019773.1_818  # 987451 # 988845 # 1 # ID=1_818;partial=00;start_type=ATG;rbs_motif=None;rbs_spacer=None;gc_cont=
   #    score  bias  c-Evalue  i-Evalue hmmfrom  hmm to    alifrom  ali to    envfrom  env to     acc
 ---   ------ ----- --------- --------- ------- -------    ------- -------    ------- -------    ----
   1 !   13.8   0.0   5.4e-06    0.0018      16      43 ..      96     123 ..      91     160 .. 0.92

  Alignments for each domain:
  == domain 1  score: 13.8 bits;  conditional E-value: 5.4e-06
      nifH-03292025  16 GKGGiGKSttasnlsaalaeegkkvliv 43 
                        G  GiGKSt  ++++aal+++g++v+ v
  NZ_AP019773.1_818  96 GDPGIGKSTLLTQTAAALSRKGHHVIYV 123
                        678**********************987 PP

>> NZ_AP019773.1_1320  # 1577906 # 1579117 # 1 # ID=1_1320;partial=00;start_type=ATG;rbs_motif=GGA/GAG/AGG;rbs_spacer=5-
   #    score  bias  c-Evalue  i-Evalue hmmfrom  hmm to    alifrom  ali to    envfrom  env to     acc
 ---   ------ ----- --------- --------- ------- -------    ------- -------    ------- -------    ----
   1 ?   -1.8   0.2      0.28        94     223     246 ..      48      71 ..      15     180 .. 0.52
   2 !   12.0   0.1   1.8e-05     0.006      12      46 ..     202     236 ..     193     243 .. 0.90

  Alignments for each domain:
  == domain 1  score: -1.8 bits;  conditional E-value: 0.28
       nifH-03292025 223 qkaelekktvieaapdseqakeyr 246
                         +kae + +t +++++++   ++y+
  NZ_AP019773.1_1320  48 EKAENQSTTPTKHNEKTLPFEAYS 71 
                         444444444333333333333332 PP

  == domain 2  score: 12.0 bits;  conditional E-value: 1.8e-05
       nifH-03292025  12 iAiYGKGGiGKSttasnlsaalaeegkkvlivGCd 46 
                         i + G  G GK tt  +l+a l++ g kv+   Cd
  NZ_AP019773.1_1320 202 ILLVGVNGTGKTTTIGKLAAKLTKGGLKVMLAACD 236
                         5566889***************************9 PP



Internal pipeline statistics summary:
-------------------------------------
Query model(s):                            1  (327 nodes)
Target sequences:                       1329  (397392 residues searched)
Passed MSV filter:                        72  (0.0541761); expected 26.6 (0.02)
Passed bias filter:                       61  (0.0458992); expected 26.6 (0.02)
Passed Vit filter:                        11  (0.0082769); expected 1.3 (0.001)
Passed Fwd filter:                         4  (0.00300978); expected 0.0 (1e-05)
Initial search space (Z):               1329  [actual number of targets]
Domain search space  (domZ):               4  [number of targets reported over threshold]
# CPU time: 0.01u 0.00s 00:00:00.01 Elapsed: 00:00:00.01
# Mc/sec: 8957.41
//
Query:       nifD-03292025  [M=482]
Scores for complete sequences (score includes all domains):
   --- full sequence ---   --- best 1 domain ---    -#dom-
    E-value  score  bias    E-value  score  bias    exp  N  Sequence           Description
    ------- ------ -----    ------- ------ -----   ---- --  --------           -----------
  ------ inclusion threshold ------
      0.015    9.9   0.0      0.074    7.6   0.0    1.8  2  NZ_AP019773.1_1159  # 1400995 # 1402080 # -1 # ID=1_1159;part


Domain annotation for each sequence (and alignments):
>> NZ_AP019773.1_1159  # 1400995 # 1402080 # -1 # ID=1_1159;partial=00;start_type=ATG;rbs_motif=3Base/5BMM;rbs_spacer=13
   #    score  bias  c-Evalue  i-Evalue hmmfrom  hmm to    alifrom  ali to    envfrom  env to     acc
 ---   ------ ----- --------- --------- ------- -------    ------- -------    ------- -------    ----
   1 ?   -0.3   0.0     0.014        18     332     402 ..      40     115 ..      26     137 .. 0.62
   2 ?    7.6   0.0   5.6e-05     0.074     250     325 ..     137     211 ..     135     223 .. 0.87

  Alignments for each domain:
  == domain 1  score: -0.3 bits;  conditional E-value: 0.014
       nifD-03292025 332 aelekykerleGkkvmlyvG..glrarhvik.aledlGlevvaa.gyeFahedDyektekevkeg.tliiddvnel 402
                           +e+ k r e    +l+vG  gl + ++ + + ++lG++  ++ g   a + D     ++++e   l+id++ +l
  NZ_AP019773.1_1159  40 IFIEAAKARQEALDHVLFVGppGLGKTTLSQiMAKELGVNFRSTsGPVIAKSGDLAALLTNLEERdVLFIDEIHRL 115
                         5566777777777777777733444444445344568888766524456777777777777776524556666544 PP

  == domain 2  score: 7.6 bits;  conditional E-value: 5.6e-05
       nifD-03292025 250 GdgtleelekahkakLnlvhCkrsmnYiarlleekygipwlevnffGlekiaesLrkiakffddeieekaeevIae 325
                         G+g +++  k   ak +lv  ++    +++ l++++gip +++nf+ +e+++  +++ a+ f  +i++   + Ia+
  NZ_AP019773.1_1159 137 GEGPAARSVKIDLAKFTLVAATTRLGLLTTPLRDRFGIP-IRLNFYTIEELEYIVQRNARLFSVQISDDGAHEIAR 211
                         66667777788899*************************.79********************88998876666665 PP



Internal pipeline statistics summary:
-------------------------------------
Query model(s):                            1  (482 nodes)
Target sequences:                       1329  (397392 residues searched)
Passed MSV filter:                        61  (0.0458992); expected 26.6 (0.02)
Passed bias filter:                       53  (0.0398796); expected 26.6 (0.02)
Passed Vit filter:                         3  (0.00225734); expected 1.3 (0.001)
Passed Fwd filter:                         1  (0.000752445); expected 0.0 (1e-05)
Initial search space (Z):               1329  [actual number of targets]
Domain search space  (domZ):               1  [number of targets reported over threshold]
# CPU time: 0.02u 0.00s 00:00:00.02 Elapsed: 00:00:00.01
# Mc/sec: 13066.17
//
Query:       nifK-03292025  [M=490]
Scores for complete sequences (score includes all domains):
   --- full sequence ---   --- best 1 domain ---    -#dom-
    E-value  score  bias    E-value  score  bias    exp  N  Sequence Description
    ------- ------ -----    ------- ------ -----   ---- --  -------- -----------

   [No hits detected that satisfy reporting thresholds]


Domain annotation for each sequence (and alignments):

   [No targets detected that satisfy reporting thresholds]


Internal pipeline statistics summary:
-------------------------------------
Query model(s):                            1  (490 nodes)
Target sequences:                       1329  (397392 residues searched)
Passed MSV filter:                        44  (0.0331076); expected 26.6 (0.02)
Passed bias filter:                       32  (0.0240783); expected 26.6 (0.02)
Passed Vit filter:                         3  (0.00225734); expected 1.3 (0.001)
Passed Fwd filter:                         0  (0); expected 0.0 (1e-05)
Initial search space (Z):               1329  [actual number of targets]
Domain search space  (domZ):               0  [number of targets reported over threshold]
# CPU time: 0.02u 0.00s 00:00:00.02 Elapsed: 00:00:00.01
# Mc/sec: 16924.73
//
Query:       nifB-03292025  [M=505]
Scores for complete sequences (score includes all domains):
   --- full sequence ---   --- best 1 domain ---    -#dom-
    E-value  score  bias    E-value  score  bias    exp  N  Sequence Description
    ------- ------ -----    ------- ------ -----   ---- --  -------- -----------

   [No hits detected that satisfy reporting thresholds]


Domain annotation for each sequence (and alignments):

   [No targets detected that satisfy reporting thresholds]


Internal pipeline statistics summary:
-------------------------------------
Query model(s):                            1  (505 nodes)
Target sequences:                       1329  (397392 residues searched)
Passed MSV filter:                        38  (0.0285929); expected 26.6 (0.02)
Passed bias filter:                       23  (0.0173062); expected 26.6 (0.02)
Passed Vit filter:                         3  (0.00225734); expected 1.3 (0.001)
Passed Fwd filter:                         0  (0); expected 0.0 (1e-05)
Initial search space (Z):               1329  [actual number of targets]
Domain search space  (domZ):               0  [number of targets reported over threshold]
# CPU time: 0.01u 0.00s 00:00:00.01 Elapsed: 00:00:00.00
# Mc/sec: 22439.49
//
Query:       nifE-03292025  [M=556]
Scores for complete sequences (score includes all domains):
   --- full sequence ---   --- best 1 domain ---    -#dom-
    E-value  score  bias    E-value  score  bias    exp  N  Sequence Description
    ------- ------ -----    ------- ------ -----   ---- --  -------- -----------

   [No hits detected that satisfy reporting thresholds]


Domain annotation for each sequence (and alignments):

   [No targets detected that satisfy reporting thresholds]


Internal pipeline statistics summary:
-------------------------------------
Query model(s):                            1  (556 nodes)
Target sequences:                       1329  (397392 residues searched)
Passed MSV filter:                        60  (0.0451467); expected 26.6 (0.02)
Passed bias filter:                       50  (0.0376223); expected 26.6 (0.02)
Passed Vit filter:                         4  (0.00300978); expected 1.3 (0.001)
Passed Fwd filter:                         0  (0); expected 0.0 (1e-05)
Initial search space (Z):               1329  [actual number of targets]
Domain search space  (domZ):               0  [number of targets reported over threshold]
# CPU time: 0.01u 0.00s 00:00:00.01 Elapsed: 00:00:00.01
# Mc/sec: 20529.96
//
Query:       nifN-03292025  [M=700]
Scores for complete sequences (score includes all domains):
   --- full sequence ---   --- best 1 domain ---    -#dom-
    E-value  score  bias    E-value  score  bias    exp  N  Sequence Description
    ------- ------ -----    ------- ------ -----   ---- --  -------- -----------

   [No hits detected that satisfy reporting thresholds]


Domain annotation for each sequence (and alignments):

   [No targets detected that satisfy reporting thresholds]


Internal pipeline statistics summary:
-------------------------------------
Query model(s):                            1  (700 nodes)
Target sequences:                       1329  (397392 residues searched)
Passed MSV filter:                        55  (0.0413845); expected 26.6 (0.02)
Passed bias filter:                       38  (0.0285929); expected 26.6 (0.02)
Passed Vit filter:                         4  (0.00300978); expected 1.3 (0.001)
Passed Fwd filter:                         0  (0); expected 0.0 (1e-05)
Initial search space (Z):               1329  [actual number of targets]
Domain search space  (domZ):               0  [number of targets reported over threshold]
# CPU time: 0.01u 0.00s 00:00:00.01 Elapsed: 00:00:00.01
# Mc/sec: 22965.54
//
Query:       pchlide-04012025  [M=508]
Scores for complete sequences (score includes all domains):
   --- full sequence ---   --- best 1 domain ---    -#dom-
    E-value  score  bias    E-value  score  bias    exp  N  Sequence Description
    ------- ------ -----    ------- ------ -----   ---- --  -------- -----------

   [No hits detected that satisfy reporting thresholds]


Domain annotation for each sequence (and alignments):

   [No targets detected that satisfy reporting thresholds]


Internal pipeline statistics summary:
-------------------------------------
Query model(s):                            1  (508 nodes)
Target sequences:                       1329  (397392 residues searched)
Passed MSV filter:                        55  (0.0413845); expected 26.6 (0.02)
Passed bias filter:                       41  (0.0308503); expected 26.6 (0.02)
Passed Vit filter:                         2  (0.00150489); expected 1.3 (0.001)
Passed Fwd filter:                         0  (0); expected 0.0 (1e-05)
Initial search space (Z):               1329  [actual number of targets]
Domain search space  (domZ):               0  [number of targets reported over threshold]
# CPU time: 0.01u 0.00s 00:00:00.01 Elapsed: 00:00:00.00
# Mc/sec: 20753.26
//
[ok]
# hmmsearch :: search profile(s) against a sequence database
# HMMER 3.4 (Aug 2023); http://hmmer.org/
# Copyright (C) 2023 Howard Hughes Medical Institute.
# Freely distributed under the BSD open source license.
# - - - - - - - - - - - - - - - - - - - - - - - - - - - - - - - - - - - -
# query HMM file:                  ../HMMs/nifV_07242025.hmm
# target sequence database:        ../all_rep_proteins_aa/bacteria/RS_GCF_009936175.1_protein.faa
# - - - - - - - - - - - - - - - - - - - - - - - - - - - - - - - - - - - -

Query:       nifV-07242025  [M=437]
Scores for complete sequences (score includes all domains):
   --- full sequence ---   --- best 1 domain ---    -#dom-
    E-value  score  bias    E-value  score  bias    exp  N  Sequence Description
    ------- ------ -----    ------- ------ -----   ---- --  -------- -----------

   [No hits detected that satisfy reporting thresholds]


Domain annotation for each sequence (and alignments):

   [No targets detected that satisfy reporting thresholds]


Internal pipeline statistics summary:
-------------------------------------
Query model(s):                            1  (437 nodes)
Target sequences:                       1329  (397392 residues searched)
Passed MSV filter:                        45  (0.03386); expected 26.6 (0.02)
Passed bias filter:                       30  (0.0225734); expected 26.6 (0.02)
Passed Vit filter:                         1  (0.000752445); expected 1.3 (0.001)
Passed Fwd filter:                         0  (0); expected 0.0 (1e-05)
Initial search space (Z):               1329  [actual number of targets]
Domain search space  (domZ):               0  [number of targets reported over threshold]
# CPU time: 0.01u 0.00s 00:00:00.01 Elapsed: 00:00:00.00
# Mc/sec: 20748.43
//
[ok]
