# hmmsearch :: search profile(s) against a sequence database
# HMMER 3.4 (Aug 2023); http://hmmer.org/
# Copyright (C) 2023 Howard Hughes Medical Institute.
# Freely distributed under the BSD open source license.
# - - - - - - - - - - - - - - - - - - - - - - - - - - - - - - - - - - - -
# query HMM file:                  ../HMMs/combined_nif_04012025.hmm
# target sequence database:        ../all_rep_proteins_aa/bacteria/RS_GCF_910588395.1_protein.faa
# - - - - - - - - - - - - - - - - - - - - - - - - - - - - - - - - - - - -

Query:       nifH-03292025  [M=327]
Scores for complete sequences (score includes all domains):
   --- full sequence ---   --- best 1 domain ---    -#dom-
    E-value  score  bias    E-value  score  bias    exp  N  Sequence                Description
    ------- ------ -----    ------- ------ -----   ---- --  --------                -----------
    1.2e-12   44.7   0.1      1e-06   25.2   0.1    2.1  2  NZ_CAJUPA010000005.1_6   # 5423 # 6208 # -1 # ID=5_6;partial=
     0.0011   15.3   0.0      0.002   14.4   0.0    1.4  1  NZ_CAJUPA010000018.1_9   # 7911 # 8765 # -1 # ID=18_9;partial
  ------ inclusion threshold ------
      0.017   11.3   0.0      0.032   10.4   0.0    1.3  1  NZ_CAJUPA010000024.1_10  # 13344 # 14537 # 1 # ID=24_10;parti


Domain annotation for each sequence (and alignments):
>> NZ_CAJUPA010000005.1_6  # 5423 # 6208 # -1 # ID=5_6;partial=00;start_type=ATG;rbs_motif=GGAGG;rbs_spacer=5-10bp;gc_co
   #    score  bias  c-Evalue  i-Evalue hmmfrom  hmm to    alifrom  ali to    envfrom  env to     acc
 ---   ------ ----- --------- --------- ------- -------    ------- -------    ------- -------    ----
   1 !   25.2   0.1   1.3e-09     1e-06      17      71 ..      11      67 ..       3      84 .. 0.82
   2 !   17.5   0.0   2.9e-07   0.00023     148     256 ..     141     254 ..     139     260 .. 0.82

  Alignments for each domain:
  == domain 1  score: 25.2 bits;  conditional E-value: 1.3e-09
           nifH-03292025 17 KGGiGKSttasnlsaalaeegkkvlivGCdPKaDstrll..lggkaqktvldllrek 71
                            KGG+GK tta nl+a l+ +gkkvl v  d    +++ l  ++++ q+tv ++l e 
  NZ_CAJUPA010000005.1_6 11 KGGVGKTTTAINLAAGLSAAGKKVLLVDFDSQGNASQGLsaFSTEDQPTVYSVLMEG 67
                            9*****************************999998887334678899999888764 PP

  == domain 2  score: 17.5 bits;  conditional E-value: 2.9e-07
           nifH-03292025 148 kadevyivtsgemmalYaanniakgikkyaeegg..vrlgGlicNsrkvdk..eeelveefaeklgtqiia.fvprsnevqkaelek 229
                              ad+v i + +e+ al     ++ +i+ ++++++   r+ G+++ + ++++    e+ +e+ +++g  + +  +pr+  +++a  ++
  NZ_CAJUPA010000005.1_6 141 AADTVLIPVQCEYYALEGITQLLITIRLVQHTSNprLRIEGILMTMYDIRTrlSVEVAQEVRQTFGRLVYQtSIPRNVRLSEAPSRG 227
                             5899999999999999999999999998888865115678999988766551156778888888887776427************** PP

           nifH-03292025 230 ktvieaapdseqakeyreLakkilenk 256
                               +++++p+++ a++y++L+++ile  
  NZ_CAJUPA010000005.1_6 228 LSIFQYDPRCTGAQKYEALTEEILERA 254
                             ***********************9865 PP

>> NZ_CAJUPA010000018.1_9  # 7911 # 8765 # -1 # ID=18_9;partial=00;start_type=ATG;rbs_motif=AGGAGG;rbs_spacer=5-10bp;gc_
   #    score  bias  c-Evalue  i-Evalue hmmfrom  hmm to    alifrom  ali to    envfrom  env to     acc
 ---   ------ ----- --------- --------- ------- -------    ------- -------    ------- -------    ----
   1 !   14.4   0.0   2.5e-06     0.002      14      40 ..      36      62 ..      22      73 .. 0.84

  Alignments for each domain:
  == domain 1  score: 14.4 bits;  conditional E-value: 2.5e-06
           nifH-03292025 14 iYGKGGiGKSttasnlsaalaeegkkv 40
                            + GKGG+GKSt++  l+ a+ + g +v
  NZ_CAJUPA010000018.1_9 36 LSGKGGVGKSTVTVLLARAFRQLGLRV 62
                            46******************9999988 PP

>> NZ_CAJUPA010000024.1_10  # 13344 # 14537 # 1 # ID=24_10;partial=00;start_type=ATG;rbs_motif=None;rbs_spacer=None;gc_c
   #    score  bias  c-Evalue  i-Evalue hmmfrom  hmm to    alifrom  ali to    envfrom  env to     acc
 ---   ------ ----- --------- --------- ------- -------    ------- -------    ------- -------    ----
   1 ?   10.4   0.0   4.2e-05     0.032       8      41 ..     198     231 ..     191     233 .. 0.87

  Alignments for each domain:
  == domain 1  score: 10.4 bits;  conditional E-value: 4.2e-05
            nifH-03292025   8 kmrkiAiYGKGGiGKSttasnlsaalaeegkkvl 41 
                              k  +i +YG +G GKS+t++ ++  l ++g + +
  NZ_CAJUPA010000024.1_10 198 KAANILLYGDAGTGKSATVKAVASELQDQGVRLI 231
                              567899**********************998875 PP



Internal pipeline statistics summary:
-------------------------------------
Query model(s):                            1  (327 nodes)
Target sequences:                       2317  (691750 residues searched)
Passed MSV filter:                       114  (0.0492016); expected 46.3 (0.02)
Passed bias filter:                       93  (0.0401381); expected 46.3 (0.02)
Passed Vit filter:                        19  (0.00820026); expected 2.3 (0.001)
Passed Fwd filter:                         3  (0.00129478); expected 0.0 (1e-05)
Initial search space (Z):               2317  [actual number of targets]
Domain search space  (domZ):               3  [number of targets reported over threshold]
# CPU time: 0.02u 0.00s 00:00:00.02 Elapsed: 00:00:00.01
# Mc/sec: 13720.45
//
Query:       nifD-03292025  [M=482]
Scores for complete sequences (score includes all domains):
   --- full sequence ---   --- best 1 domain ---    -#dom-
    E-value  score  bias    E-value  score  bias    exp  N  Sequence Description
    ------- ------ -----    ------- ------ -----   ---- --  -------- -----------

   [No hits detected that satisfy reporting thresholds]


Domain annotation for each sequence (and alignments):

   [No targets detected that satisfy reporting thresholds]


Internal pipeline statistics summary:
-------------------------------------
Query model(s):                            1  (482 nodes)
Target sequences:                       2317  (691750 residues searched)
Passed MSV filter:                       102  (0.0440224); expected 46.3 (0.02)
Passed bias filter:                       79  (0.0340958); expected 46.3 (0.02)
Passed Vit filter:                         6  (0.00258956); expected 2.3 (0.001)
Passed Fwd filter:                         0  (0); expected 0.0 (1e-05)
Initial search space (Z):               2317  [actual number of targets]
Domain search space  (domZ):               0  [number of targets reported over threshold]
# CPU time: 0.03u 0.00s 00:00:00.03 Elapsed: 00:00:00.01
# Mc/sec: 25484.63
//
Query:       nifK-03292025  [M=490]
Scores for complete sequences (score includes all domains):
   --- full sequence ---   --- best 1 domain ---    -#dom-
    E-value  score  bias    E-value  score  bias    exp  N  Sequence Description
    ------- ------ -----    ------- ------ -----   ---- --  -------- -----------

   [No hits detected that satisfy reporting thresholds]


Domain annotation for each sequence (and alignments):

   [No targets detected that satisfy reporting thresholds]


Internal pipeline statistics summary:
-------------------------------------
Query model(s):                            1  (490 nodes)
Target sequences:                       2317  (691750 residues searched)
Passed MSV filter:                        52  (0.0224428); expected 46.3 (0.02)
Passed bias filter:                       40  (0.0172637); expected 46.3 (0.02)
Passed Vit filter:                         4  (0.00172637); expected 2.3 (0.001)
Passed Fwd filter:                         0  (0); expected 0.0 (1e-05)
Initial search space (Z):               2317  [actual number of targets]
Domain search space  (domZ):               0  [number of targets reported over threshold]
# CPU time: 0.02u 0.00s 00:00:00.02 Elapsed: 00:00:00.01
# Mc/sec: 31395.08
//
Query:       nifB-03292025  [M=505]
Scores for complete sequences (score includes all domains):
   --- full sequence ---   --- best 1 domain ---    -#dom-
    E-value  score  bias    E-value  score  bias    exp  N  Sequence Description
    ------- ------ -----    ------- ------ -----   ---- --  -------- -----------

   [No hits detected that satisfy reporting thresholds]


Domain annotation for each sequence (and alignments):

   [No targets detected that satisfy reporting thresholds]


Internal pipeline statistics summary:
-------------------------------------
Query model(s):                            1  (505 nodes)
Target sequences:                       2317  (691750 residues searched)
Passed MSV filter:                        76  (0.032801); expected 46.3 (0.02)
Passed bias filter:                       59  (0.025464); expected 46.3 (0.02)
Passed Vit filter:                         2  (0.000863185); expected 2.3 (0.001)
Passed Fwd filter:                         0  (0); expected 0.0 (1e-05)
Initial search space (Z):               2317  [actual number of targets]
Domain search space  (domZ):               0  [number of targets reported over threshold]
# CPU time: 0.02u 0.01s 00:00:00.03 Elapsed: 00:00:00.01
# Mc/sec: 32449.44
//
Query:       nifE-03292025  [M=556]
Scores for complete sequences (score includes all domains):
   --- full sequence ---   --- best 1 domain ---    -#dom-
    E-value  score  bias    E-value  score  bias    exp  N  Sequence Description
    ------- ------ -----    ------- ------ -----   ---- --  -------- -----------

   [No hits detected that satisfy reporting thresholds]


Domain annotation for each sequence (and alignments):

   [No targets detected that satisfy reporting thresholds]


Internal pipeline statistics summary:
-------------------------------------
Query model(s):                            1  (556 nodes)
Target sequences:                       2317  (691750 residues searched)
Passed MSV filter:                        94  (0.0405697); expected 46.3 (0.02)
Passed bias filter:                       74  (0.0319379); expected 46.3 (0.02)
Passed Vit filter:                         5  (0.00215796); expected 2.3 (0.001)
Passed Fwd filter:                         0  (0); expected 0.0 (1e-05)
Initial search space (Z):               2317  [actual number of targets]
Domain search space  (domZ):               0  [number of targets reported over threshold]
# CPU time: 0.03u 0.00s 00:00:00.03 Elapsed: 00:00:00.01
# Mc/sec: 29231.34
//
Query:       nifN-03292025  [M=700]
Scores for complete sequences (score includes all domains):
   --- full sequence ---   --- best 1 domain ---    -#dom-
    E-value  score  bias    E-value  score  bias    exp  N  Sequence Description
    ------- ------ -----    ------- ------ -----   ---- --  -------- -----------

   [No hits detected that satisfy reporting thresholds]


Domain annotation for each sequence (and alignments):

   [No targets detected that satisfy reporting thresholds]


Internal pipeline statistics summary:
-------------------------------------
Query model(s):                            1  (700 nodes)
Target sequences:                       2317  (691750 residues searched)
Passed MSV filter:                       104  (0.0448856); expected 46.3 (0.02)
Passed bias filter:                       88  (0.0379801); expected 46.3 (0.02)
Passed Vit filter:                        11  (0.00474752); expected 2.3 (0.001)
Passed Fwd filter:                         0  (0); expected 0.0 (1e-05)
Initial search space (Z):               2317  [actual number of targets]
Domain search space  (domZ):               0  [number of targets reported over threshold]
# CPU time: 0.03u 0.00s 00:00:00.03 Elapsed: 00:00:00.01
# Mc/sec: 25979.21
//
Query:       pchlide-04012025  [M=508]
Scores for complete sequences (score includes all domains):
   --- full sequence ---   --- best 1 domain ---    -#dom-
    E-value  score  bias    E-value  score  bias    exp  N  Sequence Description
    ------- ------ -----    ------- ------ -----   ---- --  -------- -----------

   [No hits detected that satisfy reporting thresholds]


Domain annotation for each sequence (and alignments):

   [No targets detected that satisfy reporting thresholds]


Internal pipeline statistics summary:
-------------------------------------
Query model(s):                            1  (508 nodes)
Target sequences:                       2317  (691750 residues searched)
Passed MSV filter:                        85  (0.0366854); expected 46.3 (0.02)
Passed bias filter:                       71  (0.0306431); expected 46.3 (0.02)
Passed Vit filter:                         5  (0.00215796); expected 2.3 (0.001)
Passed Fwd filter:                         0  (0); expected 0.0 (1e-05)
Initial search space (Z):               2317  [actual number of targets]
Domain search space  (domZ):               0  [number of targets reported over threshold]
# CPU time: 0.02u 0.00s 00:00:00.02 Elapsed: 00:00:00.01
# Mc/sec: 29062.29
//
[ok]
# hmmsearch :: search profile(s) against a sequence database
# HMMER 3.4 (Aug 2023); http://hmmer.org/
# Copyright (C) 2023 Howard Hughes Medical Institute.
# Freely distributed under the BSD open source license.
# - - - - - - - - - - - - - - - - - - - - - - - - - - - - - - - - - - - -
# query HMM file:                  ../HMMs/nifV_07242025.hmm
# target sequence database:        ../all_rep_proteins_aa/bacteria/RS_GCF_910588395.1_protein.faa
# - - - - - - - - - - - - - - - - - - - - - - - - - - - - - - - - - - - -

Query:       nifV-07242025  [M=437]
Scores for complete sequences (score includes all domains):
   --- full sequence ---   --- best 1 domain ---    -#dom-
    E-value  score  bias    E-value  score  bias    exp  N  Sequence Description
    ------- ------ -----    ------- ------ -----   ---- --  -------- -----------

   [No hits detected that satisfy reporting thresholds]


Domain annotation for each sequence (and alignments):

   [No targets detected that satisfy reporting thresholds]


Internal pipeline statistics summary:
-------------------------------------
Query model(s):                            1  (437 nodes)
Target sequences:                       2317  (691750 residues searched)
Passed MSV filter:                        89  (0.0384117); expected 46.3 (0.02)
Passed bias filter:                       62  (0.0267587); expected 46.3 (0.02)
Passed Vit filter:                         7  (0.00302115); expected 2.3 (0.001)
Passed Fwd filter:                         0  (0); expected 0.0 (1e-05)
Initial search space (Z):               2317  [actual number of targets]
Domain search space  (domZ):               0  [number of targets reported over threshold]
# CPU time: 0.02u 0.00s 00:00:00.02 Elapsed: 00:00:00.01
# Mc/sec: 25537.77
//
[ok]
