# hmmsearch :: search profile(s) against a sequence database
# HMMER 3.4 (Aug 2023); http://hmmer.org/
# Copyright (C) 2023 Howard Hughes Medical Institute.
# Freely distributed under the BSD open source license.
# - - - - - - - - - - - - - - - - - - - - - - - - - - - - - - - - - - - -
# query HMM file:                  ../HMMs/combined_nif_04012025.hmm
# target sequence database:        ../all_rep_proteins_aa/bacteria/RS_GCF_027484945.1_protein.faa
# - - - - - - - - - - - - - - - - - - - - - - - - - - - - - - - - - - - -

Query:       nifH-03292025  [M=327]
Scores for complete sequences (score includes all domains):
   --- full sequence ---   --- best 1 domain ---    -#dom-
    E-value  score  bias    E-value  score  bias    exp  N  Sequence               Description
    ------- ------ -----    ------- ------ -----   ---- --  --------               -----------
    6.3e-13   45.4   0.6      2e-07   27.3   0.0    2.1  2  NZ_JAIXRZ010000042.1_5  # 3580 # 4347 # 1 # ID=34_5;partial=0
    3.1e-08   30.0   0.2    7.9e-07   25.4   0.1    2.3  2  NZ_JAIXRZ010000025.1_8  # 7335 # 8465 # -1 # ID=19_8;partial=
  ------ inclusion threshold ------
      0.016   11.2   0.0       0.03   10.3   0.0    1.4  1  NZ_JAIXRZ010000069.1_4  # 2221 # 4338 # 1 # ID=26_4;partial=0


Domain annotation for each sequence (and alignments):
>> NZ_JAIXRZ010000042.1_5  # 3580 # 4347 # 1 # ID=34_5;partial=00;start_type=ATG;rbs_motif=None;rbs_spacer=None;gc_cont=
   #    score  bias  c-Evalue  i-Evalue hmmfrom  hmm to    alifrom  ali to    envfrom  env to     acc
 ---   ------ ----- --------- --------- ------- -------    ------- -------    ------- -------    ----
   1 !   27.3   0.0     3e-10     2e-07      17      55 ..      11      49 ..       2      85 .. 0.87
   2 !   16.8   0.1     5e-07   0.00034     149     256 ..     141     253 ..     138     255 .. 0.79

  Alignments for each domain:
  == domain 1  score: 27.3 bits;  conditional E-value: 3e-10
           nifH-03292025 17 KGGiGKSttasnlsaalaeegkkvlivGCdPKaDstrll 55
                            KGG+GK tt+ nl+a l   +kkvl +  dP a +t+ l
  NZ_JAIXRZ010000042.1_5 11 KGGVGKTTTSVNLAASLGVLEKKVLLIDADPQANATSGL 49
                            9**********************************9876 PP

  == domain 2  score: 16.8 bits;  conditional E-value: 5e-07
           nifH-03292025 149 adevyivtsgemmalYaanniakgikkyaee..ggvrlgGlicNsr..kvdkeeelveefaeklgtqiiaf.vprsnevqkaelekk 230
                             ad+v+i + +e+ al     +++++k++++    +  + G++  +   + +  +++vee+ ++++  ++++ ++r+ ++++a   ++
  NZ_JAIXRZ010000042.1_5 141 ADSVIIPIQCEYFALEGLGKLLNTVKSVQKIhnPNLDIEGMLLTMFdsRLRLSNQVVEEVQKHFNDMVFKTiIQRNVKLSEAPSFGE 227
                             7888888889999988877666666666654115667889887765114567899*********99999862578889********* PP

           nifH-03292025 231 tvieaapdseqakeyreLakkilenk 256
                              +i+++ +s+ a++y +La+++++++
  NZ_JAIXRZ010000042.1_5 228 SIINFDATSKGASNYLSLAEEVIKKN 253
                             *********************99875 PP

>> NZ_JAIXRZ010000025.1_8  # 7335 # 8465 # -1 # ID=19_8;partial=00;start_type=ATG;rbs_motif=None;rbs_spacer=None;gc_cont
   #    score  bias  c-Evalue  i-Evalue hmmfrom  hmm to    alifrom  ali to    envfrom  env to     acc
 ---   ------ ----- --------- --------- ------- -------    ------- -------    ------- -------    ----
   1 !   25.4   0.1   1.2e-09   7.9e-07      15      41 ..     105     131 ..      96     169 .. 0.87
   2 ?    2.1   0.0     0.014       9.8     171     255 ..     253     348 ..     238     373 .. 0.63

  Alignments for each domain:
  == domain 1  score: 25.4 bits;  conditional E-value: 1.2e-09
           nifH-03292025  15 YGKGGiGKSttasnlsaalaeegkkvl 41 
                              GKGG+GKStt++nl+++la++g kv 
  NZ_JAIXRZ010000025.1_8 105 SGKGGVGKSTTTANLAVTLAKMGFKVG 131
                             4**********************9995 PP

  == domain 2  score: 2.1 bits;  conditional E-value: 0.014
           nifH-03292025 171 kgikkyaee.ggvrlgGlicNsrkvdke...........eelveefaeklgtqiiafvprsnevqkaelekktvieaapdseqakey 245
                             kg++ +++e  +v + G+i N+   + e           +e  +++a++l++  + +vp  + +++a   ++     +  s+  k y
  NZ_JAIXRZ010000025.1_8 253 KGVAMFQSEsINVPVLGIIENMAYFTPEelpnnkyyifgKEGAKNLASDLQVPFLGEVPLVQSIREAGDFGRPA-ALQTASPLEKIY 338
                             67777766546777777777776544331111112222245678899999999999999999999885444432.344556777888 PP

           nifH-03292025 246 reLakkilen 255
                             +e+a+++ ++
  NZ_JAIXRZ010000025.1_8 339 EEVARNVVRE 348
                             8888887543 PP

>> NZ_JAIXRZ010000069.1_4  # 2221 # 4338 # 1 # ID=26_4;partial=00;start_type=ATG;rbs_motif=None;rbs_spacer=None;gc_cont=
   #    score  bias  c-Evalue  i-Evalue hmmfrom  hmm to    alifrom  ali to    envfrom  env to     acc
 ---   ------ ----- --------- --------- ------- -------    ------- -------    ------- -------    ----
   1 ?   10.3   0.0   4.5e-05      0.03       5      33 ..      13      41 ..       9      44 .. 0.86

  Alignments for each domain:
  == domain 1  score: 10.3 bits;  conditional E-value: 4.5e-05
           nifH-03292025  5 makkmrkiAiYGKGGiGKSttasnlsaal 33
                            ++k++ +iA+YG    GKSt+a++l+ a+
  NZ_JAIXRZ010000069.1_4 13 NEKTVLRIAFYGPESTGKSTIAAQLAEAF 41
                            456789*****************999886 PP



Internal pipeline statistics summary:
-------------------------------------
Query model(s):                            1  (327 nodes)
Target sequences:                       2046  (702372 residues searched)
Passed MSV filter:                       121  (0.0591398); expected 40.9 (0.02)
Passed bias filter:                       92  (0.0449658); expected 40.9 (0.02)
Passed Vit filter:                        14  (0.00684262); expected 2.0 (0.001)
Passed Fwd filter:                         3  (0.00146628); expected 0.0 (1e-05)
Initial search space (Z):               2046  [actual number of targets]
Domain search space  (domZ):               3  [number of targets reported over threshold]
# CPU time: 0.02u 0.00s 00:00:00.02 Elapsed: 00:00:00.02
# Mc/sec: 7755.55
//
Query:       nifD-03292025  [M=482]
Scores for complete sequences (score includes all domains):
   --- full sequence ---   --- best 1 domain ---    -#dom-
    E-value  score  bias    E-value  score  bias    exp  N  Sequence Description
    ------- ------ -----    ------- ------ -----   ---- --  -------- -----------

   [No hits detected that satisfy reporting thresholds]


Domain annotation for each sequence (and alignments):

   [No targets detected that satisfy reporting thresholds]


Internal pipeline statistics summary:
-------------------------------------
Query model(s):                            1  (482 nodes)
Target sequences:                       2046  (702372 residues searched)
Passed MSV filter:                       115  (0.0562072); expected 40.9 (0.02)
Passed bias filter:                       75  (0.0366569); expected 40.9 (0.02)
Passed Vit filter:                         7  (0.00342131); expected 2.0 (0.001)
Passed Fwd filter:                         0  (0); expected 0.0 (1e-05)
Initial search space (Z):               2046  [actual number of targets]
Domain search space  (domZ):               0  [number of targets reported over threshold]
# CPU time: 0.02u 0.00s 00:00:00.02 Elapsed: 00:00:00.01
# Mc/sec: 27020.14
//
Query:       nifK-03292025  [M=490]
Scores for complete sequences (score includes all domains):
   --- full sequence ---   --- best 1 domain ---    -#dom-
    E-value  score  bias    E-value  score  bias    exp  N  Sequence Description
    ------- ------ -----    ------- ------ -----   ---- --  -------- -----------

   [No hits detected that satisfy reporting thresholds]


Domain annotation for each sequence (and alignments):

   [No targets detected that satisfy reporting thresholds]


Internal pipeline statistics summary:
-------------------------------------
Query model(s):                            1  (490 nodes)
Target sequences:                       2046  (702372 residues searched)
Passed MSV filter:                        67  (0.0327468); expected 40.9 (0.02)
Passed bias filter:                       45  (0.0219941); expected 40.9 (0.02)
Passed Vit filter:                         3  (0.00146628); expected 2.0 (0.001)
Passed Fwd filter:                         0  (0); expected 0.0 (1e-05)
Initial search space (Z):               2046  [actual number of targets]
Domain search space  (domZ):               0  [number of targets reported over threshold]
# CPU time: 0.02u 0.01s 00:00:00.03 Elapsed: 00:00:00.01
# Mc/sec: 27476.97
//
Query:       nifB-03292025  [M=505]
Scores for complete sequences (score includes all domains):
   --- full sequence ---   --- best 1 domain ---    -#dom-
    E-value  score  bias    E-value  score  bias    exp  N  Sequence Description
    ------- ------ -----    ------- ------ -----   ---- --  -------- -----------

   [No hits detected that satisfy reporting thresholds]


Domain annotation for each sequence (and alignments):

   [No targets detected that satisfy reporting thresholds]


Internal pipeline statistics summary:
-------------------------------------
Query model(s):                            1  (505 nodes)
Target sequences:                       2046  (702372 residues searched)
Passed MSV filter:                        67  (0.0327468); expected 40.9 (0.02)
Passed bias filter:                       48  (0.0234604); expected 40.9 (0.02)
Passed Vit filter:                         2  (0.000977517); expected 2.0 (0.001)
Passed Fwd filter:                         0  (0); expected 0.0 (1e-05)
Initial search space (Z):               2046  [actual number of targets]
Domain search space  (domZ):               0  [number of targets reported over threshold]
# CPU time: 0.02u 0.00s 00:00:00.02 Elapsed: 00:00:00.01
# Mc/sec: 24271.38
//
Query:       nifE-03292025  [M=556]
Scores for complete sequences (score includes all domains):
   --- full sequence ---   --- best 1 domain ---    -#dom-
    E-value  score  bias    E-value  score  bias    exp  N  Sequence Description
    ------- ------ -----    ------- ------ -----   ---- --  -------- -----------

   [No hits detected that satisfy reporting thresholds]


Domain annotation for each sequence (and alignments):

   [No targets detected that satisfy reporting thresholds]


Internal pipeline statistics summary:
-------------------------------------
Query model(s):                            1  (556 nodes)
Target sequences:                       2046  (702372 residues searched)
Passed MSV filter:                       107  (0.0522972); expected 40.9 (0.02)
Passed bias filter:                       73  (0.0356794); expected 40.9 (0.02)
Passed Vit filter:                         8  (0.00391007); expected 2.0 (0.001)
Passed Fwd filter:                         0  (0); expected 0.0 (1e-05)
Initial search space (Z):               2046  [actual number of targets]
Domain search space  (domZ):               0  [number of targets reported over threshold]
# CPU time: 0.02u 0.00s 00:00:00.02 Elapsed: 00:00:00.02
# Mc/sec: 16877.17
//
Query:       nifN-03292025  [M=700]
Scores for complete sequences (score includes all domains):
   --- full sequence ---   --- best 1 domain ---    -#dom-
    E-value  score  bias    E-value  score  bias    exp  N  Sequence Description
    ------- ------ -----    ------- ------ -----   ---- --  -------- -----------

   [No hits detected that satisfy reporting thresholds]


Domain annotation for each sequence (and alignments):

   [No targets detected that satisfy reporting thresholds]


Internal pipeline statistics summary:
-------------------------------------
Query model(s):                            1  (700 nodes)
Target sequences:                       2046  (702372 residues searched)
Passed MSV filter:                        79  (0.0386119); expected 40.9 (0.02)
Passed bias filter:                       49  (0.0239492); expected 40.9 (0.02)
Passed Vit filter:                         4  (0.00195503); expected 2.0 (0.001)
Passed Fwd filter:                         0  (0); expected 0.0 (1e-05)
Initial search space (Z):               2046  [actual number of targets]
Domain search space  (domZ):               0  [number of targets reported over threshold]
# CPU time: 0.03u 0.00s 00:00:00.03 Elapsed: 00:00:00.01
# Mc/sec: 27348.61
//
Query:       pchlide-04012025  [M=508]
Scores for complete sequences (score includes all domains):
   --- full sequence ---   --- best 1 domain ---    -#dom-
    E-value  score  bias    E-value  score  bias    exp  N  Sequence Description
    ------- ------ -----    ------- ------ -----   ---- --  -------- -----------

   [No hits detected that satisfy reporting thresholds]


Domain annotation for each sequence (and alignments):

   [No targets detected that satisfy reporting thresholds]


Internal pipeline statistics summary:
-------------------------------------
Query model(s):                            1  (508 nodes)
Target sequences:                       2046  (702372 residues searched)
Passed MSV filter:                        79  (0.0386119); expected 40.9 (0.02)
Passed bias filter:                       54  (0.026393); expected 40.9 (0.02)
Passed Vit filter:                         8  (0.00391007); expected 2.0 (0.001)
Passed Fwd filter:                         0  (0); expected 0.0 (1e-05)
Initial search space (Z):               2046  [actual number of targets]
Domain search space  (domZ):               0  [number of targets reported over threshold]
# CPU time: 0.03u 0.00s 00:00:00.03 Elapsed: 00:00:00.01
# Mc/sec: 23653.56
//
[ok]
# hmmsearch :: search profile(s) against a sequence database
# HMMER 3.4 (Aug 2023); http://hmmer.org/
# Copyright (C) 2023 Howard Hughes Medical Institute.
# Freely distributed under the BSD open source license.
# - - - - - - - - - - - - - - - - - - - - - - - - - - - - - - - - - - - -
# query HMM file:                  ../HMMs/nifV_07242025.hmm
# target sequence database:        ../all_rep_proteins_aa/bacteria/RS_GCF_027484945.1_protein.faa
# - - - - - - - - - - - - - - - - - - - - - - - - - - - - - - - - - - - -

Query:       nifV-07242025  [M=437]
Scores for complete sequences (score includes all domains):
   --- full sequence ---   --- best 1 domain ---    -#dom-
    E-value  score  bias    E-value  score  bias    exp  N  Sequence Description
    ------- ------ -----    ------- ------ -----   ---- --  -------- -----------

   [No hits detected that satisfy reporting thresholds]


Domain annotation for each sequence (and alignments):

   [No targets detected that satisfy reporting thresholds]


Internal pipeline statistics summary:
-------------------------------------
Query model(s):                            1  (437 nodes)
Target sequences:                       2046  (702372 residues searched)
Passed MSV filter:                        63  (0.0307918); expected 40.9 (0.02)
Passed bias filter:                       48  (0.0234604); expected 40.9 (0.02)
Passed Vit filter:                         2  (0.000977517); expected 2.0 (0.001)
Passed Fwd filter:                         0  (0); expected 0.0 (1e-05)
Initial search space (Z):               2046  [actual number of targets]
Domain search space  (domZ):               0  [number of targets reported over threshold]
# CPU time: 0.01u 0.00s 00:00:00.01 Elapsed: 00:00:00.01
# Mc/sec: 28122.61
//
[ok]
