# hmmsearch :: search profile(s) against a sequence database
# HMMER 3.4 (Aug 2023); http://hmmer.org/
# Copyright (C) 2023 Howard Hughes Medical Institute.
# Freely distributed under the BSD open source license.
# - - - - - - - - - - - - - - - - - - - - - - - - - - - - - - - - - - - -
# query HMM file:                  ../HMMs/combined_nif_04012025.hmm
# target sequence database:        ../all_rep_proteins_aa/bacteria/RS_GCF_000378085.1_protein.faa
# - - - - - - - - - - - - - - - - - - - - - - - - - - - - - - - - - - - -

Query:       nifH-03292025  [M=327]
Scores for complete sequences (score includes all domains):
   --- full sequence ---   --- best 1 domain ---    -#dom-
    E-value  score  bias    E-value  score  bias    exp  N  Sequence          Description
    ------- ------ -----    ------- ------ -----   ---- --  --------          -----------
    1.9e-10   37.8   0.3    1.3e-07   28.4   0.1    2.1  2  NZ_KB899215.1_165  # 193853 # 194617 # -1 # ID=6_165;partial=
    3.6e-08   30.3   0.6    5.3e-06   23.2   0.1    2.3  2  NZ_KB899217.1_85   # 101756 # 102859 # 1 # ID=8_85;partial=00
    1.7e-05   21.5   0.0    2.9e-05   20.7   0.0    1.3  1  NZ_KB899226.1_12   # 8719 # 9522 # -1 # ID=17_12;partial=00;s
      2e-05   21.2   0.0      4e-05   20.3   0.0    1.4  1  NZ_KB899229.1_13   # 8739 # 9542 # -1 # ID=20_13;partial=00;s
  ------ inclusion threshold ------
      0.023   11.2   1.9       0.63    6.5   0.0    2.8  3  NZ_KB899210.1_307  # 377937 # 379895 # -1 # ID=1_307;partial=


Domain annotation for each sequence (and alignments):
>> NZ_KB899215.1_165  # 193853 # 194617 # -1 # ID=6_165;partial=00;start_type=ATG;rbs_motif=AAAAA;rbs_spacer=6bp;gc_cont
   #    score  bias  c-Evalue  i-Evalue hmmfrom  hmm to    alifrom  ali to    envfrom  env to     acc
 ---   ------ ----- --------- --------- ------- -------    ------- -------    ------- -------    ----
   1 !   28.4   0.1   2.3e-10   1.3e-07      17      55 ..      11      49 ..       3      63 .. 0.93
   2 !    7.6   0.0    0.0005      0.28     148     255 ..     140     252 ..     138     254 .. 0.82

  Alignments for each domain:
  == domain 1  score: 28.4 bits;  conditional E-value: 2.3e-10
      nifH-03292025 17 KGGiGKSttasnlsaalaeegkkvlivGCdPKaDstrll 55
                       KGG+GK tt+ nl+a la+ +k+vl+v  dP a s++ l
  NZ_KB899215.1_165 11 KGGVGKTTTTINLAASLATLEKSVLVVDADPQANSSSGL 49
                       9*********************************98765 PP

  == domain 2  score: 7.6 bits;  conditional E-value: 0.0005
      nifH-03292025 148 kadevyivtsgemmalYaanniakgikkyaee..ggvrlgGlicNsr..kvdkeeelveefaeklgtqiiafv.prsnevqkaelekktvie 234
                         ad+v+i + +e+ al     ++++ik ++++   + ++ G++  +   + +  +++ +e+ ++++  ++++v +r+ +++++  ++  vi 
  NZ_KB899215.1_165 140 AADSVIIPVQCEYFALEGISKLLNTIKIIKSKlnPKLEIEGFLLTMYdsRLRLANQIYDEVKRHFQELVFKTViQRNVKLSESPSHGLPVIL 231
                        589999999****************999988833556677877765511456678889999999888888765277888999999******* PP

      nifH-03292025 235 aapdseqakeyreLakkilen 255
                        ++ +s+  k+  +Lak+i e+
  NZ_KB899215.1_165 232 YDAESTGSKNHLALAKEIVEK 252
                        ******************986 PP

>> NZ_KB899217.1_85  # 101756 # 102859 # 1 # ID=8_85;partial=00;start_type=ATG;rbs_motif=AACAA;rbs_spacer=10bp;gc_cont=0
   #    score  bias  c-Evalue  i-Evalue hmmfrom  hmm to    alifrom  ali to    envfrom  env to     acc
 ---   ------ ----- --------- --------- ------- -------    ------- -------    ------- -------    ----
   1 !   23.2   0.1   9.3e-09   5.3e-06      16      40 ..     106     130 ..      94     136 .. 0.90
   2 !    5.3   0.0    0.0025       1.4     171     257 ..     253     350 ..     236     366 .. 0.68

  Alignments for each domain:
  == domain 1  score: 23.2 bits;  conditional E-value: 9.3e-09
     nifH-03292025  16 GKGGiGKSttasnlsaalaeegkkv 40 
                       GKGG+GKSt+++nl+ ala+ g+kv
  NZ_KB899217.1_85 106 GKGGVGKSTVSANLAIALARLGYKV 130
                       ***********************98 PP

  == domain 2  score: 5.3 bits;  conditional E-value: 0.0025
     nifH-03292025 171 kgikkyaee.ggvrlgGlicNsr.....kvdke......eelveefaeklgtqiiafvprsnevqkaelekktvieaapdseqakeyreLakk 251
                       kgi  y++e  +v + Gl+ N+      +  ++      +e v+++a++++t ++a++p  + + +   +k t    + d+ + +++ +La++
  NZ_KB899217.1_85 253 KGIDMYRNEkVNVPILGLVENMAwftpaELPQNkyyifgKEGVKQLADEMNTPLLAQIPLVQSICENG-DKGTPAALDADTMTGQAFINLAQA 344
                       6777776654667777777776522111122221222225789****************999998754.56677888999999999******9 PP

     nifH-03292025 252 ilenkk 257
                       + + ++
  NZ_KB899217.1_85 345 VVTVTN 350
                       965443 PP

>> NZ_KB899226.1_12  # 8719 # 9522 # -1 # ID=17_12;partial=00;start_type=ATG;rbs_motif=TAA;rbs_spacer=12bp;gc_cont=0.475
   #    score  bias  c-Evalue  i-Evalue hmmfrom  hmm to    alifrom  ali to    envfrom  env to     acc
 ---   ------ ----- --------- --------- ------- -------    ------- -------    ------- -------    ----
   1 !   20.7   0.0   5.1e-08   2.9e-05      17      73 ..      17      72 ..      15      90 .. 0.86

  Alignments for each domain:
  == domain 1  score: 20.7 bits;  conditional E-value: 5.1e-08
     nifH-03292025 17 KGGiGKSttasnlsaala.eegkkvlivGCdPKaDstrlllggkaqktvldllrekge 73
                      KGG+GKSt a+ +s +l  e+g + +++ Cd  +Ds   l   +++k++++  +e ++
  NZ_KB899226.1_12 17 KGGVGKSTLAEIVSSILYyEQGINLFVMDCDLSQDSFYKLR--EREKSIVQESEELSK 72
                      9***************99899******************99..667777777666554 PP

>> NZ_KB899229.1_13  # 8739 # 9542 # -1 # ID=20_13;partial=00;start_type=ATG;rbs_motif=TAAAAA;rbs_spacer=11bp;gc_cont=0.
   #    score  bias  c-Evalue  i-Evalue hmmfrom  hmm to    alifrom  ali to    envfrom  env to     acc
 ---   ------ ----- --------- --------- ------- -------    ------- -------    ------- -------    ----
   1 !   20.3   0.0     7e-08     4e-05      17      62 ..      17      61 ..      15      75 .. 0.89

  Alignments for each domain:
  == domain 1  score: 20.3 bits;  conditional E-value: 7e-08
     nifH-03292025 17 KGGiGKSttasnlsaala.eegkkvlivGCdPKaDstrlllggkaqk 62
                      KGG+GKSt a+ +s +l  e+g + +iv Cd  +Ds   l ++  +k
  NZ_KB899229.1_13 17 KGGVGKSTLAEIVSSILYyEKGIELFIVDCDLSQDSFYKLRQR--EK 61
                      9***************99899***************9999844..34 PP

>> NZ_KB899210.1_307  # 377937 # 379895 # -1 # ID=1_307;partial=00;start_type=ATG;rbs_motif=TAAAAA;rbs_spacer=8bp;gc_con
   #    score  bias  c-Evalue  i-Evalue hmmfrom  hmm to    alifrom  ali to    envfrom  env to     acc
 ---   ------ ----- --------- --------- ------- -------    ------- -------    ------- -------    ----
   1 ?    6.5   0.0    0.0011      0.63       6      26 ..      24      44 ..      19      50 .. 0.83
   2 ?   -3.6   0.1       1.3   7.5e+02     224     260 ..     252     288 ..     232     308 .. 0.54
   3 ?    3.1   0.0     0.012       6.7       8      30 ..     352     374 ..     345     385 .. 0.80

  Alignments for each domain:
  == domain 1  score: 6.5 bits;  conditional E-value: 0.0011
      nifH-03292025  6 akkmrkiAiYGKGGiGKStta 26
                        ++  +iA+ GK G GKSt+ 
  NZ_KB899210.1_307 24 VNNRDRIALVGKNGAGKSTML 44
                       456789*************85 PP

  == domain 2  score: -3.6 bits;  conditional E-value: 1.3
      nifH-03292025 224 kaelekktvieaapdseqakeyreLakkilenkklvi 260
                        +ae +++ +  +++++++ + ++++ +k   + ++++
  NZ_KB899210.1_307 252 RAERREQQLRAYENQQKEIADMKDFIEKFRYKPTKAV 288
                        4555555555555555555555555444444443333 PP

  == domain 3  score: 3.1 bits;  conditional E-value: 0.012
      nifH-03292025   8 kmrkiAiYGKGGiGKSttasnls 30 
                        + +k+A+ G+ G GKSt ++ + 
  NZ_KB899210.1_307 352 RGEKVAFVGRNGEGKSTLVKCIL 374
                        5689*************987665 PP



Internal pipeline statistics summary:
-------------------------------------
Query model(s):                            1  (327 nodes)
Target sequences:                       2840  (966939 residues searched)
Passed MSV filter:                       136  (0.0478873); expected 56.8 (0.02)
Passed bias filter:                      100  (0.0352113); expected 56.8 (0.02)
Passed Vit filter:                        14  (0.00492958); expected 2.8 (0.001)
Passed Fwd filter:                         5  (0.00176056); expected 0.0 (1e-05)
Initial search space (Z):               2840  [actual number of targets]
Domain search space  (domZ):               5  [number of targets reported over threshold]
# CPU time: 0.03u 0.00s 00:00:00.03 Elapsed: 00:00:00.02
# Mc/sec: 14716.02
//
Query:       nifD-03292025  [M=482]
Scores for complete sequences (score includes all domains):
   --- full sequence ---   --- best 1 domain ---    -#dom-
    E-value  score  bias    E-value  score  bias    exp  N  Sequence Description
    ------- ------ -----    ------- ------ -----   ---- --  -------- -----------

   [No hits detected that satisfy reporting thresholds]


Domain annotation for each sequence (and alignments):

   [No targets detected that satisfy reporting thresholds]


Internal pipeline statistics summary:
-------------------------------------
Query model(s):                            1  (482 nodes)
Target sequences:                       2840  (966939 residues searched)
Passed MSV filter:                       139  (0.0489437); expected 56.8 (0.02)
Passed bias filter:                       88  (0.0309859); expected 56.8 (0.02)
Passed Vit filter:                         4  (0.00140845); expected 2.8 (0.001)
Passed Fwd filter:                         0  (0); expected 0.0 (1e-05)
Initial search space (Z):               2840  [actual number of targets]
Domain search space  (domZ):               0  [number of targets reported over threshold]
# CPU time: 0.03u 0.00s 00:00:00.03 Elapsed: 00:00:00.01
# Mc/sec: 23683.33
//
Query:       nifK-03292025  [M=490]
Scores for complete sequences (score includes all domains):
   --- full sequence ---   --- best 1 domain ---    -#dom-
    E-value  score  bias    E-value  score  bias    exp  N  Sequence Description
    ------- ------ -----    ------- ------ -----   ---- --  -------- -----------

   [No hits detected that satisfy reporting thresholds]


Domain annotation for each sequence (and alignments):

   [No targets detected that satisfy reporting thresholds]


Internal pipeline statistics summary:
-------------------------------------
Query model(s):                            1  (490 nodes)
Target sequences:                       2840  (966939 residues searched)
Passed MSV filter:                        70  (0.0246479); expected 56.8 (0.02)
Passed bias filter:                       58  (0.0204225); expected 56.8 (0.02)
Passed Vit filter:                         2  (0.000704225); expected 2.8 (0.001)
Passed Fwd filter:                         0  (0); expected 0.0 (1e-05)
Initial search space (Z):               2840  [actual number of targets]
Domain search space  (domZ):               0  [number of targets reported over threshold]
# CPU time: 0.02u 0.00s 00:00:00.02 Elapsed: 00:00:00.01
# Mc/sec: 31386.01
//
Query:       nifB-03292025  [M=505]
Scores for complete sequences (score includes all domains):
   --- full sequence ---   --- best 1 domain ---    -#dom-
    E-value  score  bias    E-value  score  bias    exp  N  Sequence Description
    ------- ------ -----    ------- ------ -----   ---- --  -------- -----------

   [No hits detected that satisfy reporting thresholds]


Domain annotation for each sequence (and alignments):

   [No targets detected that satisfy reporting thresholds]


Internal pipeline statistics summary:
-------------------------------------
Query model(s):                            1  (505 nodes)
Target sequences:                       2840  (966939 residues searched)
Passed MSV filter:                        99  (0.0348592); expected 56.8 (0.02)
Passed bias filter:                       68  (0.0239437); expected 56.8 (0.02)
Passed Vit filter:                         4  (0.00140845); expected 2.8 (0.001)
Passed Fwd filter:                         0  (0); expected 0.0 (1e-05)
Initial search space (Z):               2840  [actual number of targets]
Domain search space  (domZ):               0  [number of targets reported over threshold]
# CPU time: 0.03u 0.00s 00:00:00.03 Elapsed: 00:00:00.01
# Mc/sec: 25905.57
//
Query:       nifE-03292025  [M=556]
Scores for complete sequences (score includes all domains):
   --- full sequence ---   --- best 1 domain ---    -#dom-
    E-value  score  bias    E-value  score  bias    exp  N  Sequence Description
    ------- ------ -----    ------- ------ -----   ---- --  -------- -----------

   [No hits detected that satisfy reporting thresholds]


Domain annotation for each sequence (and alignments):

   [No targets detected that satisfy reporting thresholds]


Internal pipeline statistics summary:
-------------------------------------
Query model(s):                            1  (556 nodes)
Target sequences:                       2840  (966939 residues searched)
Passed MSV filter:                       114  (0.0401408); expected 56.8 (0.02)
Passed bias filter:                       78  (0.0274648); expected 56.8 (0.02)
Passed Vit filter:                        10  (0.00352113); expected 2.8 (0.001)
Passed Fwd filter:                         0  (0); expected 0.0 (1e-05)
Initial search space (Z):               2840  [actual number of targets]
Domain search space  (domZ):               0  [number of targets reported over threshold]
# CPU time: 0.03u 0.01s 00:00:00.04 Elapsed: 00:00:00.01
# Mc/sec: 27475.94
//
Query:       nifN-03292025  [M=700]
Scores for complete sequences (score includes all domains):
   --- full sequence ---   --- best 1 domain ---    -#dom-
    E-value  score  bias    E-value  score  bias    exp  N  Sequence Description
    ------- ------ -----    ------- ------ -----   ---- --  -------- -----------

   [No hits detected that satisfy reporting thresholds]


Domain annotation for each sequence (and alignments):

   [No targets detected that satisfy reporting thresholds]


Internal pipeline statistics summary:
-------------------------------------
Query model(s):                            1  (700 nodes)
Target sequences:                       2840  (966939 residues searched)
Passed MSV filter:                        82  (0.0288732); expected 56.8 (0.02)
Passed bias filter:                       58  (0.0204225); expected 56.8 (0.02)
Passed Vit filter:                         6  (0.00211268); expected 2.8 (0.001)
Passed Fwd filter:                         0  (0); expected 0.0 (1e-05)
Initial search space (Z):               2840  [actual number of targets]
Domain search space  (domZ):               0  [number of targets reported over threshold]
# CPU time: 0.04u 0.00s 00:00:00.04 Elapsed: 00:00:00.02
# Mc/sec: 31358.88
//
Query:       pchlide-04012025  [M=508]
Scores for complete sequences (score includes all domains):
   --- full sequence ---   --- best 1 domain ---    -#dom-
    E-value  score  bias    E-value  score  bias    exp  N  Sequence Description
    ------- ------ -----    ------- ------ -----   ---- --  -------- -----------

   [No hits detected that satisfy reporting thresholds]


Domain annotation for each sequence (and alignments):

   [No targets detected that satisfy reporting thresholds]


Internal pipeline statistics summary:
-------------------------------------
Query model(s):                            1  (508 nodes)
Target sequences:                       2840  (966939 residues searched)
Passed MSV filter:                        96  (0.0338028); expected 56.8 (0.02)
Passed bias filter:                       70  (0.0246479); expected 56.8 (0.02)
Passed Vit filter:                         0  (0); expected 2.8 (0.001)
Passed Fwd filter:                         0  (0); expected 0.0 (1e-05)
Initial search space (Z):               2840  [actual number of targets]
Domain search space  (domZ):               0  [number of targets reported over threshold]
# CPU time: 0.02u 0.00s 00:00:00.02 Elapsed: 00:00:00.01
# Mc/sec: 26655.52
//
[ok]
# hmmsearch :: search profile(s) against a sequence database
# HMMER 3.4 (Aug 2023); http://hmmer.org/
# Copyright (C) 2023 Howard Hughes Medical Institute.
# Freely distributed under the BSD open source license.
# - - - - - - - - - - - - - - - - - - - - - - - - - - - - - - - - - - - -
# query HMM file:                  ../HMMs/nifV_07242025.hmm
# target sequence database:        ../all_rep_proteins_aa/bacteria/RS_GCF_000378085.1_protein.faa
# - - - - - - - - - - - - - - - - - - - - - - - - - - - - - - - - - - - -

Query:       nifV-07242025  [M=437]
Scores for complete sequences (score includes all domains):
   --- full sequence ---   --- best 1 domain ---    -#dom-
    E-value  score  bias    E-value  score  bias    exp  N  Sequence         Description
    ------- ------ -----    ------- ------ -----   ---- --  --------         -----------
     0.0019   14.6   0.0     0.0029   14.0   0.0    1.2  1  NZ_KB899217.1_72  # 85084 # 86856 # -1 # ID=8_72;partial=00;s


Domain annotation for each sequence (and alignments):
>> NZ_KB899217.1_72  # 85084 # 86856 # -1 # ID=8_72;partial=00;start_type=ATG;rbs_motif=TAA;rbs_spacer=7bp;gc_cont=0.508
   #    score  bias  c-Evalue  i-Evalue hmmfrom  hmm to    alifrom  ali to    envfrom  env to     acc
 ---   ------ ----- --------- --------- ------- -------    ------- -------    ------- -------    ----
   1 !   14.0   0.0     1e-06    0.0029     161     233 ..     161     234 ..     154     237 .. 0.91

  Alignments for each domain:
  == domain 1  score: 14.0 bits;  conditional E-value: 1e-06
     nifV-07242025 161 vaevaqeaGasrlRfaDTlGildPfttlekvkkLraal.dlelEmHaHnDlGlAtANtlaavkaGathvnttvn 233
                       +a++  eaGa+ + + D  Gi +P    +  k+++++  ++ +E H H   Gl+ A  l  ++ Ga  ++t ++
  NZ_KB899217.1_72 161 IADQLIEAGAKEICLKDMAGIGQPALLGQLTKAIKDKHpEIIIEYHGHTGPGLSMASVLEVCNNGADIIDTAIE 234
                       7888899***************************87652799*****************************986 PP



Internal pipeline statistics summary:
-------------------------------------
Query model(s):                            1  (437 nodes)
Target sequences:                       2840  (966939 residues searched)
Passed MSV filter:                        85  (0.0299296); expected 56.8 (0.02)
Passed bias filter:                       62  (0.021831); expected 56.8 (0.02)
Passed Vit filter:                         5  (0.00176056); expected 2.8 (0.001)
Passed Fwd filter:                         1  (0.000352113); expected 0.0 (1e-05)
Initial search space (Z):               2840  [actual number of targets]
Domain search space  (domZ):               1  [number of targets reported over threshold]
# CPU time: 0.02u 0.00s 00:00:00.02 Elapsed: 00:00:00.02
# Mc/sec: 14710.25
//
[ok]
