# hmmsearch :: search profile(s) against a sequence database
# HMMER 3.4 (Aug 2023); http://hmmer.org/
# Copyright (C) 2023 Howard Hughes Medical Institute.
# Freely distributed under the BSD open source license.
# - - - - - - - - - - - - - - - - - - - - - - - - - - - - - - - - - - - -
# query HMM file:                  ../HMMs/combined_nif_04012025.hmm
# target sequence database:        ../all_rep_proteins_aa/bacteria/RS_GCF_018274325.1_protein.faa
# - - - - - - - - - - - - - - - - - - - - - - - - - - - - - - - - - - - -

Query:       nifH-03292025  [M=327]
Scores for complete sequences (score includes all domains):
   --- full sequence ---   --- best 1 domain ---    -#dom-
    E-value  score  bias    E-value  score  bias    exp  N  Sequence                Description
    ------- ------ -----    ------- ------ -----   ---- --  --------                -----------
     0.0035   11.7   0.1     0.0073   10.6   0.1    1.6  1  NZ_JAGVRH010000001.1_23  # 24995 # 26053 # 1 # ID=1_23;partia
     0.0056   11.0   1.1      0.013    9.8   0.1    2.0  2  NZ_JAGVRH010000003.1_40  # 22837 # 23520 # 1 # ID=23_40;parti


Domain annotation for each sequence (and alignments):
>> NZ_JAGVRH010000001.1_23  # 24995 # 26053 # 1 # ID=1_23;partial=00;start_type=ATG;rbs_motif=GGAG/GAGG;rbs_spacer=5-10b
   #    score  bias  c-Evalue  i-Evalue hmmfrom  hmm to    alifrom  ali to    envfrom  env to     acc
 ---   ------ ----- --------- --------- ------- -------    ------- -------    ------- -------    ----
   1 !   10.6   0.1   2.5e-05    0.0073      15      46 ..     148     179 ..     137     219 .. 0.88

  Alignments for each domain:
  == domain 1  score: 10.6 bits;  conditional E-value: 2.5e-05
            nifH-03292025  15 YGKGGiGKSttasnlsaalaeegkkvlivGCd 46 
                               G  G+GK tt  +++  l ++gkkvl +  d
  NZ_JAGVRH010000001.1_23 148 IGVNGVGKTTTIGKMAIKLKNKGKKVLLIAGD 179
                              5888***********************98655 PP

>> NZ_JAGVRH010000003.1_40  # 22837 # 23520 # 1 # ID=23_40;partial=00;start_type=ATG;rbs_motif=AGGAG/GGAGG;rbs_spacer=11
   #    score  bias  c-Evalue  i-Evalue hmmfrom  hmm to    alifrom  ali to    envfrom  env to     acc
 ---   ------ ----- --------- --------- ------- -------    ------- -------    ------- -------    ----
   1 !    9.8   0.1   4.5e-05     0.013      10      34 ..       4      28 ..       1      34 [. 0.88
   2 ?    0.1   0.1     0.039        11     271     271 ..     156     156 ..      29     217 .. 0.61

  Alignments for each domain:
  == domain 1  score: 9.8 bits;  conditional E-value: 4.5e-05
            nifH-03292025 10 rkiAiYGKGGiGKSttasnlsaala 34
                              k+Ai G +G GKSt++++ls+ l 
  NZ_JAGVRH010000003.1_40  4 FKLAIDGPAGAGKSTISQKLSYKLG 28
                             689*****************99885 PP

  == domain 2  score: 0.1 bits;  conditional E-value: 0.039
            nifH-03292025 271 e 271
                              e
  NZ_JAGVRH010000003.1_40 156 E 156
                              1 PP



Internal pipeline statistics summary:
-------------------------------------
Query model(s):                            1  (327 nodes)
Target sequences:                        594  (155265 residues searched)
Passed MSV filter:                        72  (0.121212); expected 11.9 (0.02)
Passed bias filter:                       46  (0.0774411); expected 11.9 (0.02)
Passed Vit filter:                         7  (0.0117845); expected 0.6 (0.001)
Passed Fwd filter:                         3  (0.00505051); expected 0.0 (1e-05)
Initial search space (Z):                594  [actual number of targets]
Domain search space  (domZ):               2  [number of targets reported over threshold]
# CPU time: 0.02u 0.00s 00:00:00.02 Elapsed: 00:00:00.02
# Mc/sec: 2286.67
//
Query:       nifD-03292025  [M=482]
Scores for complete sequences (score includes all domains):
   --- full sequence ---   --- best 1 domain ---    -#dom-
    E-value  score  bias    E-value  score  bias    exp  N  Sequence Description
    ------- ------ -----    ------- ------ -----   ---- --  -------- -----------

   [No hits detected that satisfy reporting thresholds]


Domain annotation for each sequence (and alignments):

   [No targets detected that satisfy reporting thresholds]


Internal pipeline statistics summary:
-------------------------------------
Query model(s):                            1  (482 nodes)
Target sequences:                        594  (155265 residues searched)
Passed MSV filter:                        35  (0.0589226); expected 11.9 (0.02)
Passed bias filter:                       10  (0.016835); expected 11.9 (0.02)
Passed Vit filter:                         1  (0.0016835); expected 0.6 (0.001)
Passed Fwd filter:                         0  (0); expected 0.0 (1e-05)
Initial search space (Z):                594  [actual number of targets]
Domain search space  (domZ):               0  [number of targets reported over threshold]
# CPU time: 0.01u 0.00s 00:00:00.01 Elapsed: 00:00:00.00
# Mc/sec: 15734.66
//
Query:       nifK-03292025  [M=490]
Scores for complete sequences (score includes all domains):
   --- full sequence ---   --- best 1 domain ---    -#dom-
    E-value  score  bias    E-value  score  bias    exp  N  Sequence Description
    ------- ------ -----    ------- ------ -----   ---- --  -------- -----------

   [No hits detected that satisfy reporting thresholds]


Domain annotation for each sequence (and alignments):

   [No targets detected that satisfy reporting thresholds]


Internal pipeline statistics summary:
-------------------------------------
Query model(s):                            1  (490 nodes)
Target sequences:                        594  (155265 residues searched)
Passed MSV filter:                        26  (0.043771); expected 11.9 (0.02)
Passed bias filter:                        7  (0.0117845); expected 11.9 (0.02)
Passed Vit filter:                         0  (0); expected 0.6 (0.001)
Passed Fwd filter:                         0  (0); expected 0.0 (1e-05)
Initial search space (Z):                594  [actual number of targets]
Domain search space  (domZ):               0  [number of targets reported over threshold]
# CPU time: 0.01u 0.00s 00:00:00.01 Elapsed: 00:00:00.00
# Mc/sec: 17086.20
//
Query:       nifB-03292025  [M=505]
Scores for complete sequences (score includes all domains):
   --- full sequence ---   --- best 1 domain ---    -#dom-
    E-value  score  bias    E-value  score  bias    exp  N  Sequence Description
    ------- ------ -----    ------- ------ -----   ---- --  -------- -----------

   [No hits detected that satisfy reporting thresholds]


Domain annotation for each sequence (and alignments):

   [No targets detected that satisfy reporting thresholds]


Internal pipeline statistics summary:
-------------------------------------
Query model(s):                            1  (505 nodes)
Target sequences:                        594  (155265 residues searched)
Passed MSV filter:                        29  (0.0488215); expected 11.9 (0.02)
Passed bias filter:                       13  (0.0218855); expected 11.9 (0.02)
Passed Vit filter:                         1  (0.0016835); expected 0.6 (0.001)
Passed Fwd filter:                         0  (0); expected 0.0 (1e-05)
Initial search space (Z):                594  [actual number of targets]
Domain search space  (domZ):               0  [number of targets reported over threshold]
# CPU time: 0.00u 0.00s 00:00:00.00 Elapsed: 00:00:00.00
# Mc/sec: 15094.82
//
Query:       nifE-03292025  [M=556]
Scores for complete sequences (score includes all domains):
   --- full sequence ---   --- best 1 domain ---    -#dom-
    E-value  score  bias    E-value  score  bias    exp  N  Sequence Description
    ------- ------ -----    ------- ------ -----   ---- --  -------- -----------

   [No hits detected that satisfy reporting thresholds]


Domain annotation for each sequence (and alignments):

   [No targets detected that satisfy reporting thresholds]


Internal pipeline statistics summary:
-------------------------------------
Query model(s):                            1  (556 nodes)
Target sequences:                        594  (155265 residues searched)
Passed MSV filter:                        38  (0.0639731); expected 11.9 (0.02)
Passed bias filter:                       15  (0.0252525); expected 11.9 (0.02)
Passed Vit filter:                         0  (0); expected 0.6 (0.001)
Passed Fwd filter:                         0  (0); expected 0.0 (1e-05)
Initial search space (Z):                594  [actual number of targets]
Domain search space  (domZ):               0  [number of targets reported over threshold]
# CPU time: 0.00u 0.00s 00:00:00.00 Elapsed: 00:00:00.00
# Mc/sec: 14749.40
//
Query:       nifN-03292025  [M=700]
Scores for complete sequences (score includes all domains):
   --- full sequence ---   --- best 1 domain ---    -#dom-
    E-value  score  bias    E-value  score  bias    exp  N  Sequence Description
    ------- ------ -----    ------- ------ -----   ---- --  -------- -----------

   [No hits detected that satisfy reporting thresholds]


Domain annotation for each sequence (and alignments):

   [No targets detected that satisfy reporting thresholds]


Internal pipeline statistics summary:
-------------------------------------
Query model(s):                            1  (700 nodes)
Target sequences:                        594  (155265 residues searched)
Passed MSV filter:                        33  (0.0555556); expected 11.9 (0.02)
Passed bias filter:                       22  (0.037037); expected 11.9 (0.02)
Passed Vit filter:                         1  (0.0016835); expected 0.6 (0.001)
Passed Fwd filter:                         0  (0); expected 0.0 (1e-05)
Initial search space (Z):                594  [actual number of targets]
Domain search space  (domZ):               0  [number of targets reported over threshold]
# CPU time: 0.01u 0.00s 00:00:00.01 Elapsed: 00:00:00.00
# Mc/sec: 12287.30
//
Query:       pchlide-04012025  [M=508]
Scores for complete sequences (score includes all domains):
   --- full sequence ---   --- best 1 domain ---    -#dom-
    E-value  score  bias    E-value  score  bias    exp  N  Sequence Description
    ------- ------ -----    ------- ------ -----   ---- --  -------- -----------

   [No hits detected that satisfy reporting thresholds]


Domain annotation for each sequence (and alignments):

   [No targets detected that satisfy reporting thresholds]


Internal pipeline statistics summary:
-------------------------------------
Query model(s):                            1  (508 nodes)
Target sequences:                        594  (155265 residues searched)
Passed MSV filter:                        28  (0.047138); expected 11.9 (0.02)
Passed bias filter:                       14  (0.023569); expected 11.9 (0.02)
Passed Vit filter:                         2  (0.003367); expected 0.6 (0.001)
Passed Fwd filter:                         0  (0); expected 0.0 (1e-05)
Initial search space (Z):                594  [actual number of targets]
Domain search space  (domZ):               0  [number of targets reported over threshold]
# CPU time: 0.01u 0.00s 00:00:00.01 Elapsed: 00:00:00.00
# Mc/sec: 15281.80
//
[ok]
# hmmsearch :: search profile(s) against a sequence database
# HMMER 3.4 (Aug 2023); http://hmmer.org/
# Copyright (C) 2023 Howard Hughes Medical Institute.
# Freely distributed under the BSD open source license.
# - - - - - - - - - - - - - - - - - - - - - - - - - - - - - - - - - - - -
# query HMM file:                  ../HMMs/nifV_07242025.hmm
# target sequence database:        ../all_rep_proteins_aa/bacteria/RS_GCF_018274325.1_protein.faa
# - - - - - - - - - - - - - - - - - - - - - - - - - - - - - - - - - - - -

Query:       nifV-07242025  [M=437]
Scores for complete sequences (score includes all domains):
   --- full sequence ---   --- best 1 domain ---    -#dom-
    E-value  score  bias    E-value  score  bias    exp  N  Sequence Description
    ------- ------ -----    ------- ------ -----   ---- --  -------- -----------

   [No hits detected that satisfy reporting thresholds]


Domain annotation for each sequence (and alignments):

   [No targets detected that satisfy reporting thresholds]


Internal pipeline statistics summary:
-------------------------------------
Query model(s):                            1  (437 nodes)
Target sequences:                        594  (155265 residues searched)
Passed MSV filter:                        15  (0.0252525); expected 11.9 (0.02)
Passed bias filter:                       11  (0.0185185); expected 11.9 (0.02)
Passed Vit filter:                         1  (0.0016835); expected 0.6 (0.001)
Passed Fwd filter:                         0  (0); expected 0.0 (1e-05)
Initial search space (Z):                594  [actual number of targets]
Domain search space  (domZ):               0  [number of targets reported over threshold]
# CPU time: 0.00u 0.00s 00:00:00.00 Elapsed: 00:00:00.00
# Mc/sec: 15121.06
//
[ok]
