# hmmsearch :: search profile(s) against a sequence database
# HMMER 3.4 (Aug 2023); http://hmmer.org/
# Copyright (C) 2023 Howard Hughes Medical Institute.
# Freely distributed under the BSD open source license.
# - - - - - - - - - - - - - - - - - - - - - - - - - - - - - - - - - - - -
# query HMM file:                  ../HMMs/combined_nif_04012025.hmm
# target sequence database:        ../all_rep_proteins_aa/bacteria/RS_GCF_000013185.1_protein.faa
# - - - - - - - - - - - - - - - - - - - - - - - - - - - - - - - - - - - -

Query:       nifH-03292025  [M=327]
Scores for complete sequences (score includes all domains):
   --- full sequence ---   --- best 1 domain ---    -#dom-
    E-value  score  bias    E-value  score  bias    exp  N  Sequence        Description
    ------- ------ -----    ------- ------ -----   ---- --  --------        -----------
    1.6e-05   19.4   0.0    0.00032   15.1   0.1    2.3  2  NC_007984.1_418  # 460142 # 460954 # 1 # ID=1_418;partial=00;


Domain annotation for each sequence (and alignments):
>> NC_007984.1_418  # 460142 # 460954 # 1 # ID=1_418;partial=00;start_type=ATG;rbs_motif=AGGA;rbs_spacer=5-10bp;gc_cont=
   #    score  bias  c-Evalue  i-Evalue hmmfrom  hmm to    alifrom  ali to    envfrom  env to     acc
 ---   ------ ----- --------- --------- ------- -------    ------- -------    ------- -------    ----
   1 !   15.1   0.1   5.3e-07   0.00032      15      43 ..       9      37 ..       1      76 [. 0.88
   2 !    1.7   0.0    0.0061       3.7     200     253 ..     195     247 ..     183     263 .. 0.82

  Alignments for each domain:
  == domain 1  score: 15.1 bits;  conditional E-value: 5.3e-07
    nifH-03292025 15 YGKGGiGKSttasnlsaalaeegkkvliv 43
                      GKGG+GK t ++ l++ la++++k +++
  NC_007984.1_418  9 SGKGGVGKTTSSAALATGLASKNHKTVVI 37
                     5********************99998877 PP

  == domain 2  score: 1.7 bits;  conditional E-value: 0.0061
    nifH-03292025 200 lveefaeklgtqiiafvprsnevqkaelekktvieaapdseqakeyreLakkil 253
                       ++++++ l++ ++  +p+++ v ++  ++k vi  ++ds++ k+y+++ +++l
  NC_007984.1_418 195 SMKDIVDILRIPLLGVIPEDQSVLRCSNQGKPVI-LDKDSNAGKAYSDMVDRLL 247
                      5677888899999*******************99.5778899999999887775 PP



Internal pipeline statistics summary:
-------------------------------------
Query model(s):                            1  (327 nodes)
Target sequences:                        607  (198427 residues searched)
Passed MSV filter:                        42  (0.0691928); expected 12.1 (0.02)
Passed bias filter:                       30  (0.0494234); expected 12.1 (0.02)
Passed Vit filter:                         4  (0.00658979); expected 0.6 (0.001)
Passed Fwd filter:                         1  (0.00164745); expected 0.0 (1e-05)
Initial search space (Z):                607  [actual number of targets]
Domain search space  (domZ):               1  [number of targets reported over threshold]
# CPU time: 0.01u 0.00s 00:00:00.01 Elapsed: 00:00:00.01
# Mc/sec: 6066.40
//
Query:       nifD-03292025  [M=482]
Scores for complete sequences (score includes all domains):
   --- full sequence ---   --- best 1 domain ---    -#dom-
    E-value  score  bias    E-value  score  bias    exp  N  Sequence Description
    ------- ------ -----    ------- ------ -----   ---- --  -------- -----------

   [No hits detected that satisfy reporting thresholds]


Domain annotation for each sequence (and alignments):

   [No targets detected that satisfy reporting thresholds]


Internal pipeline statistics summary:
-------------------------------------
Query model(s):                            1  (482 nodes)
Target sequences:                        607  (198427 residues searched)
Passed MSV filter:                        19  (0.0313015); expected 12.1 (0.02)
Passed bias filter:                       16  (0.0263591); expected 12.1 (0.02)
Passed Vit filter:                         2  (0.00329489); expected 0.6 (0.001)
Passed Fwd filter:                         0  (0); expected 0.0 (1e-05)
Initial search space (Z):                607  [actual number of targets]
Domain search space  (domZ):               0  [number of targets reported over threshold]
# CPU time: 0.01u 0.00s 00:00:00.01 Elapsed: 00:00:00.00
# Mc/sec: 14326.84
//
Query:       nifK-03292025  [M=490]
Scores for complete sequences (score includes all domains):
   --- full sequence ---   --- best 1 domain ---    -#dom-
    E-value  score  bias    E-value  score  bias    exp  N  Sequence Description
    ------- ------ -----    ------- ------ -----   ---- --  -------- -----------

   [No hits detected that satisfy reporting thresholds]


Domain annotation for each sequence (and alignments):

   [No targets detected that satisfy reporting thresholds]


Internal pipeline statistics summary:
-------------------------------------
Query model(s):                            1  (490 nodes)
Target sequences:                        607  (198427 residues searched)
Passed MSV filter:                        15  (0.0247117); expected 12.1 (0.02)
Passed bias filter:                       12  (0.0197694); expected 12.1 (0.02)
Passed Vit filter:                         1  (0.00164745); expected 0.6 (0.001)
Passed Fwd filter:                         0  (0); expected 0.0 (1e-05)
Initial search space (Z):                607  [actual number of targets]
Domain search space  (domZ):               0  [number of targets reported over threshold]
# CPU time: 0.01u 0.00s 00:00:00.01 Elapsed: 00:00:00.00
# Mc/sec: 16096.02
//
Query:       nifB-03292025  [M=505]
Scores for complete sequences (score includes all domains):
   --- full sequence ---   --- best 1 domain ---    -#dom-
    E-value  score  bias    E-value  score  bias    exp  N  Sequence        Description
    ------- ------ -----    ------- ------ -----   ---- --  --------        -----------
    0.00052   13.7   3.9     0.0036   10.9   0.9    2.2  2  NC_007984.1_551  # 619235 # 620254 # 1 # ID=1_551;partial=00;


Domain annotation for each sequence (and alignments):
>> NC_007984.1_551  # 619235 # 620254 # 1 # ID=1_551;partial=00;start_type=ATG;rbs_motif=None;rbs_spacer=None;gc_cont=0.
   #    score  bias  c-Evalue  i-Evalue hmmfrom  hmm to    alifrom  ali to    envfrom  env to     acc
 ---   ------ ----- --------- --------- ------- -------    ------- -------    ------- -------    ----
   1 !   10.9   0.9     6e-06    0.0036      73      98 ..     107     132 ..      92     141 .. 0.93
   2 !    3.5   0.1    0.0011      0.65     230     269 ..     238     279 ..     217     315 .. 0.73

  Alignments for each domain:
  == domain 1  score: 10.9 bits;  conditional E-value: 6e-06
    nifB-03292025  73 hhkfaRmHvavApaCNiqCnyCnRky 98 
                      h+++ R  + v + C i+C+yC R+y
  NC_007984.1_551 107 HKYYNRAILLVKSGCAINCRYCFRRY 132
                      999*********************98 PP

  == domain 2  score: 3.5 bits;  conditional E-value: 0.0011
    nifB-03292025 230 legleklaergvlvKvNsvlipgvNdeh..lvevakkvkekg 269
                      +++++kl +++v+    svl+ g+Nd+   l+ ++ ++ + g
  NC_007984.1_551 238 QKSIAKLRNKQVTLLNQSVLLRGINDNAqiLATLSETLFSIG 279
                      57999*********999********97422555555555555 PP



Internal pipeline statistics summary:
-------------------------------------
Query model(s):                            1  (505 nodes)
Target sequences:                        607  (198427 residues searched)
Passed MSV filter:                        25  (0.0411862); expected 12.1 (0.02)
Passed bias filter:                       20  (0.0329489); expected 12.1 (0.02)
Passed Vit filter:                         4  (0.00658979); expected 0.6 (0.001)
Passed Fwd filter:                         1  (0.00164745); expected 0.0 (1e-05)
Initial search space (Z):                607  [actual number of targets]
Domain search space  (domZ):               1  [number of targets reported over threshold]
# CPU time: 0.01u 0.00s 00:00:00.01 Elapsed: 00:00:00.01
# Mc/sec: 8949.35
//
Query:       nifE-03292025  [M=556]
Scores for complete sequences (score includes all domains):
   --- full sequence ---   --- best 1 domain ---    -#dom-
    E-value  score  bias    E-value  score  bias    exp  N  Sequence Description
    ------- ------ -----    ------- ------ -----   ---- --  -------- -----------

   [No hits detected that satisfy reporting thresholds]


Domain annotation for each sequence (and alignments):

   [No targets detected that satisfy reporting thresholds]


Internal pipeline statistics summary:
-------------------------------------
Query model(s):                            1  (556 nodes)
Target sequences:                        607  (198427 residues searched)
Passed MSV filter:                        31  (0.0510708); expected 12.1 (0.02)
Passed bias filter:                       19  (0.0313015); expected 12.1 (0.02)
Passed Vit filter:                         0  (0); expected 0.6 (0.001)
Passed Fwd filter:                         0  (0); expected 0.0 (1e-05)
Initial search space (Z):                607  [actual number of targets]
Domain search space  (domZ):               0  [number of targets reported over threshold]
# CPU time: 0.01u 0.00s 00:00:00.01 Elapsed: 00:00:00.00
# Mc/sec: 16299.20
//
Query:       nifN-03292025  [M=700]
Scores for complete sequences (score includes all domains):
   --- full sequence ---   --- best 1 domain ---    -#dom-
    E-value  score  bias    E-value  score  bias    exp  N  Sequence Description
    ------- ------ -----    ------- ------ -----   ---- --  -------- -----------

   [No hits detected that satisfy reporting thresholds]


Domain annotation for each sequence (and alignments):

   [No targets detected that satisfy reporting thresholds]


Internal pipeline statistics summary:
-------------------------------------
Query model(s):                            1  (700 nodes)
Target sequences:                        607  (198427 residues searched)
Passed MSV filter:                        23  (0.0378913); expected 12.1 (0.02)
Passed bias filter:                       18  (0.029654); expected 12.1 (0.02)
Passed Vit filter:                         1  (0.00164745); expected 0.6 (0.001)
Passed Fwd filter:                         0  (0); expected 0.0 (1e-05)
Initial search space (Z):                607  [actual number of targets]
Domain search space  (domZ):               0  [number of targets reported over threshold]
# CPU time: 0.00u 0.00s 00:00:00.00 Elapsed: 00:00:00.00
# Mc/sec: 16294.73
//
Query:       pchlide-04012025  [M=508]
Scores for complete sequences (score includes all domains):
   --- full sequence ---   --- best 1 domain ---    -#dom-
    E-value  score  bias    E-value  score  bias    exp  N  Sequence Description
    ------- ------ -----    ------- ------ -----   ---- --  -------- -----------

   [No hits detected that satisfy reporting thresholds]


Domain annotation for each sequence (and alignments):

   [No targets detected that satisfy reporting thresholds]


Internal pipeline statistics summary:
-------------------------------------
Query model(s):                            1  (508 nodes)
Target sequences:                        607  (198427 residues searched)
Passed MSV filter:                        23  (0.0378913); expected 12.1 (0.02)
Passed bias filter:                       19  (0.0313015); expected 12.1 (0.02)
Passed Vit filter:                         2  (0.00329489); expected 0.6 (0.001)
Passed Fwd filter:                         0  (0); expected 0.0 (1e-05)
Initial search space (Z):                607  [actual number of targets]
Domain search space  (domZ):               0  [number of targets reported over threshold]
# CPU time: 0.00u 0.00s 00:00:00.00 Elapsed: 00:00:00.00
# Mc/sec: 14654.55
//
[ok]
# hmmsearch :: search profile(s) against a sequence database
# HMMER 3.4 (Aug 2023); http://hmmer.org/
# Copyright (C) 2023 Howard Hughes Medical Institute.
# Freely distributed under the BSD open source license.
# - - - - - - - - - - - - - - - - - - - - - - - - - - - - - - - - - - - -
# query HMM file:                  ../HMMs/nifV_07242025.hmm
# target sequence database:        ../all_rep_proteins_aa/bacteria/RS_GCF_000013185.1_protein.faa
# - - - - - - - - - - - - - - - - - - - - - - - - - - - - - - - - - - - -

Query:       nifV-07242025  [M=437]
Scores for complete sequences (score includes all domains):
   --- full sequence ---   --- best 1 domain ---    -#dom-
    E-value  score  bias    E-value  score  bias    exp  N  Sequence Description
    ------- ------ -----    ------- ------ -----   ---- --  -------- -----------

   [No hits detected that satisfy reporting thresholds]


Domain annotation for each sequence (and alignments):

   [No targets detected that satisfy reporting thresholds]


Internal pipeline statistics summary:
-------------------------------------
Query model(s):                            1  (437 nodes)
Target sequences:                        607  (198427 residues searched)
Passed MSV filter:                        28  (0.0461285); expected 12.1 (0.02)
Passed bias filter:                       16  (0.0263591); expected 12.1 (0.02)
Passed Vit filter:                         1  (0.00164745); expected 0.6 (0.001)
Passed Fwd filter:                         0  (0); expected 0.0 (1e-05)
Initial search space (Z):                607  [actual number of targets]
Domain search space  (domZ):               0  [number of targets reported over threshold]
# CPU time: 0.00u 0.00s 00:00:00.00 Elapsed: 00:00:00.00
# Mc/sec: 15710.23
//
[ok]
